[2024-10-21T08:38:36.644-0300] {processor.py:161} INFO - Started process (PID=6636) to work on /home/beatriz/Documentos/airflow/dags/dag2.py
[2024-10-21T08:38:36.645-0300] {processor.py:830} INFO - Processing file /home/beatriz/Documentos/airflow/dags/dag2.py for tasks to queue
[2024-10-21T08:38:36.647-0300] {logging_mixin.py:188} INFO - [2024-10-21T08:38:36.647-0300] {dagbag.py:540} INFO - Filling up the DagBag from /home/beatriz/Documentos/airflow/dags/dag2.py
[2024-10-21T08:38:36.651-0300] {logging_mixin.py:188} INFO - [2024-10-21T08:38:36.650-0300] {dagbag.py:350} ERROR - Failed to import: /home/beatriz/Documentos/airflow/dags/dag2.py
Traceback (most recent call last):
  File "/home/beatriz/Documentos/airflow/airflow_venv/lib/python3.10/site-packages/airflow/models/dagbag.py", line 346, in parse
    loader.exec_module(new_module)
  File "<frozen importlib._bootstrap_external>", line 883, in exec_module
  File "<frozen importlib._bootstrap>", line 241, in _call_with_frames_removed
  File "/home/beatriz/Documentos/airflow/dags/dag2.py", line 4, in <module>
    from dags.tarefas.tarefas import passo1_bronze, passo2_silver, passo3_gold
ModuleNotFoundError: No module named 'dags'
[2024-10-21T08:38:36.651-0300] {processor.py:842} WARNING - No viable dags retrieved from /home/beatriz/Documentos/airflow/dags/dag2.py
[2024-10-21T08:38:36.669-0300] {processor.py:183} INFO - Processing /home/beatriz/Documentos/airflow/dags/dag2.py took 0.031 seconds
[2024-10-21T08:39:31.031-0300] {processor.py:161} INFO - Started process (PID=7095) to work on /home/beatriz/Documentos/airflow/dags/dag2.py
[2024-10-21T08:39:31.034-0300] {processor.py:830} INFO - Processing file /home/beatriz/Documentos/airflow/dags/dag2.py for tasks to queue
[2024-10-21T08:39:31.038-0300] {logging_mixin.py:188} INFO - [2024-10-21T08:39:31.037-0300] {dagbag.py:540} INFO - Filling up the DagBag from /home/beatriz/Documentos/airflow/dags/dag2.py
[2024-10-21T08:39:31.044-0300] {logging_mixin.py:188} INFO - [2024-10-21T08:39:31.042-0300] {dagbag.py:350} ERROR - Failed to import: /home/beatriz/Documentos/airflow/dags/dag2.py
Traceback (most recent call last):
  File "/home/beatriz/Documentos/airflow/airflow_venv/lib/python3.10/site-packages/airflow/models/dagbag.py", line 346, in parse
    loader.exec_module(new_module)
  File "<frozen importlib._bootstrap_external>", line 883, in exec_module
  File "<frozen importlib._bootstrap>", line 241, in _call_with_frames_removed
  File "/home/beatriz/Documentos/airflow/dags/dag2.py", line 4, in <module>
    from dags.tarefas.tarefas import passo1_bronze, passo2_silver, passo3_gold
ModuleNotFoundError: No module named 'dags'
[2024-10-21T08:39:31.044-0300] {processor.py:842} WARNING - No viable dags retrieved from /home/beatriz/Documentos/airflow/dags/dag2.py
[2024-10-21T08:39:31.063-0300] {processor.py:183} INFO - Processing /home/beatriz/Documentos/airflow/dags/dag2.py took 0.044 seconds
[2024-10-21T08:40:27.104-0300] {processor.py:161} INFO - Started process (PID=7267) to work on /home/beatriz/Documentos/airflow/dags/dag2.py
[2024-10-21T08:40:27.106-0300] {processor.py:830} INFO - Processing file /home/beatriz/Documentos/airflow/dags/dag2.py for tasks to queue
[2024-10-21T08:40:27.108-0300] {logging_mixin.py:188} INFO - [2024-10-21T08:40:27.108-0300] {dagbag.py:540} INFO - Filling up the DagBag from /home/beatriz/Documentos/airflow/dags/dag2.py
[2024-10-21T08:40:27.113-0300] {logging_mixin.py:188} INFO - [2024-10-21T08:40:27.112-0300] {dagbag.py:350} ERROR - Failed to import: /home/beatriz/Documentos/airflow/dags/dag2.py
Traceback (most recent call last):
  File "/home/beatriz/Documentos/airflow/airflow_venv/lib/python3.10/site-packages/airflow/models/dagbag.py", line 346, in parse
    loader.exec_module(new_module)
  File "<frozen importlib._bootstrap_external>", line 883, in exec_module
  File "<frozen importlib._bootstrap>", line 241, in _call_with_frames_removed
  File "/home/beatriz/Documentos/airflow/dags/dag2.py", line 4, in <module>
    from dags.tarefas.tarefas import passo1_bronze, passo2_silver, passo3_gold
ModuleNotFoundError: No module named 'dags'
[2024-10-21T08:40:27.114-0300] {processor.py:842} WARNING - No viable dags retrieved from /home/beatriz/Documentos/airflow/dags/dag2.py
[2024-10-21T08:40:27.133-0300] {processor.py:183} INFO - Processing /home/beatriz/Documentos/airflow/dags/dag2.py took 0.038 seconds
[2024-10-21T08:41:12.661-0300] {processor.py:161} INFO - Started process (PID=7422) to work on /home/beatriz/Documentos/airflow/dags/dag2.py
[2024-10-21T08:41:12.664-0300] {processor.py:830} INFO - Processing file /home/beatriz/Documentos/airflow/dags/dag2.py for tasks to queue
[2024-10-21T08:41:12.667-0300] {logging_mixin.py:188} INFO - [2024-10-21T08:41:12.666-0300] {dagbag.py:540} INFO - Filling up the DagBag from /home/beatriz/Documentos/airflow/dags/dag2.py
[2024-10-21T08:41:12.671-0300] {logging_mixin.py:188} INFO - [2024-10-21T08:41:12.670-0300] {dagbag.py:350} ERROR - Failed to import: /home/beatriz/Documentos/airflow/dags/dag2.py
Traceback (most recent call last):
  File "/home/beatriz/Documentos/airflow/airflow_venv/lib/python3.10/site-packages/airflow/models/dagbag.py", line 346, in parse
    loader.exec_module(new_module)
  File "<frozen importlib._bootstrap_external>", line 883, in exec_module
  File "<frozen importlib._bootstrap>", line 241, in _call_with_frames_removed
  File "/home/beatriz/Documentos/airflow/dags/dag2.py", line 4, in <module>
    from dags.tarefas.tarefas import passo1_bronze, passo2_silver, passo3_gold
ModuleNotFoundError: No module named 'dags'
[2024-10-21T08:41:12.672-0300] {processor.py:842} WARNING - No viable dags retrieved from /home/beatriz/Documentos/airflow/dags/dag2.py
[2024-10-21T08:41:12.693-0300] {processor.py:183} INFO - Processing /home/beatriz/Documentos/airflow/dags/dag2.py took 0.040 seconds
[2024-10-21T08:41:36.747-0300] {processor.py:161} INFO - Started process (PID=13995) to work on /home/beatriz/Documentos/airflow/dags/dag2.py
[2024-10-21T08:41:36.750-0300] {processor.py:830} INFO - Processing file /home/beatriz/Documentos/airflow/dags/dag2.py for tasks to queue
[2024-10-21T08:41:36.752-0300] {logging_mixin.py:188} INFO - [2024-10-21T08:41:36.751-0300] {dagbag.py:540} INFO - Filling up the DagBag from /home/beatriz/Documentos/airflow/dags/dag2.py
[2024-10-21T08:41:36.756-0300] {logging_mixin.py:188} INFO - [2024-10-21T08:41:36.755-0300] {dagbag.py:350} ERROR - Failed to import: /home/beatriz/Documentos/airflow/dags/dag2.py
Traceback (most recent call last):
  File "/home/beatriz/Documentos/airflow/airflow_venv/lib/python3.10/site-packages/airflow/models/dagbag.py", line 346, in parse
    loader.exec_module(new_module)
  File "<frozen importlib._bootstrap_external>", line 883, in exec_module
  File "<frozen importlib._bootstrap>", line 241, in _call_with_frames_removed
  File "/home/beatriz/Documentos/airflow/dags/dag2.py", line 4, in <module>
    from dags.tarefas import passo1_bronze, passo2_silver, passo3_gold
ModuleNotFoundError: No module named 'dags'
[2024-10-21T08:41:36.757-0300] {processor.py:842} WARNING - No viable dags retrieved from /home/beatriz/Documentos/airflow/dags/dag2.py
[2024-10-21T08:41:36.777-0300] {processor.py:183} INFO - Processing /home/beatriz/Documentos/airflow/dags/dag2.py took 0.036 seconds
[2024-10-21T08:42:30.441-0300] {processor.py:161} INFO - Started process (PID=14368) to work on /home/beatriz/Documentos/airflow/dags/dag2.py
[2024-10-21T08:42:30.443-0300] {processor.py:830} INFO - Processing file /home/beatriz/Documentos/airflow/dags/dag2.py for tasks to queue
[2024-10-21T08:42:30.445-0300] {logging_mixin.py:188} INFO - [2024-10-21T08:42:30.444-0300] {dagbag.py:540} INFO - Filling up the DagBag from /home/beatriz/Documentos/airflow/dags/dag2.py
[2024-10-21T08:42:30.449-0300] {logging_mixin.py:188} INFO - [2024-10-21T08:42:30.448-0300] {dagbag.py:350} ERROR - Failed to import: /home/beatriz/Documentos/airflow/dags/dag2.py
Traceback (most recent call last):
  File "/home/beatriz/Documentos/airflow/airflow_venv/lib/python3.10/site-packages/airflow/models/dagbag.py", line 346, in parse
    loader.exec_module(new_module)
  File "<frozen importlib._bootstrap_external>", line 883, in exec_module
  File "<frozen importlib._bootstrap>", line 241, in _call_with_frames_removed
  File "/home/beatriz/Documentos/airflow/dags/dag2.py", line 4, in <module>
    from tarefas import passo1_bronze, passo2_silver, passo3_gold
ImportError: cannot import name 'passo1_bronze' from 'tarefas' (unknown location)
[2024-10-21T08:42:30.449-0300] {processor.py:842} WARNING - No viable dags retrieved from /home/beatriz/Documentos/airflow/dags/dag2.py
[2024-10-21T08:42:30.470-0300] {processor.py:183} INFO - Processing /home/beatriz/Documentos/airflow/dags/dag2.py took 0.034 seconds
[2024-10-21T08:42:53.883-0300] {processor.py:161} INFO - Started process (PID=14596) to work on /home/beatriz/Documentos/airflow/dags/dag2.py
[2024-10-21T08:42:53.885-0300] {processor.py:830} INFO - Processing file /home/beatriz/Documentos/airflow/dags/dag2.py for tasks to queue
[2024-10-21T08:42:53.887-0300] {logging_mixin.py:188} INFO - [2024-10-21T08:42:53.886-0300] {dagbag.py:540} INFO - Filling up the DagBag from /home/beatriz/Documentos/airflow/dags/dag2.py
[2024-10-21T08:42:53.892-0300] {logging_mixin.py:188} INFO - [2024-10-21T08:42:53.890-0300] {dagbag.py:350} ERROR - Failed to import: /home/beatriz/Documentos/airflow/dags/dag2.py
Traceback (most recent call last):
  File "/home/beatriz/Documentos/airflow/airflow_venv/lib/python3.10/site-packages/airflow/models/dagbag.py", line 346, in parse
    loader.exec_module(new_module)
  File "<frozen importlib._bootstrap_external>", line 883, in exec_module
  File "<frozen importlib._bootstrap>", line 241, in _call_with_frames_removed
  File "/home/beatriz/Documentos/airflow/dags/dag2.py", line 4, in <module>
    from dags.tarefas.tarefas import passo1_bronze, passo2_silver, passo3_gold
ModuleNotFoundError: No module named 'dags'
[2024-10-21T08:42:53.893-0300] {processor.py:842} WARNING - No viable dags retrieved from /home/beatriz/Documentos/airflow/dags/dag2.py
[2024-10-21T08:42:53.924-0300] {processor.py:183} INFO - Processing /home/beatriz/Documentos/airflow/dags/dag2.py took 0.048 seconds
[2024-10-21T08:43:37.999-0300] {processor.py:161} INFO - Started process (PID=14812) to work on /home/beatriz/Documentos/airflow/dags/dag2.py
[2024-10-21T08:43:38.002-0300] {processor.py:830} INFO - Processing file /home/beatriz/Documentos/airflow/dags/dag2.py for tasks to queue
[2024-10-21T08:43:38.005-0300] {logging_mixin.py:188} INFO - [2024-10-21T08:43:38.005-0300] {dagbag.py:540} INFO - Filling up the DagBag from /home/beatriz/Documentos/airflow/dags/dag2.py
[2024-10-21T08:43:38.012-0300] {logging_mixin.py:188} INFO - [2024-10-21T08:43:38.010-0300] {dagbag.py:350} ERROR - Failed to import: /home/beatriz/Documentos/airflow/dags/dag2.py
Traceback (most recent call last):
  File "/home/beatriz/Documentos/airflow/airflow_venv/lib/python3.10/site-packages/airflow/models/dagbag.py", line 346, in parse
    loader.exec_module(new_module)
  File "<frozen importlib._bootstrap_external>", line 883, in exec_module
  File "<frozen importlib._bootstrap>", line 241, in _call_with_frames_removed
  File "/home/beatriz/Documentos/airflow/dags/dag2.py", line 4, in <module>
    from dags.tarefas.tarefas import passo1_bronze, passo2_silver, passo3_gold
ModuleNotFoundError: No module named 'dags'
[2024-10-21T08:43:38.013-0300] {processor.py:842} WARNING - No viable dags retrieved from /home/beatriz/Documentos/airflow/dags/dag2.py
[2024-10-21T08:43:38.033-0300] {processor.py:183} INFO - Processing /home/beatriz/Documentos/airflow/dags/dag2.py took 0.046 seconds
[2024-10-21T08:44:29.294-0300] {processor.py:161} INFO - Started process (PID=15270) to work on /home/beatriz/Documentos/airflow/dags/dag2.py
[2024-10-21T08:44:29.295-0300] {processor.py:830} INFO - Processing file /home/beatriz/Documentos/airflow/dags/dag2.py for tasks to queue
[2024-10-21T08:44:29.297-0300] {logging_mixin.py:188} INFO - [2024-10-21T08:44:29.296-0300] {dagbag.py:540} INFO - Filling up the DagBag from /home/beatriz/Documentos/airflow/dags/dag2.py
[2024-10-21T08:44:32.726-0300] {processor.py:840} INFO - DAG(s) 'medallion_architecture' retrieved from /home/beatriz/Documentos/airflow/dags/dag2.py
[2024-10-21T08:44:32.730-0300] {logging_mixin.py:188} INFO - [2024-10-21T08:44:32.730-0300] {dag.py:3096} INFO - Sync 1 DAGs
[2024-10-21T08:44:32.744-0300] {logging_mixin.py:188} INFO - [2024-10-21T08:44:32.743-0300] {dag.py:3954} INFO - Setting next_dagrun for medallion_architecture to 2024-10-20 00:00:00+00:00, run_after=2024-10-21 00:00:00+00:00
[2024-10-21T08:44:32.766-0300] {processor.py:183} INFO - Processing /home/beatriz/Documentos/airflow/dags/dag2.py took 3.476 seconds
[2024-10-21T08:46:02.267-0300] {processor.py:161} INFO - Started process (PID=17282) to work on /home/beatriz/Documentos/airflow/dags/dag2.py
[2024-10-21T08:46:02.270-0300] {processor.py:830} INFO - Processing file /home/beatriz/Documentos/airflow/dags/dag2.py for tasks to queue
[2024-10-21T08:46:02.274-0300] {logging_mixin.py:188} INFO - [2024-10-21T08:46:02.273-0300] {dagbag.py:540} INFO - Filling up the DagBag from /home/beatriz/Documentos/airflow/dags/dag2.py
[2024-10-21T08:46:05.368-0300] {processor.py:840} INFO - DAG(s) 'medallion_architecture' retrieved from /home/beatriz/Documentos/airflow/dags/dag2.py
[2024-10-21T08:46:05.427-0300] {logging_mixin.py:188} INFO - [2024-10-21T08:46:05.427-0300] {dag.py:3096} INFO - Sync 1 DAGs
[2024-10-21T08:46:05.439-0300] {logging_mixin.py:188} INFO - [2024-10-21T08:46:05.439-0300] {dag.py:3954} INFO - Setting next_dagrun for medallion_architecture to 2024-10-21 00:00:00+00:00, run_after=2024-10-22 00:00:00+00:00
[2024-10-21T08:46:05.459-0300] {processor.py:183} INFO - Processing /home/beatriz/Documentos/airflow/dags/dag2.py took 3.202 seconds
[2024-10-21T08:46:50.770-0300] {processor.py:161} INFO - Started process (PID=17725) to work on /home/beatriz/Documentos/airflow/dags/dag2.py
[2024-10-21T08:46:50.773-0300] {processor.py:830} INFO - Processing file /home/beatriz/Documentos/airflow/dags/dag2.py for tasks to queue
[2024-10-21T08:46:50.775-0300] {logging_mixin.py:188} INFO - [2024-10-21T08:46:50.774-0300] {dagbag.py:540} INFO - Filling up the DagBag from /home/beatriz/Documentos/airflow/dags/dag2.py
[2024-10-21T08:46:53.959-0300] {processor.py:840} INFO - DAG(s) 'medallion_architecture' retrieved from /home/beatriz/Documentos/airflow/dags/dag2.py
[2024-10-21T08:46:53.970-0300] {logging_mixin.py:188} INFO - [2024-10-21T08:46:53.969-0300] {dag.py:3096} INFO - Sync 1 DAGs
[2024-10-21T08:46:53.986-0300] {logging_mixin.py:188} INFO - [2024-10-21T08:46:53.986-0300] {dag.py:3954} INFO - Setting next_dagrun for medallion_architecture to 2024-10-21 00:00:00+00:00, run_after=2024-10-22 00:00:00+00:00
[2024-10-21T08:46:54.003-0300] {processor.py:183} INFO - Processing /home/beatriz/Documentos/airflow/dags/dag2.py took 3.245 seconds
[2024-10-21T09:36:00.212-0300] {processor.py:161} INFO - Started process (PID=20805) to work on /home/beatriz/Documentos/airflow/dags/dag2.py
[2024-10-21T09:36:00.214-0300] {processor.py:830} INFO - Processing file /home/beatriz/Documentos/airflow/dags/dag2.py for tasks to queue
[2024-10-21T09:36:00.216-0300] {logging_mixin.py:188} INFO - [2024-10-21T09:36:00.215-0300] {dagbag.py:540} INFO - Filling up the DagBag from /home/beatriz/Documentos/airflow/dags/dag2.py
[2024-10-21T09:36:04.894-0300] {processor.py:840} INFO - DAG(s) 'medallion_architecture' retrieved from /home/beatriz/Documentos/airflow/dags/dag2.py
[2024-10-21T09:36:04.901-0300] {logging_mixin.py:188} INFO - [2024-10-21T09:36:04.901-0300] {dag.py:3096} INFO - Sync 1 DAGs
[2024-10-21T09:36:04.922-0300] {logging_mixin.py:188} INFO - [2024-10-21T09:36:04.921-0300] {dag.py:3954} INFO - Setting next_dagrun for medallion_architecture to 2024-10-21 00:00:00+00:00, run_after=2024-10-22 00:00:00+00:00
[2024-10-21T09:36:04.943-0300] {processor.py:183} INFO - Processing /home/beatriz/Documentos/airflow/dags/dag2.py took 4.735 seconds
[2024-10-21T09:37:03.414-0300] {processor.py:161} INFO - Started process (PID=21685) to work on /home/beatriz/Documentos/airflow/dags/dag2.py
[2024-10-21T09:37:03.416-0300] {processor.py:830} INFO - Processing file /home/beatriz/Documentos/airflow/dags/dag2.py for tasks to queue
[2024-10-21T09:37:03.418-0300] {logging_mixin.py:188} INFO - [2024-10-21T09:37:03.417-0300] {dagbag.py:540} INFO - Filling up the DagBag from /home/beatriz/Documentos/airflow/dags/dag2.py
[2024-10-21T09:37:06.989-0300] {processor.py:840} INFO - DAG(s) 'medallion_architecture' retrieved from /home/beatriz/Documentos/airflow/dags/dag2.py
[2024-10-21T09:37:07.064-0300] {logging_mixin.py:188} INFO - [2024-10-21T09:37:07.064-0300] {dag.py:3096} INFO - Sync 1 DAGs
[2024-10-21T09:37:07.080-0300] {logging_mixin.py:188} INFO - [2024-10-21T09:37:07.080-0300] {dag.py:3954} INFO - Setting next_dagrun for medallion_architecture to 2024-10-21 00:00:00+00:00, run_after=2024-10-22 00:00:00+00:00
[2024-10-21T09:37:07.100-0300] {processor.py:183} INFO - Processing /home/beatriz/Documentos/airflow/dags/dag2.py took 3.692 seconds
[2024-10-21T09:37:39.127-0300] {processor.py:161} INFO - Started process (PID=22058) to work on /home/beatriz/Documentos/airflow/dags/dag2.py
[2024-10-21T09:37:39.129-0300] {processor.py:830} INFO - Processing file /home/beatriz/Documentos/airflow/dags/dag2.py for tasks to queue
[2024-10-21T09:37:39.131-0300] {logging_mixin.py:188} INFO - [2024-10-21T09:37:39.131-0300] {dagbag.py:540} INFO - Filling up the DagBag from /home/beatriz/Documentos/airflow/dags/dag2.py
[2024-10-21T09:37:42.433-0300] {processor.py:840} INFO - DAG(s) 'medallion_architecture' retrieved from /home/beatriz/Documentos/airflow/dags/dag2.py
[2024-10-21T09:37:42.442-0300] {logging_mixin.py:188} INFO - [2024-10-21T09:37:42.442-0300] {dag.py:3096} INFO - Sync 1 DAGs
[2024-10-21T09:37:42.457-0300] {logging_mixin.py:188} INFO - [2024-10-21T09:37:42.457-0300] {dag.py:3954} INFO - Setting next_dagrun for medallion_architecture to 2024-10-21 00:00:00+00:00, run_after=2024-10-22 00:00:00+00:00
[2024-10-21T09:37:42.474-0300] {processor.py:183} INFO - Processing /home/beatriz/Documentos/airflow/dags/dag2.py took 3.351 seconds
[2024-10-21T09:39:11.625-0300] {processor.py:161} INFO - Started process (PID=24313) to work on /home/beatriz/Documentos/airflow/dags/dag2.py
[2024-10-21T09:39:11.627-0300] {processor.py:830} INFO - Processing file /home/beatriz/Documentos/airflow/dags/dag2.py for tasks to queue
[2024-10-21T09:39:11.630-0300] {logging_mixin.py:188} INFO - [2024-10-21T09:39:11.630-0300] {dagbag.py:540} INFO - Filling up the DagBag from /home/beatriz/Documentos/airflow/dags/dag2.py
[2024-10-21T09:39:15.504-0300] {processor.py:840} INFO - DAG(s) 'medallion_architecture' retrieved from /home/beatriz/Documentos/airflow/dags/dag2.py
[2024-10-21T09:39:15.514-0300] {logging_mixin.py:188} INFO - [2024-10-21T09:39:15.514-0300] {dag.py:3096} INFO - Sync 1 DAGs
[2024-10-21T09:39:15.534-0300] {logging_mixin.py:188} INFO - [2024-10-21T09:39:15.534-0300] {dag.py:3954} INFO - Setting next_dagrun for medallion_architecture to 2024-10-21 00:00:00+00:00, run_after=2024-10-22 00:00:00+00:00
[2024-10-21T09:39:15.552-0300] {processor.py:183} INFO - Processing /home/beatriz/Documentos/airflow/dags/dag2.py took 3.935 seconds
[2024-10-21T09:39:58.164-0300] {processor.py:161} INFO - Started process (PID=24737) to work on /home/beatriz/Documentos/airflow/dags/dag2.py
[2024-10-21T09:39:58.167-0300] {processor.py:830} INFO - Processing file /home/beatriz/Documentos/airflow/dags/dag2.py for tasks to queue
[2024-10-21T09:39:58.168-0300] {logging_mixin.py:188} INFO - [2024-10-21T09:39:58.168-0300] {dagbag.py:540} INFO - Filling up the DagBag from /home/beatriz/Documentos/airflow/dags/dag2.py
[2024-10-21T09:40:01.863-0300] {processor.py:840} INFO - DAG(s) 'medallion_architecture' retrieved from /home/beatriz/Documentos/airflow/dags/dag2.py
[2024-10-21T09:40:01.872-0300] {logging_mixin.py:188} INFO - [2024-10-21T09:40:01.872-0300] {dag.py:3096} INFO - Sync 1 DAGs
[2024-10-21T09:40:01.888-0300] {logging_mixin.py:188} INFO - [2024-10-21T09:40:01.888-0300] {dag.py:3954} INFO - Setting next_dagrun for medallion_architecture to 2024-10-21 00:00:00+00:00, run_after=2024-10-22 00:00:00+00:00
[2024-10-21T09:40:01.906-0300] {processor.py:183} INFO - Processing /home/beatriz/Documentos/airflow/dags/dag2.py took 3.745 seconds
[2024-10-21T09:40:53.943-0300] {processor.py:161} INFO - Started process (PID=25127) to work on /home/beatriz/Documentos/airflow/dags/dag2.py
[2024-10-21T09:40:53.945-0300] {processor.py:830} INFO - Processing file /home/beatriz/Documentos/airflow/dags/dag2.py for tasks to queue
[2024-10-21T09:40:53.948-0300] {logging_mixin.py:188} INFO - [2024-10-21T09:40:53.948-0300] {dagbag.py:540} INFO - Filling up the DagBag from /home/beatriz/Documentos/airflow/dags/dag2.py
[2024-10-21T09:40:57.083-0300] {processor.py:840} INFO - DAG(s) 'medallion_architecture' retrieved from /home/beatriz/Documentos/airflow/dags/dag2.py
[2024-10-21T09:40:57.094-0300] {logging_mixin.py:188} INFO - [2024-10-21T09:40:57.093-0300] {dag.py:3096} INFO - Sync 1 DAGs
[2024-10-21T09:40:57.110-0300] {logging_mixin.py:188} INFO - [2024-10-21T09:40:57.109-0300] {dag.py:3954} INFO - Setting next_dagrun for medallion_architecture to 2024-10-21 00:00:00+00:00, run_after=2024-10-22 00:00:00+00:00
[2024-10-21T09:40:57.126-0300] {processor.py:183} INFO - Processing /home/beatriz/Documentos/airflow/dags/dag2.py took 3.187 seconds
[2024-10-21T09:41:41.881-0300] {processor.py:161} INFO - Started process (PID=25571) to work on /home/beatriz/Documentos/airflow/dags/dag2.py
[2024-10-21T09:41:41.884-0300] {processor.py:830} INFO - Processing file /home/beatriz/Documentos/airflow/dags/dag2.py for tasks to queue
[2024-10-21T09:41:41.887-0300] {logging_mixin.py:188} INFO - [2024-10-21T09:41:41.886-0300] {dagbag.py:540} INFO - Filling up the DagBag from /home/beatriz/Documentos/airflow/dags/dag2.py
[2024-10-21T09:41:45.774-0300] {processor.py:840} INFO - DAG(s) 'medallion_architecture' retrieved from /home/beatriz/Documentos/airflow/dags/dag2.py
[2024-10-21T09:41:45.786-0300] {logging_mixin.py:188} INFO - [2024-10-21T09:41:45.786-0300] {dag.py:3096} INFO - Sync 1 DAGs
[2024-10-21T09:41:45.803-0300] {logging_mixin.py:188} INFO - [2024-10-21T09:41:45.803-0300] {dag.py:3954} INFO - Setting next_dagrun for medallion_architecture to 2024-10-21 00:00:00+00:00, run_after=2024-10-22 00:00:00+00:00
[2024-10-21T09:41:45.822-0300] {processor.py:183} INFO - Processing /home/beatriz/Documentos/airflow/dags/dag2.py took 3.954 seconds
[2024-10-21T09:42:31.580-0300] {processor.py:161} INFO - Started process (PID=26059) to work on /home/beatriz/Documentos/airflow/dags/dag2.py
[2024-10-21T09:42:31.581-0300] {processor.py:830} INFO - Processing file /home/beatriz/Documentos/airflow/dags/dag2.py for tasks to queue
[2024-10-21T09:42:31.583-0300] {logging_mixin.py:188} INFO - [2024-10-21T09:42:31.583-0300] {dagbag.py:540} INFO - Filling up the DagBag from /home/beatriz/Documentos/airflow/dags/dag2.py
[2024-10-21T09:42:35.006-0300] {processor.py:840} INFO - DAG(s) 'medallion_architecture' retrieved from /home/beatriz/Documentos/airflow/dags/dag2.py
[2024-10-21T09:42:35.019-0300] {logging_mixin.py:188} INFO - [2024-10-21T09:42:35.019-0300] {dag.py:3096} INFO - Sync 1 DAGs
[2024-10-21T09:42:35.037-0300] {logging_mixin.py:188} INFO - [2024-10-21T09:42:35.037-0300] {dag.py:3954} INFO - Setting next_dagrun for medallion_architecture to 2024-10-21 00:00:00+00:00, run_after=2024-10-22 00:00:00+00:00
[2024-10-21T09:42:35.056-0300] {processor.py:183} INFO - Processing /home/beatriz/Documentos/airflow/dags/dag2.py took 3.481 seconds
[2024-10-21T09:43:21.221-0300] {processor.py:161} INFO - Started process (PID=26512) to work on /home/beatriz/Documentos/airflow/dags/dag2.py
[2024-10-21T09:43:21.228-0300] {processor.py:830} INFO - Processing file /home/beatriz/Documentos/airflow/dags/dag2.py for tasks to queue
[2024-10-21T09:43:21.229-0300] {logging_mixin.py:188} INFO - [2024-10-21T09:43:21.229-0300] {dagbag.py:540} INFO - Filling up the DagBag from /home/beatriz/Documentos/airflow/dags/dag2.py
[2024-10-21T09:43:24.329-0300] {processor.py:840} INFO - DAG(s) 'medallion_architecture' retrieved from /home/beatriz/Documentos/airflow/dags/dag2.py
[2024-10-21T09:43:24.340-0300] {logging_mixin.py:188} INFO - [2024-10-21T09:43:24.340-0300] {dag.py:3096} INFO - Sync 1 DAGs
[2024-10-21T09:43:24.357-0300] {logging_mixin.py:188} INFO - [2024-10-21T09:43:24.357-0300] {dag.py:3954} INFO - Setting next_dagrun for medallion_architecture to 2024-10-21 00:00:00+00:00, run_after=2024-10-22 00:00:00+00:00
[2024-10-21T09:43:24.381-0300] {processor.py:183} INFO - Processing /home/beatriz/Documentos/airflow/dags/dag2.py took 3.164 seconds
