[2024-12-11T17:17:46.055-0300] {local_task_job_runner.py:120} INFO - ::group::Pre task execution logs
[2024-12-11T17:17:46.065-0300] {taskinstance.py:2073} INFO - Dependencies all met for dep_context=non-requeueable deps ti=<TaskInstance: medallion_architecture.passo1 manual__2024-12-11T18:24:12.805318+00:00 [queued]>
[2024-12-11T17:17:46.071-0300] {taskinstance.py:2073} INFO - Dependencies all met for dep_context=requeueable deps ti=<TaskInstance: medallion_architecture.passo1 manual__2024-12-11T18:24:12.805318+00:00 [queued]>
[2024-12-11T17:17:46.072-0300] {taskinstance.py:2303} INFO - Starting attempt 1 of 1
[2024-12-11T17:17:46.087-0300] {taskinstance.py:2327} INFO - Executing <Task(BashOperator): passo1> on 2024-12-11 18:24:12.805318+00:00
[2024-12-11T17:17:46.092-0300] {standard_task_runner.py:63} INFO - Started process 7221 to run task
[2024-12-11T17:17:46.098-0300] {standard_task_runner.py:90} INFO - Running: ['airflow', 'tasks', 'run', 'medallion_architecture', 'passo1', 'manual__2024-12-11T18:24:12.805318+00:00', '--job-id', '60', '--raw', '--subdir', 'DAGS_FOLDER/dag2.py', '--cfg-path', '/tmp/tmp17u_j0dy']
[2024-12-11T17:17:46.100-0300] {standard_task_runner.py:91} INFO - Job 60: Subtask passo1
[2024-12-11T17:17:46.132-0300] {task_command.py:426} INFO - Running <TaskInstance: medallion_architecture.passo1 manual__2024-12-11T18:24:12.805318+00:00 [running]> on host beatriz-linux
[2024-12-11T17:17:46.195-0300] {taskinstance.py:2644} INFO - Exporting env vars: AIRFLOW_CTX_DAG_OWNER='airflow' AIRFLOW_CTX_DAG_ID='medallion_architecture' AIRFLOW_CTX_TASK_ID='passo1' AIRFLOW_CTX_EXECUTION_DATE='2024-12-11T18:24:12.805318+00:00' AIRFLOW_CTX_TRY_NUMBER='1' AIRFLOW_CTX_DAG_RUN_ID='manual__2024-12-11T18:24:12.805318+00:00'
[2024-12-11T17:17:46.196-0300] {taskinstance.py:430} INFO - ::endgroup::
[2024-12-11T17:17:46.196-0300] {subprocess.py:63} INFO - Tmp dir root location: /tmp
[2024-12-11T17:17:46.197-0300] {subprocess.py:75} INFO - Running command: ['/usr/bin/bash', '-c', 'spark-submit --packages org.apache.hadoop:hadoop-aws:3.3.4 --conf spark.hadoop.fs.s3a.access.key=YOUR_ACCESS_KEY --conf spark.hadoop.fs.s3a.secret.key=YOUR_SECRET_KEY --conf spark.hadoop.fs.s3a.endpoint=s3.amazonaws.com  /home/beatriz/Documentos/airflow/dags/tarefas/passo1_bronze.py']
[2024-12-11T17:17:46.206-0300] {subprocess.py:86} INFO - Output:
[2024-12-11T17:17:48.339-0300] {subprocess.py:93} INFO - 24/12/11 17:17:48 WARN Utils: Your hostname, beatriz-linux resolves to a loopback address: 127.0.1.1; using 192.168.7.5 instead (on interface wlp0s20f3)
[2024-12-11T17:17:48.341-0300] {subprocess.py:93} INFO - 24/12/11 17:17:48 WARN Utils: Set SPARK_LOCAL_IP if you need to bind to another address
[2024-12-11T17:17:48.586-0300] {subprocess.py:93} INFO - :: loading settings :: url = jar:file:/home/beatriz/Documentos/airflow/airflow_venv/lib/python3.10/site-packages/pyspark/jars/ivy-2.5.1.jar!/org/apache/ivy/core/settings/ivysettings.xml
[2024-12-11T17:17:48.668-0300] {subprocess.py:93} INFO - Ivy Default Cache set to: /home/beatriz/.ivy2/cache
[2024-12-11T17:17:48.668-0300] {subprocess.py:93} INFO - The jars for the packages stored in: /home/beatriz/.ivy2/jars
[2024-12-11T17:17:48.672-0300] {subprocess.py:93} INFO - org.apache.hadoop#hadoop-aws added as a dependency
[2024-12-11T17:17:48.673-0300] {subprocess.py:93} INFO - :: resolving dependencies :: org.apache.spark#spark-submit-parent-2af6f9f5-7e6b-442d-8275-f4ab6a82e991;1.0
[2024-12-11T17:17:48.673-0300] {subprocess.py:93} INFO - 	confs: [default]
[2024-12-11T17:17:48.838-0300] {subprocess.py:93} INFO - 	found org.apache.hadoop#hadoop-aws;3.3.4 in central
[2024-12-11T17:17:51.402-0300] {subprocess.py:93} INFO - 	found com.amazonaws#aws-java-sdk-bundle;1.12.262 in central
[2024-12-11T17:17:51.432-0300] {subprocess.py:93} INFO - 	found org.wildfly.openssl#wildfly-openssl;1.0.7.Final in central
[2024-12-11T17:17:51.571-0300] {subprocess.py:93} INFO - downloading https://repo1.maven.org/maven2/com/amazonaws/aws-java-sdk-bundle/1.12.262/aws-java-sdk-bundle-1.12.262.jar ...
[2024-12-11T17:18:15.603-0300] {subprocess.py:93} INFO - 	[SUCCESSFUL ] com.amazonaws#aws-java-sdk-bundle;1.12.262!aws-java-sdk-bundle.jar (24154ms)
[2024-12-11T17:18:15.611-0300] {subprocess.py:93} INFO - :: resolution report :: resolve 2769ms :: artifacts dl 24169ms
[2024-12-11T17:18:15.612-0300] {subprocess.py:93} INFO - 	:: modules in use:
[2024-12-11T17:18:15.612-0300] {subprocess.py:93} INFO - 	com.amazonaws#aws-java-sdk-bundle;1.12.262 from central in [default]
[2024-12-11T17:18:15.613-0300] {subprocess.py:93} INFO - 	org.apache.hadoop#hadoop-aws;3.3.4 from central in [default]
[2024-12-11T17:18:15.613-0300] {subprocess.py:93} INFO - 	org.wildfly.openssl#wildfly-openssl;1.0.7.Final from central in [default]
[2024-12-11T17:18:15.613-0300] {subprocess.py:93} INFO - 	---------------------------------------------------------------------
[2024-12-11T17:18:15.614-0300] {subprocess.py:93} INFO - 	|                  |            modules            ||   artifacts   |
[2024-12-11T17:18:15.614-0300] {subprocess.py:93} INFO - 	|       conf       | number| search|dwnlded|evicted|| number|dwnlded|
[2024-12-11T17:18:15.615-0300] {subprocess.py:93} INFO - 	---------------------------------------------------------------------
[2024-12-11T17:18:15.615-0300] {subprocess.py:93} INFO - 	|      default     |   3   |   1   |   1   |   0   ||   3   |   1   |
[2024-12-11T17:18:15.616-0300] {subprocess.py:93} INFO - 	---------------------------------------------------------------------
[2024-12-11T17:18:15.623-0300] {subprocess.py:93} INFO - :: retrieving :: org.apache.spark#spark-submit-parent-2af6f9f5-7e6b-442d-8275-f4ab6a82e991
[2024-12-11T17:18:15.624-0300] {subprocess.py:93} INFO - 	confs: [default]
[2024-12-11T17:18:15.947-0300] {subprocess.py:93} INFO - 	1 artifacts copied, 2 already retrieved (274067kB/324ms)
[2024-12-11T17:18:16.633-0300] {subprocess.py:93} INFO - python3: can't open file '/home/beatriz/Documentos/airflow/dags/tarefas/passo1_bronze.py': [Errno 2] No such file or directory
[2024-12-11T17:18:16.646-0300] {subprocess.py:93} INFO - 24/12/11 17:18:16 INFO ShutdownHookManager: Shutdown hook called
[2024-12-11T17:18:16.647-0300] {subprocess.py:93} INFO - 24/12/11 17:18:16 INFO ShutdownHookManager: Deleting directory /tmp/spark-62639946-f54d-4096-8556-97395e83f9a0
[2024-12-11T17:18:16.691-0300] {subprocess.py:97} INFO - Command exited with return code 2
[2024-12-11T17:18:16.691-0300] {taskinstance.py:441} INFO - ::group::Post task execution logs
[2024-12-11T17:18:16.697-0300] {taskinstance.py:2890} ERROR - Task failed with exception
Traceback (most recent call last):
  File "/home/beatriz/Documentos/airflow/airflow_venv/lib/python3.10/site-packages/airflow/models/taskinstance.py", line 465, in _execute_task
    result = _execute_callable(context=context, **execute_callable_kwargs)
  File "/home/beatriz/Documentos/airflow/airflow_venv/lib/python3.10/site-packages/airflow/models/taskinstance.py", line 432, in _execute_callable
    return execute_callable(context=context, **execute_callable_kwargs)
  File "/home/beatriz/Documentos/airflow/airflow_venv/lib/python3.10/site-packages/airflow/models/baseoperator.py", line 400, in wrapper
    return func(self, *args, **kwargs)
  File "/home/beatriz/Documentos/airflow/airflow_venv/lib/python3.10/site-packages/airflow/operators/bash.py", line 243, in execute
    raise AirflowException(
airflow.exceptions.AirflowException: Bash command failed. The command returned a non-zero exit code 2.
[2024-12-11T17:18:16.700-0300] {taskinstance.py:1205} INFO - Marking task as FAILED. dag_id=medallion_architecture, task_id=passo1, execution_date=20241211T182412, start_date=20241211T201746, end_date=20241211T201816
[2024-12-11T17:18:16.711-0300] {standard_task_runner.py:110} ERROR - Failed to execute job 60 for task passo1 (Bash command failed. The command returned a non-zero exit code 2.; 7221)
[2024-12-11T17:18:16.717-0300] {local_task_job_runner.py:240} INFO - Task exited with return code 1
[2024-12-11T17:18:16.733-0300] {taskinstance.py:3482} INFO - 0 downstream tasks scheduled from follow-on schedule check
[2024-12-11T17:18:16.741-0300] {local_task_job_runner.py:222} INFO - ::endgroup::
