[2024-10-15T14:14:33.780-0300] {processor.py:153} INFO - Started process (PID=26531) to work on /home/beatriz/Documentos/airflow/airflow_venv/lib/python3.10/site-packages/airflow/example_dags/subdags/subdag.py
[2024-10-15T14:14:33.781-0300] {processor.py:743} INFO - Processing file /home/beatriz/Documentos/airflow/airflow_venv/lib/python3.10/site-packages/airflow/example_dags/subdags/subdag.py for tasks to queue
[2024-10-15T14:14:33.782-0300] {logging_mixin.py:137} INFO - [2024-10-15T14:14:33.782-0300] {dagbag.py:532} INFO - Filling up the DagBag from /home/beatriz/Documentos/airflow/airflow_venv/lib/python3.10/site-packages/airflow/example_dags/subdags/subdag.py
[2024-10-15T14:14:33.785-0300] {processor.py:755} WARNING - No viable dags retrieved from /home/beatriz/Documentos/airflow/airflow_venv/lib/python3.10/site-packages/airflow/example_dags/subdags/subdag.py
[2024-10-15T14:14:33.796-0300] {processor.py:175} INFO - Processing /home/beatriz/Documentos/airflow/airflow_venv/lib/python3.10/site-packages/airflow/example_dags/subdags/subdag.py took 0.018 seconds
[2024-10-15T14:15:24.341-0300] {processor.py:153} INFO - Started process (PID=26620) to work on /home/beatriz/Documentos/airflow/airflow_venv/lib/python3.10/site-packages/airflow/example_dags/subdags/subdag.py
[2024-10-15T14:15:24.343-0300] {processor.py:743} INFO - Processing file /home/beatriz/Documentos/airflow/airflow_venv/lib/python3.10/site-packages/airflow/example_dags/subdags/subdag.py for tasks to queue
[2024-10-15T14:15:24.343-0300] {logging_mixin.py:137} INFO - [2024-10-15T14:15:24.343-0300] {dagbag.py:532} INFO - Filling up the DagBag from /home/beatriz/Documentos/airflow/airflow_venv/lib/python3.10/site-packages/airflow/example_dags/subdags/subdag.py
[2024-10-15T14:15:24.345-0300] {processor.py:755} WARNING - No viable dags retrieved from /home/beatriz/Documentos/airflow/airflow_venv/lib/python3.10/site-packages/airflow/example_dags/subdags/subdag.py
[2024-10-15T14:15:24.352-0300] {processor.py:175} INFO - Processing /home/beatriz/Documentos/airflow/airflow_venv/lib/python3.10/site-packages/airflow/example_dags/subdags/subdag.py took 0.012 seconds
[2024-10-15T14:16:04.376-0300] {processor.py:153} INFO - Started process (PID=26759) to work on /home/beatriz/Documentos/airflow/airflow_venv/lib/python3.10/site-packages/airflow/example_dags/subdags/subdag.py
[2024-10-15T14:16:04.379-0300] {processor.py:743} INFO - Processing file /home/beatriz/Documentos/airflow/airflow_venv/lib/python3.10/site-packages/airflow/example_dags/subdags/subdag.py for tasks to queue
[2024-10-15T14:16:04.380-0300] {logging_mixin.py:137} INFO - [2024-10-15T14:16:04.379-0300] {dagbag.py:532} INFO - Filling up the DagBag from /home/beatriz/Documentos/airflow/airflow_venv/lib/python3.10/site-packages/airflow/example_dags/subdags/subdag.py
[2024-10-15T14:16:04.392-0300] {processor.py:755} WARNING - No viable dags retrieved from /home/beatriz/Documentos/airflow/airflow_venv/lib/python3.10/site-packages/airflow/example_dags/subdags/subdag.py
[2024-10-15T14:16:04.403-0300] {processor.py:175} INFO - Processing /home/beatriz/Documentos/airflow/airflow_venv/lib/python3.10/site-packages/airflow/example_dags/subdags/subdag.py took 0.032 seconds
[2024-10-15T14:17:51.558-0300] {processor.py:153} INFO - Started process (PID=26997) to work on /home/beatriz/Documentos/airflow/airflow_venv/lib/python3.10/site-packages/airflow/example_dags/subdags/subdag.py
[2024-10-15T14:17:51.561-0300] {processor.py:743} INFO - Processing file /home/beatriz/Documentos/airflow/airflow_venv/lib/python3.10/site-packages/airflow/example_dags/subdags/subdag.py for tasks to queue
[2024-10-15T14:17:51.561-0300] {logging_mixin.py:137} INFO - [2024-10-15T14:17:51.561-0300] {dagbag.py:532} INFO - Filling up the DagBag from /home/beatriz/Documentos/airflow/airflow_venv/lib/python3.10/site-packages/airflow/example_dags/subdags/subdag.py
[2024-10-15T14:17:51.564-0300] {processor.py:755} WARNING - No viable dags retrieved from /home/beatriz/Documentos/airflow/airflow_venv/lib/python3.10/site-packages/airflow/example_dags/subdags/subdag.py
[2024-10-15T14:17:51.570-0300] {processor.py:175} INFO - Processing /home/beatriz/Documentos/airflow/airflow_venv/lib/python3.10/site-packages/airflow/example_dags/subdags/subdag.py took 0.014 seconds
[2024-10-15T14:18:34.382-0300] {processor.py:153} INFO - Started process (PID=27192) to work on /home/beatriz/Documentos/airflow/airflow_venv/lib/python3.10/site-packages/airflow/example_dags/subdags/subdag.py
[2024-10-15T14:18:34.385-0300] {processor.py:743} INFO - Processing file /home/beatriz/Documentos/airflow/airflow_venv/lib/python3.10/site-packages/airflow/example_dags/subdags/subdag.py for tasks to queue
[2024-10-15T14:18:34.386-0300] {logging_mixin.py:137} INFO - [2024-10-15T14:18:34.386-0300] {dagbag.py:532} INFO - Filling up the DagBag from /home/beatriz/Documentos/airflow/airflow_venv/lib/python3.10/site-packages/airflow/example_dags/subdags/subdag.py
[2024-10-15T14:18:34.391-0300] {processor.py:755} WARNING - No viable dags retrieved from /home/beatriz/Documentos/airflow/airflow_venv/lib/python3.10/site-packages/airflow/example_dags/subdags/subdag.py
[2024-10-15T14:18:34.399-0300] {processor.py:175} INFO - Processing /home/beatriz/Documentos/airflow/airflow_venv/lib/python3.10/site-packages/airflow/example_dags/subdags/subdag.py took 0.022 seconds
[2024-10-15T14:19:12.908-0300] {processor.py:153} INFO - Started process (PID=27299) to work on /home/beatriz/Documentos/airflow/airflow_venv/lib/python3.10/site-packages/airflow/example_dags/subdags/subdag.py
[2024-10-15T14:19:12.911-0300] {processor.py:743} INFO - Processing file /home/beatriz/Documentos/airflow/airflow_venv/lib/python3.10/site-packages/airflow/example_dags/subdags/subdag.py for tasks to queue
[2024-10-15T14:19:12.913-0300] {logging_mixin.py:137} INFO - [2024-10-15T14:19:12.912-0300] {dagbag.py:532} INFO - Filling up the DagBag from /home/beatriz/Documentos/airflow/airflow_venv/lib/python3.10/site-packages/airflow/example_dags/subdags/subdag.py
[2024-10-15T14:19:12.921-0300] {processor.py:755} WARNING - No viable dags retrieved from /home/beatriz/Documentos/airflow/airflow_venv/lib/python3.10/site-packages/airflow/example_dags/subdags/subdag.py
[2024-10-15T14:19:12.934-0300] {processor.py:175} INFO - Processing /home/beatriz/Documentos/airflow/airflow_venv/lib/python3.10/site-packages/airflow/example_dags/subdags/subdag.py took 0.032 seconds
[2024-10-15T14:50:45.380-0300] {processor.py:153} INFO - Started process (PID=34220) to work on /home/beatriz/Documentos/airflow/airflow_venv/lib/python3.10/site-packages/airflow/example_dags/subdags/subdag.py
[2024-10-15T14:50:45.382-0300] {processor.py:743} INFO - Processing file /home/beatriz/Documentos/airflow/airflow_venv/lib/python3.10/site-packages/airflow/example_dags/subdags/subdag.py for tasks to queue
[2024-10-15T14:50:45.383-0300] {logging_mixin.py:137} INFO - [2024-10-15T14:50:45.383-0300] {dagbag.py:532} INFO - Filling up the DagBag from /home/beatriz/Documentos/airflow/airflow_venv/lib/python3.10/site-packages/airflow/example_dags/subdags/subdag.py
[2024-10-15T14:50:45.386-0300] {processor.py:755} WARNING - No viable dags retrieved from /home/beatriz/Documentos/airflow/airflow_venv/lib/python3.10/site-packages/airflow/example_dags/subdags/subdag.py
[2024-10-15T14:50:45.394-0300] {processor.py:175} INFO - Processing /home/beatriz/Documentos/airflow/airflow_venv/lib/python3.10/site-packages/airflow/example_dags/subdags/subdag.py took 0.018 seconds
[2024-10-15T14:51:27.980-0300] {processor.py:153} INFO - Started process (PID=34617) to work on /home/beatriz/Documentos/airflow/airflow_venv/lib/python3.10/site-packages/airflow/example_dags/subdags/subdag.py
[2024-10-15T14:51:27.982-0300] {processor.py:743} INFO - Processing file /home/beatriz/Documentos/airflow/airflow_venv/lib/python3.10/site-packages/airflow/example_dags/subdags/subdag.py for tasks to queue
[2024-10-15T14:51:27.982-0300] {logging_mixin.py:137} INFO - [2024-10-15T14:51:27.982-0300] {dagbag.py:532} INFO - Filling up the DagBag from /home/beatriz/Documentos/airflow/airflow_venv/lib/python3.10/site-packages/airflow/example_dags/subdags/subdag.py
[2024-10-15T14:51:27.985-0300] {processor.py:755} WARNING - No viable dags retrieved from /home/beatriz/Documentos/airflow/airflow_venv/lib/python3.10/site-packages/airflow/example_dags/subdags/subdag.py
[2024-10-15T14:51:27.991-0300] {processor.py:175} INFO - Processing /home/beatriz/Documentos/airflow/airflow_venv/lib/python3.10/site-packages/airflow/example_dags/subdags/subdag.py took 0.014 seconds
[2024-10-15T14:52:11.943-0300] {processor.py:153} INFO - Started process (PID=34695) to work on /home/beatriz/Documentos/airflow/airflow_venv/lib/python3.10/site-packages/airflow/example_dags/subdags/subdag.py
[2024-10-15T14:52:11.947-0300] {processor.py:743} INFO - Processing file /home/beatriz/Documentos/airflow/airflow_venv/lib/python3.10/site-packages/airflow/example_dags/subdags/subdag.py for tasks to queue
[2024-10-15T14:52:11.948-0300] {logging_mixin.py:137} INFO - [2024-10-15T14:52:11.948-0300] {dagbag.py:532} INFO - Filling up the DagBag from /home/beatriz/Documentos/airflow/airflow_venv/lib/python3.10/site-packages/airflow/example_dags/subdags/subdag.py
[2024-10-15T14:52:11.956-0300] {processor.py:755} WARNING - No viable dags retrieved from /home/beatriz/Documentos/airflow/airflow_venv/lib/python3.10/site-packages/airflow/example_dags/subdags/subdag.py
[2024-10-15T14:52:11.967-0300] {processor.py:175} INFO - Processing /home/beatriz/Documentos/airflow/airflow_venv/lib/python3.10/site-packages/airflow/example_dags/subdags/subdag.py took 0.029 seconds
[2024-10-15T14:52:45.980-0300] {processor.py:153} INFO - Started process (PID=34989) to work on /home/beatriz/Documentos/airflow/airflow_venv/lib/python3.10/site-packages/airflow/example_dags/subdags/subdag.py
[2024-10-15T14:52:45.982-0300] {processor.py:743} INFO - Processing file /home/beatriz/Documentos/airflow/airflow_venv/lib/python3.10/site-packages/airflow/example_dags/subdags/subdag.py for tasks to queue
[2024-10-15T14:52:45.984-0300] {logging_mixin.py:137} INFO - [2024-10-15T14:52:45.983-0300] {dagbag.py:532} INFO - Filling up the DagBag from /home/beatriz/Documentos/airflow/airflow_venv/lib/python3.10/site-packages/airflow/example_dags/subdags/subdag.py
[2024-10-15T14:52:45.990-0300] {processor.py:755} WARNING - No viable dags retrieved from /home/beatriz/Documentos/airflow/airflow_venv/lib/python3.10/site-packages/airflow/example_dags/subdags/subdag.py
[2024-10-15T14:52:46.003-0300] {processor.py:175} INFO - Processing /home/beatriz/Documentos/airflow/airflow_venv/lib/python3.10/site-packages/airflow/example_dags/subdags/subdag.py took 0.029 seconds
[2024-10-15T14:53:23.416-0300] {processor.py:153} INFO - Started process (PID=35167) to work on /home/beatriz/Documentos/airflow/airflow_venv/lib/python3.10/site-packages/airflow/example_dags/subdags/subdag.py
[2024-10-15T14:53:23.419-0300] {processor.py:743} INFO - Processing file /home/beatriz/Documentos/airflow/airflow_venv/lib/python3.10/site-packages/airflow/example_dags/subdags/subdag.py for tasks to queue
[2024-10-15T14:53:23.420-0300] {logging_mixin.py:137} INFO - [2024-10-15T14:53:23.419-0300] {dagbag.py:532} INFO - Filling up the DagBag from /home/beatriz/Documentos/airflow/airflow_venv/lib/python3.10/site-packages/airflow/example_dags/subdags/subdag.py
[2024-10-15T14:53:23.423-0300] {processor.py:755} WARNING - No viable dags retrieved from /home/beatriz/Documentos/airflow/airflow_venv/lib/python3.10/site-packages/airflow/example_dags/subdags/subdag.py
[2024-10-15T14:53:23.432-0300] {processor.py:175} INFO - Processing /home/beatriz/Documentos/airflow/airflow_venv/lib/python3.10/site-packages/airflow/example_dags/subdags/subdag.py took 0.021 seconds
[2024-10-15T14:54:12.992-0300] {processor.py:153} INFO - Started process (PID=35458) to work on /home/beatriz/Documentos/airflow/airflow_venv/lib/python3.10/site-packages/airflow/example_dags/subdags/subdag.py
[2024-10-15T14:54:12.996-0300] {processor.py:743} INFO - Processing file /home/beatriz/Documentos/airflow/airflow_venv/lib/python3.10/site-packages/airflow/example_dags/subdags/subdag.py for tasks to queue
[2024-10-15T14:54:12.997-0300] {logging_mixin.py:137} INFO - [2024-10-15T14:54:12.997-0300] {dagbag.py:532} INFO - Filling up the DagBag from /home/beatriz/Documentos/airflow/airflow_venv/lib/python3.10/site-packages/airflow/example_dags/subdags/subdag.py
[2024-10-15T14:54:13.005-0300] {processor.py:755} WARNING - No viable dags retrieved from /home/beatriz/Documentos/airflow/airflow_venv/lib/python3.10/site-packages/airflow/example_dags/subdags/subdag.py
[2024-10-15T14:54:13.020-0300] {processor.py:175} INFO - Processing /home/beatriz/Documentos/airflow/airflow_venv/lib/python3.10/site-packages/airflow/example_dags/subdags/subdag.py took 0.033 seconds
[2024-10-15T14:54:52.394-0300] {processor.py:153} INFO - Started process (PID=35533) to work on /home/beatriz/Documentos/airflow/airflow_venv/lib/python3.10/site-packages/airflow/example_dags/subdags/subdag.py
[2024-10-15T14:54:52.397-0300] {processor.py:743} INFO - Processing file /home/beatriz/Documentos/airflow/airflow_venv/lib/python3.10/site-packages/airflow/example_dags/subdags/subdag.py for tasks to queue
[2024-10-15T14:54:52.399-0300] {logging_mixin.py:137} INFO - [2024-10-15T14:54:52.399-0300] {dagbag.py:532} INFO - Filling up the DagBag from /home/beatriz/Documentos/airflow/airflow_venv/lib/python3.10/site-packages/airflow/example_dags/subdags/subdag.py
[2024-10-15T14:54:52.406-0300] {processor.py:755} WARNING - No viable dags retrieved from /home/beatriz/Documentos/airflow/airflow_venv/lib/python3.10/site-packages/airflow/example_dags/subdags/subdag.py
[2024-10-15T14:54:52.421-0300] {processor.py:175} INFO - Processing /home/beatriz/Documentos/airflow/airflow_venv/lib/python3.10/site-packages/airflow/example_dags/subdags/subdag.py took 0.034 seconds
[2024-10-15T14:55:27.168-0300] {processor.py:153} INFO - Started process (PID=35595) to work on /home/beatriz/Documentos/airflow/airflow_venv/lib/python3.10/site-packages/airflow/example_dags/subdags/subdag.py
[2024-10-15T14:55:27.171-0300] {processor.py:743} INFO - Processing file /home/beatriz/Documentos/airflow/airflow_venv/lib/python3.10/site-packages/airflow/example_dags/subdags/subdag.py for tasks to queue
[2024-10-15T14:55:27.172-0300] {logging_mixin.py:137} INFO - [2024-10-15T14:55:27.172-0300] {dagbag.py:532} INFO - Filling up the DagBag from /home/beatriz/Documentos/airflow/airflow_venv/lib/python3.10/site-packages/airflow/example_dags/subdags/subdag.py
[2024-10-15T14:55:27.177-0300] {processor.py:755} WARNING - No viable dags retrieved from /home/beatriz/Documentos/airflow/airflow_venv/lib/python3.10/site-packages/airflow/example_dags/subdags/subdag.py
[2024-10-15T14:55:27.188-0300] {processor.py:175} INFO - Processing /home/beatriz/Documentos/airflow/airflow_venv/lib/python3.10/site-packages/airflow/example_dags/subdags/subdag.py took 0.027 seconds
[2024-10-15T14:56:03.145-0300] {processor.py:153} INFO - Started process (PID=35710) to work on /home/beatriz/Documentos/airflow/airflow_venv/lib/python3.10/site-packages/airflow/example_dags/subdags/subdag.py
[2024-10-15T14:56:03.148-0300] {processor.py:743} INFO - Processing file /home/beatriz/Documentos/airflow/airflow_venv/lib/python3.10/site-packages/airflow/example_dags/subdags/subdag.py for tasks to queue
[2024-10-15T14:56:03.150-0300] {logging_mixin.py:137} INFO - [2024-10-15T14:56:03.149-0300] {dagbag.py:532} INFO - Filling up the DagBag from /home/beatriz/Documentos/airflow/airflow_venv/lib/python3.10/site-packages/airflow/example_dags/subdags/subdag.py
[2024-10-15T14:56:03.156-0300] {processor.py:755} WARNING - No viable dags retrieved from /home/beatriz/Documentos/airflow/airflow_venv/lib/python3.10/site-packages/airflow/example_dags/subdags/subdag.py
[2024-10-15T14:56:03.169-0300] {processor.py:175} INFO - Processing /home/beatriz/Documentos/airflow/airflow_venv/lib/python3.10/site-packages/airflow/example_dags/subdags/subdag.py took 0.032 seconds
[2024-10-15T14:56:36.684-0300] {processor.py:153} INFO - Started process (PID=35790) to work on /home/beatriz/Documentos/airflow/airflow_venv/lib/python3.10/site-packages/airflow/example_dags/subdags/subdag.py
[2024-10-15T14:56:36.687-0300] {processor.py:743} INFO - Processing file /home/beatriz/Documentos/airflow/airflow_venv/lib/python3.10/site-packages/airflow/example_dags/subdags/subdag.py for tasks to queue
[2024-10-15T14:56:36.689-0300] {logging_mixin.py:137} INFO - [2024-10-15T14:56:36.688-0300] {dagbag.py:532} INFO - Filling up the DagBag from /home/beatriz/Documentos/airflow/airflow_venv/lib/python3.10/site-packages/airflow/example_dags/subdags/subdag.py
[2024-10-15T14:56:36.695-0300] {processor.py:755} WARNING - No viable dags retrieved from /home/beatriz/Documentos/airflow/airflow_venv/lib/python3.10/site-packages/airflow/example_dags/subdags/subdag.py
[2024-10-15T14:56:36.713-0300] {processor.py:175} INFO - Processing /home/beatriz/Documentos/airflow/airflow_venv/lib/python3.10/site-packages/airflow/example_dags/subdags/subdag.py took 0.035 seconds
[2024-10-15T14:57:08.332-0300] {processor.py:153} INFO - Started process (PID=35847) to work on /home/beatriz/Documentos/airflow/airflow_venv/lib/python3.10/site-packages/airflow/example_dags/subdags/subdag.py
[2024-10-15T14:57:08.334-0300] {processor.py:743} INFO - Processing file /home/beatriz/Documentos/airflow/airflow_venv/lib/python3.10/site-packages/airflow/example_dags/subdags/subdag.py for tasks to queue
[2024-10-15T14:57:08.335-0300] {logging_mixin.py:137} INFO - [2024-10-15T14:57:08.335-0300] {dagbag.py:532} INFO - Filling up the DagBag from /home/beatriz/Documentos/airflow/airflow_venv/lib/python3.10/site-packages/airflow/example_dags/subdags/subdag.py
[2024-10-15T14:57:08.339-0300] {processor.py:755} WARNING - No viable dags retrieved from /home/beatriz/Documentos/airflow/airflow_venv/lib/python3.10/site-packages/airflow/example_dags/subdags/subdag.py
[2024-10-15T14:57:08.350-0300] {processor.py:175} INFO - Processing /home/beatriz/Documentos/airflow/airflow_venv/lib/python3.10/site-packages/airflow/example_dags/subdags/subdag.py took 0.020 seconds
[2024-10-15T14:57:40.326-0300] {processor.py:153} INFO - Started process (PID=35932) to work on /home/beatriz/Documentos/airflow/airflow_venv/lib/python3.10/site-packages/airflow/example_dags/subdags/subdag.py
[2024-10-15T14:57:40.329-0300] {processor.py:743} INFO - Processing file /home/beatriz/Documentos/airflow/airflow_venv/lib/python3.10/site-packages/airflow/example_dags/subdags/subdag.py for tasks to queue
[2024-10-15T14:57:40.330-0300] {logging_mixin.py:137} INFO - [2024-10-15T14:57:40.330-0300] {dagbag.py:532} INFO - Filling up the DagBag from /home/beatriz/Documentos/airflow/airflow_venv/lib/python3.10/site-packages/airflow/example_dags/subdags/subdag.py
[2024-10-15T14:57:40.337-0300] {processor.py:755} WARNING - No viable dags retrieved from /home/beatriz/Documentos/airflow/airflow_venv/lib/python3.10/site-packages/airflow/example_dags/subdags/subdag.py
[2024-10-15T14:57:40.352-0300] {processor.py:175} INFO - Processing /home/beatriz/Documentos/airflow/airflow_venv/lib/python3.10/site-packages/airflow/example_dags/subdags/subdag.py took 0.031 seconds
[2024-10-15T14:58:23.009-0300] {processor.py:153} INFO - Started process (PID=36218) to work on /home/beatriz/Documentos/airflow/airflow_venv/lib/python3.10/site-packages/airflow/example_dags/subdags/subdag.py
[2024-10-15T14:58:23.012-0300] {processor.py:743} INFO - Processing file /home/beatriz/Documentos/airflow/airflow_venv/lib/python3.10/site-packages/airflow/example_dags/subdags/subdag.py for tasks to queue
[2024-10-15T14:58:23.014-0300] {logging_mixin.py:137} INFO - [2024-10-15T14:58:23.013-0300] {dagbag.py:532} INFO - Filling up the DagBag from /home/beatriz/Documentos/airflow/airflow_venv/lib/python3.10/site-packages/airflow/example_dags/subdags/subdag.py
[2024-10-15T14:58:23.021-0300] {processor.py:755} WARNING - No viable dags retrieved from /home/beatriz/Documentos/airflow/airflow_venv/lib/python3.10/site-packages/airflow/example_dags/subdags/subdag.py
[2024-10-15T14:58:23.032-0300] {processor.py:175} INFO - Processing /home/beatriz/Documentos/airflow/airflow_venv/lib/python3.10/site-packages/airflow/example_dags/subdags/subdag.py took 0.029 seconds
[2024-10-15T14:59:03.200-0300] {processor.py:153} INFO - Started process (PID=36354) to work on /home/beatriz/Documentos/airflow/airflow_venv/lib/python3.10/site-packages/airflow/example_dags/subdags/subdag.py
[2024-10-15T14:59:03.203-0300] {processor.py:743} INFO - Processing file /home/beatriz/Documentos/airflow/airflow_venv/lib/python3.10/site-packages/airflow/example_dags/subdags/subdag.py for tasks to queue
[2024-10-15T14:59:03.205-0300] {logging_mixin.py:137} INFO - [2024-10-15T14:59:03.205-0300] {dagbag.py:532} INFO - Filling up the DagBag from /home/beatriz/Documentos/airflow/airflow_venv/lib/python3.10/site-packages/airflow/example_dags/subdags/subdag.py
[2024-10-15T14:59:03.212-0300] {processor.py:755} WARNING - No viable dags retrieved from /home/beatriz/Documentos/airflow/airflow_venv/lib/python3.10/site-packages/airflow/example_dags/subdags/subdag.py
[2024-10-15T14:59:03.223-0300] {processor.py:175} INFO - Processing /home/beatriz/Documentos/airflow/airflow_venv/lib/python3.10/site-packages/airflow/example_dags/subdags/subdag.py took 0.030 seconds
[2024-10-15T14:59:47.095-0300] {processor.py:153} INFO - Started process (PID=36534) to work on /home/beatriz/Documentos/airflow/airflow_venv/lib/python3.10/site-packages/airflow/example_dags/subdags/subdag.py
[2024-10-15T14:59:47.097-0300] {processor.py:743} INFO - Processing file /home/beatriz/Documentos/airflow/airflow_venv/lib/python3.10/site-packages/airflow/example_dags/subdags/subdag.py for tasks to queue
[2024-10-15T14:59:47.098-0300] {logging_mixin.py:137} INFO - [2024-10-15T14:59:47.098-0300] {dagbag.py:532} INFO - Filling up the DagBag from /home/beatriz/Documentos/airflow/airflow_venv/lib/python3.10/site-packages/airflow/example_dags/subdags/subdag.py
[2024-10-15T14:59:47.102-0300] {processor.py:755} WARNING - No viable dags retrieved from /home/beatriz/Documentos/airflow/airflow_venv/lib/python3.10/site-packages/airflow/example_dags/subdags/subdag.py
[2024-10-15T14:59:47.111-0300] {processor.py:175} INFO - Processing /home/beatriz/Documentos/airflow/airflow_venv/lib/python3.10/site-packages/airflow/example_dags/subdags/subdag.py took 0.019 seconds
[2024-10-15T15:00:30.869-0300] {processor.py:153} INFO - Started process (PID=36637) to work on /home/beatriz/Documentos/airflow/airflow_venv/lib/python3.10/site-packages/airflow/example_dags/subdags/subdag.py
[2024-10-15T15:00:30.874-0300] {processor.py:743} INFO - Processing file /home/beatriz/Documentos/airflow/airflow_venv/lib/python3.10/site-packages/airflow/example_dags/subdags/subdag.py for tasks to queue
[2024-10-15T15:00:30.875-0300] {logging_mixin.py:137} INFO - [2024-10-15T15:00:30.874-0300] {dagbag.py:532} INFO - Filling up the DagBag from /home/beatriz/Documentos/airflow/airflow_venv/lib/python3.10/site-packages/airflow/example_dags/subdags/subdag.py
[2024-10-15T15:00:30.880-0300] {processor.py:755} WARNING - No viable dags retrieved from /home/beatriz/Documentos/airflow/airflow_venv/lib/python3.10/site-packages/airflow/example_dags/subdags/subdag.py
[2024-10-15T15:00:30.898-0300] {processor.py:175} INFO - Processing /home/beatriz/Documentos/airflow/airflow_venv/lib/python3.10/site-packages/airflow/example_dags/subdags/subdag.py took 0.033 seconds
[2024-10-15T15:01:07.903-0300] {processor.py:153} INFO - Started process (PID=36792) to work on /home/beatriz/Documentos/airflow/airflow_venv/lib/python3.10/site-packages/airflow/example_dags/subdags/subdag.py
[2024-10-15T15:01:07.905-0300] {processor.py:743} INFO - Processing file /home/beatriz/Documentos/airflow/airflow_venv/lib/python3.10/site-packages/airflow/example_dags/subdags/subdag.py for tasks to queue
[2024-10-15T15:01:07.906-0300] {logging_mixin.py:137} INFO - [2024-10-15T15:01:07.906-0300] {dagbag.py:532} INFO - Filling up the DagBag from /home/beatriz/Documentos/airflow/airflow_venv/lib/python3.10/site-packages/airflow/example_dags/subdags/subdag.py
[2024-10-15T15:01:07.908-0300] {processor.py:755} WARNING - No viable dags retrieved from /home/beatriz/Documentos/airflow/airflow_venv/lib/python3.10/site-packages/airflow/example_dags/subdags/subdag.py
[2024-10-15T15:01:07.915-0300] {processor.py:175} INFO - Processing /home/beatriz/Documentos/airflow/airflow_venv/lib/python3.10/site-packages/airflow/example_dags/subdags/subdag.py took 0.014 seconds
[2024-10-15T15:01:47.679-0300] {processor.py:153} INFO - Started process (PID=36952) to work on /home/beatriz/Documentos/airflow/airflow_venv/lib/python3.10/site-packages/airflow/example_dags/subdags/subdag.py
[2024-10-15T15:01:47.681-0300] {processor.py:743} INFO - Processing file /home/beatriz/Documentos/airflow/airflow_venv/lib/python3.10/site-packages/airflow/example_dags/subdags/subdag.py for tasks to queue
[2024-10-15T15:01:47.681-0300] {logging_mixin.py:137} INFO - [2024-10-15T15:01:47.681-0300] {dagbag.py:532} INFO - Filling up the DagBag from /home/beatriz/Documentos/airflow/airflow_venv/lib/python3.10/site-packages/airflow/example_dags/subdags/subdag.py
[2024-10-15T15:01:47.684-0300] {processor.py:755} WARNING - No viable dags retrieved from /home/beatriz/Documentos/airflow/airflow_venv/lib/python3.10/site-packages/airflow/example_dags/subdags/subdag.py
[2024-10-15T15:01:47.691-0300] {processor.py:175} INFO - Processing /home/beatriz/Documentos/airflow/airflow_venv/lib/python3.10/site-packages/airflow/example_dags/subdags/subdag.py took 0.014 seconds
[2024-10-15T15:02:26.173-0300] {processor.py:153} INFO - Started process (PID=37049) to work on /home/beatriz/Documentos/airflow/airflow_venv/lib/python3.10/site-packages/airflow/example_dags/subdags/subdag.py
[2024-10-15T15:02:26.176-0300] {processor.py:743} INFO - Processing file /home/beatriz/Documentos/airflow/airflow_venv/lib/python3.10/site-packages/airflow/example_dags/subdags/subdag.py for tasks to queue
[2024-10-15T15:02:26.177-0300] {logging_mixin.py:137} INFO - [2024-10-15T15:02:26.177-0300] {dagbag.py:532} INFO - Filling up the DagBag from /home/beatriz/Documentos/airflow/airflow_venv/lib/python3.10/site-packages/airflow/example_dags/subdags/subdag.py
[2024-10-15T15:02:26.185-0300] {processor.py:755} WARNING - No viable dags retrieved from /home/beatriz/Documentos/airflow/airflow_venv/lib/python3.10/site-packages/airflow/example_dags/subdags/subdag.py
[2024-10-15T15:02:26.195-0300] {processor.py:175} INFO - Processing /home/beatriz/Documentos/airflow/airflow_venv/lib/python3.10/site-packages/airflow/example_dags/subdags/subdag.py took 0.028 seconds
[2024-10-15T15:03:05.461-0300] {processor.py:153} INFO - Started process (PID=37220) to work on /home/beatriz/Documentos/airflow/airflow_venv/lib/python3.10/site-packages/airflow/example_dags/subdags/subdag.py
[2024-10-15T15:03:05.464-0300] {processor.py:743} INFO - Processing file /home/beatriz/Documentos/airflow/airflow_venv/lib/python3.10/site-packages/airflow/example_dags/subdags/subdag.py for tasks to queue
[2024-10-15T15:03:05.465-0300] {logging_mixin.py:137} INFO - [2024-10-15T15:03:05.464-0300] {dagbag.py:532} INFO - Filling up the DagBag from /home/beatriz/Documentos/airflow/airflow_venv/lib/python3.10/site-packages/airflow/example_dags/subdags/subdag.py
[2024-10-15T15:03:05.472-0300] {processor.py:755} WARNING - No viable dags retrieved from /home/beatriz/Documentos/airflow/airflow_venv/lib/python3.10/site-packages/airflow/example_dags/subdags/subdag.py
[2024-10-15T15:03:05.485-0300] {processor.py:175} INFO - Processing /home/beatriz/Documentos/airflow/airflow_venv/lib/python3.10/site-packages/airflow/example_dags/subdags/subdag.py took 0.028 seconds
[2024-10-15T15:03:44.446-0300] {processor.py:153} INFO - Started process (PID=37309) to work on /home/beatriz/Documentos/airflow/airflow_venv/lib/python3.10/site-packages/airflow/example_dags/subdags/subdag.py
[2024-10-15T15:03:44.449-0300] {processor.py:743} INFO - Processing file /home/beatriz/Documentos/airflow/airflow_venv/lib/python3.10/site-packages/airflow/example_dags/subdags/subdag.py for tasks to queue
[2024-10-15T15:03:44.451-0300] {logging_mixin.py:137} INFO - [2024-10-15T15:03:44.451-0300] {dagbag.py:532} INFO - Filling up the DagBag from /home/beatriz/Documentos/airflow/airflow_venv/lib/python3.10/site-packages/airflow/example_dags/subdags/subdag.py
[2024-10-15T15:03:44.458-0300] {processor.py:755} WARNING - No viable dags retrieved from /home/beatriz/Documentos/airflow/airflow_venv/lib/python3.10/site-packages/airflow/example_dags/subdags/subdag.py
[2024-10-15T15:03:44.474-0300] {processor.py:175} INFO - Processing /home/beatriz/Documentos/airflow/airflow_venv/lib/python3.10/site-packages/airflow/example_dags/subdags/subdag.py took 0.034 seconds
[2024-10-15T15:04:26.560-0300] {processor.py:153} INFO - Started process (PID=37571) to work on /home/beatriz/Documentos/airflow/airflow_venv/lib/python3.10/site-packages/airflow/example_dags/subdags/subdag.py
[2024-10-15T15:04:26.561-0300] {processor.py:743} INFO - Processing file /home/beatriz/Documentos/airflow/airflow_venv/lib/python3.10/site-packages/airflow/example_dags/subdags/subdag.py for tasks to queue
[2024-10-15T15:04:26.562-0300] {logging_mixin.py:137} INFO - [2024-10-15T15:04:26.562-0300] {dagbag.py:532} INFO - Filling up the DagBag from /home/beatriz/Documentos/airflow/airflow_venv/lib/python3.10/site-packages/airflow/example_dags/subdags/subdag.py
[2024-10-15T15:04:26.564-0300] {processor.py:755} WARNING - No viable dags retrieved from /home/beatriz/Documentos/airflow/airflow_venv/lib/python3.10/site-packages/airflow/example_dags/subdags/subdag.py
[2024-10-15T15:04:26.571-0300] {processor.py:175} INFO - Processing /home/beatriz/Documentos/airflow/airflow_venv/lib/python3.10/site-packages/airflow/example_dags/subdags/subdag.py took 0.014 seconds
[2024-10-15T15:05:08.801-0300] {processor.py:153} INFO - Started process (PID=38146) to work on /home/beatriz/Documentos/airflow/airflow_venv/lib/python3.10/site-packages/airflow/example_dags/subdags/subdag.py
[2024-10-15T15:05:08.803-0300] {processor.py:743} INFO - Processing file /home/beatriz/Documentos/airflow/airflow_venv/lib/python3.10/site-packages/airflow/example_dags/subdags/subdag.py for tasks to queue
[2024-10-15T15:05:08.805-0300] {logging_mixin.py:137} INFO - [2024-10-15T15:05:08.804-0300] {dagbag.py:532} INFO - Filling up the DagBag from /home/beatriz/Documentos/airflow/airflow_venv/lib/python3.10/site-packages/airflow/example_dags/subdags/subdag.py
[2024-10-15T15:05:08.809-0300] {processor.py:755} WARNING - No viable dags retrieved from /home/beatriz/Documentos/airflow/airflow_venv/lib/python3.10/site-packages/airflow/example_dags/subdags/subdag.py
[2024-10-15T15:05:08.819-0300] {processor.py:175} INFO - Processing /home/beatriz/Documentos/airflow/airflow_venv/lib/python3.10/site-packages/airflow/example_dags/subdags/subdag.py took 0.023 seconds
[2024-10-15T15:05:51.772-0300] {processor.py:153} INFO - Started process (PID=38334) to work on /home/beatriz/Documentos/airflow/airflow_venv/lib/python3.10/site-packages/airflow/example_dags/subdags/subdag.py
[2024-10-15T15:05:51.774-0300] {processor.py:743} INFO - Processing file /home/beatriz/Documentos/airflow/airflow_venv/lib/python3.10/site-packages/airflow/example_dags/subdags/subdag.py for tasks to queue
[2024-10-15T15:05:51.775-0300] {logging_mixin.py:137} INFO - [2024-10-15T15:05:51.775-0300] {dagbag.py:532} INFO - Filling up the DagBag from /home/beatriz/Documentos/airflow/airflow_venv/lib/python3.10/site-packages/airflow/example_dags/subdags/subdag.py
[2024-10-15T15:05:51.778-0300] {processor.py:755} WARNING - No viable dags retrieved from /home/beatriz/Documentos/airflow/airflow_venv/lib/python3.10/site-packages/airflow/example_dags/subdags/subdag.py
[2024-10-15T15:05:51.786-0300] {processor.py:175} INFO - Processing /home/beatriz/Documentos/airflow/airflow_venv/lib/python3.10/site-packages/airflow/example_dags/subdags/subdag.py took 0.016 seconds
[2024-10-15T15:06:36.201-0300] {processor.py:153} INFO - Started process (PID=38861) to work on /home/beatriz/Documentos/airflow/airflow_venv/lib/python3.10/site-packages/airflow/example_dags/subdags/subdag.py
[2024-10-15T15:06:36.203-0300] {processor.py:743} INFO - Processing file /home/beatriz/Documentos/airflow/airflow_venv/lib/python3.10/site-packages/airflow/example_dags/subdags/subdag.py for tasks to queue
[2024-10-15T15:06:36.203-0300] {logging_mixin.py:137} INFO - [2024-10-15T15:06:36.203-0300] {dagbag.py:532} INFO - Filling up the DagBag from /home/beatriz/Documentos/airflow/airflow_venv/lib/python3.10/site-packages/airflow/example_dags/subdags/subdag.py
[2024-10-15T15:06:36.207-0300] {processor.py:755} WARNING - No viable dags retrieved from /home/beatriz/Documentos/airflow/airflow_venv/lib/python3.10/site-packages/airflow/example_dags/subdags/subdag.py
[2024-10-15T15:06:36.214-0300] {processor.py:175} INFO - Processing /home/beatriz/Documentos/airflow/airflow_venv/lib/python3.10/site-packages/airflow/example_dags/subdags/subdag.py took 0.015 seconds
[2024-10-15T15:07:07.992-0300] {processor.py:153} INFO - Started process (PID=39104) to work on /home/beatriz/Documentos/airflow/airflow_venv/lib/python3.10/site-packages/airflow/example_dags/subdags/subdag.py
[2024-10-15T15:07:07.994-0300] {processor.py:743} INFO - Processing file /home/beatriz/Documentos/airflow/airflow_venv/lib/python3.10/site-packages/airflow/example_dags/subdags/subdag.py for tasks to queue
[2024-10-15T15:07:07.994-0300] {logging_mixin.py:137} INFO - [2024-10-15T15:07:07.994-0300] {dagbag.py:532} INFO - Filling up the DagBag from /home/beatriz/Documentos/airflow/airflow_venv/lib/python3.10/site-packages/airflow/example_dags/subdags/subdag.py
[2024-10-15T15:07:07.998-0300] {processor.py:755} WARNING - No viable dags retrieved from /home/beatriz/Documentos/airflow/airflow_venv/lib/python3.10/site-packages/airflow/example_dags/subdags/subdag.py
[2024-10-15T15:07:08.006-0300] {processor.py:175} INFO - Processing /home/beatriz/Documentos/airflow/airflow_venv/lib/python3.10/site-packages/airflow/example_dags/subdags/subdag.py took 0.017 seconds
[2024-10-15T15:07:51.425-0300] {processor.py:153} INFO - Started process (PID=39339) to work on /home/beatriz/Documentos/airflow/airflow_venv/lib/python3.10/site-packages/airflow/example_dags/subdags/subdag.py
[2024-10-15T15:07:51.427-0300] {processor.py:743} INFO - Processing file /home/beatriz/Documentos/airflow/airflow_venv/lib/python3.10/site-packages/airflow/example_dags/subdags/subdag.py for tasks to queue
[2024-10-15T15:07:51.427-0300] {logging_mixin.py:137} INFO - [2024-10-15T15:07:51.427-0300] {dagbag.py:532} INFO - Filling up the DagBag from /home/beatriz/Documentos/airflow/airflow_venv/lib/python3.10/site-packages/airflow/example_dags/subdags/subdag.py
[2024-10-15T15:07:51.430-0300] {processor.py:755} WARNING - No viable dags retrieved from /home/beatriz/Documentos/airflow/airflow_venv/lib/python3.10/site-packages/airflow/example_dags/subdags/subdag.py
[2024-10-15T15:07:51.437-0300] {processor.py:175} INFO - Processing /home/beatriz/Documentos/airflow/airflow_venv/lib/python3.10/site-packages/airflow/example_dags/subdags/subdag.py took 0.014 seconds
[2024-10-15T15:08:32.946-0300] {processor.py:153} INFO - Started process (PID=39432) to work on /home/beatriz/Documentos/airflow/airflow_venv/lib/python3.10/site-packages/airflow/example_dags/subdags/subdag.py
[2024-10-15T15:08:32.949-0300] {processor.py:743} INFO - Processing file /home/beatriz/Documentos/airflow/airflow_venv/lib/python3.10/site-packages/airflow/example_dags/subdags/subdag.py for tasks to queue
[2024-10-15T15:08:32.950-0300] {logging_mixin.py:137} INFO - [2024-10-15T15:08:32.950-0300] {dagbag.py:532} INFO - Filling up the DagBag from /home/beatriz/Documentos/airflow/airflow_venv/lib/python3.10/site-packages/airflow/example_dags/subdags/subdag.py
[2024-10-15T15:08:32.958-0300] {processor.py:755} WARNING - No viable dags retrieved from /home/beatriz/Documentos/airflow/airflow_venv/lib/python3.10/site-packages/airflow/example_dags/subdags/subdag.py
[2024-10-15T15:08:32.970-0300] {processor.py:175} INFO - Processing /home/beatriz/Documentos/airflow/airflow_venv/lib/python3.10/site-packages/airflow/example_dags/subdags/subdag.py took 0.031 seconds
[2024-10-15T15:09:16.538-0300] {processor.py:153} INFO - Started process (PID=39556) to work on /home/beatriz/Documentos/airflow/airflow_venv/lib/python3.10/site-packages/airflow/example_dags/subdags/subdag.py
[2024-10-15T15:09:16.540-0300] {processor.py:743} INFO - Processing file /home/beatriz/Documentos/airflow/airflow_venv/lib/python3.10/site-packages/airflow/example_dags/subdags/subdag.py for tasks to queue
[2024-10-15T15:09:16.540-0300] {logging_mixin.py:137} INFO - [2024-10-15T15:09:16.540-0300] {dagbag.py:532} INFO - Filling up the DagBag from /home/beatriz/Documentos/airflow/airflow_venv/lib/python3.10/site-packages/airflow/example_dags/subdags/subdag.py
[2024-10-15T15:09:16.544-0300] {processor.py:755} WARNING - No viable dags retrieved from /home/beatriz/Documentos/airflow/airflow_venv/lib/python3.10/site-packages/airflow/example_dags/subdags/subdag.py
[2024-10-15T15:09:16.550-0300] {processor.py:175} INFO - Processing /home/beatriz/Documentos/airflow/airflow_venv/lib/python3.10/site-packages/airflow/example_dags/subdags/subdag.py took 0.014 seconds
[2024-10-15T15:09:59.500-0300] {processor.py:153} INFO - Started process (PID=39635) to work on /home/beatriz/Documentos/airflow/airflow_venv/lib/python3.10/site-packages/airflow/example_dags/subdags/subdag.py
[2024-10-15T15:09:59.503-0300] {processor.py:743} INFO - Processing file /home/beatriz/Documentos/airflow/airflow_venv/lib/python3.10/site-packages/airflow/example_dags/subdags/subdag.py for tasks to queue
[2024-10-15T15:09:59.504-0300] {logging_mixin.py:137} INFO - [2024-10-15T15:09:59.504-0300] {dagbag.py:532} INFO - Filling up the DagBag from /home/beatriz/Documentos/airflow/airflow_venv/lib/python3.10/site-packages/airflow/example_dags/subdags/subdag.py
[2024-10-15T15:09:59.510-0300] {processor.py:755} WARNING - No viable dags retrieved from /home/beatriz/Documentos/airflow/airflow_venv/lib/python3.10/site-packages/airflow/example_dags/subdags/subdag.py
[2024-10-15T15:09:59.525-0300] {processor.py:175} INFO - Processing /home/beatriz/Documentos/airflow/airflow_venv/lib/python3.10/site-packages/airflow/example_dags/subdags/subdag.py took 0.031 seconds
[2024-10-15T15:35:08.334-0300] {processor.py:161} INFO - Started process (PID=41673) to work on /home/beatriz/Documentos/airflow/airflow_venv/lib/python3.10/site-packages/airflow/example_dags/subdags/subdag.py
[2024-10-15T15:35:08.335-0300] {processor.py:830} INFO - Processing file /home/beatriz/Documentos/airflow/airflow_venv/lib/python3.10/site-packages/airflow/example_dags/subdags/subdag.py for tasks to queue
[2024-10-15T15:35:08.337-0300] {logging_mixin.py:188} INFO - [2024-10-15T15:35:08.336-0300] {dagbag.py:540} INFO - Filling up the DagBag from /home/beatriz/Documentos/airflow/airflow_venv/lib/python3.10/site-packages/airflow/example_dags/subdags/subdag.py
[2024-10-15T15:35:08.339-0300] {processor.py:842} WARNING - No viable dags retrieved from /home/beatriz/Documentos/airflow/airflow_venv/lib/python3.10/site-packages/airflow/example_dags/subdags/subdag.py
[2024-10-15T15:35:08.347-0300] {processor.py:183} INFO - Processing /home/beatriz/Documentos/airflow/airflow_venv/lib/python3.10/site-packages/airflow/example_dags/subdags/subdag.py took 0.018 seconds
[2024-10-15T15:36:01.677-0300] {processor.py:161} INFO - Started process (PID=42156) to work on /home/beatriz/Documentos/airflow/airflow_venv/lib/python3.10/site-packages/airflow/example_dags/subdags/subdag.py
[2024-10-15T15:36:01.680-0300] {processor.py:830} INFO - Processing file /home/beatriz/Documentos/airflow/airflow_venv/lib/python3.10/site-packages/airflow/example_dags/subdags/subdag.py for tasks to queue
[2024-10-15T15:36:01.683-0300] {logging_mixin.py:188} INFO - [2024-10-15T15:36:01.682-0300] {dagbag.py:540} INFO - Filling up the DagBag from /home/beatriz/Documentos/airflow/airflow_venv/lib/python3.10/site-packages/airflow/example_dags/subdags/subdag.py
[2024-10-15T15:36:01.686-0300] {processor.py:842} WARNING - No viable dags retrieved from /home/beatriz/Documentos/airflow/airflow_venv/lib/python3.10/site-packages/airflow/example_dags/subdags/subdag.py
[2024-10-15T15:36:01.700-0300] {processor.py:183} INFO - Processing /home/beatriz/Documentos/airflow/airflow_venv/lib/python3.10/site-packages/airflow/example_dags/subdags/subdag.py took 0.033 seconds
[2024-10-15T15:36:54.483-0300] {processor.py:161} INFO - Started process (PID=42698) to work on /home/beatriz/Documentos/airflow/airflow_venv/lib/python3.10/site-packages/airflow/example_dags/subdags/subdag.py
[2024-10-15T15:36:54.486-0300] {processor.py:830} INFO - Processing file /home/beatriz/Documentos/airflow/airflow_venv/lib/python3.10/site-packages/airflow/example_dags/subdags/subdag.py for tasks to queue
[2024-10-15T15:36:54.488-0300] {logging_mixin.py:188} INFO - [2024-10-15T15:36:54.488-0300] {dagbag.py:540} INFO - Filling up the DagBag from /home/beatriz/Documentos/airflow/airflow_venv/lib/python3.10/site-packages/airflow/example_dags/subdags/subdag.py
[2024-10-15T15:36:54.491-0300] {processor.py:842} WARNING - No viable dags retrieved from /home/beatriz/Documentos/airflow/airflow_venv/lib/python3.10/site-packages/airflow/example_dags/subdags/subdag.py
[2024-10-15T15:36:54.502-0300] {processor.py:183} INFO - Processing /home/beatriz/Documentos/airflow/airflow_venv/lib/python3.10/site-packages/airflow/example_dags/subdags/subdag.py took 0.033 seconds
[2024-10-15T15:37:41.103-0300] {processor.py:161} INFO - Started process (PID=43121) to work on /home/beatriz/Documentos/airflow/airflow_venv/lib/python3.10/site-packages/airflow/example_dags/subdags/subdag.py
[2024-10-15T15:37:41.104-0300] {processor.py:830} INFO - Processing file /home/beatriz/Documentos/airflow/airflow_venv/lib/python3.10/site-packages/airflow/example_dags/subdags/subdag.py for tasks to queue
[2024-10-15T15:37:41.106-0300] {logging_mixin.py:188} INFO - [2024-10-15T15:37:41.105-0300] {dagbag.py:540} INFO - Filling up the DagBag from /home/beatriz/Documentos/airflow/airflow_venv/lib/python3.10/site-packages/airflow/example_dags/subdags/subdag.py
[2024-10-15T15:37:41.107-0300] {processor.py:842} WARNING - No viable dags retrieved from /home/beatriz/Documentos/airflow/airflow_venv/lib/python3.10/site-packages/airflow/example_dags/subdags/subdag.py
[2024-10-15T15:37:41.116-0300] {processor.py:183} INFO - Processing /home/beatriz/Documentos/airflow/airflow_venv/lib/python3.10/site-packages/airflow/example_dags/subdags/subdag.py took 0.018 seconds
[2024-10-15T15:38:31.331-0300] {processor.py:161} INFO - Started process (PID=43355) to work on /home/beatriz/Documentos/airflow/airflow_venv/lib/python3.10/site-packages/airflow/example_dags/subdags/subdag.py
[2024-10-15T15:38:31.333-0300] {processor.py:830} INFO - Processing file /home/beatriz/Documentos/airflow/airflow_venv/lib/python3.10/site-packages/airflow/example_dags/subdags/subdag.py for tasks to queue
[2024-10-15T15:38:31.334-0300] {logging_mixin.py:188} INFO - [2024-10-15T15:38:31.334-0300] {dagbag.py:540} INFO - Filling up the DagBag from /home/beatriz/Documentos/airflow/airflow_venv/lib/python3.10/site-packages/airflow/example_dags/subdags/subdag.py
[2024-10-15T15:38:31.336-0300] {processor.py:842} WARNING - No viable dags retrieved from /home/beatriz/Documentos/airflow/airflow_venv/lib/python3.10/site-packages/airflow/example_dags/subdags/subdag.py
[2024-10-15T15:38:31.345-0300] {processor.py:183} INFO - Processing /home/beatriz/Documentos/airflow/airflow_venv/lib/python3.10/site-packages/airflow/example_dags/subdags/subdag.py took 0.019 seconds
[2024-10-15T15:39:16.576-0300] {processor.py:161} INFO - Started process (PID=44015) to work on /home/beatriz/Documentos/airflow/airflow_venv/lib/python3.10/site-packages/airflow/example_dags/subdags/subdag.py
[2024-10-15T15:39:16.578-0300] {processor.py:830} INFO - Processing file /home/beatriz/Documentos/airflow/airflow_venv/lib/python3.10/site-packages/airflow/example_dags/subdags/subdag.py for tasks to queue
[2024-10-15T15:39:16.580-0300] {logging_mixin.py:188} INFO - [2024-10-15T15:39:16.580-0300] {dagbag.py:540} INFO - Filling up the DagBag from /home/beatriz/Documentos/airflow/airflow_venv/lib/python3.10/site-packages/airflow/example_dags/subdags/subdag.py
[2024-10-15T15:39:16.582-0300] {processor.py:842} WARNING - No viable dags retrieved from /home/beatriz/Documentos/airflow/airflow_venv/lib/python3.10/site-packages/airflow/example_dags/subdags/subdag.py
[2024-10-15T15:39:16.592-0300] {processor.py:183} INFO - Processing /home/beatriz/Documentos/airflow/airflow_venv/lib/python3.10/site-packages/airflow/example_dags/subdags/subdag.py took 0.021 seconds
[2024-10-15T15:40:01.317-0300] {processor.py:161} INFO - Started process (PID=44102) to work on /home/beatriz/Documentos/airflow/airflow_venv/lib/python3.10/site-packages/airflow/example_dags/subdags/subdag.py
[2024-10-15T15:40:01.320-0300] {processor.py:830} INFO - Processing file /home/beatriz/Documentos/airflow/airflow_venv/lib/python3.10/site-packages/airflow/example_dags/subdags/subdag.py for tasks to queue
[2024-10-15T15:40:01.323-0300] {logging_mixin.py:188} INFO - [2024-10-15T15:40:01.323-0300] {dagbag.py:540} INFO - Filling up the DagBag from /home/beatriz/Documentos/airflow/airflow_venv/lib/python3.10/site-packages/airflow/example_dags/subdags/subdag.py
[2024-10-15T15:40:01.327-0300] {processor.py:842} WARNING - No viable dags retrieved from /home/beatriz/Documentos/airflow/airflow_venv/lib/python3.10/site-packages/airflow/example_dags/subdags/subdag.py
[2024-10-15T15:40:01.343-0300] {processor.py:183} INFO - Processing /home/beatriz/Documentos/airflow/airflow_venv/lib/python3.10/site-packages/airflow/example_dags/subdags/subdag.py took 0.037 seconds
[2024-10-15T15:40:49.924-0300] {processor.py:161} INFO - Started process (PID=44643) to work on /home/beatriz/Documentos/airflow/airflow_venv/lib/python3.10/site-packages/airflow/example_dags/subdags/subdag.py
[2024-10-15T15:40:49.927-0300] {processor.py:830} INFO - Processing file /home/beatriz/Documentos/airflow/airflow_venv/lib/python3.10/site-packages/airflow/example_dags/subdags/subdag.py for tasks to queue
[2024-10-15T15:40:49.931-0300] {logging_mixin.py:188} INFO - [2024-10-15T15:40:49.930-0300] {dagbag.py:540} INFO - Filling up the DagBag from /home/beatriz/Documentos/airflow/airflow_venv/lib/python3.10/site-packages/airflow/example_dags/subdags/subdag.py
[2024-10-15T15:40:49.935-0300] {processor.py:842} WARNING - No viable dags retrieved from /home/beatriz/Documentos/airflow/airflow_venv/lib/python3.10/site-packages/airflow/example_dags/subdags/subdag.py
[2024-10-15T15:40:49.949-0300] {processor.py:183} INFO - Processing /home/beatriz/Documentos/airflow/airflow_venv/lib/python3.10/site-packages/airflow/example_dags/subdags/subdag.py took 0.037 seconds
