[2024-12-12T14:43:25.380-0300] {local_task_job_runner.py:120} INFO - ::group::Pre task execution logs
[2024-12-12T14:43:25.389-0300] {taskinstance.py:2073} INFO - Dependencies all met for dep_context=non-requeueable deps ti=<TaskInstance: medallion_architecture.spark_submit manual__2024-12-12T17:43:21.983291+00:00 [queued]>
[2024-12-12T14:43:25.393-0300] {taskinstance.py:2073} INFO - Dependencies all met for dep_context=requeueable deps ti=<TaskInstance: medallion_architecture.spark_submit manual__2024-12-12T17:43:21.983291+00:00 [queued]>
[2024-12-12T14:43:25.393-0300] {taskinstance.py:2303} INFO - Starting attempt 1 of 1
[2024-12-12T14:43:25.405-0300] {taskinstance.py:2327} INFO - Executing <Task(BashOperator): spark_submit> on 2024-12-12 17:43:21.983291+00:00
[2024-12-12T14:43:25.409-0300] {standard_task_runner.py:63} INFO - Started process 171459 to run task
[2024-12-12T14:43:25.411-0300] {standard_task_runner.py:90} INFO - Running: ['airflow', 'tasks', 'run', 'medallion_architecture', 'spark_submit', 'manual__2024-12-12T17:43:21.983291+00:00', '--job-id', '150', '--raw', '--subdir', 'DAGS_FOLDER/dag2.py', '--cfg-path', '/tmp/tmpl9msb7dj']
[2024-12-12T14:43:25.413-0300] {standard_task_runner.py:91} INFO - Job 150: Subtask spark_submit
[2024-12-12T14:43:25.442-0300] {task_command.py:426} INFO - Running <TaskInstance: medallion_architecture.spark_submit manual__2024-12-12T17:43:21.983291+00:00 [running]> on host beatriz-linux
[2024-12-12T14:43:25.500-0300] {taskinstance.py:2644} INFO - Exporting env vars: AIRFLOW_CTX_DAG_OWNER='airflow' AIRFLOW_CTX_DAG_ID='medallion_architecture' AIRFLOW_CTX_TASK_ID='spark_submit' AIRFLOW_CTX_EXECUTION_DATE='2024-12-12T17:43:21.983291+00:00' AIRFLOW_CTX_TRY_NUMBER='1' AIRFLOW_CTX_DAG_RUN_ID='manual__2024-12-12T17:43:21.983291+00:00'
[2024-12-12T14:43:25.501-0300] {taskinstance.py:430} INFO - ::endgroup::
[2024-12-12T14:43:25.503-0300] {subprocess.py:63} INFO - Tmp dir root location: /tmp
[2024-12-12T14:43:25.504-0300] {subprocess.py:75} INFO - Running command: ['/usr/bin/bash', '-c', '\n    export AWS_ACCESS_KEY_ID=ASIAWAA66KBXXMU7KCLM;\n    export AWS_SECRET_ACCESS_KEY=***;\n    export AWS_SESSION_TOKEN=***;\n    /opt/spark/bin/spark-submit         --packages org.apache.hadoop:hadoop-aws:3.3.4,com.amazonaws:aws-java-sdk-bundle:1.12.508         --conf spark.hadoop.fs.s3a.aws.credentials.provider=com.amazonaws.auth.DefaultAWSCredentialsProviderChain         --conf spark.hadoop.fs.s3a.endpoint=s3.amazonaws.com         --conf spark.hadoop.fs.s3a.region=us-east-1         /home/beatriz/Documentos/airflow/dags/tarefas/tarefas.py']
[2024-12-12T14:43:25.512-0300] {subprocess.py:86} INFO - Output:
[2024-12-12T14:43:27.504-0300] {subprocess.py:93} INFO - 24/12/12 14:43:27 WARN Utils: Your hostname, beatriz-linux resolves to a loopback address: 127.0.1.1; using 192.168.7.5 instead (on interface wlp0s20f3)
[2024-12-12T14:43:27.506-0300] {subprocess.py:93} INFO - 24/12/12 14:43:27 WARN Utils: Set SPARK_LOCAL_IP if you need to bind to another address
[2024-12-12T14:43:27.775-0300] {subprocess.py:93} INFO - :: loading settings :: url = jar:file:/opt/spark/jars/ivy-2.5.1.jar!/org/apache/ivy/core/settings/ivysettings.xml
[2024-12-12T14:43:27.867-0300] {subprocess.py:93} INFO - Ivy Default Cache set to: /home/beatriz/.ivy2/cache
[2024-12-12T14:43:27.868-0300] {subprocess.py:93} INFO - The jars for the packages stored in: /home/beatriz/.ivy2/jars
[2024-12-12T14:43:27.873-0300] {subprocess.py:93} INFO - org.apache.hadoop#hadoop-aws added as a dependency
[2024-12-12T14:43:27.873-0300] {subprocess.py:93} INFO - com.amazonaws#aws-java-sdk-bundle added as a dependency
[2024-12-12T14:43:27.874-0300] {subprocess.py:93} INFO - :: resolving dependencies :: org.apache.spark#spark-submit-parent-453b0af9-6a93-4493-b9f2-285214eed641;1.0
[2024-12-12T14:43:27.874-0300] {subprocess.py:93} INFO - 	confs: [default]
[2024-12-12T14:43:28.065-0300] {subprocess.py:93} INFO - 	found org.apache.hadoop#hadoop-aws;3.3.4 in central
[2024-12-12T14:43:28.129-0300] {subprocess.py:93} INFO - 	found org.wildfly.openssl#wildfly-openssl;1.0.7.Final in central
[2024-12-12T14:43:28.158-0300] {subprocess.py:93} INFO - 	found com.amazonaws#aws-java-sdk-bundle;1.12.508 in central
[2024-12-12T14:43:28.177-0300] {subprocess.py:93} INFO - :: resolution report :: resolve 294ms :: artifacts dl 9ms
[2024-12-12T14:43:28.177-0300] {subprocess.py:93} INFO - 	:: modules in use:
[2024-12-12T14:43:28.177-0300] {subprocess.py:93} INFO - 	com.amazonaws#aws-java-sdk-bundle;1.12.508 from central in [default]
[2024-12-12T14:43:28.178-0300] {subprocess.py:93} INFO - 	org.apache.hadoop#hadoop-aws;3.3.4 from central in [default]
[2024-12-12T14:43:28.178-0300] {subprocess.py:93} INFO - 	org.wildfly.openssl#wildfly-openssl;1.0.7.Final from central in [default]
[2024-12-12T14:43:28.178-0300] {subprocess.py:93} INFO - 	:: evicted modules:
[2024-12-12T14:43:28.178-0300] {subprocess.py:93} INFO - 	com.amazonaws#aws-java-sdk-bundle;1.12.262 by [com.amazonaws#aws-java-sdk-bundle;1.12.508] in [default]
[2024-12-12T14:43:28.178-0300] {subprocess.py:93} INFO - 	---------------------------------------------------------------------
[2024-12-12T14:43:28.178-0300] {subprocess.py:93} INFO - 	|                  |            modules            ||   artifacts   |
[2024-12-12T14:43:28.178-0300] {subprocess.py:93} INFO - 	|       conf       | number| search|dwnlded|evicted|| number|dwnlded|
[2024-12-12T14:43:28.178-0300] {subprocess.py:93} INFO - 	---------------------------------------------------------------------
[2024-12-12T14:43:28.179-0300] {subprocess.py:93} INFO - 	|      default     |   4   |   0   |   0   |   1   ||   3   |   0   |
[2024-12-12T14:43:28.179-0300] {subprocess.py:93} INFO - 	---------------------------------------------------------------------
[2024-12-12T14:43:28.182-0300] {subprocess.py:93} INFO - :: retrieving :: org.apache.spark#spark-submit-parent-453b0af9-6a93-4493-b9f2-285214eed641
[2024-12-12T14:43:28.183-0300] {subprocess.py:93} INFO - 	confs: [default]
[2024-12-12T14:43:28.188-0300] {subprocess.py:93} INFO - 	0 artifacts copied, 3 already retrieved (0kB/6ms)
[2024-12-12T14:43:28.892-0300] {subprocess.py:93} INFO - 24/12/12 14:43:28 INFO ShutdownHookManager: Shutdown hook called
[2024-12-12T14:43:28.893-0300] {subprocess.py:93} INFO - 24/12/12 14:43:28 INFO ShutdownHookManager: Deleting directory /tmp/spark-34b9190e-e045-4af1-878f-029394fa5cd9
[2024-12-12T14:43:28.936-0300] {subprocess.py:97} INFO - Command exited with return code 0
[2024-12-12T14:43:28.936-0300] {taskinstance.py:441} INFO - ::group::Post task execution logs
[2024-12-12T14:43:28.952-0300] {taskinstance.py:1205} INFO - Marking task as SUCCESS. dag_id=medallion_architecture, task_id=spark_submit, execution_date=20241212T174321, start_date=20241212T174325, end_date=20241212T174328
[2024-12-12T14:43:28.994-0300] {local_task_job_runner.py:240} INFO - Task exited with return code 0
[2024-12-12T14:43:29.017-0300] {taskinstance.py:3482} INFO - 1 downstream tasks scheduled from follow-on schedule check
[2024-12-12T14:43:29.022-0300] {local_task_job_runner.py:222} INFO - ::endgroup::
