[2024-12-10T10:09:58.258-0300] {processor.py:161} INFO - Started process (PID=10632) to work on /home/beatriz/Documentos/airflow/airflow_venv/lib/python3.10/site-packages/airflow/example_dags/example_branch_datetime_operator.py
[2024-12-10T10:09:58.259-0300] {processor.py:830} INFO - Processing file /home/beatriz/Documentos/airflow/airflow_venv/lib/python3.10/site-packages/airflow/example_dags/example_branch_datetime_operator.py for tasks to queue
[2024-12-10T10:09:58.260-0300] {logging_mixin.py:188} INFO - [2024-12-10T10:09:58.259-0300] {dagbag.py:540} INFO - Filling up the DagBag from /home/beatriz/Documentos/airflow/airflow_venv/lib/python3.10/site-packages/airflow/example_dags/example_branch_datetime_operator.py
[2024-12-10T10:09:58.270-0300] {processor.py:840} INFO - DAG(s) 'example_branch_datetime_operator', 'example_branch_datetime_operator_3', 'example_branch_datetime_operator_2' retrieved from /home/beatriz/Documentos/airflow/airflow_venv/lib/python3.10/site-packages/airflow/example_dags/example_branch_datetime_operator.py
[2024-12-10T10:09:58.347-0300] {logging_mixin.py:188} INFO - [2024-12-10T10:09:58.347-0300] {dag.py:3096} INFO - Sync 3 DAGs
[2024-12-10T10:09:58.360-0300] {logging_mixin.py:188} INFO - [2024-12-10T10:09:58.360-0300] {dag.py:3954} INFO - Setting next_dagrun for example_branch_datetime_operator to 2024-12-09 00:00:00+00:00, run_after=2024-12-10 00:00:00+00:00
[2024-12-10T10:09:58.362-0300] {logging_mixin.py:188} INFO - [2024-12-10T10:09:58.362-0300] {dag.py:3954} INFO - Setting next_dagrun for example_branch_datetime_operator_2 to 2024-12-09 00:00:00+00:00, run_after=2024-12-10 00:00:00+00:00
[2024-12-10T10:09:58.364-0300] {logging_mixin.py:188} INFO - [2024-12-10T10:09:58.364-0300] {dag.py:3954} INFO - Setting next_dagrun for example_branch_datetime_operator_3 to 2024-12-09 00:00:00+00:00, run_after=2024-12-10 00:00:00+00:00
[2024-12-10T10:09:58.381-0300] {processor.py:183} INFO - Processing /home/beatriz/Documentos/airflow/airflow_venv/lib/python3.10/site-packages/airflow/example_dags/example_branch_datetime_operator.py took 0.127 seconds
[2024-12-10T10:10:55.217-0300] {processor.py:161} INFO - Started process (PID=11123) to work on /home/beatriz/Documentos/airflow/airflow_venv/lib/python3.10/site-packages/airflow/example_dags/example_branch_datetime_operator.py
[2024-12-10T10:10:55.219-0300] {processor.py:830} INFO - Processing file /home/beatriz/Documentos/airflow/airflow_venv/lib/python3.10/site-packages/airflow/example_dags/example_branch_datetime_operator.py for tasks to queue
[2024-12-10T10:10:55.221-0300] {logging_mixin.py:188} INFO - [2024-12-10T10:10:55.220-0300] {dagbag.py:540} INFO - Filling up the DagBag from /home/beatriz/Documentos/airflow/airflow_venv/lib/python3.10/site-packages/airflow/example_dags/example_branch_datetime_operator.py
[2024-12-10T10:10:55.230-0300] {processor.py:840} INFO - DAG(s) 'example_branch_datetime_operator_3', 'example_branch_datetime_operator', 'example_branch_datetime_operator_2' retrieved from /home/beatriz/Documentos/airflow/airflow_venv/lib/python3.10/site-packages/airflow/example_dags/example_branch_datetime_operator.py
[2024-12-10T10:10:55.248-0300] {logging_mixin.py:188} INFO - [2024-12-10T10:10:55.248-0300] {dag.py:3096} INFO - Sync 3 DAGs
[2024-12-10T10:10:55.264-0300] {logging_mixin.py:188} INFO - [2024-12-10T10:10:55.264-0300] {dag.py:3954} INFO - Setting next_dagrun for example_branch_datetime_operator to 2024-12-09 00:00:00+00:00, run_after=2024-12-10 00:00:00+00:00
[2024-12-10T10:10:55.268-0300] {logging_mixin.py:188} INFO - [2024-12-10T10:10:55.268-0300] {dag.py:3954} INFO - Setting next_dagrun for example_branch_datetime_operator_2 to 2024-12-09 00:00:00+00:00, run_after=2024-12-10 00:00:00+00:00
[2024-12-10T10:10:55.270-0300] {logging_mixin.py:188} INFO - [2024-12-10T10:10:55.269-0300] {dag.py:3954} INFO - Setting next_dagrun for example_branch_datetime_operator_3 to 2024-12-09 00:00:00+00:00, run_after=2024-12-10 00:00:00+00:00
[2024-12-10T10:10:55.286-0300] {processor.py:183} INFO - Processing /home/beatriz/Documentos/airflow/airflow_venv/lib/python3.10/site-packages/airflow/example_dags/example_branch_datetime_operator.py took 0.073 seconds
[2024-12-10T10:12:11.037-0300] {processor.py:161} INFO - Started process (PID=11927) to work on /home/beatriz/Documentos/airflow/airflow_venv/lib/python3.10/site-packages/airflow/example_dags/example_branch_datetime_operator.py
[2024-12-10T10:12:11.038-0300] {processor.py:830} INFO - Processing file /home/beatriz/Documentos/airflow/airflow_venv/lib/python3.10/site-packages/airflow/example_dags/example_branch_datetime_operator.py for tasks to queue
[2024-12-10T10:12:11.039-0300] {logging_mixin.py:188} INFO - [2024-12-10T10:12:11.039-0300] {dagbag.py:540} INFO - Filling up the DagBag from /home/beatriz/Documentos/airflow/airflow_venv/lib/python3.10/site-packages/airflow/example_dags/example_branch_datetime_operator.py
[2024-12-10T10:12:11.049-0300] {processor.py:840} INFO - DAG(s) 'example_branch_datetime_operator_2', 'example_branch_datetime_operator', 'example_branch_datetime_operator_3' retrieved from /home/beatriz/Documentos/airflow/airflow_venv/lib/python3.10/site-packages/airflow/example_dags/example_branch_datetime_operator.py
[2024-12-10T10:12:11.068-0300] {logging_mixin.py:188} INFO - [2024-12-10T10:12:11.068-0300] {dag.py:3096} INFO - Sync 3 DAGs
[2024-12-10T10:12:11.084-0300] {logging_mixin.py:188} INFO - [2024-12-10T10:12:11.084-0300] {dag.py:3954} INFO - Setting next_dagrun for example_branch_datetime_operator to 2024-12-09 00:00:00+00:00, run_after=2024-12-10 00:00:00+00:00
[2024-12-10T10:12:11.087-0300] {logging_mixin.py:188} INFO - [2024-12-10T10:12:11.087-0300] {dag.py:3954} INFO - Setting next_dagrun for example_branch_datetime_operator_2 to 2024-12-09 00:00:00+00:00, run_after=2024-12-10 00:00:00+00:00
[2024-12-10T10:12:11.089-0300] {logging_mixin.py:188} INFO - [2024-12-10T10:12:11.089-0300] {dag.py:3954} INFO - Setting next_dagrun for example_branch_datetime_operator_3 to 2024-12-09 00:00:00+00:00, run_after=2024-12-10 00:00:00+00:00
[2024-12-10T10:12:11.103-0300] {processor.py:183} INFO - Processing /home/beatriz/Documentos/airflow/airflow_venv/lib/python3.10/site-packages/airflow/example_dags/example_branch_datetime_operator.py took 0.070 seconds
[2024-12-10T10:13:24.877-0300] {processor.py:161} INFO - Started process (PID=12368) to work on /home/beatriz/Documentos/airflow/airflow_venv/lib/python3.10/site-packages/airflow/example_dags/example_branch_datetime_operator.py
[2024-12-10T10:13:24.880-0300] {processor.py:830} INFO - Processing file /home/beatriz/Documentos/airflow/airflow_venv/lib/python3.10/site-packages/airflow/example_dags/example_branch_datetime_operator.py for tasks to queue
[2024-12-10T10:13:24.884-0300] {logging_mixin.py:188} INFO - [2024-12-10T10:13:24.883-0300] {dagbag.py:540} INFO - Filling up the DagBag from /home/beatriz/Documentos/airflow/airflow_venv/lib/python3.10/site-packages/airflow/example_dags/example_branch_datetime_operator.py
[2024-12-10T10:13:24.900-0300] {processor.py:840} INFO - DAG(s) 'example_branch_datetime_operator_3', 'example_branch_datetime_operator', 'example_branch_datetime_operator_2' retrieved from /home/beatriz/Documentos/airflow/airflow_venv/lib/python3.10/site-packages/airflow/example_dags/example_branch_datetime_operator.py
[2024-12-10T10:13:24.918-0300] {logging_mixin.py:188} INFO - [2024-12-10T10:13:24.918-0300] {dag.py:3096} INFO - Sync 3 DAGs
[2024-12-10T10:13:24.934-0300] {logging_mixin.py:188} INFO - [2024-12-10T10:13:24.934-0300] {dag.py:3954} INFO - Setting next_dagrun for example_branch_datetime_operator to 2024-12-09 00:00:00+00:00, run_after=2024-12-10 00:00:00+00:00
[2024-12-10T10:13:24.938-0300] {logging_mixin.py:188} INFO - [2024-12-10T10:13:24.938-0300] {dag.py:3954} INFO - Setting next_dagrun for example_branch_datetime_operator_2 to 2024-12-09 00:00:00+00:00, run_after=2024-12-10 00:00:00+00:00
[2024-12-10T10:13:24.940-0300] {logging_mixin.py:188} INFO - [2024-12-10T10:13:24.940-0300] {dag.py:3954} INFO - Setting next_dagrun for example_branch_datetime_operator_3 to 2024-12-09 00:00:00+00:00, run_after=2024-12-10 00:00:00+00:00
[2024-12-10T10:13:24.955-0300] {processor.py:183} INFO - Processing /home/beatriz/Documentos/airflow/airflow_venv/lib/python3.10/site-packages/airflow/example_dags/example_branch_datetime_operator.py took 0.091 seconds
[2024-12-10T10:14:40.158-0300] {processor.py:161} INFO - Started process (PID=13226) to work on /home/beatriz/Documentos/airflow/airflow_venv/lib/python3.10/site-packages/airflow/example_dags/example_branch_datetime_operator.py
[2024-12-10T10:14:40.160-0300] {processor.py:830} INFO - Processing file /home/beatriz/Documentos/airflow/airflow_venv/lib/python3.10/site-packages/airflow/example_dags/example_branch_datetime_operator.py for tasks to queue
[2024-12-10T10:14:40.162-0300] {logging_mixin.py:188} INFO - [2024-12-10T10:14:40.161-0300] {dagbag.py:540} INFO - Filling up the DagBag from /home/beatriz/Documentos/airflow/airflow_venv/lib/python3.10/site-packages/airflow/example_dags/example_branch_datetime_operator.py
[2024-12-10T10:14:40.171-0300] {processor.py:840} INFO - DAG(s) 'example_branch_datetime_operator', 'example_branch_datetime_operator_3', 'example_branch_datetime_operator_2' retrieved from /home/beatriz/Documentos/airflow/airflow_venv/lib/python3.10/site-packages/airflow/example_dags/example_branch_datetime_operator.py
[2024-12-10T10:14:40.188-0300] {logging_mixin.py:188} INFO - [2024-12-10T10:14:40.188-0300] {dag.py:3096} INFO - Sync 3 DAGs
[2024-12-10T10:14:40.204-0300] {logging_mixin.py:188} INFO - [2024-12-10T10:14:40.204-0300] {dag.py:3954} INFO - Setting next_dagrun for example_branch_datetime_operator to 2024-12-09 00:00:00+00:00, run_after=2024-12-10 00:00:00+00:00
[2024-12-10T10:14:40.208-0300] {logging_mixin.py:188} INFO - [2024-12-10T10:14:40.208-0300] {dag.py:3954} INFO - Setting next_dagrun for example_branch_datetime_operator_2 to 2024-12-09 00:00:00+00:00, run_after=2024-12-10 00:00:00+00:00
[2024-12-10T10:14:40.210-0300] {logging_mixin.py:188} INFO - [2024-12-10T10:14:40.209-0300] {dag.py:3954} INFO - Setting next_dagrun for example_branch_datetime_operator_3 to 2024-12-09 00:00:00+00:00, run_after=2024-12-10 00:00:00+00:00
[2024-12-10T10:14:40.225-0300] {processor.py:183} INFO - Processing /home/beatriz/Documentos/airflow/airflow_venv/lib/python3.10/site-packages/airflow/example_dags/example_branch_datetime_operator.py took 0.070 seconds
[2024-12-10T10:15:50.822-0300] {processor.py:161} INFO - Started process (PID=13690) to work on /home/beatriz/Documentos/airflow/airflow_venv/lib/python3.10/site-packages/airflow/example_dags/example_branch_datetime_operator.py
[2024-12-10T10:15:50.824-0300] {processor.py:830} INFO - Processing file /home/beatriz/Documentos/airflow/airflow_venv/lib/python3.10/site-packages/airflow/example_dags/example_branch_datetime_operator.py for tasks to queue
[2024-12-10T10:15:50.825-0300] {logging_mixin.py:188} INFO - [2024-12-10T10:15:50.825-0300] {dagbag.py:540} INFO - Filling up the DagBag from /home/beatriz/Documentos/airflow/airflow_venv/lib/python3.10/site-packages/airflow/example_dags/example_branch_datetime_operator.py
[2024-12-10T10:15:50.833-0300] {processor.py:840} INFO - DAG(s) 'example_branch_datetime_operator_3', 'example_branch_datetime_operator', 'example_branch_datetime_operator_2' retrieved from /home/beatriz/Documentos/airflow/airflow_venv/lib/python3.10/site-packages/airflow/example_dags/example_branch_datetime_operator.py
[2024-12-10T10:15:50.850-0300] {logging_mixin.py:188} INFO - [2024-12-10T10:15:50.849-0300] {dag.py:3096} INFO - Sync 3 DAGs
[2024-12-10T10:15:50.866-0300] {logging_mixin.py:188} INFO - [2024-12-10T10:15:50.866-0300] {dag.py:3954} INFO - Setting next_dagrun for example_branch_datetime_operator to 2024-12-09 00:00:00+00:00, run_after=2024-12-10 00:00:00+00:00
[2024-12-10T10:15:50.870-0300] {logging_mixin.py:188} INFO - [2024-12-10T10:15:50.869-0300] {dag.py:3954} INFO - Setting next_dagrun for example_branch_datetime_operator_2 to 2024-12-09 00:00:00+00:00, run_after=2024-12-10 00:00:00+00:00
[2024-12-10T10:15:50.871-0300] {logging_mixin.py:188} INFO - [2024-12-10T10:15:50.871-0300] {dag.py:3954} INFO - Setting next_dagrun for example_branch_datetime_operator_3 to 2024-12-09 00:00:00+00:00, run_after=2024-12-10 00:00:00+00:00
[2024-12-10T10:15:50.887-0300] {processor.py:183} INFO - Processing /home/beatriz/Documentos/airflow/airflow_venv/lib/python3.10/site-packages/airflow/example_dags/example_branch_datetime_operator.py took 0.069 seconds
[2024-12-10T10:17:09.599-0300] {processor.py:161} INFO - Started process (PID=14513) to work on /home/beatriz/Documentos/airflow/airflow_venv/lib/python3.10/site-packages/airflow/example_dags/example_branch_datetime_operator.py
[2024-12-10T10:17:09.602-0300] {processor.py:830} INFO - Processing file /home/beatriz/Documentos/airflow/airflow_venv/lib/python3.10/site-packages/airflow/example_dags/example_branch_datetime_operator.py for tasks to queue
[2024-12-10T10:17:09.605-0300] {logging_mixin.py:188} INFO - [2024-12-10T10:17:09.605-0300] {dagbag.py:540} INFO - Filling up the DagBag from /home/beatriz/Documentos/airflow/airflow_venv/lib/python3.10/site-packages/airflow/example_dags/example_branch_datetime_operator.py
[2024-12-10T10:17:09.623-0300] {processor.py:840} INFO - DAG(s) 'example_branch_datetime_operator_3', 'example_branch_datetime_operator', 'example_branch_datetime_operator_2' retrieved from /home/beatriz/Documentos/airflow/airflow_venv/lib/python3.10/site-packages/airflow/example_dags/example_branch_datetime_operator.py
[2024-12-10T10:17:09.641-0300] {logging_mixin.py:188} INFO - [2024-12-10T10:17:09.641-0300] {dag.py:3096} INFO - Sync 3 DAGs
[2024-12-10T10:17:09.658-0300] {logging_mixin.py:188} INFO - [2024-12-10T10:17:09.657-0300] {dag.py:3954} INFO - Setting next_dagrun for example_branch_datetime_operator to 2024-12-09 00:00:00+00:00, run_after=2024-12-10 00:00:00+00:00
[2024-12-10T10:17:09.661-0300] {logging_mixin.py:188} INFO - [2024-12-10T10:17:09.661-0300] {dag.py:3954} INFO - Setting next_dagrun for example_branch_datetime_operator_2 to 2024-12-09 00:00:00+00:00, run_after=2024-12-10 00:00:00+00:00
[2024-12-10T10:17:09.663-0300] {logging_mixin.py:188} INFO - [2024-12-10T10:17:09.663-0300] {dag.py:3954} INFO - Setting next_dagrun for example_branch_datetime_operator_3 to 2024-12-09 00:00:00+00:00, run_after=2024-12-10 00:00:00+00:00
[2024-12-10T10:17:09.678-0300] {processor.py:183} INFO - Processing /home/beatriz/Documentos/airflow/airflow_venv/lib/python3.10/site-packages/airflow/example_dags/example_branch_datetime_operator.py took 0.092 seconds
[2024-12-10T10:18:03.634-0300] {processor.py:161} INFO - Started process (PID=14911) to work on /home/beatriz/Documentos/airflow/airflow_venv/lib/python3.10/site-packages/airflow/example_dags/example_branch_datetime_operator.py
[2024-12-10T10:18:03.635-0300] {processor.py:830} INFO - Processing file /home/beatriz/Documentos/airflow/airflow_venv/lib/python3.10/site-packages/airflow/example_dags/example_branch_datetime_operator.py for tasks to queue
[2024-12-10T10:18:03.636-0300] {logging_mixin.py:188} INFO - [2024-12-10T10:18:03.636-0300] {dagbag.py:540} INFO - Filling up the DagBag from /home/beatriz/Documentos/airflow/airflow_venv/lib/python3.10/site-packages/airflow/example_dags/example_branch_datetime_operator.py
[2024-12-10T10:18:03.646-0300] {processor.py:840} INFO - DAG(s) 'example_branch_datetime_operator_2', 'example_branch_datetime_operator', 'example_branch_datetime_operator_3' retrieved from /home/beatriz/Documentos/airflow/airflow_venv/lib/python3.10/site-packages/airflow/example_dags/example_branch_datetime_operator.py
[2024-12-10T10:18:03.668-0300] {logging_mixin.py:188} INFO - [2024-12-10T10:18:03.667-0300] {dag.py:3096} INFO - Sync 3 DAGs
[2024-12-10T10:18:03.696-0300] {logging_mixin.py:188} INFO - [2024-12-10T10:18:03.695-0300] {dag.py:3954} INFO - Setting next_dagrun for example_branch_datetime_operator to 2024-12-09 00:00:00+00:00, run_after=2024-12-10 00:00:00+00:00
[2024-12-10T10:18:03.702-0300] {logging_mixin.py:188} INFO - [2024-12-10T10:18:03.702-0300] {dag.py:3954} INFO - Setting next_dagrun for example_branch_datetime_operator_2 to 2024-12-09 00:00:00+00:00, run_after=2024-12-10 00:00:00+00:00
[2024-12-10T10:18:03.705-0300] {logging_mixin.py:188} INFO - [2024-12-10T10:18:03.705-0300] {dag.py:3954} INFO - Setting next_dagrun for example_branch_datetime_operator_3 to 2024-12-09 00:00:00+00:00, run_after=2024-12-10 00:00:00+00:00
[2024-12-10T10:18:03.734-0300] {processor.py:183} INFO - Processing /home/beatriz/Documentos/airflow/airflow_venv/lib/python3.10/site-packages/airflow/example_dags/example_branch_datetime_operator.py took 0.105 seconds
[2024-12-10T11:01:44.156-0300] {processor.py:161} INFO - Started process (PID=19742) to work on /home/beatriz/Documentos/airflow/airflow_venv/lib/python3.10/site-packages/airflow/example_dags/example_branch_datetime_operator.py
[2024-12-10T11:01:44.159-0300] {processor.py:830} INFO - Processing file /home/beatriz/Documentos/airflow/airflow_venv/lib/python3.10/site-packages/airflow/example_dags/example_branch_datetime_operator.py for tasks to queue
[2024-12-10T11:01:44.161-0300] {logging_mixin.py:188} INFO - [2024-12-10T11:01:44.160-0300] {dagbag.py:540} INFO - Filling up the DagBag from /home/beatriz/Documentos/airflow/airflow_venv/lib/python3.10/site-packages/airflow/example_dags/example_branch_datetime_operator.py
[2024-12-10T11:01:44.177-0300] {processor.py:840} INFO - DAG(s) 'example_branch_datetime_operator_2', 'example_branch_datetime_operator', 'example_branch_datetime_operator_3' retrieved from /home/beatriz/Documentos/airflow/airflow_venv/lib/python3.10/site-packages/airflow/example_dags/example_branch_datetime_operator.py
[2024-12-10T11:01:44.265-0300] {logging_mixin.py:188} INFO - [2024-12-10T11:01:44.265-0300] {dag.py:3096} INFO - Sync 3 DAGs
[2024-12-10T11:01:44.278-0300] {logging_mixin.py:188} INFO - [2024-12-10T11:01:44.278-0300] {dag.py:3954} INFO - Setting next_dagrun for example_branch_datetime_operator to 2024-12-09 00:00:00+00:00, run_after=2024-12-10 00:00:00+00:00
[2024-12-10T11:01:44.281-0300] {logging_mixin.py:188} INFO - [2024-12-10T11:01:44.281-0300] {dag.py:3954} INFO - Setting next_dagrun for example_branch_datetime_operator_2 to 2024-12-09 00:00:00+00:00, run_after=2024-12-10 00:00:00+00:00
[2024-12-10T11:01:44.283-0300] {logging_mixin.py:188} INFO - [2024-12-10T11:01:44.283-0300] {dag.py:3954} INFO - Setting next_dagrun for example_branch_datetime_operator_3 to 2024-12-09 00:00:00+00:00, run_after=2024-12-10 00:00:00+00:00
[2024-12-10T11:01:44.299-0300] {processor.py:183} INFO - Processing /home/beatriz/Documentos/airflow/airflow_venv/lib/python3.10/site-packages/airflow/example_dags/example_branch_datetime_operator.py took 0.151 seconds
[2024-12-10T11:02:41.882-0300] {processor.py:161} INFO - Started process (PID=20179) to work on /home/beatriz/Documentos/airflow/airflow_venv/lib/python3.10/site-packages/airflow/example_dags/example_branch_datetime_operator.py
[2024-12-10T11:02:41.883-0300] {processor.py:830} INFO - Processing file /home/beatriz/Documentos/airflow/airflow_venv/lib/python3.10/site-packages/airflow/example_dags/example_branch_datetime_operator.py for tasks to queue
[2024-12-10T11:02:41.884-0300] {logging_mixin.py:188} INFO - [2024-12-10T11:02:41.884-0300] {dagbag.py:540} INFO - Filling up the DagBag from /home/beatriz/Documentos/airflow/airflow_venv/lib/python3.10/site-packages/airflow/example_dags/example_branch_datetime_operator.py
[2024-12-10T11:02:41.896-0300] {processor.py:840} INFO - DAG(s) 'example_branch_datetime_operator_3', 'example_branch_datetime_operator_2', 'example_branch_datetime_operator' retrieved from /home/beatriz/Documentos/airflow/airflow_venv/lib/python3.10/site-packages/airflow/example_dags/example_branch_datetime_operator.py
[2024-12-10T11:02:41.913-0300] {logging_mixin.py:188} INFO - [2024-12-10T11:02:41.913-0300] {dag.py:3096} INFO - Sync 3 DAGs
[2024-12-10T11:02:41.929-0300] {logging_mixin.py:188} INFO - [2024-12-10T11:02:41.929-0300] {dag.py:3954} INFO - Setting next_dagrun for example_branch_datetime_operator to 2024-12-09 00:00:00+00:00, run_after=2024-12-10 00:00:00+00:00
[2024-12-10T11:02:41.933-0300] {logging_mixin.py:188} INFO - [2024-12-10T11:02:41.933-0300] {dag.py:3954} INFO - Setting next_dagrun for example_branch_datetime_operator_2 to 2024-12-09 00:00:00+00:00, run_after=2024-12-10 00:00:00+00:00
[2024-12-10T11:02:41.935-0300] {logging_mixin.py:188} INFO - [2024-12-10T11:02:41.934-0300] {dag.py:3954} INFO - Setting next_dagrun for example_branch_datetime_operator_3 to 2024-12-09 00:00:00+00:00, run_after=2024-12-10 00:00:00+00:00
[2024-12-10T11:02:41.951-0300] {processor.py:183} INFO - Processing /home/beatriz/Documentos/airflow/airflow_venv/lib/python3.10/site-packages/airflow/example_dags/example_branch_datetime_operator.py took 0.074 seconds
[2024-12-10T11:37:35.511-0300] {processor.py:161} INFO - Started process (PID=24854) to work on /home/beatriz/Documentos/airflow/airflow_venv/lib/python3.10/site-packages/airflow/example_dags/example_branch_datetime_operator.py
[2024-12-10T11:37:35.513-0300] {processor.py:830} INFO - Processing file /home/beatriz/Documentos/airflow/airflow_venv/lib/python3.10/site-packages/airflow/example_dags/example_branch_datetime_operator.py for tasks to queue
[2024-12-10T11:37:35.515-0300] {logging_mixin.py:188} INFO - [2024-12-10T11:37:35.515-0300] {dagbag.py:540} INFO - Filling up the DagBag from /home/beatriz/Documentos/airflow/airflow_venv/lib/python3.10/site-packages/airflow/example_dags/example_branch_datetime_operator.py
[2024-12-10T11:37:35.533-0300] {processor.py:840} INFO - DAG(s) 'example_branch_datetime_operator', 'example_branch_datetime_operator_2', 'example_branch_datetime_operator_3' retrieved from /home/beatriz/Documentos/airflow/airflow_venv/lib/python3.10/site-packages/airflow/example_dags/example_branch_datetime_operator.py
[2024-12-10T11:37:35.622-0300] {logging_mixin.py:188} INFO - [2024-12-10T11:37:35.621-0300] {dag.py:3096} INFO - Sync 3 DAGs
[2024-12-10T11:37:35.636-0300] {logging_mixin.py:188} INFO - [2024-12-10T11:37:35.635-0300] {dag.py:3954} INFO - Setting next_dagrun for example_branch_datetime_operator to 2024-12-09 00:00:00+00:00, run_after=2024-12-10 00:00:00+00:00
[2024-12-10T11:37:35.639-0300] {logging_mixin.py:188} INFO - [2024-12-10T11:37:35.639-0300] {dag.py:3954} INFO - Setting next_dagrun for example_branch_datetime_operator_2 to 2024-12-09 00:00:00+00:00, run_after=2024-12-10 00:00:00+00:00
[2024-12-10T11:37:35.641-0300] {logging_mixin.py:188} INFO - [2024-12-10T11:37:35.640-0300] {dag.py:3954} INFO - Setting next_dagrun for example_branch_datetime_operator_3 to 2024-12-09 00:00:00+00:00, run_after=2024-12-10 00:00:00+00:00
[2024-12-10T11:37:35.658-0300] {processor.py:183} INFO - Processing /home/beatriz/Documentos/airflow/airflow_venv/lib/python3.10/site-packages/airflow/example_dags/example_branch_datetime_operator.py took 0.157 seconds
[2024-12-10T11:38:34.983-0300] {processor.py:161} INFO - Started process (PID=25227) to work on /home/beatriz/Documentos/airflow/airflow_venv/lib/python3.10/site-packages/airflow/example_dags/example_branch_datetime_operator.py
[2024-12-10T11:38:34.984-0300] {processor.py:830} INFO - Processing file /home/beatriz/Documentos/airflow/airflow_venv/lib/python3.10/site-packages/airflow/example_dags/example_branch_datetime_operator.py for tasks to queue
[2024-12-10T11:38:34.985-0300] {logging_mixin.py:188} INFO - [2024-12-10T11:38:34.985-0300] {dagbag.py:540} INFO - Filling up the DagBag from /home/beatriz/Documentos/airflow/airflow_venv/lib/python3.10/site-packages/airflow/example_dags/example_branch_datetime_operator.py
[2024-12-10T11:38:34.994-0300] {processor.py:840} INFO - DAG(s) 'example_branch_datetime_operator', 'example_branch_datetime_operator_3', 'example_branch_datetime_operator_2' retrieved from /home/beatriz/Documentos/airflow/airflow_venv/lib/python3.10/site-packages/airflow/example_dags/example_branch_datetime_operator.py
[2024-12-10T11:38:35.011-0300] {logging_mixin.py:188} INFO - [2024-12-10T11:38:35.011-0300] {dag.py:3096} INFO - Sync 3 DAGs
[2024-12-10T11:38:35.027-0300] {logging_mixin.py:188} INFO - [2024-12-10T11:38:35.027-0300] {dag.py:3954} INFO - Setting next_dagrun for example_branch_datetime_operator to 2024-12-09 00:00:00+00:00, run_after=2024-12-10 00:00:00+00:00
[2024-12-10T11:38:35.031-0300] {logging_mixin.py:188} INFO - [2024-12-10T11:38:35.030-0300] {dag.py:3954} INFO - Setting next_dagrun for example_branch_datetime_operator_2 to 2024-12-09 00:00:00+00:00, run_after=2024-12-10 00:00:00+00:00
[2024-12-10T11:38:35.032-0300] {logging_mixin.py:188} INFO - [2024-12-10T11:38:35.032-0300] {dag.py:3954} INFO - Setting next_dagrun for example_branch_datetime_operator_3 to 2024-12-09 00:00:00+00:00, run_after=2024-12-10 00:00:00+00:00
[2024-12-10T11:38:35.048-0300] {processor.py:183} INFO - Processing /home/beatriz/Documentos/airflow/airflow_venv/lib/python3.10/site-packages/airflow/example_dags/example_branch_datetime_operator.py took 0.070 seconds
[2024-12-10T11:39:32.009-0300] {processor.py:161} INFO - Started process (PID=25613) to work on /home/beatriz/Documentos/airflow/airflow_venv/lib/python3.10/site-packages/airflow/example_dags/example_branch_datetime_operator.py
[2024-12-10T11:39:32.011-0300] {processor.py:830} INFO - Processing file /home/beatriz/Documentos/airflow/airflow_venv/lib/python3.10/site-packages/airflow/example_dags/example_branch_datetime_operator.py for tasks to queue
[2024-12-10T11:39:32.014-0300] {logging_mixin.py:188} INFO - [2024-12-10T11:39:32.013-0300] {dagbag.py:540} INFO - Filling up the DagBag from /home/beatriz/Documentos/airflow/airflow_venv/lib/python3.10/site-packages/airflow/example_dags/example_branch_datetime_operator.py
[2024-12-10T11:39:32.029-0300] {processor.py:840} INFO - DAG(s) 'example_branch_datetime_operator_2', 'example_branch_datetime_operator', 'example_branch_datetime_operator_3' retrieved from /home/beatriz/Documentos/airflow/airflow_venv/lib/python3.10/site-packages/airflow/example_dags/example_branch_datetime_operator.py
[2024-12-10T11:39:32.051-0300] {logging_mixin.py:188} INFO - [2024-12-10T11:39:32.051-0300] {dag.py:3096} INFO - Sync 3 DAGs
[2024-12-10T11:39:32.073-0300] {logging_mixin.py:188} INFO - [2024-12-10T11:39:32.072-0300] {dag.py:3954} INFO - Setting next_dagrun for example_branch_datetime_operator to 2024-12-09 00:00:00+00:00, run_after=2024-12-10 00:00:00+00:00
[2024-12-10T11:39:32.077-0300] {logging_mixin.py:188} INFO - [2024-12-10T11:39:32.077-0300] {dag.py:3954} INFO - Setting next_dagrun for example_branch_datetime_operator_2 to 2024-12-09 00:00:00+00:00, run_after=2024-12-10 00:00:00+00:00
[2024-12-10T11:39:32.080-0300] {logging_mixin.py:188} INFO - [2024-12-10T11:39:32.079-0300] {dag.py:3954} INFO - Setting next_dagrun for example_branch_datetime_operator_3 to 2024-12-09 00:00:00+00:00, run_after=2024-12-10 00:00:00+00:00
[2024-12-10T11:39:32.103-0300] {processor.py:183} INFO - Processing /home/beatriz/Documentos/airflow/airflow_venv/lib/python3.10/site-packages/airflow/example_dags/example_branch_datetime_operator.py took 0.107 seconds
[2024-12-10T11:40:55.318-0300] {processor.py:161} INFO - Started process (PID=26337) to work on /home/beatriz/Documentos/airflow/airflow_venv/lib/python3.10/site-packages/airflow/example_dags/example_branch_datetime_operator.py
[2024-12-10T11:40:55.319-0300] {processor.py:830} INFO - Processing file /home/beatriz/Documentos/airflow/airflow_venv/lib/python3.10/site-packages/airflow/example_dags/example_branch_datetime_operator.py for tasks to queue
[2024-12-10T11:40:55.320-0300] {logging_mixin.py:188} INFO - [2024-12-10T11:40:55.319-0300] {dagbag.py:540} INFO - Filling up the DagBag from /home/beatriz/Documentos/airflow/airflow_venv/lib/python3.10/site-packages/airflow/example_dags/example_branch_datetime_operator.py
[2024-12-10T11:40:55.329-0300] {processor.py:840} INFO - DAG(s) 'example_branch_datetime_operator_3', 'example_branch_datetime_operator', 'example_branch_datetime_operator_2' retrieved from /home/beatriz/Documentos/airflow/airflow_venv/lib/python3.10/site-packages/airflow/example_dags/example_branch_datetime_operator.py
[2024-12-10T11:40:55.347-0300] {logging_mixin.py:188} INFO - [2024-12-10T11:40:55.347-0300] {dag.py:3096} INFO - Sync 3 DAGs
[2024-12-10T11:40:55.363-0300] {logging_mixin.py:188} INFO - [2024-12-10T11:40:55.363-0300] {dag.py:3954} INFO - Setting next_dagrun for example_branch_datetime_operator to 2024-12-09 00:00:00+00:00, run_after=2024-12-10 00:00:00+00:00
[2024-12-10T11:40:55.367-0300] {logging_mixin.py:188} INFO - [2024-12-10T11:40:55.367-0300] {dag.py:3954} INFO - Setting next_dagrun for example_branch_datetime_operator_2 to 2024-12-09 00:00:00+00:00, run_after=2024-12-10 00:00:00+00:00
[2024-12-10T11:40:55.369-0300] {logging_mixin.py:188} INFO - [2024-12-10T11:40:55.369-0300] {dag.py:3954} INFO - Setting next_dagrun for example_branch_datetime_operator_3 to 2024-12-09 00:00:00+00:00, run_after=2024-12-10 00:00:00+00:00
[2024-12-10T11:40:55.384-0300] {processor.py:183} INFO - Processing /home/beatriz/Documentos/airflow/airflow_venv/lib/python3.10/site-packages/airflow/example_dags/example_branch_datetime_operator.py took 0.071 seconds
[2024-12-10T11:42:19.998-0300] {processor.py:161} INFO - Started process (PID=26792) to work on /home/beatriz/Documentos/airflow/airflow_venv/lib/python3.10/site-packages/airflow/example_dags/example_branch_datetime_operator.py
[2024-12-10T11:42:19.999-0300] {processor.py:830} INFO - Processing file /home/beatriz/Documentos/airflow/airflow_venv/lib/python3.10/site-packages/airflow/example_dags/example_branch_datetime_operator.py for tasks to queue
[2024-12-10T11:42:20.000-0300] {logging_mixin.py:188} INFO - [2024-12-10T11:42:20.000-0300] {dagbag.py:540} INFO - Filling up the DagBag from /home/beatriz/Documentos/airflow/airflow_venv/lib/python3.10/site-packages/airflow/example_dags/example_branch_datetime_operator.py
[2024-12-10T11:42:20.010-0300] {processor.py:840} INFO - DAG(s) 'example_branch_datetime_operator_2', 'example_branch_datetime_operator', 'example_branch_datetime_operator_3' retrieved from /home/beatriz/Documentos/airflow/airflow_venv/lib/python3.10/site-packages/airflow/example_dags/example_branch_datetime_operator.py
[2024-12-10T11:42:20.028-0300] {logging_mixin.py:188} INFO - [2024-12-10T11:42:20.028-0300] {dag.py:3096} INFO - Sync 3 DAGs
[2024-12-10T11:42:20.044-0300] {logging_mixin.py:188} INFO - [2024-12-10T11:42:20.044-0300] {dag.py:3954} INFO - Setting next_dagrun for example_branch_datetime_operator to 2024-12-09 00:00:00+00:00, run_after=2024-12-10 00:00:00+00:00
[2024-12-10T11:42:20.047-0300] {logging_mixin.py:188} INFO - [2024-12-10T11:42:20.047-0300] {dag.py:3954} INFO - Setting next_dagrun for example_branch_datetime_operator_2 to 2024-12-09 00:00:00+00:00, run_after=2024-12-10 00:00:00+00:00
[2024-12-10T11:42:20.049-0300] {logging_mixin.py:188} INFO - [2024-12-10T11:42:20.049-0300] {dag.py:3954} INFO - Setting next_dagrun for example_branch_datetime_operator_3 to 2024-12-09 00:00:00+00:00, run_after=2024-12-10 00:00:00+00:00
[2024-12-10T11:42:20.064-0300] {processor.py:183} INFO - Processing /home/beatriz/Documentos/airflow/airflow_venv/lib/python3.10/site-packages/airflow/example_dags/example_branch_datetime_operator.py took 0.070 seconds
[2024-12-10T11:43:40.220-0300] {processor.py:161} INFO - Started process (PID=27566) to work on /home/beatriz/Documentos/airflow/airflow_venv/lib/python3.10/site-packages/airflow/example_dags/example_branch_datetime_operator.py
[2024-12-10T11:43:40.222-0300] {processor.py:830} INFO - Processing file /home/beatriz/Documentos/airflow/airflow_venv/lib/python3.10/site-packages/airflow/example_dags/example_branch_datetime_operator.py for tasks to queue
[2024-12-10T11:43:40.225-0300] {logging_mixin.py:188} INFO - [2024-12-10T11:43:40.225-0300] {dagbag.py:540} INFO - Filling up the DagBag from /home/beatriz/Documentos/airflow/airflow_venv/lib/python3.10/site-packages/airflow/example_dags/example_branch_datetime_operator.py
[2024-12-10T11:43:40.244-0300] {processor.py:840} INFO - DAG(s) 'example_branch_datetime_operator_2', 'example_branch_datetime_operator', 'example_branch_datetime_operator_3' retrieved from /home/beatriz/Documentos/airflow/airflow_venv/lib/python3.10/site-packages/airflow/example_dags/example_branch_datetime_operator.py
[2024-12-10T11:43:40.263-0300] {logging_mixin.py:188} INFO - [2024-12-10T11:43:40.263-0300] {dag.py:3096} INFO - Sync 3 DAGs
[2024-12-10T11:43:40.280-0300] {logging_mixin.py:188} INFO - [2024-12-10T11:43:40.280-0300] {dag.py:3954} INFO - Setting next_dagrun for example_branch_datetime_operator to 2024-12-09 00:00:00+00:00, run_after=2024-12-10 00:00:00+00:00
[2024-12-10T11:43:40.284-0300] {logging_mixin.py:188} INFO - [2024-12-10T11:43:40.283-0300] {dag.py:3954} INFO - Setting next_dagrun for example_branch_datetime_operator_2 to 2024-12-09 00:00:00+00:00, run_after=2024-12-10 00:00:00+00:00
[2024-12-10T11:43:40.285-0300] {logging_mixin.py:188} INFO - [2024-12-10T11:43:40.285-0300] {dag.py:3954} INFO - Setting next_dagrun for example_branch_datetime_operator_3 to 2024-12-09 00:00:00+00:00, run_after=2024-12-10 00:00:00+00:00
[2024-12-10T11:43:40.302-0300] {processor.py:183} INFO - Processing /home/beatriz/Documentos/airflow/airflow_venv/lib/python3.10/site-packages/airflow/example_dags/example_branch_datetime_operator.py took 0.095 seconds
[2024-12-10T11:45:07.666-0300] {processor.py:161} INFO - Started process (PID=28471) to work on /home/beatriz/Documentos/airflow/airflow_venv/lib/python3.10/site-packages/airflow/example_dags/example_branch_datetime_operator.py
[2024-12-10T11:45:07.668-0300] {processor.py:830} INFO - Processing file /home/beatriz/Documentos/airflow/airflow_venv/lib/python3.10/site-packages/airflow/example_dags/example_branch_datetime_operator.py for tasks to queue
[2024-12-10T11:45:07.672-0300] {logging_mixin.py:188} INFO - [2024-12-10T11:45:07.671-0300] {dagbag.py:540} INFO - Filling up the DagBag from /home/beatriz/Documentos/airflow/airflow_venv/lib/python3.10/site-packages/airflow/example_dags/example_branch_datetime_operator.py
[2024-12-10T11:45:07.689-0300] {processor.py:840} INFO - DAG(s) 'example_branch_datetime_operator', 'example_branch_datetime_operator_3', 'example_branch_datetime_operator_2' retrieved from /home/beatriz/Documentos/airflow/airflow_venv/lib/python3.10/site-packages/airflow/example_dags/example_branch_datetime_operator.py
[2024-12-10T11:45:07.707-0300] {logging_mixin.py:188} INFO - [2024-12-10T11:45:07.707-0300] {dag.py:3096} INFO - Sync 3 DAGs
[2024-12-10T11:45:07.724-0300] {logging_mixin.py:188} INFO - [2024-12-10T11:45:07.724-0300] {dag.py:3954} INFO - Setting next_dagrun for example_branch_datetime_operator to 2024-12-09 00:00:00+00:00, run_after=2024-12-10 00:00:00+00:00
[2024-12-10T11:45:07.728-0300] {logging_mixin.py:188} INFO - [2024-12-10T11:45:07.728-0300] {dag.py:3954} INFO - Setting next_dagrun for example_branch_datetime_operator_2 to 2024-12-09 00:00:00+00:00, run_after=2024-12-10 00:00:00+00:00
[2024-12-10T11:45:07.730-0300] {logging_mixin.py:188} INFO - [2024-12-10T11:45:07.730-0300] {dag.py:3954} INFO - Setting next_dagrun for example_branch_datetime_operator_3 to 2024-12-09 00:00:00+00:00, run_after=2024-12-10 00:00:00+00:00
[2024-12-10T11:45:07.749-0300] {processor.py:183} INFO - Processing /home/beatriz/Documentos/airflow/airflow_venv/lib/python3.10/site-packages/airflow/example_dags/example_branch_datetime_operator.py took 0.097 seconds
[2024-12-10T11:46:05.418-0300] {processor.py:161} INFO - Started process (PID=28885) to work on /home/beatriz/Documentos/airflow/airflow_venv/lib/python3.10/site-packages/airflow/example_dags/example_branch_datetime_operator.py
[2024-12-10T11:46:05.420-0300] {processor.py:830} INFO - Processing file /home/beatriz/Documentos/airflow/airflow_venv/lib/python3.10/site-packages/airflow/example_dags/example_branch_datetime_operator.py for tasks to queue
[2024-12-10T11:46:05.424-0300] {logging_mixin.py:188} INFO - [2024-12-10T11:46:05.423-0300] {dagbag.py:540} INFO - Filling up the DagBag from /home/beatriz/Documentos/airflow/airflow_venv/lib/python3.10/site-packages/airflow/example_dags/example_branch_datetime_operator.py
[2024-12-10T11:46:05.450-0300] {processor.py:840} INFO - DAG(s) 'example_branch_datetime_operator_3', 'example_branch_datetime_operator_2', 'example_branch_datetime_operator' retrieved from /home/beatriz/Documentos/airflow/airflow_venv/lib/python3.10/site-packages/airflow/example_dags/example_branch_datetime_operator.py
[2024-12-10T11:46:05.473-0300] {logging_mixin.py:188} INFO - [2024-12-10T11:46:05.473-0300] {dag.py:3096} INFO - Sync 3 DAGs
[2024-12-10T11:46:05.492-0300] {logging_mixin.py:188} INFO - [2024-12-10T11:46:05.492-0300] {dag.py:3954} INFO - Setting next_dagrun for example_branch_datetime_operator to 2024-12-09 00:00:00+00:00, run_after=2024-12-10 00:00:00+00:00
[2024-12-10T11:46:05.496-0300] {logging_mixin.py:188} INFO - [2024-12-10T11:46:05.495-0300] {dag.py:3954} INFO - Setting next_dagrun for example_branch_datetime_operator_2 to 2024-12-09 00:00:00+00:00, run_after=2024-12-10 00:00:00+00:00
[2024-12-10T11:46:05.498-0300] {logging_mixin.py:188} INFO - [2024-12-10T11:46:05.497-0300] {dag.py:3954} INFO - Setting next_dagrun for example_branch_datetime_operator_3 to 2024-12-09 00:00:00+00:00, run_after=2024-12-10 00:00:00+00:00
[2024-12-10T11:46:05.513-0300] {processor.py:183} INFO - Processing /home/beatriz/Documentos/airflow/airflow_venv/lib/python3.10/site-packages/airflow/example_dags/example_branch_datetime_operator.py took 0.110 seconds
[2024-12-10T11:49:23.411-0300] {processor.py:161} INFO - Started process (PID=30946) to work on /home/beatriz/Documentos/airflow/airflow_venv/lib/python3.10/site-packages/airflow/example_dags/example_branch_datetime_operator.py
[2024-12-10T11:49:23.412-0300] {processor.py:830} INFO - Processing file /home/beatriz/Documentos/airflow/airflow_venv/lib/python3.10/site-packages/airflow/example_dags/example_branch_datetime_operator.py for tasks to queue
[2024-12-10T11:49:23.412-0300] {logging_mixin.py:188} INFO - [2024-12-10T11:49:23.412-0300] {dagbag.py:540} INFO - Filling up the DagBag from /home/beatriz/Documentos/airflow/airflow_venv/lib/python3.10/site-packages/airflow/example_dags/example_branch_datetime_operator.py
[2024-12-10T11:49:23.421-0300] {processor.py:840} INFO - DAG(s) 'example_branch_datetime_operator_3', 'example_branch_datetime_operator', 'example_branch_datetime_operator_2' retrieved from /home/beatriz/Documentos/airflow/airflow_venv/lib/python3.10/site-packages/airflow/example_dags/example_branch_datetime_operator.py
[2024-12-10T11:49:23.438-0300] {logging_mixin.py:188} INFO - [2024-12-10T11:49:23.438-0300] {dag.py:3096} INFO - Sync 3 DAGs
[2024-12-10T11:49:23.452-0300] {logging_mixin.py:188} INFO - [2024-12-10T11:49:23.452-0300] {dag.py:3954} INFO - Setting next_dagrun for example_branch_datetime_operator to 2024-12-09 00:00:00+00:00, run_after=2024-12-10 00:00:00+00:00
[2024-12-10T11:49:23.455-0300] {logging_mixin.py:188} INFO - [2024-12-10T11:49:23.455-0300] {dag.py:3954} INFO - Setting next_dagrun for example_branch_datetime_operator_2 to 2024-12-09 00:00:00+00:00, run_after=2024-12-10 00:00:00+00:00
[2024-12-10T11:49:23.457-0300] {logging_mixin.py:188} INFO - [2024-12-10T11:49:23.457-0300] {dag.py:3954} INFO - Setting next_dagrun for example_branch_datetime_operator_3 to 2024-12-09 00:00:00+00:00, run_after=2024-12-10 00:00:00+00:00
[2024-12-10T11:49:23.473-0300] {processor.py:183} INFO - Processing /home/beatriz/Documentos/airflow/airflow_venv/lib/python3.10/site-packages/airflow/example_dags/example_branch_datetime_operator.py took 0.066 seconds
[2024-12-10T11:50:22.281-0300] {processor.py:161} INFO - Started process (PID=31364) to work on /home/beatriz/Documentos/airflow/airflow_venv/lib/python3.10/site-packages/airflow/example_dags/example_branch_datetime_operator.py
[2024-12-10T11:50:22.282-0300] {processor.py:830} INFO - Processing file /home/beatriz/Documentos/airflow/airflow_venv/lib/python3.10/site-packages/airflow/example_dags/example_branch_datetime_operator.py for tasks to queue
[2024-12-10T11:50:22.283-0300] {logging_mixin.py:188} INFO - [2024-12-10T11:50:22.283-0300] {dagbag.py:540} INFO - Filling up the DagBag from /home/beatriz/Documentos/airflow/airflow_venv/lib/python3.10/site-packages/airflow/example_dags/example_branch_datetime_operator.py
[2024-12-10T11:50:22.291-0300] {processor.py:840} INFO - DAG(s) 'example_branch_datetime_operator', 'example_branch_datetime_operator_2', 'example_branch_datetime_operator_3' retrieved from /home/beatriz/Documentos/airflow/airflow_venv/lib/python3.10/site-packages/airflow/example_dags/example_branch_datetime_operator.py
[2024-12-10T11:50:22.309-0300] {logging_mixin.py:188} INFO - [2024-12-10T11:50:22.309-0300] {dag.py:3096} INFO - Sync 3 DAGs
[2024-12-10T11:50:22.323-0300] {logging_mixin.py:188} INFO - [2024-12-10T11:50:22.322-0300] {dag.py:3954} INFO - Setting next_dagrun for example_branch_datetime_operator to 2024-12-09 00:00:00+00:00, run_after=2024-12-10 00:00:00+00:00
[2024-12-10T11:50:22.326-0300] {logging_mixin.py:188} INFO - [2024-12-10T11:50:22.326-0300] {dag.py:3954} INFO - Setting next_dagrun for example_branch_datetime_operator_2 to 2024-12-09 00:00:00+00:00, run_after=2024-12-10 00:00:00+00:00
[2024-12-10T11:50:22.327-0300] {logging_mixin.py:188} INFO - [2024-12-10T11:50:22.327-0300] {dag.py:3954} INFO - Setting next_dagrun for example_branch_datetime_operator_3 to 2024-12-09 00:00:00+00:00, run_after=2024-12-10 00:00:00+00:00
[2024-12-10T11:50:22.343-0300] {processor.py:183} INFO - Processing /home/beatriz/Documentos/airflow/airflow_venv/lib/python3.10/site-packages/airflow/example_dags/example_branch_datetime_operator.py took 0.066 seconds
[2024-12-10T11:51:21.228-0300] {processor.py:161} INFO - Started process (PID=31769) to work on /home/beatriz/Documentos/airflow/airflow_venv/lib/python3.10/site-packages/airflow/example_dags/example_branch_datetime_operator.py
[2024-12-10T11:51:21.230-0300] {processor.py:830} INFO - Processing file /home/beatriz/Documentos/airflow/airflow_venv/lib/python3.10/site-packages/airflow/example_dags/example_branch_datetime_operator.py for tasks to queue
[2024-12-10T11:51:21.231-0300] {logging_mixin.py:188} INFO - [2024-12-10T11:51:21.231-0300] {dagbag.py:540} INFO - Filling up the DagBag from /home/beatriz/Documentos/airflow/airflow_venv/lib/python3.10/site-packages/airflow/example_dags/example_branch_datetime_operator.py
[2024-12-10T11:51:21.249-0300] {processor.py:840} INFO - DAG(s) 'example_branch_datetime_operator_2', 'example_branch_datetime_operator', 'example_branch_datetime_operator_3' retrieved from /home/beatriz/Documentos/airflow/airflow_venv/lib/python3.10/site-packages/airflow/example_dags/example_branch_datetime_operator.py
[2024-12-10T11:51:21.269-0300] {logging_mixin.py:188} INFO - [2024-12-10T11:51:21.269-0300] {dag.py:3096} INFO - Sync 3 DAGs
[2024-12-10T11:51:21.283-0300] {logging_mixin.py:188} INFO - [2024-12-10T11:51:21.283-0300] {dag.py:3954} INFO - Setting next_dagrun for example_branch_datetime_operator to 2024-12-09 00:00:00+00:00, run_after=2024-12-10 00:00:00+00:00
[2024-12-10T11:51:21.286-0300] {logging_mixin.py:188} INFO - [2024-12-10T11:51:21.286-0300] {dag.py:3954} INFO - Setting next_dagrun for example_branch_datetime_operator_2 to 2024-12-09 00:00:00+00:00, run_after=2024-12-10 00:00:00+00:00
[2024-12-10T11:51:21.288-0300] {logging_mixin.py:188} INFO - [2024-12-10T11:51:21.288-0300] {dag.py:3954} INFO - Setting next_dagrun for example_branch_datetime_operator_3 to 2024-12-09 00:00:00+00:00, run_after=2024-12-10 00:00:00+00:00
[2024-12-10T11:51:21.303-0300] {processor.py:183} INFO - Processing /home/beatriz/Documentos/airflow/airflow_venv/lib/python3.10/site-packages/airflow/example_dags/example_branch_datetime_operator.py took 0.084 seconds
[2024-12-10T11:52:18.822-0300] {processor.py:161} INFO - Started process (PID=32239) to work on /home/beatriz/Documentos/airflow/airflow_venv/lib/python3.10/site-packages/airflow/example_dags/example_branch_datetime_operator.py
[2024-12-10T11:52:18.822-0300] {processor.py:830} INFO - Processing file /home/beatriz/Documentos/airflow/airflow_venv/lib/python3.10/site-packages/airflow/example_dags/example_branch_datetime_operator.py for tasks to queue
[2024-12-10T11:52:18.823-0300] {logging_mixin.py:188} INFO - [2024-12-10T11:52:18.823-0300] {dagbag.py:540} INFO - Filling up the DagBag from /home/beatriz/Documentos/airflow/airflow_venv/lib/python3.10/site-packages/airflow/example_dags/example_branch_datetime_operator.py
[2024-12-10T11:52:18.831-0300] {processor.py:840} INFO - DAG(s) 'example_branch_datetime_operator', 'example_branch_datetime_operator_3', 'example_branch_datetime_operator_2' retrieved from /home/beatriz/Documentos/airflow/airflow_venv/lib/python3.10/site-packages/airflow/example_dags/example_branch_datetime_operator.py
[2024-12-10T11:52:18.847-0300] {logging_mixin.py:188} INFO - [2024-12-10T11:52:18.847-0300] {dag.py:3096} INFO - Sync 3 DAGs
[2024-12-10T11:52:18.860-0300] {logging_mixin.py:188} INFO - [2024-12-10T11:52:18.860-0300] {dag.py:3954} INFO - Setting next_dagrun for example_branch_datetime_operator to 2024-12-09 00:00:00+00:00, run_after=2024-12-10 00:00:00+00:00
[2024-12-10T11:52:18.863-0300] {logging_mixin.py:188} INFO - [2024-12-10T11:52:18.863-0300] {dag.py:3954} INFO - Setting next_dagrun for example_branch_datetime_operator_2 to 2024-12-09 00:00:00+00:00, run_after=2024-12-10 00:00:00+00:00
[2024-12-10T11:52:18.865-0300] {logging_mixin.py:188} INFO - [2024-12-10T11:52:18.865-0300] {dag.py:3954} INFO - Setting next_dagrun for example_branch_datetime_operator_3 to 2024-12-09 00:00:00+00:00, run_after=2024-12-10 00:00:00+00:00
[2024-12-10T11:52:18.880-0300] {processor.py:183} INFO - Processing /home/beatriz/Documentos/airflow/airflow_venv/lib/python3.10/site-packages/airflow/example_dags/example_branch_datetime_operator.py took 0.063 seconds
[2024-12-10T11:53:40.491-0300] {processor.py:161} INFO - Started process (PID=33263) to work on /home/beatriz/Documentos/airflow/airflow_venv/lib/python3.10/site-packages/airflow/example_dags/example_branch_datetime_operator.py
[2024-12-10T11:53:40.517-0300] {processor.py:830} INFO - Processing file /home/beatriz/Documentos/airflow/airflow_venv/lib/python3.10/site-packages/airflow/example_dags/example_branch_datetime_operator.py for tasks to queue
[2024-12-10T11:53:40.520-0300] {logging_mixin.py:188} INFO - [2024-12-10T11:53:40.519-0300] {dagbag.py:540} INFO - Filling up the DagBag from /home/beatriz/Documentos/airflow/airflow_venv/lib/python3.10/site-packages/airflow/example_dags/example_branch_datetime_operator.py
[2024-12-10T11:53:40.546-0300] {processor.py:840} INFO - DAG(s) 'example_branch_datetime_operator_2', 'example_branch_datetime_operator_3', 'example_branch_datetime_operator' retrieved from /home/beatriz/Documentos/airflow/airflow_venv/lib/python3.10/site-packages/airflow/example_dags/example_branch_datetime_operator.py
[2024-12-10T11:53:40.619-0300] {logging_mixin.py:188} INFO - [2024-12-10T11:53:40.619-0300] {dag.py:3096} INFO - Sync 3 DAGs
[2024-12-10T11:53:40.645-0300] {logging_mixin.py:188} INFO - [2024-12-10T11:53:40.645-0300] {dag.py:3954} INFO - Setting next_dagrun for example_branch_datetime_operator to 2024-12-09 00:00:00+00:00, run_after=2024-12-10 00:00:00+00:00
[2024-12-10T11:53:40.649-0300] {logging_mixin.py:188} INFO - [2024-12-10T11:53:40.649-0300] {dag.py:3954} INFO - Setting next_dagrun for example_branch_datetime_operator_2 to 2024-12-09 00:00:00+00:00, run_after=2024-12-10 00:00:00+00:00
[2024-12-10T11:53:40.651-0300] {logging_mixin.py:188} INFO - [2024-12-10T11:53:40.651-0300] {dag.py:3954} INFO - Setting next_dagrun for example_branch_datetime_operator_3 to 2024-12-09 00:00:00+00:00, run_after=2024-12-10 00:00:00+00:00
[2024-12-10T11:53:40.683-0300] {processor.py:183} INFO - Processing /home/beatriz/Documentos/airflow/airflow_venv/lib/python3.10/site-packages/airflow/example_dags/example_branch_datetime_operator.py took 0.204 seconds
[2024-12-10T11:55:59.087-0300] {processor.py:161} INFO - Started process (PID=34610) to work on /home/beatriz/Documentos/airflow/airflow_venv/lib/python3.10/site-packages/airflow/example_dags/example_branch_datetime_operator.py
[2024-12-10T11:55:59.088-0300] {processor.py:830} INFO - Processing file /home/beatriz/Documentos/airflow/airflow_venv/lib/python3.10/site-packages/airflow/example_dags/example_branch_datetime_operator.py for tasks to queue
[2024-12-10T11:55:59.089-0300] {logging_mixin.py:188} INFO - [2024-12-10T11:55:59.088-0300] {dagbag.py:540} INFO - Filling up the DagBag from /home/beatriz/Documentos/airflow/airflow_venv/lib/python3.10/site-packages/airflow/example_dags/example_branch_datetime_operator.py
[2024-12-10T11:55:59.097-0300] {processor.py:840} INFO - DAG(s) 'example_branch_datetime_operator_3', 'example_branch_datetime_operator', 'example_branch_datetime_operator_2' retrieved from /home/beatriz/Documentos/airflow/airflow_venv/lib/python3.10/site-packages/airflow/example_dags/example_branch_datetime_operator.py
[2024-12-10T11:55:59.114-0300] {logging_mixin.py:188} INFO - [2024-12-10T11:55:59.114-0300] {dag.py:3096} INFO - Sync 3 DAGs
[2024-12-10T11:55:59.129-0300] {logging_mixin.py:188} INFO - [2024-12-10T11:55:59.129-0300] {dag.py:3954} INFO - Setting next_dagrun for example_branch_datetime_operator to 2024-12-09 00:00:00+00:00, run_after=2024-12-10 00:00:00+00:00
[2024-12-10T11:55:59.132-0300] {logging_mixin.py:188} INFO - [2024-12-10T11:55:59.132-0300] {dag.py:3954} INFO - Setting next_dagrun for example_branch_datetime_operator_2 to 2024-12-09 00:00:00+00:00, run_after=2024-12-10 00:00:00+00:00
[2024-12-10T11:55:59.134-0300] {logging_mixin.py:188} INFO - [2024-12-10T11:55:59.134-0300] {dag.py:3954} INFO - Setting next_dagrun for example_branch_datetime_operator_3 to 2024-12-09 00:00:00+00:00, run_after=2024-12-10 00:00:00+00:00
[2024-12-10T11:55:59.149-0300] {processor.py:183} INFO - Processing /home/beatriz/Documentos/airflow/airflow_venv/lib/python3.10/site-packages/airflow/example_dags/example_branch_datetime_operator.py took 0.067 seconds
[2024-12-10T11:56:57.806-0300] {processor.py:161} INFO - Started process (PID=35141) to work on /home/beatriz/Documentos/airflow/airflow_venv/lib/python3.10/site-packages/airflow/example_dags/example_branch_datetime_operator.py
[2024-12-10T11:56:57.808-0300] {processor.py:830} INFO - Processing file /home/beatriz/Documentos/airflow/airflow_venv/lib/python3.10/site-packages/airflow/example_dags/example_branch_datetime_operator.py for tasks to queue
[2024-12-10T11:56:57.810-0300] {logging_mixin.py:188} INFO - [2024-12-10T11:56:57.809-0300] {dagbag.py:540} INFO - Filling up the DagBag from /home/beatriz/Documentos/airflow/airflow_venv/lib/python3.10/site-packages/airflow/example_dags/example_branch_datetime_operator.py
[2024-12-10T11:56:57.829-0300] {processor.py:840} INFO - DAG(s) 'example_branch_datetime_operator_3', 'example_branch_datetime_operator_2', 'example_branch_datetime_operator' retrieved from /home/beatriz/Documentos/airflow/airflow_venv/lib/python3.10/site-packages/airflow/example_dags/example_branch_datetime_operator.py
[2024-12-10T11:56:57.848-0300] {logging_mixin.py:188} INFO - [2024-12-10T11:56:57.847-0300] {dag.py:3096} INFO - Sync 3 DAGs
[2024-12-10T11:56:57.862-0300] {logging_mixin.py:188} INFO - [2024-12-10T11:56:57.862-0300] {dag.py:3954} INFO - Setting next_dagrun for example_branch_datetime_operator to 2024-12-09 00:00:00+00:00, run_after=2024-12-10 00:00:00+00:00
[2024-12-10T11:56:57.866-0300] {logging_mixin.py:188} INFO - [2024-12-10T11:56:57.865-0300] {dag.py:3954} INFO - Setting next_dagrun for example_branch_datetime_operator_2 to 2024-12-09 00:00:00+00:00, run_after=2024-12-10 00:00:00+00:00
[2024-12-10T11:56:57.868-0300] {logging_mixin.py:188} INFO - [2024-12-10T11:56:57.867-0300] {dag.py:3954} INFO - Setting next_dagrun for example_branch_datetime_operator_3 to 2024-12-09 00:00:00+00:00, run_after=2024-12-10 00:00:00+00:00
[2024-12-10T11:56:57.884-0300] {processor.py:183} INFO - Processing /home/beatriz/Documentos/airflow/airflow_venv/lib/python3.10/site-packages/airflow/example_dags/example_branch_datetime_operator.py took 0.093 seconds
[2024-12-10T11:58:24.489-0300] {processor.py:161} INFO - Started process (PID=35873) to work on /home/beatriz/Documentos/airflow/airflow_venv/lib/python3.10/site-packages/airflow/example_dags/example_branch_datetime_operator.py
[2024-12-10T11:58:24.489-0300] {processor.py:830} INFO - Processing file /home/beatriz/Documentos/airflow/airflow_venv/lib/python3.10/site-packages/airflow/example_dags/example_branch_datetime_operator.py for tasks to queue
[2024-12-10T11:58:24.491-0300] {logging_mixin.py:188} INFO - [2024-12-10T11:58:24.490-0300] {dagbag.py:540} INFO - Filling up the DagBag from /home/beatriz/Documentos/airflow/airflow_venv/lib/python3.10/site-packages/airflow/example_dags/example_branch_datetime_operator.py
[2024-12-10T11:58:24.502-0300] {processor.py:840} INFO - DAG(s) 'example_branch_datetime_operator', 'example_branch_datetime_operator_3', 'example_branch_datetime_operator_2' retrieved from /home/beatriz/Documentos/airflow/airflow_venv/lib/python3.10/site-packages/airflow/example_dags/example_branch_datetime_operator.py
[2024-12-10T11:58:24.522-0300] {logging_mixin.py:188} INFO - [2024-12-10T11:58:24.522-0300] {dag.py:3096} INFO - Sync 3 DAGs
[2024-12-10T11:58:24.539-0300] {logging_mixin.py:188} INFO - [2024-12-10T11:58:24.539-0300] {dag.py:3954} INFO - Setting next_dagrun for example_branch_datetime_operator to 2024-12-09 00:00:00+00:00, run_after=2024-12-10 00:00:00+00:00
[2024-12-10T11:58:24.543-0300] {logging_mixin.py:188} INFO - [2024-12-10T11:58:24.543-0300] {dag.py:3954} INFO - Setting next_dagrun for example_branch_datetime_operator_2 to 2024-12-09 00:00:00+00:00, run_after=2024-12-10 00:00:00+00:00
[2024-12-10T11:58:24.546-0300] {logging_mixin.py:188} INFO - [2024-12-10T11:58:24.546-0300] {dag.py:3954} INFO - Setting next_dagrun for example_branch_datetime_operator_3 to 2024-12-09 00:00:00+00:00, run_after=2024-12-10 00:00:00+00:00
[2024-12-10T11:58:24.566-0300] {processor.py:183} INFO - Processing /home/beatriz/Documentos/airflow/airflow_venv/lib/python3.10/site-packages/airflow/example_dags/example_branch_datetime_operator.py took 0.082 seconds
[2024-12-10T12:00:00.316-0300] {processor.py:161} INFO - Started process (PID=36406) to work on /home/beatriz/Documentos/airflow/airflow_venv/lib/python3.10/site-packages/airflow/example_dags/example_branch_datetime_operator.py
[2024-12-10T12:00:00.317-0300] {processor.py:830} INFO - Processing file /home/beatriz/Documentos/airflow/airflow_venv/lib/python3.10/site-packages/airflow/example_dags/example_branch_datetime_operator.py for tasks to queue
[2024-12-10T12:00:00.317-0300] {logging_mixin.py:188} INFO - [2024-12-10T12:00:00.317-0300] {dagbag.py:540} INFO - Filling up the DagBag from /home/beatriz/Documentos/airflow/airflow_venv/lib/python3.10/site-packages/airflow/example_dags/example_branch_datetime_operator.py
[2024-12-10T12:00:00.330-0300] {processor.py:840} INFO - DAG(s) 'example_branch_datetime_operator_3', 'example_branch_datetime_operator', 'example_branch_datetime_operator_2' retrieved from /home/beatriz/Documentos/airflow/airflow_venv/lib/python3.10/site-packages/airflow/example_dags/example_branch_datetime_operator.py
[2024-12-10T12:00:00.352-0300] {logging_mixin.py:188} INFO - [2024-12-10T12:00:00.352-0300] {dag.py:3096} INFO - Sync 3 DAGs
[2024-12-10T12:00:00.371-0300] {logging_mixin.py:188} INFO - [2024-12-10T12:00:00.371-0300] {dag.py:3954} INFO - Setting next_dagrun for example_branch_datetime_operator to 2024-12-09 00:00:00+00:00, run_after=2024-12-10 00:00:00+00:00
[2024-12-10T12:00:00.374-0300] {logging_mixin.py:188} INFO - [2024-12-10T12:00:00.374-0300] {dag.py:3954} INFO - Setting next_dagrun for example_branch_datetime_operator_2 to 2024-12-09 00:00:00+00:00, run_after=2024-12-10 00:00:00+00:00
[2024-12-10T12:00:00.378-0300] {logging_mixin.py:188} INFO - [2024-12-10T12:00:00.377-0300] {dag.py:3954} INFO - Setting next_dagrun for example_branch_datetime_operator_3 to 2024-12-09 00:00:00+00:00, run_after=2024-12-10 00:00:00+00:00
[2024-12-10T12:00:00.399-0300] {processor.py:183} INFO - Processing /home/beatriz/Documentos/airflow/airflow_venv/lib/python3.10/site-packages/airflow/example_dags/example_branch_datetime_operator.py took 0.089 seconds
[2024-12-10T12:01:33.047-0300] {processor.py:161} INFO - Started process (PID=37078) to work on /home/beatriz/Documentos/airflow/airflow_venv/lib/python3.10/site-packages/airflow/example_dags/example_branch_datetime_operator.py
[2024-12-10T12:01:33.048-0300] {processor.py:830} INFO - Processing file /home/beatriz/Documentos/airflow/airflow_venv/lib/python3.10/site-packages/airflow/example_dags/example_branch_datetime_operator.py for tasks to queue
[2024-12-10T12:01:33.049-0300] {logging_mixin.py:188} INFO - [2024-12-10T12:01:33.048-0300] {dagbag.py:540} INFO - Filling up the DagBag from /home/beatriz/Documentos/airflow/airflow_venv/lib/python3.10/site-packages/airflow/example_dags/example_branch_datetime_operator.py
[2024-12-10T12:01:33.058-0300] {processor.py:840} INFO - DAG(s) 'example_branch_datetime_operator', 'example_branch_datetime_operator_2', 'example_branch_datetime_operator_3' retrieved from /home/beatriz/Documentos/airflow/airflow_venv/lib/python3.10/site-packages/airflow/example_dags/example_branch_datetime_operator.py
[2024-12-10T12:01:33.076-0300] {logging_mixin.py:188} INFO - [2024-12-10T12:01:33.076-0300] {dag.py:3096} INFO - Sync 3 DAGs
[2024-12-10T12:01:33.091-0300] {logging_mixin.py:188} INFO - [2024-12-10T12:01:33.090-0300] {dag.py:3954} INFO - Setting next_dagrun for example_branch_datetime_operator to 2024-12-09 00:00:00+00:00, run_after=2024-12-10 00:00:00+00:00
[2024-12-10T12:01:33.094-0300] {logging_mixin.py:188} INFO - [2024-12-10T12:01:33.093-0300] {dag.py:3954} INFO - Setting next_dagrun for example_branch_datetime_operator_2 to 2024-12-09 00:00:00+00:00, run_after=2024-12-10 00:00:00+00:00
[2024-12-10T12:01:33.095-0300] {logging_mixin.py:188} INFO - [2024-12-10T12:01:33.095-0300] {dag.py:3954} INFO - Setting next_dagrun for example_branch_datetime_operator_3 to 2024-12-09 00:00:00+00:00, run_after=2024-12-10 00:00:00+00:00
[2024-12-10T12:01:33.110-0300] {processor.py:183} INFO - Processing /home/beatriz/Documentos/airflow/airflow_venv/lib/python3.10/site-packages/airflow/example_dags/example_branch_datetime_operator.py took 0.068 seconds
[2024-12-10T13:34:55.114-0300] {processor.py:161} INFO - Started process (PID=40495) to work on /home/beatriz/Documentos/airflow/airflow_venv/lib/python3.10/site-packages/airflow/example_dags/example_branch_datetime_operator.py
[2024-12-10T13:34:55.114-0300] {processor.py:830} INFO - Processing file /home/beatriz/Documentos/airflow/airflow_venv/lib/python3.10/site-packages/airflow/example_dags/example_branch_datetime_operator.py for tasks to queue
[2024-12-10T13:34:55.116-0300] {logging_mixin.py:188} INFO - [2024-12-10T13:34:55.115-0300] {dagbag.py:540} INFO - Filling up the DagBag from /home/beatriz/Documentos/airflow/airflow_venv/lib/python3.10/site-packages/airflow/example_dags/example_branch_datetime_operator.py
[2024-12-10T13:34:55.127-0300] {processor.py:840} INFO - DAG(s) 'example_branch_datetime_operator_3', 'example_branch_datetime_operator_2', 'example_branch_datetime_operator' retrieved from /home/beatriz/Documentos/airflow/airflow_venv/lib/python3.10/site-packages/airflow/example_dags/example_branch_datetime_operator.py
[2024-12-10T13:34:55.236-0300] {logging_mixin.py:188} INFO - [2024-12-10T13:34:55.236-0300] {dag.py:3096} INFO - Sync 3 DAGs
[2024-12-10T13:34:55.266-0300] {logging_mixin.py:188} INFO - [2024-12-10T13:34:55.265-0300] {dag.py:3954} INFO - Setting next_dagrun for example_branch_datetime_operator to 2024-12-09 00:00:00+00:00, run_after=2024-12-10 00:00:00+00:00
[2024-12-10T13:34:55.341-0300] {logging_mixin.py:188} INFO - [2024-12-10T13:34:55.341-0300] {dag.py:3954} INFO - Setting next_dagrun for example_branch_datetime_operator_2 to 2024-12-09 00:00:00+00:00, run_after=2024-12-10 00:00:00+00:00
[2024-12-10T13:34:55.344-0300] {logging_mixin.py:188} INFO - [2024-12-10T13:34:55.344-0300] {dag.py:3954} INFO - Setting next_dagrun for example_branch_datetime_operator_3 to 2024-12-09 00:00:00+00:00, run_after=2024-12-10 00:00:00+00:00
[2024-12-10T13:34:55.363-0300] {processor.py:183} INFO - Processing /home/beatriz/Documentos/airflow/airflow_venv/lib/python3.10/site-packages/airflow/example_dags/example_branch_datetime_operator.py took 0.254 seconds
[2024-12-10T13:36:24.745-0300] {processor.py:161} INFO - Started process (PID=41733) to work on /home/beatriz/Documentos/airflow/airflow_venv/lib/python3.10/site-packages/airflow/example_dags/example_branch_datetime_operator.py
[2024-12-10T13:36:24.746-0300] {processor.py:830} INFO - Processing file /home/beatriz/Documentos/airflow/airflow_venv/lib/python3.10/site-packages/airflow/example_dags/example_branch_datetime_operator.py for tasks to queue
[2024-12-10T13:36:24.747-0300] {logging_mixin.py:188} INFO - [2024-12-10T13:36:24.747-0300] {dagbag.py:540} INFO - Filling up the DagBag from /home/beatriz/Documentos/airflow/airflow_venv/lib/python3.10/site-packages/airflow/example_dags/example_branch_datetime_operator.py
[2024-12-10T13:36:24.757-0300] {processor.py:840} INFO - DAG(s) 'example_branch_datetime_operator', 'example_branch_datetime_operator_2', 'example_branch_datetime_operator_3' retrieved from /home/beatriz/Documentos/airflow/airflow_venv/lib/python3.10/site-packages/airflow/example_dags/example_branch_datetime_operator.py
[2024-12-10T13:36:24.774-0300] {logging_mixin.py:188} INFO - [2024-12-10T13:36:24.774-0300] {dag.py:3096} INFO - Sync 3 DAGs
[2024-12-10T13:36:24.790-0300] {logging_mixin.py:188} INFO - [2024-12-10T13:36:24.790-0300] {dag.py:3954} INFO - Setting next_dagrun for example_branch_datetime_operator to 2024-12-09 00:00:00+00:00, run_after=2024-12-10 00:00:00+00:00
[2024-12-10T13:36:24.794-0300] {logging_mixin.py:188} INFO - [2024-12-10T13:36:24.794-0300] {dag.py:3954} INFO - Setting next_dagrun for example_branch_datetime_operator_2 to 2024-12-09 00:00:00+00:00, run_after=2024-12-10 00:00:00+00:00
[2024-12-10T13:36:24.796-0300] {logging_mixin.py:188} INFO - [2024-12-10T13:36:24.795-0300] {dag.py:3954} INFO - Setting next_dagrun for example_branch_datetime_operator_3 to 2024-12-09 00:00:00+00:00, run_after=2024-12-10 00:00:00+00:00
[2024-12-10T13:36:24.812-0300] {processor.py:183} INFO - Processing /home/beatriz/Documentos/airflow/airflow_venv/lib/python3.10/site-packages/airflow/example_dags/example_branch_datetime_operator.py took 0.071 seconds
[2024-12-10T13:37:29.242-0300] {processor.py:161} INFO - Started process (PID=42392) to work on /home/beatriz/Documentos/airflow/airflow_venv/lib/python3.10/site-packages/airflow/example_dags/example_branch_datetime_operator.py
[2024-12-10T13:37:29.244-0300] {processor.py:830} INFO - Processing file /home/beatriz/Documentos/airflow/airflow_venv/lib/python3.10/site-packages/airflow/example_dags/example_branch_datetime_operator.py for tasks to queue
[2024-12-10T13:37:29.248-0300] {logging_mixin.py:188} INFO - [2024-12-10T13:37:29.246-0300] {dagbag.py:540} INFO - Filling up the DagBag from /home/beatriz/Documentos/airflow/airflow_venv/lib/python3.10/site-packages/airflow/example_dags/example_branch_datetime_operator.py
[2024-12-10T13:37:29.267-0300] {processor.py:840} INFO - DAG(s) 'example_branch_datetime_operator_2', 'example_branch_datetime_operator_3', 'example_branch_datetime_operator' retrieved from /home/beatriz/Documentos/airflow/airflow_venv/lib/python3.10/site-packages/airflow/example_dags/example_branch_datetime_operator.py
[2024-12-10T13:37:29.286-0300] {logging_mixin.py:188} INFO - [2024-12-10T13:37:29.286-0300] {dag.py:3096} INFO - Sync 3 DAGs
[2024-12-10T13:37:29.371-0300] {logging_mixin.py:188} INFO - [2024-12-10T13:37:29.371-0300] {dag.py:3954} INFO - Setting next_dagrun for example_branch_datetime_operator to 2024-12-09 00:00:00+00:00, run_after=2024-12-10 00:00:00+00:00
[2024-12-10T13:37:29.376-0300] {logging_mixin.py:188} INFO - [2024-12-10T13:37:29.375-0300] {dag.py:3954} INFO - Setting next_dagrun for example_branch_datetime_operator_2 to 2024-12-09 00:00:00+00:00, run_after=2024-12-10 00:00:00+00:00
[2024-12-10T13:37:29.379-0300] {logging_mixin.py:188} INFO - [2024-12-10T13:37:29.378-0300] {dag.py:3954} INFO - Setting next_dagrun for example_branch_datetime_operator_3 to 2024-12-09 00:00:00+00:00, run_after=2024-12-10 00:00:00+00:00
[2024-12-10T13:37:29.397-0300] {processor.py:183} INFO - Processing /home/beatriz/Documentos/airflow/airflow_venv/lib/python3.10/site-packages/airflow/example_dags/example_branch_datetime_operator.py took 0.167 seconds
[2024-12-10T13:38:36.756-0300] {processor.py:161} INFO - Started process (PID=43060) to work on /home/beatriz/Documentos/airflow/airflow_venv/lib/python3.10/site-packages/airflow/example_dags/example_branch_datetime_operator.py
[2024-12-10T13:38:36.757-0300] {processor.py:830} INFO - Processing file /home/beatriz/Documentos/airflow/airflow_venv/lib/python3.10/site-packages/airflow/example_dags/example_branch_datetime_operator.py for tasks to queue
[2024-12-10T13:38:36.759-0300] {logging_mixin.py:188} INFO - [2024-12-10T13:38:36.759-0300] {dagbag.py:540} INFO - Filling up the DagBag from /home/beatriz/Documentos/airflow/airflow_venv/lib/python3.10/site-packages/airflow/example_dags/example_branch_datetime_operator.py
[2024-12-10T13:38:36.774-0300] {processor.py:840} INFO - DAG(s) 'example_branch_datetime_operator_3', 'example_branch_datetime_operator', 'example_branch_datetime_operator_2' retrieved from /home/beatriz/Documentos/airflow/airflow_venv/lib/python3.10/site-packages/airflow/example_dags/example_branch_datetime_operator.py
[2024-12-10T13:38:36.792-0300] {logging_mixin.py:188} INFO - [2024-12-10T13:38:36.791-0300] {dag.py:3096} INFO - Sync 3 DAGs
[2024-12-10T13:38:36.808-0300] {logging_mixin.py:188} INFO - [2024-12-10T13:38:36.807-0300] {dag.py:3954} INFO - Setting next_dagrun for example_branch_datetime_operator to 2024-12-09 00:00:00+00:00, run_after=2024-12-10 00:00:00+00:00
[2024-12-10T13:38:36.811-0300] {logging_mixin.py:188} INFO - [2024-12-10T13:38:36.811-0300] {dag.py:3954} INFO - Setting next_dagrun for example_branch_datetime_operator_2 to 2024-12-09 00:00:00+00:00, run_after=2024-12-10 00:00:00+00:00
[2024-12-10T13:38:36.813-0300] {logging_mixin.py:188} INFO - [2024-12-10T13:38:36.813-0300] {dag.py:3954} INFO - Setting next_dagrun for example_branch_datetime_operator_3 to 2024-12-09 00:00:00+00:00, run_after=2024-12-10 00:00:00+00:00
[2024-12-10T13:38:36.836-0300] {processor.py:183} INFO - Processing /home/beatriz/Documentos/airflow/airflow_venv/lib/python3.10/site-packages/airflow/example_dags/example_branch_datetime_operator.py took 0.093 seconds
