[2024-12-10T10:09:27.392-0300] {processor.py:161} INFO - Started process (PID=10329) to work on /home/beatriz/Documentos/airflow/airflow_venv/lib/python3.10/site-packages/airflow/example_dags/example_short_circuit_decorator.py
[2024-12-10T10:09:27.392-0300] {processor.py:830} INFO - Processing file /home/beatriz/Documentos/airflow/airflow_venv/lib/python3.10/site-packages/airflow/example_dags/example_short_circuit_decorator.py for tasks to queue
[2024-12-10T10:09:27.393-0300] {logging_mixin.py:188} INFO - [2024-12-10T10:09:27.393-0300] {dagbag.py:540} INFO - Filling up the DagBag from /home/beatriz/Documentos/airflow/airflow_venv/lib/python3.10/site-packages/airflow/example_dags/example_short_circuit_decorator.py
[2024-12-10T10:09:27.400-0300] {processor.py:840} INFO - DAG(s) 'example_short_circuit_decorator' retrieved from /home/beatriz/Documentos/airflow/airflow_venv/lib/python3.10/site-packages/airflow/example_dags/example_short_circuit_decorator.py
[2024-12-10T10:09:27.406-0300] {logging_mixin.py:188} INFO - [2024-12-10T10:09:27.406-0300] {dag.py:3096} INFO - Sync 1 DAGs
[2024-12-10T10:09:27.421-0300] {logging_mixin.py:188} INFO - [2024-12-10T10:09:27.421-0300] {dag.py:3954} INFO - Setting next_dagrun for example_short_circuit_decorator to 2024-12-09 00:00:00+00:00, run_after=2024-12-10 00:00:00+00:00
[2024-12-10T10:09:27.440-0300] {processor.py:183} INFO - Processing /home/beatriz/Documentos/airflow/airflow_venv/lib/python3.10/site-packages/airflow/example_dags/example_short_circuit_decorator.py took 0.053 seconds
[2024-12-10T10:10:26.613-0300] {processor.py:161} INFO - Started process (PID=10947) to work on /home/beatriz/Documentos/airflow/airflow_venv/lib/python3.10/site-packages/airflow/example_dags/example_short_circuit_decorator.py
[2024-12-10T10:10:26.614-0300] {processor.py:830} INFO - Processing file /home/beatriz/Documentos/airflow/airflow_venv/lib/python3.10/site-packages/airflow/example_dags/example_short_circuit_decorator.py for tasks to queue
[2024-12-10T10:10:26.615-0300] {logging_mixin.py:188} INFO - [2024-12-10T10:10:26.615-0300] {dagbag.py:540} INFO - Filling up the DagBag from /home/beatriz/Documentos/airflow/airflow_venv/lib/python3.10/site-packages/airflow/example_dags/example_short_circuit_decorator.py
[2024-12-10T10:10:26.622-0300] {processor.py:840} INFO - DAG(s) 'example_short_circuit_decorator' retrieved from /home/beatriz/Documentos/airflow/airflow_venv/lib/python3.10/site-packages/airflow/example_dags/example_short_circuit_decorator.py
[2024-12-10T10:10:26.694-0300] {logging_mixin.py:188} INFO - [2024-12-10T10:10:26.693-0300] {dag.py:3096} INFO - Sync 1 DAGs
[2024-12-10T10:10:26.706-0300] {logging_mixin.py:188} INFO - [2024-12-10T10:10:26.706-0300] {dag.py:3954} INFO - Setting next_dagrun for example_short_circuit_decorator to 2024-12-09 00:00:00+00:00, run_after=2024-12-10 00:00:00+00:00
[2024-12-10T10:10:26.741-0300] {processor.py:183} INFO - Processing /home/beatriz/Documentos/airflow/airflow_venv/lib/python3.10/site-packages/airflow/example_dags/example_short_circuit_decorator.py took 0.132 seconds
[2024-12-10T10:11:22.372-0300] {processor.py:161} INFO - Started process (PID=11487) to work on /home/beatriz/Documentos/airflow/airflow_venv/lib/python3.10/site-packages/airflow/example_dags/example_short_circuit_decorator.py
[2024-12-10T10:11:22.374-0300] {processor.py:830} INFO - Processing file /home/beatriz/Documentos/airflow/airflow_venv/lib/python3.10/site-packages/airflow/example_dags/example_short_circuit_decorator.py for tasks to queue
[2024-12-10T10:11:22.375-0300] {logging_mixin.py:188} INFO - [2024-12-10T10:11:22.375-0300] {dagbag.py:540} INFO - Filling up the DagBag from /home/beatriz/Documentos/airflow/airflow_venv/lib/python3.10/site-packages/airflow/example_dags/example_short_circuit_decorator.py
[2024-12-10T10:11:22.382-0300] {processor.py:840} INFO - DAG(s) 'example_short_circuit_decorator' retrieved from /home/beatriz/Documentos/airflow/airflow_venv/lib/python3.10/site-packages/airflow/example_dags/example_short_circuit_decorator.py
[2024-12-10T10:11:22.396-0300] {logging_mixin.py:188} INFO - [2024-12-10T10:11:22.396-0300] {dag.py:3096} INFO - Sync 1 DAGs
[2024-12-10T10:11:22.410-0300] {logging_mixin.py:188} INFO - [2024-12-10T10:11:22.409-0300] {dag.py:3954} INFO - Setting next_dagrun for example_short_circuit_decorator to 2024-12-09 00:00:00+00:00, run_after=2024-12-10 00:00:00+00:00
[2024-12-10T10:11:22.426-0300] {processor.py:183} INFO - Processing /home/beatriz/Documentos/airflow/airflow_venv/lib/python3.10/site-packages/airflow/example_dags/example_short_circuit_decorator.py took 0.059 seconds
[2024-12-10T10:12:17.204-0300] {processor.py:161} INFO - Started process (PID=11933) to work on /home/beatriz/Documentos/airflow/airflow_venv/lib/python3.10/site-packages/airflow/example_dags/example_short_circuit_decorator.py
[2024-12-10T10:12:17.206-0300] {processor.py:830} INFO - Processing file /home/beatriz/Documentos/airflow/airflow_venv/lib/python3.10/site-packages/airflow/example_dags/example_short_circuit_decorator.py for tasks to queue
[2024-12-10T10:12:17.207-0300] {logging_mixin.py:188} INFO - [2024-12-10T10:12:17.206-0300] {dagbag.py:540} INFO - Filling up the DagBag from /home/beatriz/Documentos/airflow/airflow_venv/lib/python3.10/site-packages/airflow/example_dags/example_short_circuit_decorator.py
[2024-12-10T10:12:17.216-0300] {processor.py:840} INFO - DAG(s) 'example_short_circuit_decorator' retrieved from /home/beatriz/Documentos/airflow/airflow_venv/lib/python3.10/site-packages/airflow/example_dags/example_short_circuit_decorator.py
[2024-12-10T10:12:17.237-0300] {logging_mixin.py:188} INFO - [2024-12-10T10:12:17.236-0300] {dag.py:3096} INFO - Sync 1 DAGs
[2024-12-10T10:12:17.254-0300] {logging_mixin.py:188} INFO - [2024-12-10T10:12:17.254-0300] {dag.py:3954} INFO - Setting next_dagrun for example_short_circuit_decorator to 2024-12-09 00:00:00+00:00, run_after=2024-12-10 00:00:00+00:00
[2024-12-10T10:12:17.279-0300] {processor.py:183} INFO - Processing /home/beatriz/Documentos/airflow/airflow_venv/lib/python3.10/site-packages/airflow/example_dags/example_short_circuit_decorator.py took 0.081 seconds
[2024-12-10T10:13:06.791-0300] {processor.py:161} INFO - Started process (PID=12347) to work on /home/beatriz/Documentos/airflow/airflow_venv/lib/python3.10/site-packages/airflow/example_dags/example_short_circuit_decorator.py
[2024-12-10T10:13:06.792-0300] {processor.py:830} INFO - Processing file /home/beatriz/Documentos/airflow/airflow_venv/lib/python3.10/site-packages/airflow/example_dags/example_short_circuit_decorator.py for tasks to queue
[2024-12-10T10:13:06.793-0300] {logging_mixin.py:188} INFO - [2024-12-10T10:13:06.793-0300] {dagbag.py:540} INFO - Filling up the DagBag from /home/beatriz/Documentos/airflow/airflow_venv/lib/python3.10/site-packages/airflow/example_dags/example_short_circuit_decorator.py
[2024-12-10T10:13:06.800-0300] {processor.py:840} INFO - DAG(s) 'example_short_circuit_decorator' retrieved from /home/beatriz/Documentos/airflow/airflow_venv/lib/python3.10/site-packages/airflow/example_dags/example_short_circuit_decorator.py
[2024-12-10T10:13:06.815-0300] {logging_mixin.py:188} INFO - [2024-12-10T10:13:06.815-0300] {dag.py:3096} INFO - Sync 1 DAGs
[2024-12-10T10:13:06.829-0300] {logging_mixin.py:188} INFO - [2024-12-10T10:13:06.829-0300] {dag.py:3954} INFO - Setting next_dagrun for example_short_circuit_decorator to 2024-12-09 00:00:00+00:00, run_after=2024-12-10 00:00:00+00:00
[2024-12-10T10:13:06.848-0300] {processor.py:183} INFO - Processing /home/beatriz/Documentos/airflow/airflow_venv/lib/python3.10/site-packages/airflow/example_dags/example_short_circuit_decorator.py took 0.061 seconds
[2024-12-10T10:13:56.967-0300] {processor.py:161} INFO - Started process (PID=12684) to work on /home/beatriz/Documentos/airflow/airflow_venv/lib/python3.10/site-packages/airflow/example_dags/example_short_circuit_decorator.py
[2024-12-10T10:13:56.970-0300] {processor.py:830} INFO - Processing file /home/beatriz/Documentos/airflow/airflow_venv/lib/python3.10/site-packages/airflow/example_dags/example_short_circuit_decorator.py for tasks to queue
[2024-12-10T10:13:56.973-0300] {logging_mixin.py:188} INFO - [2024-12-10T10:13:56.972-0300] {dagbag.py:540} INFO - Filling up the DagBag from /home/beatriz/Documentos/airflow/airflow_venv/lib/python3.10/site-packages/airflow/example_dags/example_short_circuit_decorator.py
[2024-12-10T10:13:56.986-0300] {processor.py:840} INFO - DAG(s) 'example_short_circuit_decorator' retrieved from /home/beatriz/Documentos/airflow/airflow_venv/lib/python3.10/site-packages/airflow/example_dags/example_short_circuit_decorator.py
[2024-12-10T10:13:57.002-0300] {logging_mixin.py:188} INFO - [2024-12-10T10:13:57.002-0300] {dag.py:3096} INFO - Sync 1 DAGs
[2024-12-10T10:13:57.016-0300] {logging_mixin.py:188} INFO - [2024-12-10T10:13:57.016-0300] {dag.py:3954} INFO - Setting next_dagrun for example_short_circuit_decorator to 2024-12-09 00:00:00+00:00, run_after=2024-12-10 00:00:00+00:00
[2024-12-10T10:13:57.033-0300] {processor.py:183} INFO - Processing /home/beatriz/Documentos/airflow/airflow_venv/lib/python3.10/site-packages/airflow/example_dags/example_short_circuit_decorator.py took 0.081 seconds
[2024-12-10T10:14:46.343-0300] {processor.py:161} INFO - Started process (PID=13239) to work on /home/beatriz/Documentos/airflow/airflow_venv/lib/python3.10/site-packages/airflow/example_dags/example_short_circuit_decorator.py
[2024-12-10T10:14:46.345-0300] {processor.py:830} INFO - Processing file /home/beatriz/Documentos/airflow/airflow_venv/lib/python3.10/site-packages/airflow/example_dags/example_short_circuit_decorator.py for tasks to queue
[2024-12-10T10:14:46.346-0300] {logging_mixin.py:188} INFO - [2024-12-10T10:14:46.346-0300] {dagbag.py:540} INFO - Filling up the DagBag from /home/beatriz/Documentos/airflow/airflow_venv/lib/python3.10/site-packages/airflow/example_dags/example_short_circuit_decorator.py
[2024-12-10T10:14:46.353-0300] {processor.py:840} INFO - DAG(s) 'example_short_circuit_decorator' retrieved from /home/beatriz/Documentos/airflow/airflow_venv/lib/python3.10/site-packages/airflow/example_dags/example_short_circuit_decorator.py
[2024-12-10T10:14:46.368-0300] {logging_mixin.py:188} INFO - [2024-12-10T10:14:46.368-0300] {dag.py:3096} INFO - Sync 1 DAGs
[2024-12-10T10:14:46.383-0300] {logging_mixin.py:188} INFO - [2024-12-10T10:14:46.383-0300] {dag.py:3954} INFO - Setting next_dagrun for example_short_circuit_decorator to 2024-12-09 00:00:00+00:00, run_after=2024-12-10 00:00:00+00:00
[2024-12-10T10:14:46.402-0300] {processor.py:183} INFO - Processing /home/beatriz/Documentos/airflow/airflow_venv/lib/python3.10/site-packages/airflow/example_dags/example_short_circuit_decorator.py took 0.063 seconds
[2024-12-10T10:15:36.511-0300] {processor.py:161} INFO - Started process (PID=13675) to work on /home/beatriz/Documentos/airflow/airflow_venv/lib/python3.10/site-packages/airflow/example_dags/example_short_circuit_decorator.py
[2024-12-10T10:15:36.514-0300] {processor.py:830} INFO - Processing file /home/beatriz/Documentos/airflow/airflow_venv/lib/python3.10/site-packages/airflow/example_dags/example_short_circuit_decorator.py for tasks to queue
[2024-12-10T10:15:36.517-0300] {logging_mixin.py:188} INFO - [2024-12-10T10:15:36.516-0300] {dagbag.py:540} INFO - Filling up the DagBag from /home/beatriz/Documentos/airflow/airflow_venv/lib/python3.10/site-packages/airflow/example_dags/example_short_circuit_decorator.py
[2024-12-10T10:15:36.531-0300] {processor.py:840} INFO - DAG(s) 'example_short_circuit_decorator' retrieved from /home/beatriz/Documentos/airflow/airflow_venv/lib/python3.10/site-packages/airflow/example_dags/example_short_circuit_decorator.py
[2024-12-10T10:15:36.547-0300] {logging_mixin.py:188} INFO - [2024-12-10T10:15:36.547-0300] {dag.py:3096} INFO - Sync 1 DAGs
[2024-12-10T10:15:36.561-0300] {logging_mixin.py:188} INFO - [2024-12-10T10:15:36.561-0300] {dag.py:3954} INFO - Setting next_dagrun for example_short_circuit_decorator to 2024-12-09 00:00:00+00:00, run_after=2024-12-10 00:00:00+00:00
[2024-12-10T10:15:36.579-0300] {processor.py:183} INFO - Processing /home/beatriz/Documentos/airflow/airflow_venv/lib/python3.10/site-packages/airflow/example_dags/example_short_circuit_decorator.py took 0.079 seconds
[2024-12-10T10:16:25.242-0300] {processor.py:161} INFO - Started process (PID=14114) to work on /home/beatriz/Documentos/airflow/airflow_venv/lib/python3.10/site-packages/airflow/example_dags/example_short_circuit_decorator.py
[2024-12-10T10:16:25.243-0300] {processor.py:830} INFO - Processing file /home/beatriz/Documentos/airflow/airflow_venv/lib/python3.10/site-packages/airflow/example_dags/example_short_circuit_decorator.py for tasks to queue
[2024-12-10T10:16:25.245-0300] {logging_mixin.py:188} INFO - [2024-12-10T10:16:25.244-0300] {dagbag.py:540} INFO - Filling up the DagBag from /home/beatriz/Documentos/airflow/airflow_venv/lib/python3.10/site-packages/airflow/example_dags/example_short_circuit_decorator.py
[2024-12-10T10:16:25.257-0300] {processor.py:840} INFO - DAG(s) 'example_short_circuit_decorator' retrieved from /home/beatriz/Documentos/airflow/airflow_venv/lib/python3.10/site-packages/airflow/example_dags/example_short_circuit_decorator.py
[2024-12-10T10:16:25.282-0300] {logging_mixin.py:188} INFO - [2024-12-10T10:16:25.282-0300] {dag.py:3096} INFO - Sync 1 DAGs
[2024-12-10T10:16:25.303-0300] {logging_mixin.py:188} INFO - [2024-12-10T10:16:25.303-0300] {dag.py:3954} INFO - Setting next_dagrun for example_short_circuit_decorator to 2024-12-09 00:00:00+00:00, run_after=2024-12-10 00:00:00+00:00
[2024-12-10T10:16:25.330-0300] {processor.py:183} INFO - Processing /home/beatriz/Documentos/airflow/airflow_venv/lib/python3.10/site-packages/airflow/example_dags/example_short_circuit_decorator.py took 0.097 seconds
[2024-12-10T10:17:18.725-0300] {processor.py:161} INFO - Started process (PID=14523) to work on /home/beatriz/Documentos/airflow/airflow_venv/lib/python3.10/site-packages/airflow/example_dags/example_short_circuit_decorator.py
[2024-12-10T10:17:18.727-0300] {processor.py:830} INFO - Processing file /home/beatriz/Documentos/airflow/airflow_venv/lib/python3.10/site-packages/airflow/example_dags/example_short_circuit_decorator.py for tasks to queue
[2024-12-10T10:17:18.731-0300] {logging_mixin.py:188} INFO - [2024-12-10T10:17:18.730-0300] {dagbag.py:540} INFO - Filling up the DagBag from /home/beatriz/Documentos/airflow/airflow_venv/lib/python3.10/site-packages/airflow/example_dags/example_short_circuit_decorator.py
[2024-12-10T10:17:18.744-0300] {processor.py:840} INFO - DAG(s) 'example_short_circuit_decorator' retrieved from /home/beatriz/Documentos/airflow/airflow_venv/lib/python3.10/site-packages/airflow/example_dags/example_short_circuit_decorator.py
[2024-12-10T10:17:18.763-0300] {logging_mixin.py:188} INFO - [2024-12-10T10:17:18.763-0300] {dag.py:3096} INFO - Sync 1 DAGs
[2024-12-10T10:17:18.779-0300] {logging_mixin.py:188} INFO - [2024-12-10T10:17:18.778-0300] {dag.py:3954} INFO - Setting next_dagrun for example_short_circuit_decorator to 2024-12-09 00:00:00+00:00, run_after=2024-12-10 00:00:00+00:00
[2024-12-10T10:17:18.797-0300] {processor.py:183} INFO - Processing /home/beatriz/Documentos/airflow/airflow_venv/lib/python3.10/site-packages/airflow/example_dags/example_short_circuit_decorator.py took 0.081 seconds
[2024-12-10T10:18:11.651-0300] {processor.py:161} INFO - Started process (PID=15000) to work on /home/beatriz/Documentos/airflow/airflow_venv/lib/python3.10/site-packages/airflow/example_dags/example_short_circuit_decorator.py
[2024-12-10T10:18:11.653-0300] {processor.py:830} INFO - Processing file /home/beatriz/Documentos/airflow/airflow_venv/lib/python3.10/site-packages/airflow/example_dags/example_short_circuit_decorator.py for tasks to queue
[2024-12-10T10:18:11.656-0300] {logging_mixin.py:188} INFO - [2024-12-10T10:18:11.656-0300] {dagbag.py:540} INFO - Filling up the DagBag from /home/beatriz/Documentos/airflow/airflow_venv/lib/python3.10/site-packages/airflow/example_dags/example_short_circuit_decorator.py
[2024-12-10T10:18:11.673-0300] {processor.py:840} INFO - DAG(s) 'example_short_circuit_decorator' retrieved from /home/beatriz/Documentos/airflow/airflow_venv/lib/python3.10/site-packages/airflow/example_dags/example_short_circuit_decorator.py
[2024-12-10T10:18:11.691-0300] {logging_mixin.py:188} INFO - [2024-12-10T10:18:11.690-0300] {dag.py:3096} INFO - Sync 1 DAGs
[2024-12-10T10:18:11.704-0300] {logging_mixin.py:188} INFO - [2024-12-10T10:18:11.704-0300] {dag.py:3954} INFO - Setting next_dagrun for example_short_circuit_decorator to 2024-12-09 00:00:00+00:00, run_after=2024-12-10 00:00:00+00:00
[2024-12-10T10:18:11.721-0300] {processor.py:183} INFO - Processing /home/beatriz/Documentos/airflow/airflow_venv/lib/python3.10/site-packages/airflow/example_dags/example_short_circuit_decorator.py took 0.081 seconds
[2024-12-10T10:19:01.937-0300] {processor.py:161} INFO - Started process (PID=15451) to work on /home/beatriz/Documentos/airflow/airflow_venv/lib/python3.10/site-packages/airflow/example_dags/example_short_circuit_decorator.py
[2024-12-10T10:19:01.938-0300] {processor.py:830} INFO - Processing file /home/beatriz/Documentos/airflow/airflow_venv/lib/python3.10/site-packages/airflow/example_dags/example_short_circuit_decorator.py for tasks to queue
[2024-12-10T10:19:01.939-0300] {logging_mixin.py:188} INFO - [2024-12-10T10:19:01.939-0300] {dagbag.py:540} INFO - Filling up the DagBag from /home/beatriz/Documentos/airflow/airflow_venv/lib/python3.10/site-packages/airflow/example_dags/example_short_circuit_decorator.py
[2024-12-10T10:19:01.948-0300] {processor.py:840} INFO - DAG(s) 'example_short_circuit_decorator' retrieved from /home/beatriz/Documentos/airflow/airflow_venv/lib/python3.10/site-packages/airflow/example_dags/example_short_circuit_decorator.py
[2024-12-10T10:19:01.964-0300] {logging_mixin.py:188} INFO - [2024-12-10T10:19:01.964-0300] {dag.py:3096} INFO - Sync 1 DAGs
[2024-12-10T10:19:01.980-0300] {logging_mixin.py:188} INFO - [2024-12-10T10:19:01.979-0300] {dag.py:3954} INFO - Setting next_dagrun for example_short_circuit_decorator to 2024-12-09 00:00:00+00:00, run_after=2024-12-10 00:00:00+00:00
[2024-12-10T10:19:01.999-0300] {processor.py:183} INFO - Processing /home/beatriz/Documentos/airflow/airflow_venv/lib/python3.10/site-packages/airflow/example_dags/example_short_circuit_decorator.py took 0.066 seconds
[2024-12-10T11:01:06.724-0300] {processor.py:161} INFO - Started process (PID=19226) to work on /home/beatriz/Documentos/airflow/airflow_venv/lib/python3.10/site-packages/airflow/example_dags/example_short_circuit_decorator.py
[2024-12-10T11:01:06.727-0300] {processor.py:830} INFO - Processing file /home/beatriz/Documentos/airflow/airflow_venv/lib/python3.10/site-packages/airflow/example_dags/example_short_circuit_decorator.py for tasks to queue
[2024-12-10T11:01:06.728-0300] {logging_mixin.py:188} INFO - [2024-12-10T11:01:06.728-0300] {dagbag.py:540} INFO - Filling up the DagBag from /home/beatriz/Documentos/airflow/airflow_venv/lib/python3.10/site-packages/airflow/example_dags/example_short_circuit_decorator.py
[2024-12-10T11:01:06.735-0300] {processor.py:840} INFO - DAG(s) 'example_short_circuit_decorator' retrieved from /home/beatriz/Documentos/airflow/airflow_venv/lib/python3.10/site-packages/airflow/example_dags/example_short_circuit_decorator.py
[2024-12-10T11:01:06.809-0300] {logging_mixin.py:188} INFO - [2024-12-10T11:01:06.808-0300] {dag.py:3096} INFO - Sync 1 DAGs
[2024-12-10T11:01:06.822-0300] {logging_mixin.py:188} INFO - [2024-12-10T11:01:06.822-0300] {dag.py:3954} INFO - Setting next_dagrun for example_short_circuit_decorator to 2024-12-09 00:00:00+00:00, run_after=2024-12-10 00:00:00+00:00
[2024-12-10T11:01:06.842-0300] {processor.py:183} INFO - Processing /home/beatriz/Documentos/airflow/airflow_venv/lib/python3.10/site-packages/airflow/example_dags/example_short_circuit_decorator.py took 0.122 seconds
[2024-12-10T11:02:13.795-0300] {processor.py:161} INFO - Started process (PID=20087) to work on /home/beatriz/Documentos/airflow/airflow_venv/lib/python3.10/site-packages/airflow/example_dags/example_short_circuit_decorator.py
[2024-12-10T11:02:13.795-0300] {processor.py:830} INFO - Processing file /home/beatriz/Documentos/airflow/airflow_venv/lib/python3.10/site-packages/airflow/example_dags/example_short_circuit_decorator.py for tasks to queue
[2024-12-10T11:02:13.797-0300] {logging_mixin.py:188} INFO - [2024-12-10T11:02:13.796-0300] {dagbag.py:540} INFO - Filling up the DagBag from /home/beatriz/Documentos/airflow/airflow_venv/lib/python3.10/site-packages/airflow/example_dags/example_short_circuit_decorator.py
[2024-12-10T11:02:13.804-0300] {processor.py:840} INFO - DAG(s) 'example_short_circuit_decorator' retrieved from /home/beatriz/Documentos/airflow/airflow_venv/lib/python3.10/site-packages/airflow/example_dags/example_short_circuit_decorator.py
[2024-12-10T11:02:13.818-0300] {logging_mixin.py:188} INFO - [2024-12-10T11:02:13.818-0300] {dag.py:3096} INFO - Sync 1 DAGs
[2024-12-10T11:02:13.834-0300] {logging_mixin.py:188} INFO - [2024-12-10T11:02:13.833-0300] {dag.py:3954} INFO - Setting next_dagrun for example_short_circuit_decorator to 2024-12-09 00:00:00+00:00, run_after=2024-12-10 00:00:00+00:00
[2024-12-10T11:02:13.851-0300] {processor.py:183} INFO - Processing /home/beatriz/Documentos/airflow/airflow_venv/lib/python3.10/site-packages/airflow/example_dags/example_short_circuit_decorator.py took 0.061 seconds
[2024-12-10T11:03:09.560-0300] {processor.py:161} INFO - Started process (PID=20523) to work on /home/beatriz/Documentos/airflow/airflow_venv/lib/python3.10/site-packages/airflow/example_dags/example_short_circuit_decorator.py
[2024-12-10T11:03:09.562-0300] {processor.py:830} INFO - Processing file /home/beatriz/Documentos/airflow/airflow_venv/lib/python3.10/site-packages/airflow/example_dags/example_short_circuit_decorator.py for tasks to queue
[2024-12-10T11:03:09.563-0300] {logging_mixin.py:188} INFO - [2024-12-10T11:03:09.563-0300] {dagbag.py:540} INFO - Filling up the DagBag from /home/beatriz/Documentos/airflow/airflow_venv/lib/python3.10/site-packages/airflow/example_dags/example_short_circuit_decorator.py
[2024-12-10T11:03:09.570-0300] {processor.py:840} INFO - DAG(s) 'example_short_circuit_decorator' retrieved from /home/beatriz/Documentos/airflow/airflow_venv/lib/python3.10/site-packages/airflow/example_dags/example_short_circuit_decorator.py
[2024-12-10T11:03:09.587-0300] {logging_mixin.py:188} INFO - [2024-12-10T11:03:09.587-0300] {dag.py:3096} INFO - Sync 1 DAGs
[2024-12-10T11:03:09.604-0300] {logging_mixin.py:188} INFO - [2024-12-10T11:03:09.604-0300] {dag.py:3954} INFO - Setting next_dagrun for example_short_circuit_decorator to 2024-12-09 00:00:00+00:00, run_after=2024-12-10 00:00:00+00:00
[2024-12-10T11:03:09.626-0300] {processor.py:183} INFO - Processing /home/beatriz/Documentos/airflow/airflow_venv/lib/python3.10/site-packages/airflow/example_dags/example_short_circuit_decorator.py took 0.073 seconds
[2024-12-10T11:37:04.382-0300] {processor.py:161} INFO - Started process (PID=24821) to work on /home/beatriz/Documentos/airflow/airflow_venv/lib/python3.10/site-packages/airflow/example_dags/example_short_circuit_decorator.py
[2024-12-10T11:37:04.383-0300] {processor.py:830} INFO - Processing file /home/beatriz/Documentos/airflow/airflow_venv/lib/python3.10/site-packages/airflow/example_dags/example_short_circuit_decorator.py for tasks to queue
[2024-12-10T11:37:04.384-0300] {logging_mixin.py:188} INFO - [2024-12-10T11:37:04.384-0300] {dagbag.py:540} INFO - Filling up the DagBag from /home/beatriz/Documentos/airflow/airflow_venv/lib/python3.10/site-packages/airflow/example_dags/example_short_circuit_decorator.py
[2024-12-10T11:37:04.392-0300] {processor.py:840} INFO - DAG(s) 'example_short_circuit_decorator' retrieved from /home/beatriz/Documentos/airflow/airflow_venv/lib/python3.10/site-packages/airflow/example_dags/example_short_circuit_decorator.py
[2024-12-10T11:37:04.397-0300] {logging_mixin.py:188} INFO - [2024-12-10T11:37:04.397-0300] {dag.py:3096} INFO - Sync 1 DAGs
[2024-12-10T11:37:04.412-0300] {logging_mixin.py:188} INFO - [2024-12-10T11:37:04.412-0300] {dag.py:3954} INFO - Setting next_dagrun for example_short_circuit_decorator to 2024-12-09 00:00:00+00:00, run_after=2024-12-10 00:00:00+00:00
[2024-12-10T11:37:04.431-0300] {processor.py:183} INFO - Processing /home/beatriz/Documentos/airflow/airflow_venv/lib/python3.10/site-packages/airflow/example_dags/example_short_circuit_decorator.py took 0.053 seconds
[2024-12-10T11:38:06.452-0300] {processor.py:161} INFO - Started process (PID=25187) to work on /home/beatriz/Documentos/airflow/airflow_venv/lib/python3.10/site-packages/airflow/example_dags/example_short_circuit_decorator.py
[2024-12-10T11:38:06.453-0300] {processor.py:830} INFO - Processing file /home/beatriz/Documentos/airflow/airflow_venv/lib/python3.10/site-packages/airflow/example_dags/example_short_circuit_decorator.py for tasks to queue
[2024-12-10T11:38:06.454-0300] {logging_mixin.py:188} INFO - [2024-12-10T11:38:06.454-0300] {dagbag.py:540} INFO - Filling up the DagBag from /home/beatriz/Documentos/airflow/airflow_venv/lib/python3.10/site-packages/airflow/example_dags/example_short_circuit_decorator.py
[2024-12-10T11:38:06.463-0300] {processor.py:840} INFO - DAG(s) 'example_short_circuit_decorator' retrieved from /home/beatriz/Documentos/airflow/airflow_venv/lib/python3.10/site-packages/airflow/example_dags/example_short_circuit_decorator.py
[2024-12-10T11:38:06.535-0300] {logging_mixin.py:188} INFO - [2024-12-10T11:38:06.535-0300] {dag.py:3096} INFO - Sync 1 DAGs
[2024-12-10T11:38:06.549-0300] {logging_mixin.py:188} INFO - [2024-12-10T11:38:06.548-0300] {dag.py:3954} INFO - Setting next_dagrun for example_short_circuit_decorator to 2024-12-09 00:00:00+00:00, run_after=2024-12-10 00:00:00+00:00
[2024-12-10T11:38:06.568-0300] {processor.py:183} INFO - Processing /home/beatriz/Documentos/airflow/airflow_venv/lib/python3.10/site-packages/airflow/example_dags/example_short_circuit_decorator.py took 0.121 seconds
[2024-12-10T11:39:03.959-0300] {processor.py:161} INFO - Started process (PID=25541) to work on /home/beatriz/Documentos/airflow/airflow_venv/lib/python3.10/site-packages/airflow/example_dags/example_short_circuit_decorator.py
[2024-12-10T11:39:03.961-0300] {processor.py:830} INFO - Processing file /home/beatriz/Documentos/airflow/airflow_venv/lib/python3.10/site-packages/airflow/example_dags/example_short_circuit_decorator.py for tasks to queue
[2024-12-10T11:39:03.965-0300] {logging_mixin.py:188} INFO - [2024-12-10T11:39:03.964-0300] {dagbag.py:540} INFO - Filling up the DagBag from /home/beatriz/Documentos/airflow/airflow_venv/lib/python3.10/site-packages/airflow/example_dags/example_short_circuit_decorator.py
[2024-12-10T11:39:03.978-0300] {processor.py:840} INFO - DAG(s) 'example_short_circuit_decorator' retrieved from /home/beatriz/Documentos/airflow/airflow_venv/lib/python3.10/site-packages/airflow/example_dags/example_short_circuit_decorator.py
[2024-12-10T11:39:03.994-0300] {logging_mixin.py:188} INFO - [2024-12-10T11:39:03.994-0300] {dag.py:3096} INFO - Sync 1 DAGs
[2024-12-10T11:39:04.010-0300] {logging_mixin.py:188} INFO - [2024-12-10T11:39:04.010-0300] {dag.py:3954} INFO - Setting next_dagrun for example_short_circuit_decorator to 2024-12-09 00:00:00+00:00, run_after=2024-12-10 00:00:00+00:00
[2024-12-10T11:39:04.033-0300] {processor.py:183} INFO - Processing /home/beatriz/Documentos/airflow/airflow_venv/lib/python3.10/site-packages/airflow/example_dags/example_short_circuit_decorator.py took 0.087 seconds
[2024-12-10T11:40:00.835-0300] {processor.py:161} INFO - Started process (PID=25932) to work on /home/beatriz/Documentos/airflow/airflow_venv/lib/python3.10/site-packages/airflow/example_dags/example_short_circuit_decorator.py
[2024-12-10T11:40:00.835-0300] {processor.py:830} INFO - Processing file /home/beatriz/Documentos/airflow/airflow_venv/lib/python3.10/site-packages/airflow/example_dags/example_short_circuit_decorator.py for tasks to queue
[2024-12-10T11:40:00.837-0300] {logging_mixin.py:188} INFO - [2024-12-10T11:40:00.836-0300] {dagbag.py:540} INFO - Filling up the DagBag from /home/beatriz/Documentos/airflow/airflow_venv/lib/python3.10/site-packages/airflow/example_dags/example_short_circuit_decorator.py
[2024-12-10T11:40:00.844-0300] {processor.py:840} INFO - DAG(s) 'example_short_circuit_decorator' retrieved from /home/beatriz/Documentos/airflow/airflow_venv/lib/python3.10/site-packages/airflow/example_dags/example_short_circuit_decorator.py
[2024-12-10T11:40:00.859-0300] {logging_mixin.py:188} INFO - [2024-12-10T11:40:00.859-0300] {dag.py:3096} INFO - Sync 1 DAGs
[2024-12-10T11:40:00.873-0300] {logging_mixin.py:188} INFO - [2024-12-10T11:40:00.873-0300] {dag.py:3954} INFO - Setting next_dagrun for example_short_circuit_decorator to 2024-12-09 00:00:00+00:00, run_after=2024-12-10 00:00:00+00:00
[2024-12-10T11:40:00.890-0300] {processor.py:183} INFO - Processing /home/beatriz/Documentos/airflow/airflow_venv/lib/python3.10/site-packages/airflow/example_dags/example_short_circuit_decorator.py took 0.061 seconds
[2024-12-10T11:40:57.588-0300] {processor.py:161} INFO - Started process (PID=26345) to work on /home/beatriz/Documentos/airflow/airflow_venv/lib/python3.10/site-packages/airflow/example_dags/example_short_circuit_decorator.py
[2024-12-10T11:40:57.606-0300] {processor.py:830} INFO - Processing file /home/beatriz/Documentos/airflow/airflow_venv/lib/python3.10/site-packages/airflow/example_dags/example_short_circuit_decorator.py for tasks to queue
[2024-12-10T11:40:57.608-0300] {logging_mixin.py:188} INFO - [2024-12-10T11:40:57.607-0300] {dagbag.py:540} INFO - Filling up the DagBag from /home/beatriz/Documentos/airflow/airflow_venv/lib/python3.10/site-packages/airflow/example_dags/example_short_circuit_decorator.py
[2024-12-10T11:40:57.633-0300] {processor.py:840} INFO - DAG(s) 'example_short_circuit_decorator' retrieved from /home/beatriz/Documentos/airflow/airflow_venv/lib/python3.10/site-packages/airflow/example_dags/example_short_circuit_decorator.py
[2024-12-10T11:40:57.660-0300] {logging_mixin.py:188} INFO - [2024-12-10T11:40:57.659-0300] {dag.py:3096} INFO - Sync 1 DAGs
[2024-12-10T11:40:57.675-0300] {logging_mixin.py:188} INFO - [2024-12-10T11:40:57.675-0300] {dag.py:3954} INFO - Setting next_dagrun for example_short_circuit_decorator to 2024-12-09 00:00:00+00:00, run_after=2024-12-10 00:00:00+00:00
[2024-12-10T11:40:57.694-0300] {processor.py:183} INFO - Processing /home/beatriz/Documentos/airflow/airflow_venv/lib/python3.10/site-packages/airflow/example_dags/example_short_circuit_decorator.py took 0.110 seconds
[2024-12-10T11:41:56.054-0300] {processor.py:161} INFO - Started process (PID=26766) to work on /home/beatriz/Documentos/airflow/airflow_venv/lib/python3.10/site-packages/airflow/example_dags/example_short_circuit_decorator.py
[2024-12-10T11:41:56.057-0300] {processor.py:830} INFO - Processing file /home/beatriz/Documentos/airflow/airflow_venv/lib/python3.10/site-packages/airflow/example_dags/example_short_circuit_decorator.py for tasks to queue
[2024-12-10T11:41:56.061-0300] {logging_mixin.py:188} INFO - [2024-12-10T11:41:56.060-0300] {dagbag.py:540} INFO - Filling up the DagBag from /home/beatriz/Documentos/airflow/airflow_venv/lib/python3.10/site-packages/airflow/example_dags/example_short_circuit_decorator.py
[2024-12-10T11:41:56.077-0300] {processor.py:840} INFO - DAG(s) 'example_short_circuit_decorator' retrieved from /home/beatriz/Documentos/airflow/airflow_venv/lib/python3.10/site-packages/airflow/example_dags/example_short_circuit_decorator.py
[2024-12-10T11:41:56.095-0300] {logging_mixin.py:188} INFO - [2024-12-10T11:41:56.095-0300] {dag.py:3096} INFO - Sync 1 DAGs
[2024-12-10T11:41:56.110-0300] {logging_mixin.py:188} INFO - [2024-12-10T11:41:56.110-0300] {dag.py:3954} INFO - Setting next_dagrun for example_short_circuit_decorator to 2024-12-09 00:00:00+00:00, run_after=2024-12-10 00:00:00+00:00
[2024-12-10T11:41:56.128-0300] {processor.py:183} INFO - Processing /home/beatriz/Documentos/airflow/airflow_venv/lib/python3.10/site-packages/airflow/example_dags/example_short_circuit_decorator.py took 0.087 seconds
[2024-12-10T11:42:48.919-0300] {processor.py:161} INFO - Started process (PID=27165) to work on /home/beatriz/Documentos/airflow/airflow_venv/lib/python3.10/site-packages/airflow/example_dags/example_short_circuit_decorator.py
[2024-12-10T11:42:48.921-0300] {processor.py:830} INFO - Processing file /home/beatriz/Documentos/airflow/airflow_venv/lib/python3.10/site-packages/airflow/example_dags/example_short_circuit_decorator.py for tasks to queue
[2024-12-10T11:42:48.924-0300] {logging_mixin.py:188} INFO - [2024-12-10T11:42:48.923-0300] {dagbag.py:540} INFO - Filling up the DagBag from /home/beatriz/Documentos/airflow/airflow_venv/lib/python3.10/site-packages/airflow/example_dags/example_short_circuit_decorator.py
[2024-12-10T11:42:48.938-0300] {processor.py:840} INFO - DAG(s) 'example_short_circuit_decorator' retrieved from /home/beatriz/Documentos/airflow/airflow_venv/lib/python3.10/site-packages/airflow/example_dags/example_short_circuit_decorator.py
[2024-12-10T11:42:48.956-0300] {logging_mixin.py:188} INFO - [2024-12-10T11:42:48.955-0300] {dag.py:3096} INFO - Sync 1 DAGs
[2024-12-10T11:42:48.970-0300] {logging_mixin.py:188} INFO - [2024-12-10T11:42:48.970-0300] {dag.py:3954} INFO - Setting next_dagrun for example_short_circuit_decorator to 2024-12-09 00:00:00+00:00, run_after=2024-12-10 00:00:00+00:00
[2024-12-10T11:42:48.987-0300] {processor.py:183} INFO - Processing /home/beatriz/Documentos/airflow/airflow_venv/lib/python3.10/site-packages/airflow/example_dags/example_short_circuit_decorator.py took 0.081 seconds
[2024-12-10T11:43:45.750-0300] {processor.py:161} INFO - Started process (PID=27614) to work on /home/beatriz/Documentos/airflow/airflow_venv/lib/python3.10/site-packages/airflow/example_dags/example_short_circuit_decorator.py
[2024-12-10T11:43:45.752-0300] {processor.py:830} INFO - Processing file /home/beatriz/Documentos/airflow/airflow_venv/lib/python3.10/site-packages/airflow/example_dags/example_short_circuit_decorator.py for tasks to queue
[2024-12-10T11:43:45.755-0300] {logging_mixin.py:188} INFO - [2024-12-10T11:43:45.754-0300] {dagbag.py:540} INFO - Filling up the DagBag from /home/beatriz/Documentos/airflow/airflow_venv/lib/python3.10/site-packages/airflow/example_dags/example_short_circuit_decorator.py
[2024-12-10T11:43:45.770-0300] {processor.py:840} INFO - DAG(s) 'example_short_circuit_decorator' retrieved from /home/beatriz/Documentos/airflow/airflow_venv/lib/python3.10/site-packages/airflow/example_dags/example_short_circuit_decorator.py
[2024-12-10T11:43:45.787-0300] {logging_mixin.py:188} INFO - [2024-12-10T11:43:45.787-0300] {dag.py:3096} INFO - Sync 1 DAGs
[2024-12-10T11:43:45.802-0300] {logging_mixin.py:188} INFO - [2024-12-10T11:43:45.802-0300] {dag.py:3954} INFO - Setting next_dagrun for example_short_circuit_decorator to 2024-12-09 00:00:00+00:00, run_after=2024-12-10 00:00:00+00:00
[2024-12-10T11:43:45.821-0300] {processor.py:183} INFO - Processing /home/beatriz/Documentos/airflow/airflow_venv/lib/python3.10/site-packages/airflow/example_dags/example_short_circuit_decorator.py took 0.083 seconds
[2024-12-10T11:44:43.792-0300] {processor.py:161} INFO - Started process (PID=28438) to work on /home/beatriz/Documentos/airflow/airflow_venv/lib/python3.10/site-packages/airflow/example_dags/example_short_circuit_decorator.py
[2024-12-10T11:44:43.794-0300] {processor.py:830} INFO - Processing file /home/beatriz/Documentos/airflow/airflow_venv/lib/python3.10/site-packages/airflow/example_dags/example_short_circuit_decorator.py for tasks to queue
[2024-12-10T11:44:43.797-0300] {logging_mixin.py:188} INFO - [2024-12-10T11:44:43.797-0300] {dagbag.py:540} INFO - Filling up the DagBag from /home/beatriz/Documentos/airflow/airflow_venv/lib/python3.10/site-packages/airflow/example_dags/example_short_circuit_decorator.py
[2024-12-10T11:44:43.816-0300] {processor.py:840} INFO - DAG(s) 'example_short_circuit_decorator' retrieved from /home/beatriz/Documentos/airflow/airflow_venv/lib/python3.10/site-packages/airflow/example_dags/example_short_circuit_decorator.py
[2024-12-10T11:44:43.836-0300] {logging_mixin.py:188} INFO - [2024-12-10T11:44:43.835-0300] {dag.py:3096} INFO - Sync 1 DAGs
[2024-12-10T11:44:43.850-0300] {logging_mixin.py:188} INFO - [2024-12-10T11:44:43.850-0300] {dag.py:3954} INFO - Setting next_dagrun for example_short_circuit_decorator to 2024-12-09 00:00:00+00:00, run_after=2024-12-10 00:00:00+00:00
[2024-12-10T11:44:43.868-0300] {processor.py:183} INFO - Processing /home/beatriz/Documentos/airflow/airflow_venv/lib/python3.10/site-packages/airflow/example_dags/example_short_circuit_decorator.py took 0.087 seconds
[2024-12-10T11:45:40.973-0300] {processor.py:161} INFO - Started process (PID=28823) to work on /home/beatriz/Documentos/airflow/airflow_venv/lib/python3.10/site-packages/airflow/example_dags/example_short_circuit_decorator.py
[2024-12-10T11:45:40.974-0300] {processor.py:830} INFO - Processing file /home/beatriz/Documentos/airflow/airflow_venv/lib/python3.10/site-packages/airflow/example_dags/example_short_circuit_decorator.py for tasks to queue
[2024-12-10T11:45:40.975-0300] {logging_mixin.py:188} INFO - [2024-12-10T11:45:40.975-0300] {dagbag.py:540} INFO - Filling up the DagBag from /home/beatriz/Documentos/airflow/airflow_venv/lib/python3.10/site-packages/airflow/example_dags/example_short_circuit_decorator.py
[2024-12-10T11:45:40.986-0300] {processor.py:840} INFO - DAG(s) 'example_short_circuit_decorator' retrieved from /home/beatriz/Documentos/airflow/airflow_venv/lib/python3.10/site-packages/airflow/example_dags/example_short_circuit_decorator.py
[2024-12-10T11:45:41.002-0300] {logging_mixin.py:188} INFO - [2024-12-10T11:45:41.002-0300] {dag.py:3096} INFO - Sync 1 DAGs
[2024-12-10T11:45:41.018-0300] {logging_mixin.py:188} INFO - [2024-12-10T11:45:41.017-0300] {dag.py:3954} INFO - Setting next_dagrun for example_short_circuit_decorator to 2024-12-09 00:00:00+00:00, run_after=2024-12-10 00:00:00+00:00
[2024-12-10T11:45:41.036-0300] {processor.py:183} INFO - Processing /home/beatriz/Documentos/airflow/airflow_venv/lib/python3.10/site-packages/airflow/example_dags/example_short_circuit_decorator.py took 0.068 seconds
[2024-12-10T11:46:37.981-0300] {processor.py:161} INFO - Started process (PID=29392) to work on /home/beatriz/Documentos/airflow/airflow_venv/lib/python3.10/site-packages/airflow/example_dags/example_short_circuit_decorator.py
[2024-12-10T11:46:37.982-0300] {processor.py:830} INFO - Processing file /home/beatriz/Documentos/airflow/airflow_venv/lib/python3.10/site-packages/airflow/example_dags/example_short_circuit_decorator.py for tasks to queue
[2024-12-10T11:46:37.984-0300] {logging_mixin.py:188} INFO - [2024-12-10T11:46:37.984-0300] {dagbag.py:540} INFO - Filling up the DagBag from /home/beatriz/Documentos/airflow/airflow_venv/lib/python3.10/site-packages/airflow/example_dags/example_short_circuit_decorator.py
[2024-12-10T11:46:37.996-0300] {processor.py:840} INFO - DAG(s) 'example_short_circuit_decorator' retrieved from /home/beatriz/Documentos/airflow/airflow_venv/lib/python3.10/site-packages/airflow/example_dags/example_short_circuit_decorator.py
[2024-12-10T11:46:38.016-0300] {logging_mixin.py:188} INFO - [2024-12-10T11:46:38.015-0300] {dag.py:3096} INFO - Sync 1 DAGs
[2024-12-10T11:46:38.033-0300] {logging_mixin.py:188} INFO - [2024-12-10T11:46:38.032-0300] {dag.py:3954} INFO - Setting next_dagrun for example_short_circuit_decorator to 2024-12-09 00:00:00+00:00, run_after=2024-12-10 00:00:00+00:00
[2024-12-10T11:46:38.052-0300] {processor.py:183} INFO - Processing /home/beatriz/Documentos/airflow/airflow_venv/lib/python3.10/site-packages/airflow/example_dags/example_short_circuit_decorator.py took 0.079 seconds
[2024-12-10T11:48:54.905-0300] {processor.py:161} INFO - Started process (PID=30892) to work on /home/beatriz/Documentos/airflow/airflow_venv/lib/python3.10/site-packages/airflow/example_dags/example_short_circuit_decorator.py
[2024-12-10T11:48:54.906-0300] {processor.py:830} INFO - Processing file /home/beatriz/Documentos/airflow/airflow_venv/lib/python3.10/site-packages/airflow/example_dags/example_short_circuit_decorator.py for tasks to queue
[2024-12-10T11:48:54.907-0300] {logging_mixin.py:188} INFO - [2024-12-10T11:48:54.906-0300] {dagbag.py:540} INFO - Filling up the DagBag from /home/beatriz/Documentos/airflow/airflow_venv/lib/python3.10/site-packages/airflow/example_dags/example_short_circuit_decorator.py
[2024-12-10T11:48:54.915-0300] {processor.py:840} INFO - DAG(s) 'example_short_circuit_decorator' retrieved from /home/beatriz/Documentos/airflow/airflow_venv/lib/python3.10/site-packages/airflow/example_dags/example_short_circuit_decorator.py
[2024-12-10T11:48:54.933-0300] {logging_mixin.py:188} INFO - [2024-12-10T11:48:54.932-0300] {dag.py:3096} INFO - Sync 1 DAGs
[2024-12-10T11:48:54.946-0300] {logging_mixin.py:188} INFO - [2024-12-10T11:48:54.946-0300] {dag.py:3954} INFO - Setting next_dagrun for example_short_circuit_decorator to 2024-12-09 00:00:00+00:00, run_after=2024-12-10 00:00:00+00:00
[2024-12-10T11:48:54.964-0300] {processor.py:183} INFO - Processing /home/beatriz/Documentos/airflow/airflow_venv/lib/python3.10/site-packages/airflow/example_dags/example_short_circuit_decorator.py took 0.064 seconds
[2024-12-10T11:49:53.929-0300] {processor.py:161} INFO - Started process (PID=31334) to work on /home/beatriz/Documentos/airflow/airflow_venv/lib/python3.10/site-packages/airflow/example_dags/example_short_circuit_decorator.py
[2024-12-10T11:49:53.931-0300] {processor.py:830} INFO - Processing file /home/beatriz/Documentos/airflow/airflow_venv/lib/python3.10/site-packages/airflow/example_dags/example_short_circuit_decorator.py for tasks to queue
[2024-12-10T11:49:53.933-0300] {logging_mixin.py:188} INFO - [2024-12-10T11:49:53.932-0300] {dagbag.py:540} INFO - Filling up the DagBag from /home/beatriz/Documentos/airflow/airflow_venv/lib/python3.10/site-packages/airflow/example_dags/example_short_circuit_decorator.py
[2024-12-10T11:49:53.950-0300] {processor.py:840} INFO - DAG(s) 'example_short_circuit_decorator' retrieved from /home/beatriz/Documentos/airflow/airflow_venv/lib/python3.10/site-packages/airflow/example_dags/example_short_circuit_decorator.py
[2024-12-10T11:49:53.969-0300] {logging_mixin.py:188} INFO - [2024-12-10T11:49:53.969-0300] {dag.py:3096} INFO - Sync 1 DAGs
[2024-12-10T11:49:53.982-0300] {logging_mixin.py:188} INFO - [2024-12-10T11:49:53.982-0300] {dag.py:3954} INFO - Setting next_dagrun for example_short_circuit_decorator to 2024-12-09 00:00:00+00:00, run_after=2024-12-10 00:00:00+00:00
[2024-12-10T11:49:53.999-0300] {processor.py:183} INFO - Processing /home/beatriz/Documentos/airflow/airflow_venv/lib/python3.10/site-packages/airflow/example_dags/example_short_circuit_decorator.py took 0.082 seconds
[2024-12-10T11:50:53.654-0300] {processor.py:161} INFO - Started process (PID=31741) to work on /home/beatriz/Documentos/airflow/airflow_venv/lib/python3.10/site-packages/airflow/example_dags/example_short_circuit_decorator.py
[2024-12-10T11:50:53.655-0300] {processor.py:830} INFO - Processing file /home/beatriz/Documentos/airflow/airflow_venv/lib/python3.10/site-packages/airflow/example_dags/example_short_circuit_decorator.py for tasks to queue
[2024-12-10T11:50:53.656-0300] {logging_mixin.py:188} INFO - [2024-12-10T11:50:53.656-0300] {dagbag.py:540} INFO - Filling up the DagBag from /home/beatriz/Documentos/airflow/airflow_venv/lib/python3.10/site-packages/airflow/example_dags/example_short_circuit_decorator.py
[2024-12-10T11:50:53.663-0300] {processor.py:840} INFO - DAG(s) 'example_short_circuit_decorator' retrieved from /home/beatriz/Documentos/airflow/airflow_venv/lib/python3.10/site-packages/airflow/example_dags/example_short_circuit_decorator.py
[2024-12-10T11:50:53.677-0300] {logging_mixin.py:188} INFO - [2024-12-10T11:50:53.677-0300] {dag.py:3096} INFO - Sync 1 DAGs
[2024-12-10T11:50:53.689-0300] {logging_mixin.py:188} INFO - [2024-12-10T11:50:53.689-0300] {dag.py:3954} INFO - Setting next_dagrun for example_short_circuit_decorator to 2024-12-09 00:00:00+00:00, run_after=2024-12-10 00:00:00+00:00
[2024-12-10T11:50:53.708-0300] {processor.py:183} INFO - Processing /home/beatriz/Documentos/airflow/airflow_venv/lib/python3.10/site-packages/airflow/example_dags/example_short_circuit_decorator.py took 0.059 seconds
[2024-12-10T11:51:50.716-0300] {processor.py:161} INFO - Started process (PID=32206) to work on /home/beatriz/Documentos/airflow/airflow_venv/lib/python3.10/site-packages/airflow/example_dags/example_short_circuit_decorator.py
[2024-12-10T11:51:50.717-0300] {processor.py:830} INFO - Processing file /home/beatriz/Documentos/airflow/airflow_venv/lib/python3.10/site-packages/airflow/example_dags/example_short_circuit_decorator.py for tasks to queue
[2024-12-10T11:51:50.717-0300] {logging_mixin.py:188} INFO - [2024-12-10T11:51:50.717-0300] {dagbag.py:540} INFO - Filling up the DagBag from /home/beatriz/Documentos/airflow/airflow_venv/lib/python3.10/site-packages/airflow/example_dags/example_short_circuit_decorator.py
[2024-12-10T11:51:50.724-0300] {processor.py:840} INFO - DAG(s) 'example_short_circuit_decorator' retrieved from /home/beatriz/Documentos/airflow/airflow_venv/lib/python3.10/site-packages/airflow/example_dags/example_short_circuit_decorator.py
[2024-12-10T11:51:50.740-0300] {logging_mixin.py:188} INFO - [2024-12-10T11:51:50.740-0300] {dag.py:3096} INFO - Sync 1 DAGs
[2024-12-10T11:51:50.753-0300] {logging_mixin.py:188} INFO - [2024-12-10T11:51:50.753-0300] {dag.py:3954} INFO - Setting next_dagrun for example_short_circuit_decorator to 2024-12-09 00:00:00+00:00, run_after=2024-12-10 00:00:00+00:00
[2024-12-10T11:51:50.769-0300] {processor.py:183} INFO - Processing /home/beatriz/Documentos/airflow/airflow_venv/lib/python3.10/site-packages/airflow/example_dags/example_short_circuit_decorator.py took 0.058 seconds
[2024-12-10T11:52:45.539-0300] {processor.py:161} INFO - Started process (PID=32614) to work on /home/beatriz/Documentos/airflow/airflow_venv/lib/python3.10/site-packages/airflow/example_dags/example_short_circuit_decorator.py
[2024-12-10T11:52:45.541-0300] {processor.py:830} INFO - Processing file /home/beatriz/Documentos/airflow/airflow_venv/lib/python3.10/site-packages/airflow/example_dags/example_short_circuit_decorator.py for tasks to queue
[2024-12-10T11:52:45.541-0300] {logging_mixin.py:188} INFO - [2024-12-10T11:52:45.541-0300] {dagbag.py:540} INFO - Filling up the DagBag from /home/beatriz/Documentos/airflow/airflow_venv/lib/python3.10/site-packages/airflow/example_dags/example_short_circuit_decorator.py
[2024-12-10T11:52:45.549-0300] {processor.py:840} INFO - DAG(s) 'example_short_circuit_decorator' retrieved from /home/beatriz/Documentos/airflow/airflow_venv/lib/python3.10/site-packages/airflow/example_dags/example_short_circuit_decorator.py
[2024-12-10T11:52:45.565-0300] {logging_mixin.py:188} INFO - [2024-12-10T11:52:45.565-0300] {dag.py:3096} INFO - Sync 1 DAGs
[2024-12-10T11:52:45.578-0300] {logging_mixin.py:188} INFO - [2024-12-10T11:52:45.578-0300] {dag.py:3954} INFO - Setting next_dagrun for example_short_circuit_decorator to 2024-12-09 00:00:00+00:00, run_after=2024-12-10 00:00:00+00:00
[2024-12-10T11:52:45.595-0300] {processor.py:183} INFO - Processing /home/beatriz/Documentos/airflow/airflow_venv/lib/python3.10/site-packages/airflow/example_dags/example_short_circuit_decorator.py took 0.061 seconds
[2024-12-10T11:53:52.560-0300] {processor.py:161} INFO - Started process (PID=33632) to work on /home/beatriz/Documentos/airflow/airflow_venv/lib/python3.10/site-packages/airflow/example_dags/example_short_circuit_decorator.py
[2024-12-10T11:53:52.562-0300] {processor.py:830} INFO - Processing file /home/beatriz/Documentos/airflow/airflow_venv/lib/python3.10/site-packages/airflow/example_dags/example_short_circuit_decorator.py for tasks to queue
[2024-12-10T11:53:52.563-0300] {logging_mixin.py:188} INFO - [2024-12-10T11:53:52.563-0300] {dagbag.py:540} INFO - Filling up the DagBag from /home/beatriz/Documentos/airflow/airflow_venv/lib/python3.10/site-packages/airflow/example_dags/example_short_circuit_decorator.py
[2024-12-10T11:53:52.576-0300] {processor.py:840} INFO - DAG(s) 'example_short_circuit_decorator' retrieved from /home/beatriz/Documentos/airflow/airflow_venv/lib/python3.10/site-packages/airflow/example_dags/example_short_circuit_decorator.py
[2024-12-10T11:53:52.594-0300] {logging_mixin.py:188} INFO - [2024-12-10T11:53:52.594-0300] {dag.py:3096} INFO - Sync 1 DAGs
[2024-12-10T11:53:52.607-0300] {logging_mixin.py:188} INFO - [2024-12-10T11:53:52.607-0300] {dag.py:3954} INFO - Setting next_dagrun for example_short_circuit_decorator to 2024-12-09 00:00:00+00:00, run_after=2024-12-10 00:00:00+00:00
[2024-12-10T11:53:52.626-0300] {processor.py:183} INFO - Processing /home/beatriz/Documentos/airflow/airflow_venv/lib/python3.10/site-packages/airflow/example_dags/example_short_circuit_decorator.py took 0.075 seconds
[2024-12-10T11:55:30.302-0300] {processor.py:161} INFO - Started process (PID=34517) to work on /home/beatriz/Documentos/airflow/airflow_venv/lib/python3.10/site-packages/airflow/example_dags/example_short_circuit_decorator.py
[2024-12-10T11:55:30.303-0300] {processor.py:830} INFO - Processing file /home/beatriz/Documentos/airflow/airflow_venv/lib/python3.10/site-packages/airflow/example_dags/example_short_circuit_decorator.py for tasks to queue
[2024-12-10T11:55:30.304-0300] {logging_mixin.py:188} INFO - [2024-12-10T11:55:30.303-0300] {dagbag.py:540} INFO - Filling up the DagBag from /home/beatriz/Documentos/airflow/airflow_venv/lib/python3.10/site-packages/airflow/example_dags/example_short_circuit_decorator.py
[2024-12-10T11:55:30.319-0300] {processor.py:840} INFO - DAG(s) 'example_short_circuit_decorator' retrieved from /home/beatriz/Documentos/airflow/airflow_venv/lib/python3.10/site-packages/airflow/example_dags/example_short_circuit_decorator.py
[2024-12-10T11:55:30.345-0300] {logging_mixin.py:188} INFO - [2024-12-10T11:55:30.345-0300] {dag.py:3096} INFO - Sync 1 DAGs
[2024-12-10T11:55:30.358-0300] {logging_mixin.py:188} INFO - [2024-12-10T11:55:30.358-0300] {dag.py:3954} INFO - Setting next_dagrun for example_short_circuit_decorator to 2024-12-09 00:00:00+00:00, run_after=2024-12-10 00:00:00+00:00
[2024-12-10T11:55:30.375-0300] {processor.py:183} INFO - Processing /home/beatriz/Documentos/airflow/airflow_venv/lib/python3.10/site-packages/airflow/example_dags/example_short_circuit_decorator.py took 0.077 seconds
[2024-12-10T11:56:29.981-0300] {processor.py:161} INFO - Started process (PID=34984) to work on /home/beatriz/Documentos/airflow/airflow_venv/lib/python3.10/site-packages/airflow/example_dags/example_short_circuit_decorator.py
[2024-12-10T11:56:29.982-0300] {processor.py:830} INFO - Processing file /home/beatriz/Documentos/airflow/airflow_venv/lib/python3.10/site-packages/airflow/example_dags/example_short_circuit_decorator.py for tasks to queue
[2024-12-10T11:56:29.983-0300] {logging_mixin.py:188} INFO - [2024-12-10T11:56:29.983-0300] {dagbag.py:540} INFO - Filling up the DagBag from /home/beatriz/Documentos/airflow/airflow_venv/lib/python3.10/site-packages/airflow/example_dags/example_short_circuit_decorator.py
[2024-12-10T11:56:29.990-0300] {processor.py:840} INFO - DAG(s) 'example_short_circuit_decorator' retrieved from /home/beatriz/Documentos/airflow/airflow_venv/lib/python3.10/site-packages/airflow/example_dags/example_short_circuit_decorator.py
[2024-12-10T11:56:30.005-0300] {logging_mixin.py:188} INFO - [2024-12-10T11:56:30.005-0300] {dag.py:3096} INFO - Sync 1 DAGs
[2024-12-10T11:56:30.018-0300] {logging_mixin.py:188} INFO - [2024-12-10T11:56:30.018-0300] {dag.py:3954} INFO - Setting next_dagrun for example_short_circuit_decorator to 2024-12-09 00:00:00+00:00, run_after=2024-12-10 00:00:00+00:00
[2024-12-10T11:56:30.037-0300] {processor.py:183} INFO - Processing /home/beatriz/Documentos/airflow/airflow_venv/lib/python3.10/site-packages/airflow/example_dags/example_short_circuit_decorator.py took 0.060 seconds
[2024-12-10T11:57:27.217-0300] {processor.py:161} INFO - Started process (PID=35454) to work on /home/beatriz/Documentos/airflow/airflow_venv/lib/python3.10/site-packages/airflow/example_dags/example_short_circuit_decorator.py
[2024-12-10T11:57:27.220-0300] {processor.py:830} INFO - Processing file /home/beatriz/Documentos/airflow/airflow_venv/lib/python3.10/site-packages/airflow/example_dags/example_short_circuit_decorator.py for tasks to queue
[2024-12-10T11:57:27.221-0300] {logging_mixin.py:188} INFO - [2024-12-10T11:57:27.221-0300] {dagbag.py:540} INFO - Filling up the DagBag from /home/beatriz/Documentos/airflow/airflow_venv/lib/python3.10/site-packages/airflow/example_dags/example_short_circuit_decorator.py
[2024-12-10T11:57:27.233-0300] {processor.py:840} INFO - DAG(s) 'example_short_circuit_decorator' retrieved from /home/beatriz/Documentos/airflow/airflow_venv/lib/python3.10/site-packages/airflow/example_dags/example_short_circuit_decorator.py
[2024-12-10T11:57:27.259-0300] {logging_mixin.py:188} INFO - [2024-12-10T11:57:27.258-0300] {dag.py:3096} INFO - Sync 1 DAGs
[2024-12-10T11:57:27.276-0300] {logging_mixin.py:188} INFO - [2024-12-10T11:57:27.275-0300] {dag.py:3954} INFO - Setting next_dagrun for example_short_circuit_decorator to 2024-12-09 00:00:00+00:00, run_after=2024-12-10 00:00:00+00:00
[2024-12-10T11:57:27.312-0300] {processor.py:183} INFO - Processing /home/beatriz/Documentos/airflow/airflow_venv/lib/python3.10/site-packages/airflow/example_dags/example_short_circuit_decorator.py took 0.104 seconds
[2024-12-10T11:58:28.377-0300] {processor.py:161} INFO - Started process (PID=35877) to work on /home/beatriz/Documentos/airflow/airflow_venv/lib/python3.10/site-packages/airflow/example_dags/example_short_circuit_decorator.py
[2024-12-10T11:58:28.379-0300] {processor.py:830} INFO - Processing file /home/beatriz/Documentos/airflow/airflow_venv/lib/python3.10/site-packages/airflow/example_dags/example_short_circuit_decorator.py for tasks to queue
[2024-12-10T11:58:28.380-0300] {logging_mixin.py:188} INFO - [2024-12-10T11:58:28.380-0300] {dagbag.py:540} INFO - Filling up the DagBag from /home/beatriz/Documentos/airflow/airflow_venv/lib/python3.10/site-packages/airflow/example_dags/example_short_circuit_decorator.py
[2024-12-10T11:58:28.393-0300] {processor.py:840} INFO - DAG(s) 'example_short_circuit_decorator' retrieved from /home/beatriz/Documentos/airflow/airflow_venv/lib/python3.10/site-packages/airflow/example_dags/example_short_circuit_decorator.py
[2024-12-10T11:58:28.412-0300] {logging_mixin.py:188} INFO - [2024-12-10T11:58:28.411-0300] {dag.py:3096} INFO - Sync 1 DAGs
[2024-12-10T11:58:28.428-0300] {logging_mixin.py:188} INFO - [2024-12-10T11:58:28.428-0300] {dag.py:3954} INFO - Setting next_dagrun for example_short_circuit_decorator to 2024-12-09 00:00:00+00:00, run_after=2024-12-10 00:00:00+00:00
[2024-12-10T11:58:28.453-0300] {processor.py:183} INFO - Processing /home/beatriz/Documentos/airflow/airflow_venv/lib/python3.10/site-packages/airflow/example_dags/example_short_circuit_decorator.py took 0.090 seconds
[2024-12-10T12:00:39.721-0300] {processor.py:161} INFO - Started process (PID=36676) to work on /home/beatriz/Documentos/airflow/airflow_venv/lib/python3.10/site-packages/airflow/example_dags/example_short_circuit_decorator.py
[2024-12-10T12:00:39.725-0300] {processor.py:830} INFO - Processing file /home/beatriz/Documentos/airflow/airflow_venv/lib/python3.10/site-packages/airflow/example_dags/example_short_circuit_decorator.py for tasks to queue
[2024-12-10T12:00:39.776-0300] {logging_mixin.py:188} INFO - [2024-12-10T12:00:39.726-0300] {dagbag.py:540} INFO - Filling up the DagBag from /home/beatriz/Documentos/airflow/airflow_venv/lib/python3.10/site-packages/airflow/example_dags/example_short_circuit_decorator.py
[2024-12-10T12:00:39.814-0300] {processor.py:840} INFO - DAG(s) 'example_short_circuit_decorator' retrieved from /home/beatriz/Documentos/airflow/airflow_venv/lib/python3.10/site-packages/airflow/example_dags/example_short_circuit_decorator.py
[2024-12-10T12:00:39.840-0300] {logging_mixin.py:188} INFO - [2024-12-10T12:00:39.840-0300] {dag.py:3096} INFO - Sync 1 DAGs
[2024-12-10T12:00:39.856-0300] {logging_mixin.py:188} INFO - [2024-12-10T12:00:39.855-0300] {dag.py:3954} INFO - Setting next_dagrun for example_short_circuit_decorator to 2024-12-09 00:00:00+00:00, run_after=2024-12-10 00:00:00+00:00
[2024-12-10T12:00:39.874-0300] {processor.py:183} INFO - Processing /home/beatriz/Documentos/airflow/airflow_venv/lib/python3.10/site-packages/airflow/example_dags/example_short_circuit_decorator.py took 0.164 seconds
[2024-12-10T12:01:36.107-0300] {processor.py:161} INFO - Started process (PID=37082) to work on /home/beatriz/Documentos/airflow/airflow_venv/lib/python3.10/site-packages/airflow/example_dags/example_short_circuit_decorator.py
[2024-12-10T12:01:36.108-0300] {processor.py:830} INFO - Processing file /home/beatriz/Documentos/airflow/airflow_venv/lib/python3.10/site-packages/airflow/example_dags/example_short_circuit_decorator.py for tasks to queue
[2024-12-10T12:01:36.110-0300] {logging_mixin.py:188} INFO - [2024-12-10T12:01:36.109-0300] {dagbag.py:540} INFO - Filling up the DagBag from /home/beatriz/Documentos/airflow/airflow_venv/lib/python3.10/site-packages/airflow/example_dags/example_short_circuit_decorator.py
[2024-12-10T12:01:36.128-0300] {processor.py:840} INFO - DAG(s) 'example_short_circuit_decorator' retrieved from /home/beatriz/Documentos/airflow/airflow_venv/lib/python3.10/site-packages/airflow/example_dags/example_short_circuit_decorator.py
[2024-12-10T12:01:36.146-0300] {logging_mixin.py:188} INFO - [2024-12-10T12:01:36.146-0300] {dag.py:3096} INFO - Sync 1 DAGs
[2024-12-10T12:01:36.159-0300] {logging_mixin.py:188} INFO - [2024-12-10T12:01:36.159-0300] {dag.py:3954} INFO - Setting next_dagrun for example_short_circuit_decorator to 2024-12-09 00:00:00+00:00, run_after=2024-12-10 00:00:00+00:00
[2024-12-10T12:01:36.176-0300] {processor.py:183} INFO - Processing /home/beatriz/Documentos/airflow/airflow_venv/lib/python3.10/site-packages/airflow/example_dags/example_short_circuit_decorator.py took 0.080 seconds
[2024-12-10T13:34:24.286-0300] {processor.py:161} INFO - Started process (PID=40386) to work on /home/beatriz/Documentos/airflow/airflow_venv/lib/python3.10/site-packages/airflow/example_dags/example_short_circuit_decorator.py
[2024-12-10T13:34:24.288-0300] {processor.py:830} INFO - Processing file /home/beatriz/Documentos/airflow/airflow_venv/lib/python3.10/site-packages/airflow/example_dags/example_short_circuit_decorator.py for tasks to queue
[2024-12-10T13:34:24.290-0300] {logging_mixin.py:188} INFO - [2024-12-10T13:34:24.290-0300] {dagbag.py:540} INFO - Filling up the DagBag from /home/beatriz/Documentos/airflow/airflow_venv/lib/python3.10/site-packages/airflow/example_dags/example_short_circuit_decorator.py
[2024-12-10T13:34:24.306-0300] {processor.py:840} INFO - DAG(s) 'example_short_circuit_decorator' retrieved from /home/beatriz/Documentos/airflow/airflow_venv/lib/python3.10/site-packages/airflow/example_dags/example_short_circuit_decorator.py
[2024-12-10T13:34:24.429-0300] {logging_mixin.py:188} INFO - [2024-12-10T13:34:24.429-0300] {dag.py:3096} INFO - Sync 1 DAGs
[2024-12-10T13:34:24.440-0300] {logging_mixin.py:188} INFO - [2024-12-10T13:34:24.440-0300] {dag.py:3954} INFO - Setting next_dagrun for example_short_circuit_decorator to 2024-12-09 00:00:00+00:00, run_after=2024-12-10 00:00:00+00:00
[2024-12-10T13:34:24.457-0300] {processor.py:183} INFO - Processing /home/beatriz/Documentos/airflow/airflow_venv/lib/python3.10/site-packages/airflow/example_dags/example_short_circuit_decorator.py took 0.181 seconds
[2024-12-10T13:35:44.900-0300] {processor.py:161} INFO - Started process (PID=41243) to work on /home/beatriz/Documentos/airflow/airflow_venv/lib/python3.10/site-packages/airflow/example_dags/example_short_circuit_decorator.py
[2024-12-10T13:35:44.902-0300] {processor.py:830} INFO - Processing file /home/beatriz/Documentos/airflow/airflow_venv/lib/python3.10/site-packages/airflow/example_dags/example_short_circuit_decorator.py for tasks to queue
[2024-12-10T13:35:44.905-0300] {logging_mixin.py:188} INFO - [2024-12-10T13:35:44.904-0300] {dagbag.py:540} INFO - Filling up the DagBag from /home/beatriz/Documentos/airflow/airflow_venv/lib/python3.10/site-packages/airflow/example_dags/example_short_circuit_decorator.py
[2024-12-10T13:35:44.913-0300] {processor.py:840} INFO - DAG(s) 'example_short_circuit_decorator' retrieved from /home/beatriz/Documentos/airflow/airflow_venv/lib/python3.10/site-packages/airflow/example_dags/example_short_circuit_decorator.py
[2024-12-10T13:35:44.928-0300] {logging_mixin.py:188} INFO - [2024-12-10T13:35:44.928-0300] {dag.py:3096} INFO - Sync 1 DAGs
[2024-12-10T13:35:44.943-0300] {logging_mixin.py:188} INFO - [2024-12-10T13:35:44.943-0300] {dag.py:3954} INFO - Setting next_dagrun for example_short_circuit_decorator to 2024-12-09 00:00:00+00:00, run_after=2024-12-10 00:00:00+00:00
[2024-12-10T13:35:44.961-0300] {processor.py:183} INFO - Processing /home/beatriz/Documentos/airflow/airflow_venv/lib/python3.10/site-packages/airflow/example_dags/example_short_circuit_decorator.py took 0.071 seconds
[2024-12-10T13:36:57.991-0300] {processor.py:161} INFO - Started process (PID=42206) to work on /home/beatriz/Documentos/airflow/airflow_venv/lib/python3.10/site-packages/airflow/example_dags/example_short_circuit_decorator.py
[2024-12-10T13:36:57.992-0300] {processor.py:830} INFO - Processing file /home/beatriz/Documentos/airflow/airflow_venv/lib/python3.10/site-packages/airflow/example_dags/example_short_circuit_decorator.py for tasks to queue
[2024-12-10T13:36:57.993-0300] {logging_mixin.py:188} INFO - [2024-12-10T13:36:57.993-0300] {dagbag.py:540} INFO - Filling up the DagBag from /home/beatriz/Documentos/airflow/airflow_venv/lib/python3.10/site-packages/airflow/example_dags/example_short_circuit_decorator.py
[2024-12-10T13:36:58.002-0300] {processor.py:840} INFO - DAG(s) 'example_short_circuit_decorator' retrieved from /home/beatriz/Documentos/airflow/airflow_venv/lib/python3.10/site-packages/airflow/example_dags/example_short_circuit_decorator.py
[2024-12-10T13:36:58.020-0300] {logging_mixin.py:188} INFO - [2024-12-10T13:36:58.020-0300] {dag.py:3096} INFO - Sync 1 DAGs
[2024-12-10T13:36:58.037-0300] {logging_mixin.py:188} INFO - [2024-12-10T13:36:58.036-0300] {dag.py:3954} INFO - Setting next_dagrun for example_short_circuit_decorator to 2024-12-09 00:00:00+00:00, run_after=2024-12-10 00:00:00+00:00
[2024-12-10T13:36:58.069-0300] {processor.py:183} INFO - Processing /home/beatriz/Documentos/airflow/airflow_venv/lib/python3.10/site-packages/airflow/example_dags/example_short_circuit_decorator.py took 0.083 seconds
[2024-12-10T13:38:08.034-0300] {processor.py:161} INFO - Started process (PID=42882) to work on /home/beatriz/Documentos/airflow/airflow_venv/lib/python3.10/site-packages/airflow/example_dags/example_short_circuit_decorator.py
[2024-12-10T13:38:08.035-0300] {processor.py:830} INFO - Processing file /home/beatriz/Documentos/airflow/airflow_venv/lib/python3.10/site-packages/airflow/example_dags/example_short_circuit_decorator.py for tasks to queue
[2024-12-10T13:38:08.036-0300] {logging_mixin.py:188} INFO - [2024-12-10T13:38:08.035-0300] {dagbag.py:540} INFO - Filling up the DagBag from /home/beatriz/Documentos/airflow/airflow_venv/lib/python3.10/site-packages/airflow/example_dags/example_short_circuit_decorator.py
[2024-12-10T13:38:08.043-0300] {processor.py:840} INFO - DAG(s) 'example_short_circuit_decorator' retrieved from /home/beatriz/Documentos/airflow/airflow_venv/lib/python3.10/site-packages/airflow/example_dags/example_short_circuit_decorator.py
[2024-12-10T13:38:08.136-0300] {logging_mixin.py:188} INFO - [2024-12-10T13:38:08.136-0300] {dag.py:3096} INFO - Sync 1 DAGs
[2024-12-10T13:38:08.151-0300] {logging_mixin.py:188} INFO - [2024-12-10T13:38:08.151-0300] {dag.py:3954} INFO - Setting next_dagrun for example_short_circuit_decorator to 2024-12-09 00:00:00+00:00, run_after=2024-12-10 00:00:00+00:00
[2024-12-10T13:38:08.202-0300] {processor.py:183} INFO - Processing /home/beatriz/Documentos/airflow/airflow_venv/lib/python3.10/site-packages/airflow/example_dags/example_short_circuit_decorator.py took 0.173 seconds
[2024-12-10T13:39:03.468-0300] {processor.py:161} INFO - Started process (PID=43354) to work on /home/beatriz/Documentos/airflow/airflow_venv/lib/python3.10/site-packages/airflow/example_dags/example_short_circuit_decorator.py
[2024-12-10T13:39:03.469-0300] {processor.py:830} INFO - Processing file /home/beatriz/Documentos/airflow/airflow_venv/lib/python3.10/site-packages/airflow/example_dags/example_short_circuit_decorator.py for tasks to queue
[2024-12-10T13:39:03.470-0300] {logging_mixin.py:188} INFO - [2024-12-10T13:39:03.469-0300] {dagbag.py:540} INFO - Filling up the DagBag from /home/beatriz/Documentos/airflow/airflow_venv/lib/python3.10/site-packages/airflow/example_dags/example_short_circuit_decorator.py
[2024-12-10T13:39:03.480-0300] {processor.py:840} INFO - DAG(s) 'example_short_circuit_decorator' retrieved from /home/beatriz/Documentos/airflow/airflow_venv/lib/python3.10/site-packages/airflow/example_dags/example_short_circuit_decorator.py
[2024-12-10T13:39:03.497-0300] {logging_mixin.py:188} INFO - [2024-12-10T13:39:03.496-0300] {dag.py:3096} INFO - Sync 1 DAGs
[2024-12-10T13:39:03.515-0300] {logging_mixin.py:188} INFO - [2024-12-10T13:39:03.515-0300] {dag.py:3954} INFO - Setting next_dagrun for example_short_circuit_decorator to 2024-12-09 00:00:00+00:00, run_after=2024-12-10 00:00:00+00:00
[2024-12-10T13:39:03.535-0300] {processor.py:183} INFO - Processing /home/beatriz/Documentos/airflow/airflow_venv/lib/python3.10/site-packages/airflow/example_dags/example_short_circuit_decorator.py took 0.074 seconds
[2024-12-10T13:45:28.061-0300] {processor.py:161} INFO - Started process (PID=45738) to work on /home/beatriz/Documentos/airflow/airflow_venv/lib/python3.10/site-packages/airflow/example_dags/example_short_circuit_decorator.py
[2024-12-10T13:45:28.062-0300] {processor.py:830} INFO - Processing file /home/beatriz/Documentos/airflow/airflow_venv/lib/python3.10/site-packages/airflow/example_dags/example_short_circuit_decorator.py for tasks to queue
[2024-12-10T13:45:28.063-0300] {logging_mixin.py:188} INFO - [2024-12-10T13:45:28.063-0300] {dagbag.py:540} INFO - Filling up the DagBag from /home/beatriz/Documentos/airflow/airflow_venv/lib/python3.10/site-packages/airflow/example_dags/example_short_circuit_decorator.py
[2024-12-10T13:45:28.072-0300] {processor.py:840} INFO - DAG(s) 'example_short_circuit_decorator' retrieved from /home/beatriz/Documentos/airflow/airflow_venv/lib/python3.10/site-packages/airflow/example_dags/example_short_circuit_decorator.py
[2024-12-10T13:45:28.167-0300] {logging_mixin.py:188} INFO - [2024-12-10T13:45:28.167-0300] {dag.py:3096} INFO - Sync 1 DAGs
[2024-12-10T13:45:28.182-0300] {logging_mixin.py:188} INFO - [2024-12-10T13:45:28.182-0300] {dag.py:3954} INFO - Setting next_dagrun for example_short_circuit_decorator to 2024-12-09 00:00:00+00:00, run_after=2024-12-10 00:00:00+00:00
[2024-12-10T13:45:28.201-0300] {processor.py:183} INFO - Processing /home/beatriz/Documentos/airflow/airflow_venv/lib/python3.10/site-packages/airflow/example_dags/example_short_circuit_decorator.py took 0.145 seconds
