[2024-12-10T10:09:18.290-0300] {processor.py:161} INFO - Started process (PID=10173) to work on /home/beatriz/Documentos/airflow/airflow_venv/lib/python3.10/site-packages/airflow/example_dags/example_xcom.py
[2024-12-10T10:09:18.292-0300] {processor.py:830} INFO - Processing file /home/beatriz/Documentos/airflow/airflow_venv/lib/python3.10/site-packages/airflow/example_dags/example_xcom.py for tasks to queue
[2024-12-10T10:09:18.295-0300] {logging_mixin.py:188} INFO - [2024-12-10T10:09:18.294-0300] {dagbag.py:540} INFO - Filling up the DagBag from /home/beatriz/Documentos/airflow/airflow_venv/lib/python3.10/site-packages/airflow/example_dags/example_xcom.py
[2024-12-10T10:09:18.313-0300] {processor.py:840} INFO - DAG(s) 'example_xcom' retrieved from /home/beatriz/Documentos/airflow/airflow_venv/lib/python3.10/site-packages/airflow/example_dags/example_xcom.py
[2024-12-10T10:09:18.326-0300] {logging_mixin.py:188} INFO - [2024-12-10T10:09:18.325-0300] {dag.py:3096} INFO - Sync 1 DAGs
[2024-12-10T10:09:18.347-0300] {logging_mixin.py:188} INFO - [2024-12-10T10:09:18.347-0300] {dag.py:3954} INFO - Setting next_dagrun for example_xcom to 2021-01-01 00:00:00+00:00, run_after=2021-01-01 00:00:00+00:00
[2024-12-10T10:09:18.377-0300] {processor.py:183} INFO - Processing /home/beatriz/Documentos/airflow/airflow_venv/lib/python3.10/site-packages/airflow/example_dags/example_xcom.py took 0.097 seconds
[2024-12-10T10:10:17.368-0300] {processor.py:161} INFO - Started process (PID=10934) to work on /home/beatriz/Documentos/airflow/airflow_venv/lib/python3.10/site-packages/airflow/example_dags/example_xcom.py
[2024-12-10T10:10:17.370-0300] {processor.py:830} INFO - Processing file /home/beatriz/Documentos/airflow/airflow_venv/lib/python3.10/site-packages/airflow/example_dags/example_xcom.py for tasks to queue
[2024-12-10T10:10:17.373-0300] {logging_mixin.py:188} INFO - [2024-12-10T10:10:17.372-0300] {dagbag.py:540} INFO - Filling up the DagBag from /home/beatriz/Documentos/airflow/airflow_venv/lib/python3.10/site-packages/airflow/example_dags/example_xcom.py
[2024-12-10T10:10:17.384-0300] {processor.py:840} INFO - DAG(s) 'example_xcom' retrieved from /home/beatriz/Documentos/airflow/airflow_venv/lib/python3.10/site-packages/airflow/example_dags/example_xcom.py
[2024-12-10T10:10:17.458-0300] {logging_mixin.py:188} INFO - [2024-12-10T10:10:17.458-0300] {dag.py:3096} INFO - Sync 1 DAGs
[2024-12-10T10:10:17.470-0300] {logging_mixin.py:188} INFO - [2024-12-10T10:10:17.469-0300] {dag.py:3954} INFO - Setting next_dagrun for example_xcom to 2021-01-01 00:00:00+00:00, run_after=2021-01-01 00:00:00+00:00
[2024-12-10T10:10:17.489-0300] {processor.py:183} INFO - Processing /home/beatriz/Documentos/airflow/airflow_venv/lib/python3.10/site-packages/airflow/example_dags/example_xcom.py took 0.131 seconds
[2024-12-10T10:11:13.214-0300] {processor.py:161} INFO - Started process (PID=11429) to work on /home/beatriz/Documentos/airflow/airflow_venv/lib/python3.10/site-packages/airflow/example_dags/example_xcom.py
[2024-12-10T10:11:13.215-0300] {processor.py:830} INFO - Processing file /home/beatriz/Documentos/airflow/airflow_venv/lib/python3.10/site-packages/airflow/example_dags/example_xcom.py for tasks to queue
[2024-12-10T10:11:13.216-0300] {logging_mixin.py:188} INFO - [2024-12-10T10:11:13.216-0300] {dagbag.py:540} INFO - Filling up the DagBag from /home/beatriz/Documentos/airflow/airflow_venv/lib/python3.10/site-packages/airflow/example_dags/example_xcom.py
[2024-12-10T10:11:13.221-0300] {processor.py:840} INFO - DAG(s) 'example_xcom' retrieved from /home/beatriz/Documentos/airflow/airflow_venv/lib/python3.10/site-packages/airflow/example_dags/example_xcom.py
[2024-12-10T10:11:13.233-0300] {logging_mixin.py:188} INFO - [2024-12-10T10:11:13.233-0300] {dag.py:3096} INFO - Sync 1 DAGs
[2024-12-10T10:11:13.246-0300] {logging_mixin.py:188} INFO - [2024-12-10T10:11:13.246-0300] {dag.py:3954} INFO - Setting next_dagrun for example_xcom to 2021-01-01 00:00:00+00:00, run_after=2021-01-01 00:00:00+00:00
[2024-12-10T10:11:13.262-0300] {processor.py:183} INFO - Processing /home/beatriz/Documentos/airflow/airflow_venv/lib/python3.10/site-packages/airflow/example_dags/example_xcom.py took 0.052 seconds
[2024-12-10T10:12:04.772-0300] {processor.py:161} INFO - Started process (PID=11919) to work on /home/beatriz/Documentos/airflow/airflow_venv/lib/python3.10/site-packages/airflow/example_dags/example_xcom.py
[2024-12-10T10:12:04.775-0300] {processor.py:830} INFO - Processing file /home/beatriz/Documentos/airflow/airflow_venv/lib/python3.10/site-packages/airflow/example_dags/example_xcom.py for tasks to queue
[2024-12-10T10:12:04.778-0300] {logging_mixin.py:188} INFO - [2024-12-10T10:12:04.777-0300] {dagbag.py:540} INFO - Filling up the DagBag from /home/beatriz/Documentos/airflow/airflow_venv/lib/python3.10/site-packages/airflow/example_dags/example_xcom.py
[2024-12-10T10:12:04.788-0300] {processor.py:840} INFO - DAG(s) 'example_xcom' retrieved from /home/beatriz/Documentos/airflow/airflow_venv/lib/python3.10/site-packages/airflow/example_dags/example_xcom.py
[2024-12-10T10:12:04.801-0300] {logging_mixin.py:188} INFO - [2024-12-10T10:12:04.801-0300] {dag.py:3096} INFO - Sync 1 DAGs
[2024-12-10T10:12:04.817-0300] {logging_mixin.py:188} INFO - [2024-12-10T10:12:04.816-0300] {dag.py:3954} INFO - Setting next_dagrun for example_xcom to 2021-01-01 00:00:00+00:00, run_after=2021-01-01 00:00:00+00:00
[2024-12-10T10:12:04.835-0300] {processor.py:183} INFO - Processing /home/beatriz/Documentos/airflow/airflow_venv/lib/python3.10/site-packages/airflow/example_dags/example_xcom.py took 0.080 seconds
[2024-12-10T10:12:54.011-0300] {processor.py:161} INFO - Started process (PID=12260) to work on /home/beatriz/Documentos/airflow/airflow_venv/lib/python3.10/site-packages/airflow/example_dags/example_xcom.py
[2024-12-10T10:12:54.013-0300] {processor.py:830} INFO - Processing file /home/beatriz/Documentos/airflow/airflow_venv/lib/python3.10/site-packages/airflow/example_dags/example_xcom.py for tasks to queue
[2024-12-10T10:12:54.014-0300] {logging_mixin.py:188} INFO - [2024-12-10T10:12:54.014-0300] {dagbag.py:540} INFO - Filling up the DagBag from /home/beatriz/Documentos/airflow/airflow_venv/lib/python3.10/site-packages/airflow/example_dags/example_xcom.py
[2024-12-10T10:12:54.020-0300] {processor.py:840} INFO - DAG(s) 'example_xcom' retrieved from /home/beatriz/Documentos/airflow/airflow_venv/lib/python3.10/site-packages/airflow/example_dags/example_xcom.py
[2024-12-10T10:12:54.032-0300] {logging_mixin.py:188} INFO - [2024-12-10T10:12:54.032-0300] {dag.py:3096} INFO - Sync 1 DAGs
[2024-12-10T10:12:54.046-0300] {logging_mixin.py:188} INFO - [2024-12-10T10:12:54.046-0300] {dag.py:3954} INFO - Setting next_dagrun for example_xcom to 2021-01-01 00:00:00+00:00, run_after=2021-01-01 00:00:00+00:00
[2024-12-10T10:12:54.064-0300] {processor.py:183} INFO - Processing /home/beatriz/Documentos/airflow/airflow_venv/lib/python3.10/site-packages/airflow/example_dags/example_xcom.py took 0.058 seconds
[2024-12-10T10:13:43.769-0300] {processor.py:161} INFO - Started process (PID=12670) to work on /home/beatriz/Documentos/airflow/airflow_venv/lib/python3.10/site-packages/airflow/example_dags/example_xcom.py
[2024-12-10T10:13:43.772-0300] {processor.py:830} INFO - Processing file /home/beatriz/Documentos/airflow/airflow_venv/lib/python3.10/site-packages/airflow/example_dags/example_xcom.py for tasks to queue
[2024-12-10T10:13:43.776-0300] {logging_mixin.py:188} INFO - [2024-12-10T10:13:43.775-0300] {dagbag.py:540} INFO - Filling up the DagBag from /home/beatriz/Documentos/airflow/airflow_venv/lib/python3.10/site-packages/airflow/example_dags/example_xcom.py
[2024-12-10T10:13:43.789-0300] {processor.py:840} INFO - DAG(s) 'example_xcom' retrieved from /home/beatriz/Documentos/airflow/airflow_venv/lib/python3.10/site-packages/airflow/example_dags/example_xcom.py
[2024-12-10T10:13:43.805-0300] {logging_mixin.py:188} INFO - [2024-12-10T10:13:43.804-0300] {dag.py:3096} INFO - Sync 1 DAGs
[2024-12-10T10:13:43.818-0300] {logging_mixin.py:188} INFO - [2024-12-10T10:13:43.818-0300] {dag.py:3954} INFO - Setting next_dagrun for example_xcom to 2021-01-01 00:00:00+00:00, run_after=2021-01-01 00:00:00+00:00
[2024-12-10T10:13:43.836-0300] {processor.py:183} INFO - Processing /home/beatriz/Documentos/airflow/airflow_venv/lib/python3.10/site-packages/airflow/example_dags/example_xcom.py took 0.081 seconds
[2024-12-10T10:14:33.872-0300] {processor.py:161} INFO - Started process (PID=13201) to work on /home/beatriz/Documentos/airflow/airflow_venv/lib/python3.10/site-packages/airflow/example_dags/example_xcom.py
[2024-12-10T10:14:33.875-0300] {processor.py:830} INFO - Processing file /home/beatriz/Documentos/airflow/airflow_venv/lib/python3.10/site-packages/airflow/example_dags/example_xcom.py for tasks to queue
[2024-12-10T10:14:33.879-0300] {logging_mixin.py:188} INFO - [2024-12-10T10:14:33.878-0300] {dagbag.py:540} INFO - Filling up the DagBag from /home/beatriz/Documentos/airflow/airflow_venv/lib/python3.10/site-packages/airflow/example_dags/example_xcom.py
[2024-12-10T10:14:33.893-0300] {processor.py:840} INFO - DAG(s) 'example_xcom' retrieved from /home/beatriz/Documentos/airflow/airflow_venv/lib/python3.10/site-packages/airflow/example_dags/example_xcom.py
[2024-12-10T10:14:33.910-0300] {logging_mixin.py:188} INFO - [2024-12-10T10:14:33.909-0300] {dag.py:3096} INFO - Sync 1 DAGs
[2024-12-10T10:14:33.924-0300] {logging_mixin.py:188} INFO - [2024-12-10T10:14:33.924-0300] {dag.py:3954} INFO - Setting next_dagrun for example_xcom to 2021-01-01 00:00:00+00:00, run_after=2021-01-01 00:00:00+00:00
[2024-12-10T10:14:33.942-0300] {processor.py:183} INFO - Processing /home/beatriz/Documentos/airflow/airflow_venv/lib/python3.10/site-packages/airflow/example_dags/example_xcom.py took 0.084 seconds
[2024-12-10T10:15:20.920-0300] {processor.py:161} INFO - Started process (PID=13651) to work on /home/beatriz/Documentos/airflow/airflow_venv/lib/python3.10/site-packages/airflow/example_dags/example_xcom.py
[2024-12-10T10:15:20.922-0300] {processor.py:830} INFO - Processing file /home/beatriz/Documentos/airflow/airflow_venv/lib/python3.10/site-packages/airflow/example_dags/example_xcom.py for tasks to queue
[2024-12-10T10:15:20.923-0300] {logging_mixin.py:188} INFO - [2024-12-10T10:15:20.923-0300] {dagbag.py:540} INFO - Filling up the DagBag from /home/beatriz/Documentos/airflow/airflow_venv/lib/python3.10/site-packages/airflow/example_dags/example_xcom.py
[2024-12-10T10:15:20.929-0300] {processor.py:840} INFO - DAG(s) 'example_xcom' retrieved from /home/beatriz/Documentos/airflow/airflow_venv/lib/python3.10/site-packages/airflow/example_dags/example_xcom.py
[2024-12-10T10:15:20.942-0300] {logging_mixin.py:188} INFO - [2024-12-10T10:15:20.941-0300] {dag.py:3096} INFO - Sync 1 DAGs
[2024-12-10T10:15:20.955-0300] {logging_mixin.py:188} INFO - [2024-12-10T10:15:20.955-0300] {dag.py:3954} INFO - Setting next_dagrun for example_xcom to 2021-01-01 00:00:00+00:00, run_after=2021-01-01 00:00:00+00:00
[2024-12-10T10:15:20.971-0300] {processor.py:183} INFO - Processing /home/beatriz/Documentos/airflow/airflow_venv/lib/python3.10/site-packages/airflow/example_dags/example_xcom.py took 0.056 seconds
[2024-12-10T10:16:09.533-0300] {processor.py:161} INFO - Started process (PID=14072) to work on /home/beatriz/Documentos/airflow/airflow_venv/lib/python3.10/site-packages/airflow/example_dags/example_xcom.py
[2024-12-10T10:16:09.535-0300] {processor.py:830} INFO - Processing file /home/beatriz/Documentos/airflow/airflow_venv/lib/python3.10/site-packages/airflow/example_dags/example_xcom.py for tasks to queue
[2024-12-10T10:16:09.536-0300] {logging_mixin.py:188} INFO - [2024-12-10T10:16:09.536-0300] {dagbag.py:540} INFO - Filling up the DagBag from /home/beatriz/Documentos/airflow/airflow_venv/lib/python3.10/site-packages/airflow/example_dags/example_xcom.py
[2024-12-10T10:16:09.542-0300] {processor.py:840} INFO - DAG(s) 'example_xcom' retrieved from /home/beatriz/Documentos/airflow/airflow_venv/lib/python3.10/site-packages/airflow/example_dags/example_xcom.py
[2024-12-10T10:16:09.556-0300] {logging_mixin.py:188} INFO - [2024-12-10T10:16:09.555-0300] {dag.py:3096} INFO - Sync 1 DAGs
[2024-12-10T10:16:09.570-0300] {logging_mixin.py:188} INFO - [2024-12-10T10:16:09.570-0300] {dag.py:3954} INFO - Setting next_dagrun for example_xcom to 2021-01-01 00:00:00+00:00, run_after=2021-01-01 00:00:00+00:00
[2024-12-10T10:16:09.587-0300] {processor.py:183} INFO - Processing /home/beatriz/Documentos/airflow/airflow_venv/lib/python3.10/site-packages/airflow/example_dags/example_xcom.py took 0.058 seconds
[2024-12-10T10:17:01.714-0300] {processor.py:161} INFO - Started process (PID=14438) to work on /home/beatriz/Documentos/airflow/airflow_venv/lib/python3.10/site-packages/airflow/example_dags/example_xcom.py
[2024-12-10T10:17:01.715-0300] {processor.py:830} INFO - Processing file /home/beatriz/Documentos/airflow/airflow_venv/lib/python3.10/site-packages/airflow/example_dags/example_xcom.py for tasks to queue
[2024-12-10T10:17:01.717-0300] {logging_mixin.py:188} INFO - [2024-12-10T10:17:01.716-0300] {dagbag.py:540} INFO - Filling up the DagBag from /home/beatriz/Documentos/airflow/airflow_venv/lib/python3.10/site-packages/airflow/example_dags/example_xcom.py
[2024-12-10T10:17:01.727-0300] {processor.py:840} INFO - DAG(s) 'example_xcom' retrieved from /home/beatriz/Documentos/airflow/airflow_venv/lib/python3.10/site-packages/airflow/example_dags/example_xcom.py
[2024-12-10T10:17:01.741-0300] {logging_mixin.py:188} INFO - [2024-12-10T10:17:01.741-0300] {dag.py:3096} INFO - Sync 1 DAGs
[2024-12-10T10:17:01.756-0300] {logging_mixin.py:188} INFO - [2024-12-10T10:17:01.756-0300] {dag.py:3954} INFO - Setting next_dagrun for example_xcom to 2021-01-01 00:00:00+00:00, run_after=2021-01-01 00:00:00+00:00
[2024-12-10T10:17:01.776-0300] {processor.py:183} INFO - Processing /home/beatriz/Documentos/airflow/airflow_venv/lib/python3.10/site-packages/airflow/example_dags/example_xcom.py took 0.070 seconds
[2024-12-10T10:17:56.188-0300] {processor.py:161} INFO - Started process (PID=14843) to work on /home/beatriz/Documentos/airflow/airflow_venv/lib/python3.10/site-packages/airflow/example_dags/example_xcom.py
[2024-12-10T10:17:56.191-0300] {processor.py:830} INFO - Processing file /home/beatriz/Documentos/airflow/airflow_venv/lib/python3.10/site-packages/airflow/example_dags/example_xcom.py for tasks to queue
[2024-12-10T10:17:56.194-0300] {logging_mixin.py:188} INFO - [2024-12-10T10:17:56.193-0300] {dagbag.py:540} INFO - Filling up the DagBag from /home/beatriz/Documentos/airflow/airflow_venv/lib/python3.10/site-packages/airflow/example_dags/example_xcom.py
[2024-12-10T10:17:56.207-0300] {processor.py:840} INFO - DAG(s) 'example_xcom' retrieved from /home/beatriz/Documentos/airflow/airflow_venv/lib/python3.10/site-packages/airflow/example_dags/example_xcom.py
[2024-12-10T10:17:56.225-0300] {logging_mixin.py:188} INFO - [2024-12-10T10:17:56.224-0300] {dag.py:3096} INFO - Sync 1 DAGs
[2024-12-10T10:17:56.243-0300] {logging_mixin.py:188} INFO - [2024-12-10T10:17:56.243-0300] {dag.py:3954} INFO - Setting next_dagrun for example_xcom to 2021-01-01 00:00:00+00:00, run_after=2021-01-01 00:00:00+00:00
[2024-12-10T10:17:56.269-0300] {processor.py:183} INFO - Processing /home/beatriz/Documentos/airflow/airflow_venv/lib/python3.10/site-packages/airflow/example_dags/example_xcom.py took 0.092 seconds
[2024-12-10T10:18:45.809-0300] {processor.py:161} INFO - Started process (PID=15323) to work on /home/beatriz/Documentos/airflow/airflow_venv/lib/python3.10/site-packages/airflow/example_dags/example_xcom.py
[2024-12-10T10:18:45.811-0300] {processor.py:830} INFO - Processing file /home/beatriz/Documentos/airflow/airflow_venv/lib/python3.10/site-packages/airflow/example_dags/example_xcom.py for tasks to queue
[2024-12-10T10:18:45.813-0300] {logging_mixin.py:188} INFO - [2024-12-10T10:18:45.813-0300] {dagbag.py:540} INFO - Filling up the DagBag from /home/beatriz/Documentos/airflow/airflow_venv/lib/python3.10/site-packages/airflow/example_dags/example_xcom.py
[2024-12-10T10:18:45.824-0300] {processor.py:840} INFO - DAG(s) 'example_xcom' retrieved from /home/beatriz/Documentos/airflow/airflow_venv/lib/python3.10/site-packages/airflow/example_dags/example_xcom.py
[2024-12-10T10:18:45.841-0300] {logging_mixin.py:188} INFO - [2024-12-10T10:18:45.841-0300] {dag.py:3096} INFO - Sync 1 DAGs
[2024-12-10T10:18:45.881-0300] {logging_mixin.py:188} INFO - [2024-12-10T10:18:45.881-0300] {dag.py:3954} INFO - Setting next_dagrun for example_xcom to 2021-01-01 00:00:00+00:00, run_after=2021-01-01 00:00:00+00:00
[2024-12-10T10:18:45.928-0300] {processor.py:183} INFO - Processing /home/beatriz/Documentos/airflow/airflow_venv/lib/python3.10/site-packages/airflow/example_dags/example_xcom.py took 0.128 seconds
[2024-12-10T11:00:57.211-0300] {processor.py:161} INFO - Started process (PID=19217) to work on /home/beatriz/Documentos/airflow/airflow_venv/lib/python3.10/site-packages/airflow/example_dags/example_xcom.py
[2024-12-10T11:00:57.213-0300] {processor.py:830} INFO - Processing file /home/beatriz/Documentos/airflow/airflow_venv/lib/python3.10/site-packages/airflow/example_dags/example_xcom.py for tasks to queue
[2024-12-10T11:00:57.215-0300] {logging_mixin.py:188} INFO - [2024-12-10T11:00:57.214-0300] {dagbag.py:540} INFO - Filling up the DagBag from /home/beatriz/Documentos/airflow/airflow_venv/lib/python3.10/site-packages/airflow/example_dags/example_xcom.py
[2024-12-10T11:00:57.223-0300] {processor.py:840} INFO - DAG(s) 'example_xcom' retrieved from /home/beatriz/Documentos/airflow/airflow_venv/lib/python3.10/site-packages/airflow/example_dags/example_xcom.py
[2024-12-10T11:00:57.229-0300] {logging_mixin.py:188} INFO - [2024-12-10T11:00:57.228-0300] {dag.py:3096} INFO - Sync 1 DAGs
[2024-12-10T11:00:57.244-0300] {logging_mixin.py:188} INFO - [2024-12-10T11:00:57.244-0300] {dag.py:3954} INFO - Setting next_dagrun for example_xcom to 2021-01-01 00:00:00+00:00, run_after=2021-01-01 00:00:00+00:00
[2024-12-10T11:00:57.262-0300] {processor.py:183} INFO - Processing /home/beatriz/Documentos/airflow/airflow_venv/lib/python3.10/site-packages/airflow/example_dags/example_xcom.py took 0.056 seconds
[2024-12-10T11:02:05.970-0300] {processor.py:161} INFO - Started process (PID=20073) to work on /home/beatriz/Documentos/airflow/airflow_venv/lib/python3.10/site-packages/airflow/example_dags/example_xcom.py
[2024-12-10T11:02:05.971-0300] {processor.py:830} INFO - Processing file /home/beatriz/Documentos/airflow/airflow_venv/lib/python3.10/site-packages/airflow/example_dags/example_xcom.py for tasks to queue
[2024-12-10T11:02:05.975-0300] {logging_mixin.py:188} INFO - [2024-12-10T11:02:05.974-0300] {dagbag.py:540} INFO - Filling up the DagBag from /home/beatriz/Documentos/airflow/airflow_venv/lib/python3.10/site-packages/airflow/example_dags/example_xcom.py
[2024-12-10T11:02:05.989-0300] {processor.py:840} INFO - DAG(s) 'example_xcom' retrieved from /home/beatriz/Documentos/airflow/airflow_venv/lib/python3.10/site-packages/airflow/example_dags/example_xcom.py
[2024-12-10T11:02:06.074-0300] {logging_mixin.py:188} INFO - [2024-12-10T11:02:06.074-0300] {dag.py:3096} INFO - Sync 1 DAGs
[2024-12-10T11:02:06.090-0300] {logging_mixin.py:188} INFO - [2024-12-10T11:02:06.089-0300] {dag.py:3954} INFO - Setting next_dagrun for example_xcom to 2021-01-01 00:00:00+00:00, run_after=2021-01-01 00:00:00+00:00
[2024-12-10T11:02:06.115-0300] {processor.py:183} INFO - Processing /home/beatriz/Documentos/airflow/airflow_venv/lib/python3.10/site-packages/airflow/example_dags/example_xcom.py took 0.157 seconds
[2024-12-10T11:03:01.591-0300] {processor.py:161} INFO - Started process (PID=20511) to work on /home/beatriz/Documentos/airflow/airflow_venv/lib/python3.10/site-packages/airflow/example_dags/example_xcom.py
[2024-12-10T11:03:01.594-0300] {processor.py:830} INFO - Processing file /home/beatriz/Documentos/airflow/airflow_venv/lib/python3.10/site-packages/airflow/example_dags/example_xcom.py for tasks to queue
[2024-12-10T11:03:01.598-0300] {logging_mixin.py:188} INFO - [2024-12-10T11:03:01.597-0300] {dagbag.py:540} INFO - Filling up the DagBag from /home/beatriz/Documentos/airflow/airflow_venv/lib/python3.10/site-packages/airflow/example_dags/example_xcom.py
[2024-12-10T11:03:01.613-0300] {processor.py:840} INFO - DAG(s) 'example_xcom' retrieved from /home/beatriz/Documentos/airflow/airflow_venv/lib/python3.10/site-packages/airflow/example_dags/example_xcom.py
[2024-12-10T11:03:01.630-0300] {logging_mixin.py:188} INFO - [2024-12-10T11:03:01.630-0300] {dag.py:3096} INFO - Sync 1 DAGs
[2024-12-10T11:03:01.644-0300] {logging_mixin.py:188} INFO - [2024-12-10T11:03:01.644-0300] {dag.py:3954} INFO - Setting next_dagrun for example_xcom to 2021-01-01 00:00:00+00:00, run_after=2021-01-01 00:00:00+00:00
[2024-12-10T11:03:01.662-0300] {processor.py:183} INFO - Processing /home/beatriz/Documentos/airflow/airflow_venv/lib/python3.10/site-packages/airflow/example_dags/example_xcom.py took 0.084 seconds
[2024-12-10T11:36:56.235-0300] {processor.py:161} INFO - Started process (PID=24812) to work on /home/beatriz/Documentos/airflow/airflow_venv/lib/python3.10/site-packages/airflow/example_dags/example_xcom.py
[2024-12-10T11:36:56.237-0300] {processor.py:830} INFO - Processing file /home/beatriz/Documentos/airflow/airflow_venv/lib/python3.10/site-packages/airflow/example_dags/example_xcom.py for tasks to queue
[2024-12-10T11:36:56.238-0300] {logging_mixin.py:188} INFO - [2024-12-10T11:36:56.238-0300] {dagbag.py:540} INFO - Filling up the DagBag from /home/beatriz/Documentos/airflow/airflow_venv/lib/python3.10/site-packages/airflow/example_dags/example_xcom.py
[2024-12-10T11:36:56.252-0300] {processor.py:840} INFO - DAG(s) 'example_xcom' retrieved from /home/beatriz/Documentos/airflow/airflow_venv/lib/python3.10/site-packages/airflow/example_dags/example_xcom.py
[2024-12-10T11:36:56.260-0300] {logging_mixin.py:188} INFO - [2024-12-10T11:36:56.260-0300] {dag.py:3096} INFO - Sync 1 DAGs
[2024-12-10T11:36:56.275-0300] {logging_mixin.py:188} INFO - [2024-12-10T11:36:56.275-0300] {dag.py:3954} INFO - Setting next_dagrun for example_xcom to 2021-01-01 00:00:00+00:00, run_after=2021-01-01 00:00:00+00:00
[2024-12-10T11:36:56.293-0300] {processor.py:183} INFO - Processing /home/beatriz/Documentos/airflow/airflow_venv/lib/python3.10/site-packages/airflow/example_dags/example_xcom.py took 0.065 seconds
[2024-12-10T11:37:57.275-0300] {processor.py:161} INFO - Started process (PID=25162) to work on /home/beatriz/Documentos/airflow/airflow_venv/lib/python3.10/site-packages/airflow/example_dags/example_xcom.py
[2024-12-10T11:37:57.276-0300] {processor.py:830} INFO - Processing file /home/beatriz/Documentos/airflow/airflow_venv/lib/python3.10/site-packages/airflow/example_dags/example_xcom.py for tasks to queue
[2024-12-10T11:37:57.278-0300] {logging_mixin.py:188} INFO - [2024-12-10T11:37:57.277-0300] {dagbag.py:540} INFO - Filling up the DagBag from /home/beatriz/Documentos/airflow/airflow_venv/lib/python3.10/site-packages/airflow/example_dags/example_xcom.py
[2024-12-10T11:37:57.285-0300] {processor.py:840} INFO - DAG(s) 'example_xcom' retrieved from /home/beatriz/Documentos/airflow/airflow_venv/lib/python3.10/site-packages/airflow/example_dags/example_xcom.py
[2024-12-10T11:37:57.384-0300] {logging_mixin.py:188} INFO - [2024-12-10T11:37:57.384-0300] {dag.py:3096} INFO - Sync 1 DAGs
[2024-12-10T11:37:57.403-0300] {logging_mixin.py:188} INFO - [2024-12-10T11:37:57.403-0300] {dag.py:3954} INFO - Setting next_dagrun for example_xcom to 2021-01-01 00:00:00+00:00, run_after=2021-01-01 00:00:00+00:00
[2024-12-10T11:37:57.434-0300] {processor.py:183} INFO - Processing /home/beatriz/Documentos/airflow/airflow_venv/lib/python3.10/site-packages/airflow/example_dags/example_xcom.py took 0.165 seconds
[2024-12-10T11:38:55.944-0300] {processor.py:161} INFO - Started process (PID=25531) to work on /home/beatriz/Documentos/airflow/airflow_venv/lib/python3.10/site-packages/airflow/example_dags/example_xcom.py
[2024-12-10T11:38:55.945-0300] {processor.py:830} INFO - Processing file /home/beatriz/Documentos/airflow/airflow_venv/lib/python3.10/site-packages/airflow/example_dags/example_xcom.py for tasks to queue
[2024-12-10T11:38:55.948-0300] {logging_mixin.py:188} INFO - [2024-12-10T11:38:55.947-0300] {dagbag.py:540} INFO - Filling up the DagBag from /home/beatriz/Documentos/airflow/airflow_venv/lib/python3.10/site-packages/airflow/example_dags/example_xcom.py
[2024-12-10T11:38:55.959-0300] {processor.py:840} INFO - DAG(s) 'example_xcom' retrieved from /home/beatriz/Documentos/airflow/airflow_venv/lib/python3.10/site-packages/airflow/example_dags/example_xcom.py
[2024-12-10T11:38:55.982-0300] {logging_mixin.py:188} INFO - [2024-12-10T11:38:55.982-0300] {dag.py:3096} INFO - Sync 1 DAGs
[2024-12-10T11:38:56.004-0300] {logging_mixin.py:188} INFO - [2024-12-10T11:38:56.003-0300] {dag.py:3954} INFO - Setting next_dagrun for example_xcom to 2021-01-01 00:00:00+00:00, run_after=2021-01-01 00:00:00+00:00
[2024-12-10T11:38:56.030-0300] {processor.py:183} INFO - Processing /home/beatriz/Documentos/airflow/airflow_venv/lib/python3.10/site-packages/airflow/example_dags/example_xcom.py took 0.095 seconds
[2024-12-10T11:39:50.219-0300] {processor.py:161} INFO - Started process (PID=25921) to work on /home/beatriz/Documentos/airflow/airflow_venv/lib/python3.10/site-packages/airflow/example_dags/example_xcom.py
[2024-12-10T11:39:50.220-0300] {processor.py:830} INFO - Processing file /home/beatriz/Documentos/airflow/airflow_venv/lib/python3.10/site-packages/airflow/example_dags/example_xcom.py for tasks to queue
[2024-12-10T11:39:50.221-0300] {logging_mixin.py:188} INFO - [2024-12-10T11:39:50.221-0300] {dagbag.py:540} INFO - Filling up the DagBag from /home/beatriz/Documentos/airflow/airflow_venv/lib/python3.10/site-packages/airflow/example_dags/example_xcom.py
[2024-12-10T11:39:50.228-0300] {processor.py:840} INFO - DAG(s) 'example_xcom' retrieved from /home/beatriz/Documentos/airflow/airflow_venv/lib/python3.10/site-packages/airflow/example_dags/example_xcom.py
[2024-12-10T11:39:50.240-0300] {logging_mixin.py:188} INFO - [2024-12-10T11:39:50.240-0300] {dag.py:3096} INFO - Sync 1 DAGs
[2024-12-10T11:39:50.255-0300] {logging_mixin.py:188} INFO - [2024-12-10T11:39:50.255-0300] {dag.py:3954} INFO - Setting next_dagrun for example_xcom to 2021-01-01 00:00:00+00:00, run_after=2021-01-01 00:00:00+00:00
[2024-12-10T11:39:50.273-0300] {processor.py:183} INFO - Processing /home/beatriz/Documentos/airflow/airflow_venv/lib/python3.10/site-packages/airflow/example_dags/example_xcom.py took 0.058 seconds
[2024-12-10T11:40:46.167-0300] {processor.py:161} INFO - Started process (PID=26327) to work on /home/beatriz/Documentos/airflow/airflow_venv/lib/python3.10/site-packages/airflow/example_dags/example_xcom.py
[2024-12-10T11:40:46.167-0300] {processor.py:830} INFO - Processing file /home/beatriz/Documentos/airflow/airflow_venv/lib/python3.10/site-packages/airflow/example_dags/example_xcom.py for tasks to queue
[2024-12-10T11:40:46.169-0300] {logging_mixin.py:188} INFO - [2024-12-10T11:40:46.168-0300] {dagbag.py:540} INFO - Filling up the DagBag from /home/beatriz/Documentos/airflow/airflow_venv/lib/python3.10/site-packages/airflow/example_dags/example_xcom.py
[2024-12-10T11:40:46.176-0300] {processor.py:840} INFO - DAG(s) 'example_xcom' retrieved from /home/beatriz/Documentos/airflow/airflow_venv/lib/python3.10/site-packages/airflow/example_dags/example_xcom.py
[2024-12-10T11:40:46.190-0300] {logging_mixin.py:188} INFO - [2024-12-10T11:40:46.189-0300] {dag.py:3096} INFO - Sync 1 DAGs
[2024-12-10T11:40:46.203-0300] {logging_mixin.py:188} INFO - [2024-12-10T11:40:46.203-0300] {dag.py:3954} INFO - Setting next_dagrun for example_xcom to 2021-01-01 00:00:00+00:00, run_after=2021-01-01 00:00:00+00:00
[2024-12-10T11:40:46.229-0300] {processor.py:183} INFO - Processing /home/beatriz/Documentos/airflow/airflow_venv/lib/python3.10/site-packages/airflow/example_dags/example_xcom.py took 0.067 seconds
[2024-12-10T11:41:43.822-0300] {processor.py:161} INFO - Started process (PID=26754) to work on /home/beatriz/Documentos/airflow/airflow_venv/lib/python3.10/site-packages/airflow/example_dags/example_xcom.py
[2024-12-10T11:41:43.824-0300] {processor.py:830} INFO - Processing file /home/beatriz/Documentos/airflow/airflow_venv/lib/python3.10/site-packages/airflow/example_dags/example_xcom.py for tasks to queue
[2024-12-10T11:41:43.827-0300] {logging_mixin.py:188} INFO - [2024-12-10T11:41:43.827-0300] {dagbag.py:540} INFO - Filling up the DagBag from /home/beatriz/Documentos/airflow/airflow_venv/lib/python3.10/site-packages/airflow/example_dags/example_xcom.py
[2024-12-10T11:41:43.841-0300] {processor.py:840} INFO - DAG(s) 'example_xcom' retrieved from /home/beatriz/Documentos/airflow/airflow_venv/lib/python3.10/site-packages/airflow/example_dags/example_xcom.py
[2024-12-10T11:41:43.859-0300] {logging_mixin.py:188} INFO - [2024-12-10T11:41:43.858-0300] {dag.py:3096} INFO - Sync 1 DAGs
[2024-12-10T11:41:43.873-0300] {logging_mixin.py:188} INFO - [2024-12-10T11:41:43.873-0300] {dag.py:3954} INFO - Setting next_dagrun for example_xcom to 2021-01-01 00:00:00+00:00, run_after=2021-01-01 00:00:00+00:00
[2024-12-10T11:41:43.893-0300] {processor.py:183} INFO - Processing /home/beatriz/Documentos/airflow/airflow_venv/lib/python3.10/site-packages/airflow/example_dags/example_xcom.py took 0.083 seconds
[2024-12-10T11:42:40.888-0300] {processor.py:161} INFO - Started process (PID=27119) to work on /home/beatriz/Documentos/airflow/airflow_venv/lib/python3.10/site-packages/airflow/example_dags/example_xcom.py
[2024-12-10T11:42:40.889-0300] {processor.py:830} INFO - Processing file /home/beatriz/Documentos/airflow/airflow_venv/lib/python3.10/site-packages/airflow/example_dags/example_xcom.py for tasks to queue
[2024-12-10T11:42:40.890-0300] {logging_mixin.py:188} INFO - [2024-12-10T11:42:40.890-0300] {dagbag.py:540} INFO - Filling up the DagBag from /home/beatriz/Documentos/airflow/airflow_venv/lib/python3.10/site-packages/airflow/example_dags/example_xcom.py
[2024-12-10T11:42:40.897-0300] {processor.py:840} INFO - DAG(s) 'example_xcom' retrieved from /home/beatriz/Documentos/airflow/airflow_venv/lib/python3.10/site-packages/airflow/example_dags/example_xcom.py
[2024-12-10T11:42:40.912-0300] {logging_mixin.py:188} INFO - [2024-12-10T11:42:40.912-0300] {dag.py:3096} INFO - Sync 1 DAGs
[2024-12-10T11:42:40.927-0300] {logging_mixin.py:188} INFO - [2024-12-10T11:42:40.926-0300] {dag.py:3954} INFO - Setting next_dagrun for example_xcom to 2021-01-01 00:00:00+00:00, run_after=2021-01-01 00:00:00+00:00
[2024-12-10T11:42:40.944-0300] {processor.py:183} INFO - Processing /home/beatriz/Documentos/airflow/airflow_venv/lib/python3.10/site-packages/airflow/example_dags/example_xcom.py took 0.062 seconds
[2024-12-10T11:43:32.558-0300] {processor.py:161} INFO - Started process (PID=27528) to work on /home/beatriz/Documentos/airflow/airflow_venv/lib/python3.10/site-packages/airflow/example_dags/example_xcom.py
[2024-12-10T11:43:32.559-0300] {processor.py:830} INFO - Processing file /home/beatriz/Documentos/airflow/airflow_venv/lib/python3.10/site-packages/airflow/example_dags/example_xcom.py for tasks to queue
[2024-12-10T11:43:32.560-0300] {logging_mixin.py:188} INFO - [2024-12-10T11:43:32.560-0300] {dagbag.py:540} INFO - Filling up the DagBag from /home/beatriz/Documentos/airflow/airflow_venv/lib/python3.10/site-packages/airflow/example_dags/example_xcom.py
[2024-12-10T11:43:32.569-0300] {processor.py:840} INFO - DAG(s) 'example_xcom' retrieved from /home/beatriz/Documentos/airflow/airflow_venv/lib/python3.10/site-packages/airflow/example_dags/example_xcom.py
[2024-12-10T11:43:32.584-0300] {logging_mixin.py:188} INFO - [2024-12-10T11:43:32.583-0300] {dag.py:3096} INFO - Sync 1 DAGs
[2024-12-10T11:43:32.600-0300] {logging_mixin.py:188} INFO - [2024-12-10T11:43:32.600-0300] {dag.py:3954} INFO - Setting next_dagrun for example_xcom to 2021-01-01 00:00:00+00:00, run_after=2021-01-01 00:00:00+00:00
[2024-12-10T11:43:32.620-0300] {processor.py:183} INFO - Processing /home/beatriz/Documentos/airflow/airflow_venv/lib/python3.10/site-packages/airflow/example_dags/example_xcom.py took 0.068 seconds
[2024-12-10T11:44:31.437-0300] {processor.py:161} INFO - Started process (PID=28319) to work on /home/beatriz/Documentos/airflow/airflow_venv/lib/python3.10/site-packages/airflow/example_dags/example_xcom.py
[2024-12-10T11:44:31.439-0300] {processor.py:830} INFO - Processing file /home/beatriz/Documentos/airflow/airflow_venv/lib/python3.10/site-packages/airflow/example_dags/example_xcom.py for tasks to queue
[2024-12-10T11:44:31.442-0300] {logging_mixin.py:188} INFO - [2024-12-10T11:44:31.441-0300] {dagbag.py:540} INFO - Filling up the DagBag from /home/beatriz/Documentos/airflow/airflow_venv/lib/python3.10/site-packages/airflow/example_dags/example_xcom.py
[2024-12-10T11:44:31.455-0300] {processor.py:840} INFO - DAG(s) 'example_xcom' retrieved from /home/beatriz/Documentos/airflow/airflow_venv/lib/python3.10/site-packages/airflow/example_dags/example_xcom.py
[2024-12-10T11:44:31.472-0300] {logging_mixin.py:188} INFO - [2024-12-10T11:44:31.471-0300] {dag.py:3096} INFO - Sync 1 DAGs
[2024-12-10T11:44:31.488-0300] {logging_mixin.py:188} INFO - [2024-12-10T11:44:31.487-0300] {dag.py:3954} INFO - Setting next_dagrun for example_xcom to 2021-01-01 00:00:00+00:00, run_after=2021-01-01 00:00:00+00:00
[2024-12-10T11:44:31.506-0300] {processor.py:183} INFO - Processing /home/beatriz/Documentos/airflow/airflow_venv/lib/python3.10/site-packages/airflow/example_dags/example_xcom.py took 0.082 seconds
[2024-12-10T11:45:27.806-0300] {processor.py:161} INFO - Started process (PID=28782) to work on /home/beatriz/Documentos/airflow/airflow_venv/lib/python3.10/site-packages/airflow/example_dags/example_xcom.py
[2024-12-10T11:45:27.807-0300] {processor.py:830} INFO - Processing file /home/beatriz/Documentos/airflow/airflow_venv/lib/python3.10/site-packages/airflow/example_dags/example_xcom.py for tasks to queue
[2024-12-10T11:45:27.808-0300] {logging_mixin.py:188} INFO - [2024-12-10T11:45:27.808-0300] {dagbag.py:540} INFO - Filling up the DagBag from /home/beatriz/Documentos/airflow/airflow_venv/lib/python3.10/site-packages/airflow/example_dags/example_xcom.py
[2024-12-10T11:45:27.816-0300] {processor.py:840} INFO - DAG(s) 'example_xcom' retrieved from /home/beatriz/Documentos/airflow/airflow_venv/lib/python3.10/site-packages/airflow/example_dags/example_xcom.py
[2024-12-10T11:45:27.830-0300] {logging_mixin.py:188} INFO - [2024-12-10T11:45:27.830-0300] {dag.py:3096} INFO - Sync 1 DAGs
[2024-12-10T11:45:27.844-0300] {logging_mixin.py:188} INFO - [2024-12-10T11:45:27.844-0300] {dag.py:3954} INFO - Setting next_dagrun for example_xcom to 2021-01-01 00:00:00+00:00, run_after=2021-01-01 00:00:00+00:00
[2024-12-10T11:45:27.864-0300] {processor.py:183} INFO - Processing /home/beatriz/Documentos/airflow/airflow_venv/lib/python3.10/site-packages/airflow/example_dags/example_xcom.py took 0.063 seconds
[2024-12-10T11:46:24.800-0300] {processor.py:161} INFO - Started process (PID=29278) to work on /home/beatriz/Documentos/airflow/airflow_venv/lib/python3.10/site-packages/airflow/example_dags/example_xcom.py
[2024-12-10T11:46:24.800-0300] {processor.py:830} INFO - Processing file /home/beatriz/Documentos/airflow/airflow_venv/lib/python3.10/site-packages/airflow/example_dags/example_xcom.py for tasks to queue
[2024-12-10T11:46:24.802-0300] {logging_mixin.py:188} INFO - [2024-12-10T11:46:24.801-0300] {dagbag.py:540} INFO - Filling up the DagBag from /home/beatriz/Documentos/airflow/airflow_venv/lib/python3.10/site-packages/airflow/example_dags/example_xcom.py
[2024-12-10T11:46:24.817-0300] {processor.py:840} INFO - DAG(s) 'example_xcom' retrieved from /home/beatriz/Documentos/airflow/airflow_venv/lib/python3.10/site-packages/airflow/example_dags/example_xcom.py
[2024-12-10T11:46:24.831-0300] {logging_mixin.py:188} INFO - [2024-12-10T11:46:24.831-0300] {dag.py:3096} INFO - Sync 1 DAGs
[2024-12-10T11:46:24.846-0300] {logging_mixin.py:188} INFO - [2024-12-10T11:46:24.846-0300] {dag.py:3954} INFO - Setting next_dagrun for example_xcom to 2021-01-01 00:00:00+00:00, run_after=2021-01-01 00:00:00+00:00
[2024-12-10T11:46:24.864-0300] {processor.py:183} INFO - Processing /home/beatriz/Documentos/airflow/airflow_venv/lib/python3.10/site-packages/airflow/example_dags/example_xcom.py took 0.070 seconds
[2024-12-10T11:48:46.339-0300] {processor.py:161} INFO - Started process (PID=30881) to work on /home/beatriz/Documentos/airflow/airflow_venv/lib/python3.10/site-packages/airflow/example_dags/example_xcom.py
[2024-12-10T11:48:46.339-0300] {processor.py:830} INFO - Processing file /home/beatriz/Documentos/airflow/airflow_venv/lib/python3.10/site-packages/airflow/example_dags/example_xcom.py for tasks to queue
[2024-12-10T11:48:46.340-0300] {logging_mixin.py:188} INFO - [2024-12-10T11:48:46.340-0300] {dagbag.py:540} INFO - Filling up the DagBag from /home/beatriz/Documentos/airflow/airflow_venv/lib/python3.10/site-packages/airflow/example_dags/example_xcom.py
[2024-12-10T11:48:46.347-0300] {processor.py:840} INFO - DAG(s) 'example_xcom' retrieved from /home/beatriz/Documentos/airflow/airflow_venv/lib/python3.10/site-packages/airflow/example_dags/example_xcom.py
[2024-12-10T11:48:46.362-0300] {logging_mixin.py:188} INFO - [2024-12-10T11:48:46.362-0300] {dag.py:3096} INFO - Sync 1 DAGs
[2024-12-10T11:48:46.375-0300] {logging_mixin.py:188} INFO - [2024-12-10T11:48:46.374-0300] {dag.py:3954} INFO - Setting next_dagrun for example_xcom to 2021-01-01 00:00:00+00:00, run_after=2021-01-01 00:00:00+00:00
[2024-12-10T11:48:46.392-0300] {processor.py:183} INFO - Processing /home/beatriz/Documentos/airflow/airflow_venv/lib/python3.10/site-packages/airflow/example_dags/example_xcom.py took 0.057 seconds
[2024-12-10T11:49:45.583-0300] {processor.py:161} INFO - Started process (PID=31322) to work on /home/beatriz/Documentos/airflow/airflow_venv/lib/python3.10/site-packages/airflow/example_dags/example_xcom.py
[2024-12-10T11:49:45.583-0300] {processor.py:830} INFO - Processing file /home/beatriz/Documentos/airflow/airflow_venv/lib/python3.10/site-packages/airflow/example_dags/example_xcom.py for tasks to queue
[2024-12-10T11:49:45.584-0300] {logging_mixin.py:188} INFO - [2024-12-10T11:49:45.584-0300] {dagbag.py:540} INFO - Filling up the DagBag from /home/beatriz/Documentos/airflow/airflow_venv/lib/python3.10/site-packages/airflow/example_dags/example_xcom.py
[2024-12-10T11:49:45.592-0300] {processor.py:840} INFO - DAG(s) 'example_xcom' retrieved from /home/beatriz/Documentos/airflow/airflow_venv/lib/python3.10/site-packages/airflow/example_dags/example_xcom.py
[2024-12-10T11:49:45.605-0300] {logging_mixin.py:188} INFO - [2024-12-10T11:49:45.605-0300] {dag.py:3096} INFO - Sync 1 DAGs
[2024-12-10T11:49:45.618-0300] {logging_mixin.py:188} INFO - [2024-12-10T11:49:45.617-0300] {dag.py:3954} INFO - Setting next_dagrun for example_xcom to 2021-01-01 00:00:00+00:00, run_after=2021-01-01 00:00:00+00:00
[2024-12-10T11:49:45.635-0300] {processor.py:183} INFO - Processing /home/beatriz/Documentos/airflow/airflow_venv/lib/python3.10/site-packages/airflow/example_dags/example_xcom.py took 0.057 seconds
[2024-12-10T11:50:44.203-0300] {processor.py:161} INFO - Started process (PID=31732) to work on /home/beatriz/Documentos/airflow/airflow_venv/lib/python3.10/site-packages/airflow/example_dags/example_xcom.py
[2024-12-10T11:50:44.203-0300] {processor.py:830} INFO - Processing file /home/beatriz/Documentos/airflow/airflow_venv/lib/python3.10/site-packages/airflow/example_dags/example_xcom.py for tasks to queue
[2024-12-10T11:50:44.204-0300] {logging_mixin.py:188} INFO - [2024-12-10T11:50:44.204-0300] {dagbag.py:540} INFO - Filling up the DagBag from /home/beatriz/Documentos/airflow/airflow_venv/lib/python3.10/site-packages/airflow/example_dags/example_xcom.py
[2024-12-10T11:50:44.212-0300] {processor.py:840} INFO - DAG(s) 'example_xcom' retrieved from /home/beatriz/Documentos/airflow/airflow_venv/lib/python3.10/site-packages/airflow/example_dags/example_xcom.py
[2024-12-10T11:50:44.227-0300] {logging_mixin.py:188} INFO - [2024-12-10T11:50:44.227-0300] {dag.py:3096} INFO - Sync 1 DAGs
[2024-12-10T11:50:44.240-0300] {logging_mixin.py:188} INFO - [2024-12-10T11:50:44.240-0300] {dag.py:3954} INFO - Setting next_dagrun for example_xcom to 2021-01-01 00:00:00+00:00, run_after=2021-01-01 00:00:00+00:00
[2024-12-10T11:50:44.257-0300] {processor.py:183} INFO - Processing /home/beatriz/Documentos/airflow/airflow_venv/lib/python3.10/site-packages/airflow/example_dags/example_xcom.py took 0.059 seconds
[2024-12-10T11:51:42.711-0300] {processor.py:161} INFO - Started process (PID=32134) to work on /home/beatriz/Documentos/airflow/airflow_venv/lib/python3.10/site-packages/airflow/example_dags/example_xcom.py
[2024-12-10T11:51:42.711-0300] {processor.py:830} INFO - Processing file /home/beatriz/Documentos/airflow/airflow_venv/lib/python3.10/site-packages/airflow/example_dags/example_xcom.py for tasks to queue
[2024-12-10T11:51:42.712-0300] {logging_mixin.py:188} INFO - [2024-12-10T11:51:42.712-0300] {dagbag.py:540} INFO - Filling up the DagBag from /home/beatriz/Documentos/airflow/airflow_venv/lib/python3.10/site-packages/airflow/example_dags/example_xcom.py
[2024-12-10T11:51:42.720-0300] {processor.py:840} INFO - DAG(s) 'example_xcom' retrieved from /home/beatriz/Documentos/airflow/airflow_venv/lib/python3.10/site-packages/airflow/example_dags/example_xcom.py
[2024-12-10T11:51:42.733-0300] {logging_mixin.py:188} INFO - [2024-12-10T11:51:42.733-0300] {dag.py:3096} INFO - Sync 1 DAGs
[2024-12-10T11:51:42.745-0300] {logging_mixin.py:188} INFO - [2024-12-10T11:51:42.745-0300] {dag.py:3954} INFO - Setting next_dagrun for example_xcom to 2021-01-01 00:00:00+00:00, run_after=2021-01-01 00:00:00+00:00
[2024-12-10T11:51:42.762-0300] {processor.py:183} INFO - Processing /home/beatriz/Documentos/airflow/airflow_venv/lib/python3.10/site-packages/airflow/example_dags/example_xcom.py took 0.056 seconds
[2024-12-10T11:52:37.397-0300] {processor.py:161} INFO - Started process (PID=32540) to work on /home/beatriz/Documentos/airflow/airflow_venv/lib/python3.10/site-packages/airflow/example_dags/example_xcom.py
[2024-12-10T11:52:37.398-0300] {processor.py:830} INFO - Processing file /home/beatriz/Documentos/airflow/airflow_venv/lib/python3.10/site-packages/airflow/example_dags/example_xcom.py for tasks to queue
[2024-12-10T11:52:37.399-0300] {logging_mixin.py:188} INFO - [2024-12-10T11:52:37.398-0300] {dagbag.py:540} INFO - Filling up the DagBag from /home/beatriz/Documentos/airflow/airflow_venv/lib/python3.10/site-packages/airflow/example_dags/example_xcom.py
[2024-12-10T11:52:37.406-0300] {processor.py:840} INFO - DAG(s) 'example_xcom' retrieved from /home/beatriz/Documentos/airflow/airflow_venv/lib/python3.10/site-packages/airflow/example_dags/example_xcom.py
[2024-12-10T11:52:37.420-0300] {logging_mixin.py:188} INFO - [2024-12-10T11:52:37.419-0300] {dag.py:3096} INFO - Sync 1 DAGs
[2024-12-10T11:52:37.432-0300] {logging_mixin.py:188} INFO - [2024-12-10T11:52:37.432-0300] {dag.py:3954} INFO - Setting next_dagrun for example_xcom to 2021-01-01 00:00:00+00:00, run_after=2021-01-01 00:00:00+00:00
[2024-12-10T11:52:37.449-0300] {processor.py:183} INFO - Processing /home/beatriz/Documentos/airflow/airflow_venv/lib/python3.10/site-packages/airflow/example_dags/example_xcom.py took 0.057 seconds
[2024-12-10T11:53:33.627-0300] {processor.py:161} INFO - Started process (PID=33201) to work on /home/beatriz/Documentos/airflow/airflow_venv/lib/python3.10/site-packages/airflow/example_dags/example_xcom.py
[2024-12-10T11:53:33.629-0300] {processor.py:830} INFO - Processing file /home/beatriz/Documentos/airflow/airflow_venv/lib/python3.10/site-packages/airflow/example_dags/example_xcom.py for tasks to queue
[2024-12-10T11:53:33.630-0300] {logging_mixin.py:188} INFO - [2024-12-10T11:53:33.630-0300] {dagbag.py:540} INFO - Filling up the DagBag from /home/beatriz/Documentos/airflow/airflow_venv/lib/python3.10/site-packages/airflow/example_dags/example_xcom.py
[2024-12-10T11:53:33.636-0300] {processor.py:840} INFO - DAG(s) 'example_xcom' retrieved from /home/beatriz/Documentos/airflow/airflow_venv/lib/python3.10/site-packages/airflow/example_dags/example_xcom.py
[2024-12-10T11:53:33.649-0300] {logging_mixin.py:188} INFO - [2024-12-10T11:53:33.649-0300] {dag.py:3096} INFO - Sync 1 DAGs
[2024-12-10T11:53:33.661-0300] {logging_mixin.py:188} INFO - [2024-12-10T11:53:33.661-0300] {dag.py:3954} INFO - Setting next_dagrun for example_xcom to 2021-01-01 00:00:00+00:00, run_after=2021-01-01 00:00:00+00:00
[2024-12-10T11:53:33.678-0300] {processor.py:183} INFO - Processing /home/beatriz/Documentos/airflow/airflow_venv/lib/python3.10/site-packages/airflow/example_dags/example_xcom.py took 0.056 seconds
[2024-12-10T11:55:22.276-0300] {processor.py:161} INFO - Started process (PID=34504) to work on /home/beatriz/Documentos/airflow/airflow_venv/lib/python3.10/site-packages/airflow/example_dags/example_xcom.py
[2024-12-10T11:55:22.277-0300] {processor.py:830} INFO - Processing file /home/beatriz/Documentos/airflow/airflow_venv/lib/python3.10/site-packages/airflow/example_dags/example_xcom.py for tasks to queue
[2024-12-10T11:55:22.278-0300] {logging_mixin.py:188} INFO - [2024-12-10T11:55:22.278-0300] {dagbag.py:540} INFO - Filling up the DagBag from /home/beatriz/Documentos/airflow/airflow_venv/lib/python3.10/site-packages/airflow/example_dags/example_xcom.py
[2024-12-10T11:55:22.285-0300] {processor.py:840} INFO - DAG(s) 'example_xcom' retrieved from /home/beatriz/Documentos/airflow/airflow_venv/lib/python3.10/site-packages/airflow/example_dags/example_xcom.py
[2024-12-10T11:55:22.302-0300] {logging_mixin.py:188} INFO - [2024-12-10T11:55:22.301-0300] {dag.py:3096} INFO - Sync 1 DAGs
[2024-12-10T11:55:22.314-0300] {logging_mixin.py:188} INFO - [2024-12-10T11:55:22.313-0300] {dag.py:3954} INFO - Setting next_dagrun for example_xcom to 2021-01-01 00:00:00+00:00, run_after=2021-01-01 00:00:00+00:00
[2024-12-10T11:55:22.330-0300] {processor.py:183} INFO - Processing /home/beatriz/Documentos/airflow/airflow_venv/lib/python3.10/site-packages/airflow/example_dags/example_xcom.py took 0.058 seconds
[2024-12-10T11:56:21.049-0300] {processor.py:161} INFO - Started process (PID=34938) to work on /home/beatriz/Documentos/airflow/airflow_venv/lib/python3.10/site-packages/airflow/example_dags/example_xcom.py
[2024-12-10T11:56:21.051-0300] {processor.py:830} INFO - Processing file /home/beatriz/Documentos/airflow/airflow_venv/lib/python3.10/site-packages/airflow/example_dags/example_xcom.py for tasks to queue
[2024-12-10T11:56:21.052-0300] {logging_mixin.py:188} INFO - [2024-12-10T11:56:21.051-0300] {dagbag.py:540} INFO - Filling up the DagBag from /home/beatriz/Documentos/airflow/airflow_venv/lib/python3.10/site-packages/airflow/example_dags/example_xcom.py
[2024-12-10T11:56:21.059-0300] {processor.py:840} INFO - DAG(s) 'example_xcom' retrieved from /home/beatriz/Documentos/airflow/airflow_venv/lib/python3.10/site-packages/airflow/example_dags/example_xcom.py
[2024-12-10T11:56:21.072-0300] {logging_mixin.py:188} INFO - [2024-12-10T11:56:21.072-0300] {dag.py:3096} INFO - Sync 1 DAGs
[2024-12-10T11:56:21.086-0300] {logging_mixin.py:188} INFO - [2024-12-10T11:56:21.086-0300] {dag.py:3954} INFO - Setting next_dagrun for example_xcom to 2021-01-01 00:00:00+00:00, run_after=2021-01-01 00:00:00+00:00
[2024-12-10T11:56:21.104-0300] {processor.py:183} INFO - Processing /home/beatriz/Documentos/airflow/airflow_venv/lib/python3.10/site-packages/airflow/example_dags/example_xcom.py took 0.063 seconds
[2024-12-10T11:57:19.181-0300] {processor.py:161} INFO - Started process (PID=35444) to work on /home/beatriz/Documentos/airflow/airflow_venv/lib/python3.10/site-packages/airflow/example_dags/example_xcom.py
[2024-12-10T11:57:19.182-0300] {processor.py:830} INFO - Processing file /home/beatriz/Documentos/airflow/airflow_venv/lib/python3.10/site-packages/airflow/example_dags/example_xcom.py for tasks to queue
[2024-12-10T11:57:19.182-0300] {logging_mixin.py:188} INFO - [2024-12-10T11:57:19.182-0300] {dagbag.py:540} INFO - Filling up the DagBag from /home/beatriz/Documentos/airflow/airflow_venv/lib/python3.10/site-packages/airflow/example_dags/example_xcom.py
[2024-12-10T11:57:19.190-0300] {processor.py:840} INFO - DAG(s) 'example_xcom' retrieved from /home/beatriz/Documentos/airflow/airflow_venv/lib/python3.10/site-packages/airflow/example_dags/example_xcom.py
[2024-12-10T11:57:19.205-0300] {logging_mixin.py:188} INFO - [2024-12-10T11:57:19.204-0300] {dag.py:3096} INFO - Sync 1 DAGs
[2024-12-10T11:57:19.217-0300] {logging_mixin.py:188} INFO - [2024-12-10T11:57:19.217-0300] {dag.py:3954} INFO - Setting next_dagrun for example_xcom to 2021-01-01 00:00:00+00:00, run_after=2021-01-01 00:00:00+00:00
[2024-12-10T11:57:19.240-0300] {processor.py:183} INFO - Processing /home/beatriz/Documentos/airflow/airflow_venv/lib/python3.10/site-packages/airflow/example_dags/example_xcom.py took 0.064 seconds
[2024-12-10T11:58:17.058-0300] {processor.py:161} INFO - Started process (PID=35865) to work on /home/beatriz/Documentos/airflow/airflow_venv/lib/python3.10/site-packages/airflow/example_dags/example_xcom.py
[2024-12-10T11:58:17.061-0300] {processor.py:830} INFO - Processing file /home/beatriz/Documentos/airflow/airflow_venv/lib/python3.10/site-packages/airflow/example_dags/example_xcom.py for tasks to queue
[2024-12-10T11:58:17.062-0300] {logging_mixin.py:188} INFO - [2024-12-10T11:58:17.062-0300] {dagbag.py:540} INFO - Filling up the DagBag from /home/beatriz/Documentos/airflow/airflow_venv/lib/python3.10/site-packages/airflow/example_dags/example_xcom.py
[2024-12-10T11:58:17.072-0300] {processor.py:840} INFO - DAG(s) 'example_xcom' retrieved from /home/beatriz/Documentos/airflow/airflow_venv/lib/python3.10/site-packages/airflow/example_dags/example_xcom.py
[2024-12-10T11:58:17.088-0300] {logging_mixin.py:188} INFO - [2024-12-10T11:58:17.088-0300] {dag.py:3096} INFO - Sync 1 DAGs
[2024-12-10T11:58:17.103-0300] {logging_mixin.py:188} INFO - [2024-12-10T11:58:17.103-0300] {dag.py:3954} INFO - Setting next_dagrun for example_xcom to 2021-01-01 00:00:00+00:00, run_after=2021-01-01 00:00:00+00:00
[2024-12-10T11:58:17.123-0300] {processor.py:183} INFO - Processing /home/beatriz/Documentos/airflow/airflow_venv/lib/python3.10/site-packages/airflow/example_dags/example_xcom.py took 0.078 seconds
[2024-12-10T11:59:51.295-0300] {processor.py:161} INFO - Started process (PID=36398) to work on /home/beatriz/Documentos/airflow/airflow_venv/lib/python3.10/site-packages/airflow/example_dags/example_xcom.py
[2024-12-10T11:59:51.321-0300] {processor.py:830} INFO - Processing file /home/beatriz/Documentos/airflow/airflow_venv/lib/python3.10/site-packages/airflow/example_dags/example_xcom.py for tasks to queue
[2024-12-10T11:59:51.322-0300] {logging_mixin.py:188} INFO - [2024-12-10T11:59:51.322-0300] {dagbag.py:540} INFO - Filling up the DagBag from /home/beatriz/Documentos/airflow/airflow_venv/lib/python3.10/site-packages/airflow/example_dags/example_xcom.py
[2024-12-10T11:59:51.330-0300] {processor.py:840} INFO - DAG(s) 'example_xcom' retrieved from /home/beatriz/Documentos/airflow/airflow_venv/lib/python3.10/site-packages/airflow/example_dags/example_xcom.py
[2024-12-10T11:59:51.351-0300] {logging_mixin.py:188} INFO - [2024-12-10T11:59:51.350-0300] {dag.py:3096} INFO - Sync 1 DAGs
[2024-12-10T11:59:51.365-0300] {logging_mixin.py:188} INFO - [2024-12-10T11:59:51.365-0300] {dag.py:3954} INFO - Setting next_dagrun for example_xcom to 2021-01-01 00:00:00+00:00, run_after=2021-01-01 00:00:00+00:00
[2024-12-10T11:59:51.389-0300] {processor.py:183} INFO - Processing /home/beatriz/Documentos/airflow/airflow_venv/lib/python3.10/site-packages/airflow/example_dags/example_xcom.py took 0.112 seconds
[2024-12-10T12:01:25.042-0300] {processor.py:161} INFO - Started process (PID=37070) to work on /home/beatriz/Documentos/airflow/airflow_venv/lib/python3.10/site-packages/airflow/example_dags/example_xcom.py
[2024-12-10T12:01:25.043-0300] {processor.py:830} INFO - Processing file /home/beatriz/Documentos/airflow/airflow_venv/lib/python3.10/site-packages/airflow/example_dags/example_xcom.py for tasks to queue
[2024-12-10T12:01:25.043-0300] {logging_mixin.py:188} INFO - [2024-12-10T12:01:25.043-0300] {dagbag.py:540} INFO - Filling up the DagBag from /home/beatriz/Documentos/airflow/airflow_venv/lib/python3.10/site-packages/airflow/example_dags/example_xcom.py
[2024-12-10T12:01:25.050-0300] {processor.py:840} INFO - DAG(s) 'example_xcom' retrieved from /home/beatriz/Documentos/airflow/airflow_venv/lib/python3.10/site-packages/airflow/example_dags/example_xcom.py
[2024-12-10T12:01:25.064-0300] {logging_mixin.py:188} INFO - [2024-12-10T12:01:25.064-0300] {dag.py:3096} INFO - Sync 1 DAGs
[2024-12-10T12:01:25.077-0300] {logging_mixin.py:188} INFO - [2024-12-10T12:01:25.077-0300] {dag.py:3954} INFO - Setting next_dagrun for example_xcom to 2021-01-01 00:00:00+00:00, run_after=2021-01-01 00:00:00+00:00
[2024-12-10T12:01:25.095-0300] {processor.py:183} INFO - Processing /home/beatriz/Documentos/airflow/airflow_venv/lib/python3.10/site-packages/airflow/example_dags/example_xcom.py took 0.058 seconds
[2024-12-10T13:34:15.249-0300] {processor.py:161} INFO - Started process (PID=40238) to work on /home/beatriz/Documentos/airflow/airflow_venv/lib/python3.10/site-packages/airflow/example_dags/example_xcom.py
[2024-12-10T13:34:15.251-0300] {processor.py:830} INFO - Processing file /home/beatriz/Documentos/airflow/airflow_venv/lib/python3.10/site-packages/airflow/example_dags/example_xcom.py for tasks to queue
[2024-12-10T13:34:15.253-0300] {logging_mixin.py:188} INFO - [2024-12-10T13:34:15.253-0300] {dagbag.py:540} INFO - Filling up the DagBag from /home/beatriz/Documentos/airflow/airflow_venv/lib/python3.10/site-packages/airflow/example_dags/example_xcom.py
[2024-12-10T13:34:15.267-0300] {processor.py:840} INFO - DAG(s) 'example_xcom' retrieved from /home/beatriz/Documentos/airflow/airflow_venv/lib/python3.10/site-packages/airflow/example_dags/example_xcom.py
[2024-12-10T13:34:15.274-0300] {logging_mixin.py:188} INFO - [2024-12-10T13:34:15.274-0300] {dag.py:3096} INFO - Sync 1 DAGs
[2024-12-10T13:34:15.290-0300] {logging_mixin.py:188} INFO - [2024-12-10T13:34:15.290-0300] {dag.py:3954} INFO - Setting next_dagrun for example_xcom to 2021-01-01 00:00:00+00:00, run_after=2021-01-01 00:00:00+00:00
[2024-12-10T13:34:15.313-0300] {processor.py:183} INFO - Processing /home/beatriz/Documentos/airflow/airflow_venv/lib/python3.10/site-packages/airflow/example_dags/example_xcom.py took 0.075 seconds
[2024-12-10T13:35:33.347-0300] {processor.py:161} INFO - Started process (PID=41059) to work on /home/beatriz/Documentos/airflow/airflow_venv/lib/python3.10/site-packages/airflow/example_dags/example_xcom.py
[2024-12-10T13:35:33.348-0300] {processor.py:830} INFO - Processing file /home/beatriz/Documentos/airflow/airflow_venv/lib/python3.10/site-packages/airflow/example_dags/example_xcom.py for tasks to queue
[2024-12-10T13:35:33.351-0300] {logging_mixin.py:188} INFO - [2024-12-10T13:35:33.350-0300] {dagbag.py:540} INFO - Filling up the DagBag from /home/beatriz/Documentos/airflow/airflow_venv/lib/python3.10/site-packages/airflow/example_dags/example_xcom.py
[2024-12-10T13:35:33.365-0300] {processor.py:840} INFO - DAG(s) 'example_xcom' retrieved from /home/beatriz/Documentos/airflow/airflow_venv/lib/python3.10/site-packages/airflow/example_dags/example_xcom.py
[2024-12-10T13:35:33.445-0300] {logging_mixin.py:188} INFO - [2024-12-10T13:35:33.445-0300] {dag.py:3096} INFO - Sync 1 DAGs
[2024-12-10T13:35:33.537-0300] {logging_mixin.py:188} INFO - [2024-12-10T13:35:33.536-0300] {dag.py:3954} INFO - Setting next_dagrun for example_xcom to 2021-01-01 00:00:00+00:00, run_after=2021-01-01 00:00:00+00:00
[2024-12-10T13:35:33.559-0300] {processor.py:183} INFO - Processing /home/beatriz/Documentos/airflow/airflow_venv/lib/python3.10/site-packages/airflow/example_dags/example_xcom.py took 0.221 seconds
[2024-12-10T13:36:49.441-0300] {processor.py:161} INFO - Started process (PID=42120) to work on /home/beatriz/Documentos/airflow/airflow_venv/lib/python3.10/site-packages/airflow/example_dags/example_xcom.py
[2024-12-10T13:36:49.442-0300] {processor.py:830} INFO - Processing file /home/beatriz/Documentos/airflow/airflow_venv/lib/python3.10/site-packages/airflow/example_dags/example_xcom.py for tasks to queue
[2024-12-10T13:36:49.445-0300] {logging_mixin.py:188} INFO - [2024-12-10T13:36:49.444-0300] {dagbag.py:540} INFO - Filling up the DagBag from /home/beatriz/Documentos/airflow/airflow_venv/lib/python3.10/site-packages/airflow/example_dags/example_xcom.py
[2024-12-10T13:36:49.455-0300] {processor.py:840} INFO - DAG(s) 'example_xcom' retrieved from /home/beatriz/Documentos/airflow/airflow_venv/lib/python3.10/site-packages/airflow/example_dags/example_xcom.py
[2024-12-10T13:36:49.480-0300] {logging_mixin.py:188} INFO - [2024-12-10T13:36:49.480-0300] {dag.py:3096} INFO - Sync 1 DAGs
[2024-12-10T13:36:49.505-0300] {logging_mixin.py:188} INFO - [2024-12-10T13:36:49.505-0300] {dag.py:3954} INFO - Setting next_dagrun for example_xcom to 2021-01-01 00:00:00+00:00, run_after=2021-01-01 00:00:00+00:00
[2024-12-10T13:36:49.529-0300] {processor.py:183} INFO - Processing /home/beatriz/Documentos/airflow/airflow_venv/lib/python3.10/site-packages/airflow/example_dags/example_xcom.py took 0.094 seconds
[2024-12-10T13:37:59.586-0300] {processor.py:161} INFO - Started process (PID=42847) to work on /home/beatriz/Documentos/airflow/airflow_venv/lib/python3.10/site-packages/airflow/example_dags/example_xcom.py
[2024-12-10T13:37:59.588-0300] {processor.py:830} INFO - Processing file /home/beatriz/Documentos/airflow/airflow_venv/lib/python3.10/site-packages/airflow/example_dags/example_xcom.py for tasks to queue
[2024-12-10T13:37:59.590-0300] {logging_mixin.py:188} INFO - [2024-12-10T13:37:59.590-0300] {dagbag.py:540} INFO - Filling up the DagBag from /home/beatriz/Documentos/airflow/airflow_venv/lib/python3.10/site-packages/airflow/example_dags/example_xcom.py
[2024-12-10T13:37:59.603-0300] {processor.py:840} INFO - DAG(s) 'example_xcom' retrieved from /home/beatriz/Documentos/airflow/airflow_venv/lib/python3.10/site-packages/airflow/example_dags/example_xcom.py
[2024-12-10T13:37:59.621-0300] {logging_mixin.py:188} INFO - [2024-12-10T13:37:59.621-0300] {dag.py:3096} INFO - Sync 1 DAGs
[2024-12-10T13:37:59.724-0300] {logging_mixin.py:188} INFO - [2024-12-10T13:37:59.724-0300] {dag.py:3954} INFO - Setting next_dagrun for example_xcom to 2021-01-01 00:00:00+00:00, run_after=2021-01-01 00:00:00+00:00
[2024-12-10T13:37:59.746-0300] {processor.py:183} INFO - Processing /home/beatriz/Documentos/airflow/airflow_venv/lib/python3.10/site-packages/airflow/example_dags/example_xcom.py took 0.169 seconds
[2024-12-10T13:38:53.876-0300] {processor.py:161} INFO - Started process (PID=43135) to work on /home/beatriz/Documentos/airflow/airflow_venv/lib/python3.10/site-packages/airflow/example_dags/example_xcom.py
[2024-12-10T13:38:53.877-0300] {processor.py:830} INFO - Processing file /home/beatriz/Documentos/airflow/airflow_venv/lib/python3.10/site-packages/airflow/example_dags/example_xcom.py for tasks to queue
[2024-12-10T13:38:53.879-0300] {logging_mixin.py:188} INFO - [2024-12-10T13:38:53.878-0300] {dagbag.py:540} INFO - Filling up the DagBag from /home/beatriz/Documentos/airflow/airflow_venv/lib/python3.10/site-packages/airflow/example_dags/example_xcom.py
[2024-12-10T13:38:53.888-0300] {processor.py:840} INFO - DAG(s) 'example_xcom' retrieved from /home/beatriz/Documentos/airflow/airflow_venv/lib/python3.10/site-packages/airflow/example_dags/example_xcom.py
[2024-12-10T13:38:53.906-0300] {logging_mixin.py:188} INFO - [2024-12-10T13:38:53.905-0300] {dag.py:3096} INFO - Sync 1 DAGs
[2024-12-10T13:38:53.925-0300] {logging_mixin.py:188} INFO - [2024-12-10T13:38:53.925-0300] {dag.py:3954} INFO - Setting next_dagrun for example_xcom to 2021-01-01 00:00:00+00:00, run_after=2021-01-01 00:00:00+00:00
[2024-12-10T13:38:53.943-0300] {processor.py:183} INFO - Processing /home/beatriz/Documentos/airflow/airflow_venv/lib/python3.10/site-packages/airflow/example_dags/example_xcom.py took 0.074 seconds
[2024-12-10T13:45:16.442-0300] {processor.py:161} INFO - Started process (PID=45651) to work on /home/beatriz/Documentos/airflow/airflow_venv/lib/python3.10/site-packages/airflow/example_dags/example_xcom.py
[2024-12-10T13:45:16.444-0300] {processor.py:830} INFO - Processing file /home/beatriz/Documentos/airflow/airflow_venv/lib/python3.10/site-packages/airflow/example_dags/example_xcom.py for tasks to queue
[2024-12-10T13:45:16.447-0300] {logging_mixin.py:188} INFO - [2024-12-10T13:45:16.446-0300] {dagbag.py:540} INFO - Filling up the DagBag from /home/beatriz/Documentos/airflow/airflow_venv/lib/python3.10/site-packages/airflow/example_dags/example_xcom.py
[2024-12-10T13:45:16.466-0300] {processor.py:840} INFO - DAG(s) 'example_xcom' retrieved from /home/beatriz/Documentos/airflow/airflow_venv/lib/python3.10/site-packages/airflow/example_dags/example_xcom.py
[2024-12-10T13:45:16.551-0300] {logging_mixin.py:188} INFO - [2024-12-10T13:45:16.551-0300] {dag.py:3096} INFO - Sync 1 DAGs
[2024-12-10T13:45:16.564-0300] {logging_mixin.py:188} INFO - [2024-12-10T13:45:16.564-0300] {dag.py:3954} INFO - Setting next_dagrun for example_xcom to 2021-01-01 00:00:00+00:00, run_after=2021-01-01 00:00:00+00:00
[2024-12-10T13:45:16.583-0300] {processor.py:183} INFO - Processing /home/beatriz/Documentos/airflow/airflow_venv/lib/python3.10/site-packages/airflow/example_dags/example_xcom.py took 0.152 seconds
