[2024-12-10T10:09:21.744-0300] {processor.py:161} INFO - Started process (PID=10256) to work on /home/beatriz/Documentos/airflow/airflow_venv/lib/python3.10/site-packages/airflow/example_dags/example_trigger_controller_dag.py
[2024-12-10T10:09:21.745-0300] {processor.py:830} INFO - Processing file /home/beatriz/Documentos/airflow/airflow_venv/lib/python3.10/site-packages/airflow/example_dags/example_trigger_controller_dag.py for tasks to queue
[2024-12-10T10:09:21.746-0300] {logging_mixin.py:188} INFO - [2024-12-10T10:09:21.746-0300] {dagbag.py:540} INFO - Filling up the DagBag from /home/beatriz/Documentos/airflow/airflow_venv/lib/python3.10/site-packages/airflow/example_dags/example_trigger_controller_dag.py
[2024-12-10T10:09:21.751-0300] {processor.py:840} INFO - DAG(s) 'example_trigger_controller_dag' retrieved from /home/beatriz/Documentos/airflow/airflow_venv/lib/python3.10/site-packages/airflow/example_dags/example_trigger_controller_dag.py
[2024-12-10T10:09:21.757-0300] {logging_mixin.py:188} INFO - [2024-12-10T10:09:21.756-0300] {dag.py:3096} INFO - Sync 1 DAGs
[2024-12-10T10:09:21.772-0300] {logging_mixin.py:188} INFO - [2024-12-10T10:09:21.771-0300] {dag.py:3954} INFO - Setting next_dagrun for example_trigger_controller_dag to 2021-01-01 00:00:00+00:00, run_after=2021-01-01 00:00:00+00:00
[2024-12-10T10:09:21.791-0300] {processor.py:183} INFO - Processing /home/beatriz/Documentos/airflow/airflow_venv/lib/python3.10/site-packages/airflow/example_dags/example_trigger_controller_dag.py took 0.051 seconds
[2024-12-10T10:10:20.106-0300] {processor.py:161} INFO - Started process (PID=10941) to work on /home/beatriz/Documentos/airflow/airflow_venv/lib/python3.10/site-packages/airflow/example_dags/example_trigger_controller_dag.py
[2024-12-10T10:10:20.108-0300] {processor.py:830} INFO - Processing file /home/beatriz/Documentos/airflow/airflow_venv/lib/python3.10/site-packages/airflow/example_dags/example_trigger_controller_dag.py for tasks to queue
[2024-12-10T10:10:20.110-0300] {logging_mixin.py:188} INFO - [2024-12-10T10:10:20.110-0300] {dagbag.py:540} INFO - Filling up the DagBag from /home/beatriz/Documentos/airflow/airflow_venv/lib/python3.10/site-packages/airflow/example_dags/example_trigger_controller_dag.py
[2024-12-10T10:10:20.114-0300] {processor.py:840} INFO - DAG(s) 'example_trigger_controller_dag' retrieved from /home/beatriz/Documentos/airflow/airflow_venv/lib/python3.10/site-packages/airflow/example_dags/example_trigger_controller_dag.py
[2024-12-10T10:10:20.187-0300] {logging_mixin.py:188} INFO - [2024-12-10T10:10:20.187-0300] {dag.py:3096} INFO - Sync 1 DAGs
[2024-12-10T10:10:20.199-0300] {logging_mixin.py:188} INFO - [2024-12-10T10:10:20.198-0300] {dag.py:3954} INFO - Setting next_dagrun for example_trigger_controller_dag to 2021-01-01 00:00:00+00:00, run_after=2021-01-01 00:00:00+00:00
[2024-12-10T10:10:20.217-0300] {processor.py:183} INFO - Processing /home/beatriz/Documentos/airflow/airflow_venv/lib/python3.10/site-packages/airflow/example_dags/example_trigger_controller_dag.py took 0.116 seconds
[2024-12-10T10:11:16.530-0300] {processor.py:161} INFO - Started process (PID=11480) to work on /home/beatriz/Documentos/airflow/airflow_venv/lib/python3.10/site-packages/airflow/example_dags/example_trigger_controller_dag.py
[2024-12-10T10:11:16.532-0300] {processor.py:830} INFO - Processing file /home/beatriz/Documentos/airflow/airflow_venv/lib/python3.10/site-packages/airflow/example_dags/example_trigger_controller_dag.py for tasks to queue
[2024-12-10T10:11:16.534-0300] {logging_mixin.py:188} INFO - [2024-12-10T10:11:16.533-0300] {dagbag.py:540} INFO - Filling up the DagBag from /home/beatriz/Documentos/airflow/airflow_venv/lib/python3.10/site-packages/airflow/example_dags/example_trigger_controller_dag.py
[2024-12-10T10:11:16.538-0300] {processor.py:840} INFO - DAG(s) 'example_trigger_controller_dag' retrieved from /home/beatriz/Documentos/airflow/airflow_venv/lib/python3.10/site-packages/airflow/example_dags/example_trigger_controller_dag.py
[2024-12-10T10:11:16.551-0300] {logging_mixin.py:188} INFO - [2024-12-10T10:11:16.550-0300] {dag.py:3096} INFO - Sync 1 DAGs
[2024-12-10T10:11:16.566-0300] {logging_mixin.py:188} INFO - [2024-12-10T10:11:16.566-0300] {dag.py:3954} INFO - Setting next_dagrun for example_trigger_controller_dag to 2021-01-01 00:00:00+00:00, run_after=2021-01-01 00:00:00+00:00
[2024-12-10T10:11:16.583-0300] {processor.py:183} INFO - Processing /home/beatriz/Documentos/airflow/airflow_venv/lib/python3.10/site-packages/airflow/example_dags/example_trigger_controller_dag.py took 0.058 seconds
[2024-12-10T10:12:07.443-0300] {processor.py:161} INFO - Started process (PID=11923) to work on /home/beatriz/Documentos/airflow/airflow_venv/lib/python3.10/site-packages/airflow/example_dags/example_trigger_controller_dag.py
[2024-12-10T10:12:07.445-0300] {processor.py:830} INFO - Processing file /home/beatriz/Documentos/airflow/airflow_venv/lib/python3.10/site-packages/airflow/example_dags/example_trigger_controller_dag.py for tasks to queue
[2024-12-10T10:12:07.449-0300] {logging_mixin.py:188} INFO - [2024-12-10T10:12:07.448-0300] {dagbag.py:540} INFO - Filling up the DagBag from /home/beatriz/Documentos/airflow/airflow_venv/lib/python3.10/site-packages/airflow/example_dags/example_trigger_controller_dag.py
[2024-12-10T10:12:07.457-0300] {processor.py:840} INFO - DAG(s) 'example_trigger_controller_dag' retrieved from /home/beatriz/Documentos/airflow/airflow_venv/lib/python3.10/site-packages/airflow/example_dags/example_trigger_controller_dag.py
[2024-12-10T10:12:07.473-0300] {logging_mixin.py:188} INFO - [2024-12-10T10:12:07.473-0300] {dag.py:3096} INFO - Sync 1 DAGs
[2024-12-10T10:12:07.489-0300] {logging_mixin.py:188} INFO - [2024-12-10T10:12:07.489-0300] {dag.py:3954} INFO - Setting next_dagrun for example_trigger_controller_dag to 2021-01-01 00:00:00+00:00, run_after=2021-01-01 00:00:00+00:00
[2024-12-10T10:12:07.506-0300] {processor.py:183} INFO - Processing /home/beatriz/Documentos/airflow/airflow_venv/lib/python3.10/site-packages/airflow/example_dags/example_trigger_controller_dag.py took 0.076 seconds
[2024-12-10T10:12:56.655-0300] {processor.py:161} INFO - Started process (PID=12263) to work on /home/beatriz/Documentos/airflow/airflow_venv/lib/python3.10/site-packages/airflow/example_dags/example_trigger_controller_dag.py
[2024-12-10T10:12:56.657-0300] {processor.py:830} INFO - Processing file /home/beatriz/Documentos/airflow/airflow_venv/lib/python3.10/site-packages/airflow/example_dags/example_trigger_controller_dag.py for tasks to queue
[2024-12-10T10:12:56.659-0300] {logging_mixin.py:188} INFO - [2024-12-10T10:12:56.658-0300] {dagbag.py:540} INFO - Filling up the DagBag from /home/beatriz/Documentos/airflow/airflow_venv/lib/python3.10/site-packages/airflow/example_dags/example_trigger_controller_dag.py
[2024-12-10T10:12:56.663-0300] {processor.py:840} INFO - DAG(s) 'example_trigger_controller_dag' retrieved from /home/beatriz/Documentos/airflow/airflow_venv/lib/python3.10/site-packages/airflow/example_dags/example_trigger_controller_dag.py
[2024-12-10T10:12:56.678-0300] {logging_mixin.py:188} INFO - [2024-12-10T10:12:56.677-0300] {dag.py:3096} INFO - Sync 1 DAGs
[2024-12-10T10:12:56.695-0300] {logging_mixin.py:188} INFO - [2024-12-10T10:12:56.694-0300] {dag.py:3954} INFO - Setting next_dagrun for example_trigger_controller_dag to 2021-01-01 00:00:00+00:00, run_after=2021-01-01 00:00:00+00:00
[2024-12-10T10:12:56.712-0300] {processor.py:183} INFO - Processing /home/beatriz/Documentos/airflow/airflow_venv/lib/python3.10/site-packages/airflow/example_dags/example_trigger_controller_dag.py took 0.061 seconds
[2024-12-10T10:13:46.628-0300] {processor.py:161} INFO - Started process (PID=12673) to work on /home/beatriz/Documentos/airflow/airflow_venv/lib/python3.10/site-packages/airflow/example_dags/example_trigger_controller_dag.py
[2024-12-10T10:13:46.631-0300] {processor.py:830} INFO - Processing file /home/beatriz/Documentos/airflow/airflow_venv/lib/python3.10/site-packages/airflow/example_dags/example_trigger_controller_dag.py for tasks to queue
[2024-12-10T10:13:46.636-0300] {logging_mixin.py:188} INFO - [2024-12-10T10:13:46.636-0300] {dagbag.py:540} INFO - Filling up the DagBag from /home/beatriz/Documentos/airflow/airflow_venv/lib/python3.10/site-packages/airflow/example_dags/example_trigger_controller_dag.py
[2024-12-10T10:13:46.645-0300] {processor.py:840} INFO - DAG(s) 'example_trigger_controller_dag' retrieved from /home/beatriz/Documentos/airflow/airflow_venv/lib/python3.10/site-packages/airflow/example_dags/example_trigger_controller_dag.py
[2024-12-10T10:13:46.661-0300] {logging_mixin.py:188} INFO - [2024-12-10T10:13:46.661-0300] {dag.py:3096} INFO - Sync 1 DAGs
[2024-12-10T10:13:46.676-0300] {logging_mixin.py:188} INFO - [2024-12-10T10:13:46.676-0300] {dag.py:3954} INFO - Setting next_dagrun for example_trigger_controller_dag to 2021-01-01 00:00:00+00:00, run_after=2021-01-01 00:00:00+00:00
[2024-12-10T10:13:46.693-0300] {processor.py:183} INFO - Processing /home/beatriz/Documentos/airflow/airflow_venv/lib/python3.10/site-packages/airflow/example_dags/example_trigger_controller_dag.py took 0.078 seconds
[2024-12-10T10:14:36.625-0300] {processor.py:161} INFO - Started process (PID=13223) to work on /home/beatriz/Documentos/airflow/airflow_venv/lib/python3.10/site-packages/airflow/example_dags/example_trigger_controller_dag.py
[2024-12-10T10:14:36.629-0300] {processor.py:830} INFO - Processing file /home/beatriz/Documentos/airflow/airflow_venv/lib/python3.10/site-packages/airflow/example_dags/example_trigger_controller_dag.py for tasks to queue
[2024-12-10T10:14:36.632-0300] {logging_mixin.py:188} INFO - [2024-12-10T10:14:36.631-0300] {dagbag.py:540} INFO - Filling up the DagBag from /home/beatriz/Documentos/airflow/airflow_venv/lib/python3.10/site-packages/airflow/example_dags/example_trigger_controller_dag.py
[2024-12-10T10:14:36.642-0300] {processor.py:840} INFO - DAG(s) 'example_trigger_controller_dag' retrieved from /home/beatriz/Documentos/airflow/airflow_venv/lib/python3.10/site-packages/airflow/example_dags/example_trigger_controller_dag.py
[2024-12-10T10:14:36.658-0300] {logging_mixin.py:188} INFO - [2024-12-10T10:14:36.657-0300] {dag.py:3096} INFO - Sync 1 DAGs
[2024-12-10T10:14:36.673-0300] {logging_mixin.py:188} INFO - [2024-12-10T10:14:36.673-0300] {dag.py:3954} INFO - Setting next_dagrun for example_trigger_controller_dag to 2021-01-01 00:00:00+00:00, run_after=2021-01-01 00:00:00+00:00
[2024-12-10T10:14:36.690-0300] {processor.py:183} INFO - Processing /home/beatriz/Documentos/airflow/airflow_venv/lib/python3.10/site-packages/airflow/example_dags/example_trigger_controller_dag.py took 0.079 seconds
[2024-12-10T10:15:30.213-0300] {processor.py:161} INFO - Started process (PID=13665) to work on /home/beatriz/Documentos/airflow/airflow_venv/lib/python3.10/site-packages/airflow/example_dags/example_trigger_controller_dag.py
[2024-12-10T10:15:30.216-0300] {processor.py:830} INFO - Processing file /home/beatriz/Documentos/airflow/airflow_venv/lib/python3.10/site-packages/airflow/example_dags/example_trigger_controller_dag.py for tasks to queue
[2024-12-10T10:15:30.219-0300] {logging_mixin.py:188} INFO - [2024-12-10T10:15:30.218-0300] {dagbag.py:540} INFO - Filling up the DagBag from /home/beatriz/Documentos/airflow/airflow_venv/lib/python3.10/site-packages/airflow/example_dags/example_trigger_controller_dag.py
[2024-12-10T10:15:30.228-0300] {processor.py:840} INFO - DAG(s) 'example_trigger_controller_dag' retrieved from /home/beatriz/Documentos/airflow/airflow_venv/lib/python3.10/site-packages/airflow/example_dags/example_trigger_controller_dag.py
[2024-12-10T10:15:30.246-0300] {logging_mixin.py:188} INFO - [2024-12-10T10:15:30.245-0300] {dag.py:3096} INFO - Sync 1 DAGs
[2024-12-10T10:15:30.261-0300] {logging_mixin.py:188} INFO - [2024-12-10T10:15:30.260-0300] {dag.py:3954} INFO - Setting next_dagrun for example_trigger_controller_dag to 2021-01-01 00:00:00+00:00, run_after=2021-01-01 00:00:00+00:00
[2024-12-10T10:15:30.279-0300] {processor.py:183} INFO - Processing /home/beatriz/Documentos/airflow/airflow_venv/lib/python3.10/site-packages/airflow/example_dags/example_trigger_controller_dag.py took 0.077 seconds
[2024-12-10T10:16:19.779-0300] {processor.py:161} INFO - Started process (PID=14093) to work on /home/beatriz/Documentos/airflow/airflow_venv/lib/python3.10/site-packages/airflow/example_dags/example_trigger_controller_dag.py
[2024-12-10T10:16:19.780-0300] {processor.py:830} INFO - Processing file /home/beatriz/Documentos/airflow/airflow_venv/lib/python3.10/site-packages/airflow/example_dags/example_trigger_controller_dag.py for tasks to queue
[2024-12-10T10:16:19.781-0300] {logging_mixin.py:188} INFO - [2024-12-10T10:16:19.780-0300] {dagbag.py:540} INFO - Filling up the DagBag from /home/beatriz/Documentos/airflow/airflow_venv/lib/python3.10/site-packages/airflow/example_dags/example_trigger_controller_dag.py
[2024-12-10T10:16:19.784-0300] {processor.py:840} INFO - DAG(s) 'example_trigger_controller_dag' retrieved from /home/beatriz/Documentos/airflow/airflow_venv/lib/python3.10/site-packages/airflow/example_dags/example_trigger_controller_dag.py
[2024-12-10T10:16:19.795-0300] {logging_mixin.py:188} INFO - [2024-12-10T10:16:19.795-0300] {dag.py:3096} INFO - Sync 1 DAGs
[2024-12-10T10:16:19.809-0300] {logging_mixin.py:188} INFO - [2024-12-10T10:16:19.808-0300] {dag.py:3954} INFO - Setting next_dagrun for example_trigger_controller_dag to 2021-01-01 00:00:00+00:00, run_after=2021-01-01 00:00:00+00:00
[2024-12-10T10:16:19.826-0300] {processor.py:183} INFO - Processing /home/beatriz/Documentos/airflow/airflow_venv/lib/python3.10/site-packages/airflow/example_dags/example_trigger_controller_dag.py took 0.051 seconds
[2024-12-10T10:17:13.573-0300] {processor.py:161} INFO - Started process (PID=14517) to work on /home/beatriz/Documentos/airflow/airflow_venv/lib/python3.10/site-packages/airflow/example_dags/example_trigger_controller_dag.py
[2024-12-10T10:17:13.575-0300] {processor.py:830} INFO - Processing file /home/beatriz/Documentos/airflow/airflow_venv/lib/python3.10/site-packages/airflow/example_dags/example_trigger_controller_dag.py for tasks to queue
[2024-12-10T10:17:13.576-0300] {logging_mixin.py:188} INFO - [2024-12-10T10:17:13.576-0300] {dagbag.py:540} INFO - Filling up the DagBag from /home/beatriz/Documentos/airflow/airflow_venv/lib/python3.10/site-packages/airflow/example_dags/example_trigger_controller_dag.py
[2024-12-10T10:17:13.580-0300] {processor.py:840} INFO - DAG(s) 'example_trigger_controller_dag' retrieved from /home/beatriz/Documentos/airflow/airflow_venv/lib/python3.10/site-packages/airflow/example_dags/example_trigger_controller_dag.py
[2024-12-10T10:17:13.591-0300] {logging_mixin.py:188} INFO - [2024-12-10T10:17:13.591-0300] {dag.py:3096} INFO - Sync 1 DAGs
[2024-12-10T10:17:13.606-0300] {logging_mixin.py:188} INFO - [2024-12-10T10:17:13.605-0300] {dag.py:3954} INFO - Setting next_dagrun for example_trigger_controller_dag to 2021-01-01 00:00:00+00:00, run_after=2021-01-01 00:00:00+00:00
[2024-12-10T10:17:13.622-0300] {processor.py:183} INFO - Processing /home/beatriz/Documentos/airflow/airflow_venv/lib/python3.10/site-packages/airflow/example_dags/example_trigger_controller_dag.py took 0.054 seconds
[2024-12-10T10:18:05.329-0300] {processor.py:161} INFO - Started process (PID=14977) to work on /home/beatriz/Documentos/airflow/airflow_venv/lib/python3.10/site-packages/airflow/example_dags/example_trigger_controller_dag.py
[2024-12-10T10:18:05.331-0300] {processor.py:830} INFO - Processing file /home/beatriz/Documentos/airflow/airflow_venv/lib/python3.10/site-packages/airflow/example_dags/example_trigger_controller_dag.py for tasks to queue
[2024-12-10T10:18:05.333-0300] {logging_mixin.py:188} INFO - [2024-12-10T10:18:05.332-0300] {dagbag.py:540} INFO - Filling up the DagBag from /home/beatriz/Documentos/airflow/airflow_venv/lib/python3.10/site-packages/airflow/example_dags/example_trigger_controller_dag.py
[2024-12-10T10:18:05.338-0300] {processor.py:840} INFO - DAG(s) 'example_trigger_controller_dag' retrieved from /home/beatriz/Documentos/airflow/airflow_venv/lib/python3.10/site-packages/airflow/example_dags/example_trigger_controller_dag.py
[2024-12-10T10:18:05.353-0300] {logging_mixin.py:188} INFO - [2024-12-10T10:18:05.353-0300] {dag.py:3096} INFO - Sync 1 DAGs
[2024-12-10T10:18:05.368-0300] {logging_mixin.py:188} INFO - [2024-12-10T10:18:05.368-0300] {dag.py:3954} INFO - Setting next_dagrun for example_trigger_controller_dag to 2021-01-01 00:00:00+00:00, run_after=2021-01-01 00:00:00+00:00
[2024-12-10T10:18:05.386-0300] {processor.py:183} INFO - Processing /home/beatriz/Documentos/airflow/airflow_venv/lib/python3.10/site-packages/airflow/example_dags/example_trigger_controller_dag.py took 0.063 seconds
[2024-12-10T10:18:56.673-0300] {processor.py:161} INFO - Started process (PID=15421) to work on /home/beatriz/Documentos/airflow/airflow_venv/lib/python3.10/site-packages/airflow/example_dags/example_trigger_controller_dag.py
[2024-12-10T10:18:56.674-0300] {processor.py:830} INFO - Processing file /home/beatriz/Documentos/airflow/airflow_venv/lib/python3.10/site-packages/airflow/example_dags/example_trigger_controller_dag.py for tasks to queue
[2024-12-10T10:18:56.676-0300] {logging_mixin.py:188} INFO - [2024-12-10T10:18:56.675-0300] {dagbag.py:540} INFO - Filling up the DagBag from /home/beatriz/Documentos/airflow/airflow_venv/lib/python3.10/site-packages/airflow/example_dags/example_trigger_controller_dag.py
[2024-12-10T10:18:56.681-0300] {processor.py:840} INFO - DAG(s) 'example_trigger_controller_dag' retrieved from /home/beatriz/Documentos/airflow/airflow_venv/lib/python3.10/site-packages/airflow/example_dags/example_trigger_controller_dag.py
[2024-12-10T10:18:56.692-0300] {logging_mixin.py:188} INFO - [2024-12-10T10:18:56.692-0300] {dag.py:3096} INFO - Sync 1 DAGs
[2024-12-10T10:18:56.709-0300] {logging_mixin.py:188} INFO - [2024-12-10T10:18:56.709-0300] {dag.py:3954} INFO - Setting next_dagrun for example_trigger_controller_dag to 2021-01-01 00:00:00+00:00, run_after=2021-01-01 00:00:00+00:00
[2024-12-10T10:18:56.730-0300] {processor.py:183} INFO - Processing /home/beatriz/Documentos/airflow/airflow_venv/lib/python3.10/site-packages/airflow/example_dags/example_trigger_controller_dag.py took 0.062 seconds
[2024-12-10T11:01:00.211-0300] {processor.py:161} INFO - Started process (PID=19220) to work on /home/beatriz/Documentos/airflow/airflow_venv/lib/python3.10/site-packages/airflow/example_dags/example_trigger_controller_dag.py
[2024-12-10T11:01:00.213-0300] {processor.py:830} INFO - Processing file /home/beatriz/Documentos/airflow/airflow_venv/lib/python3.10/site-packages/airflow/example_dags/example_trigger_controller_dag.py for tasks to queue
[2024-12-10T11:01:00.214-0300] {logging_mixin.py:188} INFO - [2024-12-10T11:01:00.214-0300] {dagbag.py:540} INFO - Filling up the DagBag from /home/beatriz/Documentos/airflow/airflow_venv/lib/python3.10/site-packages/airflow/example_dags/example_trigger_controller_dag.py
[2024-12-10T11:01:00.219-0300] {processor.py:840} INFO - DAG(s) 'example_trigger_controller_dag' retrieved from /home/beatriz/Documentos/airflow/airflow_venv/lib/python3.10/site-packages/airflow/example_dags/example_trigger_controller_dag.py
[2024-12-10T11:01:00.286-0300] {logging_mixin.py:188} INFO - [2024-12-10T11:01:00.286-0300] {dag.py:3096} INFO - Sync 1 DAGs
[2024-12-10T11:01:00.298-0300] {logging_mixin.py:188} INFO - [2024-12-10T11:01:00.298-0300] {dag.py:3954} INFO - Setting next_dagrun for example_trigger_controller_dag to 2021-01-01 00:00:00+00:00, run_after=2021-01-01 00:00:00+00:00
[2024-12-10T11:01:00.320-0300] {processor.py:183} INFO - Processing /home/beatriz/Documentos/airflow/airflow_venv/lib/python3.10/site-packages/airflow/example_dags/example_trigger_controller_dag.py took 0.113 seconds
[2024-12-10T11:02:08.642-0300] {processor.py:161} INFO - Started process (PID=20077) to work on /home/beatriz/Documentos/airflow/airflow_venv/lib/python3.10/site-packages/airflow/example_dags/example_trigger_controller_dag.py
[2024-12-10T11:02:08.642-0300] {processor.py:830} INFO - Processing file /home/beatriz/Documentos/airflow/airflow_venv/lib/python3.10/site-packages/airflow/example_dags/example_trigger_controller_dag.py for tasks to queue
[2024-12-10T11:02:08.644-0300] {logging_mixin.py:188} INFO - [2024-12-10T11:02:08.644-0300] {dagbag.py:540} INFO - Filling up the DagBag from /home/beatriz/Documentos/airflow/airflow_venv/lib/python3.10/site-packages/airflow/example_dags/example_trigger_controller_dag.py
[2024-12-10T11:02:08.650-0300] {processor.py:840} INFO - DAG(s) 'example_trigger_controller_dag' retrieved from /home/beatriz/Documentos/airflow/airflow_venv/lib/python3.10/site-packages/airflow/example_dags/example_trigger_controller_dag.py
[2024-12-10T11:02:08.663-0300] {logging_mixin.py:188} INFO - [2024-12-10T11:02:08.662-0300] {dag.py:3096} INFO - Sync 1 DAGs
[2024-12-10T11:02:08.678-0300] {logging_mixin.py:188} INFO - [2024-12-10T11:02:08.677-0300] {dag.py:3954} INFO - Setting next_dagrun for example_trigger_controller_dag to 2021-01-01 00:00:00+00:00, run_after=2021-01-01 00:00:00+00:00
[2024-12-10T11:02:08.701-0300] {processor.py:183} INFO - Processing /home/beatriz/Documentos/airflow/airflow_venv/lib/python3.10/site-packages/airflow/example_dags/example_trigger_controller_dag.py took 0.064 seconds
[2024-12-10T11:03:04.075-0300] {processor.py:161} INFO - Started process (PID=20514) to work on /home/beatriz/Documentos/airflow/airflow_venv/lib/python3.10/site-packages/airflow/example_dags/example_trigger_controller_dag.py
[2024-12-10T11:03:04.076-0300] {processor.py:830} INFO - Processing file /home/beatriz/Documentos/airflow/airflow_venv/lib/python3.10/site-packages/airflow/example_dags/example_trigger_controller_dag.py for tasks to queue
[2024-12-10T11:03:04.078-0300] {logging_mixin.py:188} INFO - [2024-12-10T11:03:04.078-0300] {dagbag.py:540} INFO - Filling up the DagBag from /home/beatriz/Documentos/airflow/airflow_venv/lib/python3.10/site-packages/airflow/example_dags/example_trigger_controller_dag.py
[2024-12-10T11:03:04.082-0300] {processor.py:840} INFO - DAG(s) 'example_trigger_controller_dag' retrieved from /home/beatriz/Documentos/airflow/airflow_venv/lib/python3.10/site-packages/airflow/example_dags/example_trigger_controller_dag.py
[2024-12-10T11:03:04.094-0300] {logging_mixin.py:188} INFO - [2024-12-10T11:03:04.093-0300] {dag.py:3096} INFO - Sync 1 DAGs
[2024-12-10T11:03:04.109-0300] {logging_mixin.py:188} INFO - [2024-12-10T11:03:04.109-0300] {dag.py:3954} INFO - Setting next_dagrun for example_trigger_controller_dag to 2021-01-01 00:00:00+00:00, run_after=2021-01-01 00:00:00+00:00
[2024-12-10T11:03:04.129-0300] {processor.py:183} INFO - Processing /home/beatriz/Documentos/airflow/airflow_venv/lib/python3.10/site-packages/airflow/example_dags/example_trigger_controller_dag.py took 0.060 seconds
[2024-12-10T11:36:58.754-0300] {processor.py:161} INFO - Started process (PID=24815) to work on /home/beatriz/Documentos/airflow/airflow_venv/lib/python3.10/site-packages/airflow/example_dags/example_trigger_controller_dag.py
[2024-12-10T11:36:58.755-0300] {processor.py:830} INFO - Processing file /home/beatriz/Documentos/airflow/airflow_venv/lib/python3.10/site-packages/airflow/example_dags/example_trigger_controller_dag.py for tasks to queue
[2024-12-10T11:36:58.756-0300] {logging_mixin.py:188} INFO - [2024-12-10T11:36:58.756-0300] {dagbag.py:540} INFO - Filling up the DagBag from /home/beatriz/Documentos/airflow/airflow_venv/lib/python3.10/site-packages/airflow/example_dags/example_trigger_controller_dag.py
[2024-12-10T11:36:58.762-0300] {processor.py:840} INFO - DAG(s) 'example_trigger_controller_dag' retrieved from /home/beatriz/Documentos/airflow/airflow_venv/lib/python3.10/site-packages/airflow/example_dags/example_trigger_controller_dag.py
[2024-12-10T11:36:58.768-0300] {logging_mixin.py:188} INFO - [2024-12-10T11:36:58.768-0300] {dag.py:3096} INFO - Sync 1 DAGs
[2024-12-10T11:36:58.784-0300] {logging_mixin.py:188} INFO - [2024-12-10T11:36:58.783-0300] {dag.py:3954} INFO - Setting next_dagrun for example_trigger_controller_dag to 2021-01-01 00:00:00+00:00, run_after=2021-01-01 00:00:00+00:00
[2024-12-10T11:36:58.803-0300] {processor.py:183} INFO - Processing /home/beatriz/Documentos/airflow/airflow_venv/lib/python3.10/site-packages/airflow/example_dags/example_trigger_controller_dag.py took 0.054 seconds
[2024-12-10T11:37:59.949-0300] {processor.py:161} INFO - Started process (PID=25177) to work on /home/beatriz/Documentos/airflow/airflow_venv/lib/python3.10/site-packages/airflow/example_dags/example_trigger_controller_dag.py
[2024-12-10T11:37:59.950-0300] {processor.py:830} INFO - Processing file /home/beatriz/Documentos/airflow/airflow_venv/lib/python3.10/site-packages/airflow/example_dags/example_trigger_controller_dag.py for tasks to queue
[2024-12-10T11:37:59.951-0300] {logging_mixin.py:188} INFO - [2024-12-10T11:37:59.951-0300] {dagbag.py:540} INFO - Filling up the DagBag from /home/beatriz/Documentos/airflow/airflow_venv/lib/python3.10/site-packages/airflow/example_dags/example_trigger_controller_dag.py
[2024-12-10T11:37:59.957-0300] {processor.py:840} INFO - DAG(s) 'example_trigger_controller_dag' retrieved from /home/beatriz/Documentos/airflow/airflow_venv/lib/python3.10/site-packages/airflow/example_dags/example_trigger_controller_dag.py
[2024-12-10T11:38:00.025-0300] {logging_mixin.py:188} INFO - [2024-12-10T11:38:00.025-0300] {dag.py:3096} INFO - Sync 1 DAGs
[2024-12-10T11:38:00.037-0300] {logging_mixin.py:188} INFO - [2024-12-10T11:38:00.037-0300] {dag.py:3954} INFO - Setting next_dagrun for example_trigger_controller_dag to 2021-01-01 00:00:00+00:00, run_after=2021-01-01 00:00:00+00:00
[2024-12-10T11:38:00.055-0300] {processor.py:183} INFO - Processing /home/beatriz/Documentos/airflow/airflow_venv/lib/python3.10/site-packages/airflow/example_dags/example_trigger_controller_dag.py took 0.110 seconds
[2024-12-10T11:38:58.788-0300] {processor.py:161} INFO - Started process (PID=25534) to work on /home/beatriz/Documentos/airflow/airflow_venv/lib/python3.10/site-packages/airflow/example_dags/example_trigger_controller_dag.py
[2024-12-10T11:38:58.789-0300] {processor.py:830} INFO - Processing file /home/beatriz/Documentos/airflow/airflow_venv/lib/python3.10/site-packages/airflow/example_dags/example_trigger_controller_dag.py for tasks to queue
[2024-12-10T11:38:58.791-0300] {logging_mixin.py:188} INFO - [2024-12-10T11:38:58.791-0300] {dagbag.py:540} INFO - Filling up the DagBag from /home/beatriz/Documentos/airflow/airflow_venv/lib/python3.10/site-packages/airflow/example_dags/example_trigger_controller_dag.py
[2024-12-10T11:38:58.796-0300] {processor.py:840} INFO - DAG(s) 'example_trigger_controller_dag' retrieved from /home/beatriz/Documentos/airflow/airflow_venv/lib/python3.10/site-packages/airflow/example_dags/example_trigger_controller_dag.py
[2024-12-10T11:38:58.809-0300] {logging_mixin.py:188} INFO - [2024-12-10T11:38:58.808-0300] {dag.py:3096} INFO - Sync 1 DAGs
[2024-12-10T11:38:58.828-0300] {logging_mixin.py:188} INFO - [2024-12-10T11:38:58.827-0300] {dag.py:3954} INFO - Setting next_dagrun for example_trigger_controller_dag to 2021-01-01 00:00:00+00:00, run_after=2021-01-01 00:00:00+00:00
[2024-12-10T11:38:58.852-0300] {processor.py:183} INFO - Processing /home/beatriz/Documentos/airflow/airflow_venv/lib/python3.10/site-packages/airflow/example_dags/example_trigger_controller_dag.py took 0.069 seconds
[2024-12-10T11:39:53.073-0300] {processor.py:161} INFO - Started process (PID=25924) to work on /home/beatriz/Documentos/airflow/airflow_venv/lib/python3.10/site-packages/airflow/example_dags/example_trigger_controller_dag.py
[2024-12-10T11:39:53.074-0300] {processor.py:830} INFO - Processing file /home/beatriz/Documentos/airflow/airflow_venv/lib/python3.10/site-packages/airflow/example_dags/example_trigger_controller_dag.py for tasks to queue
[2024-12-10T11:39:53.076-0300] {logging_mixin.py:188} INFO - [2024-12-10T11:39:53.076-0300] {dagbag.py:540} INFO - Filling up the DagBag from /home/beatriz/Documentos/airflow/airflow_venv/lib/python3.10/site-packages/airflow/example_dags/example_trigger_controller_dag.py
[2024-12-10T11:39:53.081-0300] {processor.py:840} INFO - DAG(s) 'example_trigger_controller_dag' retrieved from /home/beatriz/Documentos/airflow/airflow_venv/lib/python3.10/site-packages/airflow/example_dags/example_trigger_controller_dag.py
[2024-12-10T11:39:53.092-0300] {logging_mixin.py:188} INFO - [2024-12-10T11:39:53.092-0300] {dag.py:3096} INFO - Sync 1 DAGs
[2024-12-10T11:39:53.106-0300] {logging_mixin.py:188} INFO - [2024-12-10T11:39:53.106-0300] {dag.py:3954} INFO - Setting next_dagrun for example_trigger_controller_dag to 2021-01-01 00:00:00+00:00, run_after=2021-01-01 00:00:00+00:00
[2024-12-10T11:39:53.124-0300] {processor.py:183} INFO - Processing /home/beatriz/Documentos/airflow/airflow_venv/lib/python3.10/site-packages/airflow/example_dags/example_trigger_controller_dag.py took 0.055 seconds
[2024-12-10T11:40:48.717-0300] {processor.py:161} INFO - Started process (PID=26330) to work on /home/beatriz/Documentos/airflow/airflow_venv/lib/python3.10/site-packages/airflow/example_dags/example_trigger_controller_dag.py
[2024-12-10T11:40:48.718-0300] {processor.py:830} INFO - Processing file /home/beatriz/Documentos/airflow/airflow_venv/lib/python3.10/site-packages/airflow/example_dags/example_trigger_controller_dag.py for tasks to queue
[2024-12-10T11:40:48.722-0300] {logging_mixin.py:188} INFO - [2024-12-10T11:40:48.721-0300] {dagbag.py:540} INFO - Filling up the DagBag from /home/beatriz/Documentos/airflow/airflow_venv/lib/python3.10/site-packages/airflow/example_dags/example_trigger_controller_dag.py
[2024-12-10T11:40:48.730-0300] {processor.py:840} INFO - DAG(s) 'example_trigger_controller_dag' retrieved from /home/beatriz/Documentos/airflow/airflow_venv/lib/python3.10/site-packages/airflow/example_dags/example_trigger_controller_dag.py
[2024-12-10T11:40:48.747-0300] {logging_mixin.py:188} INFO - [2024-12-10T11:40:48.747-0300] {dag.py:3096} INFO - Sync 1 DAGs
[2024-12-10T11:40:48.762-0300] {logging_mixin.py:188} INFO - [2024-12-10T11:40:48.761-0300] {dag.py:3954} INFO - Setting next_dagrun for example_trigger_controller_dag to 2021-01-01 00:00:00+00:00, run_after=2021-01-01 00:00:00+00:00
[2024-12-10T11:40:48.780-0300] {processor.py:183} INFO - Processing /home/beatriz/Documentos/airflow/airflow_venv/lib/python3.10/site-packages/airflow/example_dags/example_trigger_controller_dag.py took 0.074 seconds
[2024-12-10T11:41:46.970-0300] {processor.py:161} INFO - Started process (PID=26757) to work on /home/beatriz/Documentos/airflow/airflow_venv/lib/python3.10/site-packages/airflow/example_dags/example_trigger_controller_dag.py
[2024-12-10T11:41:46.972-0300] {processor.py:830} INFO - Processing file /home/beatriz/Documentos/airflow/airflow_venv/lib/python3.10/site-packages/airflow/example_dags/example_trigger_controller_dag.py for tasks to queue
[2024-12-10T11:41:46.975-0300] {logging_mixin.py:188} INFO - [2024-12-10T11:41:46.974-0300] {dagbag.py:540} INFO - Filling up the DagBag from /home/beatriz/Documentos/airflow/airflow_venv/lib/python3.10/site-packages/airflow/example_dags/example_trigger_controller_dag.py
[2024-12-10T11:41:46.983-0300] {processor.py:840} INFO - DAG(s) 'example_trigger_controller_dag' retrieved from /home/beatriz/Documentos/airflow/airflow_venv/lib/python3.10/site-packages/airflow/example_dags/example_trigger_controller_dag.py
[2024-12-10T11:41:46.998-0300] {logging_mixin.py:188} INFO - [2024-12-10T11:41:46.998-0300] {dag.py:3096} INFO - Sync 1 DAGs
[2024-12-10T11:41:47.013-0300] {logging_mixin.py:188} INFO - [2024-12-10T11:41:47.013-0300] {dag.py:3954} INFO - Setting next_dagrun for example_trigger_controller_dag to 2021-01-01 00:00:00+00:00, run_after=2021-01-01 00:00:00+00:00
[2024-12-10T11:41:47.030-0300] {processor.py:183} INFO - Processing /home/beatriz/Documentos/airflow/airflow_venv/lib/python3.10/site-packages/airflow/example_dags/example_trigger_controller_dag.py took 0.072 seconds
[2024-12-10T11:42:43.648-0300] {processor.py:161} INFO - Started process (PID=27159) to work on /home/beatriz/Documentos/airflow/airflow_venv/lib/python3.10/site-packages/airflow/example_dags/example_trigger_controller_dag.py
[2024-12-10T11:42:43.650-0300] {processor.py:830} INFO - Processing file /home/beatriz/Documentos/airflow/airflow_venv/lib/python3.10/site-packages/airflow/example_dags/example_trigger_controller_dag.py for tasks to queue
[2024-12-10T11:42:43.655-0300] {logging_mixin.py:188} INFO - [2024-12-10T11:42:43.654-0300] {dagbag.py:540} INFO - Filling up the DagBag from /home/beatriz/Documentos/airflow/airflow_venv/lib/python3.10/site-packages/airflow/example_dags/example_trigger_controller_dag.py
[2024-12-10T11:42:43.663-0300] {processor.py:840} INFO - DAG(s) 'example_trigger_controller_dag' retrieved from /home/beatriz/Documentos/airflow/airflow_venv/lib/python3.10/site-packages/airflow/example_dags/example_trigger_controller_dag.py
[2024-12-10T11:42:43.679-0300] {logging_mixin.py:188} INFO - [2024-12-10T11:42:43.679-0300] {dag.py:3096} INFO - Sync 1 DAGs
[2024-12-10T11:42:43.694-0300] {logging_mixin.py:188} INFO - [2024-12-10T11:42:43.693-0300] {dag.py:3954} INFO - Setting next_dagrun for example_trigger_controller_dag to 2021-01-01 00:00:00+00:00, run_after=2021-01-01 00:00:00+00:00
[2024-12-10T11:42:43.712-0300] {processor.py:183} INFO - Processing /home/beatriz/Documentos/airflow/airflow_venv/lib/python3.10/site-packages/airflow/example_dags/example_trigger_controller_dag.py took 0.077 seconds
[2024-12-10T11:43:35.422-0300] {processor.py:161} INFO - Started process (PID=27531) to work on /home/beatriz/Documentos/airflow/airflow_venv/lib/python3.10/site-packages/airflow/example_dags/example_trigger_controller_dag.py
[2024-12-10T11:43:35.423-0300] {processor.py:830} INFO - Processing file /home/beatriz/Documentos/airflow/airflow_venv/lib/python3.10/site-packages/airflow/example_dags/example_trigger_controller_dag.py for tasks to queue
[2024-12-10T11:43:35.424-0300] {logging_mixin.py:188} INFO - [2024-12-10T11:43:35.424-0300] {dagbag.py:540} INFO - Filling up the DagBag from /home/beatriz/Documentos/airflow/airflow_venv/lib/python3.10/site-packages/airflow/example_dags/example_trigger_controller_dag.py
[2024-12-10T11:43:35.428-0300] {processor.py:840} INFO - DAG(s) 'example_trigger_controller_dag' retrieved from /home/beatriz/Documentos/airflow/airflow_venv/lib/python3.10/site-packages/airflow/example_dags/example_trigger_controller_dag.py
[2024-12-10T11:43:35.439-0300] {logging_mixin.py:188} INFO - [2024-12-10T11:43:35.439-0300] {dag.py:3096} INFO - Sync 1 DAGs
[2024-12-10T11:43:35.454-0300] {logging_mixin.py:188} INFO - [2024-12-10T11:43:35.453-0300] {dag.py:3954} INFO - Setting next_dagrun for example_trigger_controller_dag to 2021-01-01 00:00:00+00:00, run_after=2021-01-01 00:00:00+00:00
[2024-12-10T11:43:35.471-0300] {processor.py:183} INFO - Processing /home/beatriz/Documentos/airflow/airflow_venv/lib/python3.10/site-packages/airflow/example_dags/example_trigger_controller_dag.py took 0.053 seconds
[2024-12-10T11:44:34.269-0300] {processor.py:161} INFO - Started process (PID=28354) to work on /home/beatriz/Documentos/airflow/airflow_venv/lib/python3.10/site-packages/airflow/example_dags/example_trigger_controller_dag.py
[2024-12-10T11:44:34.270-0300] {processor.py:830} INFO - Processing file /home/beatriz/Documentos/airflow/airflow_venv/lib/python3.10/site-packages/airflow/example_dags/example_trigger_controller_dag.py for tasks to queue
[2024-12-10T11:44:34.272-0300] {logging_mixin.py:188} INFO - [2024-12-10T11:44:34.271-0300] {dagbag.py:540} INFO - Filling up the DagBag from /home/beatriz/Documentos/airflow/airflow_venv/lib/python3.10/site-packages/airflow/example_dags/example_trigger_controller_dag.py
[2024-12-10T11:44:34.277-0300] {processor.py:840} INFO - DAG(s) 'example_trigger_controller_dag' retrieved from /home/beatriz/Documentos/airflow/airflow_venv/lib/python3.10/site-packages/airflow/example_dags/example_trigger_controller_dag.py
[2024-12-10T11:44:34.292-0300] {logging_mixin.py:188} INFO - [2024-12-10T11:44:34.291-0300] {dag.py:3096} INFO - Sync 1 DAGs
[2024-12-10T11:44:34.307-0300] {logging_mixin.py:188} INFO - [2024-12-10T11:44:34.306-0300] {dag.py:3954} INFO - Setting next_dagrun for example_trigger_controller_dag to 2021-01-01 00:00:00+00:00, run_after=2021-01-01 00:00:00+00:00
[2024-12-10T11:44:34.324-0300] {processor.py:183} INFO - Processing /home/beatriz/Documentos/airflow/airflow_venv/lib/python3.10/site-packages/airflow/example_dags/example_trigger_controller_dag.py took 0.061 seconds
[2024-12-10T11:45:30.683-0300] {processor.py:161} INFO - Started process (PID=28786) to work on /home/beatriz/Documentos/airflow/airflow_venv/lib/python3.10/site-packages/airflow/example_dags/example_trigger_controller_dag.py
[2024-12-10T11:45:30.686-0300] {processor.py:830} INFO - Processing file /home/beatriz/Documentos/airflow/airflow_venv/lib/python3.10/site-packages/airflow/example_dags/example_trigger_controller_dag.py for tasks to queue
[2024-12-10T11:45:30.690-0300] {logging_mixin.py:188} INFO - [2024-12-10T11:45:30.690-0300] {dagbag.py:540} INFO - Filling up the DagBag from /home/beatriz/Documentos/airflow/airflow_venv/lib/python3.10/site-packages/airflow/example_dags/example_trigger_controller_dag.py
[2024-12-10T11:45:30.699-0300] {processor.py:840} INFO - DAG(s) 'example_trigger_controller_dag' retrieved from /home/beatriz/Documentos/airflow/airflow_venv/lib/python3.10/site-packages/airflow/example_dags/example_trigger_controller_dag.py
[2024-12-10T11:45:30.716-0300] {logging_mixin.py:188} INFO - [2024-12-10T11:45:30.715-0300] {dag.py:3096} INFO - Sync 1 DAGs
[2024-12-10T11:45:30.730-0300] {logging_mixin.py:188} INFO - [2024-12-10T11:45:30.730-0300] {dag.py:3954} INFO - Setting next_dagrun for example_trigger_controller_dag to 2021-01-01 00:00:00+00:00, run_after=2021-01-01 00:00:00+00:00
[2024-12-10T11:45:30.750-0300] {processor.py:183} INFO - Processing /home/beatriz/Documentos/airflow/airflow_venv/lib/python3.10/site-packages/airflow/example_dags/example_trigger_controller_dag.py took 0.079 seconds
[2024-12-10T11:46:27.690-0300] {processor.py:161} INFO - Started process (PID=29318) to work on /home/beatriz/Documentos/airflow/airflow_venv/lib/python3.10/site-packages/airflow/example_dags/example_trigger_controller_dag.py
[2024-12-10T11:46:27.691-0300] {processor.py:830} INFO - Processing file /home/beatriz/Documentos/airflow/airflow_venv/lib/python3.10/site-packages/airflow/example_dags/example_trigger_controller_dag.py for tasks to queue
[2024-12-10T11:46:27.693-0300] {logging_mixin.py:188} INFO - [2024-12-10T11:46:27.693-0300] {dagbag.py:540} INFO - Filling up the DagBag from /home/beatriz/Documentos/airflow/airflow_venv/lib/python3.10/site-packages/airflow/example_dags/example_trigger_controller_dag.py
[2024-12-10T11:46:27.698-0300] {processor.py:840} INFO - DAG(s) 'example_trigger_controller_dag' retrieved from /home/beatriz/Documentos/airflow/airflow_venv/lib/python3.10/site-packages/airflow/example_dags/example_trigger_controller_dag.py
[2024-12-10T11:46:27.710-0300] {logging_mixin.py:188} INFO - [2024-12-10T11:46:27.709-0300] {dag.py:3096} INFO - Sync 1 DAGs
[2024-12-10T11:46:27.727-0300] {logging_mixin.py:188} INFO - [2024-12-10T11:46:27.726-0300] {dag.py:3954} INFO - Setting next_dagrun for example_trigger_controller_dag to 2021-01-01 00:00:00+00:00, run_after=2021-01-01 00:00:00+00:00
[2024-12-10T11:46:27.745-0300] {processor.py:183} INFO - Processing /home/beatriz/Documentos/airflow/airflow_venv/lib/python3.10/site-packages/airflow/example_dags/example_trigger_controller_dag.py took 0.061 seconds
[2024-12-10T11:48:49.414-0300] {processor.py:161} INFO - Started process (PID=30884) to work on /home/beatriz/Documentos/airflow/airflow_venv/lib/python3.10/site-packages/airflow/example_dags/example_trigger_controller_dag.py
[2024-12-10T11:48:49.415-0300] {processor.py:830} INFO - Processing file /home/beatriz/Documentos/airflow/airflow_venv/lib/python3.10/site-packages/airflow/example_dags/example_trigger_controller_dag.py for tasks to queue
[2024-12-10T11:48:49.415-0300] {logging_mixin.py:188} INFO - [2024-12-10T11:48:49.415-0300] {dagbag.py:540} INFO - Filling up the DagBag from /home/beatriz/Documentos/airflow/airflow_venv/lib/python3.10/site-packages/airflow/example_dags/example_trigger_controller_dag.py
[2024-12-10T11:48:49.419-0300] {processor.py:840} INFO - DAG(s) 'example_trigger_controller_dag' retrieved from /home/beatriz/Documentos/airflow/airflow_venv/lib/python3.10/site-packages/airflow/example_dags/example_trigger_controller_dag.py
[2024-12-10T11:48:49.431-0300] {logging_mixin.py:188} INFO - [2024-12-10T11:48:49.431-0300] {dag.py:3096} INFO - Sync 1 DAGs
[2024-12-10T11:48:49.445-0300] {logging_mixin.py:188} INFO - [2024-12-10T11:48:49.445-0300] {dag.py:3954} INFO - Setting next_dagrun for example_trigger_controller_dag to 2021-01-01 00:00:00+00:00, run_after=2021-01-01 00:00:00+00:00
[2024-12-10T11:48:49.463-0300] {processor.py:183} INFO - Processing /home/beatriz/Documentos/airflow/airflow_venv/lib/python3.10/site-packages/airflow/example_dags/example_trigger_controller_dag.py took 0.054 seconds
[2024-12-10T11:49:48.504-0300] {processor.py:161} INFO - Started process (PID=31328) to work on /home/beatriz/Documentos/airflow/airflow_venv/lib/python3.10/site-packages/airflow/example_dags/example_trigger_controller_dag.py
[2024-12-10T11:49:48.505-0300] {processor.py:830} INFO - Processing file /home/beatriz/Documentos/airflow/airflow_venv/lib/python3.10/site-packages/airflow/example_dags/example_trigger_controller_dag.py for tasks to queue
[2024-12-10T11:49:48.505-0300] {logging_mixin.py:188} INFO - [2024-12-10T11:49:48.505-0300] {dagbag.py:540} INFO - Filling up the DagBag from /home/beatriz/Documentos/airflow/airflow_venv/lib/python3.10/site-packages/airflow/example_dags/example_trigger_controller_dag.py
[2024-12-10T11:49:48.509-0300] {processor.py:840} INFO - DAG(s) 'example_trigger_controller_dag' retrieved from /home/beatriz/Documentos/airflow/airflow_venv/lib/python3.10/site-packages/airflow/example_dags/example_trigger_controller_dag.py
[2024-12-10T11:49:48.520-0300] {logging_mixin.py:188} INFO - [2024-12-10T11:49:48.520-0300] {dag.py:3096} INFO - Sync 1 DAGs
[2024-12-10T11:49:48.533-0300] {logging_mixin.py:188} INFO - [2024-12-10T11:49:48.532-0300] {dag.py:3954} INFO - Setting next_dagrun for example_trigger_controller_dag to 2021-01-01 00:00:00+00:00, run_after=2021-01-01 00:00:00+00:00
[2024-12-10T11:49:48.550-0300] {processor.py:183} INFO - Processing /home/beatriz/Documentos/airflow/airflow_venv/lib/python3.10/site-packages/airflow/example_dags/example_trigger_controller_dag.py took 0.051 seconds
[2024-12-10T11:50:47.364-0300] {processor.py:161} INFO - Started process (PID=31735) to work on /home/beatriz/Documentos/airflow/airflow_venv/lib/python3.10/site-packages/airflow/example_dags/example_trigger_controller_dag.py
[2024-12-10T11:50:47.365-0300] {processor.py:830} INFO - Processing file /home/beatriz/Documentos/airflow/airflow_venv/lib/python3.10/site-packages/airflow/example_dags/example_trigger_controller_dag.py for tasks to queue
[2024-12-10T11:50:47.366-0300] {logging_mixin.py:188} INFO - [2024-12-10T11:50:47.365-0300] {dagbag.py:540} INFO - Filling up the DagBag from /home/beatriz/Documentos/airflow/airflow_venv/lib/python3.10/site-packages/airflow/example_dags/example_trigger_controller_dag.py
[2024-12-10T11:50:47.371-0300] {processor.py:840} INFO - DAG(s) 'example_trigger_controller_dag' retrieved from /home/beatriz/Documentos/airflow/airflow_venv/lib/python3.10/site-packages/airflow/example_dags/example_trigger_controller_dag.py
[2024-12-10T11:50:47.382-0300] {logging_mixin.py:188} INFO - [2024-12-10T11:50:47.382-0300] {dag.py:3096} INFO - Sync 1 DAGs
[2024-12-10T11:50:47.395-0300] {logging_mixin.py:188} INFO - [2024-12-10T11:50:47.395-0300] {dag.py:3954} INFO - Setting next_dagrun for example_trigger_controller_dag to 2021-01-01 00:00:00+00:00, run_after=2021-01-01 00:00:00+00:00
[2024-12-10T11:50:47.414-0300] {processor.py:183} INFO - Processing /home/beatriz/Documentos/airflow/airflow_venv/lib/python3.10/site-packages/airflow/example_dags/example_trigger_controller_dag.py took 0.054 seconds
[2024-12-10T11:51:44.411-0300] {processor.py:161} INFO - Started process (PID=32137) to work on /home/beatriz/Documentos/airflow/airflow_venv/lib/python3.10/site-packages/airflow/example_dags/example_trigger_controller_dag.py
[2024-12-10T11:51:44.412-0300] {processor.py:830} INFO - Processing file /home/beatriz/Documentos/airflow/airflow_venv/lib/python3.10/site-packages/airflow/example_dags/example_trigger_controller_dag.py for tasks to queue
[2024-12-10T11:51:44.412-0300] {logging_mixin.py:188} INFO - [2024-12-10T11:51:44.412-0300] {dagbag.py:540} INFO - Filling up the DagBag from /home/beatriz/Documentos/airflow/airflow_venv/lib/python3.10/site-packages/airflow/example_dags/example_trigger_controller_dag.py
[2024-12-10T11:51:44.418-0300] {processor.py:840} INFO - DAG(s) 'example_trigger_controller_dag' retrieved from /home/beatriz/Documentos/airflow/airflow_venv/lib/python3.10/site-packages/airflow/example_dags/example_trigger_controller_dag.py
[2024-12-10T11:51:44.429-0300] {logging_mixin.py:188} INFO - [2024-12-10T11:51:44.429-0300] {dag.py:3096} INFO - Sync 1 DAGs
[2024-12-10T11:51:44.442-0300] {logging_mixin.py:188} INFO - [2024-12-10T11:51:44.442-0300] {dag.py:3954} INFO - Setting next_dagrun for example_trigger_controller_dag to 2021-01-01 00:00:00+00:00, run_after=2021-01-01 00:00:00+00:00
[2024-12-10T11:51:44.458-0300] {processor.py:183} INFO - Processing /home/beatriz/Documentos/airflow/airflow_venv/lib/python3.10/site-packages/airflow/example_dags/example_trigger_controller_dag.py took 0.052 seconds
[2024-12-10T11:52:40.274-0300] {processor.py:161} INFO - Started process (PID=32544) to work on /home/beatriz/Documentos/airflow/airflow_venv/lib/python3.10/site-packages/airflow/example_dags/example_trigger_controller_dag.py
[2024-12-10T11:52:40.275-0300] {processor.py:830} INFO - Processing file /home/beatriz/Documentos/airflow/airflow_venv/lib/python3.10/site-packages/airflow/example_dags/example_trigger_controller_dag.py for tasks to queue
[2024-12-10T11:52:40.277-0300] {logging_mixin.py:188} INFO - [2024-12-10T11:52:40.276-0300] {dagbag.py:540} INFO - Filling up the DagBag from /home/beatriz/Documentos/airflow/airflow_venv/lib/python3.10/site-packages/airflow/example_dags/example_trigger_controller_dag.py
[2024-12-10T11:52:40.301-0300] {processor.py:840} INFO - DAG(s) 'example_trigger_controller_dag' retrieved from /home/beatriz/Documentos/airflow/airflow_venv/lib/python3.10/site-packages/airflow/example_dags/example_trigger_controller_dag.py
[2024-12-10T11:52:40.338-0300] {logging_mixin.py:188} INFO - [2024-12-10T11:52:40.338-0300] {dag.py:3096} INFO - Sync 1 DAGs
[2024-12-10T11:52:40.365-0300] {logging_mixin.py:188} INFO - [2024-12-10T11:52:40.365-0300] {dag.py:3954} INFO - Setting next_dagrun for example_trigger_controller_dag to 2021-01-01 00:00:00+00:00, run_after=2021-01-01 00:00:00+00:00
[2024-12-10T11:52:40.411-0300] {processor.py:183} INFO - Processing /home/beatriz/Documentos/airflow/airflow_venv/lib/python3.10/site-packages/airflow/example_dags/example_trigger_controller_dag.py took 0.149 seconds
[2024-12-10T11:53:35.320-0300] {processor.py:161} INFO - Started process (PID=33228) to work on /home/beatriz/Documentos/airflow/airflow_venv/lib/python3.10/site-packages/airflow/example_dags/example_trigger_controller_dag.py
[2024-12-10T11:53:35.320-0300] {processor.py:830} INFO - Processing file /home/beatriz/Documentos/airflow/airflow_venv/lib/python3.10/site-packages/airflow/example_dags/example_trigger_controller_dag.py for tasks to queue
[2024-12-10T11:53:35.321-0300] {logging_mixin.py:188} INFO - [2024-12-10T11:53:35.321-0300] {dagbag.py:540} INFO - Filling up the DagBag from /home/beatriz/Documentos/airflow/airflow_venv/lib/python3.10/site-packages/airflow/example_dags/example_trigger_controller_dag.py
[2024-12-10T11:53:35.325-0300] {processor.py:840} INFO - DAG(s) 'example_trigger_controller_dag' retrieved from /home/beatriz/Documentos/airflow/airflow_venv/lib/python3.10/site-packages/airflow/example_dags/example_trigger_controller_dag.py
[2024-12-10T11:53:35.337-0300] {logging_mixin.py:188} INFO - [2024-12-10T11:53:35.336-0300] {dag.py:3096} INFO - Sync 1 DAGs
[2024-12-10T11:53:35.352-0300] {logging_mixin.py:188} INFO - [2024-12-10T11:53:35.352-0300] {dag.py:3954} INFO - Setting next_dagrun for example_trigger_controller_dag to 2021-01-01 00:00:00+00:00, run_after=2021-01-01 00:00:00+00:00
[2024-12-10T11:53:35.385-0300] {processor.py:183} INFO - Processing /home/beatriz/Documentos/airflow/airflow_venv/lib/python3.10/site-packages/airflow/example_dags/example_trigger_controller_dag.py took 0.071 seconds
[2024-12-10T11:55:25.160-0300] {processor.py:161} INFO - Started process (PID=34511) to work on /home/beatriz/Documentos/airflow/airflow_venv/lib/python3.10/site-packages/airflow/example_dags/example_trigger_controller_dag.py
[2024-12-10T11:55:25.161-0300] {processor.py:830} INFO - Processing file /home/beatriz/Documentos/airflow/airflow_venv/lib/python3.10/site-packages/airflow/example_dags/example_trigger_controller_dag.py for tasks to queue
[2024-12-10T11:55:25.162-0300] {logging_mixin.py:188} INFO - [2024-12-10T11:55:25.162-0300] {dagbag.py:540} INFO - Filling up the DagBag from /home/beatriz/Documentos/airflow/airflow_venv/lib/python3.10/site-packages/airflow/example_dags/example_trigger_controller_dag.py
[2024-12-10T11:55:25.167-0300] {processor.py:840} INFO - DAG(s) 'example_trigger_controller_dag' retrieved from /home/beatriz/Documentos/airflow/airflow_venv/lib/python3.10/site-packages/airflow/example_dags/example_trigger_controller_dag.py
[2024-12-10T11:55:25.181-0300] {logging_mixin.py:188} INFO - [2024-12-10T11:55:25.181-0300] {dag.py:3096} INFO - Sync 1 DAGs
[2024-12-10T11:55:25.195-0300] {logging_mixin.py:188} INFO - [2024-12-10T11:55:25.194-0300] {dag.py:3954} INFO - Setting next_dagrun for example_trigger_controller_dag to 2021-01-01 00:00:00+00:00, run_after=2021-01-01 00:00:00+00:00
[2024-12-10T11:55:25.211-0300] {processor.py:183} INFO - Processing /home/beatriz/Documentos/airflow/airflow_venv/lib/python3.10/site-packages/airflow/example_dags/example_trigger_controller_dag.py took 0.055 seconds
[2024-12-10T11:56:24.506-0300] {processor.py:161} INFO - Started process (PID=34978) to work on /home/beatriz/Documentos/airflow/airflow_venv/lib/python3.10/site-packages/airflow/example_dags/example_trigger_controller_dag.py
[2024-12-10T11:56:24.507-0300] {processor.py:830} INFO - Processing file /home/beatriz/Documentos/airflow/airflow_venv/lib/python3.10/site-packages/airflow/example_dags/example_trigger_controller_dag.py for tasks to queue
[2024-12-10T11:56:24.508-0300] {logging_mixin.py:188} INFO - [2024-12-10T11:56:24.508-0300] {dagbag.py:540} INFO - Filling up the DagBag from /home/beatriz/Documentos/airflow/airflow_venv/lib/python3.10/site-packages/airflow/example_dags/example_trigger_controller_dag.py
[2024-12-10T11:56:24.513-0300] {processor.py:840} INFO - DAG(s) 'example_trigger_controller_dag' retrieved from /home/beatriz/Documentos/airflow/airflow_venv/lib/python3.10/site-packages/airflow/example_dags/example_trigger_controller_dag.py
[2024-12-10T11:56:24.524-0300] {logging_mixin.py:188} INFO - [2024-12-10T11:56:24.524-0300] {dag.py:3096} INFO - Sync 1 DAGs
[2024-12-10T11:56:24.537-0300] {logging_mixin.py:188} INFO - [2024-12-10T11:56:24.537-0300] {dag.py:3954} INFO - Setting next_dagrun for example_trigger_controller_dag to 2021-01-01 00:00:00+00:00, run_after=2021-01-01 00:00:00+00:00
[2024-12-10T11:56:24.554-0300] {processor.py:183} INFO - Processing /home/beatriz/Documentos/airflow/airflow_venv/lib/python3.10/site-packages/airflow/example_dags/example_trigger_controller_dag.py took 0.053 seconds
[2024-12-10T11:57:22.064-0300] {processor.py:161} INFO - Started process (PID=35447) to work on /home/beatriz/Documentos/airflow/airflow_venv/lib/python3.10/site-packages/airflow/example_dags/example_trigger_controller_dag.py
[2024-12-10T11:57:22.065-0300] {processor.py:830} INFO - Processing file /home/beatriz/Documentos/airflow/airflow_venv/lib/python3.10/site-packages/airflow/example_dags/example_trigger_controller_dag.py for tasks to queue
[2024-12-10T11:57:22.066-0300] {logging_mixin.py:188} INFO - [2024-12-10T11:57:22.065-0300] {dagbag.py:540} INFO - Filling up the DagBag from /home/beatriz/Documentos/airflow/airflow_venv/lib/python3.10/site-packages/airflow/example_dags/example_trigger_controller_dag.py
[2024-12-10T11:57:22.071-0300] {processor.py:840} INFO - DAG(s) 'example_trigger_controller_dag' retrieved from /home/beatriz/Documentos/airflow/airflow_venv/lib/python3.10/site-packages/airflow/example_dags/example_trigger_controller_dag.py
[2024-12-10T11:57:22.087-0300] {logging_mixin.py:188} INFO - [2024-12-10T11:57:22.086-0300] {dag.py:3096} INFO - Sync 1 DAGs
[2024-12-10T11:57:22.101-0300] {logging_mixin.py:188} INFO - [2024-12-10T11:57:22.101-0300] {dag.py:3954} INFO - Setting next_dagrun for example_trigger_controller_dag to 2021-01-01 00:00:00+00:00, run_after=2021-01-01 00:00:00+00:00
[2024-12-10T11:57:22.118-0300] {processor.py:183} INFO - Processing /home/beatriz/Documentos/airflow/airflow_venv/lib/python3.10/site-packages/airflow/example_dags/example_trigger_controller_dag.py took 0.059 seconds
[2024-12-10T11:58:19.329-0300] {processor.py:161} INFO - Started process (PID=35868) to work on /home/beatriz/Documentos/airflow/airflow_venv/lib/python3.10/site-packages/airflow/example_dags/example_trigger_controller_dag.py
[2024-12-10T11:58:19.331-0300] {processor.py:830} INFO - Processing file /home/beatriz/Documentos/airflow/airflow_venv/lib/python3.10/site-packages/airflow/example_dags/example_trigger_controller_dag.py for tasks to queue
[2024-12-10T11:58:19.332-0300] {logging_mixin.py:188} INFO - [2024-12-10T11:58:19.331-0300] {dagbag.py:540} INFO - Filling up the DagBag from /home/beatriz/Documentos/airflow/airflow_venv/lib/python3.10/site-packages/airflow/example_dags/example_trigger_controller_dag.py
[2024-12-10T11:58:19.338-0300] {processor.py:840} INFO - DAG(s) 'example_trigger_controller_dag' retrieved from /home/beatriz/Documentos/airflow/airflow_venv/lib/python3.10/site-packages/airflow/example_dags/example_trigger_controller_dag.py
[2024-12-10T11:58:19.355-0300] {logging_mixin.py:188} INFO - [2024-12-10T11:58:19.354-0300] {dag.py:3096} INFO - Sync 1 DAGs
[2024-12-10T11:58:19.370-0300] {logging_mixin.py:188} INFO - [2024-12-10T11:58:19.370-0300] {dag.py:3954} INFO - Setting next_dagrun for example_trigger_controller_dag to 2021-01-01 00:00:00+00:00, run_after=2021-01-01 00:00:00+00:00
[2024-12-10T11:58:19.389-0300] {processor.py:183} INFO - Processing /home/beatriz/Documentos/airflow/airflow_venv/lib/python3.10/site-packages/airflow/example_dags/example_trigger_controller_dag.py took 0.067 seconds
[2024-12-10T11:59:55.066-0300] {processor.py:161} INFO - Started process (PID=36401) to work on /home/beatriz/Documentos/airflow/airflow_venv/lib/python3.10/site-packages/airflow/example_dags/example_trigger_controller_dag.py
[2024-12-10T11:59:55.067-0300] {processor.py:830} INFO - Processing file /home/beatriz/Documentos/airflow/airflow_venv/lib/python3.10/site-packages/airflow/example_dags/example_trigger_controller_dag.py for tasks to queue
[2024-12-10T11:59:55.069-0300] {logging_mixin.py:188} INFO - [2024-12-10T11:59:55.068-0300] {dagbag.py:540} INFO - Filling up the DagBag from /home/beatriz/Documentos/airflow/airflow_venv/lib/python3.10/site-packages/airflow/example_dags/example_trigger_controller_dag.py
[2024-12-10T11:59:55.076-0300] {processor.py:840} INFO - DAG(s) 'example_trigger_controller_dag' retrieved from /home/beatriz/Documentos/airflow/airflow_venv/lib/python3.10/site-packages/airflow/example_dags/example_trigger_controller_dag.py
[2024-12-10T11:59:55.128-0300] {logging_mixin.py:188} INFO - [2024-12-10T11:59:55.128-0300] {dag.py:3096} INFO - Sync 1 DAGs
[2024-12-10T11:59:55.156-0300] {logging_mixin.py:188} INFO - [2024-12-10T11:59:55.155-0300] {dag.py:3954} INFO - Setting next_dagrun for example_trigger_controller_dag to 2021-01-01 00:00:00+00:00, run_after=2021-01-01 00:00:00+00:00
[2024-12-10T11:59:55.175-0300] {processor.py:183} INFO - Processing /home/beatriz/Documentos/airflow/airflow_venv/lib/python3.10/site-packages/airflow/example_dags/example_trigger_controller_dag.py took 0.117 seconds
[2024-12-10T12:01:27.895-0300] {processor.py:161} INFO - Started process (PID=37073) to work on /home/beatriz/Documentos/airflow/airflow_venv/lib/python3.10/site-packages/airflow/example_dags/example_trigger_controller_dag.py
[2024-12-10T12:01:27.896-0300] {processor.py:830} INFO - Processing file /home/beatriz/Documentos/airflow/airflow_venv/lib/python3.10/site-packages/airflow/example_dags/example_trigger_controller_dag.py for tasks to queue
[2024-12-10T12:01:27.897-0300] {logging_mixin.py:188} INFO - [2024-12-10T12:01:27.897-0300] {dagbag.py:540} INFO - Filling up the DagBag from /home/beatriz/Documentos/airflow/airflow_venv/lib/python3.10/site-packages/airflow/example_dags/example_trigger_controller_dag.py
[2024-12-10T12:01:27.903-0300] {processor.py:840} INFO - DAG(s) 'example_trigger_controller_dag' retrieved from /home/beatriz/Documentos/airflow/airflow_venv/lib/python3.10/site-packages/airflow/example_dags/example_trigger_controller_dag.py
[2024-12-10T12:01:27.915-0300] {logging_mixin.py:188} INFO - [2024-12-10T12:01:27.915-0300] {dag.py:3096} INFO - Sync 1 DAGs
[2024-12-10T12:01:27.928-0300] {logging_mixin.py:188} INFO - [2024-12-10T12:01:27.928-0300] {dag.py:3954} INFO - Setting next_dagrun for example_trigger_controller_dag to 2021-01-01 00:00:00+00:00, run_after=2021-01-01 00:00:00+00:00
[2024-12-10T12:01:27.944-0300] {processor.py:183} INFO - Processing /home/beatriz/Documentos/airflow/airflow_venv/lib/python3.10/site-packages/airflow/example_dags/example_trigger_controller_dag.py took 0.054 seconds
[2024-12-10T13:34:18.013-0300] {processor.py:161} INFO - Started process (PID=40317) to work on /home/beatriz/Documentos/airflow/airflow_venv/lib/python3.10/site-packages/airflow/example_dags/example_trigger_controller_dag.py
[2024-12-10T13:34:18.015-0300] {processor.py:830} INFO - Processing file /home/beatriz/Documentos/airflow/airflow_venv/lib/python3.10/site-packages/airflow/example_dags/example_trigger_controller_dag.py for tasks to queue
[2024-12-10T13:34:18.018-0300] {logging_mixin.py:188} INFO - [2024-12-10T13:34:18.017-0300] {dagbag.py:540} INFO - Filling up the DagBag from /home/beatriz/Documentos/airflow/airflow_venv/lib/python3.10/site-packages/airflow/example_dags/example_trigger_controller_dag.py
[2024-12-10T13:34:18.029-0300] {processor.py:840} INFO - DAG(s) 'example_trigger_controller_dag' retrieved from /home/beatriz/Documentos/airflow/airflow_venv/lib/python3.10/site-packages/airflow/example_dags/example_trigger_controller_dag.py
[2024-12-10T13:34:18.038-0300] {logging_mixin.py:188} INFO - [2024-12-10T13:34:18.038-0300] {dag.py:3096} INFO - Sync 1 DAGs
[2024-12-10T13:34:18.055-0300] {logging_mixin.py:188} INFO - [2024-12-10T13:34:18.055-0300] {dag.py:3954} INFO - Setting next_dagrun for example_trigger_controller_dag to 2021-01-01 00:00:00+00:00, run_after=2021-01-01 00:00:00+00:00
[2024-12-10T13:34:18.077-0300] {processor.py:183} INFO - Processing /home/beatriz/Documentos/airflow/airflow_venv/lib/python3.10/site-packages/airflow/example_dags/example_trigger_controller_dag.py took 0.074 seconds
[2024-12-10T13:35:37.348-0300] {processor.py:161} INFO - Started process (PID=41150) to work on /home/beatriz/Documentos/airflow/airflow_venv/lib/python3.10/site-packages/airflow/example_dags/example_trigger_controller_dag.py
[2024-12-10T13:35:37.350-0300] {processor.py:830} INFO - Processing file /home/beatriz/Documentos/airflow/airflow_venv/lib/python3.10/site-packages/airflow/example_dags/example_trigger_controller_dag.py for tasks to queue
[2024-12-10T13:35:37.353-0300] {logging_mixin.py:188} INFO - [2024-12-10T13:35:37.352-0300] {dagbag.py:540} INFO - Filling up the DagBag from /home/beatriz/Documentos/airflow/airflow_venv/lib/python3.10/site-packages/airflow/example_dags/example_trigger_controller_dag.py
[2024-12-10T13:35:37.362-0300] {processor.py:840} INFO - DAG(s) 'example_trigger_controller_dag' retrieved from /home/beatriz/Documentos/airflow/airflow_venv/lib/python3.10/site-packages/airflow/example_dags/example_trigger_controller_dag.py
[2024-12-10T13:35:37.448-0300] {logging_mixin.py:188} INFO - [2024-12-10T13:35:37.448-0300] {dag.py:3096} INFO - Sync 1 DAGs
[2024-12-10T13:35:37.537-0300] {logging_mixin.py:188} INFO - [2024-12-10T13:35:37.536-0300] {dag.py:3954} INFO - Setting next_dagrun for example_trigger_controller_dag to 2021-01-01 00:00:00+00:00, run_after=2021-01-01 00:00:00+00:00
[2024-12-10T13:35:37.556-0300] {processor.py:183} INFO - Processing /home/beatriz/Documentos/airflow/airflow_venv/lib/python3.10/site-packages/airflow/example_dags/example_trigger_controller_dag.py took 0.218 seconds
[2024-12-10T13:36:52.198-0300] {processor.py:161} INFO - Started process (PID=42148) to work on /home/beatriz/Documentos/airflow/airflow_venv/lib/python3.10/site-packages/airflow/example_dags/example_trigger_controller_dag.py
[2024-12-10T13:36:52.199-0300] {processor.py:830} INFO - Processing file /home/beatriz/Documentos/airflow/airflow_venv/lib/python3.10/site-packages/airflow/example_dags/example_trigger_controller_dag.py for tasks to queue
[2024-12-10T13:36:52.201-0300] {logging_mixin.py:188} INFO - [2024-12-10T13:36:52.201-0300] {dagbag.py:540} INFO - Filling up the DagBag from /home/beatriz/Documentos/airflow/airflow_venv/lib/python3.10/site-packages/airflow/example_dags/example_trigger_controller_dag.py
[2024-12-10T13:36:52.207-0300] {processor.py:840} INFO - DAG(s) 'example_trigger_controller_dag' retrieved from /home/beatriz/Documentos/airflow/airflow_venv/lib/python3.10/site-packages/airflow/example_dags/example_trigger_controller_dag.py
[2024-12-10T13:36:52.227-0300] {logging_mixin.py:188} INFO - [2024-12-10T13:36:52.226-0300] {dag.py:3096} INFO - Sync 1 DAGs
[2024-12-10T13:36:52.247-0300] {logging_mixin.py:188} INFO - [2024-12-10T13:36:52.246-0300] {dag.py:3954} INFO - Setting next_dagrun for example_trigger_controller_dag to 2021-01-01 00:00:00+00:00, run_after=2021-01-01 00:00:00+00:00
[2024-12-10T13:36:52.267-0300] {processor.py:183} INFO - Processing /home/beatriz/Documentos/airflow/airflow_venv/lib/python3.10/site-packages/airflow/example_dags/example_trigger_controller_dag.py took 0.077 seconds
[2024-12-10T13:38:01.536-0300] {processor.py:161} INFO - Started process (PID=42852) to work on /home/beatriz/Documentos/airflow/airflow_venv/lib/python3.10/site-packages/airflow/example_dags/example_trigger_controller_dag.py
[2024-12-10T13:38:01.537-0300] {processor.py:830} INFO - Processing file /home/beatriz/Documentos/airflow/airflow_venv/lib/python3.10/site-packages/airflow/example_dags/example_trigger_controller_dag.py for tasks to queue
[2024-12-10T13:38:01.538-0300] {logging_mixin.py:188} INFO - [2024-12-10T13:38:01.538-0300] {dagbag.py:540} INFO - Filling up the DagBag from /home/beatriz/Documentos/airflow/airflow_venv/lib/python3.10/site-packages/airflow/example_dags/example_trigger_controller_dag.py
[2024-12-10T13:38:01.547-0300] {processor.py:840} INFO - DAG(s) 'example_trigger_controller_dag' retrieved from /home/beatriz/Documentos/airflow/airflow_venv/lib/python3.10/site-packages/airflow/example_dags/example_trigger_controller_dag.py
[2024-12-10T13:38:01.575-0300] {logging_mixin.py:188} INFO - [2024-12-10T13:38:01.574-0300] {dag.py:3096} INFO - Sync 1 DAGs
[2024-12-10T13:38:01.679-0300] {logging_mixin.py:188} INFO - [2024-12-10T13:38:01.678-0300] {dag.py:3954} INFO - Setting next_dagrun for example_trigger_controller_dag to 2021-01-01 00:00:00+00:00, run_after=2021-01-01 00:00:00+00:00
[2024-12-10T13:38:01.715-0300] {processor.py:183} INFO - Processing /home/beatriz/Documentos/airflow/airflow_venv/lib/python3.10/site-packages/airflow/example_dags/example_trigger_controller_dag.py took 0.184 seconds
[2024-12-10T13:38:57.225-0300] {processor.py:161} INFO - Started process (PID=43169) to work on /home/beatriz/Documentos/airflow/airflow_venv/lib/python3.10/site-packages/airflow/example_dags/example_trigger_controller_dag.py
[2024-12-10T13:38:57.228-0300] {processor.py:830} INFO - Processing file /home/beatriz/Documentos/airflow/airflow_venv/lib/python3.10/site-packages/airflow/example_dags/example_trigger_controller_dag.py for tasks to queue
[2024-12-10T13:38:57.229-0300] {logging_mixin.py:188} INFO - [2024-12-10T13:38:57.229-0300] {dagbag.py:540} INFO - Filling up the DagBag from /home/beatriz/Documentos/airflow/airflow_venv/lib/python3.10/site-packages/airflow/example_dags/example_trigger_controller_dag.py
[2024-12-10T13:38:57.235-0300] {processor.py:840} INFO - DAG(s) 'example_trigger_controller_dag' retrieved from /home/beatriz/Documentos/airflow/airflow_venv/lib/python3.10/site-packages/airflow/example_dags/example_trigger_controller_dag.py
[2024-12-10T13:38:57.279-0300] {logging_mixin.py:188} INFO - [2024-12-10T13:38:57.279-0300] {dag.py:3096} INFO - Sync 1 DAGs
[2024-12-10T13:38:57.295-0300] {logging_mixin.py:188} INFO - [2024-12-10T13:38:57.295-0300] {dag.py:3954} INFO - Setting next_dagrun for example_trigger_controller_dag to 2021-01-01 00:00:00+00:00, run_after=2021-01-01 00:00:00+00:00
[2024-12-10T13:38:57.313-0300] {processor.py:183} INFO - Processing /home/beatriz/Documentos/airflow/airflow_venv/lib/python3.10/site-packages/airflow/example_dags/example_trigger_controller_dag.py took 0.094 seconds
[2024-12-10T13:45:20.378-0300] {processor.py:161} INFO - Started process (PID=45690) to work on /home/beatriz/Documentos/airflow/airflow_venv/lib/python3.10/site-packages/airflow/example_dags/example_trigger_controller_dag.py
[2024-12-10T13:45:20.379-0300] {processor.py:830} INFO - Processing file /home/beatriz/Documentos/airflow/airflow_venv/lib/python3.10/site-packages/airflow/example_dags/example_trigger_controller_dag.py for tasks to queue
[2024-12-10T13:45:20.380-0300] {logging_mixin.py:188} INFO - [2024-12-10T13:45:20.380-0300] {dagbag.py:540} INFO - Filling up the DagBag from /home/beatriz/Documentos/airflow/airflow_venv/lib/python3.10/site-packages/airflow/example_dags/example_trigger_controller_dag.py
[2024-12-10T13:45:20.397-0300] {processor.py:840} INFO - DAG(s) 'example_trigger_controller_dag' retrieved from /home/beatriz/Documentos/airflow/airflow_venv/lib/python3.10/site-packages/airflow/example_dags/example_trigger_controller_dag.py
[2024-12-10T13:45:20.544-0300] {logging_mixin.py:188} INFO - [2024-12-10T13:45:20.544-0300] {dag.py:3096} INFO - Sync 1 DAGs
[2024-12-10T13:45:20.561-0300] {logging_mixin.py:188} INFO - [2024-12-10T13:45:20.561-0300] {dag.py:3954} INFO - Setting next_dagrun for example_trigger_controller_dag to 2021-01-01 00:00:00+00:00, run_after=2021-01-01 00:00:00+00:00
[2024-12-10T13:45:20.607-0300] {processor.py:183} INFO - Processing /home/beatriz/Documentos/airflow/airflow_venv/lib/python3.10/site-packages/airflow/example_dags/example_trigger_controller_dag.py took 0.234 seconds
