[2024-12-10T10:09:59.869-0300] {processor.py:161} INFO - Started process (PID=10634) to work on /home/beatriz/Documentos/airflow/airflow_venv/lib/python3.10/site-packages/airflow/example_dags/example_bash_operator.py
[2024-12-10T10:09:59.870-0300] {processor.py:830} INFO - Processing file /home/beatriz/Documentos/airflow/airflow_venv/lib/python3.10/site-packages/airflow/example_dags/example_bash_operator.py for tasks to queue
[2024-12-10T10:09:59.872-0300] {logging_mixin.py:188} INFO - [2024-12-10T10:09:59.871-0300] {dagbag.py:540} INFO - Filling up the DagBag from /home/beatriz/Documentos/airflow/airflow_venv/lib/python3.10/site-packages/airflow/example_dags/example_bash_operator.py
[2024-12-10T10:09:59.885-0300] {processor.py:840} INFO - DAG(s) 'example_bash_operator' retrieved from /home/beatriz/Documentos/airflow/airflow_venv/lib/python3.10/site-packages/airflow/example_dags/example_bash_operator.py
[2024-12-10T10:09:59.962-0300] {logging_mixin.py:188} INFO - [2024-12-10T10:09:59.962-0300] {dag.py:3096} INFO - Sync 1 DAGs
[2024-12-10T10:09:59.974-0300] {logging_mixin.py:188} INFO - [2024-12-10T10:09:59.974-0300] {dag.py:3954} INFO - Setting next_dagrun for example_bash_operator to 2024-12-09 00:00:00+00:00, run_after=2024-12-10 00:00:00+00:00
[2024-12-10T10:09:59.994-0300] {processor.py:183} INFO - Processing /home/beatriz/Documentos/airflow/airflow_venv/lib/python3.10/site-packages/airflow/example_dags/example_bash_operator.py took 0.135 seconds
[2024-12-10T10:10:57.519-0300] {processor.py:161} INFO - Started process (PID=11125) to work on /home/beatriz/Documentos/airflow/airflow_venv/lib/python3.10/site-packages/airflow/example_dags/example_bash_operator.py
[2024-12-10T10:10:57.522-0300] {processor.py:830} INFO - Processing file /home/beatriz/Documentos/airflow/airflow_venv/lib/python3.10/site-packages/airflow/example_dags/example_bash_operator.py for tasks to queue
[2024-12-10T10:10:57.525-0300] {logging_mixin.py:188} INFO - [2024-12-10T10:10:57.524-0300] {dagbag.py:540} INFO - Filling up the DagBag from /home/beatriz/Documentos/airflow/airflow_venv/lib/python3.10/site-packages/airflow/example_dags/example_bash_operator.py
[2024-12-10T10:10:57.543-0300] {processor.py:840} INFO - DAG(s) 'example_bash_operator' retrieved from /home/beatriz/Documentos/airflow/airflow_venv/lib/python3.10/site-packages/airflow/example_dags/example_bash_operator.py
[2024-12-10T10:10:57.564-0300] {logging_mixin.py:188} INFO - [2024-12-10T10:10:57.564-0300] {dag.py:3096} INFO - Sync 1 DAGs
[2024-12-10T10:10:57.579-0300] {logging_mixin.py:188} INFO - [2024-12-10T10:10:57.578-0300] {dag.py:3954} INFO - Setting next_dagrun for example_bash_operator to 2024-12-09 00:00:00+00:00, run_after=2024-12-10 00:00:00+00:00
[2024-12-10T10:10:57.595-0300] {processor.py:183} INFO - Processing /home/beatriz/Documentos/airflow/airflow_venv/lib/python3.10/site-packages/airflow/example_dags/example_bash_operator.py took 0.086 seconds
[2024-12-10T10:12:13.317-0300] {processor.py:161} INFO - Started process (PID=11929) to work on /home/beatriz/Documentos/airflow/airflow_venv/lib/python3.10/site-packages/airflow/example_dags/example_bash_operator.py
[2024-12-10T10:12:13.319-0300] {processor.py:830} INFO - Processing file /home/beatriz/Documentos/airflow/airflow_venv/lib/python3.10/site-packages/airflow/example_dags/example_bash_operator.py for tasks to queue
[2024-12-10T10:12:13.320-0300] {logging_mixin.py:188} INFO - [2024-12-10T10:12:13.320-0300] {dagbag.py:540} INFO - Filling up the DagBag from /home/beatriz/Documentos/airflow/airflow_venv/lib/python3.10/site-packages/airflow/example_dags/example_bash_operator.py
[2024-12-10T10:12:13.329-0300] {processor.py:840} INFO - DAG(s) 'example_bash_operator' retrieved from /home/beatriz/Documentos/airflow/airflow_venv/lib/python3.10/site-packages/airflow/example_dags/example_bash_operator.py
[2024-12-10T10:12:13.349-0300] {logging_mixin.py:188} INFO - [2024-12-10T10:12:13.349-0300] {dag.py:3096} INFO - Sync 1 DAGs
[2024-12-10T10:12:13.363-0300] {logging_mixin.py:188} INFO - [2024-12-10T10:12:13.363-0300] {dag.py:3954} INFO - Setting next_dagrun for example_bash_operator to 2024-12-09 00:00:00+00:00, run_after=2024-12-10 00:00:00+00:00
[2024-12-10T10:12:13.380-0300] {processor.py:183} INFO - Processing /home/beatriz/Documentos/airflow/airflow_venv/lib/python3.10/site-packages/airflow/example_dags/example_bash_operator.py took 0.067 seconds
[2024-12-10T10:13:26.960-0300] {processor.py:161} INFO - Started process (PID=12370) to work on /home/beatriz/Documentos/airflow/airflow_venv/lib/python3.10/site-packages/airflow/example_dags/example_bash_operator.py
[2024-12-10T10:13:26.962-0300] {processor.py:830} INFO - Processing file /home/beatriz/Documentos/airflow/airflow_venv/lib/python3.10/site-packages/airflow/example_dags/example_bash_operator.py for tasks to queue
[2024-12-10T10:13:26.963-0300] {logging_mixin.py:188} INFO - [2024-12-10T10:13:26.963-0300] {dagbag.py:540} INFO - Filling up the DagBag from /home/beatriz/Documentos/airflow/airflow_venv/lib/python3.10/site-packages/airflow/example_dags/example_bash_operator.py
[2024-12-10T10:13:26.972-0300] {processor.py:840} INFO - DAG(s) 'example_bash_operator' retrieved from /home/beatriz/Documentos/airflow/airflow_venv/lib/python3.10/site-packages/airflow/example_dags/example_bash_operator.py
[2024-12-10T10:13:26.991-0300] {logging_mixin.py:188} INFO - [2024-12-10T10:13:26.991-0300] {dag.py:3096} INFO - Sync 1 DAGs
[2024-12-10T10:13:27.005-0300] {logging_mixin.py:188} INFO - [2024-12-10T10:13:27.005-0300] {dag.py:3954} INFO - Setting next_dagrun for example_bash_operator to 2024-12-09 00:00:00+00:00, run_after=2024-12-10 00:00:00+00:00
[2024-12-10T10:13:27.021-0300] {processor.py:183} INFO - Processing /home/beatriz/Documentos/airflow/airflow_venv/lib/python3.10/site-packages/airflow/example_dags/example_bash_operator.py took 0.065 seconds
[2024-12-10T10:14:41.613-0300] {processor.py:161} INFO - Started process (PID=13228) to work on /home/beatriz/Documentos/airflow/airflow_venv/lib/python3.10/site-packages/airflow/example_dags/example_bash_operator.py
[2024-12-10T10:14:41.614-0300] {processor.py:830} INFO - Processing file /home/beatriz/Documentos/airflow/airflow_venv/lib/python3.10/site-packages/airflow/example_dags/example_bash_operator.py for tasks to queue
[2024-12-10T10:14:41.617-0300] {logging_mixin.py:188} INFO - [2024-12-10T10:14:41.617-0300] {dagbag.py:540} INFO - Filling up the DagBag from /home/beatriz/Documentos/airflow/airflow_venv/lib/python3.10/site-packages/airflow/example_dags/example_bash_operator.py
[2024-12-10T10:14:41.636-0300] {processor.py:840} INFO - DAG(s) 'example_bash_operator' retrieved from /home/beatriz/Documentos/airflow/airflow_venv/lib/python3.10/site-packages/airflow/example_dags/example_bash_operator.py
[2024-12-10T10:14:41.656-0300] {logging_mixin.py:188} INFO - [2024-12-10T10:14:41.656-0300] {dag.py:3096} INFO - Sync 1 DAGs
[2024-12-10T10:14:41.671-0300] {logging_mixin.py:188} INFO - [2024-12-10T10:14:41.671-0300] {dag.py:3954} INFO - Setting next_dagrun for example_bash_operator to 2024-12-09 00:00:00+00:00, run_after=2024-12-10 00:00:00+00:00
[2024-12-10T10:14:41.688-0300] {processor.py:183} INFO - Processing /home/beatriz/Documentos/airflow/airflow_venv/lib/python3.10/site-packages/airflow/example_dags/example_bash_operator.py took 0.086 seconds
[2024-12-10T10:15:52.508-0300] {processor.py:161} INFO - Started process (PID=13692) to work on /home/beatriz/Documentos/airflow/airflow_venv/lib/python3.10/site-packages/airflow/example_dags/example_bash_operator.py
[2024-12-10T10:15:52.512-0300] {processor.py:830} INFO - Processing file /home/beatriz/Documentos/airflow/airflow_venv/lib/python3.10/site-packages/airflow/example_dags/example_bash_operator.py for tasks to queue
[2024-12-10T10:15:52.515-0300] {logging_mixin.py:188} INFO - [2024-12-10T10:15:52.514-0300] {dagbag.py:540} INFO - Filling up the DagBag from /home/beatriz/Documentos/airflow/airflow_venv/lib/python3.10/site-packages/airflow/example_dags/example_bash_operator.py
[2024-12-10T10:15:52.534-0300] {processor.py:840} INFO - DAG(s) 'example_bash_operator' retrieved from /home/beatriz/Documentos/airflow/airflow_venv/lib/python3.10/site-packages/airflow/example_dags/example_bash_operator.py
[2024-12-10T10:15:52.554-0300] {logging_mixin.py:188} INFO - [2024-12-10T10:15:52.554-0300] {dag.py:3096} INFO - Sync 1 DAGs
[2024-12-10T10:15:52.570-0300] {logging_mixin.py:188} INFO - [2024-12-10T10:15:52.569-0300] {dag.py:3954} INFO - Setting next_dagrun for example_bash_operator to 2024-12-09 00:00:00+00:00, run_after=2024-12-10 00:00:00+00:00
[2024-12-10T10:15:52.588-0300] {processor.py:183} INFO - Processing /home/beatriz/Documentos/airflow/airflow_venv/lib/python3.10/site-packages/airflow/example_dags/example_bash_operator.py took 0.090 seconds
[2024-12-10T10:17:11.857-0300] {processor.py:161} INFO - Started process (PID=14515) to work on /home/beatriz/Documentos/airflow/airflow_venv/lib/python3.10/site-packages/airflow/example_dags/example_bash_operator.py
[2024-12-10T10:17:11.860-0300] {processor.py:830} INFO - Processing file /home/beatriz/Documentos/airflow/airflow_venv/lib/python3.10/site-packages/airflow/example_dags/example_bash_operator.py for tasks to queue
[2024-12-10T10:17:11.861-0300] {logging_mixin.py:188} INFO - [2024-12-10T10:17:11.860-0300] {dagbag.py:540} INFO - Filling up the DagBag from /home/beatriz/Documentos/airflow/airflow_venv/lib/python3.10/site-packages/airflow/example_dags/example_bash_operator.py
[2024-12-10T10:17:11.873-0300] {processor.py:840} INFO - DAG(s) 'example_bash_operator' retrieved from /home/beatriz/Documentos/airflow/airflow_venv/lib/python3.10/site-packages/airflow/example_dags/example_bash_operator.py
[2024-12-10T10:17:11.893-0300] {logging_mixin.py:188} INFO - [2024-12-10T10:17:11.893-0300] {dag.py:3096} INFO - Sync 1 DAGs
[2024-12-10T10:17:11.908-0300] {logging_mixin.py:188} INFO - [2024-12-10T10:17:11.908-0300] {dag.py:3954} INFO - Setting next_dagrun for example_bash_operator to 2024-12-09 00:00:00+00:00, run_after=2024-12-10 00:00:00+00:00
[2024-12-10T10:17:11.924-0300] {processor.py:183} INFO - Processing /home/beatriz/Documentos/airflow/airflow_venv/lib/python3.10/site-packages/airflow/example_dags/example_bash_operator.py took 0.071 seconds
[2024-12-10T10:18:29.398-0300] {processor.py:161} INFO - Started process (PID=15020) to work on /home/beatriz/Documentos/airflow/airflow_venv/lib/python3.10/site-packages/airflow/example_dags/example_bash_operator.py
[2024-12-10T10:18:29.401-0300] {processor.py:830} INFO - Processing file /home/beatriz/Documentos/airflow/airflow_venv/lib/python3.10/site-packages/airflow/example_dags/example_bash_operator.py for tasks to queue
[2024-12-10T10:18:29.405-0300] {logging_mixin.py:188} INFO - [2024-12-10T10:18:29.404-0300] {dagbag.py:540} INFO - Filling up the DagBag from /home/beatriz/Documentos/airflow/airflow_venv/lib/python3.10/site-packages/airflow/example_dags/example_bash_operator.py
[2024-12-10T10:18:29.424-0300] {processor.py:840} INFO - DAG(s) 'example_bash_operator' retrieved from /home/beatriz/Documentos/airflow/airflow_venv/lib/python3.10/site-packages/airflow/example_dags/example_bash_operator.py
[2024-12-10T10:18:29.445-0300] {logging_mixin.py:188} INFO - [2024-12-10T10:18:29.445-0300] {dag.py:3096} INFO - Sync 1 DAGs
[2024-12-10T10:18:29.463-0300] {logging_mixin.py:188} INFO - [2024-12-10T10:18:29.463-0300] {dag.py:3954} INFO - Setting next_dagrun for example_bash_operator to 2024-12-09 00:00:00+00:00, run_after=2024-12-10 00:00:00+00:00
[2024-12-10T10:18:29.484-0300] {processor.py:183} INFO - Processing /home/beatriz/Documentos/airflow/airflow_venv/lib/python3.10/site-packages/airflow/example_dags/example_bash_operator.py took 0.099 seconds
[2024-12-10T11:01:45.803-0300] {processor.py:161} INFO - Started process (PID=19744) to work on /home/beatriz/Documentos/airflow/airflow_venv/lib/python3.10/site-packages/airflow/example_dags/example_bash_operator.py
[2024-12-10T11:01:45.805-0300] {processor.py:830} INFO - Processing file /home/beatriz/Documentos/airflow/airflow_venv/lib/python3.10/site-packages/airflow/example_dags/example_bash_operator.py for tasks to queue
[2024-12-10T11:01:45.807-0300] {logging_mixin.py:188} INFO - [2024-12-10T11:01:45.807-0300] {dagbag.py:540} INFO - Filling up the DagBag from /home/beatriz/Documentos/airflow/airflow_venv/lib/python3.10/site-packages/airflow/example_dags/example_bash_operator.py
[2024-12-10T11:01:45.820-0300] {processor.py:840} INFO - DAG(s) 'example_bash_operator' retrieved from /home/beatriz/Documentos/airflow/airflow_venv/lib/python3.10/site-packages/airflow/example_dags/example_bash_operator.py
[2024-12-10T11:01:45.906-0300] {logging_mixin.py:188} INFO - [2024-12-10T11:01:45.906-0300] {dag.py:3096} INFO - Sync 1 DAGs
[2024-12-10T11:01:45.923-0300] {logging_mixin.py:188} INFO - [2024-12-10T11:01:45.922-0300] {dag.py:3954} INFO - Setting next_dagrun for example_bash_operator to 2024-12-09 00:00:00+00:00, run_after=2024-12-10 00:00:00+00:00
[2024-12-10T11:01:45.943-0300] {processor.py:183} INFO - Processing /home/beatriz/Documentos/airflow/airflow_venv/lib/python3.10/site-packages/airflow/example_dags/example_bash_operator.py took 0.150 seconds
[2024-12-10T11:02:43.568-0300] {processor.py:161} INFO - Started process (PID=20181) to work on /home/beatriz/Documentos/airflow/airflow_venv/lib/python3.10/site-packages/airflow/example_dags/example_bash_operator.py
[2024-12-10T11:02:43.569-0300] {processor.py:830} INFO - Processing file /home/beatriz/Documentos/airflow/airflow_venv/lib/python3.10/site-packages/airflow/example_dags/example_bash_operator.py for tasks to queue
[2024-12-10T11:02:43.570-0300] {logging_mixin.py:188} INFO - [2024-12-10T11:02:43.570-0300] {dagbag.py:540} INFO - Filling up the DagBag from /home/beatriz/Documentos/airflow/airflow_venv/lib/python3.10/site-packages/airflow/example_dags/example_bash_operator.py
[2024-12-10T11:02:43.579-0300] {processor.py:840} INFO - DAG(s) 'example_bash_operator' retrieved from /home/beatriz/Documentos/airflow/airflow_venv/lib/python3.10/site-packages/airflow/example_dags/example_bash_operator.py
[2024-12-10T11:02:43.597-0300] {logging_mixin.py:188} INFO - [2024-12-10T11:02:43.597-0300] {dag.py:3096} INFO - Sync 1 DAGs
[2024-12-10T11:02:43.612-0300] {logging_mixin.py:188} INFO - [2024-12-10T11:02:43.611-0300] {dag.py:3954} INFO - Setting next_dagrun for example_bash_operator to 2024-12-09 00:00:00+00:00, run_after=2024-12-10 00:00:00+00:00
[2024-12-10T11:02:43.628-0300] {processor.py:183} INFO - Processing /home/beatriz/Documentos/airflow/airflow_venv/lib/python3.10/site-packages/airflow/example_dags/example_bash_operator.py took 0.064 seconds
[2024-12-10T11:37:38.005-0300] {processor.py:161} INFO - Started process (PID=24857) to work on /home/beatriz/Documentos/airflow/airflow_venv/lib/python3.10/site-packages/airflow/example_dags/example_bash_operator.py
[2024-12-10T11:37:38.005-0300] {processor.py:830} INFO - Processing file /home/beatriz/Documentos/airflow/airflow_venv/lib/python3.10/site-packages/airflow/example_dags/example_bash_operator.py for tasks to queue
[2024-12-10T11:37:38.007-0300] {logging_mixin.py:188} INFO - [2024-12-10T11:37:38.006-0300] {dagbag.py:540} INFO - Filling up the DagBag from /home/beatriz/Documentos/airflow/airflow_venv/lib/python3.10/site-packages/airflow/example_dags/example_bash_operator.py
[2024-12-10T11:37:38.017-0300] {processor.py:840} INFO - DAG(s) 'example_bash_operator' retrieved from /home/beatriz/Documentos/airflow/airflow_venv/lib/python3.10/site-packages/airflow/example_dags/example_bash_operator.py
[2024-12-10T11:37:38.097-0300] {logging_mixin.py:188} INFO - [2024-12-10T11:37:38.097-0300] {dag.py:3096} INFO - Sync 1 DAGs
[2024-12-10T11:37:38.110-0300] {logging_mixin.py:188} INFO - [2024-12-10T11:37:38.110-0300] {dag.py:3954} INFO - Setting next_dagrun for example_bash_operator to 2024-12-09 00:00:00+00:00, run_after=2024-12-10 00:00:00+00:00
[2024-12-10T11:37:38.128-0300] {processor.py:183} INFO - Processing /home/beatriz/Documentos/airflow/airflow_venv/lib/python3.10/site-packages/airflow/example_dags/example_bash_operator.py took 0.127 seconds
[2024-12-10T11:38:37.283-0300] {processor.py:161} INFO - Started process (PID=25229) to work on /home/beatriz/Documentos/airflow/airflow_venv/lib/python3.10/site-packages/airflow/example_dags/example_bash_operator.py
[2024-12-10T11:38:37.284-0300] {processor.py:830} INFO - Processing file /home/beatriz/Documentos/airflow/airflow_venv/lib/python3.10/site-packages/airflow/example_dags/example_bash_operator.py for tasks to queue
[2024-12-10T11:38:37.285-0300] {logging_mixin.py:188} INFO - [2024-12-10T11:38:37.284-0300] {dagbag.py:540} INFO - Filling up the DagBag from /home/beatriz/Documentos/airflow/airflow_venv/lib/python3.10/site-packages/airflow/example_dags/example_bash_operator.py
[2024-12-10T11:38:37.294-0300] {processor.py:840} INFO - DAG(s) 'example_bash_operator' retrieved from /home/beatriz/Documentos/airflow/airflow_venv/lib/python3.10/site-packages/airflow/example_dags/example_bash_operator.py
[2024-12-10T11:38:37.317-0300] {logging_mixin.py:188} INFO - [2024-12-10T11:38:37.316-0300] {dag.py:3096} INFO - Sync 1 DAGs
[2024-12-10T11:38:37.334-0300] {logging_mixin.py:188} INFO - [2024-12-10T11:38:37.334-0300] {dag.py:3954} INFO - Setting next_dagrun for example_bash_operator to 2024-12-09 00:00:00+00:00, run_after=2024-12-10 00:00:00+00:00
[2024-12-10T11:38:37.362-0300] {processor.py:183} INFO - Processing /home/beatriz/Documentos/airflow/airflow_venv/lib/python3.10/site-packages/airflow/example_dags/example_bash_operator.py took 0.084 seconds
[2024-12-10T11:39:59.389-0300] {processor.py:161} INFO - Started process (PID=25930) to work on /home/beatriz/Documentos/airflow/airflow_venv/lib/python3.10/site-packages/airflow/example_dags/example_bash_operator.py
[2024-12-10T11:39:59.389-0300] {processor.py:830} INFO - Processing file /home/beatriz/Documentos/airflow/airflow_venv/lib/python3.10/site-packages/airflow/example_dags/example_bash_operator.py for tasks to queue
[2024-12-10T11:39:59.391-0300] {logging_mixin.py:188} INFO - [2024-12-10T11:39:59.390-0300] {dagbag.py:540} INFO - Filling up the DagBag from /home/beatriz/Documentos/airflow/airflow_venv/lib/python3.10/site-packages/airflow/example_dags/example_bash_operator.py
[2024-12-10T11:39:59.400-0300] {processor.py:840} INFO - DAG(s) 'example_bash_operator' retrieved from /home/beatriz/Documentos/airflow/airflow_venv/lib/python3.10/site-packages/airflow/example_dags/example_bash_operator.py
[2024-12-10T11:39:59.419-0300] {logging_mixin.py:188} INFO - [2024-12-10T11:39:59.419-0300] {dag.py:3096} INFO - Sync 1 DAGs
[2024-12-10T11:39:59.434-0300] {logging_mixin.py:188} INFO - [2024-12-10T11:39:59.434-0300] {dag.py:3954} INFO - Setting next_dagrun for example_bash_operator to 2024-12-09 00:00:00+00:00, run_after=2024-12-10 00:00:00+00:00
[2024-12-10T11:39:59.451-0300] {processor.py:183} INFO - Processing /home/beatriz/Documentos/airflow/airflow_venv/lib/python3.10/site-packages/airflow/example_dags/example_bash_operator.py took 0.067 seconds
[2024-12-10T11:41:23.669-0300] {processor.py:161} INFO - Started process (PID=26384) to work on /home/beatriz/Documentos/airflow/airflow_venv/lib/python3.10/site-packages/airflow/example_dags/example_bash_operator.py
[2024-12-10T11:41:23.671-0300] {processor.py:830} INFO - Processing file /home/beatriz/Documentos/airflow/airflow_venv/lib/python3.10/site-packages/airflow/example_dags/example_bash_operator.py for tasks to queue
[2024-12-10T11:41:23.674-0300] {logging_mixin.py:188} INFO - [2024-12-10T11:41:23.673-0300] {dagbag.py:540} INFO - Filling up the DagBag from /home/beatriz/Documentos/airflow/airflow_venv/lib/python3.10/site-packages/airflow/example_dags/example_bash_operator.py
[2024-12-10T11:41:23.693-0300] {processor.py:840} INFO - DAG(s) 'example_bash_operator' retrieved from /home/beatriz/Documentos/airflow/airflow_venv/lib/python3.10/site-packages/airflow/example_dags/example_bash_operator.py
[2024-12-10T11:41:23.715-0300] {logging_mixin.py:188} INFO - [2024-12-10T11:41:23.714-0300] {dag.py:3096} INFO - Sync 1 DAGs
[2024-12-10T11:41:23.729-0300] {logging_mixin.py:188} INFO - [2024-12-10T11:41:23.729-0300] {dag.py:3954} INFO - Setting next_dagrun for example_bash_operator to 2024-12-09 00:00:00+00:00, run_after=2024-12-10 00:00:00+00:00
[2024-12-10T11:41:23.747-0300] {processor.py:183} INFO - Processing /home/beatriz/Documentos/airflow/airflow_venv/lib/python3.10/site-packages/airflow/example_dags/example_bash_operator.py took 0.091 seconds
[2024-12-10T11:42:20.968-0300] {processor.py:161} INFO - Started process (PID=26794) to work on /home/beatriz/Documentos/airflow/airflow_venv/lib/python3.10/site-packages/airflow/example_dags/example_bash_operator.py
[2024-12-10T11:42:20.969-0300] {processor.py:830} INFO - Processing file /home/beatriz/Documentos/airflow/airflow_venv/lib/python3.10/site-packages/airflow/example_dags/example_bash_operator.py for tasks to queue
[2024-12-10T11:42:20.970-0300] {logging_mixin.py:188} INFO - [2024-12-10T11:42:20.970-0300] {dagbag.py:540} INFO - Filling up the DagBag from /home/beatriz/Documentos/airflow/airflow_venv/lib/python3.10/site-packages/airflow/example_dags/example_bash_operator.py
[2024-12-10T11:42:20.980-0300] {processor.py:840} INFO - DAG(s) 'example_bash_operator' retrieved from /home/beatriz/Documentos/airflow/airflow_venv/lib/python3.10/site-packages/airflow/example_dags/example_bash_operator.py
[2024-12-10T11:42:21.000-0300] {logging_mixin.py:188} INFO - [2024-12-10T11:42:21.000-0300] {dag.py:3096} INFO - Sync 1 DAGs
[2024-12-10T11:42:21.015-0300] {logging_mixin.py:188} INFO - [2024-12-10T11:42:21.015-0300] {dag.py:3954} INFO - Setting next_dagrun for example_bash_operator to 2024-12-09 00:00:00+00:00, run_after=2024-12-10 00:00:00+00:00
[2024-12-10T11:42:21.033-0300] {processor.py:183} INFO - Processing /home/beatriz/Documentos/airflow/airflow_venv/lib/python3.10/site-packages/airflow/example_dags/example_bash_operator.py took 0.070 seconds
[2024-12-10T11:43:41.755-0300] {processor.py:161} INFO - Started process (PID=27605) to work on /home/beatriz/Documentos/airflow/airflow_venv/lib/python3.10/site-packages/airflow/example_dags/example_bash_operator.py
[2024-12-10T11:43:41.757-0300] {processor.py:830} INFO - Processing file /home/beatriz/Documentos/airflow/airflow_venv/lib/python3.10/site-packages/airflow/example_dags/example_bash_operator.py for tasks to queue
[2024-12-10T11:43:41.760-0300] {logging_mixin.py:188} INFO - [2024-12-10T11:43:41.759-0300] {dagbag.py:540} INFO - Filling up the DagBag from /home/beatriz/Documentos/airflow/airflow_venv/lib/python3.10/site-packages/airflow/example_dags/example_bash_operator.py
[2024-12-10T11:43:41.777-0300] {processor.py:840} INFO - DAG(s) 'example_bash_operator' retrieved from /home/beatriz/Documentos/airflow/airflow_venv/lib/python3.10/site-packages/airflow/example_dags/example_bash_operator.py
[2024-12-10T11:43:41.797-0300] {logging_mixin.py:188} INFO - [2024-12-10T11:43:41.797-0300] {dag.py:3096} INFO - Sync 1 DAGs
[2024-12-10T11:43:41.813-0300] {logging_mixin.py:188} INFO - [2024-12-10T11:43:41.813-0300] {dag.py:3954} INFO - Setting next_dagrun for example_bash_operator to 2024-12-09 00:00:00+00:00, run_after=2024-12-10 00:00:00+00:00
[2024-12-10T11:43:41.835-0300] {processor.py:183} INFO - Processing /home/beatriz/Documentos/airflow/airflow_venv/lib/python3.10/site-packages/airflow/example_dags/example_bash_operator.py took 0.093 seconds
[2024-12-10T11:45:09.490-0300] {processor.py:161} INFO - Started process (PID=28475) to work on /home/beatriz/Documentos/airflow/airflow_venv/lib/python3.10/site-packages/airflow/example_dags/example_bash_operator.py
[2024-12-10T11:45:09.491-0300] {processor.py:830} INFO - Processing file /home/beatriz/Documentos/airflow/airflow_venv/lib/python3.10/site-packages/airflow/example_dags/example_bash_operator.py for tasks to queue
[2024-12-10T11:45:09.492-0300] {logging_mixin.py:188} INFO - [2024-12-10T11:45:09.492-0300] {dagbag.py:540} INFO - Filling up the DagBag from /home/beatriz/Documentos/airflow/airflow_venv/lib/python3.10/site-packages/airflow/example_dags/example_bash_operator.py
[2024-12-10T11:45:09.502-0300] {processor.py:840} INFO - DAG(s) 'example_bash_operator' retrieved from /home/beatriz/Documentos/airflow/airflow_venv/lib/python3.10/site-packages/airflow/example_dags/example_bash_operator.py
[2024-12-10T11:45:09.520-0300] {logging_mixin.py:188} INFO - [2024-12-10T11:45:09.520-0300] {dag.py:3096} INFO - Sync 1 DAGs
[2024-12-10T11:45:09.535-0300] {logging_mixin.py:188} INFO - [2024-12-10T11:45:09.535-0300] {dag.py:3954} INFO - Setting next_dagrun for example_bash_operator to 2024-12-09 00:00:00+00:00, run_after=2024-12-10 00:00:00+00:00
[2024-12-10T11:45:09.552-0300] {processor.py:183} INFO - Processing /home/beatriz/Documentos/airflow/airflow_venv/lib/python3.10/site-packages/airflow/example_dags/example_bash_operator.py took 0.068 seconds
[2024-12-10T11:46:34.256-0300] {processor.py:161} INFO - Started process (PID=29351) to work on /home/beatriz/Documentos/airflow/airflow_venv/lib/python3.10/site-packages/airflow/example_dags/example_bash_operator.py
[2024-12-10T11:46:34.258-0300] {processor.py:830} INFO - Processing file /home/beatriz/Documentos/airflow/airflow_venv/lib/python3.10/site-packages/airflow/example_dags/example_bash_operator.py for tasks to queue
[2024-12-10T11:46:34.260-0300] {logging_mixin.py:188} INFO - [2024-12-10T11:46:34.260-0300] {dagbag.py:540} INFO - Filling up the DagBag from /home/beatriz/Documentos/airflow/airflow_venv/lib/python3.10/site-packages/airflow/example_dags/example_bash_operator.py
[2024-12-10T11:46:34.275-0300] {processor.py:840} INFO - DAG(s) 'example_bash_operator' retrieved from /home/beatriz/Documentos/airflow/airflow_venv/lib/python3.10/site-packages/airflow/example_dags/example_bash_operator.py
[2024-12-10T11:46:34.296-0300] {logging_mixin.py:188} INFO - [2024-12-10T11:46:34.296-0300] {dag.py:3096} INFO - Sync 1 DAGs
[2024-12-10T11:46:34.313-0300] {logging_mixin.py:188} INFO - [2024-12-10T11:46:34.313-0300] {dag.py:3954} INFO - Setting next_dagrun for example_bash_operator to 2024-12-09 00:00:00+00:00, run_after=2024-12-10 00:00:00+00:00
[2024-12-10T11:46:34.333-0300] {processor.py:183} INFO - Processing /home/beatriz/Documentos/airflow/airflow_venv/lib/python3.10/site-packages/airflow/example_dags/example_bash_operator.py took 0.091 seconds
[2024-12-10T11:49:24.204-0300] {processor.py:161} INFO - Started process (PID=30948) to work on /home/beatriz/Documentos/airflow/airflow_venv/lib/python3.10/site-packages/airflow/example_dags/example_bash_operator.py
[2024-12-10T11:49:24.205-0300] {processor.py:830} INFO - Processing file /home/beatriz/Documentos/airflow/airflow_venv/lib/python3.10/site-packages/airflow/example_dags/example_bash_operator.py for tasks to queue
[2024-12-10T11:49:24.206-0300] {logging_mixin.py:188} INFO - [2024-12-10T11:49:24.206-0300] {dagbag.py:540} INFO - Filling up the DagBag from /home/beatriz/Documentos/airflow/airflow_venv/lib/python3.10/site-packages/airflow/example_dags/example_bash_operator.py
[2024-12-10T11:49:24.216-0300] {processor.py:840} INFO - DAG(s) 'example_bash_operator' retrieved from /home/beatriz/Documentos/airflow/airflow_venv/lib/python3.10/site-packages/airflow/example_dags/example_bash_operator.py
[2024-12-10T11:49:24.235-0300] {logging_mixin.py:188} INFO - [2024-12-10T11:49:24.235-0300] {dag.py:3096} INFO - Sync 1 DAGs
[2024-12-10T11:49:24.249-0300] {logging_mixin.py:188} INFO - [2024-12-10T11:49:24.249-0300] {dag.py:3954} INFO - Setting next_dagrun for example_bash_operator to 2024-12-09 00:00:00+00:00, run_after=2024-12-10 00:00:00+00:00
[2024-12-10T11:49:24.266-0300] {processor.py:183} INFO - Processing /home/beatriz/Documentos/airflow/airflow_venv/lib/python3.10/site-packages/airflow/example_dags/example_bash_operator.py took 0.066 seconds
[2024-12-10T11:50:24.218-0300] {processor.py:161} INFO - Started process (PID=31367) to work on /home/beatriz/Documentos/airflow/airflow_venv/lib/python3.10/site-packages/airflow/example_dags/example_bash_operator.py
[2024-12-10T11:50:24.218-0300] {processor.py:830} INFO - Processing file /home/beatriz/Documentos/airflow/airflow_venv/lib/python3.10/site-packages/airflow/example_dags/example_bash_operator.py for tasks to queue
[2024-12-10T11:50:24.219-0300] {logging_mixin.py:188} INFO - [2024-12-10T11:50:24.219-0300] {dagbag.py:540} INFO - Filling up the DagBag from /home/beatriz/Documentos/airflow/airflow_venv/lib/python3.10/site-packages/airflow/example_dags/example_bash_operator.py
[2024-12-10T11:50:24.230-0300] {processor.py:840} INFO - DAG(s) 'example_bash_operator' retrieved from /home/beatriz/Documentos/airflow/airflow_venv/lib/python3.10/site-packages/airflow/example_dags/example_bash_operator.py
[2024-12-10T11:50:24.250-0300] {logging_mixin.py:188} INFO - [2024-12-10T11:50:24.250-0300] {dag.py:3096} INFO - Sync 1 DAGs
[2024-12-10T11:50:24.263-0300] {logging_mixin.py:188} INFO - [2024-12-10T11:50:24.263-0300] {dag.py:3954} INFO - Setting next_dagrun for example_bash_operator to 2024-12-09 00:00:00+00:00, run_after=2024-12-10 00:00:00+00:00
[2024-12-10T11:50:24.280-0300] {processor.py:183} INFO - Processing /home/beatriz/Documentos/airflow/airflow_venv/lib/python3.10/site-packages/airflow/example_dags/example_bash_operator.py took 0.068 seconds
[2024-12-10T11:51:23.476-0300] {processor.py:161} INFO - Started process (PID=31771) to work on /home/beatriz/Documentos/airflow/airflow_venv/lib/python3.10/site-packages/airflow/example_dags/example_bash_operator.py
[2024-12-10T11:51:23.476-0300] {processor.py:830} INFO - Processing file /home/beatriz/Documentos/airflow/airflow_venv/lib/python3.10/site-packages/airflow/example_dags/example_bash_operator.py for tasks to queue
[2024-12-10T11:51:23.477-0300] {logging_mixin.py:188} INFO - [2024-12-10T11:51:23.477-0300] {dagbag.py:540} INFO - Filling up the DagBag from /home/beatriz/Documentos/airflow/airflow_venv/lib/python3.10/site-packages/airflow/example_dags/example_bash_operator.py
[2024-12-10T11:51:23.485-0300] {processor.py:840} INFO - DAG(s) 'example_bash_operator' retrieved from /home/beatriz/Documentos/airflow/airflow_venv/lib/python3.10/site-packages/airflow/example_dags/example_bash_operator.py
[2024-12-10T11:51:23.504-0300] {logging_mixin.py:188} INFO - [2024-12-10T11:51:23.504-0300] {dag.py:3096} INFO - Sync 1 DAGs
[2024-12-10T11:51:23.517-0300] {logging_mixin.py:188} INFO - [2024-12-10T11:51:23.517-0300] {dag.py:3954} INFO - Setting next_dagrun for example_bash_operator to 2024-12-09 00:00:00+00:00, run_after=2024-12-10 00:00:00+00:00
[2024-12-10T11:51:23.535-0300] {processor.py:183} INFO - Processing /home/beatriz/Documentos/airflow/airflow_venv/lib/python3.10/site-packages/airflow/example_dags/example_bash_operator.py took 0.063 seconds
[2024-12-10T11:52:45.072-0300] {processor.py:161} INFO - Started process (PID=32613) to work on /home/beatriz/Documentos/airflow/airflow_venv/lib/python3.10/site-packages/airflow/example_dags/example_bash_operator.py
[2024-12-10T11:52:45.072-0300] {processor.py:830} INFO - Processing file /home/beatriz/Documentos/airflow/airflow_venv/lib/python3.10/site-packages/airflow/example_dags/example_bash_operator.py for tasks to queue
[2024-12-10T11:52:45.073-0300] {logging_mixin.py:188} INFO - [2024-12-10T11:52:45.073-0300] {dagbag.py:540} INFO - Filling up the DagBag from /home/beatriz/Documentos/airflow/airflow_venv/lib/python3.10/site-packages/airflow/example_dags/example_bash_operator.py
[2024-12-10T11:52:45.083-0300] {processor.py:840} INFO - DAG(s) 'example_bash_operator' retrieved from /home/beatriz/Documentos/airflow/airflow_venv/lib/python3.10/site-packages/airflow/example_dags/example_bash_operator.py
[2024-12-10T11:52:45.102-0300] {logging_mixin.py:188} INFO - [2024-12-10T11:52:45.102-0300] {dag.py:3096} INFO - Sync 1 DAGs
[2024-12-10T11:52:45.117-0300] {logging_mixin.py:188} INFO - [2024-12-10T11:52:45.117-0300] {dag.py:3954} INFO - Setting next_dagrun for example_bash_operator to 2024-12-09 00:00:00+00:00, run_after=2024-12-10 00:00:00+00:00
[2024-12-10T11:52:45.135-0300] {processor.py:183} INFO - Processing /home/beatriz/Documentos/airflow/airflow_venv/lib/python3.10/site-packages/airflow/example_dags/example_bash_operator.py took 0.068 seconds
[2024-12-10T11:56:01.096-0300] {processor.py:161} INFO - Started process (PID=34612) to work on /home/beatriz/Documentos/airflow/airflow_venv/lib/python3.10/site-packages/airflow/example_dags/example_bash_operator.py
[2024-12-10T11:56:01.097-0300] {processor.py:830} INFO - Processing file /home/beatriz/Documentos/airflow/airflow_venv/lib/python3.10/site-packages/airflow/example_dags/example_bash_operator.py for tasks to queue
[2024-12-10T11:56:01.098-0300] {logging_mixin.py:188} INFO - [2024-12-10T11:56:01.097-0300] {dagbag.py:540} INFO - Filling up the DagBag from /home/beatriz/Documentos/airflow/airflow_venv/lib/python3.10/site-packages/airflow/example_dags/example_bash_operator.py
[2024-12-10T11:56:01.106-0300] {processor.py:840} INFO - DAG(s) 'example_bash_operator' retrieved from /home/beatriz/Documentos/airflow/airflow_venv/lib/python3.10/site-packages/airflow/example_dags/example_bash_operator.py
[2024-12-10T11:56:01.125-0300] {logging_mixin.py:188} INFO - [2024-12-10T11:56:01.125-0300] {dag.py:3096} INFO - Sync 1 DAGs
[2024-12-10T11:56:01.139-0300] {logging_mixin.py:188} INFO - [2024-12-10T11:56:01.139-0300] {dag.py:3954} INFO - Setting next_dagrun for example_bash_operator to 2024-12-09 00:00:00+00:00, run_after=2024-12-10 00:00:00+00:00
[2024-12-10T11:56:01.155-0300] {processor.py:183} INFO - Processing /home/beatriz/Documentos/airflow/airflow_venv/lib/python3.10/site-packages/airflow/example_dags/example_bash_operator.py took 0.063 seconds
[2024-12-10T11:56:58.305-0300] {processor.py:161} INFO - Started process (PID=35143) to work on /home/beatriz/Documentos/airflow/airflow_venv/lib/python3.10/site-packages/airflow/example_dags/example_bash_operator.py
[2024-12-10T11:56:58.306-0300] {processor.py:830} INFO - Processing file /home/beatriz/Documentos/airflow/airflow_venv/lib/python3.10/site-packages/airflow/example_dags/example_bash_operator.py for tasks to queue
[2024-12-10T11:56:58.306-0300] {logging_mixin.py:188} INFO - [2024-12-10T11:56:58.306-0300] {dagbag.py:540} INFO - Filling up the DagBag from /home/beatriz/Documentos/airflow/airflow_venv/lib/python3.10/site-packages/airflow/example_dags/example_bash_operator.py
[2024-12-10T11:56:58.315-0300] {processor.py:840} INFO - DAG(s) 'example_bash_operator' retrieved from /home/beatriz/Documentos/airflow/airflow_venv/lib/python3.10/site-packages/airflow/example_dags/example_bash_operator.py
[2024-12-10T11:56:58.334-0300] {logging_mixin.py:188} INFO - [2024-12-10T11:56:58.333-0300] {dag.py:3096} INFO - Sync 1 DAGs
[2024-12-10T11:56:58.347-0300] {logging_mixin.py:188} INFO - [2024-12-10T11:56:58.347-0300] {dag.py:3954} INFO - Setting next_dagrun for example_bash_operator to 2024-12-09 00:00:00+00:00, run_after=2024-12-10 00:00:00+00:00
[2024-12-10T11:56:58.364-0300] {processor.py:183} INFO - Processing /home/beatriz/Documentos/airflow/airflow_venv/lib/python3.10/site-packages/airflow/example_dags/example_bash_operator.py took 0.064 seconds
[2024-12-10T11:58:26.803-0300] {processor.py:161} INFO - Started process (PID=35875) to work on /home/beatriz/Documentos/airflow/airflow_venv/lib/python3.10/site-packages/airflow/example_dags/example_bash_operator.py
[2024-12-10T11:58:26.805-0300] {processor.py:830} INFO - Processing file /home/beatriz/Documentos/airflow/airflow_venv/lib/python3.10/site-packages/airflow/example_dags/example_bash_operator.py for tasks to queue
[2024-12-10T11:58:26.806-0300] {logging_mixin.py:188} INFO - [2024-12-10T11:58:26.805-0300] {dagbag.py:540} INFO - Filling up the DagBag from /home/beatriz/Documentos/airflow/airflow_venv/lib/python3.10/site-packages/airflow/example_dags/example_bash_operator.py
[2024-12-10T11:58:26.821-0300] {processor.py:840} INFO - DAG(s) 'example_bash_operator' retrieved from /home/beatriz/Documentos/airflow/airflow_venv/lib/python3.10/site-packages/airflow/example_dags/example_bash_operator.py
[2024-12-10T11:58:26.843-0300] {logging_mixin.py:188} INFO - [2024-12-10T11:58:26.843-0300] {dag.py:3096} INFO - Sync 1 DAGs
[2024-12-10T11:58:26.859-0300] {logging_mixin.py:188} INFO - [2024-12-10T11:58:26.858-0300] {dag.py:3954} INFO - Setting next_dagrun for example_bash_operator to 2024-12-09 00:00:00+00:00, run_after=2024-12-10 00:00:00+00:00
[2024-12-10T11:58:26.879-0300] {processor.py:183} INFO - Processing /home/beatriz/Documentos/airflow/airflow_venv/lib/python3.10/site-packages/airflow/example_dags/example_bash_operator.py took 0.091 seconds
[2024-12-10T12:01:05.983-0300] {processor.py:161} INFO - Started process (PID=36769) to work on /home/beatriz/Documentos/airflow/airflow_venv/lib/python3.10/site-packages/airflow/example_dags/example_bash_operator.py
[2024-12-10T12:01:05.984-0300] {processor.py:830} INFO - Processing file /home/beatriz/Documentos/airflow/airflow_venv/lib/python3.10/site-packages/airflow/example_dags/example_bash_operator.py for tasks to queue
[2024-12-10T12:01:05.986-0300] {logging_mixin.py:188} INFO - [2024-12-10T12:01:05.985-0300] {dagbag.py:540} INFO - Filling up the DagBag from /home/beatriz/Documentos/airflow/airflow_venv/lib/python3.10/site-packages/airflow/example_dags/example_bash_operator.py
[2024-12-10T12:01:06.004-0300] {processor.py:840} INFO - DAG(s) 'example_bash_operator' retrieved from /home/beatriz/Documentos/airflow/airflow_venv/lib/python3.10/site-packages/airflow/example_dags/example_bash_operator.py
[2024-12-10T12:01:06.025-0300] {logging_mixin.py:188} INFO - [2024-12-10T12:01:06.025-0300] {dag.py:3096} INFO - Sync 1 DAGs
[2024-12-10T12:01:06.039-0300] {logging_mixin.py:188} INFO - [2024-12-10T12:01:06.038-0300] {dag.py:3954} INFO - Setting next_dagrun for example_bash_operator to 2024-12-09 00:00:00+00:00, run_after=2024-12-10 00:00:00+00:00
[2024-12-10T12:01:06.059-0300] {processor.py:183} INFO - Processing /home/beatriz/Documentos/airflow/airflow_venv/lib/python3.10/site-packages/airflow/example_dags/example_bash_operator.py took 0.087 seconds
[2024-12-10T13:34:56.674-0300] {processor.py:161} INFO - Started process (PID=40497) to work on /home/beatriz/Documentos/airflow/airflow_venv/lib/python3.10/site-packages/airflow/example_dags/example_bash_operator.py
[2024-12-10T13:34:56.676-0300] {processor.py:830} INFO - Processing file /home/beatriz/Documentos/airflow/airflow_venv/lib/python3.10/site-packages/airflow/example_dags/example_bash_operator.py for tasks to queue
[2024-12-10T13:34:56.678-0300] {logging_mixin.py:188} INFO - [2024-12-10T13:34:56.677-0300] {dagbag.py:540} INFO - Filling up the DagBag from /home/beatriz/Documentos/airflow/airflow_venv/lib/python3.10/site-packages/airflow/example_dags/example_bash_operator.py
[2024-12-10T13:34:56.693-0300] {processor.py:840} INFO - DAG(s) 'example_bash_operator' retrieved from /home/beatriz/Documentos/airflow/airflow_venv/lib/python3.10/site-packages/airflow/example_dags/example_bash_operator.py
[2024-12-10T13:34:56.817-0300] {logging_mixin.py:188} INFO - [2024-12-10T13:34:56.817-0300] {dag.py:3096} INFO - Sync 1 DAGs
[2024-12-10T13:34:56.839-0300] {logging_mixin.py:188} INFO - [2024-12-10T13:34:56.839-0300] {dag.py:3954} INFO - Setting next_dagrun for example_bash_operator to 2024-12-09 00:00:00+00:00, run_after=2024-12-10 00:00:00+00:00
[2024-12-10T13:34:57.017-0300] {processor.py:183} INFO - Processing /home/beatriz/Documentos/airflow/airflow_venv/lib/python3.10/site-packages/airflow/example_dags/example_bash_operator.py took 0.347 seconds
[2024-12-10T13:36:27.027-0300] {processor.py:161} INFO - Started process (PID=41735) to work on /home/beatriz/Documentos/airflow/airflow_venv/lib/python3.10/site-packages/airflow/example_dags/example_bash_operator.py
[2024-12-10T13:36:27.028-0300] {processor.py:830} INFO - Processing file /home/beatriz/Documentos/airflow/airflow_venv/lib/python3.10/site-packages/airflow/example_dags/example_bash_operator.py for tasks to queue
[2024-12-10T13:36:27.029-0300] {logging_mixin.py:188} INFO - [2024-12-10T13:36:27.029-0300] {dagbag.py:540} INFO - Filling up the DagBag from /home/beatriz/Documentos/airflow/airflow_venv/lib/python3.10/site-packages/airflow/example_dags/example_bash_operator.py
[2024-12-10T13:36:27.039-0300] {processor.py:840} INFO - DAG(s) 'example_bash_operator' retrieved from /home/beatriz/Documentos/airflow/airflow_venv/lib/python3.10/site-packages/airflow/example_dags/example_bash_operator.py
[2024-12-10T13:36:27.059-0300] {logging_mixin.py:188} INFO - [2024-12-10T13:36:27.059-0300] {dag.py:3096} INFO - Sync 1 DAGs
[2024-12-10T13:36:27.075-0300] {logging_mixin.py:188} INFO - [2024-12-10T13:36:27.075-0300] {dag.py:3954} INFO - Setting next_dagrun for example_bash_operator to 2024-12-09 00:00:00+00:00, run_after=2024-12-10 00:00:00+00:00
[2024-12-10T13:36:27.093-0300] {processor.py:183} INFO - Processing /home/beatriz/Documentos/airflow/airflow_venv/lib/python3.10/site-packages/airflow/example_dags/example_bash_operator.py took 0.072 seconds
[2024-12-10T13:37:31.717-0300] {processor.py:161} INFO - Started process (PID=42394) to work on /home/beatriz/Documentos/airflow/airflow_venv/lib/python3.10/site-packages/airflow/example_dags/example_bash_operator.py
[2024-12-10T13:37:31.718-0300] {processor.py:830} INFO - Processing file /home/beatriz/Documentos/airflow/airflow_venv/lib/python3.10/site-packages/airflow/example_dags/example_bash_operator.py for tasks to queue
[2024-12-10T13:37:31.720-0300] {logging_mixin.py:188} INFO - [2024-12-10T13:37:31.719-0300] {dagbag.py:540} INFO - Filling up the DagBag from /home/beatriz/Documentos/airflow/airflow_venv/lib/python3.10/site-packages/airflow/example_dags/example_bash_operator.py
[2024-12-10T13:37:31.733-0300] {processor.py:840} INFO - DAG(s) 'example_bash_operator' retrieved from /home/beatriz/Documentos/airflow/airflow_venv/lib/python3.10/site-packages/airflow/example_dags/example_bash_operator.py
[2024-12-10T13:37:31.756-0300] {logging_mixin.py:188} INFO - [2024-12-10T13:37:31.755-0300] {dag.py:3096} INFO - Sync 1 DAGs
[2024-12-10T13:37:31.844-0300] {logging_mixin.py:188} INFO - [2024-12-10T13:37:31.843-0300] {dag.py:3954} INFO - Setting next_dagrun for example_bash_operator to 2024-12-09 00:00:00+00:00, run_after=2024-12-10 00:00:00+00:00
[2024-12-10T13:37:31.862-0300] {processor.py:183} INFO - Processing /home/beatriz/Documentos/airflow/airflow_venv/lib/python3.10/site-packages/airflow/example_dags/example_bash_operator.py took 0.149 seconds
[2024-12-10T13:38:39.040-0300] {processor.py:161} INFO - Started process (PID=43064) to work on /home/beatriz/Documentos/airflow/airflow_venv/lib/python3.10/site-packages/airflow/example_dags/example_bash_operator.py
[2024-12-10T13:38:39.041-0300] {processor.py:830} INFO - Processing file /home/beatriz/Documentos/airflow/airflow_venv/lib/python3.10/site-packages/airflow/example_dags/example_bash_operator.py for tasks to queue
[2024-12-10T13:38:39.043-0300] {logging_mixin.py:188} INFO - [2024-12-10T13:38:39.042-0300] {dagbag.py:540} INFO - Filling up the DagBag from /home/beatriz/Documentos/airflow/airflow_venv/lib/python3.10/site-packages/airflow/example_dags/example_bash_operator.py
[2024-12-10T13:38:39.053-0300] {processor.py:840} INFO - DAG(s) 'example_bash_operator' retrieved from /home/beatriz/Documentos/airflow/airflow_venv/lib/python3.10/site-packages/airflow/example_dags/example_bash_operator.py
[2024-12-10T13:38:39.073-0300] {logging_mixin.py:188} INFO - [2024-12-10T13:38:39.072-0300] {dag.py:3096} INFO - Sync 1 DAGs
[2024-12-10T13:38:39.089-0300] {logging_mixin.py:188} INFO - [2024-12-10T13:38:39.089-0300] {dag.py:3954} INFO - Setting next_dagrun for example_bash_operator to 2024-12-09 00:00:00+00:00, run_after=2024-12-10 00:00:00+00:00
[2024-12-10T13:38:39.107-0300] {processor.py:183} INFO - Processing /home/beatriz/Documentos/airflow/airflow_venv/lib/python3.10/site-packages/airflow/example_dags/example_bash_operator.py took 0.071 seconds
