[2024-12-10T10:09:46.456-0300] {processor.py:161} INFO - Started process (PID=10481) to work on /home/beatriz/Documentos/airflow/airflow_venv/lib/python3.10/site-packages/airflow/example_dags/example_dynamic_task_mapping.py
[2024-12-10T10:09:46.457-0300] {processor.py:830} INFO - Processing file /home/beatriz/Documentos/airflow/airflow_venv/lib/python3.10/site-packages/airflow/example_dags/example_dynamic_task_mapping.py for tasks to queue
[2024-12-10T10:09:46.458-0300] {logging_mixin.py:188} INFO - [2024-12-10T10:09:46.458-0300] {dagbag.py:540} INFO - Filling up the DagBag from /home/beatriz/Documentos/airflow/airflow_venv/lib/python3.10/site-packages/airflow/example_dags/example_dynamic_task_mapping.py
[2024-12-10T10:09:46.463-0300] {processor.py:840} INFO - DAG(s) 'example_dynamic_task_mapping' retrieved from /home/beatriz/Documentos/airflow/airflow_venv/lib/python3.10/site-packages/airflow/example_dags/example_dynamic_task_mapping.py
[2024-12-10T10:09:46.534-0300] {logging_mixin.py:188} INFO - [2024-12-10T10:09:46.534-0300] {dag.py:3096} INFO - Sync 1 DAGs
[2024-12-10T10:09:46.546-0300] {logging_mixin.py:188} INFO - [2024-12-10T10:09:46.545-0300] {dag.py:3954} INFO - Setting next_dagrun for example_dynamic_task_mapping to 2022-03-04 00:00:00+00:00, run_after=2022-03-05 00:00:00+00:00
[2024-12-10T10:09:46.562-0300] {processor.py:183} INFO - Processing /home/beatriz/Documentos/airflow/airflow_venv/lib/python3.10/site-packages/airflow/example_dags/example_dynamic_task_mapping.py took 0.110 seconds
[2024-12-10T10:10:44.357-0300] {processor.py:161} INFO - Started process (PID=11095) to work on /home/beatriz/Documentos/airflow/airflow_venv/lib/python3.10/site-packages/airflow/example_dags/example_dynamic_task_mapping.py
[2024-12-10T10:10:44.359-0300] {processor.py:830} INFO - Processing file /home/beatriz/Documentos/airflow/airflow_venv/lib/python3.10/site-packages/airflow/example_dags/example_dynamic_task_mapping.py for tasks to queue
[2024-12-10T10:10:44.360-0300] {logging_mixin.py:188} INFO - [2024-12-10T10:10:44.360-0300] {dagbag.py:540} INFO - Filling up the DagBag from /home/beatriz/Documentos/airflow/airflow_venv/lib/python3.10/site-packages/airflow/example_dags/example_dynamic_task_mapping.py
[2024-12-10T10:10:44.366-0300] {processor.py:840} INFO - DAG(s) 'example_dynamic_task_mapping' retrieved from /home/beatriz/Documentos/airflow/airflow_venv/lib/python3.10/site-packages/airflow/example_dags/example_dynamic_task_mapping.py
[2024-12-10T10:10:44.378-0300] {logging_mixin.py:188} INFO - [2024-12-10T10:10:44.378-0300] {dag.py:3096} INFO - Sync 1 DAGs
[2024-12-10T10:10:44.394-0300] {logging_mixin.py:188} INFO - [2024-12-10T10:10:44.394-0300] {dag.py:3954} INFO - Setting next_dagrun for example_dynamic_task_mapping to 2022-03-04 00:00:00+00:00, run_after=2022-03-05 00:00:00+00:00
[2024-12-10T10:10:44.415-0300] {processor.py:183} INFO - Processing /home/beatriz/Documentos/airflow/airflow_venv/lib/python3.10/site-packages/airflow/example_dags/example_dynamic_task_mapping.py took 0.061 seconds
[2024-12-10T10:11:38.990-0300] {processor.py:161} INFO - Started process (PID=11508) to work on /home/beatriz/Documentos/airflow/airflow_venv/lib/python3.10/site-packages/airflow/example_dags/example_dynamic_task_mapping.py
[2024-12-10T10:11:38.991-0300] {processor.py:830} INFO - Processing file /home/beatriz/Documentos/airflow/airflow_venv/lib/python3.10/site-packages/airflow/example_dags/example_dynamic_task_mapping.py for tasks to queue
[2024-12-10T10:11:38.992-0300] {logging_mixin.py:188} INFO - [2024-12-10T10:11:38.992-0300] {dagbag.py:540} INFO - Filling up the DagBag from /home/beatriz/Documentos/airflow/airflow_venv/lib/python3.10/site-packages/airflow/example_dags/example_dynamic_task_mapping.py
[2024-12-10T10:11:38.996-0300] {processor.py:840} INFO - DAG(s) 'example_dynamic_task_mapping' retrieved from /home/beatriz/Documentos/airflow/airflow_venv/lib/python3.10/site-packages/airflow/example_dags/example_dynamic_task_mapping.py
[2024-12-10T10:11:39.007-0300] {logging_mixin.py:188} INFO - [2024-12-10T10:11:39.007-0300] {dag.py:3096} INFO - Sync 1 DAGs
[2024-12-10T10:11:39.021-0300] {logging_mixin.py:188} INFO - [2024-12-10T10:11:39.021-0300] {dag.py:3954} INFO - Setting next_dagrun for example_dynamic_task_mapping to 2022-03-04 00:00:00+00:00, run_after=2022-03-05 00:00:00+00:00
[2024-12-10T10:11:39.038-0300] {processor.py:183} INFO - Processing /home/beatriz/Documentos/airflow/airflow_venv/lib/python3.10/site-packages/airflow/example_dags/example_dynamic_task_mapping.py took 0.052 seconds
[2024-12-10T10:12:34.517-0300] {processor.py:161} INFO - Started process (PID=11950) to work on /home/beatriz/Documentos/airflow/airflow_venv/lib/python3.10/site-packages/airflow/example_dags/example_dynamic_task_mapping.py
[2024-12-10T10:12:34.520-0300] {processor.py:830} INFO - Processing file /home/beatriz/Documentos/airflow/airflow_venv/lib/python3.10/site-packages/airflow/example_dags/example_dynamic_task_mapping.py for tasks to queue
[2024-12-10T10:12:34.521-0300] {logging_mixin.py:188} INFO - [2024-12-10T10:12:34.521-0300] {dagbag.py:540} INFO - Filling up the DagBag from /home/beatriz/Documentos/airflow/airflow_venv/lib/python3.10/site-packages/airflow/example_dags/example_dynamic_task_mapping.py
[2024-12-10T10:12:34.527-0300] {processor.py:840} INFO - DAG(s) 'example_dynamic_task_mapping' retrieved from /home/beatriz/Documentos/airflow/airflow_venv/lib/python3.10/site-packages/airflow/example_dags/example_dynamic_task_mapping.py
[2024-12-10T10:12:34.541-0300] {logging_mixin.py:188} INFO - [2024-12-10T10:12:34.541-0300] {dag.py:3096} INFO - Sync 1 DAGs
[2024-12-10T10:12:34.557-0300] {logging_mixin.py:188} INFO - [2024-12-10T10:12:34.557-0300] {dag.py:3954} INFO - Setting next_dagrun for example_dynamic_task_mapping to 2022-03-04 00:00:00+00:00, run_after=2022-03-05 00:00:00+00:00
[2024-12-10T10:12:34.573-0300] {processor.py:183} INFO - Processing /home/beatriz/Documentos/airflow/airflow_venv/lib/python3.10/site-packages/airflow/example_dags/example_dynamic_task_mapping.py took 0.061 seconds
[2024-12-10T10:13:48.406-0300] {processor.py:161} INFO - Started process (PID=12675) to work on /home/beatriz/Documentos/airflow/airflow_venv/lib/python3.10/site-packages/airflow/example_dags/example_dynamic_task_mapping.py
[2024-12-10T10:13:48.409-0300] {processor.py:830} INFO - Processing file /home/beatriz/Documentos/airflow/airflow_venv/lib/python3.10/site-packages/airflow/example_dags/example_dynamic_task_mapping.py for tasks to queue
[2024-12-10T10:13:48.414-0300] {logging_mixin.py:188} INFO - [2024-12-10T10:13:48.413-0300] {dagbag.py:540} INFO - Filling up the DagBag from /home/beatriz/Documentos/airflow/airflow_venv/lib/python3.10/site-packages/airflow/example_dags/example_dynamic_task_mapping.py
[2024-12-10T10:13:48.425-0300] {processor.py:840} INFO - DAG(s) 'example_dynamic_task_mapping' retrieved from /home/beatriz/Documentos/airflow/airflow_venv/lib/python3.10/site-packages/airflow/example_dags/example_dynamic_task_mapping.py
[2024-12-10T10:13:48.442-0300] {logging_mixin.py:188} INFO - [2024-12-10T10:13:48.441-0300] {dag.py:3096} INFO - Sync 1 DAGs
[2024-12-10T10:13:48.457-0300] {logging_mixin.py:188} INFO - [2024-12-10T10:13:48.457-0300] {dag.py:3954} INFO - Setting next_dagrun for example_dynamic_task_mapping to 2022-03-04 00:00:00+00:00, run_after=2022-03-05 00:00:00+00:00
[2024-12-10T10:13:48.475-0300] {processor.py:183} INFO - Processing /home/beatriz/Documentos/airflow/airflow_venv/lib/python3.10/site-packages/airflow/example_dags/example_dynamic_task_mapping.py took 0.083 seconds
[2024-12-10T10:15:01.798-0300] {processor.py:161} INFO - Started process (PID=13285) to work on /home/beatriz/Documentos/airflow/airflow_venv/lib/python3.10/site-packages/airflow/example_dags/example_dynamic_task_mapping.py
[2024-12-10T10:15:01.800-0300] {processor.py:830} INFO - Processing file /home/beatriz/Documentos/airflow/airflow_venv/lib/python3.10/site-packages/airflow/example_dags/example_dynamic_task_mapping.py for tasks to queue
[2024-12-10T10:15:01.802-0300] {logging_mixin.py:188} INFO - [2024-12-10T10:15:01.801-0300] {dagbag.py:540} INFO - Filling up the DagBag from /home/beatriz/Documentos/airflow/airflow_venv/lib/python3.10/site-packages/airflow/example_dags/example_dynamic_task_mapping.py
[2024-12-10T10:15:01.813-0300] {processor.py:840} INFO - DAG(s) 'example_dynamic_task_mapping' retrieved from /home/beatriz/Documentos/airflow/airflow_venv/lib/python3.10/site-packages/airflow/example_dags/example_dynamic_task_mapping.py
[2024-12-10T10:15:01.830-0300] {logging_mixin.py:188} INFO - [2024-12-10T10:15:01.830-0300] {dag.py:3096} INFO - Sync 1 DAGs
[2024-12-10T10:15:01.845-0300] {logging_mixin.py:188} INFO - [2024-12-10T10:15:01.845-0300] {dag.py:3954} INFO - Setting next_dagrun for example_dynamic_task_mapping to 2022-03-04 00:00:00+00:00, run_after=2022-03-05 00:00:00+00:00
[2024-12-10T10:15:01.866-0300] {processor.py:183} INFO - Processing /home/beatriz/Documentos/airflow/airflow_venv/lib/python3.10/site-packages/airflow/example_dags/example_dynamic_task_mapping.py took 0.078 seconds
[2024-12-10T10:16:12.801-0300] {processor.py:161} INFO - Started process (PID=14077) to work on /home/beatriz/Documentos/airflow/airflow_venv/lib/python3.10/site-packages/airflow/example_dags/example_dynamic_task_mapping.py
[2024-12-10T10:16:12.803-0300] {processor.py:830} INFO - Processing file /home/beatriz/Documentos/airflow/airflow_venv/lib/python3.10/site-packages/airflow/example_dags/example_dynamic_task_mapping.py for tasks to queue
[2024-12-10T10:16:12.804-0300] {logging_mixin.py:188} INFO - [2024-12-10T10:16:12.804-0300] {dagbag.py:540} INFO - Filling up the DagBag from /home/beatriz/Documentos/airflow/airflow_venv/lib/python3.10/site-packages/airflow/example_dags/example_dynamic_task_mapping.py
[2024-12-10T10:16:12.809-0300] {processor.py:840} INFO - DAG(s) 'example_dynamic_task_mapping' retrieved from /home/beatriz/Documentos/airflow/airflow_venv/lib/python3.10/site-packages/airflow/example_dags/example_dynamic_task_mapping.py
[2024-12-10T10:16:12.821-0300] {logging_mixin.py:188} INFO - [2024-12-10T10:16:12.821-0300] {dag.py:3096} INFO - Sync 1 DAGs
[2024-12-10T10:16:12.835-0300] {logging_mixin.py:188} INFO - [2024-12-10T10:16:12.835-0300] {dag.py:3954} INFO - Setting next_dagrun for example_dynamic_task_mapping to 2022-03-04 00:00:00+00:00, run_after=2022-03-05 00:00:00+00:00
[2024-12-10T10:16:12.851-0300] {processor.py:183} INFO - Processing /home/beatriz/Documentos/airflow/airflow_venv/lib/python3.10/site-packages/airflow/example_dags/example_dynamic_task_mapping.py took 0.054 seconds
[2024-12-10T10:17:08.055-0300] {processor.py:161} INFO - Started process (PID=14511) to work on /home/beatriz/Documentos/airflow/airflow_venv/lib/python3.10/site-packages/airflow/example_dags/example_dynamic_task_mapping.py
[2024-12-10T10:17:08.056-0300] {processor.py:830} INFO - Processing file /home/beatriz/Documentos/airflow/airflow_venv/lib/python3.10/site-packages/airflow/example_dags/example_dynamic_task_mapping.py for tasks to queue
[2024-12-10T10:17:08.058-0300] {logging_mixin.py:188} INFO - [2024-12-10T10:17:08.057-0300] {dagbag.py:540} INFO - Filling up the DagBag from /home/beatriz/Documentos/airflow/airflow_venv/lib/python3.10/site-packages/airflow/example_dags/example_dynamic_task_mapping.py
[2024-12-10T10:17:08.065-0300] {processor.py:840} INFO - DAG(s) 'example_dynamic_task_mapping' retrieved from /home/beatriz/Documentos/airflow/airflow_venv/lib/python3.10/site-packages/airflow/example_dags/example_dynamic_task_mapping.py
[2024-12-10T10:17:08.082-0300] {logging_mixin.py:188} INFO - [2024-12-10T10:17:08.081-0300] {dag.py:3096} INFO - Sync 1 DAGs
[2024-12-10T10:17:08.098-0300] {logging_mixin.py:188} INFO - [2024-12-10T10:17:08.098-0300] {dag.py:3954} INFO - Setting next_dagrun for example_dynamic_task_mapping to 2022-03-04 00:00:00+00:00, run_after=2022-03-05 00:00:00+00:00
[2024-12-10T10:17:08.115-0300] {processor.py:183} INFO - Processing /home/beatriz/Documentos/airflow/airflow_venv/lib/python3.10/site-packages/airflow/example_dags/example_dynamic_task_mapping.py took 0.066 seconds
[2024-12-10T10:18:01.325-0300] {processor.py:161} INFO - Started process (PID=14849) to work on /home/beatriz/Documentos/airflow/airflow_venv/lib/python3.10/site-packages/airflow/example_dags/example_dynamic_task_mapping.py
[2024-12-10T10:18:01.327-0300] {processor.py:830} INFO - Processing file /home/beatriz/Documentos/airflow/airflow_venv/lib/python3.10/site-packages/airflow/example_dags/example_dynamic_task_mapping.py for tasks to queue
[2024-12-10T10:18:01.328-0300] {logging_mixin.py:188} INFO - [2024-12-10T10:18:01.328-0300] {dagbag.py:540} INFO - Filling up the DagBag from /home/beatriz/Documentos/airflow/airflow_venv/lib/python3.10/site-packages/airflow/example_dags/example_dynamic_task_mapping.py
[2024-12-10T10:18:01.333-0300] {processor.py:840} INFO - DAG(s) 'example_dynamic_task_mapping' retrieved from /home/beatriz/Documentos/airflow/airflow_venv/lib/python3.10/site-packages/airflow/example_dags/example_dynamic_task_mapping.py
[2024-12-10T10:18:01.344-0300] {logging_mixin.py:188} INFO - [2024-12-10T10:18:01.344-0300] {dag.py:3096} INFO - Sync 1 DAGs
[2024-12-10T10:18:01.359-0300] {logging_mixin.py:188} INFO - [2024-12-10T10:18:01.359-0300] {dag.py:3954} INFO - Setting next_dagrun for example_dynamic_task_mapping to 2022-03-04 00:00:00+00:00, run_after=2022-03-05 00:00:00+00:00
[2024-12-10T10:18:01.376-0300] {processor.py:183} INFO - Processing /home/beatriz/Documentos/airflow/airflow_venv/lib/python3.10/site-packages/airflow/example_dags/example_dynamic_task_mapping.py took 0.056 seconds
[2024-12-10T11:01:32.656-0300] {processor.py:161} INFO - Started process (PID=19693) to work on /home/beatriz/Documentos/airflow/airflow_venv/lib/python3.10/site-packages/airflow/example_dags/example_dynamic_task_mapping.py
[2024-12-10T11:01:32.659-0300] {processor.py:830} INFO - Processing file /home/beatriz/Documentos/airflow/airflow_venv/lib/python3.10/site-packages/airflow/example_dags/example_dynamic_task_mapping.py for tasks to queue
[2024-12-10T11:01:32.663-0300] {logging_mixin.py:188} INFO - [2024-12-10T11:01:32.662-0300] {dagbag.py:540} INFO - Filling up the DagBag from /home/beatriz/Documentos/airflow/airflow_venv/lib/python3.10/site-packages/airflow/example_dags/example_dynamic_task_mapping.py
[2024-12-10T11:01:32.675-0300] {processor.py:840} INFO - DAG(s) 'example_dynamic_task_mapping' retrieved from /home/beatriz/Documentos/airflow/airflow_venv/lib/python3.10/site-packages/airflow/example_dags/example_dynamic_task_mapping.py
[2024-12-10T11:01:32.754-0300] {logging_mixin.py:188} INFO - [2024-12-10T11:01:32.754-0300] {dag.py:3096} INFO - Sync 1 DAGs
[2024-12-10T11:01:32.766-0300] {logging_mixin.py:188} INFO - [2024-12-10T11:01:32.766-0300] {dag.py:3954} INFO - Setting next_dagrun for example_dynamic_task_mapping to 2022-03-04 00:00:00+00:00, run_after=2022-03-05 00:00:00+00:00
[2024-12-10T11:01:32.783-0300] {processor.py:183} INFO - Processing /home/beatriz/Documentos/airflow/airflow_venv/lib/python3.10/site-packages/airflow/example_dags/example_dynamic_task_mapping.py took 0.138 seconds
[2024-12-10T11:02:31.392-0300] {processor.py:161} INFO - Started process (PID=20105) to work on /home/beatriz/Documentos/airflow/airflow_venv/lib/python3.10/site-packages/airflow/example_dags/example_dynamic_task_mapping.py
[2024-12-10T11:02:31.393-0300] {processor.py:830} INFO - Processing file /home/beatriz/Documentos/airflow/airflow_venv/lib/python3.10/site-packages/airflow/example_dags/example_dynamic_task_mapping.py for tasks to queue
[2024-12-10T11:02:31.395-0300] {logging_mixin.py:188} INFO - [2024-12-10T11:02:31.394-0300] {dagbag.py:540} INFO - Filling up the DagBag from /home/beatriz/Documentos/airflow/airflow_venv/lib/python3.10/site-packages/airflow/example_dags/example_dynamic_task_mapping.py
[2024-12-10T11:02:31.400-0300] {processor.py:840} INFO - DAG(s) 'example_dynamic_task_mapping' retrieved from /home/beatriz/Documentos/airflow/airflow_venv/lib/python3.10/site-packages/airflow/example_dags/example_dynamic_task_mapping.py
[2024-12-10T11:02:31.413-0300] {logging_mixin.py:188} INFO - [2024-12-10T11:02:31.413-0300] {dag.py:3096} INFO - Sync 1 DAGs
[2024-12-10T11:02:31.428-0300] {logging_mixin.py:188} INFO - [2024-12-10T11:02:31.427-0300] {dag.py:3954} INFO - Setting next_dagrun for example_dynamic_task_mapping to 2022-03-04 00:00:00+00:00, run_after=2022-03-05 00:00:00+00:00
[2024-12-10T11:02:31.445-0300] {processor.py:183} INFO - Processing /home/beatriz/Documentos/airflow/airflow_venv/lib/python3.10/site-packages/airflow/example_dags/example_dynamic_task_mapping.py took 0.057 seconds
[2024-12-10T11:03:26.288-0300] {processor.py:161} INFO - Started process (PID=20541) to work on /home/beatriz/Documentos/airflow/airflow_venv/lib/python3.10/site-packages/airflow/example_dags/example_dynamic_task_mapping.py
[2024-12-10T11:03:26.291-0300] {processor.py:830} INFO - Processing file /home/beatriz/Documentos/airflow/airflow_venv/lib/python3.10/site-packages/airflow/example_dags/example_dynamic_task_mapping.py for tasks to queue
[2024-12-10T11:03:26.294-0300] {logging_mixin.py:188} INFO - [2024-12-10T11:03:26.293-0300] {dagbag.py:540} INFO - Filling up the DagBag from /home/beatriz/Documentos/airflow/airflow_venv/lib/python3.10/site-packages/airflow/example_dags/example_dynamic_task_mapping.py
[2024-12-10T11:03:26.302-0300] {processor.py:840} INFO - DAG(s) 'example_dynamic_task_mapping' retrieved from /home/beatriz/Documentos/airflow/airflow_venv/lib/python3.10/site-packages/airflow/example_dags/example_dynamic_task_mapping.py
[2024-12-10T11:03:26.319-0300] {logging_mixin.py:188} INFO - [2024-12-10T11:03:26.319-0300] {dag.py:3096} INFO - Sync 1 DAGs
[2024-12-10T11:03:26.340-0300] {logging_mixin.py:188} INFO - [2024-12-10T11:03:26.340-0300] {dag.py:3954} INFO - Setting next_dagrun for example_dynamic_task_mapping to 2022-03-04 00:00:00+00:00, run_after=2022-03-05 00:00:00+00:00
[2024-12-10T11:03:26.360-0300] {processor.py:183} INFO - Processing /home/beatriz/Documentos/airflow/airflow_venv/lib/python3.10/site-packages/airflow/example_dags/example_dynamic_task_mapping.py took 0.085 seconds
[2024-12-10T11:37:23.510-0300] {processor.py:161} INFO - Started process (PID=24842) to work on /home/beatriz/Documentos/airflow/airflow_venv/lib/python3.10/site-packages/airflow/example_dags/example_dynamic_task_mapping.py
[2024-12-10T11:37:23.512-0300] {processor.py:830} INFO - Processing file /home/beatriz/Documentos/airflow/airflow_venv/lib/python3.10/site-packages/airflow/example_dags/example_dynamic_task_mapping.py for tasks to queue
[2024-12-10T11:37:23.516-0300] {logging_mixin.py:188} INFO - [2024-12-10T11:37:23.515-0300] {dagbag.py:540} INFO - Filling up the DagBag from /home/beatriz/Documentos/airflow/airflow_venv/lib/python3.10/site-packages/airflow/example_dags/example_dynamic_task_mapping.py
[2024-12-10T11:37:23.528-0300] {processor.py:840} INFO - DAG(s) 'example_dynamic_task_mapping' retrieved from /home/beatriz/Documentos/airflow/airflow_venv/lib/python3.10/site-packages/airflow/example_dags/example_dynamic_task_mapping.py
[2024-12-10T11:37:23.609-0300] {logging_mixin.py:188} INFO - [2024-12-10T11:37:23.608-0300] {dag.py:3096} INFO - Sync 1 DAGs
[2024-12-10T11:37:23.623-0300] {logging_mixin.py:188} INFO - [2024-12-10T11:37:23.623-0300] {dag.py:3954} INFO - Setting next_dagrun for example_dynamic_task_mapping to 2022-03-04 00:00:00+00:00, run_after=2022-03-05 00:00:00+00:00
[2024-12-10T11:37:23.642-0300] {processor.py:183} INFO - Processing /home/beatriz/Documentos/airflow/airflow_venv/lib/python3.10/site-packages/airflow/example_dags/example_dynamic_task_mapping.py took 0.143 seconds
[2024-12-10T11:38:22.956-0300] {processor.py:161} INFO - Started process (PID=25209) to work on /home/beatriz/Documentos/airflow/airflow_venv/lib/python3.10/site-packages/airflow/example_dags/example_dynamic_task_mapping.py
[2024-12-10T11:38:22.959-0300] {processor.py:830} INFO - Processing file /home/beatriz/Documentos/airflow/airflow_venv/lib/python3.10/site-packages/airflow/example_dags/example_dynamic_task_mapping.py for tasks to queue
[2024-12-10T11:38:22.961-0300] {logging_mixin.py:188} INFO - [2024-12-10T11:38:22.961-0300] {dagbag.py:540} INFO - Filling up the DagBag from /home/beatriz/Documentos/airflow/airflow_venv/lib/python3.10/site-packages/airflow/example_dags/example_dynamic_task_mapping.py
[2024-12-10T11:38:22.971-0300] {processor.py:840} INFO - DAG(s) 'example_dynamic_task_mapping' retrieved from /home/beatriz/Documentos/airflow/airflow_venv/lib/python3.10/site-packages/airflow/example_dags/example_dynamic_task_mapping.py
[2024-12-10T11:38:22.990-0300] {logging_mixin.py:188} INFO - [2024-12-10T11:38:22.990-0300] {dag.py:3096} INFO - Sync 1 DAGs
[2024-12-10T11:38:23.007-0300] {logging_mixin.py:188} INFO - [2024-12-10T11:38:23.007-0300] {dag.py:3954} INFO - Setting next_dagrun for example_dynamic_task_mapping to 2022-03-04 00:00:00+00:00, run_after=2022-03-05 00:00:00+00:00
[2024-12-10T11:38:23.025-0300] {processor.py:183} INFO - Processing /home/beatriz/Documentos/airflow/airflow_venv/lib/python3.10/site-packages/airflow/example_dags/example_dynamic_task_mapping.py took 0.075 seconds
[2024-12-10T11:39:21.678-0300] {processor.py:161} INFO - Started process (PID=25584) to work on /home/beatriz/Documentos/airflow/airflow_venv/lib/python3.10/site-packages/airflow/example_dags/example_dynamic_task_mapping.py
[2024-12-10T11:39:21.679-0300] {processor.py:830} INFO - Processing file /home/beatriz/Documentos/airflow/airflow_venv/lib/python3.10/site-packages/airflow/example_dags/example_dynamic_task_mapping.py for tasks to queue
[2024-12-10T11:39:21.680-0300] {logging_mixin.py:188} INFO - [2024-12-10T11:39:21.680-0300] {dagbag.py:540} INFO - Filling up the DagBag from /home/beatriz/Documentos/airflow/airflow_venv/lib/python3.10/site-packages/airflow/example_dags/example_dynamic_task_mapping.py
[2024-12-10T11:39:21.687-0300] {processor.py:840} INFO - DAG(s) 'example_dynamic_task_mapping' retrieved from /home/beatriz/Documentos/airflow/airflow_venv/lib/python3.10/site-packages/airflow/example_dags/example_dynamic_task_mapping.py
[2024-12-10T11:39:21.698-0300] {logging_mixin.py:188} INFO - [2024-12-10T11:39:21.698-0300] {dag.py:3096} INFO - Sync 1 DAGs
[2024-12-10T11:39:21.713-0300] {logging_mixin.py:188} INFO - [2024-12-10T11:39:21.712-0300] {dag.py:3954} INFO - Setting next_dagrun for example_dynamic_task_mapping to 2022-03-04 00:00:00+00:00, run_after=2022-03-05 00:00:00+00:00
[2024-12-10T11:39:21.731-0300] {processor.py:183} INFO - Processing /home/beatriz/Documentos/airflow/airflow_venv/lib/python3.10/site-packages/airflow/example_dags/example_dynamic_task_mapping.py took 0.057 seconds
[2024-12-10T11:40:18.092-0300] {processor.py:161} INFO - Started process (PID=25950) to work on /home/beatriz/Documentos/airflow/airflow_venv/lib/python3.10/site-packages/airflow/example_dags/example_dynamic_task_mapping.py
[2024-12-10T11:40:18.094-0300] {processor.py:830} INFO - Processing file /home/beatriz/Documentos/airflow/airflow_venv/lib/python3.10/site-packages/airflow/example_dags/example_dynamic_task_mapping.py for tasks to queue
[2024-12-10T11:40:18.097-0300] {logging_mixin.py:188} INFO - [2024-12-10T11:40:18.096-0300] {dagbag.py:540} INFO - Filling up the DagBag from /home/beatriz/Documentos/airflow/airflow_venv/lib/python3.10/site-packages/airflow/example_dags/example_dynamic_task_mapping.py
[2024-12-10T11:40:18.109-0300] {processor.py:840} INFO - DAG(s) 'example_dynamic_task_mapping' retrieved from /home/beatriz/Documentos/airflow/airflow_venv/lib/python3.10/site-packages/airflow/example_dags/example_dynamic_task_mapping.py
[2024-12-10T11:40:18.123-0300] {logging_mixin.py:188} INFO - [2024-12-10T11:40:18.123-0300] {dag.py:3096} INFO - Sync 1 DAGs
[2024-12-10T11:40:18.138-0300] {logging_mixin.py:188} INFO - [2024-12-10T11:40:18.138-0300] {dag.py:3954} INFO - Setting next_dagrun for example_dynamic_task_mapping to 2022-03-04 00:00:00+00:00, run_after=2022-03-05 00:00:00+00:00
[2024-12-10T11:40:18.155-0300] {processor.py:183} INFO - Processing /home/beatriz/Documentos/airflow/airflow_venv/lib/python3.10/site-packages/airflow/example_dags/example_dynamic_task_mapping.py took 0.076 seconds
[2024-12-10T11:41:14.911-0300] {processor.py:161} INFO - Started process (PID=26374) to work on /home/beatriz/Documentos/airflow/airflow_venv/lib/python3.10/site-packages/airflow/example_dags/example_dynamic_task_mapping.py
[2024-12-10T11:41:14.912-0300] {processor.py:830} INFO - Processing file /home/beatriz/Documentos/airflow/airflow_venv/lib/python3.10/site-packages/airflow/example_dags/example_dynamic_task_mapping.py for tasks to queue
[2024-12-10T11:41:14.914-0300] {logging_mixin.py:188} INFO - [2024-12-10T11:41:14.914-0300] {dagbag.py:540} INFO - Filling up the DagBag from /home/beatriz/Documentos/airflow/airflow_venv/lib/python3.10/site-packages/airflow/example_dags/example_dynamic_task_mapping.py
[2024-12-10T11:41:14.923-0300] {processor.py:840} INFO - DAG(s) 'example_dynamic_task_mapping' retrieved from /home/beatriz/Documentos/airflow/airflow_venv/lib/python3.10/site-packages/airflow/example_dags/example_dynamic_task_mapping.py
[2024-12-10T11:41:14.942-0300] {logging_mixin.py:188} INFO - [2024-12-10T11:41:14.941-0300] {dag.py:3096} INFO - Sync 1 DAGs
[2024-12-10T11:41:14.957-0300] {logging_mixin.py:188} INFO - [2024-12-10T11:41:14.957-0300] {dag.py:3954} INFO - Setting next_dagrun for example_dynamic_task_mapping to 2022-03-04 00:00:00+00:00, run_after=2022-03-05 00:00:00+00:00
[2024-12-10T11:41:14.976-0300] {processor.py:183} INFO - Processing /home/beatriz/Documentos/airflow/airflow_venv/lib/python3.10/site-packages/airflow/example_dags/example_dynamic_task_mapping.py took 0.072 seconds
[2024-12-10T11:42:11.487-0300] {processor.py:161} INFO - Started process (PID=26783) to work on /home/beatriz/Documentos/airflow/airflow_venv/lib/python3.10/site-packages/airflow/example_dags/example_dynamic_task_mapping.py
[2024-12-10T11:42:11.488-0300] {processor.py:830} INFO - Processing file /home/beatriz/Documentos/airflow/airflow_venv/lib/python3.10/site-packages/airflow/example_dags/example_dynamic_task_mapping.py for tasks to queue
[2024-12-10T11:42:11.489-0300] {logging_mixin.py:188} INFO - [2024-12-10T11:42:11.489-0300] {dagbag.py:540} INFO - Filling up the DagBag from /home/beatriz/Documentos/airflow/airflow_venv/lib/python3.10/site-packages/airflow/example_dags/example_dynamic_task_mapping.py
[2024-12-10T11:42:11.497-0300] {processor.py:840} INFO - DAG(s) 'example_dynamic_task_mapping' retrieved from /home/beatriz/Documentos/airflow/airflow_venv/lib/python3.10/site-packages/airflow/example_dags/example_dynamic_task_mapping.py
[2024-12-10T11:42:11.510-0300] {logging_mixin.py:188} INFO - [2024-12-10T11:42:11.510-0300] {dag.py:3096} INFO - Sync 1 DAGs
[2024-12-10T11:42:11.526-0300] {logging_mixin.py:188} INFO - [2024-12-10T11:42:11.526-0300] {dag.py:3954} INFO - Setting next_dagrun for example_dynamic_task_mapping to 2022-03-04 00:00:00+00:00, run_after=2022-03-05 00:00:00+00:00
[2024-12-10T11:42:11.543-0300] {processor.py:183} INFO - Processing /home/beatriz/Documentos/airflow/airflow_venv/lib/python3.10/site-packages/airflow/example_dags/example_dynamic_task_mapping.py took 0.061 seconds
[2024-12-10T11:43:06.447-0300] {processor.py:161} INFO - Started process (PID=27183) to work on /home/beatriz/Documentos/airflow/airflow_venv/lib/python3.10/site-packages/airflow/example_dags/example_dynamic_task_mapping.py
[2024-12-10T11:43:06.448-0300] {processor.py:830} INFO - Processing file /home/beatriz/Documentos/airflow/airflow_venv/lib/python3.10/site-packages/airflow/example_dags/example_dynamic_task_mapping.py for tasks to queue
[2024-12-10T11:43:06.449-0300] {logging_mixin.py:188} INFO - [2024-12-10T11:43:06.448-0300] {dagbag.py:540} INFO - Filling up the DagBag from /home/beatriz/Documentos/airflow/airflow_venv/lib/python3.10/site-packages/airflow/example_dags/example_dynamic_task_mapping.py
[2024-12-10T11:43:06.454-0300] {processor.py:840} INFO - DAG(s) 'example_dynamic_task_mapping' retrieved from /home/beatriz/Documentos/airflow/airflow_venv/lib/python3.10/site-packages/airflow/example_dags/example_dynamic_task_mapping.py
[2024-12-10T11:43:06.465-0300] {logging_mixin.py:188} INFO - [2024-12-10T11:43:06.465-0300] {dag.py:3096} INFO - Sync 1 DAGs
[2024-12-10T11:43:06.479-0300] {logging_mixin.py:188} INFO - [2024-12-10T11:43:06.479-0300] {dag.py:3954} INFO - Setting next_dagrun for example_dynamic_task_mapping to 2022-03-04 00:00:00+00:00, run_after=2022-03-05 00:00:00+00:00
[2024-12-10T11:43:06.497-0300] {processor.py:183} INFO - Processing /home/beatriz/Documentos/airflow/airflow_venv/lib/python3.10/site-packages/airflow/example_dags/example_dynamic_task_mapping.py took 0.055 seconds
[2024-12-10T11:44:03.348-0300] {processor.py:161} INFO - Started process (PID=27847) to work on /home/beatriz/Documentos/airflow/airflow_venv/lib/python3.10/site-packages/airflow/example_dags/example_dynamic_task_mapping.py
[2024-12-10T11:44:03.349-0300] {processor.py:830} INFO - Processing file /home/beatriz/Documentos/airflow/airflow_venv/lib/python3.10/site-packages/airflow/example_dags/example_dynamic_task_mapping.py for tasks to queue
[2024-12-10T11:44:03.352-0300] {logging_mixin.py:188} INFO - [2024-12-10T11:44:03.352-0300] {dagbag.py:540} INFO - Filling up the DagBag from /home/beatriz/Documentos/airflow/airflow_venv/lib/python3.10/site-packages/airflow/example_dags/example_dynamic_task_mapping.py
[2024-12-10T11:44:03.363-0300] {processor.py:840} INFO - DAG(s) 'example_dynamic_task_mapping' retrieved from /home/beatriz/Documentos/airflow/airflow_venv/lib/python3.10/site-packages/airflow/example_dags/example_dynamic_task_mapping.py
[2024-12-10T11:44:03.378-0300] {logging_mixin.py:188} INFO - [2024-12-10T11:44:03.378-0300] {dag.py:3096} INFO - Sync 1 DAGs
[2024-12-10T11:44:03.394-0300] {logging_mixin.py:188} INFO - [2024-12-10T11:44:03.393-0300] {dag.py:3954} INFO - Setting next_dagrun for example_dynamic_task_mapping to 2022-03-04 00:00:00+00:00, run_after=2022-03-05 00:00:00+00:00
[2024-12-10T11:44:03.418-0300] {processor.py:183} INFO - Processing /home/beatriz/Documentos/airflow/airflow_venv/lib/python3.10/site-packages/airflow/example_dags/example_dynamic_task_mapping.py took 0.082 seconds
[2024-12-10T11:45:00.075-0300] {processor.py:161} INFO - Started process (PID=28460) to work on /home/beatriz/Documentos/airflow/airflow_venv/lib/python3.10/site-packages/airflow/example_dags/example_dynamic_task_mapping.py
[2024-12-10T11:45:00.076-0300] {processor.py:830} INFO - Processing file /home/beatriz/Documentos/airflow/airflow_venv/lib/python3.10/site-packages/airflow/example_dags/example_dynamic_task_mapping.py for tasks to queue
[2024-12-10T11:45:00.078-0300] {logging_mixin.py:188} INFO - [2024-12-10T11:45:00.077-0300] {dagbag.py:540} INFO - Filling up the DagBag from /home/beatriz/Documentos/airflow/airflow_venv/lib/python3.10/site-packages/airflow/example_dags/example_dynamic_task_mapping.py
[2024-12-10T11:45:00.083-0300] {processor.py:840} INFO - DAG(s) 'example_dynamic_task_mapping' retrieved from /home/beatriz/Documentos/airflow/airflow_venv/lib/python3.10/site-packages/airflow/example_dags/example_dynamic_task_mapping.py
[2024-12-10T11:45:00.096-0300] {logging_mixin.py:188} INFO - [2024-12-10T11:45:00.095-0300] {dag.py:3096} INFO - Sync 1 DAGs
[2024-12-10T11:45:00.110-0300] {logging_mixin.py:188} INFO - [2024-12-10T11:45:00.110-0300] {dag.py:3954} INFO - Setting next_dagrun for example_dynamic_task_mapping to 2022-03-04 00:00:00+00:00, run_after=2022-03-05 00:00:00+00:00
[2024-12-10T11:45:00.128-0300] {processor.py:183} INFO - Processing /home/beatriz/Documentos/airflow/airflow_venv/lib/python3.10/site-packages/airflow/example_dags/example_dynamic_task_mapping.py took 0.058 seconds
[2024-12-10T11:45:58.665-0300] {processor.py:161} INFO - Started process (PID=28878) to work on /home/beatriz/Documentos/airflow/airflow_venv/lib/python3.10/site-packages/airflow/example_dags/example_dynamic_task_mapping.py
[2024-12-10T11:45:58.666-0300] {processor.py:830} INFO - Processing file /home/beatriz/Documentos/airflow/airflow_venv/lib/python3.10/site-packages/airflow/example_dags/example_dynamic_task_mapping.py for tasks to queue
[2024-12-10T11:45:58.667-0300] {logging_mixin.py:188} INFO - [2024-12-10T11:45:58.667-0300] {dagbag.py:540} INFO - Filling up the DagBag from /home/beatriz/Documentos/airflow/airflow_venv/lib/python3.10/site-packages/airflow/example_dags/example_dynamic_task_mapping.py
[2024-12-10T11:45:58.674-0300] {processor.py:840} INFO - DAG(s) 'example_dynamic_task_mapping' retrieved from /home/beatriz/Documentos/airflow/airflow_venv/lib/python3.10/site-packages/airflow/example_dags/example_dynamic_task_mapping.py
[2024-12-10T11:45:58.690-0300] {logging_mixin.py:188} INFO - [2024-12-10T11:45:58.689-0300] {dag.py:3096} INFO - Sync 1 DAGs
[2024-12-10T11:45:58.705-0300] {logging_mixin.py:188} INFO - [2024-12-10T11:45:58.705-0300] {dag.py:3954} INFO - Setting next_dagrun for example_dynamic_task_mapping to 2022-03-04 00:00:00+00:00, run_after=2022-03-05 00:00:00+00:00
[2024-12-10T11:45:58.723-0300] {processor.py:183} INFO - Processing /home/beatriz/Documentos/airflow/airflow_venv/lib/python3.10/site-packages/airflow/example_dags/example_dynamic_task_mapping.py took 0.064 seconds
[2024-12-10T11:46:53.452-0300] {processor.py:161} INFO - Started process (PID=29599) to work on /home/beatriz/Documentos/airflow/airflow_venv/lib/python3.10/site-packages/airflow/example_dags/example_dynamic_task_mapping.py
[2024-12-10T11:46:53.454-0300] {processor.py:830} INFO - Processing file /home/beatriz/Documentos/airflow/airflow_venv/lib/python3.10/site-packages/airflow/example_dags/example_dynamic_task_mapping.py for tasks to queue
[2024-12-10T11:46:53.456-0300] {logging_mixin.py:188} INFO - [2024-12-10T11:46:53.456-0300] {dagbag.py:540} INFO - Filling up the DagBag from /home/beatriz/Documentos/airflow/airflow_venv/lib/python3.10/site-packages/airflow/example_dags/example_dynamic_task_mapping.py
[2024-12-10T11:46:53.462-0300] {processor.py:840} INFO - DAG(s) 'example_dynamic_task_mapping' retrieved from /home/beatriz/Documentos/airflow/airflow_venv/lib/python3.10/site-packages/airflow/example_dags/example_dynamic_task_mapping.py
[2024-12-10T11:46:53.478-0300] {logging_mixin.py:188} INFO - [2024-12-10T11:46:53.478-0300] {dag.py:3096} INFO - Sync 1 DAGs
[2024-12-10T11:46:53.497-0300] {logging_mixin.py:188} INFO - [2024-12-10T11:46:53.497-0300] {dag.py:3954} INFO - Setting next_dagrun for example_dynamic_task_mapping to 2022-03-04 00:00:00+00:00, run_after=2022-03-05 00:00:00+00:00
[2024-12-10T11:46:53.528-0300] {processor.py:183} INFO - Processing /home/beatriz/Documentos/airflow/airflow_venv/lib/python3.10/site-packages/airflow/example_dags/example_dynamic_task_mapping.py took 0.081 seconds
[2024-12-10T11:49:11.206-0300] {processor.py:161} INFO - Started process (PID=30909) to work on /home/beatriz/Documentos/airflow/airflow_venv/lib/python3.10/site-packages/airflow/example_dags/example_dynamic_task_mapping.py
[2024-12-10T11:49:11.207-0300] {processor.py:830} INFO - Processing file /home/beatriz/Documentos/airflow/airflow_venv/lib/python3.10/site-packages/airflow/example_dags/example_dynamic_task_mapping.py for tasks to queue
[2024-12-10T11:49:11.208-0300] {logging_mixin.py:188} INFO - [2024-12-10T11:49:11.208-0300] {dagbag.py:540} INFO - Filling up the DagBag from /home/beatriz/Documentos/airflow/airflow_venv/lib/python3.10/site-packages/airflow/example_dags/example_dynamic_task_mapping.py
[2024-12-10T11:49:11.216-0300] {processor.py:840} INFO - DAG(s) 'example_dynamic_task_mapping' retrieved from /home/beatriz/Documentos/airflow/airflow_venv/lib/python3.10/site-packages/airflow/example_dags/example_dynamic_task_mapping.py
[2024-12-10T11:49:11.230-0300] {logging_mixin.py:188} INFO - [2024-12-10T11:49:11.230-0300] {dag.py:3096} INFO - Sync 1 DAGs
[2024-12-10T11:49:11.244-0300] {logging_mixin.py:188} INFO - [2024-12-10T11:49:11.243-0300] {dag.py:3954} INFO - Setting next_dagrun for example_dynamic_task_mapping to 2022-03-04 00:00:00+00:00, run_after=2022-03-05 00:00:00+00:00
[2024-12-10T11:49:11.262-0300] {processor.py:183} INFO - Processing /home/beatriz/Documentos/airflow/airflow_venv/lib/python3.10/site-packages/airflow/example_dags/example_dynamic_task_mapping.py took 0.060 seconds
[2024-12-10T11:50:11.377-0300] {processor.py:161} INFO - Started process (PID=31352) to work on /home/beatriz/Documentos/airflow/airflow_venv/lib/python3.10/site-packages/airflow/example_dags/example_dynamic_task_mapping.py
[2024-12-10T11:50:11.378-0300] {processor.py:830} INFO - Processing file /home/beatriz/Documentos/airflow/airflow_venv/lib/python3.10/site-packages/airflow/example_dags/example_dynamic_task_mapping.py for tasks to queue
[2024-12-10T11:50:11.379-0300] {logging_mixin.py:188} INFO - [2024-12-10T11:50:11.379-0300] {dagbag.py:540} INFO - Filling up the DagBag from /home/beatriz/Documentos/airflow/airflow_venv/lib/python3.10/site-packages/airflow/example_dags/example_dynamic_task_mapping.py
[2024-12-10T11:50:11.384-0300] {processor.py:840} INFO - DAG(s) 'example_dynamic_task_mapping' retrieved from /home/beatriz/Documentos/airflow/airflow_venv/lib/python3.10/site-packages/airflow/example_dags/example_dynamic_task_mapping.py
[2024-12-10T11:50:11.397-0300] {logging_mixin.py:188} INFO - [2024-12-10T11:50:11.397-0300] {dag.py:3096} INFO - Sync 1 DAGs
[2024-12-10T11:50:11.412-0300] {logging_mixin.py:188} INFO - [2024-12-10T11:50:11.412-0300] {dag.py:3954} INFO - Setting next_dagrun for example_dynamic_task_mapping to 2022-03-04 00:00:00+00:00, run_after=2022-03-05 00:00:00+00:00
[2024-12-10T11:50:11.432-0300] {processor.py:183} INFO - Processing /home/beatriz/Documentos/airflow/airflow_venv/lib/python3.10/site-packages/airflow/example_dags/example_dynamic_task_mapping.py took 0.062 seconds
[2024-12-10T11:51:10.692-0300] {processor.py:161} INFO - Started process (PID=31758) to work on /home/beatriz/Documentos/airflow/airflow_venv/lib/python3.10/site-packages/airflow/example_dags/example_dynamic_task_mapping.py
[2024-12-10T11:51:10.692-0300] {processor.py:830} INFO - Processing file /home/beatriz/Documentos/airflow/airflow_venv/lib/python3.10/site-packages/airflow/example_dags/example_dynamic_task_mapping.py for tasks to queue
[2024-12-10T11:51:10.693-0300] {logging_mixin.py:188} INFO - [2024-12-10T11:51:10.693-0300] {dagbag.py:540} INFO - Filling up the DagBag from /home/beatriz/Documentos/airflow/airflow_venv/lib/python3.10/site-packages/airflow/example_dags/example_dynamic_task_mapping.py
[2024-12-10T11:51:10.699-0300] {processor.py:840} INFO - DAG(s) 'example_dynamic_task_mapping' retrieved from /home/beatriz/Documentos/airflow/airflow_venv/lib/python3.10/site-packages/airflow/example_dags/example_dynamic_task_mapping.py
[2024-12-10T11:51:10.712-0300] {logging_mixin.py:188} INFO - [2024-12-10T11:51:10.711-0300] {dag.py:3096} INFO - Sync 1 DAGs
[2024-12-10T11:51:10.725-0300] {logging_mixin.py:188} INFO - [2024-12-10T11:51:10.725-0300] {dag.py:3954} INFO - Setting next_dagrun for example_dynamic_task_mapping to 2022-03-04 00:00:00+00:00, run_after=2022-03-05 00:00:00+00:00
[2024-12-10T11:51:10.746-0300] {processor.py:183} INFO - Processing /home/beatriz/Documentos/airflow/airflow_venv/lib/python3.10/site-packages/airflow/example_dags/example_dynamic_task_mapping.py took 0.059 seconds
[2024-12-10T11:52:07.368-0300] {processor.py:161} INFO - Started process (PID=32224) to work on /home/beatriz/Documentos/airflow/airflow_venv/lib/python3.10/site-packages/airflow/example_dags/example_dynamic_task_mapping.py
[2024-12-10T11:52:07.369-0300] {processor.py:830} INFO - Processing file /home/beatriz/Documentos/airflow/airflow_venv/lib/python3.10/site-packages/airflow/example_dags/example_dynamic_task_mapping.py for tasks to queue
[2024-12-10T11:52:07.370-0300] {logging_mixin.py:188} INFO - [2024-12-10T11:52:07.369-0300] {dagbag.py:540} INFO - Filling up the DagBag from /home/beatriz/Documentos/airflow/airflow_venv/lib/python3.10/site-packages/airflow/example_dags/example_dynamic_task_mapping.py
[2024-12-10T11:52:07.374-0300] {processor.py:840} INFO - DAG(s) 'example_dynamic_task_mapping' retrieved from /home/beatriz/Documentos/airflow/airflow_venv/lib/python3.10/site-packages/airflow/example_dags/example_dynamic_task_mapping.py
[2024-12-10T11:52:07.387-0300] {logging_mixin.py:188} INFO - [2024-12-10T11:52:07.387-0300] {dag.py:3096} INFO - Sync 1 DAGs
[2024-12-10T11:52:07.402-0300] {logging_mixin.py:188} INFO - [2024-12-10T11:52:07.402-0300] {dag.py:3954} INFO - Setting next_dagrun for example_dynamic_task_mapping to 2022-03-04 00:00:00+00:00, run_after=2022-03-05 00:00:00+00:00
[2024-12-10T11:52:07.425-0300] {processor.py:183} INFO - Processing /home/beatriz/Documentos/airflow/airflow_venv/lib/python3.10/site-packages/airflow/example_dags/example_dynamic_task_mapping.py took 0.061 seconds
[2024-12-10T11:53:03.567-0300] {processor.py:161} INFO - Started process (PID=32691) to work on /home/beatriz/Documentos/airflow/airflow_venv/lib/python3.10/site-packages/airflow/example_dags/example_dynamic_task_mapping.py
[2024-12-10T11:53:03.568-0300] {processor.py:830} INFO - Processing file /home/beatriz/Documentos/airflow/airflow_venv/lib/python3.10/site-packages/airflow/example_dags/example_dynamic_task_mapping.py for tasks to queue
[2024-12-10T11:53:03.569-0300] {logging_mixin.py:188} INFO - [2024-12-10T11:53:03.568-0300] {dagbag.py:540} INFO - Filling up the DagBag from /home/beatriz/Documentos/airflow/airflow_venv/lib/python3.10/site-packages/airflow/example_dags/example_dynamic_task_mapping.py
[2024-12-10T11:53:03.575-0300] {processor.py:840} INFO - DAG(s) 'example_dynamic_task_mapping' retrieved from /home/beatriz/Documentos/airflow/airflow_venv/lib/python3.10/site-packages/airflow/example_dags/example_dynamic_task_mapping.py
[2024-12-10T11:53:03.588-0300] {logging_mixin.py:188} INFO - [2024-12-10T11:53:03.588-0300] {dag.py:3096} INFO - Sync 1 DAGs
[2024-12-10T11:53:03.607-0300] {logging_mixin.py:188} INFO - [2024-12-10T11:53:03.607-0300] {dag.py:3954} INFO - Setting next_dagrun for example_dynamic_task_mapping to 2022-03-04 00:00:00+00:00, run_after=2022-03-05 00:00:00+00:00
[2024-12-10T11:53:03.632-0300] {processor.py:183} INFO - Processing /home/beatriz/Documentos/airflow/airflow_venv/lib/python3.10/site-packages/airflow/example_dags/example_dynamic_task_mapping.py took 0.071 seconds
[2024-12-10T11:55:47.969-0300] {processor.py:161} INFO - Started process (PID=34599) to work on /home/beatriz/Documentos/airflow/airflow_venv/lib/python3.10/site-packages/airflow/example_dags/example_dynamic_task_mapping.py
[2024-12-10T11:55:47.970-0300] {processor.py:830} INFO - Processing file /home/beatriz/Documentos/airflow/airflow_venv/lib/python3.10/site-packages/airflow/example_dags/example_dynamic_task_mapping.py for tasks to queue
[2024-12-10T11:55:47.971-0300] {logging_mixin.py:188} INFO - [2024-12-10T11:55:47.970-0300] {dagbag.py:540} INFO - Filling up the DagBag from /home/beatriz/Documentos/airflow/airflow_venv/lib/python3.10/site-packages/airflow/example_dags/example_dynamic_task_mapping.py
[2024-12-10T11:55:47.979-0300] {processor.py:840} INFO - DAG(s) 'example_dynamic_task_mapping' retrieved from /home/beatriz/Documentos/airflow/airflow_venv/lib/python3.10/site-packages/airflow/example_dags/example_dynamic_task_mapping.py
[2024-12-10T11:55:47.994-0300] {logging_mixin.py:188} INFO - [2024-12-10T11:55:47.994-0300] {dag.py:3096} INFO - Sync 1 DAGs
[2024-12-10T11:55:48.009-0300] {logging_mixin.py:188} INFO - [2024-12-10T11:55:48.009-0300] {dag.py:3954} INFO - Setting next_dagrun for example_dynamic_task_mapping to 2022-03-04 00:00:00+00:00, run_after=2022-03-05 00:00:00+00:00
[2024-12-10T11:55:48.026-0300] {processor.py:183} INFO - Processing /home/beatriz/Documentos/airflow/airflow_venv/lib/python3.10/site-packages/airflow/example_dags/example_dynamic_task_mapping.py took 0.063 seconds
[2024-12-10T11:56:46.283-0300] {processor.py:161} INFO - Started process (PID=35092) to work on /home/beatriz/Documentos/airflow/airflow_venv/lib/python3.10/site-packages/airflow/example_dags/example_dynamic_task_mapping.py
[2024-12-10T11:56:46.284-0300] {processor.py:830} INFO - Processing file /home/beatriz/Documentos/airflow/airflow_venv/lib/python3.10/site-packages/airflow/example_dags/example_dynamic_task_mapping.py for tasks to queue
[2024-12-10T11:56:46.285-0300] {logging_mixin.py:188} INFO - [2024-12-10T11:56:46.285-0300] {dagbag.py:540} INFO - Filling up the DagBag from /home/beatriz/Documentos/airflow/airflow_venv/lib/python3.10/site-packages/airflow/example_dags/example_dynamic_task_mapping.py
[2024-12-10T11:56:46.290-0300] {processor.py:840} INFO - DAG(s) 'example_dynamic_task_mapping' retrieved from /home/beatriz/Documentos/airflow/airflow_venv/lib/python3.10/site-packages/airflow/example_dags/example_dynamic_task_mapping.py
[2024-12-10T11:56:46.301-0300] {logging_mixin.py:188} INFO - [2024-12-10T11:56:46.301-0300] {dag.py:3096} INFO - Sync 1 DAGs
[2024-12-10T11:56:46.314-0300] {logging_mixin.py:188} INFO - [2024-12-10T11:56:46.314-0300] {dag.py:3954} INFO - Setting next_dagrun for example_dynamic_task_mapping to 2022-03-04 00:00:00+00:00, run_after=2022-03-05 00:00:00+00:00
[2024-12-10T11:56:46.333-0300] {processor.py:183} INFO - Processing /home/beatriz/Documentos/airflow/airflow_venv/lib/python3.10/site-packages/airflow/example_dags/example_dynamic_task_mapping.py took 0.054 seconds
[2024-12-10T11:57:44.460-0300] {processor.py:161} INFO - Started process (PID=35552) to work on /home/beatriz/Documentos/airflow/airflow_venv/lib/python3.10/site-packages/airflow/example_dags/example_dynamic_task_mapping.py
[2024-12-10T11:57:44.461-0300] {processor.py:830} INFO - Processing file /home/beatriz/Documentos/airflow/airflow_venv/lib/python3.10/site-packages/airflow/example_dags/example_dynamic_task_mapping.py for tasks to queue
[2024-12-10T11:57:44.463-0300] {logging_mixin.py:188} INFO - [2024-12-10T11:57:44.462-0300] {dagbag.py:540} INFO - Filling up the DagBag from /home/beatriz/Documentos/airflow/airflow_venv/lib/python3.10/site-packages/airflow/example_dags/example_dynamic_task_mapping.py
[2024-12-10T11:57:44.473-0300] {processor.py:840} INFO - DAG(s) 'example_dynamic_task_mapping' retrieved from /home/beatriz/Documentos/airflow/airflow_venv/lib/python3.10/site-packages/airflow/example_dags/example_dynamic_task_mapping.py
[2024-12-10T11:57:44.490-0300] {logging_mixin.py:188} INFO - [2024-12-10T11:57:44.489-0300] {dag.py:3096} INFO - Sync 1 DAGs
[2024-12-10T11:57:44.504-0300] {logging_mixin.py:188} INFO - [2024-12-10T11:57:44.504-0300] {dag.py:3954} INFO - Setting next_dagrun for example_dynamic_task_mapping to 2022-03-04 00:00:00+00:00, run_after=2022-03-05 00:00:00+00:00
[2024-12-10T11:57:44.528-0300] {processor.py:183} INFO - Processing /home/beatriz/Documentos/airflow/airflow_venv/lib/python3.10/site-packages/airflow/example_dags/example_dynamic_task_mapping.py took 0.076 seconds
[2024-12-10T11:58:46.203-0300] {processor.py:161} INFO - Started process (PID=35969) to work on /home/beatriz/Documentos/airflow/airflow_venv/lib/python3.10/site-packages/airflow/example_dags/example_dynamic_task_mapping.py
[2024-12-10T11:58:46.211-0300] {processor.py:830} INFO - Processing file /home/beatriz/Documentos/airflow/airflow_venv/lib/python3.10/site-packages/airflow/example_dags/example_dynamic_task_mapping.py for tasks to queue
[2024-12-10T11:58:46.212-0300] {logging_mixin.py:188} INFO - [2024-12-10T11:58:46.212-0300] {dagbag.py:540} INFO - Filling up the DagBag from /home/beatriz/Documentos/airflow/airflow_venv/lib/python3.10/site-packages/airflow/example_dags/example_dynamic_task_mapping.py
[2024-12-10T11:58:46.228-0300] {processor.py:840} INFO - DAG(s) 'example_dynamic_task_mapping' retrieved from /home/beatriz/Documentos/airflow/airflow_venv/lib/python3.10/site-packages/airflow/example_dags/example_dynamic_task_mapping.py
[2024-12-10T11:58:46.246-0300] {logging_mixin.py:188} INFO - [2024-12-10T11:58:46.246-0300] {dag.py:3096} INFO - Sync 1 DAGs
[2024-12-10T11:58:46.264-0300] {logging_mixin.py:188} INFO - [2024-12-10T11:58:46.263-0300] {dag.py:3954} INFO - Setting next_dagrun for example_dynamic_task_mapping to 2022-03-04 00:00:00+00:00, run_after=2022-03-05 00:00:00+00:00
[2024-12-10T11:58:46.284-0300] {processor.py:183} INFO - Processing /home/beatriz/Documentos/airflow/airflow_venv/lib/python3.10/site-packages/airflow/example_dags/example_dynamic_task_mapping.py took 0.087 seconds
[2024-12-10T12:00:55.573-0300] {processor.py:161} INFO - Started process (PID=36758) to work on /home/beatriz/Documentos/airflow/airflow_venv/lib/python3.10/site-packages/airflow/example_dags/example_dynamic_task_mapping.py
[2024-12-10T12:00:55.575-0300] {processor.py:830} INFO - Processing file /home/beatriz/Documentos/airflow/airflow_venv/lib/python3.10/site-packages/airflow/example_dags/example_dynamic_task_mapping.py for tasks to queue
[2024-12-10T12:00:55.575-0300] {logging_mixin.py:188} INFO - [2024-12-10T12:00:55.575-0300] {dagbag.py:540} INFO - Filling up the DagBag from /home/beatriz/Documentos/airflow/airflow_venv/lib/python3.10/site-packages/airflow/example_dags/example_dynamic_task_mapping.py
[2024-12-10T12:00:55.583-0300] {processor.py:840} INFO - DAG(s) 'example_dynamic_task_mapping' retrieved from /home/beatriz/Documentos/airflow/airflow_venv/lib/python3.10/site-packages/airflow/example_dags/example_dynamic_task_mapping.py
[2024-12-10T12:00:55.596-0300] {logging_mixin.py:188} INFO - [2024-12-10T12:00:55.596-0300] {dag.py:3096} INFO - Sync 1 DAGs
[2024-12-10T12:00:55.610-0300] {logging_mixin.py:188} INFO - [2024-12-10T12:00:55.610-0300] {dag.py:3954} INFO - Setting next_dagrun for example_dynamic_task_mapping to 2022-03-04 00:00:00+00:00, run_after=2022-03-05 00:00:00+00:00
[2024-12-10T12:00:55.627-0300] {processor.py:183} INFO - Processing /home/beatriz/Documentos/airflow/airflow_venv/lib/python3.10/site-packages/airflow/example_dags/example_dynamic_task_mapping.py took 0.058 seconds
[2024-12-10T12:01:52.382-0300] {processor.py:161} INFO - Started process (PID=37237) to work on /home/beatriz/Documentos/airflow/airflow_venv/lib/python3.10/site-packages/airflow/example_dags/example_dynamic_task_mapping.py
[2024-12-10T12:01:52.383-0300] {processor.py:830} INFO - Processing file /home/beatriz/Documentos/airflow/airflow_venv/lib/python3.10/site-packages/airflow/example_dags/example_dynamic_task_mapping.py for tasks to queue
[2024-12-10T12:01:52.384-0300] {logging_mixin.py:188} INFO - [2024-12-10T12:01:52.384-0300] {dagbag.py:540} INFO - Filling up the DagBag from /home/beatriz/Documentos/airflow/airflow_venv/lib/python3.10/site-packages/airflow/example_dags/example_dynamic_task_mapping.py
[2024-12-10T12:01:52.390-0300] {processor.py:840} INFO - DAG(s) 'example_dynamic_task_mapping' retrieved from /home/beatriz/Documentos/airflow/airflow_venv/lib/python3.10/site-packages/airflow/example_dags/example_dynamic_task_mapping.py
[2024-12-10T12:01:52.402-0300] {logging_mixin.py:188} INFO - [2024-12-10T12:01:52.402-0300] {dag.py:3096} INFO - Sync 1 DAGs
[2024-12-10T12:01:52.417-0300] {logging_mixin.py:188} INFO - [2024-12-10T12:01:52.417-0300] {dag.py:3954} INFO - Setting next_dagrun for example_dynamic_task_mapping to 2022-03-04 00:00:00+00:00, run_after=2022-03-05 00:00:00+00:00
[2024-12-10T12:01:52.434-0300] {processor.py:183} INFO - Processing /home/beatriz/Documentos/airflow/airflow_venv/lib/python3.10/site-packages/airflow/example_dags/example_dynamic_task_mapping.py took 0.056 seconds
[2024-12-10T13:34:42.565-0300] {processor.py:161} INFO - Started process (PID=40411) to work on /home/beatriz/Documentos/airflow/airflow_venv/lib/python3.10/site-packages/airflow/example_dags/example_dynamic_task_mapping.py
[2024-12-10T13:34:42.572-0300] {processor.py:830} INFO - Processing file /home/beatriz/Documentos/airflow/airflow_venv/lib/python3.10/site-packages/airflow/example_dags/example_dynamic_task_mapping.py for tasks to queue
[2024-12-10T13:34:42.574-0300] {logging_mixin.py:188} INFO - [2024-12-10T13:34:42.573-0300] {dagbag.py:540} INFO - Filling up the DagBag from /home/beatriz/Documentos/airflow/airflow_venv/lib/python3.10/site-packages/airflow/example_dags/example_dynamic_task_mapping.py
[2024-12-10T13:34:42.583-0300] {processor.py:840} INFO - DAG(s) 'example_dynamic_task_mapping' retrieved from /home/beatriz/Documentos/airflow/airflow_venv/lib/python3.10/site-packages/airflow/example_dags/example_dynamic_task_mapping.py
[2024-12-10T13:34:42.664-0300] {logging_mixin.py:188} INFO - [2024-12-10T13:34:42.664-0300] {dag.py:3096} INFO - Sync 1 DAGs
[2024-12-10T13:34:42.678-0300] {logging_mixin.py:188} INFO - [2024-12-10T13:34:42.678-0300] {dag.py:3954} INFO - Setting next_dagrun for example_dynamic_task_mapping to 2022-03-04 00:00:00+00:00, run_after=2022-03-05 00:00:00+00:00
[2024-12-10T13:34:42.697-0300] {processor.py:183} INFO - Processing /home/beatriz/Documentos/airflow/airflow_venv/lib/python3.10/site-packages/airflow/example_dags/example_dynamic_task_mapping.py took 0.139 seconds
[2024-12-10T13:36:13.120-0300] {processor.py:161} INFO - Started process (PID=41696) to work on /home/beatriz/Documentos/airflow/airflow_venv/lib/python3.10/site-packages/airflow/example_dags/example_dynamic_task_mapping.py
[2024-12-10T13:36:13.121-0300] {processor.py:830} INFO - Processing file /home/beatriz/Documentos/airflow/airflow_venv/lib/python3.10/site-packages/airflow/example_dags/example_dynamic_task_mapping.py for tasks to queue
[2024-12-10T13:36:13.123-0300] {logging_mixin.py:188} INFO - [2024-12-10T13:36:13.122-0300] {dagbag.py:540} INFO - Filling up the DagBag from /home/beatriz/Documentos/airflow/airflow_venv/lib/python3.10/site-packages/airflow/example_dags/example_dynamic_task_mapping.py
[2024-12-10T13:36:13.129-0300] {processor.py:840} INFO - DAG(s) 'example_dynamic_task_mapping' retrieved from /home/beatriz/Documentos/airflow/airflow_venv/lib/python3.10/site-packages/airflow/example_dags/example_dynamic_task_mapping.py
[2024-12-10T13:36:13.141-0300] {logging_mixin.py:188} INFO - [2024-12-10T13:36:13.141-0300] {dag.py:3096} INFO - Sync 1 DAGs
[2024-12-10T13:36:13.157-0300] {logging_mixin.py:188} INFO - [2024-12-10T13:36:13.157-0300] {dag.py:3954} INFO - Setting next_dagrun for example_dynamic_task_mapping to 2022-03-04 00:00:00+00:00, run_after=2022-03-05 00:00:00+00:00
[2024-12-10T13:36:13.183-0300] {processor.py:183} INFO - Processing /home/beatriz/Documentos/airflow/airflow_venv/lib/python3.10/site-packages/airflow/example_dags/example_dynamic_task_mapping.py took 0.068 seconds
[2024-12-10T13:37:16.245-0300] {processor.py:161} INFO - Started process (PID=42333) to work on /home/beatriz/Documentos/airflow/airflow_venv/lib/python3.10/site-packages/airflow/example_dags/example_dynamic_task_mapping.py
[2024-12-10T13:37:16.246-0300] {processor.py:830} INFO - Processing file /home/beatriz/Documentos/airflow/airflow_venv/lib/python3.10/site-packages/airflow/example_dags/example_dynamic_task_mapping.py for tasks to queue
[2024-12-10T13:37:16.247-0300] {logging_mixin.py:188} INFO - [2024-12-10T13:37:16.247-0300] {dagbag.py:540} INFO - Filling up the DagBag from /home/beatriz/Documentos/airflow/airflow_venv/lib/python3.10/site-packages/airflow/example_dags/example_dynamic_task_mapping.py
[2024-12-10T13:37:16.254-0300] {processor.py:840} INFO - DAG(s) 'example_dynamic_task_mapping' retrieved from /home/beatriz/Documentos/airflow/airflow_venv/lib/python3.10/site-packages/airflow/example_dags/example_dynamic_task_mapping.py
[2024-12-10T13:37:16.266-0300] {logging_mixin.py:188} INFO - [2024-12-10T13:37:16.265-0300] {dag.py:3096} INFO - Sync 1 DAGs
[2024-12-10T13:37:16.283-0300] {logging_mixin.py:188} INFO - [2024-12-10T13:37:16.282-0300] {dag.py:3954} INFO - Setting next_dagrun for example_dynamic_task_mapping to 2022-03-04 00:00:00+00:00, run_after=2022-03-05 00:00:00+00:00
[2024-12-10T13:37:16.381-0300] {processor.py:183} INFO - Processing /home/beatriz/Documentos/airflow/airflow_venv/lib/python3.10/site-packages/airflow/example_dags/example_dynamic_task_mapping.py took 0.140 seconds
[2024-12-10T13:38:25.770-0300] {processor.py:161} INFO - Started process (PID=42972) to work on /home/beatriz/Documentos/airflow/airflow_venv/lib/python3.10/site-packages/airflow/example_dags/example_dynamic_task_mapping.py
[2024-12-10T13:38:25.772-0300] {processor.py:830} INFO - Processing file /home/beatriz/Documentos/airflow/airflow_venv/lib/python3.10/site-packages/airflow/example_dags/example_dynamic_task_mapping.py for tasks to queue
[2024-12-10T13:38:25.775-0300] {logging_mixin.py:188} INFO - [2024-12-10T13:38:25.775-0300] {dagbag.py:540} INFO - Filling up the DagBag from /home/beatriz/Documentos/airflow/airflow_venv/lib/python3.10/site-packages/airflow/example_dags/example_dynamic_task_mapping.py
[2024-12-10T13:38:25.788-0300] {processor.py:840} INFO - DAG(s) 'example_dynamic_task_mapping' retrieved from /home/beatriz/Documentos/airflow/airflow_venv/lib/python3.10/site-packages/airflow/example_dags/example_dynamic_task_mapping.py
[2024-12-10T13:38:25.804-0300] {logging_mixin.py:188} INFO - [2024-12-10T13:38:25.804-0300] {dag.py:3096} INFO - Sync 1 DAGs
[2024-12-10T13:38:25.820-0300] {logging_mixin.py:188} INFO - [2024-12-10T13:38:25.819-0300] {dag.py:3954} INFO - Setting next_dagrun for example_dynamic_task_mapping to 2022-03-04 00:00:00+00:00, run_after=2022-03-05 00:00:00+00:00
[2024-12-10T13:38:25.841-0300] {processor.py:183} INFO - Processing /home/beatriz/Documentos/airflow/airflow_venv/lib/python3.10/site-packages/airflow/example_dags/example_dynamic_task_mapping.py took 0.084 seconds
[2024-12-10T13:45:48.406-0300] {processor.py:161} INFO - Started process (PID=45759) to work on /home/beatriz/Documentos/airflow/airflow_venv/lib/python3.10/site-packages/airflow/example_dags/example_dynamic_task_mapping.py
[2024-12-10T13:45:48.408-0300] {processor.py:830} INFO - Processing file /home/beatriz/Documentos/airflow/airflow_venv/lib/python3.10/site-packages/airflow/example_dags/example_dynamic_task_mapping.py for tasks to queue
[2024-12-10T13:45:48.411-0300] {logging_mixin.py:188} INFO - [2024-12-10T13:45:48.410-0300] {dagbag.py:540} INFO - Filling up the DagBag from /home/beatriz/Documentos/airflow/airflow_venv/lib/python3.10/site-packages/airflow/example_dags/example_dynamic_task_mapping.py
[2024-12-10T13:45:48.426-0300] {processor.py:840} INFO - DAG(s) 'example_dynamic_task_mapping' retrieved from /home/beatriz/Documentos/airflow/airflow_venv/lib/python3.10/site-packages/airflow/example_dags/example_dynamic_task_mapping.py
[2024-12-10T13:45:48.505-0300] {logging_mixin.py:188} INFO - [2024-12-10T13:45:48.505-0300] {dag.py:3096} INFO - Sync 1 DAGs
[2024-12-10T13:45:48.516-0300] {logging_mixin.py:188} INFO - [2024-12-10T13:45:48.516-0300] {dag.py:3954} INFO - Setting next_dagrun for example_dynamic_task_mapping to 2022-03-04 00:00:00+00:00, run_after=2022-03-05 00:00:00+00:00
[2024-12-10T13:45:48.532-0300] {processor.py:183} INFO - Processing /home/beatriz/Documentos/airflow/airflow_venv/lib/python3.10/site-packages/airflow/example_dags/example_dynamic_task_mapping.py took 0.137 seconds
