[2024-12-10T10:09:28.547-0300] {processor.py:161} INFO - Started process (PID=10330) to work on /home/beatriz/Documentos/airflow/airflow_venv/lib/python3.10/site-packages/airflow/example_dags/example_short_circuit_operator.py
[2024-12-10T10:09:28.547-0300] {processor.py:830} INFO - Processing file /home/beatriz/Documentos/airflow/airflow_venv/lib/python3.10/site-packages/airflow/example_dags/example_short_circuit_operator.py for tasks to queue
[2024-12-10T10:09:28.549-0300] {logging_mixin.py:188} INFO - [2024-12-10T10:09:28.548-0300] {dagbag.py:540} INFO - Filling up the DagBag from /home/beatriz/Documentos/airflow/airflow_venv/lib/python3.10/site-packages/airflow/example_dags/example_short_circuit_operator.py
[2024-12-10T10:09:28.558-0300] {processor.py:840} INFO - DAG(s) 'example_short_circuit_operator' retrieved from /home/beatriz/Documentos/airflow/airflow_venv/lib/python3.10/site-packages/airflow/example_dags/example_short_circuit_operator.py
[2024-12-10T10:09:28.564-0300] {logging_mixin.py:188} INFO - [2024-12-10T10:09:28.564-0300] {dag.py:3096} INFO - Sync 1 DAGs
[2024-12-10T10:09:28.580-0300] {logging_mixin.py:188} INFO - [2024-12-10T10:09:28.580-0300] {dag.py:3954} INFO - Setting next_dagrun for example_short_circuit_operator to 2024-12-09 00:00:00+00:00, run_after=2024-12-10 00:00:00+00:00
[2024-12-10T10:09:28.599-0300] {processor.py:183} INFO - Processing /home/beatriz/Documentos/airflow/airflow_venv/lib/python3.10/site-packages/airflow/example_dags/example_short_circuit_operator.py took 0.057 seconds
[2024-12-10T10:10:27.863-0300] {processor.py:161} INFO - Started process (PID=10948) to work on /home/beatriz/Documentos/airflow/airflow_venv/lib/python3.10/site-packages/airflow/example_dags/example_short_circuit_operator.py
[2024-12-10T10:10:27.864-0300] {processor.py:830} INFO - Processing file /home/beatriz/Documentos/airflow/airflow_venv/lib/python3.10/site-packages/airflow/example_dags/example_short_circuit_operator.py for tasks to queue
[2024-12-10T10:10:27.865-0300] {logging_mixin.py:188} INFO - [2024-12-10T10:10:27.865-0300] {dagbag.py:540} INFO - Filling up the DagBag from /home/beatriz/Documentos/airflow/airflow_venv/lib/python3.10/site-packages/airflow/example_dags/example_short_circuit_operator.py
[2024-12-10T10:10:27.871-0300] {processor.py:840} INFO - DAG(s) 'example_short_circuit_operator' retrieved from /home/beatriz/Documentos/airflow/airflow_venv/lib/python3.10/site-packages/airflow/example_dags/example_short_circuit_operator.py
[2024-12-10T10:10:27.958-0300] {logging_mixin.py:188} INFO - [2024-12-10T10:10:27.958-0300] {dag.py:3096} INFO - Sync 1 DAGs
[2024-12-10T10:10:27.978-0300] {logging_mixin.py:188} INFO - [2024-12-10T10:10:27.978-0300] {dag.py:3954} INFO - Setting next_dagrun for example_short_circuit_operator to 2024-12-09 00:00:00+00:00, run_after=2024-12-10 00:00:00+00:00
[2024-12-10T10:10:28.008-0300] {processor.py:183} INFO - Processing /home/beatriz/Documentos/airflow/airflow_venv/lib/python3.10/site-packages/airflow/example_dags/example_short_circuit_operator.py took 0.151 seconds
[2024-12-10T10:11:23.527-0300] {processor.py:161} INFO - Started process (PID=11488) to work on /home/beatriz/Documentos/airflow/airflow_venv/lib/python3.10/site-packages/airflow/example_dags/example_short_circuit_operator.py
[2024-12-10T10:11:23.529-0300] {processor.py:830} INFO - Processing file /home/beatriz/Documentos/airflow/airflow_venv/lib/python3.10/site-packages/airflow/example_dags/example_short_circuit_operator.py for tasks to queue
[2024-12-10T10:11:23.530-0300] {logging_mixin.py:188} INFO - [2024-12-10T10:11:23.530-0300] {dagbag.py:540} INFO - Filling up the DagBag from /home/beatriz/Documentos/airflow/airflow_venv/lib/python3.10/site-packages/airflow/example_dags/example_short_circuit_operator.py
[2024-12-10T10:11:23.536-0300] {processor.py:840} INFO - DAG(s) 'example_short_circuit_operator' retrieved from /home/beatriz/Documentos/airflow/airflow_venv/lib/python3.10/site-packages/airflow/example_dags/example_short_circuit_operator.py
[2024-12-10T10:11:23.550-0300] {logging_mixin.py:188} INFO - [2024-12-10T10:11:23.550-0300] {dag.py:3096} INFO - Sync 1 DAGs
[2024-12-10T10:11:23.564-0300] {logging_mixin.py:188} INFO - [2024-12-10T10:11:23.564-0300] {dag.py:3954} INFO - Setting next_dagrun for example_short_circuit_operator to 2024-12-09 00:00:00+00:00, run_after=2024-12-10 00:00:00+00:00
[2024-12-10T10:11:23.580-0300] {processor.py:183} INFO - Processing /home/beatriz/Documentos/airflow/airflow_venv/lib/python3.10/site-packages/airflow/example_dags/example_short_circuit_operator.py took 0.058 seconds
[2024-12-10T10:12:18.361-0300] {processor.py:161} INFO - Started process (PID=11934) to work on /home/beatriz/Documentos/airflow/airflow_venv/lib/python3.10/site-packages/airflow/example_dags/example_short_circuit_operator.py
[2024-12-10T10:12:18.363-0300] {processor.py:830} INFO - Processing file /home/beatriz/Documentos/airflow/airflow_venv/lib/python3.10/site-packages/airflow/example_dags/example_short_circuit_operator.py for tasks to queue
[2024-12-10T10:12:18.366-0300] {logging_mixin.py:188} INFO - [2024-12-10T10:12:18.366-0300] {dagbag.py:540} INFO - Filling up the DagBag from /home/beatriz/Documentos/airflow/airflow_venv/lib/python3.10/site-packages/airflow/example_dags/example_short_circuit_operator.py
[2024-12-10T10:12:18.379-0300] {processor.py:840} INFO - DAG(s) 'example_short_circuit_operator' retrieved from /home/beatriz/Documentos/airflow/airflow_venv/lib/python3.10/site-packages/airflow/example_dags/example_short_circuit_operator.py
[2024-12-10T10:12:18.398-0300] {logging_mixin.py:188} INFO - [2024-12-10T10:12:18.398-0300] {dag.py:3096} INFO - Sync 1 DAGs
[2024-12-10T10:12:18.413-0300] {logging_mixin.py:188} INFO - [2024-12-10T10:12:18.413-0300] {dag.py:3954} INFO - Setting next_dagrun for example_short_circuit_operator to 2024-12-09 00:00:00+00:00, run_after=2024-12-10 00:00:00+00:00
[2024-12-10T10:12:18.431-0300] {processor.py:183} INFO - Processing /home/beatriz/Documentos/airflow/airflow_venv/lib/python3.10/site-packages/airflow/example_dags/example_short_circuit_operator.py took 0.081 seconds
[2024-12-10T10:13:07.805-0300] {processor.py:161} INFO - Started process (PID=12348) to work on /home/beatriz/Documentos/airflow/airflow_venv/lib/python3.10/site-packages/airflow/example_dags/example_short_circuit_operator.py
[2024-12-10T10:13:07.806-0300] {processor.py:830} INFO - Processing file /home/beatriz/Documentos/airflow/airflow_venv/lib/python3.10/site-packages/airflow/example_dags/example_short_circuit_operator.py for tasks to queue
[2024-12-10T10:13:07.808-0300] {logging_mixin.py:188} INFO - [2024-12-10T10:13:07.808-0300] {dagbag.py:540} INFO - Filling up the DagBag from /home/beatriz/Documentos/airflow/airflow_venv/lib/python3.10/site-packages/airflow/example_dags/example_short_circuit_operator.py
[2024-12-10T10:13:07.819-0300] {processor.py:840} INFO - DAG(s) 'example_short_circuit_operator' retrieved from /home/beatriz/Documentos/airflow/airflow_venv/lib/python3.10/site-packages/airflow/example_dags/example_short_circuit_operator.py
[2024-12-10T10:13:07.839-0300] {logging_mixin.py:188} INFO - [2024-12-10T10:13:07.839-0300] {dag.py:3096} INFO - Sync 1 DAGs
[2024-12-10T10:13:07.855-0300] {logging_mixin.py:188} INFO - [2024-12-10T10:13:07.854-0300] {dag.py:3954} INFO - Setting next_dagrun for example_short_circuit_operator to 2024-12-09 00:00:00+00:00, run_after=2024-12-10 00:00:00+00:00
[2024-12-10T10:13:07.875-0300] {processor.py:183} INFO - Processing /home/beatriz/Documentos/airflow/airflow_venv/lib/python3.10/site-packages/airflow/example_dags/example_short_circuit_operator.py took 0.079 seconds
[2024-12-10T10:13:57.410-0300] {processor.py:161} INFO - Started process (PID=12685) to work on /home/beatriz/Documentos/airflow/airflow_venv/lib/python3.10/site-packages/airflow/example_dags/example_short_circuit_operator.py
[2024-12-10T10:13:57.413-0300] {processor.py:830} INFO - Processing file /home/beatriz/Documentos/airflow/airflow_venv/lib/python3.10/site-packages/airflow/example_dags/example_short_circuit_operator.py for tasks to queue
[2024-12-10T10:13:57.416-0300] {logging_mixin.py:188} INFO - [2024-12-10T10:13:57.415-0300] {dagbag.py:540} INFO - Filling up the DagBag from /home/beatriz/Documentos/airflow/airflow_venv/lib/python3.10/site-packages/airflow/example_dags/example_short_circuit_operator.py
[2024-12-10T10:13:57.425-0300] {processor.py:840} INFO - DAG(s) 'example_short_circuit_operator' retrieved from /home/beatriz/Documentos/airflow/airflow_venv/lib/python3.10/site-packages/airflow/example_dags/example_short_circuit_operator.py
[2024-12-10T10:13:57.441-0300] {logging_mixin.py:188} INFO - [2024-12-10T10:13:57.441-0300] {dag.py:3096} INFO - Sync 1 DAGs
[2024-12-10T10:13:57.455-0300] {logging_mixin.py:188} INFO - [2024-12-10T10:13:57.455-0300] {dag.py:3954} INFO - Setting next_dagrun for example_short_circuit_operator to 2024-12-09 00:00:00+00:00, run_after=2024-12-10 00:00:00+00:00
[2024-12-10T10:13:57.476-0300] {processor.py:183} INFO - Processing /home/beatriz/Documentos/airflow/airflow_venv/lib/python3.10/site-packages/airflow/example_dags/example_short_circuit_operator.py took 0.082 seconds
[2024-12-10T10:14:46.903-0300] {processor.py:161} INFO - Started process (PID=13243) to work on /home/beatriz/Documentos/airflow/airflow_venv/lib/python3.10/site-packages/airflow/example_dags/example_short_circuit_operator.py
[2024-12-10T10:14:46.906-0300] {processor.py:830} INFO - Processing file /home/beatriz/Documentos/airflow/airflow_venv/lib/python3.10/site-packages/airflow/example_dags/example_short_circuit_operator.py for tasks to queue
[2024-12-10T10:14:46.908-0300] {logging_mixin.py:188} INFO - [2024-12-10T10:14:46.907-0300] {dagbag.py:540} INFO - Filling up the DagBag from /home/beatriz/Documentos/airflow/airflow_venv/lib/python3.10/site-packages/airflow/example_dags/example_short_circuit_operator.py
[2024-12-10T10:14:46.919-0300] {processor.py:840} INFO - DAG(s) 'example_short_circuit_operator' retrieved from /home/beatriz/Documentos/airflow/airflow_venv/lib/python3.10/site-packages/airflow/example_dags/example_short_circuit_operator.py
[2024-12-10T10:14:46.940-0300] {logging_mixin.py:188} INFO - [2024-12-10T10:14:46.940-0300] {dag.py:3096} INFO - Sync 1 DAGs
[2024-12-10T10:14:46.955-0300] {logging_mixin.py:188} INFO - [2024-12-10T10:14:46.954-0300] {dag.py:3954} INFO - Setting next_dagrun for example_short_circuit_operator to 2024-12-09 00:00:00+00:00, run_after=2024-12-10 00:00:00+00:00
[2024-12-10T10:14:46.971-0300] {processor.py:183} INFO - Processing /home/beatriz/Documentos/airflow/airflow_venv/lib/python3.10/site-packages/airflow/example_dags/example_short_circuit_operator.py took 0.073 seconds
[2024-12-10T10:15:37.638-0300] {processor.py:161} INFO - Started process (PID=13676) to work on /home/beatriz/Documentos/airflow/airflow_venv/lib/python3.10/site-packages/airflow/example_dags/example_short_circuit_operator.py
[2024-12-10T10:15:37.640-0300] {processor.py:830} INFO - Processing file /home/beatriz/Documentos/airflow/airflow_venv/lib/python3.10/site-packages/airflow/example_dags/example_short_circuit_operator.py for tasks to queue
[2024-12-10T10:15:37.641-0300] {logging_mixin.py:188} INFO - [2024-12-10T10:15:37.641-0300] {dagbag.py:540} INFO - Filling up the DagBag from /home/beatriz/Documentos/airflow/airflow_venv/lib/python3.10/site-packages/airflow/example_dags/example_short_circuit_operator.py
[2024-12-10T10:15:37.648-0300] {processor.py:840} INFO - DAG(s) 'example_short_circuit_operator' retrieved from /home/beatriz/Documentos/airflow/airflow_venv/lib/python3.10/site-packages/airflow/example_dags/example_short_circuit_operator.py
[2024-12-10T10:15:37.666-0300] {logging_mixin.py:188} INFO - [2024-12-10T10:15:37.666-0300] {dag.py:3096} INFO - Sync 1 DAGs
[2024-12-10T10:15:37.680-0300] {logging_mixin.py:188} INFO - [2024-12-10T10:15:37.680-0300] {dag.py:3954} INFO - Setting next_dagrun for example_short_circuit_operator to 2024-12-09 00:00:00+00:00, run_after=2024-12-10 00:00:00+00:00
[2024-12-10T10:15:37.697-0300] {processor.py:183} INFO - Processing /home/beatriz/Documentos/airflow/airflow_venv/lib/python3.10/site-packages/airflow/example_dags/example_short_circuit_operator.py took 0.064 seconds
[2024-12-10T10:16:26.483-0300] {processor.py:161} INFO - Started process (PID=14115) to work on /home/beatriz/Documentos/airflow/airflow_venv/lib/python3.10/site-packages/airflow/example_dags/example_short_circuit_operator.py
[2024-12-10T10:16:26.484-0300] {processor.py:830} INFO - Processing file /home/beatriz/Documentos/airflow/airflow_venv/lib/python3.10/site-packages/airflow/example_dags/example_short_circuit_operator.py for tasks to queue
[2024-12-10T10:16:26.485-0300] {logging_mixin.py:188} INFO - [2024-12-10T10:16:26.485-0300] {dagbag.py:540} INFO - Filling up the DagBag from /home/beatriz/Documentos/airflow/airflow_venv/lib/python3.10/site-packages/airflow/example_dags/example_short_circuit_operator.py
[2024-12-10T10:16:26.490-0300] {processor.py:840} INFO - DAG(s) 'example_short_circuit_operator' retrieved from /home/beatriz/Documentos/airflow/airflow_venv/lib/python3.10/site-packages/airflow/example_dags/example_short_circuit_operator.py
[2024-12-10T10:16:26.503-0300] {logging_mixin.py:188} INFO - [2024-12-10T10:16:26.502-0300] {dag.py:3096} INFO - Sync 1 DAGs
[2024-12-10T10:16:26.515-0300] {logging_mixin.py:188} INFO - [2024-12-10T10:16:26.515-0300] {dag.py:3954} INFO - Setting next_dagrun for example_short_circuit_operator to 2024-12-09 00:00:00+00:00, run_after=2024-12-10 00:00:00+00:00
[2024-12-10T10:16:26.533-0300] {processor.py:183} INFO - Processing /home/beatriz/Documentos/airflow/airflow_venv/lib/python3.10/site-packages/airflow/example_dags/example_short_circuit_operator.py took 0.053 seconds
[2024-12-10T10:17:19.873-0300] {processor.py:161} INFO - Started process (PID=14524) to work on /home/beatriz/Documentos/airflow/airflow_venv/lib/python3.10/site-packages/airflow/example_dags/example_short_circuit_operator.py
[2024-12-10T10:17:19.875-0300] {processor.py:830} INFO - Processing file /home/beatriz/Documentos/airflow/airflow_venv/lib/python3.10/site-packages/airflow/example_dags/example_short_circuit_operator.py for tasks to queue
[2024-12-10T10:17:19.876-0300] {logging_mixin.py:188} INFO - [2024-12-10T10:17:19.876-0300] {dagbag.py:540} INFO - Filling up the DagBag from /home/beatriz/Documentos/airflow/airflow_venv/lib/python3.10/site-packages/airflow/example_dags/example_short_circuit_operator.py
[2024-12-10T10:17:19.882-0300] {processor.py:840} INFO - DAG(s) 'example_short_circuit_operator' retrieved from /home/beatriz/Documentos/airflow/airflow_venv/lib/python3.10/site-packages/airflow/example_dags/example_short_circuit_operator.py
[2024-12-10T10:17:19.896-0300] {logging_mixin.py:188} INFO - [2024-12-10T10:17:19.896-0300] {dag.py:3096} INFO - Sync 1 DAGs
[2024-12-10T10:17:19.911-0300] {logging_mixin.py:188} INFO - [2024-12-10T10:17:19.911-0300] {dag.py:3954} INFO - Setting next_dagrun for example_short_circuit_operator to 2024-12-09 00:00:00+00:00, run_after=2024-12-10 00:00:00+00:00
[2024-12-10T10:17:19.927-0300] {processor.py:183} INFO - Processing /home/beatriz/Documentos/airflow/airflow_venv/lib/python3.10/site-packages/airflow/example_dags/example_short_circuit_operator.py took 0.059 seconds
[2024-12-10T10:18:12.797-0300] {processor.py:161} INFO - Started process (PID=15001) to work on /home/beatriz/Documentos/airflow/airflow_venv/lib/python3.10/site-packages/airflow/example_dags/example_short_circuit_operator.py
[2024-12-10T10:18:12.800-0300] {processor.py:830} INFO - Processing file /home/beatriz/Documentos/airflow/airflow_venv/lib/python3.10/site-packages/airflow/example_dags/example_short_circuit_operator.py for tasks to queue
[2024-12-10T10:18:12.805-0300] {logging_mixin.py:188} INFO - [2024-12-10T10:18:12.804-0300] {dagbag.py:540} INFO - Filling up the DagBag from /home/beatriz/Documentos/airflow/airflow_venv/lib/python3.10/site-packages/airflow/example_dags/example_short_circuit_operator.py
[2024-12-10T10:18:12.816-0300] {processor.py:840} INFO - DAG(s) 'example_short_circuit_operator' retrieved from /home/beatriz/Documentos/airflow/airflow_venv/lib/python3.10/site-packages/airflow/example_dags/example_short_circuit_operator.py
[2024-12-10T10:18:12.834-0300] {logging_mixin.py:188} INFO - [2024-12-10T10:18:12.834-0300] {dag.py:3096} INFO - Sync 1 DAGs
[2024-12-10T10:18:12.851-0300] {logging_mixin.py:188} INFO - [2024-12-10T10:18:12.850-0300] {dag.py:3954} INFO - Setting next_dagrun for example_short_circuit_operator to 2024-12-09 00:00:00+00:00, run_after=2024-12-10 00:00:00+00:00
[2024-12-10T10:18:12.870-0300] {processor.py:183} INFO - Processing /home/beatriz/Documentos/airflow/airflow_venv/lib/python3.10/site-packages/airflow/example_dags/example_short_circuit_operator.py took 0.085 seconds
[2024-12-10T10:19:02.323-0300] {processor.py:161} INFO - Started process (PID=15452) to work on /home/beatriz/Documentos/airflow/airflow_venv/lib/python3.10/site-packages/airflow/example_dags/example_short_circuit_operator.py
[2024-12-10T10:19:02.325-0300] {processor.py:830} INFO - Processing file /home/beatriz/Documentos/airflow/airflow_venv/lib/python3.10/site-packages/airflow/example_dags/example_short_circuit_operator.py for tasks to queue
[2024-12-10T10:19:02.327-0300] {logging_mixin.py:188} INFO - [2024-12-10T10:19:02.326-0300] {dagbag.py:540} INFO - Filling up the DagBag from /home/beatriz/Documentos/airflow/airflow_venv/lib/python3.10/site-packages/airflow/example_dags/example_short_circuit_operator.py
[2024-12-10T10:19:02.333-0300] {processor.py:840} INFO - DAG(s) 'example_short_circuit_operator' retrieved from /home/beatriz/Documentos/airflow/airflow_venv/lib/python3.10/site-packages/airflow/example_dags/example_short_circuit_operator.py
[2024-12-10T10:19:02.353-0300] {logging_mixin.py:188} INFO - [2024-12-10T10:19:02.352-0300] {dag.py:3096} INFO - Sync 1 DAGs
[2024-12-10T10:19:02.373-0300] {logging_mixin.py:188} INFO - [2024-12-10T10:19:02.373-0300] {dag.py:3954} INFO - Setting next_dagrun for example_short_circuit_operator to 2024-12-09 00:00:00+00:00, run_after=2024-12-10 00:00:00+00:00
[2024-12-10T10:19:02.391-0300] {processor.py:183} INFO - Processing /home/beatriz/Documentos/airflow/airflow_venv/lib/python3.10/site-packages/airflow/example_dags/example_short_circuit_operator.py took 0.073 seconds
[2024-12-10T11:01:07.983-0300] {processor.py:161} INFO - Started process (PID=19227) to work on /home/beatriz/Documentos/airflow/airflow_venv/lib/python3.10/site-packages/airflow/example_dags/example_short_circuit_operator.py
[2024-12-10T11:01:07.985-0300] {processor.py:830} INFO - Processing file /home/beatriz/Documentos/airflow/airflow_venv/lib/python3.10/site-packages/airflow/example_dags/example_short_circuit_operator.py for tasks to queue
[2024-12-10T11:01:07.987-0300] {logging_mixin.py:188} INFO - [2024-12-10T11:01:07.986-0300] {dagbag.py:540} INFO - Filling up the DagBag from /home/beatriz/Documentos/airflow/airflow_venv/lib/python3.10/site-packages/airflow/example_dags/example_short_circuit_operator.py
[2024-12-10T11:01:07.992-0300] {processor.py:840} INFO - DAG(s) 'example_short_circuit_operator' retrieved from /home/beatriz/Documentos/airflow/airflow_venv/lib/python3.10/site-packages/airflow/example_dags/example_short_circuit_operator.py
[2024-12-10T11:01:08.077-0300] {logging_mixin.py:188} INFO - [2024-12-10T11:01:08.076-0300] {dag.py:3096} INFO - Sync 1 DAGs
[2024-12-10T11:01:08.091-0300] {logging_mixin.py:188} INFO - [2024-12-10T11:01:08.091-0300] {dag.py:3954} INFO - Setting next_dagrun for example_short_circuit_operator to 2024-12-09 00:00:00+00:00, run_after=2024-12-10 00:00:00+00:00
[2024-12-10T11:01:08.110-0300] {processor.py:183} INFO - Processing /home/beatriz/Documentos/airflow/airflow_venv/lib/python3.10/site-packages/airflow/example_dags/example_short_circuit_operator.py took 0.132 seconds
[2024-12-10T11:02:14.948-0300] {processor.py:161} INFO - Started process (PID=20088) to work on /home/beatriz/Documentos/airflow/airflow_venv/lib/python3.10/site-packages/airflow/example_dags/example_short_circuit_operator.py
[2024-12-10T11:02:14.951-0300] {processor.py:830} INFO - Processing file /home/beatriz/Documentos/airflow/airflow_venv/lib/python3.10/site-packages/airflow/example_dags/example_short_circuit_operator.py for tasks to queue
[2024-12-10T11:02:14.954-0300] {logging_mixin.py:188} INFO - [2024-12-10T11:02:14.953-0300] {dagbag.py:540} INFO - Filling up the DagBag from /home/beatriz/Documentos/airflow/airflow_venv/lib/python3.10/site-packages/airflow/example_dags/example_short_circuit_operator.py
[2024-12-10T11:02:14.965-0300] {processor.py:840} INFO - DAG(s) 'example_short_circuit_operator' retrieved from /home/beatriz/Documentos/airflow/airflow_venv/lib/python3.10/site-packages/airflow/example_dags/example_short_circuit_operator.py
[2024-12-10T11:02:14.983-0300] {logging_mixin.py:188} INFO - [2024-12-10T11:02:14.983-0300] {dag.py:3096} INFO - Sync 1 DAGs
[2024-12-10T11:02:15.004-0300] {logging_mixin.py:188} INFO - [2024-12-10T11:02:15.004-0300] {dag.py:3954} INFO - Setting next_dagrun for example_short_circuit_operator to 2024-12-09 00:00:00+00:00, run_after=2024-12-10 00:00:00+00:00
[2024-12-10T11:02:15.040-0300] {processor.py:183} INFO - Processing /home/beatriz/Documentos/airflow/airflow_venv/lib/python3.10/site-packages/airflow/example_dags/example_short_circuit_operator.py took 0.103 seconds
[2024-12-10T11:03:10.727-0300] {processor.py:161} INFO - Started process (PID=20524) to work on /home/beatriz/Documentos/airflow/airflow_venv/lib/python3.10/site-packages/airflow/example_dags/example_short_circuit_operator.py
[2024-12-10T11:03:10.731-0300] {processor.py:830} INFO - Processing file /home/beatriz/Documentos/airflow/airflow_venv/lib/python3.10/site-packages/airflow/example_dags/example_short_circuit_operator.py for tasks to queue
[2024-12-10T11:03:10.734-0300] {logging_mixin.py:188} INFO - [2024-12-10T11:03:10.733-0300] {dagbag.py:540} INFO - Filling up the DagBag from /home/beatriz/Documentos/airflow/airflow_venv/lib/python3.10/site-packages/airflow/example_dags/example_short_circuit_operator.py
[2024-12-10T11:03:10.747-0300] {processor.py:840} INFO - DAG(s) 'example_short_circuit_operator' retrieved from /home/beatriz/Documentos/airflow/airflow_venv/lib/python3.10/site-packages/airflow/example_dags/example_short_circuit_operator.py
[2024-12-10T11:03:10.766-0300] {logging_mixin.py:188} INFO - [2024-12-10T11:03:10.766-0300] {dag.py:3096} INFO - Sync 1 DAGs
[2024-12-10T11:03:10.783-0300] {logging_mixin.py:188} INFO - [2024-12-10T11:03:10.783-0300] {dag.py:3954} INFO - Setting next_dagrun for example_short_circuit_operator to 2024-12-09 00:00:00+00:00, run_after=2024-12-10 00:00:00+00:00
[2024-12-10T11:03:10.803-0300] {processor.py:183} INFO - Processing /home/beatriz/Documentos/airflow/airflow_venv/lib/python3.10/site-packages/airflow/example_dags/example_short_circuit_operator.py took 0.089 seconds
[2024-12-10T11:37:05.556-0300] {processor.py:161} INFO - Started process (PID=24822) to work on /home/beatriz/Documentos/airflow/airflow_venv/lib/python3.10/site-packages/airflow/example_dags/example_short_circuit_operator.py
[2024-12-10T11:37:05.558-0300] {processor.py:830} INFO - Processing file /home/beatriz/Documentos/airflow/airflow_venv/lib/python3.10/site-packages/airflow/example_dags/example_short_circuit_operator.py for tasks to queue
[2024-12-10T11:37:05.561-0300] {logging_mixin.py:188} INFO - [2024-12-10T11:37:05.560-0300] {dagbag.py:540} INFO - Filling up the DagBag from /home/beatriz/Documentos/airflow/airflow_venv/lib/python3.10/site-packages/airflow/example_dags/example_short_circuit_operator.py
[2024-12-10T11:37:05.575-0300] {processor.py:840} INFO - DAG(s) 'example_short_circuit_operator' retrieved from /home/beatriz/Documentos/airflow/airflow_venv/lib/python3.10/site-packages/airflow/example_dags/example_short_circuit_operator.py
[2024-12-10T11:37:05.584-0300] {logging_mixin.py:188} INFO - [2024-12-10T11:37:05.584-0300] {dag.py:3096} INFO - Sync 1 DAGs
[2024-12-10T11:37:05.601-0300] {logging_mixin.py:188} INFO - [2024-12-10T11:37:05.601-0300] {dag.py:3954} INFO - Setting next_dagrun for example_short_circuit_operator to 2024-12-09 00:00:00+00:00, run_after=2024-12-10 00:00:00+00:00
[2024-12-10T11:37:05.621-0300] {processor.py:183} INFO - Processing /home/beatriz/Documentos/airflow/airflow_venv/lib/python3.10/site-packages/airflow/example_dags/example_short_circuit_operator.py took 0.076 seconds
[2024-12-10T11:38:07.712-0300] {processor.py:161} INFO - Started process (PID=25188) to work on /home/beatriz/Documentos/airflow/airflow_venv/lib/python3.10/site-packages/airflow/example_dags/example_short_circuit_operator.py
[2024-12-10T11:38:07.716-0300] {processor.py:830} INFO - Processing file /home/beatriz/Documentos/airflow/airflow_venv/lib/python3.10/site-packages/airflow/example_dags/example_short_circuit_operator.py for tasks to queue
[2024-12-10T11:38:07.717-0300] {logging_mixin.py:188} INFO - [2024-12-10T11:38:07.717-0300] {dagbag.py:540} INFO - Filling up the DagBag from /home/beatriz/Documentos/airflow/airflow_venv/lib/python3.10/site-packages/airflow/example_dags/example_short_circuit_operator.py
[2024-12-10T11:38:07.724-0300] {processor.py:840} INFO - DAG(s) 'example_short_circuit_operator' retrieved from /home/beatriz/Documentos/airflow/airflow_venv/lib/python3.10/site-packages/airflow/example_dags/example_short_circuit_operator.py
[2024-12-10T11:38:07.796-0300] {logging_mixin.py:188} INFO - [2024-12-10T11:38:07.795-0300] {dag.py:3096} INFO - Sync 1 DAGs
[2024-12-10T11:38:07.808-0300] {logging_mixin.py:188} INFO - [2024-12-10T11:38:07.808-0300] {dag.py:3954} INFO - Setting next_dagrun for example_short_circuit_operator to 2024-12-09 00:00:00+00:00, run_after=2024-12-10 00:00:00+00:00
[2024-12-10T11:38:07.830-0300] {processor.py:183} INFO - Processing /home/beatriz/Documentos/airflow/airflow_venv/lib/python3.10/site-packages/airflow/example_dags/example_short_circuit_operator.py took 0.122 seconds
[2024-12-10T11:39:05.115-0300] {processor.py:161} INFO - Started process (PID=25542) to work on /home/beatriz/Documentos/airflow/airflow_venv/lib/python3.10/site-packages/airflow/example_dags/example_short_circuit_operator.py
[2024-12-10T11:39:05.117-0300] {processor.py:830} INFO - Processing file /home/beatriz/Documentos/airflow/airflow_venv/lib/python3.10/site-packages/airflow/example_dags/example_short_circuit_operator.py for tasks to queue
[2024-12-10T11:39:05.120-0300] {logging_mixin.py:188} INFO - [2024-12-10T11:39:05.119-0300] {dagbag.py:540} INFO - Filling up the DagBag from /home/beatriz/Documentos/airflow/airflow_venv/lib/python3.10/site-packages/airflow/example_dags/example_short_circuit_operator.py
[2024-12-10T11:39:05.130-0300] {processor.py:840} INFO - DAG(s) 'example_short_circuit_operator' retrieved from /home/beatriz/Documentos/airflow/airflow_venv/lib/python3.10/site-packages/airflow/example_dags/example_short_circuit_operator.py
[2024-12-10T11:39:05.147-0300] {logging_mixin.py:188} INFO - [2024-12-10T11:39:05.147-0300] {dag.py:3096} INFO - Sync 1 DAGs
[2024-12-10T11:39:05.162-0300] {logging_mixin.py:188} INFO - [2024-12-10T11:39:05.162-0300] {dag.py:3954} INFO - Setting next_dagrun for example_short_circuit_operator to 2024-12-09 00:00:00+00:00, run_after=2024-12-10 00:00:00+00:00
[2024-12-10T11:39:05.180-0300] {processor.py:183} INFO - Processing /home/beatriz/Documentos/airflow/airflow_venv/lib/python3.10/site-packages/airflow/example_dags/example_short_circuit_operator.py took 0.078 seconds
[2024-12-10T11:40:01.979-0300] {processor.py:161} INFO - Started process (PID=25933) to work on /home/beatriz/Documentos/airflow/airflow_venv/lib/python3.10/site-packages/airflow/example_dags/example_short_circuit_operator.py
[2024-12-10T11:40:01.984-0300] {processor.py:830} INFO - Processing file /home/beatriz/Documentos/airflow/airflow_venv/lib/python3.10/site-packages/airflow/example_dags/example_short_circuit_operator.py for tasks to queue
[2024-12-10T11:40:01.985-0300] {logging_mixin.py:188} INFO - [2024-12-10T11:40:01.985-0300] {dagbag.py:540} INFO - Filling up the DagBag from /home/beatriz/Documentos/airflow/airflow_venv/lib/python3.10/site-packages/airflow/example_dags/example_short_circuit_operator.py
[2024-12-10T11:40:01.991-0300] {processor.py:840} INFO - DAG(s) 'example_short_circuit_operator' retrieved from /home/beatriz/Documentos/airflow/airflow_venv/lib/python3.10/site-packages/airflow/example_dags/example_short_circuit_operator.py
[2024-12-10T11:40:02.006-0300] {logging_mixin.py:188} INFO - [2024-12-10T11:40:02.006-0300] {dag.py:3096} INFO - Sync 1 DAGs
[2024-12-10T11:40:02.021-0300] {logging_mixin.py:188} INFO - [2024-12-10T11:40:02.021-0300] {dag.py:3954} INFO - Setting next_dagrun for example_short_circuit_operator to 2024-12-09 00:00:00+00:00, run_after=2024-12-10 00:00:00+00:00
[2024-12-10T11:40:02.038-0300] {processor.py:183} INFO - Processing /home/beatriz/Documentos/airflow/airflow_venv/lib/python3.10/site-packages/airflow/example_dags/example_short_circuit_operator.py took 0.063 seconds
[2024-12-10T11:40:58.865-0300] {processor.py:161} INFO - Started process (PID=26346) to work on /home/beatriz/Documentos/airflow/airflow_venv/lib/python3.10/site-packages/airflow/example_dags/example_short_circuit_operator.py
[2024-12-10T11:40:58.871-0300] {processor.py:830} INFO - Processing file /home/beatriz/Documentos/airflow/airflow_venv/lib/python3.10/site-packages/airflow/example_dags/example_short_circuit_operator.py for tasks to queue
[2024-12-10T11:40:58.874-0300] {logging_mixin.py:188} INFO - [2024-12-10T11:40:58.873-0300] {dagbag.py:540} INFO - Filling up the DagBag from /home/beatriz/Documentos/airflow/airflow_venv/lib/python3.10/site-packages/airflow/example_dags/example_short_circuit_operator.py
[2024-12-10T11:40:58.888-0300] {processor.py:840} INFO - DAG(s) 'example_short_circuit_operator' retrieved from /home/beatriz/Documentos/airflow/airflow_venv/lib/python3.10/site-packages/airflow/example_dags/example_short_circuit_operator.py
[2024-12-10T11:40:58.908-0300] {logging_mixin.py:188} INFO - [2024-12-10T11:40:58.908-0300] {dag.py:3096} INFO - Sync 1 DAGs
[2024-12-10T11:40:58.923-0300] {logging_mixin.py:188} INFO - [2024-12-10T11:40:58.922-0300] {dag.py:3954} INFO - Setting next_dagrun for example_short_circuit_operator to 2024-12-09 00:00:00+00:00, run_after=2024-12-10 00:00:00+00:00
[2024-12-10T11:40:58.940-0300] {processor.py:183} INFO - Processing /home/beatriz/Documentos/airflow/airflow_venv/lib/python3.10/site-packages/airflow/example_dags/example_short_circuit_operator.py took 0.087 seconds
[2024-12-10T11:41:57.200-0300] {processor.py:161} INFO - Started process (PID=26767) to work on /home/beatriz/Documentos/airflow/airflow_venv/lib/python3.10/site-packages/airflow/example_dags/example_short_circuit_operator.py
[2024-12-10T11:41:57.204-0300] {processor.py:830} INFO - Processing file /home/beatriz/Documentos/airflow/airflow_venv/lib/python3.10/site-packages/airflow/example_dags/example_short_circuit_operator.py for tasks to queue
[2024-12-10T11:41:57.207-0300] {logging_mixin.py:188} INFO - [2024-12-10T11:41:57.206-0300] {dagbag.py:540} INFO - Filling up the DagBag from /home/beatriz/Documentos/airflow/airflow_venv/lib/python3.10/site-packages/airflow/example_dags/example_short_circuit_operator.py
[2024-12-10T11:41:57.219-0300] {processor.py:840} INFO - DAG(s) 'example_short_circuit_operator' retrieved from /home/beatriz/Documentos/airflow/airflow_venv/lib/python3.10/site-packages/airflow/example_dags/example_short_circuit_operator.py
[2024-12-10T11:41:57.236-0300] {logging_mixin.py:188} INFO - [2024-12-10T11:41:57.236-0300] {dag.py:3096} INFO - Sync 1 DAGs
[2024-12-10T11:41:57.253-0300] {logging_mixin.py:188} INFO - [2024-12-10T11:41:57.253-0300] {dag.py:3954} INFO - Setting next_dagrun for example_short_circuit_operator to 2024-12-09 00:00:00+00:00, run_after=2024-12-10 00:00:00+00:00
[2024-12-10T11:41:57.271-0300] {processor.py:183} INFO - Processing /home/beatriz/Documentos/airflow/airflow_venv/lib/python3.10/site-packages/airflow/example_dags/example_short_circuit_operator.py took 0.083 seconds
[2024-12-10T11:42:50.046-0300] {processor.py:161} INFO - Started process (PID=27166) to work on /home/beatriz/Documentos/airflow/airflow_venv/lib/python3.10/site-packages/airflow/example_dags/example_short_circuit_operator.py
[2024-12-10T11:42:50.051-0300] {processor.py:830} INFO - Processing file /home/beatriz/Documentos/airflow/airflow_venv/lib/python3.10/site-packages/airflow/example_dags/example_short_circuit_operator.py for tasks to queue
[2024-12-10T11:42:50.053-0300] {logging_mixin.py:188} INFO - [2024-12-10T11:42:50.053-0300] {dagbag.py:540} INFO - Filling up the DagBag from /home/beatriz/Documentos/airflow/airflow_venv/lib/python3.10/site-packages/airflow/example_dags/example_short_circuit_operator.py
[2024-12-10T11:42:50.068-0300] {processor.py:840} INFO - DAG(s) 'example_short_circuit_operator' retrieved from /home/beatriz/Documentos/airflow/airflow_venv/lib/python3.10/site-packages/airflow/example_dags/example_short_circuit_operator.py
[2024-12-10T11:42:50.093-0300] {logging_mixin.py:188} INFO - [2024-12-10T11:42:50.093-0300] {dag.py:3096} INFO - Sync 1 DAGs
[2024-12-10T11:42:50.115-0300] {logging_mixin.py:188} INFO - [2024-12-10T11:42:50.115-0300] {dag.py:3954} INFO - Setting next_dagrun for example_short_circuit_operator to 2024-12-09 00:00:00+00:00, run_after=2024-12-10 00:00:00+00:00
[2024-12-10T11:42:50.157-0300] {processor.py:183} INFO - Processing /home/beatriz/Documentos/airflow/airflow_venv/lib/python3.10/site-packages/airflow/example_dags/example_short_circuit_operator.py took 0.116 seconds
[2024-12-10T11:43:46.905-0300] {processor.py:161} INFO - Started process (PID=27615) to work on /home/beatriz/Documentos/airflow/airflow_venv/lib/python3.10/site-packages/airflow/example_dags/example_short_circuit_operator.py
[2024-12-10T11:43:46.907-0300] {processor.py:830} INFO - Processing file /home/beatriz/Documentos/airflow/airflow_venv/lib/python3.10/site-packages/airflow/example_dags/example_short_circuit_operator.py for tasks to queue
[2024-12-10T11:43:46.911-0300] {logging_mixin.py:188} INFO - [2024-12-10T11:43:46.910-0300] {dagbag.py:540} INFO - Filling up the DagBag from /home/beatriz/Documentos/airflow/airflow_venv/lib/python3.10/site-packages/airflow/example_dags/example_short_circuit_operator.py
[2024-12-10T11:43:46.926-0300] {processor.py:840} INFO - DAG(s) 'example_short_circuit_operator' retrieved from /home/beatriz/Documentos/airflow/airflow_venv/lib/python3.10/site-packages/airflow/example_dags/example_short_circuit_operator.py
[2024-12-10T11:43:46.945-0300] {logging_mixin.py:188} INFO - [2024-12-10T11:43:46.945-0300] {dag.py:3096} INFO - Sync 1 DAGs
[2024-12-10T11:43:46.960-0300] {logging_mixin.py:188} INFO - [2024-12-10T11:43:46.959-0300] {dag.py:3954} INFO - Setting next_dagrun for example_short_circuit_operator to 2024-12-09 00:00:00+00:00, run_after=2024-12-10 00:00:00+00:00
[2024-12-10T11:43:46.977-0300] {processor.py:183} INFO - Processing /home/beatriz/Documentos/airflow/airflow_venv/lib/python3.10/site-packages/airflow/example_dags/example_short_circuit_operator.py took 0.085 seconds
[2024-12-10T11:44:44.127-0300] {processor.py:161} INFO - Started process (PID=28439) to work on /home/beatriz/Documentos/airflow/airflow_venv/lib/python3.10/site-packages/airflow/example_dags/example_short_circuit_operator.py
[2024-12-10T11:44:44.134-0300] {processor.py:830} INFO - Processing file /home/beatriz/Documentos/airflow/airflow_venv/lib/python3.10/site-packages/airflow/example_dags/example_short_circuit_operator.py for tasks to queue
[2024-12-10T11:44:44.138-0300] {logging_mixin.py:188} INFO - [2024-12-10T11:44:44.137-0300] {dagbag.py:540} INFO - Filling up the DagBag from /home/beatriz/Documentos/airflow/airflow_venv/lib/python3.10/site-packages/airflow/example_dags/example_short_circuit_operator.py
[2024-12-10T11:44:44.157-0300] {processor.py:840} INFO - DAG(s) 'example_short_circuit_operator' retrieved from /home/beatriz/Documentos/airflow/airflow_venv/lib/python3.10/site-packages/airflow/example_dags/example_short_circuit_operator.py
[2024-12-10T11:44:44.174-0300] {logging_mixin.py:188} INFO - [2024-12-10T11:44:44.174-0300] {dag.py:3096} INFO - Sync 1 DAGs
[2024-12-10T11:44:44.189-0300] {logging_mixin.py:188} INFO - [2024-12-10T11:44:44.189-0300] {dag.py:3954} INFO - Setting next_dagrun for example_short_circuit_operator to 2024-12-09 00:00:00+00:00, run_after=2024-12-10 00:00:00+00:00
[2024-12-10T11:44:44.208-0300] {processor.py:183} INFO - Processing /home/beatriz/Documentos/airflow/airflow_venv/lib/python3.10/site-packages/airflow/example_dags/example_short_circuit_operator.py took 0.093 seconds
[2024-12-10T11:45:42.122-0300] {processor.py:161} INFO - Started process (PID=28861) to work on /home/beatriz/Documentos/airflow/airflow_venv/lib/python3.10/site-packages/airflow/example_dags/example_short_circuit_operator.py
[2024-12-10T11:45:42.123-0300] {processor.py:830} INFO - Processing file /home/beatriz/Documentos/airflow/airflow_venv/lib/python3.10/site-packages/airflow/example_dags/example_short_circuit_operator.py for tasks to queue
[2024-12-10T11:45:42.126-0300] {logging_mixin.py:188} INFO - [2024-12-10T11:45:42.125-0300] {dagbag.py:540} INFO - Filling up the DagBag from /home/beatriz/Documentos/airflow/airflow_venv/lib/python3.10/site-packages/airflow/example_dags/example_short_circuit_operator.py
[2024-12-10T11:45:42.134-0300] {processor.py:840} INFO - DAG(s) 'example_short_circuit_operator' retrieved from /home/beatriz/Documentos/airflow/airflow_venv/lib/python3.10/site-packages/airflow/example_dags/example_short_circuit_operator.py
[2024-12-10T11:45:42.157-0300] {logging_mixin.py:188} INFO - [2024-12-10T11:45:42.156-0300] {dag.py:3096} INFO - Sync 1 DAGs
[2024-12-10T11:45:42.177-0300] {logging_mixin.py:188} INFO - [2024-12-10T11:45:42.177-0300] {dag.py:3954} INFO - Setting next_dagrun for example_short_circuit_operator to 2024-12-09 00:00:00+00:00, run_after=2024-12-10 00:00:00+00:00
[2024-12-10T11:45:42.203-0300] {processor.py:183} INFO - Processing /home/beatriz/Documentos/airflow/airflow_venv/lib/python3.10/site-packages/airflow/example_dags/example_short_circuit_operator.py took 0.088 seconds
[2024-12-10T11:46:38.898-0300] {processor.py:161} INFO - Started process (PID=29419) to work on /home/beatriz/Documentos/airflow/airflow_venv/lib/python3.10/site-packages/airflow/example_dags/example_short_circuit_operator.py
[2024-12-10T11:46:38.899-0300] {processor.py:830} INFO - Processing file /home/beatriz/Documentos/airflow/airflow_venv/lib/python3.10/site-packages/airflow/example_dags/example_short_circuit_operator.py for tasks to queue
[2024-12-10T11:46:38.900-0300] {logging_mixin.py:188} INFO - [2024-12-10T11:46:38.900-0300] {dagbag.py:540} INFO - Filling up the DagBag from /home/beatriz/Documentos/airflow/airflow_venv/lib/python3.10/site-packages/airflow/example_dags/example_short_circuit_operator.py
[2024-12-10T11:46:38.906-0300] {processor.py:840} INFO - DAG(s) 'example_short_circuit_operator' retrieved from /home/beatriz/Documentos/airflow/airflow_venv/lib/python3.10/site-packages/airflow/example_dags/example_short_circuit_operator.py
[2024-12-10T11:46:38.921-0300] {logging_mixin.py:188} INFO - [2024-12-10T11:46:38.921-0300] {dag.py:3096} INFO - Sync 1 DAGs
[2024-12-10T11:46:38.935-0300] {logging_mixin.py:188} INFO - [2024-12-10T11:46:38.935-0300] {dag.py:3954} INFO - Setting next_dagrun for example_short_circuit_operator to 2024-12-09 00:00:00+00:00, run_after=2024-12-10 00:00:00+00:00
[2024-12-10T11:46:38.953-0300] {processor.py:183} INFO - Processing /home/beatriz/Documentos/airflow/airflow_venv/lib/python3.10/site-packages/airflow/example_dags/example_short_circuit_operator.py took 0.059 seconds
[2024-12-10T11:48:56.042-0300] {processor.py:161} INFO - Started process (PID=30893) to work on /home/beatriz/Documentos/airflow/airflow_venv/lib/python3.10/site-packages/airflow/example_dags/example_short_circuit_operator.py
[2024-12-10T11:48:56.044-0300] {processor.py:830} INFO - Processing file /home/beatriz/Documentos/airflow/airflow_venv/lib/python3.10/site-packages/airflow/example_dags/example_short_circuit_operator.py for tasks to queue
[2024-12-10T11:48:56.045-0300] {logging_mixin.py:188} INFO - [2024-12-10T11:48:56.044-0300] {dagbag.py:540} INFO - Filling up the DagBag from /home/beatriz/Documentos/airflow/airflow_venv/lib/python3.10/site-packages/airflow/example_dags/example_short_circuit_operator.py
[2024-12-10T11:48:56.051-0300] {processor.py:840} INFO - DAG(s) 'example_short_circuit_operator' retrieved from /home/beatriz/Documentos/airflow/airflow_venv/lib/python3.10/site-packages/airflow/example_dags/example_short_circuit_operator.py
[2024-12-10T11:48:56.068-0300] {logging_mixin.py:188} INFO - [2024-12-10T11:48:56.067-0300] {dag.py:3096} INFO - Sync 1 DAGs
[2024-12-10T11:48:56.081-0300] {logging_mixin.py:188} INFO - [2024-12-10T11:48:56.081-0300] {dag.py:3954} INFO - Setting next_dagrun for example_short_circuit_operator to 2024-12-09 00:00:00+00:00, run_after=2024-12-10 00:00:00+00:00
[2024-12-10T11:48:56.098-0300] {processor.py:183} INFO - Processing /home/beatriz/Documentos/airflow/airflow_venv/lib/python3.10/site-packages/airflow/example_dags/example_short_circuit_operator.py took 0.060 seconds
[2024-12-10T11:49:55.070-0300] {processor.py:161} INFO - Started process (PID=31335) to work on /home/beatriz/Documentos/airflow/airflow_venv/lib/python3.10/site-packages/airflow/example_dags/example_short_circuit_operator.py
[2024-12-10T11:49:55.071-0300] {processor.py:830} INFO - Processing file /home/beatriz/Documentos/airflow/airflow_venv/lib/python3.10/site-packages/airflow/example_dags/example_short_circuit_operator.py for tasks to queue
[2024-12-10T11:49:55.072-0300] {logging_mixin.py:188} INFO - [2024-12-10T11:49:55.072-0300] {dagbag.py:540} INFO - Filling up the DagBag from /home/beatriz/Documentos/airflow/airflow_venv/lib/python3.10/site-packages/airflow/example_dags/example_short_circuit_operator.py
[2024-12-10T11:49:55.077-0300] {processor.py:840} INFO - DAG(s) 'example_short_circuit_operator' retrieved from /home/beatriz/Documentos/airflow/airflow_venv/lib/python3.10/site-packages/airflow/example_dags/example_short_circuit_operator.py
[2024-12-10T11:49:55.093-0300] {logging_mixin.py:188} INFO - [2024-12-10T11:49:55.093-0300] {dag.py:3096} INFO - Sync 1 DAGs
[2024-12-10T11:49:55.106-0300] {logging_mixin.py:188} INFO - [2024-12-10T11:49:55.105-0300] {dag.py:3954} INFO - Setting next_dagrun for example_short_circuit_operator to 2024-12-09 00:00:00+00:00, run_after=2024-12-10 00:00:00+00:00
[2024-12-10T11:49:55.124-0300] {processor.py:183} INFO - Processing /home/beatriz/Documentos/airflow/airflow_venv/lib/python3.10/site-packages/airflow/example_dags/example_short_circuit_operator.py took 0.057 seconds
[2024-12-10T11:50:54.420-0300] {processor.py:161} INFO - Started process (PID=31742) to work on /home/beatriz/Documentos/airflow/airflow_venv/lib/python3.10/site-packages/airflow/example_dags/example_short_circuit_operator.py
[2024-12-10T11:50:54.423-0300] {processor.py:830} INFO - Processing file /home/beatriz/Documentos/airflow/airflow_venv/lib/python3.10/site-packages/airflow/example_dags/example_short_circuit_operator.py for tasks to queue
[2024-12-10T11:50:54.424-0300] {logging_mixin.py:188} INFO - [2024-12-10T11:50:54.424-0300] {dagbag.py:540} INFO - Filling up the DagBag from /home/beatriz/Documentos/airflow/airflow_venv/lib/python3.10/site-packages/airflow/example_dags/example_short_circuit_operator.py
[2024-12-10T11:50:54.437-0300] {processor.py:840} INFO - DAG(s) 'example_short_circuit_operator' retrieved from /home/beatriz/Documentos/airflow/airflow_venv/lib/python3.10/site-packages/airflow/example_dags/example_short_circuit_operator.py
[2024-12-10T11:50:54.457-0300] {logging_mixin.py:188} INFO - [2024-12-10T11:50:54.457-0300] {dag.py:3096} INFO - Sync 1 DAGs
[2024-12-10T11:50:54.470-0300] {logging_mixin.py:188} INFO - [2024-12-10T11:50:54.469-0300] {dag.py:3954} INFO - Setting next_dagrun for example_short_circuit_operator to 2024-12-09 00:00:00+00:00, run_after=2024-12-10 00:00:00+00:00
[2024-12-10T11:50:54.486-0300] {processor.py:183} INFO - Processing /home/beatriz/Documentos/airflow/airflow_venv/lib/python3.10/site-packages/airflow/example_dags/example_short_circuit_operator.py took 0.078 seconds
[2024-12-10T11:51:51.861-0300] {processor.py:161} INFO - Started process (PID=32207) to work on /home/beatriz/Documentos/airflow/airflow_venv/lib/python3.10/site-packages/airflow/example_dags/example_short_circuit_operator.py
[2024-12-10T11:51:51.863-0300] {processor.py:830} INFO - Processing file /home/beatriz/Documentos/airflow/airflow_venv/lib/python3.10/site-packages/airflow/example_dags/example_short_circuit_operator.py for tasks to queue
[2024-12-10T11:51:51.864-0300] {logging_mixin.py:188} INFO - [2024-12-10T11:51:51.863-0300] {dagbag.py:540} INFO - Filling up the DagBag from /home/beatriz/Documentos/airflow/airflow_venv/lib/python3.10/site-packages/airflow/example_dags/example_short_circuit_operator.py
[2024-12-10T11:51:51.869-0300] {processor.py:840} INFO - DAG(s) 'example_short_circuit_operator' retrieved from /home/beatriz/Documentos/airflow/airflow_venv/lib/python3.10/site-packages/airflow/example_dags/example_short_circuit_operator.py
[2024-12-10T11:51:51.885-0300] {logging_mixin.py:188} INFO - [2024-12-10T11:51:51.884-0300] {dag.py:3096} INFO - Sync 1 DAGs
[2024-12-10T11:51:51.897-0300] {logging_mixin.py:188} INFO - [2024-12-10T11:51:51.897-0300] {dag.py:3954} INFO - Setting next_dagrun for example_short_circuit_operator to 2024-12-09 00:00:00+00:00, run_after=2024-12-10 00:00:00+00:00
[2024-12-10T11:51:51.913-0300] {processor.py:183} INFO - Processing /home/beatriz/Documentos/airflow/airflow_venv/lib/python3.10/site-packages/airflow/example_dags/example_short_circuit_operator.py took 0.056 seconds
[2024-12-10T11:52:46.712-0300] {processor.py:161} INFO - Started process (PID=32615) to work on /home/beatriz/Documentos/airflow/airflow_venv/lib/python3.10/site-packages/airflow/example_dags/example_short_circuit_operator.py
[2024-12-10T11:52:46.714-0300] {processor.py:830} INFO - Processing file /home/beatriz/Documentos/airflow/airflow_venv/lib/python3.10/site-packages/airflow/example_dags/example_short_circuit_operator.py for tasks to queue
[2024-12-10T11:52:46.716-0300] {logging_mixin.py:188} INFO - [2024-12-10T11:52:46.715-0300] {dagbag.py:540} INFO - Filling up the DagBag from /home/beatriz/Documentos/airflow/airflow_venv/lib/python3.10/site-packages/airflow/example_dags/example_short_circuit_operator.py
[2024-12-10T11:52:46.723-0300] {processor.py:840} INFO - DAG(s) 'example_short_circuit_operator' retrieved from /home/beatriz/Documentos/airflow/airflow_venv/lib/python3.10/site-packages/airflow/example_dags/example_short_circuit_operator.py
[2024-12-10T11:52:46.744-0300] {logging_mixin.py:188} INFO - [2024-12-10T11:52:46.744-0300] {dag.py:3096} INFO - Sync 1 DAGs
[2024-12-10T11:52:46.762-0300] {logging_mixin.py:188} INFO - [2024-12-10T11:52:46.761-0300] {dag.py:3954} INFO - Setting next_dagrun for example_short_circuit_operator to 2024-12-09 00:00:00+00:00, run_after=2024-12-10 00:00:00+00:00
[2024-12-10T11:52:46.780-0300] {processor.py:183} INFO - Processing /home/beatriz/Documentos/airflow/airflow_venv/lib/python3.10/site-packages/airflow/example_dags/example_short_circuit_operator.py took 0.076 seconds
[2024-12-10T11:53:53.701-0300] {processor.py:161} INFO - Started process (PID=33670) to work on /home/beatriz/Documentos/airflow/airflow_venv/lib/python3.10/site-packages/airflow/example_dags/example_short_circuit_operator.py
[2024-12-10T11:53:53.702-0300] {processor.py:830} INFO - Processing file /home/beatriz/Documentos/airflow/airflow_venv/lib/python3.10/site-packages/airflow/example_dags/example_short_circuit_operator.py for tasks to queue
[2024-12-10T11:53:53.703-0300] {logging_mixin.py:188} INFO - [2024-12-10T11:53:53.702-0300] {dagbag.py:540} INFO - Filling up the DagBag from /home/beatriz/Documentos/airflow/airflow_venv/lib/python3.10/site-packages/airflow/example_dags/example_short_circuit_operator.py
[2024-12-10T11:53:53.708-0300] {processor.py:840} INFO - DAG(s) 'example_short_circuit_operator' retrieved from /home/beatriz/Documentos/airflow/airflow_venv/lib/python3.10/site-packages/airflow/example_dags/example_short_circuit_operator.py
[2024-12-10T11:53:53.724-0300] {logging_mixin.py:188} INFO - [2024-12-10T11:53:53.724-0300] {dag.py:3096} INFO - Sync 1 DAGs
[2024-12-10T11:53:53.736-0300] {logging_mixin.py:188} INFO - [2024-12-10T11:53:53.736-0300] {dag.py:3954} INFO - Setting next_dagrun for example_short_circuit_operator to 2024-12-09 00:00:00+00:00, run_after=2024-12-10 00:00:00+00:00
[2024-12-10T11:53:53.753-0300] {processor.py:183} INFO - Processing /home/beatriz/Documentos/airflow/airflow_venv/lib/python3.10/site-packages/airflow/example_dags/example_short_circuit_operator.py took 0.057 seconds
[2024-12-10T11:55:31.438-0300] {processor.py:161} INFO - Started process (PID=34518) to work on /home/beatriz/Documentos/airflow/airflow_venv/lib/python3.10/site-packages/airflow/example_dags/example_short_circuit_operator.py
[2024-12-10T11:55:31.440-0300] {processor.py:830} INFO - Processing file /home/beatriz/Documentos/airflow/airflow_venv/lib/python3.10/site-packages/airflow/example_dags/example_short_circuit_operator.py for tasks to queue
[2024-12-10T11:55:31.441-0300] {logging_mixin.py:188} INFO - [2024-12-10T11:55:31.440-0300] {dagbag.py:540} INFO - Filling up the DagBag from /home/beatriz/Documentos/airflow/airflow_venv/lib/python3.10/site-packages/airflow/example_dags/example_short_circuit_operator.py
[2024-12-10T11:55:31.447-0300] {processor.py:840} INFO - DAG(s) 'example_short_circuit_operator' retrieved from /home/beatriz/Documentos/airflow/airflow_venv/lib/python3.10/site-packages/airflow/example_dags/example_short_circuit_operator.py
[2024-12-10T11:55:31.466-0300] {logging_mixin.py:188} INFO - [2024-12-10T11:55:31.466-0300] {dag.py:3096} INFO - Sync 1 DAGs
[2024-12-10T11:55:31.479-0300] {logging_mixin.py:188} INFO - [2024-12-10T11:55:31.479-0300] {dag.py:3954} INFO - Setting next_dagrun for example_short_circuit_operator to 2024-12-09 00:00:00+00:00, run_after=2024-12-10 00:00:00+00:00
[2024-12-10T11:55:31.496-0300] {processor.py:183} INFO - Processing /home/beatriz/Documentos/airflow/airflow_venv/lib/python3.10/site-packages/airflow/example_dags/example_short_circuit_operator.py took 0.063 seconds
[2024-12-10T11:56:31.120-0300] {processor.py:161} INFO - Started process (PID=34985) to work on /home/beatriz/Documentos/airflow/airflow_venv/lib/python3.10/site-packages/airflow/example_dags/example_short_circuit_operator.py
[2024-12-10T11:56:31.124-0300] {processor.py:830} INFO - Processing file /home/beatriz/Documentos/airflow/airflow_venv/lib/python3.10/site-packages/airflow/example_dags/example_short_circuit_operator.py for tasks to queue
[2024-12-10T11:56:31.125-0300] {logging_mixin.py:188} INFO - [2024-12-10T11:56:31.124-0300] {dagbag.py:540} INFO - Filling up the DagBag from /home/beatriz/Documentos/airflow/airflow_venv/lib/python3.10/site-packages/airflow/example_dags/example_short_circuit_operator.py
[2024-12-10T11:56:31.131-0300] {processor.py:840} INFO - DAG(s) 'example_short_circuit_operator' retrieved from /home/beatriz/Documentos/airflow/airflow_venv/lib/python3.10/site-packages/airflow/example_dags/example_short_circuit_operator.py
[2024-12-10T11:56:31.148-0300] {logging_mixin.py:188} INFO - [2024-12-10T11:56:31.147-0300] {dag.py:3096} INFO - Sync 1 DAGs
[2024-12-10T11:56:31.160-0300] {logging_mixin.py:188} INFO - [2024-12-10T11:56:31.160-0300] {dag.py:3954} INFO - Setting next_dagrun for example_short_circuit_operator to 2024-12-09 00:00:00+00:00, run_after=2024-12-10 00:00:00+00:00
[2024-12-10T11:56:31.177-0300] {processor.py:183} INFO - Processing /home/beatriz/Documentos/airflow/airflow_venv/lib/python3.10/site-packages/airflow/example_dags/example_short_circuit_operator.py took 0.062 seconds
[2024-12-10T11:57:28.164-0300] {processor.py:161} INFO - Started process (PID=35455) to work on /home/beatriz/Documentos/airflow/airflow_venv/lib/python3.10/site-packages/airflow/example_dags/example_short_circuit_operator.py
[2024-12-10T11:57:28.166-0300] {processor.py:830} INFO - Processing file /home/beatriz/Documentos/airflow/airflow_venv/lib/python3.10/site-packages/airflow/example_dags/example_short_circuit_operator.py for tasks to queue
[2024-12-10T11:57:28.168-0300] {logging_mixin.py:188} INFO - [2024-12-10T11:57:28.167-0300] {dagbag.py:540} INFO - Filling up the DagBag from /home/beatriz/Documentos/airflow/airflow_venv/lib/python3.10/site-packages/airflow/example_dags/example_short_circuit_operator.py
[2024-12-10T11:57:28.178-0300] {processor.py:840} INFO - DAG(s) 'example_short_circuit_operator' retrieved from /home/beatriz/Documentos/airflow/airflow_venv/lib/python3.10/site-packages/airflow/example_dags/example_short_circuit_operator.py
[2024-12-10T11:57:28.202-0300] {logging_mixin.py:188} INFO - [2024-12-10T11:57:28.202-0300] {dag.py:3096} INFO - Sync 1 DAGs
[2024-12-10T11:57:28.219-0300] {logging_mixin.py:188} INFO - [2024-12-10T11:57:28.219-0300] {dag.py:3954} INFO - Setting next_dagrun for example_short_circuit_operator to 2024-12-09 00:00:00+00:00, run_after=2024-12-10 00:00:00+00:00
[2024-12-10T11:57:28.238-0300] {processor.py:183} INFO - Processing /home/beatriz/Documentos/airflow/airflow_venv/lib/python3.10/site-packages/airflow/example_dags/example_short_circuit_operator.py took 0.089 seconds
[2024-12-10T11:58:29.534-0300] {processor.py:161} INFO - Started process (PID=35878) to work on /home/beatriz/Documentos/airflow/airflow_venv/lib/python3.10/site-packages/airflow/example_dags/example_short_circuit_operator.py
[2024-12-10T11:58:29.535-0300] {processor.py:830} INFO - Processing file /home/beatriz/Documentos/airflow/airflow_venv/lib/python3.10/site-packages/airflow/example_dags/example_short_circuit_operator.py for tasks to queue
[2024-12-10T11:58:29.536-0300] {logging_mixin.py:188} INFO - [2024-12-10T11:58:29.536-0300] {dagbag.py:540} INFO - Filling up the DagBag from /home/beatriz/Documentos/airflow/airflow_venv/lib/python3.10/site-packages/airflow/example_dags/example_short_circuit_operator.py
[2024-12-10T11:58:29.544-0300] {processor.py:840} INFO - DAG(s) 'example_short_circuit_operator' retrieved from /home/beatriz/Documentos/airflow/airflow_venv/lib/python3.10/site-packages/airflow/example_dags/example_short_circuit_operator.py
[2024-12-10T11:58:29.562-0300] {logging_mixin.py:188} INFO - [2024-12-10T11:58:29.562-0300] {dag.py:3096} INFO - Sync 1 DAGs
[2024-12-10T11:58:29.577-0300] {logging_mixin.py:188} INFO - [2024-12-10T11:58:29.577-0300] {dag.py:3954} INFO - Setting next_dagrun for example_short_circuit_operator to 2024-12-09 00:00:00+00:00, run_after=2024-12-10 00:00:00+00:00
[2024-12-10T11:58:29.598-0300] {processor.py:183} INFO - Processing /home/beatriz/Documentos/airflow/airflow_venv/lib/python3.10/site-packages/airflow/example_dags/example_short_circuit_operator.py took 0.074 seconds
[2024-12-10T12:00:40.692-0300] {processor.py:161} INFO - Started process (PID=36678) to work on /home/beatriz/Documentos/airflow/airflow_venv/lib/python3.10/site-packages/airflow/example_dags/example_short_circuit_operator.py
[2024-12-10T12:00:40.695-0300] {processor.py:830} INFO - Processing file /home/beatriz/Documentos/airflow/airflow_venv/lib/python3.10/site-packages/airflow/example_dags/example_short_circuit_operator.py for tasks to queue
[2024-12-10T12:00:40.696-0300] {logging_mixin.py:188} INFO - [2024-12-10T12:00:40.695-0300] {dagbag.py:540} INFO - Filling up the DagBag from /home/beatriz/Documentos/airflow/airflow_venv/lib/python3.10/site-packages/airflow/example_dags/example_short_circuit_operator.py
[2024-12-10T12:00:40.703-0300] {processor.py:840} INFO - DAG(s) 'example_short_circuit_operator' retrieved from /home/beatriz/Documentos/airflow/airflow_venv/lib/python3.10/site-packages/airflow/example_dags/example_short_circuit_operator.py
[2024-12-10T12:00:40.721-0300] {logging_mixin.py:188} INFO - [2024-12-10T12:00:40.720-0300] {dag.py:3096} INFO - Sync 1 DAGs
[2024-12-10T12:00:40.734-0300] {logging_mixin.py:188} INFO - [2024-12-10T12:00:40.734-0300] {dag.py:3954} INFO - Setting next_dagrun for example_short_circuit_operator to 2024-12-09 00:00:00+00:00, run_after=2024-12-10 00:00:00+00:00
[2024-12-10T12:00:40.756-0300] {processor.py:183} INFO - Processing /home/beatriz/Documentos/airflow/airflow_venv/lib/python3.10/site-packages/airflow/example_dags/example_short_circuit_operator.py took 0.073 seconds
[2024-12-10T12:01:36.326-0300] {processor.py:161} INFO - Started process (PID=37083) to work on /home/beatriz/Documentos/airflow/airflow_venv/lib/python3.10/site-packages/airflow/example_dags/example_short_circuit_operator.py
[2024-12-10T12:01:36.327-0300] {processor.py:830} INFO - Processing file /home/beatriz/Documentos/airflow/airflow_venv/lib/python3.10/site-packages/airflow/example_dags/example_short_circuit_operator.py for tasks to queue
[2024-12-10T12:01:36.328-0300] {logging_mixin.py:188} INFO - [2024-12-10T12:01:36.328-0300] {dagbag.py:540} INFO - Filling up the DagBag from /home/beatriz/Documentos/airflow/airflow_venv/lib/python3.10/site-packages/airflow/example_dags/example_short_circuit_operator.py
[2024-12-10T12:01:36.333-0300] {processor.py:840} INFO - DAG(s) 'example_short_circuit_operator' retrieved from /home/beatriz/Documentos/airflow/airflow_venv/lib/python3.10/site-packages/airflow/example_dags/example_short_circuit_operator.py
[2024-12-10T12:01:36.349-0300] {logging_mixin.py:188} INFO - [2024-12-10T12:01:36.349-0300] {dag.py:3096} INFO - Sync 1 DAGs
[2024-12-10T12:01:36.362-0300] {logging_mixin.py:188} INFO - [2024-12-10T12:01:36.361-0300] {dag.py:3954} INFO - Setting next_dagrun for example_short_circuit_operator to 2024-12-09 00:00:00+00:00, run_after=2024-12-10 00:00:00+00:00
[2024-12-10T12:01:36.379-0300] {processor.py:183} INFO - Processing /home/beatriz/Documentos/airflow/airflow_venv/lib/python3.10/site-packages/airflow/example_dags/example_short_circuit_operator.py took 0.057 seconds
[2024-12-10T13:34:25.509-0300] {processor.py:161} INFO - Started process (PID=40387) to work on /home/beatriz/Documentos/airflow/airflow_venv/lib/python3.10/site-packages/airflow/example_dags/example_short_circuit_operator.py
[2024-12-10T13:34:25.510-0300] {processor.py:830} INFO - Processing file /home/beatriz/Documentos/airflow/airflow_venv/lib/python3.10/site-packages/airflow/example_dags/example_short_circuit_operator.py for tasks to queue
[2024-12-10T13:34:25.511-0300] {logging_mixin.py:188} INFO - [2024-12-10T13:34:25.511-0300] {dagbag.py:540} INFO - Filling up the DagBag from /home/beatriz/Documentos/airflow/airflow_venv/lib/python3.10/site-packages/airflow/example_dags/example_short_circuit_operator.py
[2024-12-10T13:34:25.518-0300] {processor.py:840} INFO - DAG(s) 'example_short_circuit_operator' retrieved from /home/beatriz/Documentos/airflow/airflow_venv/lib/python3.10/site-packages/airflow/example_dags/example_short_circuit_operator.py
[2024-12-10T13:34:25.603-0300] {logging_mixin.py:188} INFO - [2024-12-10T13:34:25.602-0300] {dag.py:3096} INFO - Sync 1 DAGs
[2024-12-10T13:34:25.616-0300] {logging_mixin.py:188} INFO - [2024-12-10T13:34:25.616-0300] {dag.py:3954} INFO - Setting next_dagrun for example_short_circuit_operator to 2024-12-09 00:00:00+00:00, run_after=2024-12-10 00:00:00+00:00
[2024-12-10T13:34:25.635-0300] {processor.py:183} INFO - Processing /home/beatriz/Documentos/airflow/airflow_venv/lib/python3.10/site-packages/airflow/example_dags/example_short_circuit_operator.py took 0.130 seconds
[2024-12-10T13:35:46.037-0300] {processor.py:161} INFO - Started process (PID=41244) to work on /home/beatriz/Documentos/airflow/airflow_venv/lib/python3.10/site-packages/airflow/example_dags/example_short_circuit_operator.py
[2024-12-10T13:35:46.039-0300] {processor.py:830} INFO - Processing file /home/beatriz/Documentos/airflow/airflow_venv/lib/python3.10/site-packages/airflow/example_dags/example_short_circuit_operator.py for tasks to queue
[2024-12-10T13:35:46.040-0300] {logging_mixin.py:188} INFO - [2024-12-10T13:35:46.040-0300] {dagbag.py:540} INFO - Filling up the DagBag from /home/beatriz/Documentos/airflow/airflow_venv/lib/python3.10/site-packages/airflow/example_dags/example_short_circuit_operator.py
[2024-12-10T13:35:46.047-0300] {processor.py:840} INFO - DAG(s) 'example_short_circuit_operator' retrieved from /home/beatriz/Documentos/airflow/airflow_venv/lib/python3.10/site-packages/airflow/example_dags/example_short_circuit_operator.py
[2024-12-10T13:35:46.062-0300] {logging_mixin.py:188} INFO - [2024-12-10T13:35:46.062-0300] {dag.py:3096} INFO - Sync 1 DAGs
[2024-12-10T13:35:46.078-0300] {logging_mixin.py:188} INFO - [2024-12-10T13:35:46.078-0300] {dag.py:3954} INFO - Setting next_dagrun for example_short_circuit_operator to 2024-12-09 00:00:00+00:00, run_after=2024-12-10 00:00:00+00:00
[2024-12-10T13:35:46.099-0300] {processor.py:183} INFO - Processing /home/beatriz/Documentos/airflow/airflow_venv/lib/python3.10/site-packages/airflow/example_dags/example_short_circuit_operator.py took 0.067 seconds
[2024-12-10T13:36:59.163-0300] {processor.py:161} INFO - Started process (PID=42244) to work on /home/beatriz/Documentos/airflow/airflow_venv/lib/python3.10/site-packages/airflow/example_dags/example_short_circuit_operator.py
[2024-12-10T13:36:59.181-0300] {processor.py:830} INFO - Processing file /home/beatriz/Documentos/airflow/airflow_venv/lib/python3.10/site-packages/airflow/example_dags/example_short_circuit_operator.py for tasks to queue
[2024-12-10T13:36:59.184-0300] {logging_mixin.py:188} INFO - [2024-12-10T13:36:59.183-0300] {dagbag.py:540} INFO - Filling up the DagBag from /home/beatriz/Documentos/airflow/airflow_venv/lib/python3.10/site-packages/airflow/example_dags/example_short_circuit_operator.py
[2024-12-10T13:36:59.208-0300] {processor.py:840} INFO - DAG(s) 'example_short_circuit_operator' retrieved from /home/beatriz/Documentos/airflow/airflow_venv/lib/python3.10/site-packages/airflow/example_dags/example_short_circuit_operator.py
[2024-12-10T13:36:59.262-0300] {logging_mixin.py:188} INFO - [2024-12-10T13:36:59.262-0300] {dag.py:3096} INFO - Sync 1 DAGs
[2024-12-10T13:36:59.286-0300] {logging_mixin.py:188} INFO - [2024-12-10T13:36:59.286-0300] {dag.py:3954} INFO - Setting next_dagrun for example_short_circuit_operator to 2024-12-09 00:00:00+00:00, run_after=2024-12-10 00:00:00+00:00
[2024-12-10T13:36:59.322-0300] {processor.py:183} INFO - Processing /home/beatriz/Documentos/airflow/airflow_venv/lib/python3.10/site-packages/airflow/example_dags/example_short_circuit_operator.py took 0.174 seconds
[2024-12-10T13:38:09.283-0300] {processor.py:161} INFO - Started process (PID=42883) to work on /home/beatriz/Documentos/airflow/airflow_venv/lib/python3.10/site-packages/airflow/example_dags/example_short_circuit_operator.py
[2024-12-10T13:38:09.285-0300] {processor.py:830} INFO - Processing file /home/beatriz/Documentos/airflow/airflow_venv/lib/python3.10/site-packages/airflow/example_dags/example_short_circuit_operator.py for tasks to queue
[2024-12-10T13:38:09.286-0300] {logging_mixin.py:188} INFO - [2024-12-10T13:38:09.286-0300] {dagbag.py:540} INFO - Filling up the DagBag from /home/beatriz/Documentos/airflow/airflow_venv/lib/python3.10/site-packages/airflow/example_dags/example_short_circuit_operator.py
[2024-12-10T13:38:09.293-0300] {processor.py:840} INFO - DAG(s) 'example_short_circuit_operator' retrieved from /home/beatriz/Documentos/airflow/airflow_venv/lib/python3.10/site-packages/airflow/example_dags/example_short_circuit_operator.py
[2024-12-10T13:38:09.382-0300] {logging_mixin.py:188} INFO - [2024-12-10T13:38:09.381-0300] {dag.py:3096} INFO - Sync 1 DAGs
[2024-12-10T13:38:09.397-0300] {logging_mixin.py:188} INFO - [2024-12-10T13:38:09.397-0300] {dag.py:3954} INFO - Setting next_dagrun for example_short_circuit_operator to 2024-12-09 00:00:00+00:00, run_after=2024-12-10 00:00:00+00:00
[2024-12-10T13:38:09.416-0300] {processor.py:183} INFO - Processing /home/beatriz/Documentos/airflow/airflow_venv/lib/python3.10/site-packages/airflow/example_dags/example_short_circuit_operator.py took 0.137 seconds
[2024-12-10T13:39:04.199-0300] {processor.py:161} INFO - Started process (PID=43355) to work on /home/beatriz/Documentos/airflow/airflow_venv/lib/python3.10/site-packages/airflow/example_dags/example_short_circuit_operator.py
[2024-12-10T13:39:04.207-0300] {processor.py:830} INFO - Processing file /home/beatriz/Documentos/airflow/airflow_venv/lib/python3.10/site-packages/airflow/example_dags/example_short_circuit_operator.py for tasks to queue
[2024-12-10T13:39:04.208-0300] {logging_mixin.py:188} INFO - [2024-12-10T13:39:04.208-0300] {dagbag.py:540} INFO - Filling up the DagBag from /home/beatriz/Documentos/airflow/airflow_venv/lib/python3.10/site-packages/airflow/example_dags/example_short_circuit_operator.py
[2024-12-10T13:39:04.223-0300] {processor.py:840} INFO - DAG(s) 'example_short_circuit_operator' retrieved from /home/beatriz/Documentos/airflow/airflow_venv/lib/python3.10/site-packages/airflow/example_dags/example_short_circuit_operator.py
[2024-12-10T13:39:04.242-0300] {logging_mixin.py:188} INFO - [2024-12-10T13:39:04.242-0300] {dag.py:3096} INFO - Sync 1 DAGs
[2024-12-10T13:39:04.257-0300] {logging_mixin.py:188} INFO - [2024-12-10T13:39:04.257-0300] {dag.py:3954} INFO - Setting next_dagrun for example_short_circuit_operator to 2024-12-09 00:00:00+00:00, run_after=2024-12-10 00:00:00+00:00
[2024-12-10T13:39:04.274-0300] {processor.py:183} INFO - Processing /home/beatriz/Documentos/airflow/airflow_venv/lib/python3.10/site-packages/airflow/example_dags/example_short_circuit_operator.py took 0.087 seconds
[2024-12-10T13:45:29.343-0300] {processor.py:161} INFO - Started process (PID=45739) to work on /home/beatriz/Documentos/airflow/airflow_venv/lib/python3.10/site-packages/airflow/example_dags/example_short_circuit_operator.py
[2024-12-10T13:45:29.344-0300] {processor.py:830} INFO - Processing file /home/beatriz/Documentos/airflow/airflow_venv/lib/python3.10/site-packages/airflow/example_dags/example_short_circuit_operator.py for tasks to queue
[2024-12-10T13:45:29.345-0300] {logging_mixin.py:188} INFO - [2024-12-10T13:45:29.345-0300] {dagbag.py:540} INFO - Filling up the DagBag from /home/beatriz/Documentos/airflow/airflow_venv/lib/python3.10/site-packages/airflow/example_dags/example_short_circuit_operator.py
[2024-12-10T13:45:29.355-0300] {processor.py:840} INFO - DAG(s) 'example_short_circuit_operator' retrieved from /home/beatriz/Documentos/airflow/airflow_venv/lib/python3.10/site-packages/airflow/example_dags/example_short_circuit_operator.py
[2024-12-10T13:45:29.447-0300] {logging_mixin.py:188} INFO - [2024-12-10T13:45:29.447-0300] {dag.py:3096} INFO - Sync 1 DAGs
[2024-12-10T13:45:29.462-0300] {logging_mixin.py:188} INFO - [2024-12-10T13:45:29.462-0300] {dag.py:3954} INFO - Setting next_dagrun for example_short_circuit_operator to 2024-12-09 00:00:00+00:00, run_after=2024-12-10 00:00:00+00:00
[2024-12-10T13:45:29.483-0300] {processor.py:183} INFO - Processing /home/beatriz/Documentos/airflow/airflow_venv/lib/python3.10/site-packages/airflow/example_dags/example_short_circuit_operator.py took 0.145 seconds
