[2024-12-10T10:09:54.589-0300] {processor.py:161} INFO - Started process (PID=10629) to work on /home/beatriz/Documentos/airflow/airflow_venv/lib/python3.10/site-packages/airflow/example_dags/example_branch_labels.py
[2024-12-10T10:09:54.590-0300] {processor.py:830} INFO - Processing file /home/beatriz/Documentos/airflow/airflow_venv/lib/python3.10/site-packages/airflow/example_dags/example_branch_labels.py for tasks to queue
[2024-12-10T10:09:54.591-0300] {logging_mixin.py:188} INFO - [2024-12-10T10:09:54.591-0300] {dagbag.py:540} INFO - Filling up the DagBag from /home/beatriz/Documentos/airflow/airflow_venv/lib/python3.10/site-packages/airflow/example_dags/example_branch_labels.py
[2024-12-10T10:09:54.600-0300] {processor.py:840} INFO - DAG(s) 'example_branch_labels' retrieved from /home/beatriz/Documentos/airflow/airflow_venv/lib/python3.10/site-packages/airflow/example_dags/example_branch_labels.py
[2024-12-10T10:09:54.677-0300] {logging_mixin.py:188} INFO - [2024-12-10T10:09:54.677-0300] {dag.py:3096} INFO - Sync 1 DAGs
[2024-12-10T10:09:54.694-0300] {logging_mixin.py:188} INFO - [2024-12-10T10:09:54.693-0300] {dag.py:3954} INFO - Setting next_dagrun for example_branch_labels to 2024-12-09 00:00:00+00:00, run_after=2024-12-10 00:00:00+00:00
[2024-12-10T10:09:54.713-0300] {processor.py:183} INFO - Processing /home/beatriz/Documentos/airflow/airflow_venv/lib/python3.10/site-packages/airflow/example_dags/example_branch_labels.py took 0.128 seconds
[2024-12-10T10:10:52.360-0300] {processor.py:161} INFO - Started process (PID=11119) to work on /home/beatriz/Documentos/airflow/airflow_venv/lib/python3.10/site-packages/airflow/example_dags/example_branch_labels.py
[2024-12-10T10:10:52.361-0300] {processor.py:830} INFO - Processing file /home/beatriz/Documentos/airflow/airflow_venv/lib/python3.10/site-packages/airflow/example_dags/example_branch_labels.py for tasks to queue
[2024-12-10T10:10:52.362-0300] {logging_mixin.py:188} INFO - [2024-12-10T10:10:52.362-0300] {dagbag.py:540} INFO - Filling up the DagBag from /home/beatriz/Documentos/airflow/airflow_venv/lib/python3.10/site-packages/airflow/example_dags/example_branch_labels.py
[2024-12-10T10:10:52.368-0300] {processor.py:840} INFO - DAG(s) 'example_branch_labels' retrieved from /home/beatriz/Documentos/airflow/airflow_venv/lib/python3.10/site-packages/airflow/example_dags/example_branch_labels.py
[2024-12-10T10:10:52.381-0300] {logging_mixin.py:188} INFO - [2024-12-10T10:10:52.381-0300] {dag.py:3096} INFO - Sync 1 DAGs
[2024-12-10T10:10:52.399-0300] {logging_mixin.py:188} INFO - [2024-12-10T10:10:52.399-0300] {dag.py:3954} INFO - Setting next_dagrun for example_branch_labels to 2024-12-09 00:00:00+00:00, run_after=2024-12-10 00:00:00+00:00
[2024-12-10T10:10:52.417-0300] {processor.py:183} INFO - Processing /home/beatriz/Documentos/airflow/airflow_venv/lib/python3.10/site-packages/airflow/example_dags/example_branch_labels.py took 0.062 seconds
[2024-12-10T10:11:46.974-0300] {processor.py:161} INFO - Started process (PID=11517) to work on /home/beatriz/Documentos/airflow/airflow_venv/lib/python3.10/site-packages/airflow/example_dags/example_branch_labels.py
[2024-12-10T10:11:46.975-0300] {processor.py:830} INFO - Processing file /home/beatriz/Documentos/airflow/airflow_venv/lib/python3.10/site-packages/airflow/example_dags/example_branch_labels.py for tasks to queue
[2024-12-10T10:11:46.976-0300] {logging_mixin.py:188} INFO - [2024-12-10T10:11:46.976-0300] {dagbag.py:540} INFO - Filling up the DagBag from /home/beatriz/Documentos/airflow/airflow_venv/lib/python3.10/site-packages/airflow/example_dags/example_branch_labels.py
[2024-12-10T10:11:46.982-0300] {processor.py:840} INFO - DAG(s) 'example_branch_labels' retrieved from /home/beatriz/Documentos/airflow/airflow_venv/lib/python3.10/site-packages/airflow/example_dags/example_branch_labels.py
[2024-12-10T10:11:46.994-0300] {logging_mixin.py:188} INFO - [2024-12-10T10:11:46.994-0300] {dag.py:3096} INFO - Sync 1 DAGs
[2024-12-10T10:11:47.009-0300] {logging_mixin.py:188} INFO - [2024-12-10T10:11:47.009-0300] {dag.py:3954} INFO - Setting next_dagrun for example_branch_labels to 2024-12-09 00:00:00+00:00, run_after=2024-12-10 00:00:00+00:00
[2024-12-10T10:11:47.026-0300] {processor.py:183} INFO - Processing /home/beatriz/Documentos/airflow/airflow_venv/lib/python3.10/site-packages/airflow/example_dags/example_branch_labels.py took 0.056 seconds
[2024-12-10T10:13:01.911-0300] {processor.py:161} INFO - Started process (PID=12279) to work on /home/beatriz/Documentos/airflow/airflow_venv/lib/python3.10/site-packages/airflow/example_dags/example_branch_labels.py
[2024-12-10T10:13:01.913-0300] {processor.py:830} INFO - Processing file /home/beatriz/Documentos/airflow/airflow_venv/lib/python3.10/site-packages/airflow/example_dags/example_branch_labels.py for tasks to queue
[2024-12-10T10:13:01.915-0300] {logging_mixin.py:188} INFO - [2024-12-10T10:13:01.915-0300] {dagbag.py:540} INFO - Filling up the DagBag from /home/beatriz/Documentos/airflow/airflow_venv/lib/python3.10/site-packages/airflow/example_dags/example_branch_labels.py
[2024-12-10T10:13:01.923-0300] {processor.py:840} INFO - DAG(s) 'example_branch_labels' retrieved from /home/beatriz/Documentos/airflow/airflow_venv/lib/python3.10/site-packages/airflow/example_dags/example_branch_labels.py
[2024-12-10T10:13:01.939-0300] {logging_mixin.py:188} INFO - [2024-12-10T10:13:01.939-0300] {dag.py:3096} INFO - Sync 1 DAGs
[2024-12-10T10:13:01.958-0300] {logging_mixin.py:188} INFO - [2024-12-10T10:13:01.958-0300] {dag.py:3954} INFO - Setting next_dagrun for example_branch_labels to 2024-12-09 00:00:00+00:00, run_after=2024-12-10 00:00:00+00:00
[2024-12-10T10:13:01.979-0300] {processor.py:183} INFO - Processing /home/beatriz/Documentos/airflow/airflow_venv/lib/python3.10/site-packages/airflow/example_dags/example_branch_labels.py took 0.076 seconds
[2024-12-10T10:14:15.953-0300] {processor.py:161} INFO - Started process (PID=12840) to work on /home/beatriz/Documentos/airflow/airflow_venv/lib/python3.10/site-packages/airflow/example_dags/example_branch_labels.py
[2024-12-10T10:14:15.956-0300] {processor.py:830} INFO - Processing file /home/beatriz/Documentos/airflow/airflow_venv/lib/python3.10/site-packages/airflow/example_dags/example_branch_labels.py for tasks to queue
[2024-12-10T10:14:15.960-0300] {logging_mixin.py:188} INFO - [2024-12-10T10:14:15.959-0300] {dagbag.py:540} INFO - Filling up the DagBag from /home/beatriz/Documentos/airflow/airflow_venv/lib/python3.10/site-packages/airflow/example_dags/example_branch_labels.py
[2024-12-10T10:14:15.973-0300] {processor.py:840} INFO - DAG(s) 'example_branch_labels' retrieved from /home/beatriz/Documentos/airflow/airflow_venv/lib/python3.10/site-packages/airflow/example_dags/example_branch_labels.py
[2024-12-10T10:14:15.991-0300] {logging_mixin.py:188} INFO - [2024-12-10T10:14:15.991-0300] {dag.py:3096} INFO - Sync 1 DAGs
[2024-12-10T10:14:16.007-0300] {logging_mixin.py:188} INFO - [2024-12-10T10:14:16.007-0300] {dag.py:3954} INFO - Setting next_dagrun for example_branch_labels to 2024-12-09 00:00:00+00:00, run_after=2024-12-10 00:00:00+00:00
[2024-12-10T10:14:16.027-0300] {processor.py:183} INFO - Processing /home/beatriz/Documentos/airflow/airflow_venv/lib/python3.10/site-packages/airflow/example_dags/example_branch_labels.py took 0.086 seconds
[2024-12-10T10:15:26.749-0300] {processor.py:161} INFO - Started process (PID=13657) to work on /home/beatriz/Documentos/airflow/airflow_venv/lib/python3.10/site-packages/airflow/example_dags/example_branch_labels.py
[2024-12-10T10:15:26.750-0300] {processor.py:830} INFO - Processing file /home/beatriz/Documentos/airflow/airflow_venv/lib/python3.10/site-packages/airflow/example_dags/example_branch_labels.py for tasks to queue
[2024-12-10T10:15:26.751-0300] {logging_mixin.py:188} INFO - [2024-12-10T10:15:26.751-0300] {dagbag.py:540} INFO - Filling up the DagBag from /home/beatriz/Documentos/airflow/airflow_venv/lib/python3.10/site-packages/airflow/example_dags/example_branch_labels.py
[2024-12-10T10:15:26.757-0300] {processor.py:840} INFO - DAG(s) 'example_branch_labels' retrieved from /home/beatriz/Documentos/airflow/airflow_venv/lib/python3.10/site-packages/airflow/example_dags/example_branch_labels.py
[2024-12-10T10:15:26.768-0300] {logging_mixin.py:188} INFO - [2024-12-10T10:15:26.768-0300] {dag.py:3096} INFO - Sync 1 DAGs
[2024-12-10T10:15:26.782-0300] {logging_mixin.py:188} INFO - [2024-12-10T10:15:26.782-0300] {dag.py:3954} INFO - Setting next_dagrun for example_branch_labels to 2024-12-09 00:00:00+00:00, run_after=2024-12-10 00:00:00+00:00
[2024-12-10T10:15:26.798-0300] {processor.py:183} INFO - Processing /home/beatriz/Documentos/airflow/airflow_venv/lib/python3.10/site-packages/airflow/example_dags/example_branch_labels.py took 0.053 seconds
[2024-12-10T10:16:41.771-0300] {processor.py:161} INFO - Started process (PID=14132) to work on /home/beatriz/Documentos/airflow/airflow_venv/lib/python3.10/site-packages/airflow/example_dags/example_branch_labels.py
[2024-12-10T10:16:41.773-0300] {processor.py:830} INFO - Processing file /home/beatriz/Documentos/airflow/airflow_venv/lib/python3.10/site-packages/airflow/example_dags/example_branch_labels.py for tasks to queue
[2024-12-10T10:16:41.775-0300] {logging_mixin.py:188} INFO - [2024-12-10T10:16:41.774-0300] {dagbag.py:540} INFO - Filling up the DagBag from /home/beatriz/Documentos/airflow/airflow_venv/lib/python3.10/site-packages/airflow/example_dags/example_branch_labels.py
[2024-12-10T10:16:41.784-0300] {processor.py:840} INFO - DAG(s) 'example_branch_labels' retrieved from /home/beatriz/Documentos/airflow/airflow_venv/lib/python3.10/site-packages/airflow/example_dags/example_branch_labels.py
[2024-12-10T10:16:41.801-0300] {logging_mixin.py:188} INFO - [2024-12-10T10:16:41.800-0300] {dag.py:3096} INFO - Sync 1 DAGs
[2024-12-10T10:16:41.820-0300] {logging_mixin.py:188} INFO - [2024-12-10T10:16:41.820-0300] {dag.py:3954} INFO - Setting next_dagrun for example_branch_labels to 2024-12-09 00:00:00+00:00, run_after=2024-12-10 00:00:00+00:00
[2024-12-10T10:16:41.844-0300] {processor.py:183} INFO - Processing /home/beatriz/Documentos/airflow/airflow_venv/lib/python3.10/site-packages/airflow/example_dags/example_branch_labels.py took 0.081 seconds
[2024-12-10T10:17:38.965-0300] {processor.py:161} INFO - Started process (PID=14544) to work on /home/beatriz/Documentos/airflow/airflow_venv/lib/python3.10/site-packages/airflow/example_dags/example_branch_labels.py
[2024-12-10T10:17:38.966-0300] {processor.py:830} INFO - Processing file /home/beatriz/Documentos/airflow/airflow_venv/lib/python3.10/site-packages/airflow/example_dags/example_branch_labels.py for tasks to queue
[2024-12-10T10:17:38.967-0300] {logging_mixin.py:188} INFO - [2024-12-10T10:17:38.966-0300] {dagbag.py:540} INFO - Filling up the DagBag from /home/beatriz/Documentos/airflow/airflow_venv/lib/python3.10/site-packages/airflow/example_dags/example_branch_labels.py
[2024-12-10T10:17:38.976-0300] {processor.py:840} INFO - DAG(s) 'example_branch_labels' retrieved from /home/beatriz/Documentos/airflow/airflow_venv/lib/python3.10/site-packages/airflow/example_dags/example_branch_labels.py
[2024-12-10T10:17:38.991-0300] {logging_mixin.py:188} INFO - [2024-12-10T10:17:38.991-0300] {dag.py:3096} INFO - Sync 1 DAGs
[2024-12-10T10:17:39.014-0300] {logging_mixin.py:188} INFO - [2024-12-10T10:17:39.014-0300] {dag.py:3954} INFO - Setting next_dagrun for example_branch_labels to 2024-12-09 00:00:00+00:00, run_after=2024-12-10 00:00:00+00:00
[2024-12-10T10:17:39.045-0300] {processor.py:183} INFO - Processing /home/beatriz/Documentos/airflow/airflow_venv/lib/python3.10/site-packages/airflow/example_dags/example_branch_labels.py took 0.085 seconds
[2024-12-10T10:18:54.055-0300] {processor.py:161} INFO - Started process (PID=15394) to work on /home/beatriz/Documentos/airflow/airflow_venv/lib/python3.10/site-packages/airflow/example_dags/example_branch_labels.py
[2024-12-10T10:18:54.057-0300] {processor.py:830} INFO - Processing file /home/beatriz/Documentos/airflow/airflow_venv/lib/python3.10/site-packages/airflow/example_dags/example_branch_labels.py for tasks to queue
[2024-12-10T10:18:54.058-0300] {logging_mixin.py:188} INFO - [2024-12-10T10:18:54.058-0300] {dagbag.py:540} INFO - Filling up the DagBag from /home/beatriz/Documentos/airflow/airflow_venv/lib/python3.10/site-packages/airflow/example_dags/example_branch_labels.py
[2024-12-10T10:18:54.065-0300] {processor.py:840} INFO - DAG(s) 'example_branch_labels' retrieved from /home/beatriz/Documentos/airflow/airflow_venv/lib/python3.10/site-packages/airflow/example_dags/example_branch_labels.py
[2024-12-10T10:18:54.079-0300] {logging_mixin.py:188} INFO - [2024-12-10T10:18:54.079-0300] {dag.py:3096} INFO - Sync 1 DAGs
[2024-12-10T10:18:54.095-0300] {logging_mixin.py:188} INFO - [2024-12-10T10:18:54.094-0300] {dag.py:3954} INFO - Setting next_dagrun for example_branch_labels to 2024-12-09 00:00:00+00:00, run_after=2024-12-10 00:00:00+00:00
[2024-12-10T10:18:54.113-0300] {processor.py:183} INFO - Processing /home/beatriz/Documentos/airflow/airflow_venv/lib/python3.10/site-packages/airflow/example_dags/example_branch_labels.py took 0.062 seconds
[2024-12-10T11:01:40.505-0300] {processor.py:161} INFO - Started process (PID=19739) to work on /home/beatriz/Documentos/airflow/airflow_venv/lib/python3.10/site-packages/airflow/example_dags/example_branch_labels.py
[2024-12-10T11:01:40.507-0300] {processor.py:830} INFO - Processing file /home/beatriz/Documentos/airflow/airflow_venv/lib/python3.10/site-packages/airflow/example_dags/example_branch_labels.py for tasks to queue
[2024-12-10T11:01:40.509-0300] {logging_mixin.py:188} INFO - [2024-12-10T11:01:40.508-0300] {dagbag.py:540} INFO - Filling up the DagBag from /home/beatriz/Documentos/airflow/airflow_venv/lib/python3.10/site-packages/airflow/example_dags/example_branch_labels.py
[2024-12-10T11:01:40.517-0300] {processor.py:840} INFO - DAG(s) 'example_branch_labels' retrieved from /home/beatriz/Documentos/airflow/airflow_venv/lib/python3.10/site-packages/airflow/example_dags/example_branch_labels.py
[2024-12-10T11:01:40.627-0300] {logging_mixin.py:188} INFO - [2024-12-10T11:01:40.627-0300] {dag.py:3096} INFO - Sync 1 DAGs
[2024-12-10T11:01:40.644-0300] {logging_mixin.py:188} INFO - [2024-12-10T11:01:40.643-0300] {dag.py:3954} INFO - Setting next_dagrun for example_branch_labels to 2024-12-09 00:00:00+00:00, run_after=2024-12-10 00:00:00+00:00
[2024-12-10T11:01:40.672-0300] {processor.py:183} INFO - Processing /home/beatriz/Documentos/airflow/airflow_venv/lib/python3.10/site-packages/airflow/example_dags/example_branch_labels.py took 0.172 seconds
[2024-12-10T11:02:38.416-0300] {processor.py:161} INFO - Started process (PID=20176) to work on /home/beatriz/Documentos/airflow/airflow_venv/lib/python3.10/site-packages/airflow/example_dags/example_branch_labels.py
[2024-12-10T11:02:38.417-0300] {processor.py:830} INFO - Processing file /home/beatriz/Documentos/airflow/airflow_venv/lib/python3.10/site-packages/airflow/example_dags/example_branch_labels.py for tasks to queue
[2024-12-10T11:02:38.420-0300] {logging_mixin.py:188} INFO - [2024-12-10T11:02:38.419-0300] {dagbag.py:540} INFO - Filling up the DagBag from /home/beatriz/Documentos/airflow/airflow_venv/lib/python3.10/site-packages/airflow/example_dags/example_branch_labels.py
[2024-12-10T11:02:38.431-0300] {processor.py:840} INFO - DAG(s) 'example_branch_labels' retrieved from /home/beatriz/Documentos/airflow/airflow_venv/lib/python3.10/site-packages/airflow/example_dags/example_branch_labels.py
[2024-12-10T11:02:38.450-0300] {logging_mixin.py:188} INFO - [2024-12-10T11:02:38.450-0300] {dag.py:3096} INFO - Sync 1 DAGs
[2024-12-10T11:02:38.466-0300] {logging_mixin.py:188} INFO - [2024-12-10T11:02:38.465-0300] {dag.py:3954} INFO - Setting next_dagrun for example_branch_labels to 2024-12-09 00:00:00+00:00, run_after=2024-12-10 00:00:00+00:00
[2024-12-10T11:02:38.482-0300] {processor.py:183} INFO - Processing /home/beatriz/Documentos/airflow/airflow_venv/lib/python3.10/site-packages/airflow/example_dags/example_branch_labels.py took 0.074 seconds
[2024-12-10T11:37:32.754-0300] {processor.py:161} INFO - Started process (PID=24851) to work on /home/beatriz/Documentos/airflow/airflow_venv/lib/python3.10/site-packages/airflow/example_dags/example_branch_labels.py
[2024-12-10T11:37:32.755-0300] {processor.py:830} INFO - Processing file /home/beatriz/Documentos/airflow/airflow_venv/lib/python3.10/site-packages/airflow/example_dags/example_branch_labels.py for tasks to queue
[2024-12-10T11:37:32.757-0300] {logging_mixin.py:188} INFO - [2024-12-10T11:37:32.757-0300] {dagbag.py:540} INFO - Filling up the DagBag from /home/beatriz/Documentos/airflow/airflow_venv/lib/python3.10/site-packages/airflow/example_dags/example_branch_labels.py
[2024-12-10T11:37:32.770-0300] {processor.py:840} INFO - DAG(s) 'example_branch_labels' retrieved from /home/beatriz/Documentos/airflow/airflow_venv/lib/python3.10/site-packages/airflow/example_dags/example_branch_labels.py
[2024-12-10T11:37:32.847-0300] {logging_mixin.py:188} INFO - [2024-12-10T11:37:32.846-0300] {dag.py:3096} INFO - Sync 1 DAGs
[2024-12-10T11:37:32.860-0300] {logging_mixin.py:188} INFO - [2024-12-10T11:37:32.860-0300] {dag.py:3954} INFO - Setting next_dagrun for example_branch_labels to 2024-12-09 00:00:00+00:00, run_after=2024-12-10 00:00:00+00:00
[2024-12-10T11:37:32.877-0300] {processor.py:183} INFO - Processing /home/beatriz/Documentos/airflow/airflow_venv/lib/python3.10/site-packages/airflow/example_dags/example_branch_labels.py took 0.131 seconds
[2024-12-10T11:38:32.130-0300] {processor.py:161} INFO - Started process (PID=25218) to work on /home/beatriz/Documentos/airflow/airflow_venv/lib/python3.10/site-packages/airflow/example_dags/example_branch_labels.py
[2024-12-10T11:38:32.132-0300] {processor.py:830} INFO - Processing file /home/beatriz/Documentos/airflow/airflow_venv/lib/python3.10/site-packages/airflow/example_dags/example_branch_labels.py for tasks to queue
[2024-12-10T11:38:32.135-0300] {logging_mixin.py:188} INFO - [2024-12-10T11:38:32.134-0300] {dagbag.py:540} INFO - Filling up the DagBag from /home/beatriz/Documentos/airflow/airflow_venv/lib/python3.10/site-packages/airflow/example_dags/example_branch_labels.py
[2024-12-10T11:38:32.149-0300] {processor.py:840} INFO - DAG(s) 'example_branch_labels' retrieved from /home/beatriz/Documentos/airflow/airflow_venv/lib/python3.10/site-packages/airflow/example_dags/example_branch_labels.py
[2024-12-10T11:38:32.166-0300] {logging_mixin.py:188} INFO - [2024-12-10T11:38:32.166-0300] {dag.py:3096} INFO - Sync 1 DAGs
[2024-12-10T11:38:32.183-0300] {logging_mixin.py:188} INFO - [2024-12-10T11:38:32.182-0300] {dag.py:3954} INFO - Setting next_dagrun for example_branch_labels to 2024-12-09 00:00:00+00:00, run_after=2024-12-10 00:00:00+00:00
[2024-12-10T11:38:32.200-0300] {processor.py:183} INFO - Processing /home/beatriz/Documentos/airflow/airflow_venv/lib/python3.10/site-packages/airflow/example_dags/example_branch_labels.py took 0.080 seconds
[2024-12-10T11:39:29.381-0300] {processor.py:161} INFO - Started process (PID=25610) to work on /home/beatriz/Documentos/airflow/airflow_venv/lib/python3.10/site-packages/airflow/example_dags/example_branch_labels.py
[2024-12-10T11:39:29.382-0300] {processor.py:830} INFO - Processing file /home/beatriz/Documentos/airflow/airflow_venv/lib/python3.10/site-packages/airflow/example_dags/example_branch_labels.py for tasks to queue
[2024-12-10T11:39:29.383-0300] {logging_mixin.py:188} INFO - [2024-12-10T11:39:29.383-0300] {dagbag.py:540} INFO - Filling up the DagBag from /home/beatriz/Documentos/airflow/airflow_venv/lib/python3.10/site-packages/airflow/example_dags/example_branch_labels.py
[2024-12-10T11:39:29.393-0300] {processor.py:840} INFO - DAG(s) 'example_branch_labels' retrieved from /home/beatriz/Documentos/airflow/airflow_venv/lib/python3.10/site-packages/airflow/example_dags/example_branch_labels.py
[2024-12-10T11:39:29.410-0300] {logging_mixin.py:188} INFO - [2024-12-10T11:39:29.410-0300] {dag.py:3096} INFO - Sync 1 DAGs
[2024-12-10T11:39:29.426-0300] {logging_mixin.py:188} INFO - [2024-12-10T11:39:29.426-0300] {dag.py:3954} INFO - Setting next_dagrun for example_branch_labels to 2024-12-09 00:00:00+00:00, run_after=2024-12-10 00:00:00+00:00
[2024-12-10T11:39:29.445-0300] {processor.py:183} INFO - Processing /home/beatriz/Documentos/airflow/airflow_venv/lib/python3.10/site-packages/airflow/example_dags/example_branch_labels.py took 0.069 seconds
[2024-12-10T11:40:27.531-0300] {processor.py:161} INFO - Started process (PID=25965) to work on /home/beatriz/Documentos/airflow/airflow_venv/lib/python3.10/site-packages/airflow/example_dags/example_branch_labels.py
[2024-12-10T11:40:27.532-0300] {processor.py:830} INFO - Processing file /home/beatriz/Documentos/airflow/airflow_venv/lib/python3.10/site-packages/airflow/example_dags/example_branch_labels.py for tasks to queue
[2024-12-10T11:40:27.533-0300] {logging_mixin.py:188} INFO - [2024-12-10T11:40:27.532-0300] {dagbag.py:540} INFO - Filling up the DagBag from /home/beatriz/Documentos/airflow/airflow_venv/lib/python3.10/site-packages/airflow/example_dags/example_branch_labels.py
[2024-12-10T11:40:27.539-0300] {processor.py:840} INFO - DAG(s) 'example_branch_labels' retrieved from /home/beatriz/Documentos/airflow/airflow_venv/lib/python3.10/site-packages/airflow/example_dags/example_branch_labels.py
[2024-12-10T11:40:27.552-0300] {logging_mixin.py:188} INFO - [2024-12-10T11:40:27.552-0300] {dag.py:3096} INFO - Sync 1 DAGs
[2024-12-10T11:40:27.567-0300] {logging_mixin.py:188} INFO - [2024-12-10T11:40:27.567-0300] {dag.py:3954} INFO - Setting next_dagrun for example_branch_labels to 2024-12-09 00:00:00+00:00, run_after=2024-12-10 00:00:00+00:00
[2024-12-10T11:40:27.585-0300] {processor.py:183} INFO - Processing /home/beatriz/Documentos/airflow/airflow_venv/lib/python3.10/site-packages/airflow/example_dags/example_branch_labels.py took 0.059 seconds
[2024-12-10T11:41:53.178-0300] {processor.py:161} INFO - Started process (PID=26763) to work on /home/beatriz/Documentos/airflow/airflow_venv/lib/python3.10/site-packages/airflow/example_dags/example_branch_labels.py
[2024-12-10T11:41:53.180-0300] {processor.py:830} INFO - Processing file /home/beatriz/Documentos/airflow/airflow_venv/lib/python3.10/site-packages/airflow/example_dags/example_branch_labels.py for tasks to queue
[2024-12-10T11:41:53.182-0300] {logging_mixin.py:188} INFO - [2024-12-10T11:41:53.182-0300] {dagbag.py:540} INFO - Filling up the DagBag from /home/beatriz/Documentos/airflow/airflow_venv/lib/python3.10/site-packages/airflow/example_dags/example_branch_labels.py
[2024-12-10T11:41:53.190-0300] {processor.py:840} INFO - DAG(s) 'example_branch_labels' retrieved from /home/beatriz/Documentos/airflow/airflow_venv/lib/python3.10/site-packages/airflow/example_dags/example_branch_labels.py
[2024-12-10T11:41:53.205-0300] {logging_mixin.py:188} INFO - [2024-12-10T11:41:53.205-0300] {dag.py:3096} INFO - Sync 1 DAGs
[2024-12-10T11:41:53.220-0300] {logging_mixin.py:188} INFO - [2024-12-10T11:41:53.220-0300] {dag.py:3954} INFO - Setting next_dagrun for example_branch_labels to 2024-12-09 00:00:00+00:00, run_after=2024-12-10 00:00:00+00:00
[2024-12-10T11:41:53.243-0300] {processor.py:183} INFO - Processing /home/beatriz/Documentos/airflow/airflow_venv/lib/python3.10/site-packages/airflow/example_dags/example_branch_labels.py took 0.070 seconds
[2024-12-10T11:43:13.536-0300] {processor.py:161} INFO - Started process (PID=27191) to work on /home/beatriz/Documentos/airflow/airflow_venv/lib/python3.10/site-packages/airflow/example_dags/example_branch_labels.py
[2024-12-10T11:43:13.538-0300] {processor.py:830} INFO - Processing file /home/beatriz/Documentos/airflow/airflow_venv/lib/python3.10/site-packages/airflow/example_dags/example_branch_labels.py for tasks to queue
[2024-12-10T11:43:13.541-0300] {logging_mixin.py:188} INFO - [2024-12-10T11:43:13.540-0300] {dagbag.py:540} INFO - Filling up the DagBag from /home/beatriz/Documentos/airflow/airflow_venv/lib/python3.10/site-packages/airflow/example_dags/example_branch_labels.py
[2024-12-10T11:43:13.556-0300] {processor.py:840} INFO - DAG(s) 'example_branch_labels' retrieved from /home/beatriz/Documentos/airflow/airflow_venv/lib/python3.10/site-packages/airflow/example_dags/example_branch_labels.py
[2024-12-10T11:43:13.573-0300] {logging_mixin.py:188} INFO - [2024-12-10T11:43:13.573-0300] {dag.py:3096} INFO - Sync 1 DAGs
[2024-12-10T11:43:13.589-0300] {logging_mixin.py:188} INFO - [2024-12-10T11:43:13.589-0300] {dag.py:3954} INFO - Setting next_dagrun for example_branch_labels to 2024-12-09 00:00:00+00:00, run_after=2024-12-10 00:00:00+00:00
[2024-12-10T11:43:13.611-0300] {processor.py:183} INFO - Processing /home/beatriz/Documentos/airflow/airflow_venv/lib/python3.10/site-packages/airflow/example_dags/example_branch_labels.py took 0.086 seconds
[2024-12-10T11:44:39.094-0300] {processor.py:161} INFO - Started process (PID=28370) to work on /home/beatriz/Documentos/airflow/airflow_venv/lib/python3.10/site-packages/airflow/example_dags/example_branch_labels.py
[2024-12-10T11:44:39.095-0300] {processor.py:830} INFO - Processing file /home/beatriz/Documentos/airflow/airflow_venv/lib/python3.10/site-packages/airflow/example_dags/example_branch_labels.py for tasks to queue
[2024-12-10T11:44:39.097-0300] {logging_mixin.py:188} INFO - [2024-12-10T11:44:39.096-0300] {dagbag.py:540} INFO - Filling up the DagBag from /home/beatriz/Documentos/airflow/airflow_venv/lib/python3.10/site-packages/airflow/example_dags/example_branch_labels.py
[2024-12-10T11:44:39.103-0300] {processor.py:840} INFO - DAG(s) 'example_branch_labels' retrieved from /home/beatriz/Documentos/airflow/airflow_venv/lib/python3.10/site-packages/airflow/example_dags/example_branch_labels.py
[2024-12-10T11:44:39.118-0300] {logging_mixin.py:188} INFO - [2024-12-10T11:44:39.117-0300] {dag.py:3096} INFO - Sync 1 DAGs
[2024-12-10T11:44:39.135-0300] {logging_mixin.py:188} INFO - [2024-12-10T11:44:39.135-0300] {dag.py:3954} INFO - Setting next_dagrun for example_branch_labels to 2024-12-09 00:00:00+00:00, run_after=2024-12-10 00:00:00+00:00
[2024-12-10T11:44:39.154-0300] {processor.py:183} INFO - Processing /home/beatriz/Documentos/airflow/airflow_venv/lib/python3.10/site-packages/airflow/example_dags/example_branch_labels.py took 0.064 seconds
[2024-12-10T11:45:35.826-0300] {processor.py:161} INFO - Started process (PID=28791) to work on /home/beatriz/Documentos/airflow/airflow_venv/lib/python3.10/site-packages/airflow/example_dags/example_branch_labels.py
[2024-12-10T11:45:35.828-0300] {processor.py:830} INFO - Processing file /home/beatriz/Documentos/airflow/airflow_venv/lib/python3.10/site-packages/airflow/example_dags/example_branch_labels.py for tasks to queue
[2024-12-10T11:45:35.830-0300] {logging_mixin.py:188} INFO - [2024-12-10T11:45:35.830-0300] {dagbag.py:540} INFO - Filling up the DagBag from /home/beatriz/Documentos/airflow/airflow_venv/lib/python3.10/site-packages/airflow/example_dags/example_branch_labels.py
[2024-12-10T11:45:35.844-0300] {processor.py:840} INFO - DAG(s) 'example_branch_labels' retrieved from /home/beatriz/Documentos/airflow/airflow_venv/lib/python3.10/site-packages/airflow/example_dags/example_branch_labels.py
[2024-12-10T11:45:35.861-0300] {logging_mixin.py:188} INFO - [2024-12-10T11:45:35.860-0300] {dag.py:3096} INFO - Sync 1 DAGs
[2024-12-10T11:45:35.879-0300] {logging_mixin.py:188} INFO - [2024-12-10T11:45:35.878-0300] {dag.py:3954} INFO - Setting next_dagrun for example_branch_labels to 2024-12-09 00:00:00+00:00, run_after=2024-12-10 00:00:00+00:00
[2024-12-10T11:45:35.904-0300] {processor.py:183} INFO - Processing /home/beatriz/Documentos/airflow/airflow_venv/lib/python3.10/site-packages/airflow/example_dags/example_branch_labels.py took 0.087 seconds
[2024-12-10T11:46:31.678-0300] {processor.py:161} INFO - Started process (PID=29323) to work on /home/beatriz/Documentos/airflow/airflow_venv/lib/python3.10/site-packages/airflow/example_dags/example_branch_labels.py
[2024-12-10T11:46:31.679-0300] {processor.py:830} INFO - Processing file /home/beatriz/Documentos/airflow/airflow_venv/lib/python3.10/site-packages/airflow/example_dags/example_branch_labels.py for tasks to queue
[2024-12-10T11:46:31.681-0300] {logging_mixin.py:188} INFO - [2024-12-10T11:46:31.681-0300] {dagbag.py:540} INFO - Filling up the DagBag from /home/beatriz/Documentos/airflow/airflow_venv/lib/python3.10/site-packages/airflow/example_dags/example_branch_labels.py
[2024-12-10T11:46:31.690-0300] {processor.py:840} INFO - DAG(s) 'example_branch_labels' retrieved from /home/beatriz/Documentos/airflow/airflow_venv/lib/python3.10/site-packages/airflow/example_dags/example_branch_labels.py
[2024-12-10T11:46:31.707-0300] {logging_mixin.py:188} INFO - [2024-12-10T11:46:31.707-0300] {dag.py:3096} INFO - Sync 1 DAGs
[2024-12-10T11:46:31.729-0300] {logging_mixin.py:188} INFO - [2024-12-10T11:46:31.729-0300] {dag.py:3954} INFO - Setting next_dagrun for example_branch_labels to 2024-12-09 00:00:00+00:00, run_after=2024-12-10 00:00:00+00:00
[2024-12-10T11:46:31.751-0300] {processor.py:183} INFO - Processing /home/beatriz/Documentos/airflow/airflow_venv/lib/python3.10/site-packages/airflow/example_dags/example_branch_labels.py took 0.080 seconds
[2024-12-10T11:49:20.330-0300] {processor.py:161} INFO - Started process (PID=30943) to work on /home/beatriz/Documentos/airflow/airflow_venv/lib/python3.10/site-packages/airflow/example_dags/example_branch_labels.py
[2024-12-10T11:49:20.331-0300] {processor.py:830} INFO - Processing file /home/beatriz/Documentos/airflow/airflow_venv/lib/python3.10/site-packages/airflow/example_dags/example_branch_labels.py for tasks to queue
[2024-12-10T11:49:20.331-0300] {logging_mixin.py:188} INFO - [2024-12-10T11:49:20.331-0300] {dagbag.py:540} INFO - Filling up the DagBag from /home/beatriz/Documentos/airflow/airflow_venv/lib/python3.10/site-packages/airflow/example_dags/example_branch_labels.py
[2024-12-10T11:49:20.338-0300] {processor.py:840} INFO - DAG(s) 'example_branch_labels' retrieved from /home/beatriz/Documentos/airflow/airflow_venv/lib/python3.10/site-packages/airflow/example_dags/example_branch_labels.py
[2024-12-10T11:49:20.351-0300] {logging_mixin.py:188} INFO - [2024-12-10T11:49:20.350-0300] {dag.py:3096} INFO - Sync 1 DAGs
[2024-12-10T11:49:20.364-0300] {logging_mixin.py:188} INFO - [2024-12-10T11:49:20.364-0300] {dag.py:3954} INFO - Setting next_dagrun for example_branch_labels to 2024-12-09 00:00:00+00:00, run_after=2024-12-10 00:00:00+00:00
[2024-12-10T11:49:20.380-0300] {processor.py:183} INFO - Processing /home/beatriz/Documentos/airflow/airflow_venv/lib/python3.10/site-packages/airflow/example_dags/example_branch_labels.py took 0.055 seconds
[2024-12-10T11:50:19.423-0300] {processor.py:161} INFO - Started process (PID=31361) to work on /home/beatriz/Documentos/airflow/airflow_venv/lib/python3.10/site-packages/airflow/example_dags/example_branch_labels.py
[2024-12-10T11:50:19.424-0300] {processor.py:830} INFO - Processing file /home/beatriz/Documentos/airflow/airflow_venv/lib/python3.10/site-packages/airflow/example_dags/example_branch_labels.py for tasks to queue
[2024-12-10T11:50:19.425-0300] {logging_mixin.py:188} INFO - [2024-12-10T11:50:19.425-0300] {dagbag.py:540} INFO - Filling up the DagBag from /home/beatriz/Documentos/airflow/airflow_venv/lib/python3.10/site-packages/airflow/example_dags/example_branch_labels.py
[2024-12-10T11:50:19.433-0300] {processor.py:840} INFO - DAG(s) 'example_branch_labels' retrieved from /home/beatriz/Documentos/airflow/airflow_venv/lib/python3.10/site-packages/airflow/example_dags/example_branch_labels.py
[2024-12-10T11:50:19.448-0300] {logging_mixin.py:188} INFO - [2024-12-10T11:50:19.448-0300] {dag.py:3096} INFO - Sync 1 DAGs
[2024-12-10T11:50:19.462-0300] {logging_mixin.py:188} INFO - [2024-12-10T11:50:19.462-0300] {dag.py:3954} INFO - Setting next_dagrun for example_branch_labels to 2024-12-09 00:00:00+00:00, run_after=2024-12-10 00:00:00+00:00
[2024-12-10T11:50:19.480-0300] {processor.py:183} INFO - Processing /home/beatriz/Documentos/airflow/airflow_venv/lib/python3.10/site-packages/airflow/example_dags/example_branch_labels.py took 0.062 seconds
[2024-12-10T11:51:18.288-0300] {processor.py:161} INFO - Started process (PID=31766) to work on /home/beatriz/Documentos/airflow/airflow_venv/lib/python3.10/site-packages/airflow/example_dags/example_branch_labels.py
[2024-12-10T11:51:18.289-0300] {processor.py:830} INFO - Processing file /home/beatriz/Documentos/airflow/airflow_venv/lib/python3.10/site-packages/airflow/example_dags/example_branch_labels.py for tasks to queue
[2024-12-10T11:51:18.290-0300] {logging_mixin.py:188} INFO - [2024-12-10T11:51:18.289-0300] {dagbag.py:540} INFO - Filling up the DagBag from /home/beatriz/Documentos/airflow/airflow_venv/lib/python3.10/site-packages/airflow/example_dags/example_branch_labels.py
[2024-12-10T11:51:18.297-0300] {processor.py:840} INFO - DAG(s) 'example_branch_labels' retrieved from /home/beatriz/Documentos/airflow/airflow_venv/lib/python3.10/site-packages/airflow/example_dags/example_branch_labels.py
[2024-12-10T11:51:18.311-0300] {logging_mixin.py:188} INFO - [2024-12-10T11:51:18.310-0300] {dag.py:3096} INFO - Sync 1 DAGs
[2024-12-10T11:51:18.325-0300] {logging_mixin.py:188} INFO - [2024-12-10T11:51:18.325-0300] {dag.py:3954} INFO - Setting next_dagrun for example_branch_labels to 2024-12-09 00:00:00+00:00, run_after=2024-12-10 00:00:00+00:00
[2024-12-10T11:51:18.341-0300] {processor.py:183} INFO - Processing /home/beatriz/Documentos/airflow/airflow_venv/lib/python3.10/site-packages/airflow/example_dags/example_branch_labels.py took 0.057 seconds
[2024-12-10T11:52:15.400-0300] {processor.py:161} INFO - Started process (PID=32236) to work on /home/beatriz/Documentos/airflow/airflow_venv/lib/python3.10/site-packages/airflow/example_dags/example_branch_labels.py
[2024-12-10T11:52:15.402-0300] {processor.py:830} INFO - Processing file /home/beatriz/Documentos/airflow/airflow_venv/lib/python3.10/site-packages/airflow/example_dags/example_branch_labels.py for tasks to queue
[2024-12-10T11:52:15.403-0300] {logging_mixin.py:188} INFO - [2024-12-10T11:52:15.403-0300] {dagbag.py:540} INFO - Filling up the DagBag from /home/beatriz/Documentos/airflow/airflow_venv/lib/python3.10/site-packages/airflow/example_dags/example_branch_labels.py
[2024-12-10T11:52:15.418-0300] {processor.py:840} INFO - DAG(s) 'example_branch_labels' retrieved from /home/beatriz/Documentos/airflow/airflow_venv/lib/python3.10/site-packages/airflow/example_dags/example_branch_labels.py
[2024-12-10T11:52:15.435-0300] {logging_mixin.py:188} INFO - [2024-12-10T11:52:15.435-0300] {dag.py:3096} INFO - Sync 1 DAGs
[2024-12-10T11:52:15.449-0300] {logging_mixin.py:188} INFO - [2024-12-10T11:52:15.449-0300] {dag.py:3954} INFO - Setting next_dagrun for example_branch_labels to 2024-12-09 00:00:00+00:00, run_after=2024-12-10 00:00:00+00:00
[2024-12-10T11:52:15.466-0300] {processor.py:183} INFO - Processing /home/beatriz/Documentos/airflow/airflow_venv/lib/python3.10/site-packages/airflow/example_dags/example_branch_labels.py took 0.077 seconds
[2024-12-10T11:53:12.528-0300] {processor.py:161} INFO - Started process (PID=32760) to work on /home/beatriz/Documentos/airflow/airflow_venv/lib/python3.10/site-packages/airflow/example_dags/example_branch_labels.py
[2024-12-10T11:53:12.530-0300] {processor.py:830} INFO - Processing file /home/beatriz/Documentos/airflow/airflow_venv/lib/python3.10/site-packages/airflow/example_dags/example_branch_labels.py for tasks to queue
[2024-12-10T11:53:12.532-0300] {logging_mixin.py:188} INFO - [2024-12-10T11:53:12.531-0300] {dagbag.py:540} INFO - Filling up the DagBag from /home/beatriz/Documentos/airflow/airflow_venv/lib/python3.10/site-packages/airflow/example_dags/example_branch_labels.py
[2024-12-10T11:53:12.544-0300] {processor.py:840} INFO - DAG(s) 'example_branch_labels' retrieved from /home/beatriz/Documentos/airflow/airflow_venv/lib/python3.10/site-packages/airflow/example_dags/example_branch_labels.py
[2024-12-10T11:53:12.562-0300] {logging_mixin.py:188} INFO - [2024-12-10T11:53:12.561-0300] {dag.py:3096} INFO - Sync 1 DAGs
[2024-12-10T11:53:12.575-0300] {logging_mixin.py:188} INFO - [2024-12-10T11:53:12.575-0300] {dag.py:3954} INFO - Setting next_dagrun for example_branch_labels to 2024-12-09 00:00:00+00:00, run_after=2024-12-10 00:00:00+00:00
[2024-12-10T11:53:12.592-0300] {processor.py:183} INFO - Processing /home/beatriz/Documentos/airflow/airflow_venv/lib/python3.10/site-packages/airflow/example_dags/example_branch_labels.py took 0.077 seconds
[2024-12-10T11:55:56.486-0300] {processor.py:161} INFO - Started process (PID=34607) to work on /home/beatriz/Documentos/airflow/airflow_venv/lib/python3.10/site-packages/airflow/example_dags/example_branch_labels.py
[2024-12-10T11:55:56.487-0300] {processor.py:830} INFO - Processing file /home/beatriz/Documentos/airflow/airflow_venv/lib/python3.10/site-packages/airflow/example_dags/example_branch_labels.py for tasks to queue
[2024-12-10T11:55:56.488-0300] {logging_mixin.py:188} INFO - [2024-12-10T11:55:56.488-0300] {dagbag.py:540} INFO - Filling up the DagBag from /home/beatriz/Documentos/airflow/airflow_venv/lib/python3.10/site-packages/airflow/example_dags/example_branch_labels.py
[2024-12-10T11:55:56.494-0300] {processor.py:840} INFO - DAG(s) 'example_branch_labels' retrieved from /home/beatriz/Documentos/airflow/airflow_venv/lib/python3.10/site-packages/airflow/example_dags/example_branch_labels.py
[2024-12-10T11:55:56.507-0300] {logging_mixin.py:188} INFO - [2024-12-10T11:55:56.507-0300] {dag.py:3096} INFO - Sync 1 DAGs
[2024-12-10T11:55:56.522-0300] {logging_mixin.py:188} INFO - [2024-12-10T11:55:56.522-0300] {dag.py:3954} INFO - Setting next_dagrun for example_branch_labels to 2024-12-09 00:00:00+00:00, run_after=2024-12-10 00:00:00+00:00
[2024-12-10T11:55:56.544-0300] {processor.py:183} INFO - Processing /home/beatriz/Documentos/airflow/airflow_venv/lib/python3.10/site-packages/airflow/example_dags/example_branch_labels.py took 0.062 seconds
[2024-12-10T11:56:54.294-0300] {processor.py:161} INFO - Started process (PID=35137) to work on /home/beatriz/Documentos/airflow/airflow_venv/lib/python3.10/site-packages/airflow/example_dags/example_branch_labels.py
[2024-12-10T11:56:54.295-0300] {processor.py:830} INFO - Processing file /home/beatriz/Documentos/airflow/airflow_venv/lib/python3.10/site-packages/airflow/example_dags/example_branch_labels.py for tasks to queue
[2024-12-10T11:56:54.296-0300] {logging_mixin.py:188} INFO - [2024-12-10T11:56:54.295-0300] {dagbag.py:540} INFO - Filling up the DagBag from /home/beatriz/Documentos/airflow/airflow_venv/lib/python3.10/site-packages/airflow/example_dags/example_branch_labels.py
[2024-12-10T11:56:54.301-0300] {processor.py:840} INFO - DAG(s) 'example_branch_labels' retrieved from /home/beatriz/Documentos/airflow/airflow_venv/lib/python3.10/site-packages/airflow/example_dags/example_branch_labels.py
[2024-12-10T11:56:54.314-0300] {logging_mixin.py:188} INFO - [2024-12-10T11:56:54.314-0300] {dag.py:3096} INFO - Sync 1 DAGs
[2024-12-10T11:56:54.328-0300] {logging_mixin.py:188} INFO - [2024-12-10T11:56:54.328-0300] {dag.py:3954} INFO - Setting next_dagrun for example_branch_labels to 2024-12-09 00:00:00+00:00, run_after=2024-12-10 00:00:00+00:00
[2024-12-10T11:56:54.344-0300] {processor.py:183} INFO - Processing /home/beatriz/Documentos/airflow/airflow_venv/lib/python3.10/site-packages/airflow/example_dags/example_branch_labels.py took 0.055 seconds
[2024-12-10T11:57:53.259-0300] {processor.py:161} INFO - Started process (PID=35560) to work on /home/beatriz/Documentos/airflow/airflow_venv/lib/python3.10/site-packages/airflow/example_dags/example_branch_labels.py
[2024-12-10T11:57:53.260-0300] {processor.py:830} INFO - Processing file /home/beatriz/Documentos/airflow/airflow_venv/lib/python3.10/site-packages/airflow/example_dags/example_branch_labels.py for tasks to queue
[2024-12-10T11:57:53.261-0300] {logging_mixin.py:188} INFO - [2024-12-10T11:57:53.261-0300] {dagbag.py:540} INFO - Filling up the DagBag from /home/beatriz/Documentos/airflow/airflow_venv/lib/python3.10/site-packages/airflow/example_dags/example_branch_labels.py
[2024-12-10T11:57:53.272-0300] {processor.py:840} INFO - DAG(s) 'example_branch_labels' retrieved from /home/beatriz/Documentos/airflow/airflow_venv/lib/python3.10/site-packages/airflow/example_dags/example_branch_labels.py
[2024-12-10T11:57:53.288-0300] {logging_mixin.py:188} INFO - [2024-12-10T11:57:53.288-0300] {dag.py:3096} INFO - Sync 1 DAGs
[2024-12-10T11:57:53.305-0300] {logging_mixin.py:188} INFO - [2024-12-10T11:57:53.304-0300] {dag.py:3954} INFO - Setting next_dagrun for example_branch_labels to 2024-12-09 00:00:00+00:00, run_after=2024-12-10 00:00:00+00:00
[2024-12-10T11:57:53.323-0300] {processor.py:183} INFO - Processing /home/beatriz/Documentos/airflow/airflow_venv/lib/python3.10/site-packages/airflow/example_dags/example_branch_labels.py took 0.071 seconds
[2024-12-10T11:58:54.394-0300] {processor.py:161} INFO - Started process (PID=35977) to work on /home/beatriz/Documentos/airflow/airflow_venv/lib/python3.10/site-packages/airflow/example_dags/example_branch_labels.py
[2024-12-10T11:58:54.396-0300] {processor.py:830} INFO - Processing file /home/beatriz/Documentos/airflow/airflow_venv/lib/python3.10/site-packages/airflow/example_dags/example_branch_labels.py for tasks to queue
[2024-12-10T11:58:54.396-0300] {logging_mixin.py:188} INFO - [2024-12-10T11:58:54.396-0300] {dagbag.py:540} INFO - Filling up the DagBag from /home/beatriz/Documentos/airflow/airflow_venv/lib/python3.10/site-packages/airflow/example_dags/example_branch_labels.py
[2024-12-10T11:58:54.404-0300] {processor.py:840} INFO - DAG(s) 'example_branch_labels' retrieved from /home/beatriz/Documentos/airflow/airflow_venv/lib/python3.10/site-packages/airflow/example_dags/example_branch_labels.py
[2024-12-10T11:58:54.419-0300] {logging_mixin.py:188} INFO - [2024-12-10T11:58:54.418-0300] {dag.py:3096} INFO - Sync 1 DAGs
[2024-12-10T11:58:54.434-0300] {logging_mixin.py:188} INFO - [2024-12-10T11:58:54.434-0300] {dag.py:3954} INFO - Setting next_dagrun for example_branch_labels to 2024-12-09 00:00:00+00:00, run_after=2024-12-10 00:00:00+00:00
[2024-12-10T11:58:54.456-0300] {processor.py:183} INFO - Processing /home/beatriz/Documentos/airflow/airflow_venv/lib/python3.10/site-packages/airflow/example_dags/example_branch_labels.py took 0.070 seconds
[2024-12-10T12:01:03.497-0300] {processor.py:161} INFO - Started process (PID=36766) to work on /home/beatriz/Documentos/airflow/airflow_venv/lib/python3.10/site-packages/airflow/example_dags/example_branch_labels.py
[2024-12-10T12:01:03.498-0300] {processor.py:830} INFO - Processing file /home/beatriz/Documentos/airflow/airflow_venv/lib/python3.10/site-packages/airflow/example_dags/example_branch_labels.py for tasks to queue
[2024-12-10T12:01:03.499-0300] {logging_mixin.py:188} INFO - [2024-12-10T12:01:03.498-0300] {dagbag.py:540} INFO - Filling up the DagBag from /home/beatriz/Documentos/airflow/airflow_venv/lib/python3.10/site-packages/airflow/example_dags/example_branch_labels.py
[2024-12-10T12:01:03.506-0300] {processor.py:840} INFO - DAG(s) 'example_branch_labels' retrieved from /home/beatriz/Documentos/airflow/airflow_venv/lib/python3.10/site-packages/airflow/example_dags/example_branch_labels.py
[2024-12-10T12:01:03.523-0300] {logging_mixin.py:188} INFO - [2024-12-10T12:01:03.523-0300] {dag.py:3096} INFO - Sync 1 DAGs
[2024-12-10T12:01:03.539-0300] {logging_mixin.py:188} INFO - [2024-12-10T12:01:03.538-0300] {dag.py:3954} INFO - Setting next_dagrun for example_branch_labels to 2024-12-09 00:00:00+00:00, run_after=2024-12-10 00:00:00+00:00
[2024-12-10T12:01:03.556-0300] {processor.py:183} INFO - Processing /home/beatriz/Documentos/airflow/airflow_venv/lib/python3.10/site-packages/airflow/example_dags/example_branch_labels.py took 0.064 seconds
[2024-12-10T12:02:02.051-0300] {processor.py:161} INFO - Started process (PID=37259) to work on /home/beatriz/Documentos/airflow/airflow_venv/lib/python3.10/site-packages/airflow/example_dags/example_branch_labels.py
[2024-12-10T12:02:02.052-0300] {processor.py:830} INFO - Processing file /home/beatriz/Documentos/airflow/airflow_venv/lib/python3.10/site-packages/airflow/example_dags/example_branch_labels.py for tasks to queue
[2024-12-10T12:02:02.053-0300] {logging_mixin.py:188} INFO - [2024-12-10T12:02:02.052-0300] {dagbag.py:540} INFO - Filling up the DagBag from /home/beatriz/Documentos/airflow/airflow_venv/lib/python3.10/site-packages/airflow/example_dags/example_branch_labels.py
[2024-12-10T12:02:02.060-0300] {processor.py:840} INFO - DAG(s) 'example_branch_labels' retrieved from /home/beatriz/Documentos/airflow/airflow_venv/lib/python3.10/site-packages/airflow/example_dags/example_branch_labels.py
[2024-12-10T12:02:02.074-0300] {logging_mixin.py:188} INFO - [2024-12-10T12:02:02.073-0300] {dag.py:3096} INFO - Sync 1 DAGs
[2024-12-10T12:02:02.088-0300] {logging_mixin.py:188} INFO - [2024-12-10T12:02:02.088-0300] {dag.py:3954} INFO - Setting next_dagrun for example_branch_labels to 2024-12-09 00:00:00+00:00, run_after=2024-12-10 00:00:00+00:00
[2024-12-10T12:02:02.110-0300] {processor.py:183} INFO - Processing /home/beatriz/Documentos/airflow/airflow_venv/lib/python3.10/site-packages/airflow/example_dags/example_branch_labels.py took 0.064 seconds
[2024-12-10T13:34:51.805-0300] {processor.py:161} INFO - Started process (PID=40426) to work on /home/beatriz/Documentos/airflow/airflow_venv/lib/python3.10/site-packages/airflow/example_dags/example_branch_labels.py
[2024-12-10T13:34:51.807-0300] {processor.py:830} INFO - Processing file /home/beatriz/Documentos/airflow/airflow_venv/lib/python3.10/site-packages/airflow/example_dags/example_branch_labels.py for tasks to queue
[2024-12-10T13:34:51.810-0300] {logging_mixin.py:188} INFO - [2024-12-10T13:34:51.809-0300] {dagbag.py:540} INFO - Filling up the DagBag from /home/beatriz/Documentos/airflow/airflow_venv/lib/python3.10/site-packages/airflow/example_dags/example_branch_labels.py
[2024-12-10T13:34:51.824-0300] {processor.py:840} INFO - DAG(s) 'example_branch_labels' retrieved from /home/beatriz/Documentos/airflow/airflow_venv/lib/python3.10/site-packages/airflow/example_dags/example_branch_labels.py
[2024-12-10T13:34:51.903-0300] {logging_mixin.py:188} INFO - [2024-12-10T13:34:51.902-0300] {dag.py:3096} INFO - Sync 1 DAGs
[2024-12-10T13:34:51.916-0300] {logging_mixin.py:188} INFO - [2024-12-10T13:34:51.916-0300] {dag.py:3954} INFO - Setting next_dagrun for example_branch_labels to 2024-12-09 00:00:00+00:00, run_after=2024-12-10 00:00:00+00:00
[2024-12-10T13:34:51.935-0300] {processor.py:183} INFO - Processing /home/beatriz/Documentos/airflow/airflow_venv/lib/python3.10/site-packages/airflow/example_dags/example_branch_labels.py took 0.141 seconds
[2024-12-10T13:36:22.188-0300] {processor.py:161} INFO - Started process (PID=41730) to work on /home/beatriz/Documentos/airflow/airflow_venv/lib/python3.10/site-packages/airflow/example_dags/example_branch_labels.py
[2024-12-10T13:36:22.189-0300] {processor.py:830} INFO - Processing file /home/beatriz/Documentos/airflow/airflow_venv/lib/python3.10/site-packages/airflow/example_dags/example_branch_labels.py for tasks to queue
[2024-12-10T13:36:22.191-0300] {logging_mixin.py:188} INFO - [2024-12-10T13:36:22.191-0300] {dagbag.py:540} INFO - Filling up the DagBag from /home/beatriz/Documentos/airflow/airflow_venv/lib/python3.10/site-packages/airflow/example_dags/example_branch_labels.py
[2024-12-10T13:36:22.200-0300] {processor.py:840} INFO - DAG(s) 'example_branch_labels' retrieved from /home/beatriz/Documentos/airflow/airflow_venv/lib/python3.10/site-packages/airflow/example_dags/example_branch_labels.py
[2024-12-10T13:36:22.215-0300] {logging_mixin.py:188} INFO - [2024-12-10T13:36:22.215-0300] {dag.py:3096} INFO - Sync 1 DAGs
[2024-12-10T13:36:22.231-0300] {logging_mixin.py:188} INFO - [2024-12-10T13:36:22.231-0300] {dag.py:3954} INFO - Setting next_dagrun for example_branch_labels to 2024-12-09 00:00:00+00:00, run_after=2024-12-10 00:00:00+00:00
[2024-12-10T13:36:22.249-0300] {processor.py:183} INFO - Processing /home/beatriz/Documentos/airflow/airflow_venv/lib/python3.10/site-packages/airflow/example_dags/example_branch_labels.py took 0.067 seconds
[2024-12-10T13:37:26.364-0300] {processor.py:161} INFO - Started process (PID=42389) to work on /home/beatriz/Documentos/airflow/airflow_venv/lib/python3.10/site-packages/airflow/example_dags/example_branch_labels.py
[2024-12-10T13:37:26.365-0300] {processor.py:830} INFO - Processing file /home/beatriz/Documentos/airflow/airflow_venv/lib/python3.10/site-packages/airflow/example_dags/example_branch_labels.py for tasks to queue
[2024-12-10T13:37:26.368-0300] {logging_mixin.py:188} INFO - [2024-12-10T13:37:26.368-0300] {dagbag.py:540} INFO - Filling up the DagBag from /home/beatriz/Documentos/airflow/airflow_venv/lib/python3.10/site-packages/airflow/example_dags/example_branch_labels.py
[2024-12-10T13:37:26.378-0300] {processor.py:840} INFO - DAG(s) 'example_branch_labels' retrieved from /home/beatriz/Documentos/airflow/airflow_venv/lib/python3.10/site-packages/airflow/example_dags/example_branch_labels.py
[2024-12-10T13:37:26.392-0300] {logging_mixin.py:188} INFO - [2024-12-10T13:37:26.392-0300] {dag.py:3096} INFO - Sync 1 DAGs
[2024-12-10T13:37:26.510-0300] {logging_mixin.py:188} INFO - [2024-12-10T13:37:26.510-0300] {dag.py:3954} INFO - Setting next_dagrun for example_branch_labels to 2024-12-09 00:00:00+00:00, run_after=2024-12-10 00:00:00+00:00
[2024-12-10T13:37:26.537-0300] {processor.py:183} INFO - Processing /home/beatriz/Documentos/airflow/airflow_venv/lib/python3.10/site-packages/airflow/example_dags/example_branch_labels.py took 0.182 seconds
[2024-12-10T13:38:33.875-0300] {processor.py:161} INFO - Started process (PID=43031) to work on /home/beatriz/Documentos/airflow/airflow_venv/lib/python3.10/site-packages/airflow/example_dags/example_branch_labels.py
[2024-12-10T13:38:33.876-0300] {processor.py:830} INFO - Processing file /home/beatriz/Documentos/airflow/airflow_venv/lib/python3.10/site-packages/airflow/example_dags/example_branch_labels.py for tasks to queue
[2024-12-10T13:38:33.877-0300] {logging_mixin.py:188} INFO - [2024-12-10T13:38:33.877-0300] {dagbag.py:540} INFO - Filling up the DagBag from /home/beatriz/Documentos/airflow/airflow_venv/lib/python3.10/site-packages/airflow/example_dags/example_branch_labels.py
[2024-12-10T13:38:33.887-0300] {processor.py:840} INFO - DAG(s) 'example_branch_labels' retrieved from /home/beatriz/Documentos/airflow/airflow_venv/lib/python3.10/site-packages/airflow/example_dags/example_branch_labels.py
[2024-12-10T13:38:33.905-0300] {logging_mixin.py:188} INFO - [2024-12-10T13:38:33.904-0300] {dag.py:3096} INFO - Sync 1 DAGs
[2024-12-10T13:38:33.922-0300] {logging_mixin.py:188} INFO - [2024-12-10T13:38:33.922-0300] {dag.py:3954} INFO - Setting next_dagrun for example_branch_labels to 2024-12-09 00:00:00+00:00, run_after=2024-12-10 00:00:00+00:00
[2024-12-10T13:38:33.943-0300] {processor.py:183} INFO - Processing /home/beatriz/Documentos/airflow/airflow_venv/lib/python3.10/site-packages/airflow/example_dags/example_branch_labels.py took 0.075 seconds
