[2024-12-10T10:09:17.082-0300] {processor.py:161} INFO - Started process (PID=10129) to work on /home/beatriz/Documentos/airflow/airflow_venv/lib/python3.10/site-packages/airflow/example_dags/example_xcomargs.py
[2024-12-10T10:09:17.084-0300] {processor.py:830} INFO - Processing file /home/beatriz/Documentos/airflow/airflow_venv/lib/python3.10/site-packages/airflow/example_dags/example_xcomargs.py for tasks to queue
[2024-12-10T10:09:17.087-0300] {logging_mixin.py:188} INFO - [2024-12-10T10:09:17.086-0300] {dagbag.py:540} INFO - Filling up the DagBag from /home/beatriz/Documentos/airflow/airflow_venv/lib/python3.10/site-packages/airflow/example_dags/example_xcomargs.py
[2024-12-10T10:09:17.103-0300] {processor.py:840} INFO - DAG(s) 'example_xcom_args', 'example_xcom_args_with_operators' retrieved from /home/beatriz/Documentos/airflow/airflow_venv/lib/python3.10/site-packages/airflow/example_dags/example_xcomargs.py
[2024-12-10T10:09:17.110-0300] {logging_mixin.py:188} INFO - [2024-12-10T10:09:17.110-0300] {dag.py:3096} INFO - Sync 2 DAGs
[2024-12-10T10:09:17.123-0300] {logging_mixin.py:188} INFO - [2024-12-10T10:09:17.122-0300] {dag.py:3954} INFO - Setting next_dagrun for example_xcom_args to None, run_after=None
[2024-12-10T10:09:17.125-0300] {logging_mixin.py:188} INFO - [2024-12-10T10:09:17.125-0300] {dag.py:3954} INFO - Setting next_dagrun for example_xcom_args_with_operators to None, run_after=None
[2024-12-10T10:09:17.145-0300] {processor.py:183} INFO - Processing /home/beatriz/Documentos/airflow/airflow_venv/lib/python3.10/site-packages/airflow/example_dags/example_xcomargs.py took 0.073 seconds
[2024-12-10T10:10:16.107-0300] {processor.py:161} INFO - Started process (PID=10933) to work on /home/beatriz/Documentos/airflow/airflow_venv/lib/python3.10/site-packages/airflow/example_dags/example_xcomargs.py
[2024-12-10T10:10:16.109-0300] {processor.py:830} INFO - Processing file /home/beatriz/Documentos/airflow/airflow_venv/lib/python3.10/site-packages/airflow/example_dags/example_xcomargs.py for tasks to queue
[2024-12-10T10:10:16.110-0300] {logging_mixin.py:188} INFO - [2024-12-10T10:10:16.110-0300] {dagbag.py:540} INFO - Filling up the DagBag from /home/beatriz/Documentos/airflow/airflow_venv/lib/python3.10/site-packages/airflow/example_dags/example_xcomargs.py
[2024-12-10T10:10:16.117-0300] {processor.py:840} INFO - DAG(s) 'example_xcom_args', 'example_xcom_args_with_operators' retrieved from /home/beatriz/Documentos/airflow/airflow_venv/lib/python3.10/site-packages/airflow/example_dags/example_xcomargs.py
[2024-12-10T10:10:16.193-0300] {logging_mixin.py:188} INFO - [2024-12-10T10:10:16.193-0300] {dag.py:3096} INFO - Sync 2 DAGs
[2024-12-10T10:10:16.200-0300] {logging_mixin.py:188} INFO - [2024-12-10T10:10:16.200-0300] {dag.py:3954} INFO - Setting next_dagrun for example_xcom_args to None, run_after=None
[2024-12-10T10:10:16.202-0300] {logging_mixin.py:188} INFO - [2024-12-10T10:10:16.202-0300] {dag.py:3954} INFO - Setting next_dagrun for example_xcom_args_with_operators to None, run_after=None
[2024-12-10T10:10:16.221-0300] {processor.py:183} INFO - Processing /home/beatriz/Documentos/airflow/airflow_venv/lib/python3.10/site-packages/airflow/example_dags/example_xcomargs.py took 0.118 seconds
[2024-12-10T10:11:12.077-0300] {processor.py:161} INFO - Started process (PID=11423) to work on /home/beatriz/Documentos/airflow/airflow_venv/lib/python3.10/site-packages/airflow/example_dags/example_xcomargs.py
[2024-12-10T10:11:12.078-0300] {processor.py:830} INFO - Processing file /home/beatriz/Documentos/airflow/airflow_venv/lib/python3.10/site-packages/airflow/example_dags/example_xcomargs.py for tasks to queue
[2024-12-10T10:11:12.079-0300] {logging_mixin.py:188} INFO - [2024-12-10T10:11:12.079-0300] {dagbag.py:540} INFO - Filling up the DagBag from /home/beatriz/Documentos/airflow/airflow_venv/lib/python3.10/site-packages/airflow/example_dags/example_xcomargs.py
[2024-12-10T10:11:12.086-0300] {processor.py:840} INFO - DAG(s) 'example_xcom_args', 'example_xcom_args_with_operators' retrieved from /home/beatriz/Documentos/airflow/airflow_venv/lib/python3.10/site-packages/airflow/example_dags/example_xcomargs.py
[2024-12-10T10:11:12.100-0300] {logging_mixin.py:188} INFO - [2024-12-10T10:11:12.100-0300] {dag.py:3096} INFO - Sync 2 DAGs
[2024-12-10T10:11:12.109-0300] {logging_mixin.py:188} INFO - [2024-12-10T10:11:12.108-0300] {dag.py:3954} INFO - Setting next_dagrun for example_xcom_args to None, run_after=None
[2024-12-10T10:11:12.111-0300] {logging_mixin.py:188} INFO - [2024-12-10T10:11:12.111-0300] {dag.py:3954} INFO - Setting next_dagrun for example_xcom_args_with_operators to None, run_after=None
[2024-12-10T10:11:12.128-0300] {processor.py:183} INFO - Processing /home/beatriz/Documentos/airflow/airflow_venv/lib/python3.10/site-packages/airflow/example_dags/example_xcomargs.py took 0.055 seconds
[2024-12-10T10:12:03.604-0300] {processor.py:161} INFO - Started process (PID=11881) to work on /home/beatriz/Documentos/airflow/airflow_venv/lib/python3.10/site-packages/airflow/example_dags/example_xcomargs.py
[2024-12-10T10:12:03.606-0300] {processor.py:830} INFO - Processing file /home/beatriz/Documentos/airflow/airflow_venv/lib/python3.10/site-packages/airflow/example_dags/example_xcomargs.py for tasks to queue
[2024-12-10T10:12:03.607-0300] {logging_mixin.py:188} INFO - [2024-12-10T10:12:03.607-0300] {dagbag.py:540} INFO - Filling up the DagBag from /home/beatriz/Documentos/airflow/airflow_venv/lib/python3.10/site-packages/airflow/example_dags/example_xcomargs.py
[2024-12-10T10:12:03.614-0300] {processor.py:840} INFO - DAG(s) 'example_xcom_args', 'example_xcom_args_with_operators' retrieved from /home/beatriz/Documentos/airflow/airflow_venv/lib/python3.10/site-packages/airflow/example_dags/example_xcomargs.py
[2024-12-10T10:12:03.628-0300] {logging_mixin.py:188} INFO - [2024-12-10T10:12:03.628-0300] {dag.py:3096} INFO - Sync 2 DAGs
[2024-12-10T10:12:03.637-0300] {logging_mixin.py:188} INFO - [2024-12-10T10:12:03.637-0300] {dag.py:3954} INFO - Setting next_dagrun for example_xcom_args to None, run_after=None
[2024-12-10T10:12:03.639-0300] {logging_mixin.py:188} INFO - [2024-12-10T10:12:03.639-0300] {dag.py:3954} INFO - Setting next_dagrun for example_xcom_args_with_operators to None, run_after=None
[2024-12-10T10:12:03.655-0300] {processor.py:183} INFO - Processing /home/beatriz/Documentos/airflow/airflow_venv/lib/python3.10/site-packages/airflow/example_dags/example_xcomargs.py took 0.056 seconds
[2024-12-10T10:12:52.856-0300] {processor.py:161} INFO - Started process (PID=12259) to work on /home/beatriz/Documentos/airflow/airflow_venv/lib/python3.10/site-packages/airflow/example_dags/example_xcomargs.py
[2024-12-10T10:12:52.859-0300] {processor.py:830} INFO - Processing file /home/beatriz/Documentos/airflow/airflow_venv/lib/python3.10/site-packages/airflow/example_dags/example_xcomargs.py for tasks to queue
[2024-12-10T10:12:52.861-0300] {logging_mixin.py:188} INFO - [2024-12-10T10:12:52.861-0300] {dagbag.py:540} INFO - Filling up the DagBag from /home/beatriz/Documentos/airflow/airflow_venv/lib/python3.10/site-packages/airflow/example_dags/example_xcomargs.py
[2024-12-10T10:12:52.874-0300] {processor.py:840} INFO - DAG(s) 'example_xcom_args', 'example_xcom_args_with_operators' retrieved from /home/beatriz/Documentos/airflow/airflow_venv/lib/python3.10/site-packages/airflow/example_dags/example_xcomargs.py
[2024-12-10T10:12:52.892-0300] {logging_mixin.py:188} INFO - [2024-12-10T10:12:52.892-0300] {dag.py:3096} INFO - Sync 2 DAGs
[2024-12-10T10:12:52.901-0300] {logging_mixin.py:188} INFO - [2024-12-10T10:12:52.900-0300] {dag.py:3954} INFO - Setting next_dagrun for example_xcom_args to None, run_after=None
[2024-12-10T10:12:52.903-0300] {logging_mixin.py:188} INFO - [2024-12-10T10:12:52.903-0300] {dag.py:3954} INFO - Setting next_dagrun for example_xcom_args_with_operators to None, run_after=None
[2024-12-10T10:12:52.918-0300] {processor.py:183} INFO - Processing /home/beatriz/Documentos/airflow/airflow_venv/lib/python3.10/site-packages/airflow/example_dags/example_xcomargs.py took 0.070 seconds
[2024-12-10T10:13:42.613-0300] {processor.py:161} INFO - Started process (PID=12669) to work on /home/beatriz/Documentos/airflow/airflow_venv/lib/python3.10/site-packages/airflow/example_dags/example_xcomargs.py
[2024-12-10T10:13:42.616-0300] {processor.py:830} INFO - Processing file /home/beatriz/Documentos/airflow/airflow_venv/lib/python3.10/site-packages/airflow/example_dags/example_xcomargs.py for tasks to queue
[2024-12-10T10:13:42.618-0300] {logging_mixin.py:188} INFO - [2024-12-10T10:13:42.618-0300] {dagbag.py:540} INFO - Filling up the DagBag from /home/beatriz/Documentos/airflow/airflow_venv/lib/python3.10/site-packages/airflow/example_dags/example_xcomargs.py
[2024-12-10T10:13:42.629-0300] {processor.py:840} INFO - DAG(s) 'example_xcom_args', 'example_xcom_args_with_operators' retrieved from /home/beatriz/Documentos/airflow/airflow_venv/lib/python3.10/site-packages/airflow/example_dags/example_xcomargs.py
[2024-12-10T10:13:42.647-0300] {logging_mixin.py:188} INFO - [2024-12-10T10:13:42.647-0300] {dag.py:3096} INFO - Sync 2 DAGs
[2024-12-10T10:13:42.656-0300] {logging_mixin.py:188} INFO - [2024-12-10T10:13:42.656-0300] {dag.py:3954} INFO - Setting next_dagrun for example_xcom_args to None, run_after=None
[2024-12-10T10:13:42.658-0300] {logging_mixin.py:188} INFO - [2024-12-10T10:13:42.658-0300] {dag.py:3954} INFO - Setting next_dagrun for example_xcom_args_with_operators to None, run_after=None
[2024-12-10T10:13:42.675-0300] {processor.py:183} INFO - Processing /home/beatriz/Documentos/airflow/airflow_venv/lib/python3.10/site-packages/airflow/example_dags/example_xcomargs.py took 0.069 seconds
[2024-12-10T10:14:32.614-0300] {processor.py:161} INFO - Started process (PID=13198) to work on /home/beatriz/Documentos/airflow/airflow_venv/lib/python3.10/site-packages/airflow/example_dags/example_xcomargs.py
[2024-12-10T10:14:32.615-0300] {processor.py:830} INFO - Processing file /home/beatriz/Documentos/airflow/airflow_venv/lib/python3.10/site-packages/airflow/example_dags/example_xcomargs.py for tasks to queue
[2024-12-10T10:14:32.616-0300] {logging_mixin.py:188} INFO - [2024-12-10T10:14:32.616-0300] {dagbag.py:540} INFO - Filling up the DagBag from /home/beatriz/Documentos/airflow/airflow_venv/lib/python3.10/site-packages/airflow/example_dags/example_xcomargs.py
[2024-12-10T10:14:32.623-0300] {processor.py:840} INFO - DAG(s) 'example_xcom_args_with_operators', 'example_xcom_args' retrieved from /home/beatriz/Documentos/airflow/airflow_venv/lib/python3.10/site-packages/airflow/example_dags/example_xcomargs.py
[2024-12-10T10:14:32.638-0300] {logging_mixin.py:188} INFO - [2024-12-10T10:14:32.637-0300] {dag.py:3096} INFO - Sync 2 DAGs
[2024-12-10T10:14:32.649-0300] {logging_mixin.py:188} INFO - [2024-12-10T10:14:32.649-0300] {dag.py:3954} INFO - Setting next_dagrun for example_xcom_args to None, run_after=None
[2024-12-10T10:14:32.653-0300] {logging_mixin.py:188} INFO - [2024-12-10T10:14:32.652-0300] {dag.py:3954} INFO - Setting next_dagrun for example_xcom_args_with_operators to None, run_after=None
[2024-12-10T10:14:32.708-0300] {processor.py:183} INFO - Processing /home/beatriz/Documentos/airflow/airflow_venv/lib/python3.10/site-packages/airflow/example_dags/example_xcomargs.py took 0.099 seconds
[2024-12-10T10:15:19.772-0300] {processor.py:161} INFO - Started process (PID=13650) to work on /home/beatriz/Documentos/airflow/airflow_venv/lib/python3.10/site-packages/airflow/example_dags/example_xcomargs.py
[2024-12-10T10:15:19.774-0300] {processor.py:830} INFO - Processing file /home/beatriz/Documentos/airflow/airflow_venv/lib/python3.10/site-packages/airflow/example_dags/example_xcomargs.py for tasks to queue
[2024-12-10T10:15:19.775-0300] {logging_mixin.py:188} INFO - [2024-12-10T10:15:19.775-0300] {dagbag.py:540} INFO - Filling up the DagBag from /home/beatriz/Documentos/airflow/airflow_venv/lib/python3.10/site-packages/airflow/example_dags/example_xcomargs.py
[2024-12-10T10:15:19.782-0300] {processor.py:840} INFO - DAG(s) 'example_xcom_args', 'example_xcom_args_with_operators' retrieved from /home/beatriz/Documentos/airflow/airflow_venv/lib/python3.10/site-packages/airflow/example_dags/example_xcomargs.py
[2024-12-10T10:15:19.796-0300] {logging_mixin.py:188} INFO - [2024-12-10T10:15:19.796-0300] {dag.py:3096} INFO - Sync 2 DAGs
[2024-12-10T10:15:19.806-0300] {logging_mixin.py:188} INFO - [2024-12-10T10:15:19.805-0300] {dag.py:3954} INFO - Setting next_dagrun for example_xcom_args to None, run_after=None
[2024-12-10T10:15:19.808-0300] {logging_mixin.py:188} INFO - [2024-12-10T10:15:19.808-0300] {dag.py:3954} INFO - Setting next_dagrun for example_xcom_args_with_operators to None, run_after=None
[2024-12-10T10:15:19.824-0300] {processor.py:183} INFO - Processing /home/beatriz/Documentos/airflow/airflow_venv/lib/python3.10/site-packages/airflow/example_dags/example_xcomargs.py took 0.056 seconds
[2024-12-10T10:16:08.388-0300] {processor.py:161} INFO - Started process (PID=14071) to work on /home/beatriz/Documentos/airflow/airflow_venv/lib/python3.10/site-packages/airflow/example_dags/example_xcomargs.py
[2024-12-10T10:16:08.388-0300] {processor.py:830} INFO - Processing file /home/beatriz/Documentos/airflow/airflow_venv/lib/python3.10/site-packages/airflow/example_dags/example_xcomargs.py for tasks to queue
[2024-12-10T10:16:08.389-0300] {logging_mixin.py:188} INFO - [2024-12-10T10:16:08.389-0300] {dagbag.py:540} INFO - Filling up the DagBag from /home/beatriz/Documentos/airflow/airflow_venv/lib/python3.10/site-packages/airflow/example_dags/example_xcomargs.py
[2024-12-10T10:16:08.396-0300] {processor.py:840} INFO - DAG(s) 'example_xcom_args_with_operators', 'example_xcom_args' retrieved from /home/beatriz/Documentos/airflow/airflow_venv/lib/python3.10/site-packages/airflow/example_dags/example_xcomargs.py
[2024-12-10T10:16:08.410-0300] {logging_mixin.py:188} INFO - [2024-12-10T10:16:08.410-0300] {dag.py:3096} INFO - Sync 2 DAGs
[2024-12-10T10:16:08.418-0300] {logging_mixin.py:188} INFO - [2024-12-10T10:16:08.418-0300] {dag.py:3954} INFO - Setting next_dagrun for example_xcom_args to None, run_after=None
[2024-12-10T10:16:08.421-0300] {logging_mixin.py:188} INFO - [2024-12-10T10:16:08.421-0300] {dag.py:3954} INFO - Setting next_dagrun for example_xcom_args_with_operators to None, run_after=None
[2024-12-10T10:16:08.437-0300] {processor.py:183} INFO - Processing /home/beatriz/Documentos/airflow/airflow_venv/lib/python3.10/site-packages/airflow/example_dags/example_xcomargs.py took 0.054 seconds
[2024-12-10T10:17:00.556-0300] {processor.py:161} INFO - Started process (PID=14436) to work on /home/beatriz/Documentos/airflow/airflow_venv/lib/python3.10/site-packages/airflow/example_dags/example_xcomargs.py
[2024-12-10T10:17:00.557-0300] {processor.py:830} INFO - Processing file /home/beatriz/Documentos/airflow/airflow_venv/lib/python3.10/site-packages/airflow/example_dags/example_xcomargs.py for tasks to queue
[2024-12-10T10:17:00.558-0300] {logging_mixin.py:188} INFO - [2024-12-10T10:17:00.558-0300] {dagbag.py:540} INFO - Filling up the DagBag from /home/beatriz/Documentos/airflow/airflow_venv/lib/python3.10/site-packages/airflow/example_dags/example_xcomargs.py
[2024-12-10T10:17:00.567-0300] {processor.py:840} INFO - DAG(s) 'example_xcom_args_with_operators', 'example_xcom_args' retrieved from /home/beatriz/Documentos/airflow/airflow_venv/lib/python3.10/site-packages/airflow/example_dags/example_xcomargs.py
[2024-12-10T10:17:00.592-0300] {logging_mixin.py:188} INFO - [2024-12-10T10:17:00.591-0300] {dag.py:3096} INFO - Sync 2 DAGs
[2024-12-10T10:17:00.606-0300] {logging_mixin.py:188} INFO - [2024-12-10T10:17:00.605-0300] {dag.py:3954} INFO - Setting next_dagrun for example_xcom_args to None, run_after=None
[2024-12-10T10:17:00.608-0300] {logging_mixin.py:188} INFO - [2024-12-10T10:17:00.608-0300] {dag.py:3954} INFO - Setting next_dagrun for example_xcom_args_with_operators to None, run_after=None
[2024-12-10T10:17:00.630-0300] {processor.py:183} INFO - Processing /home/beatriz/Documentos/airflow/airflow_venv/lib/python3.10/site-packages/airflow/example_dags/example_xcomargs.py took 0.078 seconds
[2024-12-10T10:17:55.037-0300] {processor.py:161} INFO - Started process (PID=14842) to work on /home/beatriz/Documentos/airflow/airflow_venv/lib/python3.10/site-packages/airflow/example_dags/example_xcomargs.py
[2024-12-10T10:17:55.039-0300] {processor.py:830} INFO - Processing file /home/beatriz/Documentos/airflow/airflow_venv/lib/python3.10/site-packages/airflow/example_dags/example_xcomargs.py for tasks to queue
[2024-12-10T10:17:55.042-0300] {logging_mixin.py:188} INFO - [2024-12-10T10:17:55.041-0300] {dagbag.py:540} INFO - Filling up the DagBag from /home/beatriz/Documentos/airflow/airflow_venv/lib/python3.10/site-packages/airflow/example_dags/example_xcomargs.py
[2024-12-10T10:17:55.055-0300] {processor.py:840} INFO - DAG(s) 'example_xcom_args', 'example_xcom_args_with_operators' retrieved from /home/beatriz/Documentos/airflow/airflow_venv/lib/python3.10/site-packages/airflow/example_dags/example_xcomargs.py
[2024-12-10T10:17:55.072-0300] {logging_mixin.py:188} INFO - [2024-12-10T10:17:55.071-0300] {dag.py:3096} INFO - Sync 2 DAGs
[2024-12-10T10:17:55.080-0300] {logging_mixin.py:188} INFO - [2024-12-10T10:17:55.080-0300] {dag.py:3954} INFO - Setting next_dagrun for example_xcom_args to None, run_after=None
[2024-12-10T10:17:55.083-0300] {logging_mixin.py:188} INFO - [2024-12-10T10:17:55.083-0300] {dag.py:3954} INFO - Setting next_dagrun for example_xcom_args_with_operators to None, run_after=None
[2024-12-10T10:17:55.098-0300] {processor.py:183} INFO - Processing /home/beatriz/Documentos/airflow/airflow_venv/lib/python3.10/site-packages/airflow/example_dags/example_xcomargs.py took 0.071 seconds
[2024-12-10T10:18:44.667-0300] {processor.py:161} INFO - Started process (PID=15322) to work on /home/beatriz/Documentos/airflow/airflow_venv/lib/python3.10/site-packages/airflow/example_dags/example_xcomargs.py
[2024-12-10T10:18:44.670-0300] {processor.py:830} INFO - Processing file /home/beatriz/Documentos/airflow/airflow_venv/lib/python3.10/site-packages/airflow/example_dags/example_xcomargs.py for tasks to queue
[2024-12-10T10:18:44.673-0300] {logging_mixin.py:188} INFO - [2024-12-10T10:18:44.672-0300] {dagbag.py:540} INFO - Filling up the DagBag from /home/beatriz/Documentos/airflow/airflow_venv/lib/python3.10/site-packages/airflow/example_dags/example_xcomargs.py
[2024-12-10T10:18:44.686-0300] {processor.py:840} INFO - DAG(s) 'example_xcom_args', 'example_xcom_args_with_operators' retrieved from /home/beatriz/Documentos/airflow/airflow_venv/lib/python3.10/site-packages/airflow/example_dags/example_xcomargs.py
[2024-12-10T10:18:44.703-0300] {logging_mixin.py:188} INFO - [2024-12-10T10:18:44.703-0300] {dag.py:3096} INFO - Sync 2 DAGs
[2024-12-10T10:18:44.713-0300] {logging_mixin.py:188} INFO - [2024-12-10T10:18:44.712-0300] {dag.py:3954} INFO - Setting next_dagrun for example_xcom_args to None, run_after=None
[2024-12-10T10:18:44.715-0300] {logging_mixin.py:188} INFO - [2024-12-10T10:18:44.715-0300] {dag.py:3954} INFO - Setting next_dagrun for example_xcom_args_with_operators to None, run_after=None
[2024-12-10T10:18:44.731-0300] {processor.py:183} INFO - Processing /home/beatriz/Documentos/airflow/airflow_venv/lib/python3.10/site-packages/airflow/example_dags/example_xcomargs.py took 0.077 seconds
[2024-12-10T11:00:56.083-0300] {processor.py:161} INFO - Started process (PID=19208) to work on /home/beatriz/Documentos/airflow/airflow_venv/lib/python3.10/site-packages/airflow/example_dags/example_xcomargs.py
[2024-12-10T11:00:56.085-0300] {processor.py:830} INFO - Processing file /home/beatriz/Documentos/airflow/airflow_venv/lib/python3.10/site-packages/airflow/example_dags/example_xcomargs.py for tasks to queue
[2024-12-10T11:00:56.088-0300] {logging_mixin.py:188} INFO - [2024-12-10T11:00:56.087-0300] {dagbag.py:540} INFO - Filling up the DagBag from /home/beatriz/Documentos/airflow/airflow_venv/lib/python3.10/site-packages/airflow/example_dags/example_xcomargs.py
[2024-12-10T11:00:56.103-0300] {processor.py:840} INFO - DAG(s) 'example_xcom_args_with_operators', 'example_xcom_args' retrieved from /home/beatriz/Documentos/airflow/airflow_venv/lib/python3.10/site-packages/airflow/example_dags/example_xcomargs.py
[2024-12-10T11:00:56.111-0300] {logging_mixin.py:188} INFO - [2024-12-10T11:00:56.111-0300] {dag.py:3096} INFO - Sync 2 DAGs
[2024-12-10T11:00:56.121-0300] {logging_mixin.py:188} INFO - [2024-12-10T11:00:56.121-0300] {dag.py:3954} INFO - Setting next_dagrun for example_xcom_args to None, run_after=None
[2024-12-10T11:00:56.124-0300] {logging_mixin.py:188} INFO - [2024-12-10T11:00:56.124-0300] {dag.py:3954} INFO - Setting next_dagrun for example_xcom_args_with_operators to None, run_after=None
[2024-12-10T11:00:56.140-0300] {processor.py:183} INFO - Processing /home/beatriz/Documentos/airflow/airflow_venv/lib/python3.10/site-packages/airflow/example_dags/example_xcomargs.py took 0.066 seconds
[2024-12-10T11:02:04.727-0300] {processor.py:161} INFO - Started process (PID=20070) to work on /home/beatriz/Documentos/airflow/airflow_venv/lib/python3.10/site-packages/airflow/example_dags/example_xcomargs.py
[2024-12-10T11:02:04.729-0300] {processor.py:830} INFO - Processing file /home/beatriz/Documentos/airflow/airflow_venv/lib/python3.10/site-packages/airflow/example_dags/example_xcomargs.py for tasks to queue
[2024-12-10T11:02:04.732-0300] {logging_mixin.py:188} INFO - [2024-12-10T11:02:04.731-0300] {dagbag.py:540} INFO - Filling up the DagBag from /home/beatriz/Documentos/airflow/airflow_venv/lib/python3.10/site-packages/airflow/example_dags/example_xcomargs.py
[2024-12-10T11:02:04.745-0300] {processor.py:840} INFO - DAG(s) 'example_xcom_args', 'example_xcom_args_with_operators' retrieved from /home/beatriz/Documentos/airflow/airflow_venv/lib/python3.10/site-packages/airflow/example_dags/example_xcomargs.py
[2024-12-10T11:02:04.833-0300] {logging_mixin.py:188} INFO - [2024-12-10T11:02:04.833-0300] {dag.py:3096} INFO - Sync 2 DAGs
[2024-12-10T11:02:04.842-0300] {logging_mixin.py:188} INFO - [2024-12-10T11:02:04.842-0300] {dag.py:3954} INFO - Setting next_dagrun for example_xcom_args to None, run_after=None
[2024-12-10T11:02:04.845-0300] {logging_mixin.py:188} INFO - [2024-12-10T11:02:04.845-0300] {dag.py:3954} INFO - Setting next_dagrun for example_xcom_args_with_operators to None, run_after=None
[2024-12-10T11:02:04.866-0300] {processor.py:183} INFO - Processing /home/beatriz/Documentos/airflow/airflow_venv/lib/python3.10/site-packages/airflow/example_dags/example_xcomargs.py took 0.152 seconds
[2024-12-10T11:03:00.436-0300] {processor.py:161} INFO - Started process (PID=20510) to work on /home/beatriz/Documentos/airflow/airflow_venv/lib/python3.10/site-packages/airflow/example_dags/example_xcomargs.py
[2024-12-10T11:03:00.448-0300] {processor.py:830} INFO - Processing file /home/beatriz/Documentos/airflow/airflow_venv/lib/python3.10/site-packages/airflow/example_dags/example_xcomargs.py for tasks to queue
[2024-12-10T11:03:00.450-0300] {logging_mixin.py:188} INFO - [2024-12-10T11:03:00.449-0300] {dagbag.py:540} INFO - Filling up the DagBag from /home/beatriz/Documentos/airflow/airflow_venv/lib/python3.10/site-packages/airflow/example_dags/example_xcomargs.py
[2024-12-10T11:03:00.458-0300] {processor.py:840} INFO - DAG(s) 'example_xcom_args_with_operators', 'example_xcom_args' retrieved from /home/beatriz/Documentos/airflow/airflow_venv/lib/python3.10/site-packages/airflow/example_dags/example_xcomargs.py
[2024-12-10T11:03:00.482-0300] {logging_mixin.py:188} INFO - [2024-12-10T11:03:00.482-0300] {dag.py:3096} INFO - Sync 2 DAGs
[2024-12-10T11:03:00.493-0300] {logging_mixin.py:188} INFO - [2024-12-10T11:03:00.492-0300] {dag.py:3954} INFO - Setting next_dagrun for example_xcom_args to None, run_after=None
[2024-12-10T11:03:00.496-0300] {logging_mixin.py:188} INFO - [2024-12-10T11:03:00.496-0300] {dag.py:3954} INFO - Setting next_dagrun for example_xcom_args_with_operators to None, run_after=None
[2024-12-10T11:03:00.519-0300] {processor.py:183} INFO - Processing /home/beatriz/Documentos/airflow/airflow_venv/lib/python3.10/site-packages/airflow/example_dags/example_xcomargs.py took 0.092 seconds
[2024-12-10T11:36:55.097-0300] {processor.py:161} INFO - Started process (PID=24811) to work on /home/beatriz/Documentos/airflow/airflow_venv/lib/python3.10/site-packages/airflow/example_dags/example_xcomargs.py
[2024-12-10T11:36:55.098-0300] {processor.py:830} INFO - Processing file /home/beatriz/Documentos/airflow/airflow_venv/lib/python3.10/site-packages/airflow/example_dags/example_xcomargs.py for tasks to queue
[2024-12-10T11:36:55.099-0300] {logging_mixin.py:188} INFO - [2024-12-10T11:36:55.099-0300] {dagbag.py:540} INFO - Filling up the DagBag from /home/beatriz/Documentos/airflow/airflow_venv/lib/python3.10/site-packages/airflow/example_dags/example_xcomargs.py
[2024-12-10T11:36:55.115-0300] {processor.py:840} INFO - DAG(s) 'example_xcom_args_with_operators', 'example_xcom_args' retrieved from /home/beatriz/Documentos/airflow/airflow_venv/lib/python3.10/site-packages/airflow/example_dags/example_xcomargs.py
[2024-12-10T11:36:55.122-0300] {logging_mixin.py:188} INFO - [2024-12-10T11:36:55.122-0300] {dag.py:3096} INFO - Sync 2 DAGs
[2024-12-10T11:36:55.134-0300] {logging_mixin.py:188} INFO - [2024-12-10T11:36:55.134-0300] {dag.py:3954} INFO - Setting next_dagrun for example_xcom_args to None, run_after=None
[2024-12-10T11:36:55.137-0300] {logging_mixin.py:188} INFO - [2024-12-10T11:36:55.137-0300] {dag.py:3954} INFO - Setting next_dagrun for example_xcom_args_with_operators to None, run_after=None
[2024-12-10T11:36:55.153-0300] {processor.py:183} INFO - Processing /home/beatriz/Documentos/airflow/airflow_venv/lib/python3.10/site-packages/airflow/example_dags/example_xcomargs.py took 0.060 seconds
[2024-12-10T11:37:55.930-0300] {processor.py:161} INFO - Started process (PID=25161) to work on /home/beatriz/Documentos/airflow/airflow_venv/lib/python3.10/site-packages/airflow/example_dags/example_xcomargs.py
[2024-12-10T11:37:55.940-0300] {processor.py:830} INFO - Processing file /home/beatriz/Documentos/airflow/airflow_venv/lib/python3.10/site-packages/airflow/example_dags/example_xcomargs.py for tasks to queue
[2024-12-10T11:37:55.942-0300] {logging_mixin.py:188} INFO - [2024-12-10T11:37:55.942-0300] {dagbag.py:540} INFO - Filling up the DagBag from /home/beatriz/Documentos/airflow/airflow_venv/lib/python3.10/site-packages/airflow/example_dags/example_xcomargs.py
[2024-12-10T11:37:55.984-0300] {processor.py:840} INFO - DAG(s) 'example_xcom_args', 'example_xcom_args_with_operators' retrieved from /home/beatriz/Documentos/airflow/airflow_venv/lib/python3.10/site-packages/airflow/example_dags/example_xcomargs.py
[2024-12-10T11:37:56.094-0300] {logging_mixin.py:188} INFO - [2024-12-10T11:37:56.094-0300] {dag.py:3096} INFO - Sync 2 DAGs
[2024-12-10T11:37:56.103-0300] {logging_mixin.py:188} INFO - [2024-12-10T11:37:56.102-0300] {dag.py:3954} INFO - Setting next_dagrun for example_xcom_args to None, run_after=None
[2024-12-10T11:37:56.106-0300] {logging_mixin.py:188} INFO - [2024-12-10T11:37:56.106-0300] {dag.py:3954} INFO - Setting next_dagrun for example_xcom_args_with_operators to None, run_after=None
[2024-12-10T11:37:56.145-0300] {processor.py:183} INFO - Processing /home/beatriz/Documentos/airflow/airflow_venv/lib/python3.10/site-packages/airflow/example_dags/example_xcomargs.py took 0.219 seconds
[2024-12-10T11:38:54.799-0300] {processor.py:161} INFO - Started process (PID=25529) to work on /home/beatriz/Documentos/airflow/airflow_venv/lib/python3.10/site-packages/airflow/example_dags/example_xcomargs.py
[2024-12-10T11:38:54.801-0300] {processor.py:830} INFO - Processing file /home/beatriz/Documentos/airflow/airflow_venv/lib/python3.10/site-packages/airflow/example_dags/example_xcomargs.py for tasks to queue
[2024-12-10T11:38:54.803-0300] {logging_mixin.py:188} INFO - [2024-12-10T11:38:54.802-0300] {dagbag.py:540} INFO - Filling up the DagBag from /home/beatriz/Documentos/airflow/airflow_venv/lib/python3.10/site-packages/airflow/example_dags/example_xcomargs.py
[2024-12-10T11:38:54.817-0300] {processor.py:840} INFO - DAG(s) 'example_xcom_args_with_operators', 'example_xcom_args' retrieved from /home/beatriz/Documentos/airflow/airflow_venv/lib/python3.10/site-packages/airflow/example_dags/example_xcomargs.py
[2024-12-10T11:38:54.837-0300] {logging_mixin.py:188} INFO - [2024-12-10T11:38:54.837-0300] {dag.py:3096} INFO - Sync 2 DAGs
[2024-12-10T11:38:54.849-0300] {logging_mixin.py:188} INFO - [2024-12-10T11:38:54.848-0300] {dag.py:3954} INFO - Setting next_dagrun for example_xcom_args to None, run_after=None
[2024-12-10T11:38:54.853-0300] {logging_mixin.py:188} INFO - [2024-12-10T11:38:54.853-0300] {dag.py:3954} INFO - Setting next_dagrun for example_xcom_args_with_operators to None, run_after=None
[2024-12-10T11:38:54.882-0300] {processor.py:183} INFO - Processing /home/beatriz/Documentos/airflow/airflow_venv/lib/python3.10/site-packages/airflow/example_dags/example_xcomargs.py took 0.091 seconds
[2024-12-10T11:39:49.069-0300] {processor.py:161} INFO - Started process (PID=25920) to work on /home/beatriz/Documentos/airflow/airflow_venv/lib/python3.10/site-packages/airflow/example_dags/example_xcomargs.py
[2024-12-10T11:39:49.071-0300] {processor.py:830} INFO - Processing file /home/beatriz/Documentos/airflow/airflow_venv/lib/python3.10/site-packages/airflow/example_dags/example_xcomargs.py for tasks to queue
[2024-12-10T11:39:49.072-0300] {logging_mixin.py:188} INFO - [2024-12-10T11:39:49.072-0300] {dagbag.py:540} INFO - Filling up the DagBag from /home/beatriz/Documentos/airflow/airflow_venv/lib/python3.10/site-packages/airflow/example_dags/example_xcomargs.py
[2024-12-10T11:39:49.084-0300] {processor.py:840} INFO - DAG(s) 'example_xcom_args_with_operators', 'example_xcom_args' retrieved from /home/beatriz/Documentos/airflow/airflow_venv/lib/python3.10/site-packages/airflow/example_dags/example_xcomargs.py
[2024-12-10T11:39:49.104-0300] {logging_mixin.py:188} INFO - [2024-12-10T11:39:49.103-0300] {dag.py:3096} INFO - Sync 2 DAGs
[2024-12-10T11:39:49.113-0300] {logging_mixin.py:188} INFO - [2024-12-10T11:39:49.113-0300] {dag.py:3954} INFO - Setting next_dagrun for example_xcom_args to None, run_after=None
[2024-12-10T11:39:49.116-0300] {logging_mixin.py:188} INFO - [2024-12-10T11:39:49.115-0300] {dag.py:3954} INFO - Setting next_dagrun for example_xcom_args_with_operators to None, run_after=None
[2024-12-10T11:39:49.132-0300] {processor.py:183} INFO - Processing /home/beatriz/Documentos/airflow/airflow_venv/lib/python3.10/site-packages/airflow/example_dags/example_xcomargs.py took 0.069 seconds
[2024-12-10T11:40:45.029-0300] {processor.py:161} INFO - Started process (PID=26326) to work on /home/beatriz/Documentos/airflow/airflow_venv/lib/python3.10/site-packages/airflow/example_dags/example_xcomargs.py
[2024-12-10T11:40:45.030-0300] {processor.py:830} INFO - Processing file /home/beatriz/Documentos/airflow/airflow_venv/lib/python3.10/site-packages/airflow/example_dags/example_xcomargs.py for tasks to queue
[2024-12-10T11:40:45.031-0300] {logging_mixin.py:188} INFO - [2024-12-10T11:40:45.031-0300] {dagbag.py:540} INFO - Filling up the DagBag from /home/beatriz/Documentos/airflow/airflow_venv/lib/python3.10/site-packages/airflow/example_dags/example_xcomargs.py
[2024-12-10T11:40:45.040-0300] {processor.py:840} INFO - DAG(s) 'example_xcom_args', 'example_xcom_args_with_operators' retrieved from /home/beatriz/Documentos/airflow/airflow_venv/lib/python3.10/site-packages/airflow/example_dags/example_xcomargs.py
[2024-12-10T11:40:45.058-0300] {logging_mixin.py:188} INFO - [2024-12-10T11:40:45.058-0300] {dag.py:3096} INFO - Sync 2 DAGs
[2024-12-10T11:40:45.067-0300] {logging_mixin.py:188} INFO - [2024-12-10T11:40:45.066-0300] {dag.py:3954} INFO - Setting next_dagrun for example_xcom_args to None, run_after=None
[2024-12-10T11:40:45.069-0300] {logging_mixin.py:188} INFO - [2024-12-10T11:40:45.069-0300] {dag.py:3954} INFO - Setting next_dagrun for example_xcom_args_with_operators to None, run_after=None
[2024-12-10T11:40:45.086-0300] {processor.py:183} INFO - Processing /home/beatriz/Documentos/airflow/airflow_venv/lib/python3.10/site-packages/airflow/example_dags/example_xcomargs.py took 0.062 seconds
[2024-12-10T11:41:42.935-0300] {processor.py:161} INFO - Started process (PID=26750) to work on /home/beatriz/Documentos/airflow/airflow_venv/lib/python3.10/site-packages/airflow/example_dags/example_xcomargs.py
[2024-12-10T11:41:42.937-0300] {processor.py:830} INFO - Processing file /home/beatriz/Documentos/airflow/airflow_venv/lib/python3.10/site-packages/airflow/example_dags/example_xcomargs.py for tasks to queue
[2024-12-10T11:41:42.940-0300] {logging_mixin.py:188} INFO - [2024-12-10T11:41:42.939-0300] {dagbag.py:540} INFO - Filling up the DagBag from /home/beatriz/Documentos/airflow/airflow_venv/lib/python3.10/site-packages/airflow/example_dags/example_xcomargs.py
[2024-12-10T11:41:42.952-0300] {processor.py:840} INFO - DAG(s) 'example_xcom_args', 'example_xcom_args_with_operators' retrieved from /home/beatriz/Documentos/airflow/airflow_venv/lib/python3.10/site-packages/airflow/example_dags/example_xcomargs.py
[2024-12-10T11:41:42.973-0300] {logging_mixin.py:188} INFO - [2024-12-10T11:41:42.973-0300] {dag.py:3096} INFO - Sync 2 DAGs
[2024-12-10T11:41:42.985-0300] {logging_mixin.py:188} INFO - [2024-12-10T11:41:42.984-0300] {dag.py:3954} INFO - Setting next_dagrun for example_xcom_args to None, run_after=None
[2024-12-10T11:41:42.989-0300] {logging_mixin.py:188} INFO - [2024-12-10T11:41:42.989-0300] {dag.py:3954} INFO - Setting next_dagrun for example_xcom_args_with_operators to None, run_after=None
[2024-12-10T11:41:43.020-0300] {processor.py:183} INFO - Processing /home/beatriz/Documentos/airflow/airflow_venv/lib/python3.10/site-packages/airflow/example_dags/example_xcomargs.py took 0.091 seconds
[2024-12-10T11:42:39.762-0300] {processor.py:161} INFO - Started process (PID=27092) to work on /home/beatriz/Documentos/airflow/airflow_venv/lib/python3.10/site-packages/airflow/example_dags/example_xcomargs.py
[2024-12-10T11:42:39.763-0300] {processor.py:830} INFO - Processing file /home/beatriz/Documentos/airflow/airflow_venv/lib/python3.10/site-packages/airflow/example_dags/example_xcomargs.py for tasks to queue
[2024-12-10T11:42:39.766-0300] {logging_mixin.py:188} INFO - [2024-12-10T11:42:39.766-0300] {dagbag.py:540} INFO - Filling up the DagBag from /home/beatriz/Documentos/airflow/airflow_venv/lib/python3.10/site-packages/airflow/example_dags/example_xcomargs.py
[2024-12-10T11:42:39.783-0300] {processor.py:840} INFO - DAG(s) 'example_xcom_args_with_operators', 'example_xcom_args' retrieved from /home/beatriz/Documentos/airflow/airflow_venv/lib/python3.10/site-packages/airflow/example_dags/example_xcomargs.py
[2024-12-10T11:42:39.801-0300] {logging_mixin.py:188} INFO - [2024-12-10T11:42:39.801-0300] {dag.py:3096} INFO - Sync 2 DAGs
[2024-12-10T11:42:39.810-0300] {logging_mixin.py:188} INFO - [2024-12-10T11:42:39.809-0300] {dag.py:3954} INFO - Setting next_dagrun for example_xcom_args to None, run_after=None
[2024-12-10T11:42:39.812-0300] {logging_mixin.py:188} INFO - [2024-12-10T11:42:39.812-0300] {dag.py:3954} INFO - Setting next_dagrun for example_xcom_args_with_operators to None, run_after=None
[2024-12-10T11:42:39.828-0300] {processor.py:183} INFO - Processing /home/beatriz/Documentos/airflow/airflow_venv/lib/python3.10/site-packages/airflow/example_dags/example_xcomargs.py took 0.078 seconds
[2024-12-10T11:43:31.435-0300] {processor.py:161} INFO - Started process (PID=27527) to work on /home/beatriz/Documentos/airflow/airflow_venv/lib/python3.10/site-packages/airflow/example_dags/example_xcomargs.py
[2024-12-10T11:43:31.437-0300] {processor.py:830} INFO - Processing file /home/beatriz/Documentos/airflow/airflow_venv/lib/python3.10/site-packages/airflow/example_dags/example_xcomargs.py for tasks to queue
[2024-12-10T11:43:31.440-0300] {logging_mixin.py:188} INFO - [2024-12-10T11:43:31.439-0300] {dagbag.py:540} INFO - Filling up the DagBag from /home/beatriz/Documentos/airflow/airflow_venv/lib/python3.10/site-packages/airflow/example_dags/example_xcomargs.py
[2024-12-10T11:43:31.456-0300] {processor.py:840} INFO - DAG(s) 'example_xcom_args', 'example_xcom_args_with_operators' retrieved from /home/beatriz/Documentos/airflow/airflow_venv/lib/python3.10/site-packages/airflow/example_dags/example_xcomargs.py
[2024-12-10T11:43:31.475-0300] {logging_mixin.py:188} INFO - [2024-12-10T11:43:31.475-0300] {dag.py:3096} INFO - Sync 2 DAGs
[2024-12-10T11:43:31.484-0300] {logging_mixin.py:188} INFO - [2024-12-10T11:43:31.483-0300] {dag.py:3954} INFO - Setting next_dagrun for example_xcom_args to None, run_after=None
[2024-12-10T11:43:31.486-0300] {logging_mixin.py:188} INFO - [2024-12-10T11:43:31.486-0300] {dag.py:3954} INFO - Setting next_dagrun for example_xcom_args_with_operators to None, run_after=None
[2024-12-10T11:43:31.504-0300] {processor.py:183} INFO - Processing /home/beatriz/Documentos/airflow/airflow_venv/lib/python3.10/site-packages/airflow/example_dags/example_xcomargs.py took 0.082 seconds
[2024-12-10T11:44:30.274-0300] {processor.py:161} INFO - Started process (PID=28318) to work on /home/beatriz/Documentos/airflow/airflow_venv/lib/python3.10/site-packages/airflow/example_dags/example_xcomargs.py
[2024-12-10T11:44:30.278-0300] {processor.py:830} INFO - Processing file /home/beatriz/Documentos/airflow/airflow_venv/lib/python3.10/site-packages/airflow/example_dags/example_xcomargs.py for tasks to queue
[2024-12-10T11:44:30.279-0300] {logging_mixin.py:188} INFO - [2024-12-10T11:44:30.279-0300] {dagbag.py:540} INFO - Filling up the DagBag from /home/beatriz/Documentos/airflow/airflow_venv/lib/python3.10/site-packages/airflow/example_dags/example_xcomargs.py
[2024-12-10T11:44:30.289-0300] {processor.py:840} INFO - DAG(s) 'example_xcom_args', 'example_xcom_args_with_operators' retrieved from /home/beatriz/Documentos/airflow/airflow_venv/lib/python3.10/site-packages/airflow/example_dags/example_xcomargs.py
[2024-12-10T11:44:30.307-0300] {logging_mixin.py:188} INFO - [2024-12-10T11:44:30.307-0300] {dag.py:3096} INFO - Sync 2 DAGs
[2024-12-10T11:44:30.316-0300] {logging_mixin.py:188} INFO - [2024-12-10T11:44:30.316-0300] {dag.py:3954} INFO - Setting next_dagrun for example_xcom_args to None, run_after=None
[2024-12-10T11:44:30.320-0300] {logging_mixin.py:188} INFO - [2024-12-10T11:44:30.319-0300] {dag.py:3954} INFO - Setting next_dagrun for example_xcom_args_with_operators to None, run_after=None
[2024-12-10T11:44:30.338-0300] {processor.py:183} INFO - Processing /home/beatriz/Documentos/airflow/airflow_venv/lib/python3.10/site-packages/airflow/example_dags/example_xcomargs.py took 0.069 seconds
[2024-12-10T11:45:26.667-0300] {processor.py:161} INFO - Started process (PID=28781) to work on /home/beatriz/Documentos/airflow/airflow_venv/lib/python3.10/site-packages/airflow/example_dags/example_xcomargs.py
[2024-12-10T11:45:26.668-0300] {processor.py:830} INFO - Processing file /home/beatriz/Documentos/airflow/airflow_venv/lib/python3.10/site-packages/airflow/example_dags/example_xcomargs.py for tasks to queue
[2024-12-10T11:45:26.669-0300] {logging_mixin.py:188} INFO - [2024-12-10T11:45:26.669-0300] {dagbag.py:540} INFO - Filling up the DagBag from /home/beatriz/Documentos/airflow/airflow_venv/lib/python3.10/site-packages/airflow/example_dags/example_xcomargs.py
[2024-12-10T11:45:26.678-0300] {processor.py:840} INFO - DAG(s) 'example_xcom_args', 'example_xcom_args_with_operators' retrieved from /home/beatriz/Documentos/airflow/airflow_venv/lib/python3.10/site-packages/airflow/example_dags/example_xcomargs.py
[2024-12-10T11:45:26.695-0300] {logging_mixin.py:188} INFO - [2024-12-10T11:45:26.695-0300] {dag.py:3096} INFO - Sync 2 DAGs
[2024-12-10T11:45:26.706-0300] {logging_mixin.py:188} INFO - [2024-12-10T11:45:26.706-0300] {dag.py:3954} INFO - Setting next_dagrun for example_xcom_args to None, run_after=None
[2024-12-10T11:45:26.710-0300] {logging_mixin.py:188} INFO - [2024-12-10T11:45:26.709-0300] {dag.py:3954} INFO - Setting next_dagrun for example_xcom_args_with_operators to None, run_after=None
[2024-12-10T11:45:26.730-0300] {processor.py:183} INFO - Processing /home/beatriz/Documentos/airflow/airflow_venv/lib/python3.10/site-packages/airflow/example_dags/example_xcomargs.py took 0.068 seconds
[2024-12-10T11:46:23.677-0300] {processor.py:161} INFO - Started process (PID=29251) to work on /home/beatriz/Documentos/airflow/airflow_venv/lib/python3.10/site-packages/airflow/example_dags/example_xcomargs.py
[2024-12-10T11:46:23.679-0300] {processor.py:830} INFO - Processing file /home/beatriz/Documentos/airflow/airflow_venv/lib/python3.10/site-packages/airflow/example_dags/example_xcomargs.py for tasks to queue
[2024-12-10T11:46:23.682-0300] {logging_mixin.py:188} INFO - [2024-12-10T11:46:23.681-0300] {dagbag.py:540} INFO - Filling up the DagBag from /home/beatriz/Documentos/airflow/airflow_venv/lib/python3.10/site-packages/airflow/example_dags/example_xcomargs.py
[2024-12-10T11:46:23.699-0300] {processor.py:840} INFO - DAG(s) 'example_xcom_args', 'example_xcom_args_with_operators' retrieved from /home/beatriz/Documentos/airflow/airflow_venv/lib/python3.10/site-packages/airflow/example_dags/example_xcomargs.py
[2024-12-10T11:46:23.718-0300] {logging_mixin.py:188} INFO - [2024-12-10T11:46:23.718-0300] {dag.py:3096} INFO - Sync 2 DAGs
[2024-12-10T11:46:23.728-0300] {logging_mixin.py:188} INFO - [2024-12-10T11:46:23.728-0300] {dag.py:3954} INFO - Setting next_dagrun for example_xcom_args to None, run_after=None
[2024-12-10T11:46:23.731-0300] {logging_mixin.py:188} INFO - [2024-12-10T11:46:23.731-0300] {dag.py:3954} INFO - Setting next_dagrun for example_xcom_args_with_operators to None, run_after=None
[2024-12-10T11:46:23.749-0300] {processor.py:183} INFO - Processing /home/beatriz/Documentos/airflow/airflow_venv/lib/python3.10/site-packages/airflow/example_dags/example_xcomargs.py took 0.084 seconds
[2024-12-10T11:48:45.211-0300] {processor.py:161} INFO - Started process (PID=30843) to work on /home/beatriz/Documentos/airflow/airflow_venv/lib/python3.10/site-packages/airflow/example_dags/example_xcomargs.py
[2024-12-10T11:48:45.212-0300] {processor.py:830} INFO - Processing file /home/beatriz/Documentos/airflow/airflow_venv/lib/python3.10/site-packages/airflow/example_dags/example_xcomargs.py for tasks to queue
[2024-12-10T11:48:45.212-0300] {logging_mixin.py:188} INFO - [2024-12-10T11:48:45.212-0300] {dagbag.py:540} INFO - Filling up the DagBag from /home/beatriz/Documentos/airflow/airflow_venv/lib/python3.10/site-packages/airflow/example_dags/example_xcomargs.py
[2024-12-10T11:48:45.222-0300] {processor.py:840} INFO - DAG(s) 'example_xcom_args_with_operators', 'example_xcom_args' retrieved from /home/beatriz/Documentos/airflow/airflow_venv/lib/python3.10/site-packages/airflow/example_dags/example_xcomargs.py
[2024-12-10T11:48:45.240-0300] {logging_mixin.py:188} INFO - [2024-12-10T11:48:45.239-0300] {dag.py:3096} INFO - Sync 2 DAGs
[2024-12-10T11:48:45.249-0300] {logging_mixin.py:188} INFO - [2024-12-10T11:48:45.249-0300] {dag.py:3954} INFO - Setting next_dagrun for example_xcom_args to None, run_after=None
[2024-12-10T11:48:45.251-0300] {logging_mixin.py:188} INFO - [2024-12-10T11:48:45.251-0300] {dag.py:3954} INFO - Setting next_dagrun for example_xcom_args_with_operators to None, run_after=None
[2024-12-10T11:48:45.268-0300] {processor.py:183} INFO - Processing /home/beatriz/Documentos/airflow/airflow_venv/lib/python3.10/site-packages/airflow/example_dags/example_xcomargs.py took 0.062 seconds
[2024-12-10T11:49:44.600-0300] {processor.py:161} INFO - Started process (PID=31321) to work on /home/beatriz/Documentos/airflow/airflow_venv/lib/python3.10/site-packages/airflow/example_dags/example_xcomargs.py
[2024-12-10T11:49:44.602-0300] {processor.py:830} INFO - Processing file /home/beatriz/Documentos/airflow/airflow_venv/lib/python3.10/site-packages/airflow/example_dags/example_xcomargs.py for tasks to queue
[2024-12-10T11:49:44.602-0300] {logging_mixin.py:188} INFO - [2024-12-10T11:49:44.602-0300] {dagbag.py:540} INFO - Filling up the DagBag from /home/beatriz/Documentos/airflow/airflow_venv/lib/python3.10/site-packages/airflow/example_dags/example_xcomargs.py
[2024-12-10T11:49:44.612-0300] {processor.py:840} INFO - DAG(s) 'example_xcom_args_with_operators', 'example_xcom_args' retrieved from /home/beatriz/Documentos/airflow/airflow_venv/lib/python3.10/site-packages/airflow/example_dags/example_xcomargs.py
[2024-12-10T11:49:44.631-0300] {logging_mixin.py:188} INFO - [2024-12-10T11:49:44.631-0300] {dag.py:3096} INFO - Sync 2 DAGs
[2024-12-10T11:49:44.639-0300] {logging_mixin.py:188} INFO - [2024-12-10T11:49:44.639-0300] {dag.py:3954} INFO - Setting next_dagrun for example_xcom_args to None, run_after=None
[2024-12-10T11:49:44.641-0300] {logging_mixin.py:188} INFO - [2024-12-10T11:49:44.641-0300] {dag.py:3954} INFO - Setting next_dagrun for example_xcom_args_with_operators to None, run_after=None
[2024-12-10T11:49:44.657-0300] {processor.py:183} INFO - Processing /home/beatriz/Documentos/airflow/airflow_venv/lib/python3.10/site-packages/airflow/example_dags/example_xcomargs.py took 0.061 seconds
[2024-12-10T11:50:43.343-0300] {processor.py:161} INFO - Started process (PID=31731) to work on /home/beatriz/Documentos/airflow/airflow_venv/lib/python3.10/site-packages/airflow/example_dags/example_xcomargs.py
[2024-12-10T11:50:43.344-0300] {processor.py:830} INFO - Processing file /home/beatriz/Documentos/airflow/airflow_venv/lib/python3.10/site-packages/airflow/example_dags/example_xcomargs.py for tasks to queue
[2024-12-10T11:50:43.345-0300] {logging_mixin.py:188} INFO - [2024-12-10T11:50:43.344-0300] {dagbag.py:540} INFO - Filling up the DagBag from /home/beatriz/Documentos/airflow/airflow_venv/lib/python3.10/site-packages/airflow/example_dags/example_xcomargs.py
[2024-12-10T11:50:43.353-0300] {processor.py:840} INFO - DAG(s) 'example_xcom_args', 'example_xcom_args_with_operators' retrieved from /home/beatriz/Documentos/airflow/airflow_venv/lib/python3.10/site-packages/airflow/example_dags/example_xcomargs.py
[2024-12-10T11:50:43.369-0300] {logging_mixin.py:188} INFO - [2024-12-10T11:50:43.369-0300] {dag.py:3096} INFO - Sync 2 DAGs
[2024-12-10T11:50:43.377-0300] {logging_mixin.py:188} INFO - [2024-12-10T11:50:43.377-0300] {dag.py:3954} INFO - Setting next_dagrun for example_xcom_args to None, run_after=None
[2024-12-10T11:50:43.379-0300] {logging_mixin.py:188} INFO - [2024-12-10T11:50:43.379-0300] {dag.py:3954} INFO - Setting next_dagrun for example_xcom_args_with_operators to None, run_after=None
[2024-12-10T11:50:43.406-0300] {processor.py:183} INFO - Processing /home/beatriz/Documentos/airflow/airflow_venv/lib/python3.10/site-packages/airflow/example_dags/example_xcomargs.py took 0.068 seconds
[2024-12-10T11:51:41.563-0300] {processor.py:161} INFO - Started process (PID=32133) to work on /home/beatriz/Documentos/airflow/airflow_venv/lib/python3.10/site-packages/airflow/example_dags/example_xcomargs.py
[2024-12-10T11:51:41.564-0300] {processor.py:830} INFO - Processing file /home/beatriz/Documentos/airflow/airflow_venv/lib/python3.10/site-packages/airflow/example_dags/example_xcomargs.py for tasks to queue
[2024-12-10T11:51:41.565-0300] {logging_mixin.py:188} INFO - [2024-12-10T11:51:41.565-0300] {dagbag.py:540} INFO - Filling up the DagBag from /home/beatriz/Documentos/airflow/airflow_venv/lib/python3.10/site-packages/airflow/example_dags/example_xcomargs.py
[2024-12-10T11:51:41.573-0300] {processor.py:840} INFO - DAG(s) 'example_xcom_args_with_operators', 'example_xcom_args' retrieved from /home/beatriz/Documentos/airflow/airflow_venv/lib/python3.10/site-packages/airflow/example_dags/example_xcomargs.py
[2024-12-10T11:51:41.588-0300] {logging_mixin.py:188} INFO - [2024-12-10T11:51:41.588-0300] {dag.py:3096} INFO - Sync 2 DAGs
[2024-12-10T11:51:41.596-0300] {logging_mixin.py:188} INFO - [2024-12-10T11:51:41.596-0300] {dag.py:3954} INFO - Setting next_dagrun for example_xcom_args to None, run_after=None
[2024-12-10T11:51:41.598-0300] {logging_mixin.py:188} INFO - [2024-12-10T11:51:41.598-0300] {dag.py:3954} INFO - Setting next_dagrun for example_xcom_args_with_operators to None, run_after=None
[2024-12-10T11:51:41.614-0300] {processor.py:183} INFO - Processing /home/beatriz/Documentos/airflow/airflow_venv/lib/python3.10/site-packages/airflow/example_dags/example_xcomargs.py took 0.055 seconds
[2024-12-10T11:52:36.258-0300] {processor.py:161} INFO - Started process (PID=32539) to work on /home/beatriz/Documentos/airflow/airflow_venv/lib/python3.10/site-packages/airflow/example_dags/example_xcomargs.py
[2024-12-10T11:52:36.259-0300] {processor.py:830} INFO - Processing file /home/beatriz/Documentos/airflow/airflow_venv/lib/python3.10/site-packages/airflow/example_dags/example_xcomargs.py for tasks to queue
[2024-12-10T11:52:36.260-0300] {logging_mixin.py:188} INFO - [2024-12-10T11:52:36.260-0300] {dagbag.py:540} INFO - Filling up the DagBag from /home/beatriz/Documentos/airflow/airflow_venv/lib/python3.10/site-packages/airflow/example_dags/example_xcomargs.py
[2024-12-10T11:52:36.268-0300] {processor.py:840} INFO - DAG(s) 'example_xcom_args', 'example_xcom_args_with_operators' retrieved from /home/beatriz/Documentos/airflow/airflow_venv/lib/python3.10/site-packages/airflow/example_dags/example_xcomargs.py
[2024-12-10T11:52:36.283-0300] {logging_mixin.py:188} INFO - [2024-12-10T11:52:36.282-0300] {dag.py:3096} INFO - Sync 2 DAGs
[2024-12-10T11:52:36.292-0300] {logging_mixin.py:188} INFO - [2024-12-10T11:52:36.292-0300] {dag.py:3954} INFO - Setting next_dagrun for example_xcom_args to None, run_after=None
[2024-12-10T11:52:36.294-0300] {logging_mixin.py:188} INFO - [2024-12-10T11:52:36.294-0300] {dag.py:3954} INFO - Setting next_dagrun for example_xcom_args_with_operators to None, run_after=None
[2024-12-10T11:52:36.311-0300] {processor.py:183} INFO - Processing /home/beatriz/Documentos/airflow/airflow_venv/lib/python3.10/site-packages/airflow/example_dags/example_xcomargs.py took 0.057 seconds
[2024-12-10T11:53:32.491-0300] {processor.py:161} INFO - Started process (PID=33199) to work on /home/beatriz/Documentos/airflow/airflow_venv/lib/python3.10/site-packages/airflow/example_dags/example_xcomargs.py
[2024-12-10T11:53:32.494-0300] {processor.py:830} INFO - Processing file /home/beatriz/Documentos/airflow/airflow_venv/lib/python3.10/site-packages/airflow/example_dags/example_xcomargs.py for tasks to queue
[2024-12-10T11:53:32.496-0300] {logging_mixin.py:188} INFO - [2024-12-10T11:53:32.495-0300] {dagbag.py:540} INFO - Filling up the DagBag from /home/beatriz/Documentos/airflow/airflow_venv/lib/python3.10/site-packages/airflow/example_dags/example_xcomargs.py
[2024-12-10T11:53:32.510-0300] {processor.py:840} INFO - DAG(s) 'example_xcom_args', 'example_xcom_args_with_operators' retrieved from /home/beatriz/Documentos/airflow/airflow_venv/lib/python3.10/site-packages/airflow/example_dags/example_xcomargs.py
[2024-12-10T11:53:32.527-0300] {logging_mixin.py:188} INFO - [2024-12-10T11:53:32.527-0300] {dag.py:3096} INFO - Sync 2 DAGs
[2024-12-10T11:53:32.535-0300] {logging_mixin.py:188} INFO - [2024-12-10T11:53:32.535-0300] {dag.py:3954} INFO - Setting next_dagrun for example_xcom_args to None, run_after=None
[2024-12-10T11:53:32.538-0300] {logging_mixin.py:188} INFO - [2024-12-10T11:53:32.537-0300] {dag.py:3954} INFO - Setting next_dagrun for example_xcom_args_with_operators to None, run_after=None
[2024-12-10T11:53:32.553-0300] {processor.py:183} INFO - Processing /home/beatriz/Documentos/airflow/airflow_venv/lib/python3.10/site-packages/airflow/example_dags/example_xcomargs.py took 0.074 seconds
[2024-12-10T11:55:21.129-0300] {processor.py:161} INFO - Started process (PID=34503) to work on /home/beatriz/Documentos/airflow/airflow_venv/lib/python3.10/site-packages/airflow/example_dags/example_xcomargs.py
[2024-12-10T11:55:21.130-0300] {processor.py:830} INFO - Processing file /home/beatriz/Documentos/airflow/airflow_venv/lib/python3.10/site-packages/airflow/example_dags/example_xcomargs.py for tasks to queue
[2024-12-10T11:55:21.130-0300] {logging_mixin.py:188} INFO - [2024-12-10T11:55:21.130-0300] {dagbag.py:540} INFO - Filling up the DagBag from /home/beatriz/Documentos/airflow/airflow_venv/lib/python3.10/site-packages/airflow/example_dags/example_xcomargs.py
[2024-12-10T11:55:21.142-0300] {processor.py:840} INFO - DAG(s) 'example_xcom_args', 'example_xcom_args_with_operators' retrieved from /home/beatriz/Documentos/airflow/airflow_venv/lib/python3.10/site-packages/airflow/example_dags/example_xcomargs.py
[2024-12-10T11:55:21.159-0300] {logging_mixin.py:188} INFO - [2024-12-10T11:55:21.159-0300] {dag.py:3096} INFO - Sync 2 DAGs
[2024-12-10T11:55:21.168-0300] {logging_mixin.py:188} INFO - [2024-12-10T11:55:21.167-0300] {dag.py:3954} INFO - Setting next_dagrun for example_xcom_args to None, run_after=None
[2024-12-10T11:55:21.170-0300] {logging_mixin.py:188} INFO - [2024-12-10T11:55:21.169-0300] {dag.py:3954} INFO - Setting next_dagrun for example_xcom_args_with_operators to None, run_after=None
[2024-12-10T11:55:21.188-0300] {processor.py:183} INFO - Processing /home/beatriz/Documentos/airflow/airflow_venv/lib/python3.10/site-packages/airflow/example_dags/example_xcomargs.py took 0.064 seconds
[2024-12-10T11:56:20.832-0300] {processor.py:161} INFO - Started process (PID=34937) to work on /home/beatriz/Documentos/airflow/airflow_venv/lib/python3.10/site-packages/airflow/example_dags/example_xcomargs.py
[2024-12-10T11:56:20.833-0300] {processor.py:830} INFO - Processing file /home/beatriz/Documentos/airflow/airflow_venv/lib/python3.10/site-packages/airflow/example_dags/example_xcomargs.py for tasks to queue
[2024-12-10T11:56:20.833-0300] {logging_mixin.py:188} INFO - [2024-12-10T11:56:20.833-0300] {dagbag.py:540} INFO - Filling up the DagBag from /home/beatriz/Documentos/airflow/airflow_venv/lib/python3.10/site-packages/airflow/example_dags/example_xcomargs.py
[2024-12-10T11:56:20.850-0300] {processor.py:840} INFO - DAG(s) 'example_xcom_args_with_operators', 'example_xcom_args' retrieved from /home/beatriz/Documentos/airflow/airflow_venv/lib/python3.10/site-packages/airflow/example_dags/example_xcomargs.py
[2024-12-10T11:56:20.876-0300] {logging_mixin.py:188} INFO - [2024-12-10T11:56:20.876-0300] {dag.py:3096} INFO - Sync 2 DAGs
[2024-12-10T11:56:20.886-0300] {logging_mixin.py:188} INFO - [2024-12-10T11:56:20.886-0300] {dag.py:3954} INFO - Setting next_dagrun for example_xcom_args to None, run_after=None
[2024-12-10T11:56:20.888-0300] {logging_mixin.py:188} INFO - [2024-12-10T11:56:20.888-0300] {dag.py:3954} INFO - Setting next_dagrun for example_xcom_args_with_operators to None, run_after=None
[2024-12-10T11:56:20.904-0300] {processor.py:183} INFO - Processing /home/beatriz/Documentos/airflow/airflow_venv/lib/python3.10/site-packages/airflow/example_dags/example_xcomargs.py took 0.077 seconds
[2024-12-10T11:57:18.041-0300] {processor.py:161} INFO - Started process (PID=35443) to work on /home/beatriz/Documentos/airflow/airflow_venv/lib/python3.10/site-packages/airflow/example_dags/example_xcomargs.py
[2024-12-10T11:57:18.042-0300] {processor.py:830} INFO - Processing file /home/beatriz/Documentos/airflow/airflow_venv/lib/python3.10/site-packages/airflow/example_dags/example_xcomargs.py for tasks to queue
[2024-12-10T11:57:18.043-0300] {logging_mixin.py:188} INFO - [2024-12-10T11:57:18.042-0300] {dagbag.py:540} INFO - Filling up the DagBag from /home/beatriz/Documentos/airflow/airflow_venv/lib/python3.10/site-packages/airflow/example_dags/example_xcomargs.py
[2024-12-10T11:57:18.051-0300] {processor.py:840} INFO - DAG(s) 'example_xcom_args_with_operators', 'example_xcom_args' retrieved from /home/beatriz/Documentos/airflow/airflow_venv/lib/python3.10/site-packages/airflow/example_dags/example_xcomargs.py
[2024-12-10T11:57:18.065-0300] {logging_mixin.py:188} INFO - [2024-12-10T11:57:18.064-0300] {dag.py:3096} INFO - Sync 2 DAGs
[2024-12-10T11:57:18.073-0300] {logging_mixin.py:188} INFO - [2024-12-10T11:57:18.073-0300] {dag.py:3954} INFO - Setting next_dagrun for example_xcom_args to None, run_after=None
[2024-12-10T11:57:18.075-0300] {logging_mixin.py:188} INFO - [2024-12-10T11:57:18.075-0300] {dag.py:3954} INFO - Setting next_dagrun for example_xcom_args_with_operators to None, run_after=None
[2024-12-10T11:57:18.090-0300] {processor.py:183} INFO - Processing /home/beatriz/Documentos/airflow/airflow_venv/lib/python3.10/site-packages/airflow/example_dags/example_xcomargs.py took 0.054 seconds
[2024-12-10T11:58:16.575-0300] {processor.py:161} INFO - Started process (PID=35864) to work on /home/beatriz/Documentos/airflow/airflow_venv/lib/python3.10/site-packages/airflow/example_dags/example_xcomargs.py
[2024-12-10T11:58:16.576-0300] {processor.py:830} INFO - Processing file /home/beatriz/Documentos/airflow/airflow_venv/lib/python3.10/site-packages/airflow/example_dags/example_xcomargs.py for tasks to queue
[2024-12-10T11:58:16.577-0300] {logging_mixin.py:188} INFO - [2024-12-10T11:58:16.576-0300] {dagbag.py:540} INFO - Filling up the DagBag from /home/beatriz/Documentos/airflow/airflow_venv/lib/python3.10/site-packages/airflow/example_dags/example_xcomargs.py
[2024-12-10T11:58:16.587-0300] {processor.py:840} INFO - DAG(s) 'example_xcom_args', 'example_xcom_args_with_operators' retrieved from /home/beatriz/Documentos/airflow/airflow_venv/lib/python3.10/site-packages/airflow/example_dags/example_xcomargs.py
[2024-12-10T11:58:16.603-0300] {logging_mixin.py:188} INFO - [2024-12-10T11:58:16.603-0300] {dag.py:3096} INFO - Sync 2 DAGs
[2024-12-10T11:58:16.614-0300] {logging_mixin.py:188} INFO - [2024-12-10T11:58:16.613-0300] {dag.py:3954} INFO - Setting next_dagrun for example_xcom_args to None, run_after=None
[2024-12-10T11:58:16.616-0300] {logging_mixin.py:188} INFO - [2024-12-10T11:58:16.616-0300] {dag.py:3954} INFO - Setting next_dagrun for example_xcom_args_with_operators to None, run_after=None
[2024-12-10T11:58:16.637-0300] {processor.py:183} INFO - Processing /home/beatriz/Documentos/airflow/airflow_venv/lib/python3.10/site-packages/airflow/example_dags/example_xcomargs.py took 0.068 seconds
[2024-12-10T11:59:50.076-0300] {processor.py:161} INFO - Started process (PID=36397) to work on /home/beatriz/Documentos/airflow/airflow_venv/lib/python3.10/site-packages/airflow/example_dags/example_xcomargs.py
[2024-12-10T11:59:50.079-0300] {processor.py:830} INFO - Processing file /home/beatriz/Documentos/airflow/airflow_venv/lib/python3.10/site-packages/airflow/example_dags/example_xcomargs.py for tasks to queue
[2024-12-10T11:59:50.081-0300] {logging_mixin.py:188} INFO - [2024-12-10T11:59:50.080-0300] {dagbag.py:540} INFO - Filling up the DagBag from /home/beatriz/Documentos/airflow/airflow_venv/lib/python3.10/site-packages/airflow/example_dags/example_xcomargs.py
[2024-12-10T11:59:50.101-0300] {processor.py:840} INFO - DAG(s) 'example_xcom_args', 'example_xcom_args_with_operators' retrieved from /home/beatriz/Documentos/airflow/airflow_venv/lib/python3.10/site-packages/airflow/example_dags/example_xcomargs.py
[2024-12-10T11:59:50.123-0300] {logging_mixin.py:188} INFO - [2024-12-10T11:59:50.122-0300] {dag.py:3096} INFO - Sync 2 DAGs
[2024-12-10T11:59:50.137-0300] {logging_mixin.py:188} INFO - [2024-12-10T11:59:50.136-0300] {dag.py:3954} INFO - Setting next_dagrun for example_xcom_args to None, run_after=None
[2024-12-10T11:59:50.140-0300] {logging_mixin.py:188} INFO - [2024-12-10T11:59:50.140-0300] {dag.py:3954} INFO - Setting next_dagrun for example_xcom_args_with_operators to None, run_after=None
[2024-12-10T11:59:50.164-0300] {processor.py:183} INFO - Processing /home/beatriz/Documentos/airflow/airflow_venv/lib/python3.10/site-packages/airflow/example_dags/example_xcomargs.py took 0.093 seconds
[2024-12-10T12:01:23.906-0300] {processor.py:161} INFO - Started process (PID=37069) to work on /home/beatriz/Documentos/airflow/airflow_venv/lib/python3.10/site-packages/airflow/example_dags/example_xcomargs.py
[2024-12-10T12:01:23.907-0300] {processor.py:830} INFO - Processing file /home/beatriz/Documentos/airflow/airflow_venv/lib/python3.10/site-packages/airflow/example_dags/example_xcomargs.py for tasks to queue
[2024-12-10T12:01:23.907-0300] {logging_mixin.py:188} INFO - [2024-12-10T12:01:23.907-0300] {dagbag.py:540} INFO - Filling up the DagBag from /home/beatriz/Documentos/airflow/airflow_venv/lib/python3.10/site-packages/airflow/example_dags/example_xcomargs.py
[2024-12-10T12:01:23.914-0300] {processor.py:840} INFO - DAG(s) 'example_xcom_args_with_operators', 'example_xcom_args' retrieved from /home/beatriz/Documentos/airflow/airflow_venv/lib/python3.10/site-packages/airflow/example_dags/example_xcomargs.py
[2024-12-10T12:01:23.929-0300] {logging_mixin.py:188} INFO - [2024-12-10T12:01:23.929-0300] {dag.py:3096} INFO - Sync 2 DAGs
[2024-12-10T12:01:23.937-0300] {logging_mixin.py:188} INFO - [2024-12-10T12:01:23.937-0300] {dag.py:3954} INFO - Setting next_dagrun for example_xcom_args to None, run_after=None
[2024-12-10T12:01:23.939-0300] {logging_mixin.py:188} INFO - [2024-12-10T12:01:23.939-0300] {dag.py:3954} INFO - Setting next_dagrun for example_xcom_args_with_operators to None, run_after=None
[2024-12-10T12:01:23.957-0300] {processor.py:183} INFO - Processing /home/beatriz/Documentos/airflow/airflow_venv/lib/python3.10/site-packages/airflow/example_dags/example_xcomargs.py took 0.055 seconds
[2024-12-10T13:34:13.988-0300] {processor.py:161} INFO - Started process (PID=40227) to work on /home/beatriz/Documentos/airflow/airflow_venv/lib/python3.10/site-packages/airflow/example_dags/example_xcomargs.py
[2024-12-10T13:34:13.994-0300] {processor.py:830} INFO - Processing file /home/beatriz/Documentos/airflow/airflow_venv/lib/python3.10/site-packages/airflow/example_dags/example_xcomargs.py for tasks to queue
[2024-12-10T13:34:13.996-0300] {logging_mixin.py:188} INFO - [2024-12-10T13:34:13.995-0300] {dagbag.py:540} INFO - Filling up the DagBag from /home/beatriz/Documentos/airflow/airflow_venv/lib/python3.10/site-packages/airflow/example_dags/example_xcomargs.py
[2024-12-10T13:34:14.016-0300] {processor.py:840} INFO - DAG(s) 'example_xcom_args_with_operators', 'example_xcom_args' retrieved from /home/beatriz/Documentos/airflow/airflow_venv/lib/python3.10/site-packages/airflow/example_dags/example_xcomargs.py
[2024-12-10T13:34:14.039-0300] {logging_mixin.py:188} INFO - [2024-12-10T13:34:14.039-0300] {dag.py:3096} INFO - Sync 2 DAGs
[2024-12-10T13:34:14.057-0300] {logging_mixin.py:188} INFO - [2024-12-10T13:34:14.057-0300] {dag.py:3954} INFO - Setting next_dagrun for example_xcom_args to None, run_after=None
[2024-12-10T13:34:14.061-0300] {logging_mixin.py:188} INFO - [2024-12-10T13:34:14.061-0300] {dag.py:3954} INFO - Setting next_dagrun for example_xcom_args_with_operators to None, run_after=None
[2024-12-10T13:34:14.091-0300] {processor.py:183} INFO - Processing /home/beatriz/Documentos/airflow/airflow_venv/lib/python3.10/site-packages/airflow/example_dags/example_xcomargs.py took 0.112 seconds
[2024-12-10T13:35:31.994-0300] {processor.py:161} INFO - Started process (PID=41058) to work on /home/beatriz/Documentos/airflow/airflow_venv/lib/python3.10/site-packages/airflow/example_dags/example_xcomargs.py
[2024-12-10T13:35:31.997-0300] {processor.py:830} INFO - Processing file /home/beatriz/Documentos/airflow/airflow_venv/lib/python3.10/site-packages/airflow/example_dags/example_xcomargs.py for tasks to queue
[2024-12-10T13:35:32.000-0300] {logging_mixin.py:188} INFO - [2024-12-10T13:35:31.999-0300] {dagbag.py:540} INFO - Filling up the DagBag from /home/beatriz/Documentos/airflow/airflow_venv/lib/python3.10/site-packages/airflow/example_dags/example_xcomargs.py
[2024-12-10T13:35:32.017-0300] {processor.py:840} INFO - DAG(s) 'example_xcom_args', 'example_xcom_args_with_operators' retrieved from /home/beatriz/Documentos/airflow/airflow_venv/lib/python3.10/site-packages/airflow/example_dags/example_xcomargs.py
[2024-12-10T13:35:32.107-0300] {logging_mixin.py:188} INFO - [2024-12-10T13:35:32.107-0300] {dag.py:3096} INFO - Sync 2 DAGs
[2024-12-10T13:35:32.115-0300] {logging_mixin.py:188} INFO - [2024-12-10T13:35:32.115-0300] {dag.py:3954} INFO - Setting next_dagrun for example_xcom_args to None, run_after=None
[2024-12-10T13:35:32.119-0300] {logging_mixin.py:188} INFO - [2024-12-10T13:35:32.119-0300] {dag.py:3954} INFO - Setting next_dagrun for example_xcom_args_with_operators to None, run_after=None
[2024-12-10T13:35:32.257-0300] {processor.py:183} INFO - Processing /home/beatriz/Documentos/airflow/airflow_venv/lib/python3.10/site-packages/airflow/example_dags/example_xcomargs.py took 0.273 seconds
[2024-12-10T13:36:48.195-0300] {processor.py:161} INFO - Started process (PID=42117) to work on /home/beatriz/Documentos/airflow/airflow_venv/lib/python3.10/site-packages/airflow/example_dags/example_xcomargs.py
[2024-12-10T13:36:48.198-0300] {processor.py:830} INFO - Processing file /home/beatriz/Documentos/airflow/airflow_venv/lib/python3.10/site-packages/airflow/example_dags/example_xcomargs.py for tasks to queue
[2024-12-10T13:36:48.200-0300] {logging_mixin.py:188} INFO - [2024-12-10T13:36:48.200-0300] {dagbag.py:540} INFO - Filling up the DagBag from /home/beatriz/Documentos/airflow/airflow_venv/lib/python3.10/site-packages/airflow/example_dags/example_xcomargs.py
[2024-12-10T13:36:48.215-0300] {processor.py:840} INFO - DAG(s) 'example_xcom_args_with_operators', 'example_xcom_args' retrieved from /home/beatriz/Documentos/airflow/airflow_venv/lib/python3.10/site-packages/airflow/example_dags/example_xcomargs.py
[2024-12-10T13:36:48.233-0300] {logging_mixin.py:188} INFO - [2024-12-10T13:36:48.232-0300] {dag.py:3096} INFO - Sync 2 DAGs
[2024-12-10T13:36:48.251-0300] {logging_mixin.py:188} INFO - [2024-12-10T13:36:48.250-0300] {dag.py:3954} INFO - Setting next_dagrun for example_xcom_args to None, run_after=None
[2024-12-10T13:36:48.257-0300] {logging_mixin.py:188} INFO - [2024-12-10T13:36:48.257-0300] {dag.py:3954} INFO - Setting next_dagrun for example_xcom_args_with_operators to None, run_after=None
[2024-12-10T13:36:48.290-0300] {processor.py:183} INFO - Processing /home/beatriz/Documentos/airflow/airflow_venv/lib/python3.10/site-packages/airflow/example_dags/example_xcomargs.py took 0.102 seconds
[2024-12-10T13:37:58.260-0300] {processor.py:161} INFO - Started process (PID=42808) to work on /home/beatriz/Documentos/airflow/airflow_venv/lib/python3.10/site-packages/airflow/example_dags/example_xcomargs.py
[2024-12-10T13:37:58.267-0300] {processor.py:830} INFO - Processing file /home/beatriz/Documentos/airflow/airflow_venv/lib/python3.10/site-packages/airflow/example_dags/example_xcomargs.py for tasks to queue
[2024-12-10T13:37:58.269-0300] {logging_mixin.py:188} INFO - [2024-12-10T13:37:58.269-0300] {dagbag.py:540} INFO - Filling up the DagBag from /home/beatriz/Documentos/airflow/airflow_venv/lib/python3.10/site-packages/airflow/example_dags/example_xcomargs.py
[2024-12-10T13:37:58.290-0300] {processor.py:840} INFO - DAG(s) 'example_xcom_args_with_operators', 'example_xcom_args' retrieved from /home/beatriz/Documentos/airflow/airflow_venv/lib/python3.10/site-packages/airflow/example_dags/example_xcomargs.py
[2024-12-10T13:37:58.315-0300] {logging_mixin.py:188} INFO - [2024-12-10T13:37:58.314-0300] {dag.py:3096} INFO - Sync 2 DAGs
[2024-12-10T13:37:58.406-0300] {logging_mixin.py:188} INFO - [2024-12-10T13:37:58.405-0300] {dag.py:3954} INFO - Setting next_dagrun for example_xcom_args to None, run_after=None
[2024-12-10T13:37:58.409-0300] {logging_mixin.py:188} INFO - [2024-12-10T13:37:58.409-0300] {dag.py:3954} INFO - Setting next_dagrun for example_xcom_args_with_operators to None, run_after=None
[2024-12-10T13:37:58.435-0300] {processor.py:183} INFO - Processing /home/beatriz/Documentos/airflow/airflow_venv/lib/python3.10/site-packages/airflow/example_dags/example_xcomargs.py took 0.190 seconds
[2024-12-10T13:38:53.431-0300] {processor.py:161} INFO - Started process (PID=43134) to work on /home/beatriz/Documentos/airflow/airflow_venv/lib/python3.10/site-packages/airflow/example_dags/example_xcomargs.py
[2024-12-10T13:38:53.433-0300] {processor.py:830} INFO - Processing file /home/beatriz/Documentos/airflow/airflow_venv/lib/python3.10/site-packages/airflow/example_dags/example_xcomargs.py for tasks to queue
[2024-12-10T13:38:53.438-0300] {logging_mixin.py:188} INFO - [2024-12-10T13:38:53.437-0300] {dagbag.py:540} INFO - Filling up the DagBag from /home/beatriz/Documentos/airflow/airflow_venv/lib/python3.10/site-packages/airflow/example_dags/example_xcomargs.py
[2024-12-10T13:38:53.453-0300] {processor.py:840} INFO - DAG(s) 'example_xcom_args', 'example_xcom_args_with_operators' retrieved from /home/beatriz/Documentos/airflow/airflow_venv/lib/python3.10/site-packages/airflow/example_dags/example_xcomargs.py
[2024-12-10T13:38:53.471-0300] {logging_mixin.py:188} INFO - [2024-12-10T13:38:53.471-0300] {dag.py:3096} INFO - Sync 2 DAGs
[2024-12-10T13:38:53.480-0300] {logging_mixin.py:188} INFO - [2024-12-10T13:38:53.480-0300] {dag.py:3954} INFO - Setting next_dagrun for example_xcom_args to None, run_after=None
[2024-12-10T13:38:53.483-0300] {logging_mixin.py:188} INFO - [2024-12-10T13:38:53.482-0300] {dag.py:3954} INFO - Setting next_dagrun for example_xcom_args_with_operators to None, run_after=None
[2024-12-10T13:38:53.500-0300] {processor.py:183} INFO - Processing /home/beatriz/Documentos/airflow/airflow_venv/lib/python3.10/site-packages/airflow/example_dags/example_xcomargs.py took 0.083 seconds
[2024-12-10T13:45:15.200-0300] {processor.py:161} INFO - Started process (PID=45613) to work on /home/beatriz/Documentos/airflow/airflow_venv/lib/python3.10/site-packages/airflow/example_dags/example_xcomargs.py
[2024-12-10T13:45:15.201-0300] {processor.py:830} INFO - Processing file /home/beatriz/Documentos/airflow/airflow_venv/lib/python3.10/site-packages/airflow/example_dags/example_xcomargs.py for tasks to queue
[2024-12-10T13:45:15.204-0300] {logging_mixin.py:188} INFO - [2024-12-10T13:45:15.204-0300] {dagbag.py:540} INFO - Filling up the DagBag from /home/beatriz/Documentos/airflow/airflow_venv/lib/python3.10/site-packages/airflow/example_dags/example_xcomargs.py
[2024-12-10T13:45:15.222-0300] {processor.py:840} INFO - DAG(s) 'example_xcom_args', 'example_xcom_args_with_operators' retrieved from /home/beatriz/Documentos/airflow/airflow_venv/lib/python3.10/site-packages/airflow/example_dags/example_xcomargs.py
[2024-12-10T13:45:15.312-0300] {logging_mixin.py:188} INFO - [2024-12-10T13:45:15.311-0300] {dag.py:3096} INFO - Sync 2 DAGs
[2024-12-10T13:45:15.318-0300] {logging_mixin.py:188} INFO - [2024-12-10T13:45:15.318-0300] {dag.py:3954} INFO - Setting next_dagrun for example_xcom_args to None, run_after=None
[2024-12-10T13:45:15.320-0300] {logging_mixin.py:188} INFO - [2024-12-10T13:45:15.320-0300] {dag.py:3954} INFO - Setting next_dagrun for example_xcom_args_with_operators to None, run_after=None
[2024-12-10T13:45:15.344-0300] {processor.py:183} INFO - Processing /home/beatriz/Documentos/airflow/airflow_venv/lib/python3.10/site-packages/airflow/example_dags/example_xcomargs.py took 0.155 seconds
