[2024-12-10T10:09:53.344-0300] {processor.py:161} INFO - Started process (PID=10591) to work on /home/beatriz/Documentos/airflow/airflow_venv/lib/python3.10/site-packages/airflow/example_dags/example_branch_python_dop_operator_3.py
[2024-12-10T10:09:53.345-0300] {processor.py:830} INFO - Processing file /home/beatriz/Documentos/airflow/airflow_venv/lib/python3.10/site-packages/airflow/example_dags/example_branch_python_dop_operator_3.py for tasks to queue
[2024-12-10T10:09:53.348-0300] {logging_mixin.py:188} INFO - [2024-12-10T10:09:53.347-0300] {dagbag.py:540} INFO - Filling up the DagBag from /home/beatriz/Documentos/airflow/airflow_venv/lib/python3.10/site-packages/airflow/example_dags/example_branch_python_dop_operator_3.py
[2024-12-10T10:09:53.365-0300] {processor.py:840} INFO - DAG(s) 'example_branch_dop_operator_v3' retrieved from /home/beatriz/Documentos/airflow/airflow_venv/lib/python3.10/site-packages/airflow/example_dags/example_branch_python_dop_operator_3.py
[2024-12-10T10:09:53.439-0300] {logging_mixin.py:188} INFO - [2024-12-10T10:09:53.438-0300] {dag.py:3096} INFO - Sync 1 DAGs
[2024-12-10T10:09:53.454-0300] {logging_mixin.py:188} INFO - [2024-12-10T10:09:53.454-0300] {dag.py:3954} INFO - Setting next_dagrun for example_branch_dop_operator_v3 to 2024-12-10 13:08:00+00:00, run_after=2024-12-10 13:09:00+00:00
[2024-12-10T10:09:53.473-0300] {processor.py:183} INFO - Processing /home/beatriz/Documentos/airflow/airflow_venv/lib/python3.10/site-packages/airflow/example_dags/example_branch_python_dop_operator_3.py took 0.139 seconds
[2024-12-10T10:10:51.209-0300] {processor.py:161} INFO - Started process (PID=11111) to work on /home/beatriz/Documentos/airflow/airflow_venv/lib/python3.10/site-packages/airflow/example_dags/example_branch_python_dop_operator_3.py
[2024-12-10T10:10:51.214-0300] {processor.py:830} INFO - Processing file /home/beatriz/Documentos/airflow/airflow_venv/lib/python3.10/site-packages/airflow/example_dags/example_branch_python_dop_operator_3.py for tasks to queue
[2024-12-10T10:10:51.215-0300] {logging_mixin.py:188} INFO - [2024-12-10T10:10:51.215-0300] {dagbag.py:540} INFO - Filling up the DagBag from /home/beatriz/Documentos/airflow/airflow_venv/lib/python3.10/site-packages/airflow/example_dags/example_branch_python_dop_operator_3.py
[2024-12-10T10:10:51.223-0300] {processor.py:840} INFO - DAG(s) 'example_branch_dop_operator_v3' retrieved from /home/beatriz/Documentos/airflow/airflow_venv/lib/python3.10/site-packages/airflow/example_dags/example_branch_python_dop_operator_3.py
[2024-12-10T10:10:51.237-0300] {logging_mixin.py:188} INFO - [2024-12-10T10:10:51.236-0300] {dag.py:3096} INFO - Sync 1 DAGs
[2024-12-10T10:10:51.256-0300] {logging_mixin.py:188} INFO - [2024-12-10T10:10:51.256-0300] {dag.py:3954} INFO - Setting next_dagrun for example_branch_dop_operator_v3 to 2024-12-10 13:09:00+00:00, run_after=2024-12-10 13:10:00+00:00
[2024-12-10T10:10:51.273-0300] {processor.py:183} INFO - Processing /home/beatriz/Documentos/airflow/airflow_venv/lib/python3.10/site-packages/airflow/example_dags/example_branch_python_dop_operator_3.py took 0.069 seconds
[2024-12-10T10:11:45.818-0300] {processor.py:161} INFO - Started process (PID=11516) to work on /home/beatriz/Documentos/airflow/airflow_venv/lib/python3.10/site-packages/airflow/example_dags/example_branch_python_dop_operator_3.py
[2024-12-10T10:11:45.820-0300] {processor.py:830} INFO - Processing file /home/beatriz/Documentos/airflow/airflow_venv/lib/python3.10/site-packages/airflow/example_dags/example_branch_python_dop_operator_3.py for tasks to queue
[2024-12-10T10:11:45.822-0300] {logging_mixin.py:188} INFO - [2024-12-10T10:11:45.821-0300] {dagbag.py:540} INFO - Filling up the DagBag from /home/beatriz/Documentos/airflow/airflow_venv/lib/python3.10/site-packages/airflow/example_dags/example_branch_python_dop_operator_3.py
[2024-12-10T10:11:45.831-0300] {processor.py:840} INFO - DAG(s) 'example_branch_dop_operator_v3' retrieved from /home/beatriz/Documentos/airflow/airflow_venv/lib/python3.10/site-packages/airflow/example_dags/example_branch_python_dop_operator_3.py
[2024-12-10T10:11:45.846-0300] {logging_mixin.py:188} INFO - [2024-12-10T10:11:45.845-0300] {dag.py:3096} INFO - Sync 1 DAGs
[2024-12-10T10:11:45.864-0300] {logging_mixin.py:188} INFO - [2024-12-10T10:11:45.864-0300] {dag.py:3954} INFO - Setting next_dagrun for example_branch_dop_operator_v3 to 2024-12-10 13:10:00+00:00, run_after=2024-12-10 13:11:00+00:00
[2024-12-10T10:11:45.888-0300] {processor.py:183} INFO - Processing /home/beatriz/Documentos/airflow/airflow_venv/lib/python3.10/site-packages/airflow/example_dags/example_branch_python_dop_operator_3.py took 0.075 seconds
[2024-12-10T10:13:01.619-0300] {processor.py:161} INFO - Started process (PID=12277) to work on /home/beatriz/Documentos/airflow/airflow_venv/lib/python3.10/site-packages/airflow/example_dags/example_branch_python_dop_operator_3.py
[2024-12-10T10:13:01.624-0300] {processor.py:830} INFO - Processing file /home/beatriz/Documentos/airflow/airflow_venv/lib/python3.10/site-packages/airflow/example_dags/example_branch_python_dop_operator_3.py for tasks to queue
[2024-12-10T10:13:01.626-0300] {logging_mixin.py:188} INFO - [2024-12-10T10:13:01.625-0300] {dagbag.py:540} INFO - Filling up the DagBag from /home/beatriz/Documentos/airflow/airflow_venv/lib/python3.10/site-packages/airflow/example_dags/example_branch_python_dop_operator_3.py
[2024-12-10T10:13:01.635-0300] {processor.py:840} INFO - DAG(s) 'example_branch_dop_operator_v3' retrieved from /home/beatriz/Documentos/airflow/airflow_venv/lib/python3.10/site-packages/airflow/example_dags/example_branch_python_dop_operator_3.py
[2024-12-10T10:13:01.655-0300] {logging_mixin.py:188} INFO - [2024-12-10T10:13:01.654-0300] {dag.py:3096} INFO - Sync 1 DAGs
[2024-12-10T10:13:01.690-0300] {logging_mixin.py:188} INFO - [2024-12-10T10:13:01.690-0300] {dag.py:3954} INFO - Setting next_dagrun for example_branch_dop_operator_v3 to 2024-12-10 13:12:00+00:00, run_after=2024-12-10 13:13:00+00:00
[2024-12-10T10:13:01.713-0300] {processor.py:183} INFO - Processing /home/beatriz/Documentos/airflow/airflow_venv/lib/python3.10/site-packages/airflow/example_dags/example_branch_python_dop_operator_3.py took 0.100 seconds
[2024-12-10T10:14:14.789-0300] {processor.py:161} INFO - Started process (PID=12839) to work on /home/beatriz/Documentos/airflow/airflow_venv/lib/python3.10/site-packages/airflow/example_dags/example_branch_python_dop_operator_3.py
[2024-12-10T10:14:14.791-0300] {processor.py:830} INFO - Processing file /home/beatriz/Documentos/airflow/airflow_venv/lib/python3.10/site-packages/airflow/example_dags/example_branch_python_dop_operator_3.py for tasks to queue
[2024-12-10T10:14:14.792-0300] {logging_mixin.py:188} INFO - [2024-12-10T10:14:14.792-0300] {dagbag.py:540} INFO - Filling up the DagBag from /home/beatriz/Documentos/airflow/airflow_venv/lib/python3.10/site-packages/airflow/example_dags/example_branch_python_dop_operator_3.py
[2024-12-10T10:14:14.799-0300] {processor.py:840} INFO - DAG(s) 'example_branch_dop_operator_v3' retrieved from /home/beatriz/Documentos/airflow/airflow_venv/lib/python3.10/site-packages/airflow/example_dags/example_branch_python_dop_operator_3.py
[2024-12-10T10:14:14.810-0300] {logging_mixin.py:188} INFO - [2024-12-10T10:14:14.810-0300] {dag.py:3096} INFO - Sync 1 DAGs
[2024-12-10T10:14:14.827-0300] {logging_mixin.py:188} INFO - [2024-12-10T10:14:14.827-0300] {dag.py:3954} INFO - Setting next_dagrun for example_branch_dop_operator_v3 to 2024-12-10 13:13:00+00:00, run_after=2024-12-10 13:14:00+00:00
[2024-12-10T10:14:14.844-0300] {processor.py:183} INFO - Processing /home/beatriz/Documentos/airflow/airflow_venv/lib/python3.10/site-packages/airflow/example_dags/example_branch_python_dop_operator_3.py took 0.059 seconds
[2024-12-10T10:15:25.619-0300] {processor.py:161} INFO - Started process (PID=13656) to work on /home/beatriz/Documentos/airflow/airflow_venv/lib/python3.10/site-packages/airflow/example_dags/example_branch_python_dop_operator_3.py
[2024-12-10T10:15:25.621-0300] {processor.py:830} INFO - Processing file /home/beatriz/Documentos/airflow/airflow_venv/lib/python3.10/site-packages/airflow/example_dags/example_branch_python_dop_operator_3.py for tasks to queue
[2024-12-10T10:15:25.622-0300] {logging_mixin.py:188} INFO - [2024-12-10T10:15:25.622-0300] {dagbag.py:540} INFO - Filling up the DagBag from /home/beatriz/Documentos/airflow/airflow_venv/lib/python3.10/site-packages/airflow/example_dags/example_branch_python_dop_operator_3.py
[2024-12-10T10:15:25.629-0300] {processor.py:840} INFO - DAG(s) 'example_branch_dop_operator_v3' retrieved from /home/beatriz/Documentos/airflow/airflow_venv/lib/python3.10/site-packages/airflow/example_dags/example_branch_python_dop_operator_3.py
[2024-12-10T10:15:25.642-0300] {logging_mixin.py:188} INFO - [2024-12-10T10:15:25.641-0300] {dag.py:3096} INFO - Sync 1 DAGs
[2024-12-10T10:15:25.659-0300] {logging_mixin.py:188} INFO - [2024-12-10T10:15:25.659-0300] {dag.py:3954} INFO - Setting next_dagrun for example_branch_dop_operator_v3 to 2024-12-10 13:14:00+00:00, run_after=2024-12-10 13:15:00+00:00
[2024-12-10T10:15:25.675-0300] {processor.py:183} INFO - Processing /home/beatriz/Documentos/airflow/airflow_venv/lib/python3.10/site-packages/airflow/example_dags/example_branch_python_dop_operator_3.py took 0.060 seconds
[2024-12-10T10:16:40.645-0300] {processor.py:161} INFO - Started process (PID=14131) to work on /home/beatriz/Documentos/airflow/airflow_venv/lib/python3.10/site-packages/airflow/example_dags/example_branch_python_dop_operator_3.py
[2024-12-10T10:16:40.648-0300] {processor.py:830} INFO - Processing file /home/beatriz/Documentos/airflow/airflow_venv/lib/python3.10/site-packages/airflow/example_dags/example_branch_python_dop_operator_3.py for tasks to queue
[2024-12-10T10:16:40.651-0300] {logging_mixin.py:188} INFO - [2024-12-10T10:16:40.650-0300] {dagbag.py:540} INFO - Filling up the DagBag from /home/beatriz/Documentos/airflow/airflow_venv/lib/python3.10/site-packages/airflow/example_dags/example_branch_python_dop_operator_3.py
[2024-12-10T10:16:40.665-0300] {processor.py:840} INFO - DAG(s) 'example_branch_dop_operator_v3' retrieved from /home/beatriz/Documentos/airflow/airflow_venv/lib/python3.10/site-packages/airflow/example_dags/example_branch_python_dop_operator_3.py
[2024-12-10T10:16:40.679-0300] {logging_mixin.py:188} INFO - [2024-12-10T10:16:40.679-0300] {dag.py:3096} INFO - Sync 1 DAGs
[2024-12-10T10:16:40.697-0300] {logging_mixin.py:188} INFO - [2024-12-10T10:16:40.697-0300] {dag.py:3954} INFO - Setting next_dagrun for example_branch_dop_operator_v3 to 2024-12-10 13:15:00+00:00, run_after=2024-12-10 13:16:00+00:00
[2024-12-10T10:16:40.715-0300] {processor.py:183} INFO - Processing /home/beatriz/Documentos/airflow/airflow_venv/lib/python3.10/site-packages/airflow/example_dags/example_branch_python_dop_operator_3.py took 0.083 seconds
[2024-12-10T10:17:37.946-0300] {processor.py:161} INFO - Started process (PID=14543) to work on /home/beatriz/Documentos/airflow/airflow_venv/lib/python3.10/site-packages/airflow/example_dags/example_branch_python_dop_operator_3.py
[2024-12-10T10:17:37.949-0300] {processor.py:830} INFO - Processing file /home/beatriz/Documentos/airflow/airflow_venv/lib/python3.10/site-packages/airflow/example_dags/example_branch_python_dop_operator_3.py for tasks to queue
[2024-12-10T10:17:37.950-0300] {logging_mixin.py:188} INFO - [2024-12-10T10:17:37.949-0300] {dagbag.py:540} INFO - Filling up the DagBag from /home/beatriz/Documentos/airflow/airflow_venv/lib/python3.10/site-packages/airflow/example_dags/example_branch_python_dop_operator_3.py
[2024-12-10T10:17:37.958-0300] {processor.py:840} INFO - DAG(s) 'example_branch_dop_operator_v3' retrieved from /home/beatriz/Documentos/airflow/airflow_venv/lib/python3.10/site-packages/airflow/example_dags/example_branch_python_dop_operator_3.py
[2024-12-10T10:17:37.970-0300] {logging_mixin.py:188} INFO - [2024-12-10T10:17:37.970-0300] {dag.py:3096} INFO - Sync 1 DAGs
[2024-12-10T10:17:37.990-0300] {logging_mixin.py:188} INFO - [2024-12-10T10:17:37.989-0300] {dag.py:3954} INFO - Setting next_dagrun for example_branch_dop_operator_v3 to 2024-12-10 13:16:00+00:00, run_after=2024-12-10 13:17:00+00:00
[2024-12-10T10:17:38.008-0300] {processor.py:183} INFO - Processing /home/beatriz/Documentos/airflow/airflow_venv/lib/python3.10/site-packages/airflow/example_dags/example_branch_python_dop_operator_3.py took 0.066 seconds
[2024-12-10T10:18:53.909-0300] {processor.py:161} INFO - Started process (PID=15393) to work on /home/beatriz/Documentos/airflow/airflow_venv/lib/python3.10/site-packages/airflow/example_dags/example_branch_python_dop_operator_3.py
[2024-12-10T10:18:53.911-0300] {processor.py:830} INFO - Processing file /home/beatriz/Documentos/airflow/airflow_venv/lib/python3.10/site-packages/airflow/example_dags/example_branch_python_dop_operator_3.py for tasks to queue
[2024-12-10T10:18:53.912-0300] {logging_mixin.py:188} INFO - [2024-12-10T10:18:53.912-0300] {dagbag.py:540} INFO - Filling up the DagBag from /home/beatriz/Documentos/airflow/airflow_venv/lib/python3.10/site-packages/airflow/example_dags/example_branch_python_dop_operator_3.py
[2024-12-10T10:18:53.920-0300] {processor.py:840} INFO - DAG(s) 'example_branch_dop_operator_v3' retrieved from /home/beatriz/Documentos/airflow/airflow_venv/lib/python3.10/site-packages/airflow/example_dags/example_branch_python_dop_operator_3.py
[2024-12-10T10:18:53.931-0300] {logging_mixin.py:188} INFO - [2024-12-10T10:18:53.931-0300] {dag.py:3096} INFO - Sync 1 DAGs
[2024-12-10T10:18:53.949-0300] {logging_mixin.py:188} INFO - [2024-12-10T10:18:53.949-0300] {dag.py:3954} INFO - Setting next_dagrun for example_branch_dop_operator_v3 to 2024-12-10 13:17:00+00:00, run_after=2024-12-10 13:18:00+00:00
[2024-12-10T10:18:53.966-0300] {processor.py:183} INFO - Processing /home/beatriz/Documentos/airflow/airflow_venv/lib/python3.10/site-packages/airflow/example_dags/example_branch_python_dop_operator_3.py took 0.062 seconds
[2024-12-10T11:01:39.260-0300] {processor.py:161} INFO - Started process (PID=19738) to work on /home/beatriz/Documentos/airflow/airflow_venv/lib/python3.10/site-packages/airflow/example_dags/example_branch_python_dop_operator_3.py
[2024-12-10T11:01:39.262-0300] {processor.py:830} INFO - Processing file /home/beatriz/Documentos/airflow/airflow_venv/lib/python3.10/site-packages/airflow/example_dags/example_branch_python_dop_operator_3.py for tasks to queue
[2024-12-10T11:01:39.263-0300] {logging_mixin.py:188} INFO - [2024-12-10T11:01:39.262-0300] {dagbag.py:540} INFO - Filling up the DagBag from /home/beatriz/Documentos/airflow/airflow_venv/lib/python3.10/site-packages/airflow/example_dags/example_branch_python_dop_operator_3.py
[2024-12-10T11:01:39.270-0300] {processor.py:840} INFO - DAG(s) 'example_branch_dop_operator_v3' retrieved from /home/beatriz/Documentos/airflow/airflow_venv/lib/python3.10/site-packages/airflow/example_dags/example_branch_python_dop_operator_3.py
[2024-12-10T11:01:39.337-0300] {logging_mixin.py:188} INFO - [2024-12-10T11:01:39.337-0300] {dag.py:3096} INFO - Sync 1 DAGs
[2024-12-10T11:01:39.351-0300] {logging_mixin.py:188} INFO - [2024-12-10T11:01:39.351-0300] {dag.py:3954} INFO - Setting next_dagrun for example_branch_dop_operator_v3 to 2024-12-10 14:00:00+00:00, run_after=2024-12-10 14:01:00+00:00
[2024-12-10T11:01:39.374-0300] {processor.py:183} INFO - Processing /home/beatriz/Documentos/airflow/airflow_venv/lib/python3.10/site-packages/airflow/example_dags/example_branch_python_dop_operator_3.py took 0.119 seconds
[2024-12-10T11:02:37.626-0300] {processor.py:161} INFO - Started process (PID=20175) to work on /home/beatriz/Documentos/airflow/airflow_venv/lib/python3.10/site-packages/airflow/example_dags/example_branch_python_dop_operator_3.py
[2024-12-10T11:02:37.627-0300] {processor.py:830} INFO - Processing file /home/beatriz/Documentos/airflow/airflow_venv/lib/python3.10/site-packages/airflow/example_dags/example_branch_python_dop_operator_3.py for tasks to queue
[2024-12-10T11:02:37.628-0300] {logging_mixin.py:188} INFO - [2024-12-10T11:02:37.628-0300] {dagbag.py:540} INFO - Filling up the DagBag from /home/beatriz/Documentos/airflow/airflow_venv/lib/python3.10/site-packages/airflow/example_dags/example_branch_python_dop_operator_3.py
[2024-12-10T11:02:37.635-0300] {processor.py:840} INFO - DAG(s) 'example_branch_dop_operator_v3' retrieved from /home/beatriz/Documentos/airflow/airflow_venv/lib/python3.10/site-packages/airflow/example_dags/example_branch_python_dop_operator_3.py
[2024-12-10T11:02:37.647-0300] {logging_mixin.py:188} INFO - [2024-12-10T11:02:37.647-0300] {dag.py:3096} INFO - Sync 1 DAGs
[2024-12-10T11:02:37.664-0300] {logging_mixin.py:188} INFO - [2024-12-10T11:02:37.664-0300] {dag.py:3954} INFO - Setting next_dagrun for example_branch_dop_operator_v3 to 2024-12-10 14:01:00+00:00, run_after=2024-12-10 14:02:00+00:00
[2024-12-10T11:02:37.682-0300] {processor.py:183} INFO - Processing /home/beatriz/Documentos/airflow/airflow_venv/lib/python3.10/site-packages/airflow/example_dags/example_branch_python_dop_operator_3.py took 0.060 seconds
[2024-12-10T11:37:31.513-0300] {processor.py:161} INFO - Started process (PID=24850) to work on /home/beatriz/Documentos/airflow/airflow_venv/lib/python3.10/site-packages/airflow/example_dags/example_branch_python_dop_operator_3.py
[2024-12-10T11:37:31.515-0300] {processor.py:830} INFO - Processing file /home/beatriz/Documentos/airflow/airflow_venv/lib/python3.10/site-packages/airflow/example_dags/example_branch_python_dop_operator_3.py for tasks to queue
[2024-12-10T11:37:31.518-0300] {logging_mixin.py:188} INFO - [2024-12-10T11:37:31.517-0300] {dagbag.py:540} INFO - Filling up the DagBag from /home/beatriz/Documentos/airflow/airflow_venv/lib/python3.10/site-packages/airflow/example_dags/example_branch_python_dop_operator_3.py
[2024-12-10T11:37:31.534-0300] {processor.py:840} INFO - DAG(s) 'example_branch_dop_operator_v3' retrieved from /home/beatriz/Documentos/airflow/airflow_venv/lib/python3.10/site-packages/airflow/example_dags/example_branch_python_dop_operator_3.py
[2024-12-10T11:37:31.610-0300] {logging_mixin.py:188} INFO - [2024-12-10T11:37:31.610-0300] {dag.py:3096} INFO - Sync 1 DAGs
[2024-12-10T11:37:31.626-0300] {logging_mixin.py:188} INFO - [2024-12-10T11:37:31.626-0300] {dag.py:3954} INFO - Setting next_dagrun for example_branch_dop_operator_v3 to 2024-12-10 14:36:00+00:00, run_after=2024-12-10 14:37:00+00:00
[2024-12-10T11:37:31.644-0300] {processor.py:183} INFO - Processing /home/beatriz/Documentos/airflow/airflow_venv/lib/python3.10/site-packages/airflow/example_dags/example_branch_python_dop_operator_3.py took 0.142 seconds
[2024-12-10T11:38:30.981-0300] {processor.py:161} INFO - Started process (PID=25217) to work on /home/beatriz/Documentos/airflow/airflow_venv/lib/python3.10/site-packages/airflow/example_dags/example_branch_python_dop_operator_3.py
[2024-12-10T11:38:30.982-0300] {processor.py:830} INFO - Processing file /home/beatriz/Documentos/airflow/airflow_venv/lib/python3.10/site-packages/airflow/example_dags/example_branch_python_dop_operator_3.py for tasks to queue
[2024-12-10T11:38:30.983-0300] {logging_mixin.py:188} INFO - [2024-12-10T11:38:30.983-0300] {dagbag.py:540} INFO - Filling up the DagBag from /home/beatriz/Documentos/airflow/airflow_venv/lib/python3.10/site-packages/airflow/example_dags/example_branch_python_dop_operator_3.py
[2024-12-10T11:38:30.991-0300] {processor.py:840} INFO - DAG(s) 'example_branch_dop_operator_v3' retrieved from /home/beatriz/Documentos/airflow/airflow_venv/lib/python3.10/site-packages/airflow/example_dags/example_branch_python_dop_operator_3.py
[2024-12-10T11:38:31.004-0300] {logging_mixin.py:188} INFO - [2024-12-10T11:38:31.004-0300] {dag.py:3096} INFO - Sync 1 DAGs
[2024-12-10T11:38:31.026-0300] {logging_mixin.py:188} INFO - [2024-12-10T11:38:31.026-0300] {dag.py:3954} INFO - Setting next_dagrun for example_branch_dop_operator_v3 to 2024-12-10 14:37:00+00:00, run_after=2024-12-10 14:38:00+00:00
[2024-12-10T11:38:31.044-0300] {processor.py:183} INFO - Processing /home/beatriz/Documentos/airflow/airflow_venv/lib/python3.10/site-packages/airflow/example_dags/example_branch_python_dop_operator_3.py took 0.068 seconds
[2024-12-10T11:39:28.915-0300] {processor.py:161} INFO - Started process (PID=25609) to work on /home/beatriz/Documentos/airflow/airflow_venv/lib/python3.10/site-packages/airflow/example_dags/example_branch_python_dop_operator_3.py
[2024-12-10T11:39:28.916-0300] {processor.py:830} INFO - Processing file /home/beatriz/Documentos/airflow/airflow_venv/lib/python3.10/site-packages/airflow/example_dags/example_branch_python_dop_operator_3.py for tasks to queue
[2024-12-10T11:39:28.917-0300] {logging_mixin.py:188} INFO - [2024-12-10T11:39:28.917-0300] {dagbag.py:540} INFO - Filling up the DagBag from /home/beatriz/Documentos/airflow/airflow_venv/lib/python3.10/site-packages/airflow/example_dags/example_branch_python_dop_operator_3.py
[2024-12-10T11:39:28.927-0300] {processor.py:840} INFO - DAG(s) 'example_branch_dop_operator_v3' retrieved from /home/beatriz/Documentos/airflow/airflow_venv/lib/python3.10/site-packages/airflow/example_dags/example_branch_python_dop_operator_3.py
[2024-12-10T11:39:28.951-0300] {logging_mixin.py:188} INFO - [2024-12-10T11:39:28.951-0300] {dag.py:3096} INFO - Sync 1 DAGs
[2024-12-10T11:39:28.975-0300] {logging_mixin.py:188} INFO - [2024-12-10T11:39:28.975-0300] {dag.py:3954} INFO - Setting next_dagrun for example_branch_dop_operator_v3 to 2024-12-10 14:38:00+00:00, run_after=2024-12-10 14:39:00+00:00
[2024-12-10T11:39:28.995-0300] {processor.py:183} INFO - Processing /home/beatriz/Documentos/airflow/airflow_venv/lib/python3.10/site-packages/airflow/example_dags/example_branch_python_dop_operator_3.py took 0.086 seconds
[2024-12-10T11:40:26.405-0300] {processor.py:161} INFO - Started process (PID=25964) to work on /home/beatriz/Documentos/airflow/airflow_venv/lib/python3.10/site-packages/airflow/example_dags/example_branch_python_dop_operator_3.py
[2024-12-10T11:40:26.408-0300] {processor.py:830} INFO - Processing file /home/beatriz/Documentos/airflow/airflow_venv/lib/python3.10/site-packages/airflow/example_dags/example_branch_python_dop_operator_3.py for tasks to queue
[2024-12-10T11:40:26.411-0300] {logging_mixin.py:188} INFO - [2024-12-10T11:40:26.410-0300] {dagbag.py:540} INFO - Filling up the DagBag from /home/beatriz/Documentos/airflow/airflow_venv/lib/python3.10/site-packages/airflow/example_dags/example_branch_python_dop_operator_3.py
[2024-12-10T11:40:26.427-0300] {processor.py:840} INFO - DAG(s) 'example_branch_dop_operator_v3' retrieved from /home/beatriz/Documentos/airflow/airflow_venv/lib/python3.10/site-packages/airflow/example_dags/example_branch_python_dop_operator_3.py
[2024-12-10T11:40:26.440-0300] {logging_mixin.py:188} INFO - [2024-12-10T11:40:26.440-0300] {dag.py:3096} INFO - Sync 1 DAGs
[2024-12-10T11:40:26.461-0300] {logging_mixin.py:188} INFO - [2024-12-10T11:40:26.461-0300] {dag.py:3954} INFO - Setting next_dagrun for example_branch_dop_operator_v3 to 2024-12-10 14:39:00+00:00, run_after=2024-12-10 14:40:00+00:00
[2024-12-10T11:40:26.481-0300] {processor.py:183} INFO - Processing /home/beatriz/Documentos/airflow/airflow_venv/lib/python3.10/site-packages/airflow/example_dags/example_branch_python_dop_operator_3.py took 0.088 seconds
[2024-12-10T11:41:52.041-0300] {processor.py:161} INFO - Started process (PID=26762) to work on /home/beatriz/Documentos/airflow/airflow_venv/lib/python3.10/site-packages/airflow/example_dags/example_branch_python_dop_operator_3.py
[2024-12-10T11:41:52.043-0300] {processor.py:830} INFO - Processing file /home/beatriz/Documentos/airflow/airflow_venv/lib/python3.10/site-packages/airflow/example_dags/example_branch_python_dop_operator_3.py for tasks to queue
[2024-12-10T11:41:52.046-0300] {logging_mixin.py:188} INFO - [2024-12-10T11:41:52.045-0300] {dagbag.py:540} INFO - Filling up the DagBag from /home/beatriz/Documentos/airflow/airflow_venv/lib/python3.10/site-packages/airflow/example_dags/example_branch_python_dop_operator_3.py
[2024-12-10T11:41:52.056-0300] {processor.py:840} INFO - DAG(s) 'example_branch_dop_operator_v3' retrieved from /home/beatriz/Documentos/airflow/airflow_venv/lib/python3.10/site-packages/airflow/example_dags/example_branch_python_dop_operator_3.py
[2024-12-10T11:41:52.071-0300] {logging_mixin.py:188} INFO - [2024-12-10T11:41:52.070-0300] {dag.py:3096} INFO - Sync 1 DAGs
[2024-12-10T11:41:52.088-0300] {logging_mixin.py:188} INFO - [2024-12-10T11:41:52.088-0300] {dag.py:3954} INFO - Setting next_dagrun for example_branch_dop_operator_v3 to 2024-12-10 14:40:00+00:00, run_after=2024-12-10 14:41:00+00:00
[2024-12-10T11:41:52.106-0300] {processor.py:183} INFO - Processing /home/beatriz/Documentos/airflow/airflow_venv/lib/python3.10/site-packages/airflow/example_dags/example_branch_python_dop_operator_3.py took 0.069 seconds
[2024-12-10T11:43:12.598-0300] {processor.py:161} INFO - Started process (PID=27190) to work on /home/beatriz/Documentos/airflow/airflow_venv/lib/python3.10/site-packages/airflow/example_dags/example_branch_python_dop_operator_3.py
[2024-12-10T11:43:12.598-0300] {processor.py:830} INFO - Processing file /home/beatriz/Documentos/airflow/airflow_venv/lib/python3.10/site-packages/airflow/example_dags/example_branch_python_dop_operator_3.py for tasks to queue
[2024-12-10T11:43:12.599-0300] {logging_mixin.py:188} INFO - [2024-12-10T11:43:12.599-0300] {dagbag.py:540} INFO - Filling up the DagBag from /home/beatriz/Documentos/airflow/airflow_venv/lib/python3.10/site-packages/airflow/example_dags/example_branch_python_dop_operator_3.py
[2024-12-10T11:43:12.607-0300] {processor.py:840} INFO - DAG(s) 'example_branch_dop_operator_v3' retrieved from /home/beatriz/Documentos/airflow/airflow_venv/lib/python3.10/site-packages/airflow/example_dags/example_branch_python_dop_operator_3.py
[2024-12-10T11:43:12.618-0300] {logging_mixin.py:188} INFO - [2024-12-10T11:43:12.618-0300] {dag.py:3096} INFO - Sync 1 DAGs
[2024-12-10T11:43:12.636-0300] {logging_mixin.py:188} INFO - [2024-12-10T11:43:12.636-0300] {dag.py:3954} INFO - Setting next_dagrun for example_branch_dop_operator_v3 to 2024-12-10 14:42:00+00:00, run_after=2024-12-10 14:43:00+00:00
[2024-12-10T11:43:12.653-0300] {processor.py:183} INFO - Processing /home/beatriz/Documentos/airflow/airflow_venv/lib/python3.10/site-packages/airflow/example_dags/example_branch_python_dop_operator_3.py took 0.060 seconds
[2024-12-10T11:44:38.759-0300] {processor.py:161} INFO - Started process (PID=28369) to work on /home/beatriz/Documentos/airflow/airflow_venv/lib/python3.10/site-packages/airflow/example_dags/example_branch_python_dop_operator_3.py
[2024-12-10T11:44:38.760-0300] {processor.py:830} INFO - Processing file /home/beatriz/Documentos/airflow/airflow_venv/lib/python3.10/site-packages/airflow/example_dags/example_branch_python_dop_operator_3.py for tasks to queue
[2024-12-10T11:44:38.761-0300] {logging_mixin.py:188} INFO - [2024-12-10T11:44:38.761-0300] {dagbag.py:540} INFO - Filling up the DagBag from /home/beatriz/Documentos/airflow/airflow_venv/lib/python3.10/site-packages/airflow/example_dags/example_branch_python_dop_operator_3.py
[2024-12-10T11:44:38.770-0300] {processor.py:840} INFO - DAG(s) 'example_branch_dop_operator_v3' retrieved from /home/beatriz/Documentos/airflow/airflow_venv/lib/python3.10/site-packages/airflow/example_dags/example_branch_python_dop_operator_3.py
[2024-12-10T11:44:38.782-0300] {logging_mixin.py:188} INFO - [2024-12-10T11:44:38.782-0300] {dag.py:3096} INFO - Sync 1 DAGs
[2024-12-10T11:44:38.801-0300] {logging_mixin.py:188} INFO - [2024-12-10T11:44:38.801-0300] {dag.py:3954} INFO - Setting next_dagrun for example_branch_dop_operator_v3 to 2024-12-10 14:43:00+00:00, run_after=2024-12-10 14:44:00+00:00
[2024-12-10T11:44:38.820-0300] {processor.py:183} INFO - Processing /home/beatriz/Documentos/airflow/airflow_venv/lib/python3.10/site-packages/airflow/example_dags/example_branch_python_dop_operator_3.py took 0.066 seconds
[2024-12-10T11:45:35.276-0300] {processor.py:161} INFO - Started process (PID=28790) to work on /home/beatriz/Documentos/airflow/airflow_venv/lib/python3.10/site-packages/airflow/example_dags/example_branch_python_dop_operator_3.py
[2024-12-10T11:45:35.277-0300] {processor.py:830} INFO - Processing file /home/beatriz/Documentos/airflow/airflow_venv/lib/python3.10/site-packages/airflow/example_dags/example_branch_python_dop_operator_3.py for tasks to queue
[2024-12-10T11:45:35.278-0300] {logging_mixin.py:188} INFO - [2024-12-10T11:45:35.278-0300] {dagbag.py:540} INFO - Filling up the DagBag from /home/beatriz/Documentos/airflow/airflow_venv/lib/python3.10/site-packages/airflow/example_dags/example_branch_python_dop_operator_3.py
[2024-12-10T11:45:35.285-0300] {processor.py:840} INFO - DAG(s) 'example_branch_dop_operator_v3' retrieved from /home/beatriz/Documentos/airflow/airflow_venv/lib/python3.10/site-packages/airflow/example_dags/example_branch_python_dop_operator_3.py
[2024-12-10T11:45:35.297-0300] {logging_mixin.py:188} INFO - [2024-12-10T11:45:35.297-0300] {dag.py:3096} INFO - Sync 1 DAGs
[2024-12-10T11:45:35.315-0300] {logging_mixin.py:188} INFO - [2024-12-10T11:45:35.315-0300] {dag.py:3954} INFO - Setting next_dagrun for example_branch_dop_operator_v3 to 2024-12-10 14:44:00+00:00, run_after=2024-12-10 14:45:00+00:00
[2024-12-10T11:45:35.333-0300] {processor.py:183} INFO - Processing /home/beatriz/Documentos/airflow/airflow_venv/lib/python3.10/site-packages/airflow/example_dags/example_branch_python_dop_operator_3.py took 0.062 seconds
[2024-12-10T11:46:31.544-0300] {processor.py:161} INFO - Started process (PID=29322) to work on /home/beatriz/Documentos/airflow/airflow_venv/lib/python3.10/site-packages/airflow/example_dags/example_branch_python_dop_operator_3.py
[2024-12-10T11:46:31.546-0300] {processor.py:830} INFO - Processing file /home/beatriz/Documentos/airflow/airflow_venv/lib/python3.10/site-packages/airflow/example_dags/example_branch_python_dop_operator_3.py for tasks to queue
[2024-12-10T11:46:31.550-0300] {logging_mixin.py:188} INFO - [2024-12-10T11:46:31.549-0300] {dagbag.py:540} INFO - Filling up the DagBag from /home/beatriz/Documentos/airflow/airflow_venv/lib/python3.10/site-packages/airflow/example_dags/example_branch_python_dop_operator_3.py
[2024-12-10T11:46:31.563-0300] {processor.py:840} INFO - DAG(s) 'example_branch_dop_operator_v3' retrieved from /home/beatriz/Documentos/airflow/airflow_venv/lib/python3.10/site-packages/airflow/example_dags/example_branch_python_dop_operator_3.py
[2024-12-10T11:46:31.577-0300] {logging_mixin.py:188} INFO - [2024-12-10T11:46:31.577-0300] {dag.py:3096} INFO - Sync 1 DAGs
[2024-12-10T11:46:31.596-0300] {logging_mixin.py:188} INFO - [2024-12-10T11:46:31.596-0300] {dag.py:3954} INFO - Setting next_dagrun for example_branch_dop_operator_v3 to 2024-12-10 14:45:00+00:00, run_after=2024-12-10 14:46:00+00:00
[2024-12-10T11:46:31.615-0300] {processor.py:183} INFO - Processing /home/beatriz/Documentos/airflow/airflow_venv/lib/python3.10/site-packages/airflow/example_dags/example_branch_python_dop_operator_3.py took 0.086 seconds
[2024-12-10T11:49:19.160-0300] {processor.py:161} INFO - Started process (PID=30941) to work on /home/beatriz/Documentos/airflow/airflow_venv/lib/python3.10/site-packages/airflow/example_dags/example_branch_python_dop_operator_3.py
[2024-12-10T11:49:19.161-0300] {processor.py:830} INFO - Processing file /home/beatriz/Documentos/airflow/airflow_venv/lib/python3.10/site-packages/airflow/example_dags/example_branch_python_dop_operator_3.py for tasks to queue
[2024-12-10T11:49:19.161-0300] {logging_mixin.py:188} INFO - [2024-12-10T11:49:19.161-0300] {dagbag.py:540} INFO - Filling up the DagBag from /home/beatriz/Documentos/airflow/airflow_venv/lib/python3.10/site-packages/airflow/example_dags/example_branch_python_dop_operator_3.py
[2024-12-10T11:49:19.169-0300] {processor.py:840} INFO - DAG(s) 'example_branch_dop_operator_v3' retrieved from /home/beatriz/Documentos/airflow/airflow_venv/lib/python3.10/site-packages/airflow/example_dags/example_branch_python_dop_operator_3.py
[2024-12-10T11:49:19.181-0300] {logging_mixin.py:188} INFO - [2024-12-10T11:49:19.181-0300] {dag.py:3096} INFO - Sync 1 DAGs
[2024-12-10T11:49:19.197-0300] {logging_mixin.py:188} INFO - [2024-12-10T11:49:19.197-0300] {dag.py:3954} INFO - Setting next_dagrun for example_branch_dop_operator_v3 to 2024-12-10 14:48:00+00:00, run_after=2024-12-10 14:49:00+00:00
[2024-12-10T11:49:19.214-0300] {processor.py:183} INFO - Processing /home/beatriz/Documentos/airflow/airflow_venv/lib/python3.10/site-packages/airflow/example_dags/example_branch_python_dop_operator_3.py took 0.058 seconds
[2024-12-10T11:50:18.288-0300] {processor.py:161} INFO - Started process (PID=31360) to work on /home/beatriz/Documentos/airflow/airflow_venv/lib/python3.10/site-packages/airflow/example_dags/example_branch_python_dop_operator_3.py
[2024-12-10T11:50:18.290-0300] {processor.py:830} INFO - Processing file /home/beatriz/Documentos/airflow/airflow_venv/lib/python3.10/site-packages/airflow/example_dags/example_branch_python_dop_operator_3.py for tasks to queue
[2024-12-10T11:50:18.291-0300] {logging_mixin.py:188} INFO - [2024-12-10T11:50:18.290-0300] {dagbag.py:540} INFO - Filling up the DagBag from /home/beatriz/Documentos/airflow/airflow_venv/lib/python3.10/site-packages/airflow/example_dags/example_branch_python_dop_operator_3.py
[2024-12-10T11:50:18.300-0300] {processor.py:840} INFO - DAG(s) 'example_branch_dop_operator_v3' retrieved from /home/beatriz/Documentos/airflow/airflow_venv/lib/python3.10/site-packages/airflow/example_dags/example_branch_python_dop_operator_3.py
[2024-12-10T11:50:18.316-0300] {logging_mixin.py:188} INFO - [2024-12-10T11:50:18.316-0300] {dag.py:3096} INFO - Sync 1 DAGs
[2024-12-10T11:50:18.334-0300] {logging_mixin.py:188} INFO - [2024-12-10T11:50:18.334-0300] {dag.py:3954} INFO - Setting next_dagrun for example_branch_dop_operator_v3 to 2024-12-10 14:49:00+00:00, run_after=2024-12-10 14:50:00+00:00
[2024-12-10T11:50:18.351-0300] {processor.py:183} INFO - Processing /home/beatriz/Documentos/airflow/airflow_venv/lib/python3.10/site-packages/airflow/example_dags/example_branch_python_dop_operator_3.py took 0.069 seconds
[2024-12-10T11:51:17.137-0300] {processor.py:161} INFO - Started process (PID=31765) to work on /home/beatriz/Documentos/airflow/airflow_venv/lib/python3.10/site-packages/airflow/example_dags/example_branch_python_dop_operator_3.py
[2024-12-10T11:51:17.138-0300] {processor.py:830} INFO - Processing file /home/beatriz/Documentos/airflow/airflow_venv/lib/python3.10/site-packages/airflow/example_dags/example_branch_python_dop_operator_3.py for tasks to queue
[2024-12-10T11:51:17.138-0300] {logging_mixin.py:188} INFO - [2024-12-10T11:51:17.138-0300] {dagbag.py:540} INFO - Filling up the DagBag from /home/beatriz/Documentos/airflow/airflow_venv/lib/python3.10/site-packages/airflow/example_dags/example_branch_python_dop_operator_3.py
[2024-12-10T11:51:17.144-0300] {processor.py:840} INFO - DAG(s) 'example_branch_dop_operator_v3' retrieved from /home/beatriz/Documentos/airflow/airflow_venv/lib/python3.10/site-packages/airflow/example_dags/example_branch_python_dop_operator_3.py
[2024-12-10T11:51:17.156-0300] {logging_mixin.py:188} INFO - [2024-12-10T11:51:17.155-0300] {dag.py:3096} INFO - Sync 1 DAGs
[2024-12-10T11:51:17.172-0300] {logging_mixin.py:188} INFO - [2024-12-10T11:51:17.172-0300] {dag.py:3954} INFO - Setting next_dagrun for example_branch_dop_operator_v3 to 2024-12-10 14:50:00+00:00, run_after=2024-12-10 14:51:00+00:00
[2024-12-10T11:51:17.189-0300] {processor.py:183} INFO - Processing /home/beatriz/Documentos/airflow/airflow_venv/lib/python3.10/site-packages/airflow/example_dags/example_branch_python_dop_operator_3.py took 0.056 seconds
[2024-12-10T11:52:14.395-0300] {processor.py:161} INFO - Started process (PID=32233) to work on /home/beatriz/Documentos/airflow/airflow_venv/lib/python3.10/site-packages/airflow/example_dags/example_branch_python_dop_operator_3.py
[2024-12-10T11:52:14.397-0300] {processor.py:830} INFO - Processing file /home/beatriz/Documentos/airflow/airflow_venv/lib/python3.10/site-packages/airflow/example_dags/example_branch_python_dop_operator_3.py for tasks to queue
[2024-12-10T11:52:14.398-0300] {logging_mixin.py:188} INFO - [2024-12-10T11:52:14.398-0300] {dagbag.py:540} INFO - Filling up the DagBag from /home/beatriz/Documentos/airflow/airflow_venv/lib/python3.10/site-packages/airflow/example_dags/example_branch_python_dop_operator_3.py
[2024-12-10T11:52:14.404-0300] {processor.py:840} INFO - DAG(s) 'example_branch_dop_operator_v3' retrieved from /home/beatriz/Documentos/airflow/airflow_venv/lib/python3.10/site-packages/airflow/example_dags/example_branch_python_dop_operator_3.py
[2024-12-10T11:52:14.416-0300] {logging_mixin.py:188} INFO - [2024-12-10T11:52:14.416-0300] {dag.py:3096} INFO - Sync 1 DAGs
[2024-12-10T11:52:14.432-0300] {logging_mixin.py:188} INFO - [2024-12-10T11:52:14.432-0300] {dag.py:3954} INFO - Setting next_dagrun for example_branch_dop_operator_v3 to 2024-12-10 14:51:00+00:00, run_after=2024-12-10 14:52:00+00:00
[2024-12-10T11:52:14.449-0300] {processor.py:183} INFO - Processing /home/beatriz/Documentos/airflow/airflow_venv/lib/python3.10/site-packages/airflow/example_dags/example_branch_python_dop_operator_3.py took 0.059 seconds
[2024-12-10T11:53:11.271-0300] {processor.py:161} INFO - Started process (PID=32732) to work on /home/beatriz/Documentos/airflow/airflow_venv/lib/python3.10/site-packages/airflow/example_dags/example_branch_python_dop_operator_3.py
[2024-12-10T11:53:11.273-0300] {processor.py:830} INFO - Processing file /home/beatriz/Documentos/airflow/airflow_venv/lib/python3.10/site-packages/airflow/example_dags/example_branch_python_dop_operator_3.py for tasks to queue
[2024-12-10T11:53:11.274-0300] {logging_mixin.py:188} INFO - [2024-12-10T11:53:11.273-0300] {dagbag.py:540} INFO - Filling up the DagBag from /home/beatriz/Documentos/airflow/airflow_venv/lib/python3.10/site-packages/airflow/example_dags/example_branch_python_dop_operator_3.py
[2024-12-10T11:53:11.293-0300] {processor.py:840} INFO - DAG(s) 'example_branch_dop_operator_v3' retrieved from /home/beatriz/Documentos/airflow/airflow_venv/lib/python3.10/site-packages/airflow/example_dags/example_branch_python_dop_operator_3.py
[2024-12-10T11:53:11.318-0300] {logging_mixin.py:188} INFO - [2024-12-10T11:53:11.318-0300] {dag.py:3096} INFO - Sync 1 DAGs
[2024-12-10T11:53:11.348-0300] {logging_mixin.py:188} INFO - [2024-12-10T11:53:11.348-0300] {dag.py:3954} INFO - Setting next_dagrun for example_branch_dop_operator_v3 to 2024-12-10 14:52:00+00:00, run_after=2024-12-10 14:53:00+00:00
[2024-12-10T11:53:11.386-0300] {processor.py:183} INFO - Processing /home/beatriz/Documentos/airflow/airflow_venv/lib/python3.10/site-packages/airflow/example_dags/example_branch_python_dop_operator_3.py took 0.126 seconds
[2024-12-10T11:55:55.334-0300] {processor.py:161} INFO - Started process (PID=34606) to work on /home/beatriz/Documentos/airflow/airflow_venv/lib/python3.10/site-packages/airflow/example_dags/example_branch_python_dop_operator_3.py
[2024-12-10T11:55:55.334-0300] {processor.py:830} INFO - Processing file /home/beatriz/Documentos/airflow/airflow_venv/lib/python3.10/site-packages/airflow/example_dags/example_branch_python_dop_operator_3.py for tasks to queue
[2024-12-10T11:55:55.335-0300] {logging_mixin.py:188} INFO - [2024-12-10T11:55:55.335-0300] {dagbag.py:540} INFO - Filling up the DagBag from /home/beatriz/Documentos/airflow/airflow_venv/lib/python3.10/site-packages/airflow/example_dags/example_branch_python_dop_operator_3.py
[2024-12-10T11:55:55.342-0300] {processor.py:840} INFO - DAG(s) 'example_branch_dop_operator_v3' retrieved from /home/beatriz/Documentos/airflow/airflow_venv/lib/python3.10/site-packages/airflow/example_dags/example_branch_python_dop_operator_3.py
[2024-12-10T11:55:55.354-0300] {logging_mixin.py:188} INFO - [2024-12-10T11:55:55.354-0300] {dag.py:3096} INFO - Sync 1 DAGs
[2024-12-10T11:55:55.371-0300] {logging_mixin.py:188} INFO - [2024-12-10T11:55:55.370-0300] {dag.py:3954} INFO - Setting next_dagrun for example_branch_dop_operator_v3 to 2024-12-10 14:54:00+00:00, run_after=2024-12-10 14:55:00+00:00
[2024-12-10T11:55:55.388-0300] {processor.py:183} INFO - Processing /home/beatriz/Documentos/airflow/airflow_venv/lib/python3.10/site-packages/airflow/example_dags/example_branch_python_dop_operator_3.py took 0.059 seconds
[2024-12-10T11:56:53.153-0300] {processor.py:161} INFO - Started process (PID=35136) to work on /home/beatriz/Documentos/airflow/airflow_venv/lib/python3.10/site-packages/airflow/example_dags/example_branch_python_dop_operator_3.py
[2024-12-10T11:56:53.155-0300] {processor.py:830} INFO - Processing file /home/beatriz/Documentos/airflow/airflow_venv/lib/python3.10/site-packages/airflow/example_dags/example_branch_python_dop_operator_3.py for tasks to queue
[2024-12-10T11:56:53.156-0300] {logging_mixin.py:188} INFO - [2024-12-10T11:56:53.156-0300] {dagbag.py:540} INFO - Filling up the DagBag from /home/beatriz/Documentos/airflow/airflow_venv/lib/python3.10/site-packages/airflow/example_dags/example_branch_python_dop_operator_3.py
[2024-12-10T11:56:53.169-0300] {processor.py:840} INFO - DAG(s) 'example_branch_dop_operator_v3' retrieved from /home/beatriz/Documentos/airflow/airflow_venv/lib/python3.10/site-packages/airflow/example_dags/example_branch_python_dop_operator_3.py
[2024-12-10T11:56:53.184-0300] {logging_mixin.py:188} INFO - [2024-12-10T11:56:53.184-0300] {dag.py:3096} INFO - Sync 1 DAGs
[2024-12-10T11:56:53.200-0300] {logging_mixin.py:188} INFO - [2024-12-10T11:56:53.200-0300] {dag.py:3954} INFO - Setting next_dagrun for example_branch_dop_operator_v3 to 2024-12-10 14:55:00+00:00, run_after=2024-12-10 14:56:00+00:00
[2024-12-10T11:56:53.217-0300] {processor.py:183} INFO - Processing /home/beatriz/Documentos/airflow/airflow_venv/lib/python3.10/site-packages/airflow/example_dags/example_branch_python_dop_operator_3.py took 0.075 seconds
[2024-12-10T11:57:52.120-0300] {processor.py:161} INFO - Started process (PID=35559) to work on /home/beatriz/Documentos/airflow/airflow_venv/lib/python3.10/site-packages/airflow/example_dags/example_branch_python_dop_operator_3.py
[2024-12-10T11:57:52.122-0300] {processor.py:830} INFO - Processing file /home/beatriz/Documentos/airflow/airflow_venv/lib/python3.10/site-packages/airflow/example_dags/example_branch_python_dop_operator_3.py for tasks to queue
[2024-12-10T11:57:52.123-0300] {logging_mixin.py:188} INFO - [2024-12-10T11:57:52.122-0300] {dagbag.py:540} INFO - Filling up the DagBag from /home/beatriz/Documentos/airflow/airflow_venv/lib/python3.10/site-packages/airflow/example_dags/example_branch_python_dop_operator_3.py
[2024-12-10T11:57:52.135-0300] {processor.py:840} INFO - DAG(s) 'example_branch_dop_operator_v3' retrieved from /home/beatriz/Documentos/airflow/airflow_venv/lib/python3.10/site-packages/airflow/example_dags/example_branch_python_dop_operator_3.py
[2024-12-10T11:57:52.150-0300] {logging_mixin.py:188} INFO - [2024-12-10T11:57:52.149-0300] {dag.py:3096} INFO - Sync 1 DAGs
[2024-12-10T11:57:52.168-0300] {logging_mixin.py:188} INFO - [2024-12-10T11:57:52.168-0300] {dag.py:3954} INFO - Setting next_dagrun for example_branch_dop_operator_v3 to 2024-12-10 14:56:00+00:00, run_after=2024-12-10 14:57:00+00:00
[2024-12-10T11:57:52.188-0300] {processor.py:183} INFO - Processing /home/beatriz/Documentos/airflow/airflow_venv/lib/python3.10/site-packages/airflow/example_dags/example_branch_python_dop_operator_3.py took 0.082 seconds
[2024-12-10T11:58:53.249-0300] {processor.py:161} INFO - Started process (PID=35976) to work on /home/beatriz/Documentos/airflow/airflow_venv/lib/python3.10/site-packages/airflow/example_dags/example_branch_python_dop_operator_3.py
[2024-12-10T11:58:53.251-0300] {processor.py:830} INFO - Processing file /home/beatriz/Documentos/airflow/airflow_venv/lib/python3.10/site-packages/airflow/example_dags/example_branch_python_dop_operator_3.py for tasks to queue
[2024-12-10T11:58:53.253-0300] {logging_mixin.py:188} INFO - [2024-12-10T11:58:53.252-0300] {dagbag.py:540} INFO - Filling up the DagBag from /home/beatriz/Documentos/airflow/airflow_venv/lib/python3.10/site-packages/airflow/example_dags/example_branch_python_dop_operator_3.py
[2024-12-10T11:58:53.264-0300] {processor.py:840} INFO - DAG(s) 'example_branch_dop_operator_v3' retrieved from /home/beatriz/Documentos/airflow/airflow_venv/lib/python3.10/site-packages/airflow/example_dags/example_branch_python_dop_operator_3.py
[2024-12-10T11:58:53.282-0300] {logging_mixin.py:188} INFO - [2024-12-10T11:58:53.282-0300] {dag.py:3096} INFO - Sync 1 DAGs
[2024-12-10T11:58:53.304-0300] {logging_mixin.py:188} INFO - [2024-12-10T11:58:53.304-0300] {dag.py:3954} INFO - Setting next_dagrun for example_branch_dop_operator_v3 to 2024-12-10 14:57:00+00:00, run_after=2024-12-10 14:58:00+00:00
[2024-12-10T11:58:53.328-0300] {processor.py:183} INFO - Processing /home/beatriz/Documentos/airflow/airflow_venv/lib/python3.10/site-packages/airflow/example_dags/example_branch_python_dop_operator_3.py took 0.093 seconds
[2024-12-10T12:01:02.362-0300] {processor.py:161} INFO - Started process (PID=36765) to work on /home/beatriz/Documentos/airflow/airflow_venv/lib/python3.10/site-packages/airflow/example_dags/example_branch_python_dop_operator_3.py
[2024-12-10T12:01:02.363-0300] {processor.py:830} INFO - Processing file /home/beatriz/Documentos/airflow/airflow_venv/lib/python3.10/site-packages/airflow/example_dags/example_branch_python_dop_operator_3.py for tasks to queue
[2024-12-10T12:01:02.364-0300] {logging_mixin.py:188} INFO - [2024-12-10T12:01:02.363-0300] {dagbag.py:540} INFO - Filling up the DagBag from /home/beatriz/Documentos/airflow/airflow_venv/lib/python3.10/site-packages/airflow/example_dags/example_branch_python_dop_operator_3.py
[2024-12-10T12:01:02.370-0300] {processor.py:840} INFO - DAG(s) 'example_branch_dop_operator_v3' retrieved from /home/beatriz/Documentos/airflow/airflow_venv/lib/python3.10/site-packages/airflow/example_dags/example_branch_python_dop_operator_3.py
[2024-12-10T12:01:02.381-0300] {logging_mixin.py:188} INFO - [2024-12-10T12:01:02.381-0300] {dag.py:3096} INFO - Sync 1 DAGs
[2024-12-10T12:01:02.400-0300] {logging_mixin.py:188} INFO - [2024-12-10T12:01:02.400-0300] {dag.py:3954} INFO - Setting next_dagrun for example_branch_dop_operator_v3 to 2024-12-10 15:00:00+00:00, run_after=2024-12-10 15:01:00+00:00
[2024-12-10T12:01:02.417-0300] {processor.py:183} INFO - Processing /home/beatriz/Documentos/airflow/airflow_venv/lib/python3.10/site-packages/airflow/example_dags/example_branch_python_dop_operator_3.py took 0.060 seconds
[2024-12-10T12:02:00.916-0300] {processor.py:161} INFO - Started process (PID=37258) to work on /home/beatriz/Documentos/airflow/airflow_venv/lib/python3.10/site-packages/airflow/example_dags/example_branch_python_dop_operator_3.py
[2024-12-10T12:02:00.917-0300] {processor.py:830} INFO - Processing file /home/beatriz/Documentos/airflow/airflow_venv/lib/python3.10/site-packages/airflow/example_dags/example_branch_python_dop_operator_3.py for tasks to queue
[2024-12-10T12:02:00.917-0300] {logging_mixin.py:188} INFO - [2024-12-10T12:02:00.917-0300] {dagbag.py:540} INFO - Filling up the DagBag from /home/beatriz/Documentos/airflow/airflow_venv/lib/python3.10/site-packages/airflow/example_dags/example_branch_python_dop_operator_3.py
[2024-12-10T12:02:00.923-0300] {processor.py:840} INFO - DAG(s) 'example_branch_dop_operator_v3' retrieved from /home/beatriz/Documentos/airflow/airflow_venv/lib/python3.10/site-packages/airflow/example_dags/example_branch_python_dop_operator_3.py
[2024-12-10T12:02:00.935-0300] {logging_mixin.py:188} INFO - [2024-12-10T12:02:00.935-0300] {dag.py:3096} INFO - Sync 1 DAGs
[2024-12-10T12:02:00.952-0300] {logging_mixin.py:188} INFO - [2024-12-10T12:02:00.951-0300] {dag.py:3954} INFO - Setting next_dagrun for example_branch_dop_operator_v3 to 2024-12-10 15:01:00+00:00, run_after=2024-12-10 15:02:00+00:00
[2024-12-10T12:02:00.968-0300] {processor.py:183} INFO - Processing /home/beatriz/Documentos/airflow/airflow_venv/lib/python3.10/site-packages/airflow/example_dags/example_branch_python_dop_operator_3.py took 0.057 seconds
[2024-12-10T13:34:50.547-0300] {processor.py:161} INFO - Started process (PID=40425) to work on /home/beatriz/Documentos/airflow/airflow_venv/lib/python3.10/site-packages/airflow/example_dags/example_branch_python_dop_operator_3.py
[2024-12-10T13:34:50.548-0300] {processor.py:830} INFO - Processing file /home/beatriz/Documentos/airflow/airflow_venv/lib/python3.10/site-packages/airflow/example_dags/example_branch_python_dop_operator_3.py for tasks to queue
[2024-12-10T13:34:50.549-0300] {logging_mixin.py:188} INFO - [2024-12-10T13:34:50.549-0300] {dagbag.py:540} INFO - Filling up the DagBag from /home/beatriz/Documentos/airflow/airflow_venv/lib/python3.10/site-packages/airflow/example_dags/example_branch_python_dop_operator_3.py
[2024-12-10T13:34:50.558-0300] {processor.py:840} INFO - DAG(s) 'example_branch_dop_operator_v3' retrieved from /home/beatriz/Documentos/airflow/airflow_venv/lib/python3.10/site-packages/airflow/example_dags/example_branch_python_dop_operator_3.py
[2024-12-10T13:34:50.636-0300] {logging_mixin.py:188} INFO - [2024-12-10T13:34:50.636-0300] {dag.py:3096} INFO - Sync 1 DAGs
[2024-12-10T13:34:50.656-0300] {logging_mixin.py:188} INFO - [2024-12-10T13:34:50.656-0300] {dag.py:3954} INFO - Setting next_dagrun for example_branch_dop_operator_v3 to 2024-12-10 16:33:00+00:00, run_after=2024-12-10 16:34:00+00:00
[2024-12-10T13:34:50.678-0300] {processor.py:183} INFO - Processing /home/beatriz/Documentos/airflow/airflow_venv/lib/python3.10/site-packages/airflow/example_dags/example_branch_python_dop_operator_3.py took 0.136 seconds
[2024-12-10T13:36:21.060-0300] {processor.py:161} INFO - Started process (PID=41729) to work on /home/beatriz/Documentos/airflow/airflow_venv/lib/python3.10/site-packages/airflow/example_dags/example_branch_python_dop_operator_3.py
[2024-12-10T13:36:21.061-0300] {processor.py:830} INFO - Processing file /home/beatriz/Documentos/airflow/airflow_venv/lib/python3.10/site-packages/airflow/example_dags/example_branch_python_dop_operator_3.py for tasks to queue
[2024-12-10T13:36:21.064-0300] {logging_mixin.py:188} INFO - [2024-12-10T13:36:21.064-0300] {dagbag.py:540} INFO - Filling up the DagBag from /home/beatriz/Documentos/airflow/airflow_venv/lib/python3.10/site-packages/airflow/example_dags/example_branch_python_dop_operator_3.py
[2024-12-10T13:36:21.080-0300] {processor.py:840} INFO - DAG(s) 'example_branch_dop_operator_v3' retrieved from /home/beatriz/Documentos/airflow/airflow_venv/lib/python3.10/site-packages/airflow/example_dags/example_branch_python_dop_operator_3.py
[2024-12-10T13:36:21.095-0300] {logging_mixin.py:188} INFO - [2024-12-10T13:36:21.094-0300] {dag.py:3096} INFO - Sync 1 DAGs
[2024-12-10T13:36:21.114-0300] {logging_mixin.py:188} INFO - [2024-12-10T13:36:21.114-0300] {dag.py:3954} INFO - Setting next_dagrun for example_branch_dop_operator_v3 to 2024-12-10 16:35:00+00:00, run_after=2024-12-10 16:36:00+00:00
[2024-12-10T13:36:21.135-0300] {processor.py:183} INFO - Processing /home/beatriz/Documentos/airflow/airflow_venv/lib/python3.10/site-packages/airflow/example_dags/example_branch_python_dop_operator_3.py took 0.085 seconds
[2024-12-10T13:37:25.016-0300] {processor.py:161} INFO - Started process (PID=42388) to work on /home/beatriz/Documentos/airflow/airflow_venv/lib/python3.10/site-packages/airflow/example_dags/example_branch_python_dop_operator_3.py
[2024-12-10T13:37:25.018-0300] {processor.py:830} INFO - Processing file /home/beatriz/Documentos/airflow/airflow_venv/lib/python3.10/site-packages/airflow/example_dags/example_branch_python_dop_operator_3.py for tasks to queue
[2024-12-10T13:37:25.021-0300] {logging_mixin.py:188} INFO - [2024-12-10T13:37:25.020-0300] {dagbag.py:540} INFO - Filling up the DagBag from /home/beatriz/Documentos/airflow/airflow_venv/lib/python3.10/site-packages/airflow/example_dags/example_branch_python_dop_operator_3.py
[2024-12-10T13:37:25.035-0300] {processor.py:840} INFO - DAG(s) 'example_branch_dop_operator_v3' retrieved from /home/beatriz/Documentos/airflow/airflow_venv/lib/python3.10/site-packages/airflow/example_dags/example_branch_python_dop_operator_3.py
[2024-12-10T13:37:25.050-0300] {logging_mixin.py:188} INFO - [2024-12-10T13:37:25.050-0300] {dag.py:3096} INFO - Sync 1 DAGs
[2024-12-10T13:37:25.212-0300] {logging_mixin.py:188} INFO - [2024-12-10T13:37:25.212-0300] {dag.py:3954} INFO - Setting next_dagrun for example_branch_dop_operator_v3 to 2024-12-10 16:36:00+00:00, run_after=2024-12-10 16:37:00+00:00
[2024-12-10T13:37:25.233-0300] {processor.py:183} INFO - Processing /home/beatriz/Documentos/airflow/airflow_venv/lib/python3.10/site-packages/airflow/example_dags/example_branch_python_dop_operator_3.py took 0.229 seconds
[2024-12-10T13:38:32.733-0300] {processor.py:161} INFO - Started process (PID=43027) to work on /home/beatriz/Documentos/airflow/airflow_venv/lib/python3.10/site-packages/airflow/example_dags/example_branch_python_dop_operator_3.py
[2024-12-10T13:38:32.734-0300] {processor.py:830} INFO - Processing file /home/beatriz/Documentos/airflow/airflow_venv/lib/python3.10/site-packages/airflow/example_dags/example_branch_python_dop_operator_3.py for tasks to queue
[2024-12-10T13:38:32.735-0300] {logging_mixin.py:188} INFO - [2024-12-10T13:38:32.735-0300] {dagbag.py:540} INFO - Filling up the DagBag from /home/beatriz/Documentos/airflow/airflow_venv/lib/python3.10/site-packages/airflow/example_dags/example_branch_python_dop_operator_3.py
[2024-12-10T13:38:32.745-0300] {processor.py:840} INFO - DAG(s) 'example_branch_dop_operator_v3' retrieved from /home/beatriz/Documentos/airflow/airflow_venv/lib/python3.10/site-packages/airflow/example_dags/example_branch_python_dop_operator_3.py
[2024-12-10T13:38:32.759-0300] {logging_mixin.py:188} INFO - [2024-12-10T13:38:32.759-0300] {dag.py:3096} INFO - Sync 1 DAGs
[2024-12-10T13:38:32.785-0300] {logging_mixin.py:188} INFO - [2024-12-10T13:38:32.785-0300] {dag.py:3954} INFO - Setting next_dagrun for example_branch_dop_operator_v3 to 2024-12-10 16:37:00+00:00, run_after=2024-12-10 16:38:00+00:00
[2024-12-10T13:38:32.821-0300] {processor.py:183} INFO - Processing /home/beatriz/Documentos/airflow/airflow_venv/lib/python3.10/site-packages/airflow/example_dags/example_branch_python_dop_operator_3.py took 0.093 seconds
