[2024-12-10T10:09:35.046-0300] {processor.py:161} INFO - Started process (PID=10401) to work on /home/beatriz/Documentos/airflow/airflow_venv/lib/python3.10/site-packages/airflow/example_dags/example_python_decorator.py
[2024-12-10T10:09:35.047-0300] {processor.py:830} INFO - Processing file /home/beatriz/Documentos/airflow/airflow_venv/lib/python3.10/site-packages/airflow/example_dags/example_python_decorator.py for tasks to queue
[2024-12-10T10:09:35.048-0300] {logging_mixin.py:188} INFO - [2024-12-10T10:09:35.048-0300] {dagbag.py:540} INFO - Filling up the DagBag from /home/beatriz/Documentos/airflow/airflow_venv/lib/python3.10/site-packages/airflow/example_dags/example_python_decorator.py
[2024-12-10T10:09:35.056-0300] {logging_mixin.py:188} INFO - [2024-12-10T10:09:35.055-0300] {example_python_decorator.py:80} WARNING - The virtalenv_python example task requires virtualenv, please install it.
[2024-12-10T10:09:35.056-0300] {processor.py:840} INFO - DAG(s) 'example_python_decorator' retrieved from /home/beatriz/Documentos/airflow/airflow_venv/lib/python3.10/site-packages/airflow/example_dags/example_python_decorator.py
[2024-12-10T10:09:35.126-0300] {logging_mixin.py:188} INFO - [2024-12-10T10:09:35.126-0300] {dag.py:3096} INFO - Sync 1 DAGs
[2024-12-10T10:09:35.133-0300] {logging_mixin.py:188} INFO - [2024-12-10T10:09:35.133-0300] {dag.py:3954} INFO - Setting next_dagrun for example_python_decorator to None, run_after=None
[2024-12-10T10:09:35.149-0300] {processor.py:183} INFO - Processing /home/beatriz/Documentos/airflow/airflow_venv/lib/python3.10/site-packages/airflow/example_dags/example_python_decorator.py took 0.108 seconds
[2024-12-10T10:10:34.176-0300] {processor.py:161} INFO - Started process (PID=11043) to work on /home/beatriz/Documentos/airflow/airflow_venv/lib/python3.10/site-packages/airflow/example_dags/example_python_decorator.py
[2024-12-10T10:10:34.178-0300] {processor.py:830} INFO - Processing file /home/beatriz/Documentos/airflow/airflow_venv/lib/python3.10/site-packages/airflow/example_dags/example_python_decorator.py for tasks to queue
[2024-12-10T10:10:34.180-0300] {logging_mixin.py:188} INFO - [2024-12-10T10:10:34.179-0300] {dagbag.py:540} INFO - Filling up the DagBag from /home/beatriz/Documentos/airflow/airflow_venv/lib/python3.10/site-packages/airflow/example_dags/example_python_decorator.py
[2024-12-10T10:10:34.187-0300] {logging_mixin.py:188} INFO - [2024-12-10T10:10:34.187-0300] {example_python_decorator.py:80} WARNING - The virtalenv_python example task requires virtualenv, please install it.
[2024-12-10T10:10:34.187-0300] {processor.py:840} INFO - DAG(s) 'example_python_decorator' retrieved from /home/beatriz/Documentos/airflow/airflow_venv/lib/python3.10/site-packages/airflow/example_dags/example_python_decorator.py
[2024-12-10T10:10:34.199-0300] {logging_mixin.py:188} INFO - [2024-12-10T10:10:34.199-0300] {dag.py:3096} INFO - Sync 1 DAGs
[2024-12-10T10:10:34.207-0300] {logging_mixin.py:188} INFO - [2024-12-10T10:10:34.207-0300] {dag.py:3954} INFO - Setting next_dagrun for example_python_decorator to None, run_after=None
[2024-12-10T10:10:34.226-0300] {processor.py:183} INFO - Processing /home/beatriz/Documentos/airflow/airflow_venv/lib/python3.10/site-packages/airflow/example_dags/example_python_decorator.py took 0.055 seconds
[2024-12-10T10:11:29.837-0300] {processor.py:161} INFO - Started process (PID=11494) to work on /home/beatriz/Documentos/airflow/airflow_venv/lib/python3.10/site-packages/airflow/example_dags/example_python_decorator.py
[2024-12-10T10:11:29.839-0300] {processor.py:830} INFO - Processing file /home/beatriz/Documentos/airflow/airflow_venv/lib/python3.10/site-packages/airflow/example_dags/example_python_decorator.py for tasks to queue
[2024-12-10T10:11:29.841-0300] {logging_mixin.py:188} INFO - [2024-12-10T10:11:29.840-0300] {dagbag.py:540} INFO - Filling up the DagBag from /home/beatriz/Documentos/airflow/airflow_venv/lib/python3.10/site-packages/airflow/example_dags/example_python_decorator.py
[2024-12-10T10:11:29.848-0300] {logging_mixin.py:188} INFO - [2024-12-10T10:11:29.848-0300] {example_python_decorator.py:80} WARNING - The virtalenv_python example task requires virtualenv, please install it.
[2024-12-10T10:11:29.848-0300] {processor.py:840} INFO - DAG(s) 'example_python_decorator' retrieved from /home/beatriz/Documentos/airflow/airflow_venv/lib/python3.10/site-packages/airflow/example_dags/example_python_decorator.py
[2024-12-10T10:11:29.862-0300] {logging_mixin.py:188} INFO - [2024-12-10T10:11:29.862-0300] {dag.py:3096} INFO - Sync 1 DAGs
[2024-12-10T10:11:29.871-0300] {logging_mixin.py:188} INFO - [2024-12-10T10:11:29.871-0300] {dag.py:3954} INFO - Setting next_dagrun for example_python_decorator to None, run_after=None
[2024-12-10T10:11:29.888-0300] {processor.py:183} INFO - Processing /home/beatriz/Documentos/airflow/airflow_venv/lib/python3.10/site-packages/airflow/example_dags/example_python_decorator.py took 0.055 seconds
[2024-12-10T10:12:24.217-0300] {processor.py:161} INFO - Started process (PID=11940) to work on /home/beatriz/Documentos/airflow/airflow_venv/lib/python3.10/site-packages/airflow/example_dags/example_python_decorator.py
[2024-12-10T10:12:24.220-0300] {processor.py:830} INFO - Processing file /home/beatriz/Documentos/airflow/airflow_venv/lib/python3.10/site-packages/airflow/example_dags/example_python_decorator.py for tasks to queue
[2024-12-10T10:12:24.224-0300] {logging_mixin.py:188} INFO - [2024-12-10T10:12:24.223-0300] {dagbag.py:540} INFO - Filling up the DagBag from /home/beatriz/Documentos/airflow/airflow_venv/lib/python3.10/site-packages/airflow/example_dags/example_python_decorator.py
[2024-12-10T10:12:24.240-0300] {logging_mixin.py:188} INFO - [2024-12-10T10:12:24.240-0300] {example_python_decorator.py:80} WARNING - The virtalenv_python example task requires virtualenv, please install it.
[2024-12-10T10:12:24.241-0300] {processor.py:840} INFO - DAG(s) 'example_python_decorator' retrieved from /home/beatriz/Documentos/airflow/airflow_venv/lib/python3.10/site-packages/airflow/example_dags/example_python_decorator.py
[2024-12-10T10:12:24.257-0300] {logging_mixin.py:188} INFO - [2024-12-10T10:12:24.256-0300] {dag.py:3096} INFO - Sync 1 DAGs
[2024-12-10T10:12:24.265-0300] {logging_mixin.py:188} INFO - [2024-12-10T10:12:24.265-0300] {dag.py:3954} INFO - Setting next_dagrun for example_python_decorator to None, run_after=None
[2024-12-10T10:12:24.282-0300] {processor.py:183} INFO - Processing /home/beatriz/Documentos/airflow/airflow_venv/lib/python3.10/site-packages/airflow/example_dags/example_python_decorator.py took 0.079 seconds
[2024-12-10T10:13:13.392-0300] {processor.py:161} INFO - Started process (PID=12357) to work on /home/beatriz/Documentos/airflow/airflow_venv/lib/python3.10/site-packages/airflow/example_dags/example_python_decorator.py
[2024-12-10T10:13:13.394-0300] {processor.py:830} INFO - Processing file /home/beatriz/Documentos/airflow/airflow_venv/lib/python3.10/site-packages/airflow/example_dags/example_python_decorator.py for tasks to queue
[2024-12-10T10:13:13.397-0300] {logging_mixin.py:188} INFO - [2024-12-10T10:13:13.396-0300] {dagbag.py:540} INFO - Filling up the DagBag from /home/beatriz/Documentos/airflow/airflow_venv/lib/python3.10/site-packages/airflow/example_dags/example_python_decorator.py
[2024-12-10T10:13:13.414-0300] {logging_mixin.py:188} INFO - [2024-12-10T10:13:13.413-0300] {example_python_decorator.py:80} WARNING - The virtalenv_python example task requires virtualenv, please install it.
[2024-12-10T10:13:13.414-0300] {processor.py:840} INFO - DAG(s) 'example_python_decorator' retrieved from /home/beatriz/Documentos/airflow/airflow_venv/lib/python3.10/site-packages/airflow/example_dags/example_python_decorator.py
[2024-12-10T10:13:13.431-0300] {logging_mixin.py:188} INFO - [2024-12-10T10:13:13.431-0300] {dag.py:3096} INFO - Sync 1 DAGs
[2024-12-10T10:13:13.440-0300] {logging_mixin.py:188} INFO - [2024-12-10T10:13:13.440-0300] {dag.py:3954} INFO - Setting next_dagrun for example_python_decorator to None, run_after=None
[2024-12-10T10:13:13.458-0300] {processor.py:183} INFO - Processing /home/beatriz/Documentos/airflow/airflow_venv/lib/python3.10/site-packages/airflow/example_dags/example_python_decorator.py took 0.077 seconds
[2024-12-10T10:14:03.285-0300] {processor.py:161} INFO - Started process (PID=12717) to work on /home/beatriz/Documentos/airflow/airflow_venv/lib/python3.10/site-packages/airflow/example_dags/example_python_decorator.py
[2024-12-10T10:14:03.290-0300] {processor.py:830} INFO - Processing file /home/beatriz/Documentos/airflow/airflow_venv/lib/python3.10/site-packages/airflow/example_dags/example_python_decorator.py for tasks to queue
[2024-12-10T10:14:03.292-0300] {logging_mixin.py:188} INFO - [2024-12-10T10:14:03.292-0300] {dagbag.py:540} INFO - Filling up the DagBag from /home/beatriz/Documentos/airflow/airflow_venv/lib/python3.10/site-packages/airflow/example_dags/example_python_decorator.py
[2024-12-10T10:14:03.304-0300] {logging_mixin.py:188} INFO - [2024-12-10T10:14:03.303-0300] {example_python_decorator.py:80} WARNING - The virtalenv_python example task requires virtualenv, please install it.
[2024-12-10T10:14:03.304-0300] {processor.py:840} INFO - DAG(s) 'example_python_decorator' retrieved from /home/beatriz/Documentos/airflow/airflow_venv/lib/python3.10/site-packages/airflow/example_dags/example_python_decorator.py
[2024-12-10T10:14:03.318-0300] {logging_mixin.py:188} INFO - [2024-12-10T10:14:03.318-0300] {dag.py:3096} INFO - Sync 1 DAGs
[2024-12-10T10:14:03.327-0300] {logging_mixin.py:188} INFO - [2024-12-10T10:14:03.327-0300] {dag.py:3954} INFO - Setting next_dagrun for example_python_decorator to None, run_after=None
[2024-12-10T10:14:03.349-0300] {processor.py:183} INFO - Processing /home/beatriz/Documentos/airflow/airflow_venv/lib/python3.10/site-packages/airflow/example_dags/example_python_decorator.py took 0.081 seconds
[2024-12-10T10:14:52.067-0300] {processor.py:161} INFO - Started process (PID=13249) to work on /home/beatriz/Documentos/airflow/airflow_venv/lib/python3.10/site-packages/airflow/example_dags/example_python_decorator.py
[2024-12-10T10:14:52.068-0300] {processor.py:830} INFO - Processing file /home/beatriz/Documentos/airflow/airflow_venv/lib/python3.10/site-packages/airflow/example_dags/example_python_decorator.py for tasks to queue
[2024-12-10T10:14:52.072-0300] {logging_mixin.py:188} INFO - [2024-12-10T10:14:52.071-0300] {dagbag.py:540} INFO - Filling up the DagBag from /home/beatriz/Documentos/airflow/airflow_venv/lib/python3.10/site-packages/airflow/example_dags/example_python_decorator.py
[2024-12-10T10:14:52.088-0300] {logging_mixin.py:188} INFO - [2024-12-10T10:14:52.088-0300] {example_python_decorator.py:80} WARNING - The virtalenv_python example task requires virtualenv, please install it.
[2024-12-10T10:14:52.089-0300] {processor.py:840} INFO - DAG(s) 'example_python_decorator' retrieved from /home/beatriz/Documentos/airflow/airflow_venv/lib/python3.10/site-packages/airflow/example_dags/example_python_decorator.py
[2024-12-10T10:14:52.105-0300] {logging_mixin.py:188} INFO - [2024-12-10T10:14:52.104-0300] {dag.py:3096} INFO - Sync 1 DAGs
[2024-12-10T10:14:52.113-0300] {logging_mixin.py:188} INFO - [2024-12-10T10:14:52.113-0300] {dag.py:3954} INFO - Setting next_dagrun for example_python_decorator to None, run_after=None
[2024-12-10T10:14:52.130-0300] {processor.py:183} INFO - Processing /home/beatriz/Documentos/airflow/airflow_venv/lib/python3.10/site-packages/airflow/example_dags/example_python_decorator.py took 0.076 seconds
[2024-12-10T10:15:42.362-0300] {processor.py:161} INFO - Started process (PID=13682) to work on /home/beatriz/Documentos/airflow/airflow_venv/lib/python3.10/site-packages/airflow/example_dags/example_python_decorator.py
[2024-12-10T10:15:42.365-0300] {processor.py:830} INFO - Processing file /home/beatriz/Documentos/airflow/airflow_venv/lib/python3.10/site-packages/airflow/example_dags/example_python_decorator.py for tasks to queue
[2024-12-10T10:15:42.369-0300] {logging_mixin.py:188} INFO - [2024-12-10T10:15:42.368-0300] {dagbag.py:540} INFO - Filling up the DagBag from /home/beatriz/Documentos/airflow/airflow_venv/lib/python3.10/site-packages/airflow/example_dags/example_python_decorator.py
[2024-12-10T10:15:42.385-0300] {logging_mixin.py:188} INFO - [2024-12-10T10:15:42.385-0300] {example_python_decorator.py:80} WARNING - The virtalenv_python example task requires virtualenv, please install it.
[2024-12-10T10:15:42.386-0300] {processor.py:840} INFO - DAG(s) 'example_python_decorator' retrieved from /home/beatriz/Documentos/airflow/airflow_venv/lib/python3.10/site-packages/airflow/example_dags/example_python_decorator.py
[2024-12-10T10:15:42.402-0300] {logging_mixin.py:188} INFO - [2024-12-10T10:15:42.402-0300] {dag.py:3096} INFO - Sync 1 DAGs
[2024-12-10T10:15:42.411-0300] {logging_mixin.py:188} INFO - [2024-12-10T10:15:42.411-0300] {dag.py:3954} INFO - Setting next_dagrun for example_python_decorator to None, run_after=None
[2024-12-10T10:15:42.428-0300] {processor.py:183} INFO - Processing /home/beatriz/Documentos/airflow/airflow_venv/lib/python3.10/site-packages/airflow/example_dags/example_python_decorator.py took 0.076 seconds
[2024-12-10T10:16:32.400-0300] {processor.py:161} INFO - Started process (PID=14123) to work on /home/beatriz/Documentos/airflow/airflow_venv/lib/python3.10/site-packages/airflow/example_dags/example_python_decorator.py
[2024-12-10T10:16:32.403-0300] {processor.py:830} INFO - Processing file /home/beatriz/Documentos/airflow/airflow_venv/lib/python3.10/site-packages/airflow/example_dags/example_python_decorator.py for tasks to queue
[2024-12-10T10:16:32.407-0300] {logging_mixin.py:188} INFO - [2024-12-10T10:16:32.406-0300] {dagbag.py:540} INFO - Filling up the DagBag from /home/beatriz/Documentos/airflow/airflow_venv/lib/python3.10/site-packages/airflow/example_dags/example_python_decorator.py
[2024-12-10T10:16:32.419-0300] {logging_mixin.py:188} INFO - [2024-12-10T10:16:32.419-0300] {example_python_decorator.py:80} WARNING - The virtalenv_python example task requires virtualenv, please install it.
[2024-12-10T10:16:32.420-0300] {processor.py:840} INFO - DAG(s) 'example_python_decorator' retrieved from /home/beatriz/Documentos/airflow/airflow_venv/lib/python3.10/site-packages/airflow/example_dags/example_python_decorator.py
[2024-12-10T10:16:32.434-0300] {logging_mixin.py:188} INFO - [2024-12-10T10:16:32.434-0300] {dag.py:3096} INFO - Sync 1 DAGs
[2024-12-10T10:16:32.443-0300] {logging_mixin.py:188} INFO - [2024-12-10T10:16:32.443-0300] {dag.py:3954} INFO - Setting next_dagrun for example_python_decorator to None, run_after=None
[2024-12-10T10:16:32.460-0300] {processor.py:183} INFO - Processing /home/beatriz/Documentos/airflow/airflow_venv/lib/python3.10/site-packages/airflow/example_dags/example_python_decorator.py took 0.075 seconds
[2024-12-10T10:17:26.159-0300] {processor.py:161} INFO - Started process (PID=14530) to work on /home/beatriz/Documentos/airflow/airflow_venv/lib/python3.10/site-packages/airflow/example_dags/example_python_decorator.py
[2024-12-10T10:17:26.161-0300] {processor.py:830} INFO - Processing file /home/beatriz/Documentos/airflow/airflow_venv/lib/python3.10/site-packages/airflow/example_dags/example_python_decorator.py for tasks to queue
[2024-12-10T10:17:26.162-0300] {logging_mixin.py:188} INFO - [2024-12-10T10:17:26.162-0300] {dagbag.py:540} INFO - Filling up the DagBag from /home/beatriz/Documentos/airflow/airflow_venv/lib/python3.10/site-packages/airflow/example_dags/example_python_decorator.py
[2024-12-10T10:17:26.169-0300] {logging_mixin.py:188} INFO - [2024-12-10T10:17:26.169-0300] {example_python_decorator.py:80} WARNING - The virtalenv_python example task requires virtualenv, please install it.
[2024-12-10T10:17:26.170-0300] {processor.py:840} INFO - DAG(s) 'example_python_decorator' retrieved from /home/beatriz/Documentos/airflow/airflow_venv/lib/python3.10/site-packages/airflow/example_dags/example_python_decorator.py
[2024-12-10T10:17:26.182-0300] {logging_mixin.py:188} INFO - [2024-12-10T10:17:26.182-0300] {dag.py:3096} INFO - Sync 1 DAGs
[2024-12-10T10:17:26.191-0300] {logging_mixin.py:188} INFO - [2024-12-10T10:17:26.191-0300] {dag.py:3954} INFO - Setting next_dagrun for example_python_decorator to None, run_after=None
[2024-12-10T10:17:26.209-0300] {processor.py:183} INFO - Processing /home/beatriz/Documentos/airflow/airflow_venv/lib/python3.10/site-packages/airflow/example_dags/example_python_decorator.py took 0.054 seconds
[2024-12-10T10:18:17.951-0300] {processor.py:161} INFO - Started process (PID=15007) to work on /home/beatriz/Documentos/airflow/airflow_venv/lib/python3.10/site-packages/airflow/example_dags/example_python_decorator.py
[2024-12-10T10:18:17.954-0300] {processor.py:830} INFO - Processing file /home/beatriz/Documentos/airflow/airflow_venv/lib/python3.10/site-packages/airflow/example_dags/example_python_decorator.py for tasks to queue
[2024-12-10T10:18:17.958-0300] {logging_mixin.py:188} INFO - [2024-12-10T10:18:17.957-0300] {dagbag.py:540} INFO - Filling up the DagBag from /home/beatriz/Documentos/airflow/airflow_venv/lib/python3.10/site-packages/airflow/example_dags/example_python_decorator.py
[2024-12-10T10:18:17.973-0300] {logging_mixin.py:188} INFO - [2024-12-10T10:18:17.973-0300] {example_python_decorator.py:80} WARNING - The virtalenv_python example task requires virtualenv, please install it.
[2024-12-10T10:18:17.974-0300] {processor.py:840} INFO - DAG(s) 'example_python_decorator' retrieved from /home/beatriz/Documentos/airflow/airflow_venv/lib/python3.10/site-packages/airflow/example_dags/example_python_decorator.py
[2024-12-10T10:18:17.990-0300] {logging_mixin.py:188} INFO - [2024-12-10T10:18:17.990-0300] {dag.py:3096} INFO - Sync 1 DAGs
[2024-12-10T10:18:17.999-0300] {logging_mixin.py:188} INFO - [2024-12-10T10:18:17.999-0300] {dag.py:3954} INFO - Setting next_dagrun for example_python_decorator to None, run_after=None
[2024-12-10T10:18:18.018-0300] {processor.py:183} INFO - Processing /home/beatriz/Documentos/airflow/airflow_venv/lib/python3.10/site-packages/airflow/example_dags/example_python_decorator.py took 0.081 seconds
[2024-12-10T10:19:08.128-0300] {processor.py:161} INFO - Started process (PID=15557) to work on /home/beatriz/Documentos/airflow/airflow_venv/lib/python3.10/site-packages/airflow/example_dags/example_python_decorator.py
[2024-12-10T10:19:08.129-0300] {processor.py:830} INFO - Processing file /home/beatriz/Documentos/airflow/airflow_venv/lib/python3.10/site-packages/airflow/example_dags/example_python_decorator.py for tasks to queue
[2024-12-10T10:19:08.131-0300] {logging_mixin.py:188} INFO - [2024-12-10T10:19:08.131-0300] {dagbag.py:540} INFO - Filling up the DagBag from /home/beatriz/Documentos/airflow/airflow_venv/lib/python3.10/site-packages/airflow/example_dags/example_python_decorator.py
[2024-12-10T10:19:08.141-0300] {logging_mixin.py:188} INFO - [2024-12-10T10:19:08.141-0300] {example_python_decorator.py:80} WARNING - The virtalenv_python example task requires virtualenv, please install it.
[2024-12-10T10:19:08.141-0300] {processor.py:840} INFO - DAG(s) 'example_python_decorator' retrieved from /home/beatriz/Documentos/airflow/airflow_venv/lib/python3.10/site-packages/airflow/example_dags/example_python_decorator.py
[2024-12-10T10:19:08.154-0300] {logging_mixin.py:188} INFO - [2024-12-10T10:19:08.153-0300] {dag.py:3096} INFO - Sync 1 DAGs
[2024-12-10T10:19:08.162-0300] {logging_mixin.py:188} INFO - [2024-12-10T10:19:08.162-0300] {dag.py:3954} INFO - Setting next_dagrun for example_python_decorator to None, run_after=None
[2024-12-10T10:19:08.179-0300] {processor.py:183} INFO - Processing /home/beatriz/Documentos/airflow/airflow_venv/lib/python3.10/site-packages/airflow/example_dags/example_python_decorator.py took 0.057 seconds
[2024-12-10T11:01:22.125-0300] {processor.py:161} INFO - Started process (PID=19581) to work on /home/beatriz/Documentos/airflow/airflow_venv/lib/python3.10/site-packages/airflow/example_dags/example_python_decorator.py
[2024-12-10T11:01:22.125-0300] {processor.py:830} INFO - Processing file /home/beatriz/Documentos/airflow/airflow_venv/lib/python3.10/site-packages/airflow/example_dags/example_python_decorator.py for tasks to queue
[2024-12-10T11:01:22.127-0300] {logging_mixin.py:188} INFO - [2024-12-10T11:01:22.127-0300] {dagbag.py:540} INFO - Filling up the DagBag from /home/beatriz/Documentos/airflow/airflow_venv/lib/python3.10/site-packages/airflow/example_dags/example_python_decorator.py
[2024-12-10T11:01:22.136-0300] {logging_mixin.py:188} INFO - [2024-12-10T11:01:22.136-0300] {example_python_decorator.py:80} WARNING - The virtalenv_python example task requires virtualenv, please install it.
[2024-12-10T11:01:22.136-0300] {processor.py:840} INFO - DAG(s) 'example_python_decorator' retrieved from /home/beatriz/Documentos/airflow/airflow_venv/lib/python3.10/site-packages/airflow/example_dags/example_python_decorator.py
[2024-12-10T11:01:22.220-0300] {logging_mixin.py:188} INFO - [2024-12-10T11:01:22.220-0300] {dag.py:3096} INFO - Sync 1 DAGs
[2024-12-10T11:01:22.228-0300] {logging_mixin.py:188} INFO - [2024-12-10T11:01:22.228-0300] {dag.py:3954} INFO - Setting next_dagrun for example_python_decorator to None, run_after=None
[2024-12-10T11:01:22.250-0300] {processor.py:183} INFO - Processing /home/beatriz/Documentos/airflow/airflow_venv/lib/python3.10/site-packages/airflow/example_dags/example_python_decorator.py took 0.130 seconds
[2024-12-10T11:02:21.243-0300] {processor.py:161} INFO - Started process (PID=20095) to work on /home/beatriz/Documentos/airflow/airflow_venv/lib/python3.10/site-packages/airflow/example_dags/example_python_decorator.py
[2024-12-10T11:02:21.244-0300] {processor.py:830} INFO - Processing file /home/beatriz/Documentos/airflow/airflow_venv/lib/python3.10/site-packages/airflow/example_dags/example_python_decorator.py for tasks to queue
[2024-12-10T11:02:21.245-0300] {logging_mixin.py:188} INFO - [2024-12-10T11:02:21.245-0300] {dagbag.py:540} INFO - Filling up the DagBag from /home/beatriz/Documentos/airflow/airflow_venv/lib/python3.10/site-packages/airflow/example_dags/example_python_decorator.py
[2024-12-10T11:02:21.253-0300] {logging_mixin.py:188} INFO - [2024-12-10T11:02:21.253-0300] {example_python_decorator.py:80} WARNING - The virtalenv_python example task requires virtualenv, please install it.
[2024-12-10T11:02:21.254-0300] {processor.py:840} INFO - DAG(s) 'example_python_decorator' retrieved from /home/beatriz/Documentos/airflow/airflow_venv/lib/python3.10/site-packages/airflow/example_dags/example_python_decorator.py
[2024-12-10T11:02:21.267-0300] {logging_mixin.py:188} INFO - [2024-12-10T11:02:21.267-0300] {dag.py:3096} INFO - Sync 1 DAGs
[2024-12-10T11:02:21.276-0300] {logging_mixin.py:188} INFO - [2024-12-10T11:02:21.275-0300] {dag.py:3954} INFO - Setting next_dagrun for example_python_decorator to None, run_after=None
[2024-12-10T11:02:21.295-0300] {processor.py:183} INFO - Processing /home/beatriz/Documentos/airflow/airflow_venv/lib/python3.10/site-packages/airflow/example_dags/example_python_decorator.py took 0.057 seconds
[2024-12-10T11:03:16.997-0300] {processor.py:161} INFO - Started process (PID=20530) to work on /home/beatriz/Documentos/airflow/airflow_venv/lib/python3.10/site-packages/airflow/example_dags/example_python_decorator.py
[2024-12-10T11:03:16.999-0300] {processor.py:830} INFO - Processing file /home/beatriz/Documentos/airflow/airflow_venv/lib/python3.10/site-packages/airflow/example_dags/example_python_decorator.py for tasks to queue
[2024-12-10T11:03:17.001-0300] {logging_mixin.py:188} INFO - [2024-12-10T11:03:17.000-0300] {dagbag.py:540} INFO - Filling up the DagBag from /home/beatriz/Documentos/airflow/airflow_venv/lib/python3.10/site-packages/airflow/example_dags/example_python_decorator.py
[2024-12-10T11:03:17.008-0300] {logging_mixin.py:188} INFO - [2024-12-10T11:03:17.008-0300] {example_python_decorator.py:80} WARNING - The virtalenv_python example task requires virtualenv, please install it.
[2024-12-10T11:03:17.008-0300] {processor.py:840} INFO - DAG(s) 'example_python_decorator' retrieved from /home/beatriz/Documentos/airflow/airflow_venv/lib/python3.10/site-packages/airflow/example_dags/example_python_decorator.py
[2024-12-10T11:03:17.022-0300] {logging_mixin.py:188} INFO - [2024-12-10T11:03:17.022-0300] {dag.py:3096} INFO - Sync 1 DAGs
[2024-12-10T11:03:17.033-0300] {logging_mixin.py:188} INFO - [2024-12-10T11:03:17.032-0300] {dag.py:3954} INFO - Setting next_dagrun for example_python_decorator to None, run_after=None
[2024-12-10T11:03:17.051-0300] {processor.py:183} INFO - Processing /home/beatriz/Documentos/airflow/airflow_venv/lib/python3.10/site-packages/airflow/example_dags/example_python_decorator.py took 0.059 seconds
[2024-12-10T11:37:12.069-0300] {processor.py:161} INFO - Started process (PID=24828) to work on /home/beatriz/Documentos/airflow/airflow_venv/lib/python3.10/site-packages/airflow/example_dags/example_python_decorator.py
[2024-12-10T11:37:12.070-0300] {processor.py:830} INFO - Processing file /home/beatriz/Documentos/airflow/airflow_venv/lib/python3.10/site-packages/airflow/example_dags/example_python_decorator.py for tasks to queue
[2024-12-10T11:37:12.073-0300] {logging_mixin.py:188} INFO - [2024-12-10T11:37:12.072-0300] {dagbag.py:540} INFO - Filling up the DagBag from /home/beatriz/Documentos/airflow/airflow_venv/lib/python3.10/site-packages/airflow/example_dags/example_python_decorator.py
[2024-12-10T11:37:12.090-0300] {logging_mixin.py:188} INFO - [2024-12-10T11:37:12.090-0300] {example_python_decorator.py:80} WARNING - The virtalenv_python example task requires virtualenv, please install it.
[2024-12-10T11:37:12.091-0300] {processor.py:840} INFO - DAG(s) 'example_python_decorator' retrieved from /home/beatriz/Documentos/airflow/airflow_venv/lib/python3.10/site-packages/airflow/example_dags/example_python_decorator.py
[2024-12-10T11:37:12.169-0300] {logging_mixin.py:188} INFO - [2024-12-10T11:37:12.169-0300] {dag.py:3096} INFO - Sync 1 DAGs
[2024-12-10T11:37:12.176-0300] {logging_mixin.py:188} INFO - [2024-12-10T11:37:12.176-0300] {dag.py:3954} INFO - Setting next_dagrun for example_python_decorator to None, run_after=None
[2024-12-10T11:37:12.194-0300] {processor.py:183} INFO - Processing /home/beatriz/Documentos/airflow/airflow_venv/lib/python3.10/site-packages/airflow/example_dags/example_python_decorator.py took 0.136 seconds
[2024-12-10T11:38:13.492-0300] {processor.py:161} INFO - Started process (PID=25194) to work on /home/beatriz/Documentos/airflow/airflow_venv/lib/python3.10/site-packages/airflow/example_dags/example_python_decorator.py
[2024-12-10T11:38:13.493-0300] {processor.py:830} INFO - Processing file /home/beatriz/Documentos/airflow/airflow_venv/lib/python3.10/site-packages/airflow/example_dags/example_python_decorator.py for tasks to queue
[2024-12-10T11:38:13.494-0300] {logging_mixin.py:188} INFO - [2024-12-10T11:38:13.494-0300] {dagbag.py:540} INFO - Filling up the DagBag from /home/beatriz/Documentos/airflow/airflow_venv/lib/python3.10/site-packages/airflow/example_dags/example_python_decorator.py
[2024-12-10T11:38:13.501-0300] {logging_mixin.py:188} INFO - [2024-12-10T11:38:13.501-0300] {example_python_decorator.py:80} WARNING - The virtalenv_python example task requires virtualenv, please install it.
[2024-12-10T11:38:13.502-0300] {processor.py:840} INFO - DAG(s) 'example_python_decorator' retrieved from /home/beatriz/Documentos/airflow/airflow_venv/lib/python3.10/site-packages/airflow/example_dags/example_python_decorator.py
[2024-12-10T11:38:13.516-0300] {logging_mixin.py:188} INFO - [2024-12-10T11:38:13.515-0300] {dag.py:3096} INFO - Sync 1 DAGs
[2024-12-10T11:38:13.525-0300] {logging_mixin.py:188} INFO - [2024-12-10T11:38:13.524-0300] {dag.py:3954} INFO - Setting next_dagrun for example_python_decorator to None, run_after=None
[2024-12-10T11:38:13.543-0300] {processor.py:183} INFO - Processing /home/beatriz/Documentos/airflow/airflow_venv/lib/python3.10/site-packages/airflow/example_dags/example_python_decorator.py took 0.056 seconds
[2024-12-10T11:39:11.390-0300] {processor.py:161} INFO - Started process (PID=25549) to work on /home/beatriz/Documentos/airflow/airflow_venv/lib/python3.10/site-packages/airflow/example_dags/example_python_decorator.py
[2024-12-10T11:39:11.391-0300] {processor.py:830} INFO - Processing file /home/beatriz/Documentos/airflow/airflow_venv/lib/python3.10/site-packages/airflow/example_dags/example_python_decorator.py for tasks to queue
[2024-12-10T11:39:11.392-0300] {logging_mixin.py:188} INFO - [2024-12-10T11:39:11.392-0300] {dagbag.py:540} INFO - Filling up the DagBag from /home/beatriz/Documentos/airflow/airflow_venv/lib/python3.10/site-packages/airflow/example_dags/example_python_decorator.py
[2024-12-10T11:39:11.400-0300] {logging_mixin.py:188} INFO - [2024-12-10T11:39:11.400-0300] {example_python_decorator.py:80} WARNING - The virtalenv_python example task requires virtualenv, please install it.
[2024-12-10T11:39:11.400-0300] {processor.py:840} INFO - DAG(s) 'example_python_decorator' retrieved from /home/beatriz/Documentos/airflow/airflow_venv/lib/python3.10/site-packages/airflow/example_dags/example_python_decorator.py
[2024-12-10T11:39:11.414-0300] {logging_mixin.py:188} INFO - [2024-12-10T11:39:11.414-0300] {dag.py:3096} INFO - Sync 1 DAGs
[2024-12-10T11:39:11.423-0300] {logging_mixin.py:188} INFO - [2024-12-10T11:39:11.423-0300] {dag.py:3954} INFO - Setting next_dagrun for example_python_decorator to None, run_after=None
[2024-12-10T11:39:11.451-0300] {processor.py:183} INFO - Processing /home/beatriz/Documentos/airflow/airflow_venv/lib/python3.10/site-packages/airflow/example_dags/example_python_decorator.py took 0.066 seconds
[2024-12-10T11:40:07.941-0300] {processor.py:161} INFO - Started process (PID=25939) to work on /home/beatriz/Documentos/airflow/airflow_venv/lib/python3.10/site-packages/airflow/example_dags/example_python_decorator.py
[2024-12-10T11:40:07.948-0300] {processor.py:830} INFO - Processing file /home/beatriz/Documentos/airflow/airflow_venv/lib/python3.10/site-packages/airflow/example_dags/example_python_decorator.py for tasks to queue
[2024-12-10T11:40:07.952-0300] {logging_mixin.py:188} INFO - [2024-12-10T11:40:07.951-0300] {dagbag.py:540} INFO - Filling up the DagBag from /home/beatriz/Documentos/airflow/airflow_venv/lib/python3.10/site-packages/airflow/example_dags/example_python_decorator.py
[2024-12-10T11:40:07.972-0300] {logging_mixin.py:188} INFO - [2024-12-10T11:40:07.972-0300] {example_python_decorator.py:80} WARNING - The virtalenv_python example task requires virtualenv, please install it.
[2024-12-10T11:40:07.973-0300] {processor.py:840} INFO - DAG(s) 'example_python_decorator' retrieved from /home/beatriz/Documentos/airflow/airflow_venv/lib/python3.10/site-packages/airflow/example_dags/example_python_decorator.py
[2024-12-10T11:40:07.989-0300] {logging_mixin.py:188} INFO - [2024-12-10T11:40:07.989-0300] {dag.py:3096} INFO - Sync 1 DAGs
[2024-12-10T11:40:07.998-0300] {logging_mixin.py:188} INFO - [2024-12-10T11:40:07.998-0300] {dag.py:3954} INFO - Setting next_dagrun for example_python_decorator to None, run_after=None
[2024-12-10T11:40:08.021-0300] {processor.py:183} INFO - Processing /home/beatriz/Documentos/airflow/airflow_venv/lib/python3.10/site-packages/airflow/example_dags/example_python_decorator.py took 0.093 seconds
[2024-12-10T11:41:04.484-0300] {processor.py:161} INFO - Started process (PID=26364) to work on /home/beatriz/Documentos/airflow/airflow_venv/lib/python3.10/site-packages/airflow/example_dags/example_python_decorator.py
[2024-12-10T11:41:04.487-0300] {processor.py:830} INFO - Processing file /home/beatriz/Documentos/airflow/airflow_venv/lib/python3.10/site-packages/airflow/example_dags/example_python_decorator.py for tasks to queue
[2024-12-10T11:41:04.491-0300] {logging_mixin.py:188} INFO - [2024-12-10T11:41:04.490-0300] {dagbag.py:540} INFO - Filling up the DagBag from /home/beatriz/Documentos/airflow/airflow_venv/lib/python3.10/site-packages/airflow/example_dags/example_python_decorator.py
[2024-12-10T11:41:04.507-0300] {logging_mixin.py:188} INFO - [2024-12-10T11:41:04.507-0300] {example_python_decorator.py:80} WARNING - The virtalenv_python example task requires virtualenv, please install it.
[2024-12-10T11:41:04.508-0300] {processor.py:840} INFO - DAG(s) 'example_python_decorator' retrieved from /home/beatriz/Documentos/airflow/airflow_venv/lib/python3.10/site-packages/airflow/example_dags/example_python_decorator.py
[2024-12-10T11:41:04.525-0300] {logging_mixin.py:188} INFO - [2024-12-10T11:41:04.524-0300] {dag.py:3096} INFO - Sync 1 DAGs
[2024-12-10T11:41:04.539-0300] {logging_mixin.py:188} INFO - [2024-12-10T11:41:04.538-0300] {dag.py:3954} INFO - Setting next_dagrun for example_python_decorator to None, run_after=None
[2024-12-10T11:41:04.592-0300] {processor.py:183} INFO - Processing /home/beatriz/Documentos/airflow/airflow_venv/lib/python3.10/site-packages/airflow/example_dags/example_python_decorator.py took 0.119 seconds
[2024-12-10T11:42:02.353-0300] {processor.py:161} INFO - Started process (PID=26773) to work on /home/beatriz/Documentos/airflow/airflow_venv/lib/python3.10/site-packages/airflow/example_dags/example_python_decorator.py
[2024-12-10T11:42:02.355-0300] {processor.py:830} INFO - Processing file /home/beatriz/Documentos/airflow/airflow_venv/lib/python3.10/site-packages/airflow/example_dags/example_python_decorator.py for tasks to queue
[2024-12-10T11:42:02.359-0300] {logging_mixin.py:188} INFO - [2024-12-10T11:42:02.358-0300] {dagbag.py:540} INFO - Filling up the DagBag from /home/beatriz/Documentos/airflow/airflow_venv/lib/python3.10/site-packages/airflow/example_dags/example_python_decorator.py
[2024-12-10T11:42:02.371-0300] {logging_mixin.py:188} INFO - [2024-12-10T11:42:02.370-0300] {example_python_decorator.py:80} WARNING - The virtalenv_python example task requires virtualenv, please install it.
[2024-12-10T11:42:02.371-0300] {processor.py:840} INFO - DAG(s) 'example_python_decorator' retrieved from /home/beatriz/Documentos/airflow/airflow_venv/lib/python3.10/site-packages/airflow/example_dags/example_python_decorator.py
[2024-12-10T11:42:02.389-0300] {logging_mixin.py:188} INFO - [2024-12-10T11:42:02.389-0300] {dag.py:3096} INFO - Sync 1 DAGs
[2024-12-10T11:42:02.400-0300] {logging_mixin.py:188} INFO - [2024-12-10T11:42:02.400-0300] {dag.py:3954} INFO - Setting next_dagrun for example_python_decorator to None, run_after=None
[2024-12-10T11:42:02.420-0300] {processor.py:183} INFO - Processing /home/beatriz/Documentos/airflow/airflow_venv/lib/python3.10/site-packages/airflow/example_dags/example_python_decorator.py took 0.083 seconds
[2024-12-10T11:42:56.345-0300] {processor.py:161} INFO - Started process (PID=27173) to work on /home/beatriz/Documentos/airflow/airflow_venv/lib/python3.10/site-packages/airflow/example_dags/example_python_decorator.py
[2024-12-10T11:42:56.346-0300] {processor.py:830} INFO - Processing file /home/beatriz/Documentos/airflow/airflow_venv/lib/python3.10/site-packages/airflow/example_dags/example_python_decorator.py for tasks to queue
[2024-12-10T11:42:56.347-0300] {logging_mixin.py:188} INFO - [2024-12-10T11:42:56.347-0300] {dagbag.py:540} INFO - Filling up the DagBag from /home/beatriz/Documentos/airflow/airflow_venv/lib/python3.10/site-packages/airflow/example_dags/example_python_decorator.py
[2024-12-10T11:42:56.355-0300] {logging_mixin.py:188} INFO - [2024-12-10T11:42:56.355-0300] {example_python_decorator.py:80} WARNING - The virtalenv_python example task requires virtualenv, please install it.
[2024-12-10T11:42:56.356-0300] {processor.py:840} INFO - DAG(s) 'example_python_decorator' retrieved from /home/beatriz/Documentos/airflow/airflow_venv/lib/python3.10/site-packages/airflow/example_dags/example_python_decorator.py
[2024-12-10T11:42:56.369-0300] {logging_mixin.py:188} INFO - [2024-12-10T11:42:56.369-0300] {dag.py:3096} INFO - Sync 1 DAGs
[2024-12-10T11:42:56.378-0300] {logging_mixin.py:188} INFO - [2024-12-10T11:42:56.378-0300] {dag.py:3954} INFO - Setting next_dagrun for example_python_decorator to None, run_after=None
[2024-12-10T11:42:56.397-0300] {processor.py:183} INFO - Processing /home/beatriz/Documentos/airflow/airflow_venv/lib/python3.10/site-packages/airflow/example_dags/example_python_decorator.py took 0.057 seconds
[2024-12-10T11:43:52.970-0300] {processor.py:161} INFO - Started process (PID=27623) to work on /home/beatriz/Documentos/airflow/airflow_venv/lib/python3.10/site-packages/airflow/example_dags/example_python_decorator.py
[2024-12-10T11:43:52.971-0300] {processor.py:830} INFO - Processing file /home/beatriz/Documentos/airflow/airflow_venv/lib/python3.10/site-packages/airflow/example_dags/example_python_decorator.py for tasks to queue
[2024-12-10T11:43:52.973-0300] {logging_mixin.py:188} INFO - [2024-12-10T11:43:52.972-0300] {dagbag.py:540} INFO - Filling up the DagBag from /home/beatriz/Documentos/airflow/airflow_venv/lib/python3.10/site-packages/airflow/example_dags/example_python_decorator.py
[2024-12-10T11:43:53.006-0300] {logging_mixin.py:188} INFO - [2024-12-10T11:43:53.006-0300] {example_python_decorator.py:80} WARNING - The virtalenv_python example task requires virtualenv, please install it.
[2024-12-10T11:43:53.007-0300] {processor.py:840} INFO - DAG(s) 'example_python_decorator' retrieved from /home/beatriz/Documentos/airflow/airflow_venv/lib/python3.10/site-packages/airflow/example_dags/example_python_decorator.py
[2024-12-10T11:43:53.027-0300] {logging_mixin.py:188} INFO - [2024-12-10T11:43:53.027-0300] {dag.py:3096} INFO - Sync 1 DAGs
[2024-12-10T11:43:53.038-0300] {logging_mixin.py:188} INFO - [2024-12-10T11:43:53.038-0300] {dag.py:3954} INFO - Setting next_dagrun for example_python_decorator to None, run_after=None
[2024-12-10T11:43:53.189-0300] {processor.py:183} INFO - Processing /home/beatriz/Documentos/airflow/airflow_venv/lib/python3.10/site-packages/airflow/example_dags/example_python_decorator.py took 0.224 seconds
[2024-12-10T11:44:49.774-0300] {processor.py:161} INFO - Started process (PID=28450) to work on /home/beatriz/Documentos/airflow/airflow_venv/lib/python3.10/site-packages/airflow/example_dags/example_python_decorator.py
[2024-12-10T11:44:49.776-0300] {processor.py:830} INFO - Processing file /home/beatriz/Documentos/airflow/airflow_venv/lib/python3.10/site-packages/airflow/example_dags/example_python_decorator.py for tasks to queue
[2024-12-10T11:44:49.779-0300] {logging_mixin.py:188} INFO - [2024-12-10T11:44:49.778-0300] {dagbag.py:540} INFO - Filling up the DagBag from /home/beatriz/Documentos/airflow/airflow_venv/lib/python3.10/site-packages/airflow/example_dags/example_python_decorator.py
[2024-12-10T11:44:49.794-0300] {logging_mixin.py:188} INFO - [2024-12-10T11:44:49.794-0300] {example_python_decorator.py:80} WARNING - The virtalenv_python example task requires virtualenv, please install it.
[2024-12-10T11:44:49.795-0300] {processor.py:840} INFO - DAG(s) 'example_python_decorator' retrieved from /home/beatriz/Documentos/airflow/airflow_venv/lib/python3.10/site-packages/airflow/example_dags/example_python_decorator.py
[2024-12-10T11:44:49.810-0300] {logging_mixin.py:188} INFO - [2024-12-10T11:44:49.810-0300] {dag.py:3096} INFO - Sync 1 DAGs
[2024-12-10T11:44:49.819-0300] {logging_mixin.py:188} INFO - [2024-12-10T11:44:49.819-0300] {dag.py:3954} INFO - Setting next_dagrun for example_python_decorator to None, run_after=None
[2024-12-10T11:44:49.837-0300] {processor.py:183} INFO - Processing /home/beatriz/Documentos/airflow/airflow_venv/lib/python3.10/site-packages/airflow/example_dags/example_python_decorator.py took 0.078 seconds
[2024-12-10T11:45:48.439-0300] {processor.py:161} INFO - Started process (PID=28867) to work on /home/beatriz/Documentos/airflow/airflow_venv/lib/python3.10/site-packages/airflow/example_dags/example_python_decorator.py
[2024-12-10T11:45:48.440-0300] {processor.py:830} INFO - Processing file /home/beatriz/Documentos/airflow/airflow_venv/lib/python3.10/site-packages/airflow/example_dags/example_python_decorator.py for tasks to queue
[2024-12-10T11:45:48.442-0300] {logging_mixin.py:188} INFO - [2024-12-10T11:45:48.441-0300] {dagbag.py:540} INFO - Filling up the DagBag from /home/beatriz/Documentos/airflow/airflow_venv/lib/python3.10/site-packages/airflow/example_dags/example_python_decorator.py
[2024-12-10T11:45:48.451-0300] {logging_mixin.py:188} INFO - [2024-12-10T11:45:48.451-0300] {example_python_decorator.py:80} WARNING - The virtalenv_python example task requires virtualenv, please install it.
[2024-12-10T11:45:48.452-0300] {processor.py:840} INFO - DAG(s) 'example_python_decorator' retrieved from /home/beatriz/Documentos/airflow/airflow_venv/lib/python3.10/site-packages/airflow/example_dags/example_python_decorator.py
[2024-12-10T11:45:48.466-0300] {logging_mixin.py:188} INFO - [2024-12-10T11:45:48.466-0300] {dag.py:3096} INFO - Sync 1 DAGs
[2024-12-10T11:45:48.475-0300] {logging_mixin.py:188} INFO - [2024-12-10T11:45:48.475-0300] {dag.py:3954} INFO - Setting next_dagrun for example_python_decorator to None, run_after=None
[2024-12-10T11:45:48.495-0300] {processor.py:183} INFO - Processing /home/beatriz/Documentos/airflow/airflow_venv/lib/python3.10/site-packages/airflow/example_dags/example_python_decorator.py took 0.065 seconds
[2024-12-10T11:46:43.917-0300] {processor.py:161} INFO - Started process (PID=29488) to work on /home/beatriz/Documentos/airflow/airflow_venv/lib/python3.10/site-packages/airflow/example_dags/example_python_decorator.py
[2024-12-10T11:46:43.918-0300] {processor.py:830} INFO - Processing file /home/beatriz/Documentos/airflow/airflow_venv/lib/python3.10/site-packages/airflow/example_dags/example_python_decorator.py for tasks to queue
[2024-12-10T11:46:43.920-0300] {logging_mixin.py:188} INFO - [2024-12-10T11:46:43.920-0300] {dagbag.py:540} INFO - Filling up the DagBag from /home/beatriz/Documentos/airflow/airflow_venv/lib/python3.10/site-packages/airflow/example_dags/example_python_decorator.py
[2024-12-10T11:46:43.928-0300] {logging_mixin.py:188} INFO - [2024-12-10T11:46:43.927-0300] {example_python_decorator.py:80} WARNING - The virtalenv_python example task requires virtualenv, please install it.
[2024-12-10T11:46:43.928-0300] {processor.py:840} INFO - DAG(s) 'example_python_decorator' retrieved from /home/beatriz/Documentos/airflow/airflow_venv/lib/python3.10/site-packages/airflow/example_dags/example_python_decorator.py
[2024-12-10T11:46:43.941-0300] {logging_mixin.py:188} INFO - [2024-12-10T11:46:43.941-0300] {dag.py:3096} INFO - Sync 1 DAGs
[2024-12-10T11:46:43.950-0300] {logging_mixin.py:188} INFO - [2024-12-10T11:46:43.950-0300] {dag.py:3954} INFO - Setting next_dagrun for example_python_decorator to None, run_after=None
[2024-12-10T11:46:43.968-0300] {processor.py:183} INFO - Processing /home/beatriz/Documentos/airflow/airflow_venv/lib/python3.10/site-packages/airflow/example_dags/example_python_decorator.py took 0.056 seconds
[2024-12-10T11:49:02.002-0300] {processor.py:161} INFO - Started process (PID=30899) to work on /home/beatriz/Documentos/airflow/airflow_venv/lib/python3.10/site-packages/airflow/example_dags/example_python_decorator.py
[2024-12-10T11:49:02.002-0300] {processor.py:830} INFO - Processing file /home/beatriz/Documentos/airflow/airflow_venv/lib/python3.10/site-packages/airflow/example_dags/example_python_decorator.py for tasks to queue
[2024-12-10T11:49:02.003-0300] {logging_mixin.py:188} INFO - [2024-12-10T11:49:02.003-0300] {dagbag.py:540} INFO - Filling up the DagBag from /home/beatriz/Documentos/airflow/airflow_venv/lib/python3.10/site-packages/airflow/example_dags/example_python_decorator.py
[2024-12-10T11:49:02.010-0300] {logging_mixin.py:188} INFO - [2024-12-10T11:49:02.010-0300] {example_python_decorator.py:80} WARNING - The virtalenv_python example task requires virtualenv, please install it.
[2024-12-10T11:49:02.011-0300] {processor.py:840} INFO - DAG(s) 'example_python_decorator' retrieved from /home/beatriz/Documentos/airflow/airflow_venv/lib/python3.10/site-packages/airflow/example_dags/example_python_decorator.py
[2024-12-10T11:49:02.026-0300] {logging_mixin.py:188} INFO - [2024-12-10T11:49:02.025-0300] {dag.py:3096} INFO - Sync 1 DAGs
[2024-12-10T11:49:02.034-0300] {logging_mixin.py:188} INFO - [2024-12-10T11:49:02.033-0300] {dag.py:3954} INFO - Setting next_dagrun for example_python_decorator to None, run_after=None
[2024-12-10T11:49:02.051-0300] {processor.py:183} INFO - Processing /home/beatriz/Documentos/airflow/airflow_venv/lib/python3.10/site-packages/airflow/example_dags/example_python_decorator.py took 0.054 seconds
[2024-12-10T11:50:01.095-0300] {processor.py:161} INFO - Started process (PID=31341) to work on /home/beatriz/Documentos/airflow/airflow_venv/lib/python3.10/site-packages/airflow/example_dags/example_python_decorator.py
[2024-12-10T11:50:01.096-0300] {processor.py:830} INFO - Processing file /home/beatriz/Documentos/airflow/airflow_venv/lib/python3.10/site-packages/airflow/example_dags/example_python_decorator.py for tasks to queue
[2024-12-10T11:50:01.096-0300] {logging_mixin.py:188} INFO - [2024-12-10T11:50:01.096-0300] {dagbag.py:540} INFO - Filling up the DagBag from /home/beatriz/Documentos/airflow/airflow_venv/lib/python3.10/site-packages/airflow/example_dags/example_python_decorator.py
[2024-12-10T11:50:01.103-0300] {logging_mixin.py:188} INFO - [2024-12-10T11:50:01.103-0300] {example_python_decorator.py:80} WARNING - The virtalenv_python example task requires virtualenv, please install it.
[2024-12-10T11:50:01.104-0300] {processor.py:840} INFO - DAG(s) 'example_python_decorator' retrieved from /home/beatriz/Documentos/airflow/airflow_venv/lib/python3.10/site-packages/airflow/example_dags/example_python_decorator.py
[2024-12-10T11:50:01.115-0300] {logging_mixin.py:188} INFO - [2024-12-10T11:50:01.115-0300] {dag.py:3096} INFO - Sync 1 DAGs
[2024-12-10T11:50:01.123-0300] {logging_mixin.py:188} INFO - [2024-12-10T11:50:01.122-0300] {dag.py:3954} INFO - Setting next_dagrun for example_python_decorator to None, run_after=None
[2024-12-10T11:50:01.141-0300] {processor.py:183} INFO - Processing /home/beatriz/Documentos/airflow/airflow_venv/lib/python3.10/site-packages/airflow/example_dags/example_python_decorator.py took 0.051 seconds
[2024-12-10T11:51:00.926-0300] {processor.py:161} INFO - Started process (PID=31748) to work on /home/beatriz/Documentos/airflow/airflow_venv/lib/python3.10/site-packages/airflow/example_dags/example_python_decorator.py
[2024-12-10T11:51:00.927-0300] {processor.py:830} INFO - Processing file /home/beatriz/Documentos/airflow/airflow_venv/lib/python3.10/site-packages/airflow/example_dags/example_python_decorator.py for tasks to queue
[2024-12-10T11:51:00.928-0300] {logging_mixin.py:188} INFO - [2024-12-10T11:51:00.928-0300] {dagbag.py:540} INFO - Filling up the DagBag from /home/beatriz/Documentos/airflow/airflow_venv/lib/python3.10/site-packages/airflow/example_dags/example_python_decorator.py
[2024-12-10T11:51:00.935-0300] {logging_mixin.py:188} INFO - [2024-12-10T11:51:00.935-0300] {example_python_decorator.py:80} WARNING - The virtalenv_python example task requires virtualenv, please install it.
[2024-12-10T11:51:00.935-0300] {processor.py:840} INFO - DAG(s) 'example_python_decorator' retrieved from /home/beatriz/Documentos/airflow/airflow_venv/lib/python3.10/site-packages/airflow/example_dags/example_python_decorator.py
[2024-12-10T11:51:00.948-0300] {logging_mixin.py:188} INFO - [2024-12-10T11:51:00.948-0300] {dag.py:3096} INFO - Sync 1 DAGs
[2024-12-10T11:51:00.956-0300] {logging_mixin.py:188} INFO - [2024-12-10T11:51:00.956-0300] {dag.py:3954} INFO - Setting next_dagrun for example_python_decorator to None, run_after=None
[2024-12-10T11:51:00.973-0300] {processor.py:183} INFO - Processing /home/beatriz/Documentos/airflow/airflow_venv/lib/python3.10/site-packages/airflow/example_dags/example_python_decorator.py took 0.052 seconds
[2024-12-10T11:51:57.044-0300] {processor.py:161} INFO - Started process (PID=32213) to work on /home/beatriz/Documentos/airflow/airflow_venv/lib/python3.10/site-packages/airflow/example_dags/example_python_decorator.py
[2024-12-10T11:51:57.045-0300] {processor.py:830} INFO - Processing file /home/beatriz/Documentos/airflow/airflow_venv/lib/python3.10/site-packages/airflow/example_dags/example_python_decorator.py for tasks to queue
[2024-12-10T11:51:57.045-0300] {logging_mixin.py:188} INFO - [2024-12-10T11:51:57.045-0300] {dagbag.py:540} INFO - Filling up the DagBag from /home/beatriz/Documentos/airflow/airflow_venv/lib/python3.10/site-packages/airflow/example_dags/example_python_decorator.py
[2024-12-10T11:51:57.053-0300] {logging_mixin.py:188} INFO - [2024-12-10T11:51:57.052-0300] {example_python_decorator.py:80} WARNING - The virtalenv_python example task requires virtualenv, please install it.
[2024-12-10T11:51:57.053-0300] {processor.py:840} INFO - DAG(s) 'example_python_decorator' retrieved from /home/beatriz/Documentos/airflow/airflow_venv/lib/python3.10/site-packages/airflow/example_dags/example_python_decorator.py
[2024-12-10T11:51:57.066-0300] {logging_mixin.py:188} INFO - [2024-12-10T11:51:57.065-0300] {dag.py:3096} INFO - Sync 1 DAGs
[2024-12-10T11:51:57.074-0300] {logging_mixin.py:188} INFO - [2024-12-10T11:51:57.074-0300] {dag.py:3954} INFO - Setting next_dagrun for example_python_decorator to None, run_after=None
[2024-12-10T11:51:57.091-0300] {processor.py:183} INFO - Processing /home/beatriz/Documentos/airflow/airflow_venv/lib/python3.10/site-packages/airflow/example_dags/example_python_decorator.py took 0.051 seconds
[2024-12-10T11:52:52.991-0300] {processor.py:161} INFO - Started process (PID=32621) to work on /home/beatriz/Documentos/airflow/airflow_venv/lib/python3.10/site-packages/airflow/example_dags/example_python_decorator.py
[2024-12-10T11:52:52.991-0300] {processor.py:830} INFO - Processing file /home/beatriz/Documentos/airflow/airflow_venv/lib/python3.10/site-packages/airflow/example_dags/example_python_decorator.py for tasks to queue
[2024-12-10T11:52:52.992-0300] {logging_mixin.py:188} INFO - [2024-12-10T11:52:52.992-0300] {dagbag.py:540} INFO - Filling up the DagBag from /home/beatriz/Documentos/airflow/airflow_venv/lib/python3.10/site-packages/airflow/example_dags/example_python_decorator.py
[2024-12-10T11:52:52.999-0300] {logging_mixin.py:188} INFO - [2024-12-10T11:52:52.999-0300] {example_python_decorator.py:80} WARNING - The virtalenv_python example task requires virtualenv, please install it.
[2024-12-10T11:52:53.000-0300] {processor.py:840} INFO - DAG(s) 'example_python_decorator' retrieved from /home/beatriz/Documentos/airflow/airflow_venv/lib/python3.10/site-packages/airflow/example_dags/example_python_decorator.py
[2024-12-10T11:52:53.013-0300] {logging_mixin.py:188} INFO - [2024-12-10T11:52:53.013-0300] {dag.py:3096} INFO - Sync 1 DAGs
[2024-12-10T11:52:53.021-0300] {logging_mixin.py:188} INFO - [2024-12-10T11:52:53.021-0300] {dag.py:3954} INFO - Setting next_dagrun for example_python_decorator to None, run_after=None
[2024-12-10T11:52:53.038-0300] {processor.py:183} INFO - Processing /home/beatriz/Documentos/airflow/airflow_venv/lib/python3.10/site-packages/airflow/example_dags/example_python_decorator.py took 0.052 seconds
[2024-12-10T11:55:37.743-0300] {processor.py:161} INFO - Started process (PID=34524) to work on /home/beatriz/Documentos/airflow/airflow_venv/lib/python3.10/site-packages/airflow/example_dags/example_python_decorator.py
[2024-12-10T11:55:37.749-0300] {processor.py:830} INFO - Processing file /home/beatriz/Documentos/airflow/airflow_venv/lib/python3.10/site-packages/airflow/example_dags/example_python_decorator.py for tasks to queue
[2024-12-10T11:55:37.751-0300] {logging_mixin.py:188} INFO - [2024-12-10T11:55:37.750-0300] {dagbag.py:540} INFO - Filling up the DagBag from /home/beatriz/Documentos/airflow/airflow_venv/lib/python3.10/site-packages/airflow/example_dags/example_python_decorator.py
[2024-12-10T11:55:37.761-0300] {logging_mixin.py:188} INFO - [2024-12-10T11:55:37.761-0300] {example_python_decorator.py:80} WARNING - The virtalenv_python example task requires virtualenv, please install it.
[2024-12-10T11:55:37.762-0300] {processor.py:840} INFO - DAG(s) 'example_python_decorator' retrieved from /home/beatriz/Documentos/airflow/airflow_venv/lib/python3.10/site-packages/airflow/example_dags/example_python_decorator.py
[2024-12-10T11:55:37.778-0300] {logging_mixin.py:188} INFO - [2024-12-10T11:55:37.778-0300] {dag.py:3096} INFO - Sync 1 DAGs
[2024-12-10T11:55:37.786-0300] {logging_mixin.py:188} INFO - [2024-12-10T11:55:37.786-0300] {dag.py:3954} INFO - Setting next_dagrun for example_python_decorator to None, run_after=None
[2024-12-10T11:55:37.804-0300] {processor.py:183} INFO - Processing /home/beatriz/Documentos/airflow/airflow_venv/lib/python3.10/site-packages/airflow/example_dags/example_python_decorator.py took 0.066 seconds
[2024-12-10T11:56:37.218-0300] {processor.py:161} INFO - Started process (PID=34991) to work on /home/beatriz/Documentos/airflow/airflow_venv/lib/python3.10/site-packages/airflow/example_dags/example_python_decorator.py
[2024-12-10T11:56:37.219-0300] {processor.py:830} INFO - Processing file /home/beatriz/Documentos/airflow/airflow_venv/lib/python3.10/site-packages/airflow/example_dags/example_python_decorator.py for tasks to queue
[2024-12-10T11:56:37.220-0300] {logging_mixin.py:188} INFO - [2024-12-10T11:56:37.220-0300] {dagbag.py:540} INFO - Filling up the DagBag from /home/beatriz/Documentos/airflow/airflow_venv/lib/python3.10/site-packages/airflow/example_dags/example_python_decorator.py
[2024-12-10T11:56:37.227-0300] {logging_mixin.py:188} INFO - [2024-12-10T11:56:37.227-0300] {example_python_decorator.py:80} WARNING - The virtalenv_python example task requires virtualenv, please install it.
[2024-12-10T11:56:37.228-0300] {processor.py:840} INFO - DAG(s) 'example_python_decorator' retrieved from /home/beatriz/Documentos/airflow/airflow_venv/lib/python3.10/site-packages/airflow/example_dags/example_python_decorator.py
[2024-12-10T11:56:37.241-0300] {logging_mixin.py:188} INFO - [2024-12-10T11:56:37.241-0300] {dag.py:3096} INFO - Sync 1 DAGs
[2024-12-10T11:56:37.249-0300] {logging_mixin.py:188} INFO - [2024-12-10T11:56:37.249-0300] {dag.py:3954} INFO - Setting next_dagrun for example_python_decorator to None, run_after=None
[2024-12-10T11:56:37.266-0300] {processor.py:183} INFO - Processing /home/beatriz/Documentos/airflow/airflow_venv/lib/python3.10/site-packages/airflow/example_dags/example_python_decorator.py took 0.052 seconds
[2024-12-10T11:57:34.933-0300] {processor.py:161} INFO - Started process (PID=35479) to work on /home/beatriz/Documentos/airflow/airflow_venv/lib/python3.10/site-packages/airflow/example_dags/example_python_decorator.py
[2024-12-10T11:57:34.934-0300] {processor.py:830} INFO - Processing file /home/beatriz/Documentos/airflow/airflow_venv/lib/python3.10/site-packages/airflow/example_dags/example_python_decorator.py for tasks to queue
[2024-12-10T11:57:34.935-0300] {logging_mixin.py:188} INFO - [2024-12-10T11:57:34.935-0300] {dagbag.py:540} INFO - Filling up the DagBag from /home/beatriz/Documentos/airflow/airflow_venv/lib/python3.10/site-packages/airflow/example_dags/example_python_decorator.py
[2024-12-10T11:57:34.946-0300] {logging_mixin.py:188} INFO - [2024-12-10T11:57:34.946-0300] {example_python_decorator.py:80} WARNING - The virtalenv_python example task requires virtualenv, please install it.
[2024-12-10T11:57:34.947-0300] {processor.py:840} INFO - DAG(s) 'example_python_decorator' retrieved from /home/beatriz/Documentos/airflow/airflow_venv/lib/python3.10/site-packages/airflow/example_dags/example_python_decorator.py
[2024-12-10T11:57:34.963-0300] {logging_mixin.py:188} INFO - [2024-12-10T11:57:34.963-0300] {dag.py:3096} INFO - Sync 1 DAGs
[2024-12-10T11:57:34.974-0300] {logging_mixin.py:188} INFO - [2024-12-10T11:57:34.974-0300] {dag.py:3954} INFO - Setting next_dagrun for example_python_decorator to None, run_after=None
[2024-12-10T11:57:34.996-0300] {processor.py:183} INFO - Processing /home/beatriz/Documentos/airflow/airflow_venv/lib/python3.10/site-packages/airflow/example_dags/example_python_decorator.py took 0.076 seconds
[2024-12-10T11:58:35.970-0300] {processor.py:161} INFO - Started process (PID=35885) to work on /home/beatriz/Documentos/airflow/airflow_venv/lib/python3.10/site-packages/airflow/example_dags/example_python_decorator.py
[2024-12-10T11:58:35.971-0300] {processor.py:830} INFO - Processing file /home/beatriz/Documentos/airflow/airflow_venv/lib/python3.10/site-packages/airflow/example_dags/example_python_decorator.py for tasks to queue
[2024-12-10T11:58:35.973-0300] {logging_mixin.py:188} INFO - [2024-12-10T11:58:35.972-0300] {dagbag.py:540} INFO - Filling up the DagBag from /home/beatriz/Documentos/airflow/airflow_venv/lib/python3.10/site-packages/airflow/example_dags/example_python_decorator.py
[2024-12-10T11:58:35.986-0300] {logging_mixin.py:188} INFO - [2024-12-10T11:58:35.986-0300] {example_python_decorator.py:80} WARNING - The virtalenv_python example task requires virtualenv, please install it.
[2024-12-10T11:58:35.987-0300] {processor.py:840} INFO - DAG(s) 'example_python_decorator' retrieved from /home/beatriz/Documentos/airflow/airflow_venv/lib/python3.10/site-packages/airflow/example_dags/example_python_decorator.py
[2024-12-10T11:58:36.002-0300] {logging_mixin.py:188} INFO - [2024-12-10T11:58:36.002-0300] {dag.py:3096} INFO - Sync 1 DAGs
[2024-12-10T11:58:36.012-0300] {logging_mixin.py:188} INFO - [2024-12-10T11:58:36.012-0300] {dag.py:3954} INFO - Setting next_dagrun for example_python_decorator to None, run_after=None
[2024-12-10T11:58:36.033-0300] {processor.py:183} INFO - Processing /home/beatriz/Documentos/airflow/airflow_venv/lib/python3.10/site-packages/airflow/example_dags/example_python_decorator.py took 0.072 seconds
[2024-12-10T12:00:45.835-0300] {processor.py:161} INFO - Started process (PID=36747) to work on /home/beatriz/Documentos/airflow/airflow_venv/lib/python3.10/site-packages/airflow/example_dags/example_python_decorator.py
[2024-12-10T12:00:45.836-0300] {processor.py:830} INFO - Processing file /home/beatriz/Documentos/airflow/airflow_venv/lib/python3.10/site-packages/airflow/example_dags/example_python_decorator.py for tasks to queue
[2024-12-10T12:00:45.836-0300] {logging_mixin.py:188} INFO - [2024-12-10T12:00:45.836-0300] {dagbag.py:540} INFO - Filling up the DagBag from /home/beatriz/Documentos/airflow/airflow_venv/lib/python3.10/site-packages/airflow/example_dags/example_python_decorator.py
[2024-12-10T12:00:45.844-0300] {logging_mixin.py:188} INFO - [2024-12-10T12:00:45.843-0300] {example_python_decorator.py:80} WARNING - The virtalenv_python example task requires virtualenv, please install it.
[2024-12-10T12:00:45.844-0300] {processor.py:840} INFO - DAG(s) 'example_python_decorator' retrieved from /home/beatriz/Documentos/airflow/airflow_venv/lib/python3.10/site-packages/airflow/example_dags/example_python_decorator.py
[2024-12-10T12:00:45.857-0300] {logging_mixin.py:188} INFO - [2024-12-10T12:00:45.857-0300] {dag.py:3096} INFO - Sync 1 DAGs
[2024-12-10T12:00:45.865-0300] {logging_mixin.py:188} INFO - [2024-12-10T12:00:45.865-0300] {dag.py:3954} INFO - Setting next_dagrun for example_python_decorator to None, run_after=None
[2024-12-10T12:00:45.882-0300] {processor.py:183} INFO - Processing /home/beatriz/Documentos/airflow/airflow_venv/lib/python3.10/site-packages/airflow/example_dags/example_python_decorator.py took 0.052 seconds
[2024-12-10T12:01:42.786-0300] {processor.py:161} INFO - Started process (PID=37154) to work on /home/beatriz/Documentos/airflow/airflow_venv/lib/python3.10/site-packages/airflow/example_dags/example_python_decorator.py
[2024-12-10T12:01:42.791-0300] {processor.py:830} INFO - Processing file /home/beatriz/Documentos/airflow/airflow_venv/lib/python3.10/site-packages/airflow/example_dags/example_python_decorator.py for tasks to queue
[2024-12-10T12:01:42.792-0300] {logging_mixin.py:188} INFO - [2024-12-10T12:01:42.792-0300] {dagbag.py:540} INFO - Filling up the DagBag from /home/beatriz/Documentos/airflow/airflow_venv/lib/python3.10/site-packages/airflow/example_dags/example_python_decorator.py
[2024-12-10T12:01:42.811-0300] {logging_mixin.py:188} INFO - [2024-12-10T12:01:42.810-0300] {example_python_decorator.py:80} WARNING - The virtalenv_python example task requires virtualenv, please install it.
[2024-12-10T12:01:42.812-0300] {processor.py:840} INFO - DAG(s) 'example_python_decorator' retrieved from /home/beatriz/Documentos/airflow/airflow_venv/lib/python3.10/site-packages/airflow/example_dags/example_python_decorator.py
[2024-12-10T12:01:42.831-0300] {logging_mixin.py:188} INFO - [2024-12-10T12:01:42.831-0300] {dag.py:3096} INFO - Sync 1 DAGs
[2024-12-10T12:01:42.840-0300] {logging_mixin.py:188} INFO - [2024-12-10T12:01:42.839-0300] {dag.py:3954} INFO - Setting next_dagrun for example_python_decorator to None, run_after=None
[2024-12-10T12:01:42.858-0300] {processor.py:183} INFO - Processing /home/beatriz/Documentos/airflow/airflow_venv/lib/python3.10/site-packages/airflow/example_dags/example_python_decorator.py took 0.077 seconds
[2024-12-10T13:34:32.129-0300] {processor.py:161} INFO - Started process (PID=40397) to work on /home/beatriz/Documentos/airflow/airflow_venv/lib/python3.10/site-packages/airflow/example_dags/example_python_decorator.py
[2024-12-10T13:34:32.130-0300] {processor.py:830} INFO - Processing file /home/beatriz/Documentos/airflow/airflow_venv/lib/python3.10/site-packages/airflow/example_dags/example_python_decorator.py for tasks to queue
[2024-12-10T13:34:32.131-0300] {logging_mixin.py:188} INFO - [2024-12-10T13:34:32.131-0300] {dagbag.py:540} INFO - Filling up the DagBag from /home/beatriz/Documentos/airflow/airflow_venv/lib/python3.10/site-packages/airflow/example_dags/example_python_decorator.py
[2024-12-10T13:34:32.139-0300] {logging_mixin.py:188} INFO - [2024-12-10T13:34:32.138-0300] {example_python_decorator.py:80} WARNING - The virtalenv_python example task requires virtualenv, please install it.
[2024-12-10T13:34:32.139-0300] {processor.py:840} INFO - DAG(s) 'example_python_decorator' retrieved from /home/beatriz/Documentos/airflow/airflow_venv/lib/python3.10/site-packages/airflow/example_dags/example_python_decorator.py
[2024-12-10T13:34:32.213-0300] {logging_mixin.py:188} INFO - [2024-12-10T13:34:32.213-0300] {dag.py:3096} INFO - Sync 1 DAGs
[2024-12-10T13:34:32.220-0300] {logging_mixin.py:188} INFO - [2024-12-10T13:34:32.219-0300] {dag.py:3954} INFO - Setting next_dagrun for example_python_decorator to None, run_after=None
[2024-12-10T13:34:32.236-0300] {processor.py:183} INFO - Processing /home/beatriz/Documentos/airflow/airflow_venv/lib/python3.10/site-packages/airflow/example_dags/example_python_decorator.py took 0.113 seconds
[2024-12-10T13:36:02.847-0300] {processor.py:161} INFO - Started process (PID=41638) to work on /home/beatriz/Documentos/airflow/airflow_venv/lib/python3.10/site-packages/airflow/example_dags/example_python_decorator.py
[2024-12-10T13:36:02.848-0300] {processor.py:830} INFO - Processing file /home/beatriz/Documentos/airflow/airflow_venv/lib/python3.10/site-packages/airflow/example_dags/example_python_decorator.py for tasks to queue
[2024-12-10T13:36:02.849-0300] {logging_mixin.py:188} INFO - [2024-12-10T13:36:02.849-0300] {dagbag.py:540} INFO - Filling up the DagBag from /home/beatriz/Documentos/airflow/airflow_venv/lib/python3.10/site-packages/airflow/example_dags/example_python_decorator.py
[2024-12-10T13:36:02.856-0300] {logging_mixin.py:188} INFO - [2024-12-10T13:36:02.856-0300] {example_python_decorator.py:80} WARNING - The virtalenv_python example task requires virtualenv, please install it.
[2024-12-10T13:36:02.857-0300] {processor.py:840} INFO - DAG(s) 'example_python_decorator' retrieved from /home/beatriz/Documentos/airflow/airflow_venv/lib/python3.10/site-packages/airflow/example_dags/example_python_decorator.py
[2024-12-10T13:36:02.870-0300] {logging_mixin.py:188} INFO - [2024-12-10T13:36:02.869-0300] {dag.py:3096} INFO - Sync 1 DAGs
[2024-12-10T13:36:02.878-0300] {logging_mixin.py:188} INFO - [2024-12-10T13:36:02.878-0300] {dag.py:3954} INFO - Setting next_dagrun for example_python_decorator to None, run_after=None
[2024-12-10T13:36:02.897-0300] {processor.py:183} INFO - Processing /home/beatriz/Documentos/airflow/airflow_venv/lib/python3.10/site-packages/airflow/example_dags/example_python_decorator.py took 0.054 seconds
[2024-12-10T13:37:06.110-0300] {processor.py:161} INFO - Started process (PID=42299) to work on /home/beatriz/Documentos/airflow/airflow_venv/lib/python3.10/site-packages/airflow/example_dags/example_python_decorator.py
[2024-12-10T13:37:06.113-0300] {processor.py:830} INFO - Processing file /home/beatriz/Documentos/airflow/airflow_venv/lib/python3.10/site-packages/airflow/example_dags/example_python_decorator.py for tasks to queue
[2024-12-10T13:37:06.116-0300] {logging_mixin.py:188} INFO - [2024-12-10T13:37:06.115-0300] {dagbag.py:540} INFO - Filling up the DagBag from /home/beatriz/Documentos/airflow/airflow_venv/lib/python3.10/site-packages/airflow/example_dags/example_python_decorator.py
[2024-12-10T13:37:06.133-0300] {logging_mixin.py:188} INFO - [2024-12-10T13:37:06.133-0300] {example_python_decorator.py:80} WARNING - The virtalenv_python example task requires virtualenv, please install it.
[2024-12-10T13:37:06.134-0300] {processor.py:840} INFO - DAG(s) 'example_python_decorator' retrieved from /home/beatriz/Documentos/airflow/airflow_venv/lib/python3.10/site-packages/airflow/example_dags/example_python_decorator.py
[2024-12-10T13:37:06.152-0300] {logging_mixin.py:188} INFO - [2024-12-10T13:37:06.152-0300] {dag.py:3096} INFO - Sync 1 DAGs
[2024-12-10T13:37:06.161-0300] {logging_mixin.py:188} INFO - [2024-12-10T13:37:06.160-0300] {dag.py:3954} INFO - Setting next_dagrun for example_python_decorator to None, run_after=None
[2024-12-10T13:37:06.179-0300] {processor.py:183} INFO - Processing /home/beatriz/Documentos/airflow/airflow_venv/lib/python3.10/site-packages/airflow/example_dags/example_python_decorator.py took 0.075 seconds
[2024-12-10T13:38:15.505-0300] {processor.py:161} INFO - Started process (PID=42938) to work on /home/beatriz/Documentos/airflow/airflow_venv/lib/python3.10/site-packages/airflow/example_dags/example_python_decorator.py
[2024-12-10T13:38:15.506-0300] {processor.py:830} INFO - Processing file /home/beatriz/Documentos/airflow/airflow_venv/lib/python3.10/site-packages/airflow/example_dags/example_python_decorator.py for tasks to queue
[2024-12-10T13:38:15.507-0300] {logging_mixin.py:188} INFO - [2024-12-10T13:38:15.507-0300] {dagbag.py:540} INFO - Filling up the DagBag from /home/beatriz/Documentos/airflow/airflow_venv/lib/python3.10/site-packages/airflow/example_dags/example_python_decorator.py
[2024-12-10T13:38:15.516-0300] {logging_mixin.py:188} INFO - [2024-12-10T13:38:15.515-0300] {example_python_decorator.py:80} WARNING - The virtalenv_python example task requires virtualenv, please install it.
[2024-12-10T13:38:15.516-0300] {processor.py:840} INFO - DAG(s) 'example_python_decorator' retrieved from /home/beatriz/Documentos/airflow/airflow_venv/lib/python3.10/site-packages/airflow/example_dags/example_python_decorator.py
[2024-12-10T13:38:15.650-0300] {logging_mixin.py:188} INFO - [2024-12-10T13:38:15.650-0300] {dag.py:3096} INFO - Sync 1 DAGs
[2024-12-10T13:38:15.664-0300] {logging_mixin.py:188} INFO - [2024-12-10T13:38:15.663-0300] {dag.py:3954} INFO - Setting next_dagrun for example_python_decorator to None, run_after=None
[2024-12-10T13:38:15.686-0300] {processor.py:183} INFO - Processing /home/beatriz/Documentos/airflow/airflow_venv/lib/python3.10/site-packages/airflow/example_dags/example_python_decorator.py took 0.188 seconds
[2024-12-10T13:39:11.747-0300] {processor.py:161} INFO - Started process (PID=43389) to work on /home/beatriz/Documentos/airflow/airflow_venv/lib/python3.10/site-packages/airflow/example_dags/example_python_decorator.py
[2024-12-10T13:39:11.749-0300] {processor.py:830} INFO - Processing file /home/beatriz/Documentos/airflow/airflow_venv/lib/python3.10/site-packages/airflow/example_dags/example_python_decorator.py for tasks to queue
[2024-12-10T13:39:11.749-0300] {logging_mixin.py:188} INFO - [2024-12-10T13:39:11.749-0300] {dagbag.py:540} INFO - Filling up the DagBag from /home/beatriz/Documentos/airflow/airflow_venv/lib/python3.10/site-packages/airflow/example_dags/example_python_decorator.py
[2024-12-10T13:39:11.758-0300] {logging_mixin.py:188} INFO - [2024-12-10T13:39:11.758-0300] {example_python_decorator.py:80} WARNING - The virtalenv_python example task requires virtualenv, please install it.
[2024-12-10T13:39:11.758-0300] {processor.py:840} INFO - DAG(s) 'example_python_decorator' retrieved from /home/beatriz/Documentos/airflow/airflow_venv/lib/python3.10/site-packages/airflow/example_dags/example_python_decorator.py
[2024-12-10T13:39:11.772-0300] {logging_mixin.py:188} INFO - [2024-12-10T13:39:11.772-0300] {dag.py:3096} INFO - Sync 1 DAGs
[2024-12-10T13:39:11.781-0300] {logging_mixin.py:188} INFO - [2024-12-10T13:39:11.780-0300] {dag.py:3954} INFO - Setting next_dagrun for example_python_decorator to None, run_after=None
[2024-12-10T13:39:11.798-0300] {processor.py:183} INFO - Processing /home/beatriz/Documentos/airflow/airflow_venv/lib/python3.10/site-packages/airflow/example_dags/example_python_decorator.py took 0.055 seconds
[2024-12-10T13:45:36.880-0300] {processor.py:161} INFO - Started process (PID=45746) to work on /home/beatriz/Documentos/airflow/airflow_venv/lib/python3.10/site-packages/airflow/example_dags/example_python_decorator.py
[2024-12-10T13:45:36.881-0300] {processor.py:830} INFO - Processing file /home/beatriz/Documentos/airflow/airflow_venv/lib/python3.10/site-packages/airflow/example_dags/example_python_decorator.py for tasks to queue
[2024-12-10T13:45:36.882-0300] {logging_mixin.py:188} INFO - [2024-12-10T13:45:36.882-0300] {dagbag.py:540} INFO - Filling up the DagBag from /home/beatriz/Documentos/airflow/airflow_venv/lib/python3.10/site-packages/airflow/example_dags/example_python_decorator.py
[2024-12-10T13:45:36.889-0300] {logging_mixin.py:188} INFO - [2024-12-10T13:45:36.889-0300] {example_python_decorator.py:80} WARNING - The virtalenv_python example task requires virtualenv, please install it.
[2024-12-10T13:45:36.890-0300] {processor.py:840} INFO - DAG(s) 'example_python_decorator' retrieved from /home/beatriz/Documentos/airflow/airflow_venv/lib/python3.10/site-packages/airflow/example_dags/example_python_decorator.py
[2024-12-10T13:45:36.961-0300] {logging_mixin.py:188} INFO - [2024-12-10T13:45:36.960-0300] {dag.py:3096} INFO - Sync 1 DAGs
[2024-12-10T13:45:36.967-0300] {logging_mixin.py:188} INFO - [2024-12-10T13:45:36.967-0300] {dag.py:3954} INFO - Setting next_dagrun for example_python_decorator to None, run_after=None
[2024-12-10T13:45:36.988-0300] {processor.py:183} INFO - Processing /home/beatriz/Documentos/airflow/airflow_venv/lib/python3.10/site-packages/airflow/example_dags/example_python_decorator.py took 0.113 seconds
