[2024-12-10T10:09:42.809-0300] {processor.py:161} INFO - Started process (PID=10473) to work on /home/beatriz/Documentos/airflow/airflow_venv/lib/python3.10/site-packages/airflow/example_dags/example_latest_only.py
[2024-12-10T10:09:42.811-0300] {processor.py:830} INFO - Processing file /home/beatriz/Documentos/airflow/airflow_venv/lib/python3.10/site-packages/airflow/example_dags/example_latest_only.py for tasks to queue
[2024-12-10T10:09:42.813-0300] {logging_mixin.py:188} INFO - [2024-12-10T10:09:42.812-0300] {dagbag.py:540} INFO - Filling up the DagBag from /home/beatriz/Documentos/airflow/airflow_venv/lib/python3.10/site-packages/airflow/example_dags/example_latest_only.py
[2024-12-10T10:09:42.821-0300] {processor.py:840} INFO - DAG(s) 'latest_only' retrieved from /home/beatriz/Documentos/airflow/airflow_venv/lib/python3.10/site-packages/airflow/example_dags/example_latest_only.py
[2024-12-10T10:09:42.897-0300] {logging_mixin.py:188} INFO - [2024-12-10T10:09:42.897-0300] {dag.py:3096} INFO - Sync 1 DAGs
[2024-12-10T10:09:42.909-0300] {logging_mixin.py:188} INFO - [2024-12-10T10:09:42.908-0300] {dag.py:3954} INFO - Setting next_dagrun for latest_only to 2024-12-10 08:00:00+00:00, run_after=2024-12-10 12:00:00+00:00
[2024-12-10T10:09:42.924-0300] {processor.py:183} INFO - Processing /home/beatriz/Documentos/airflow/airflow_venv/lib/python3.10/site-packages/airflow/example_dags/example_latest_only.py took 0.125 seconds
[2024-12-10T10:10:40.924-0300] {processor.py:161} INFO - Started process (PID=11074) to work on /home/beatriz/Documentos/airflow/airflow_venv/lib/python3.10/site-packages/airflow/example_dags/example_latest_only.py
[2024-12-10T10:10:40.926-0300] {processor.py:830} INFO - Processing file /home/beatriz/Documentos/airflow/airflow_venv/lib/python3.10/site-packages/airflow/example_dags/example_latest_only.py for tasks to queue
[2024-12-10T10:10:40.928-0300] {logging_mixin.py:188} INFO - [2024-12-10T10:10:40.928-0300] {dagbag.py:540} INFO - Filling up the DagBag from /home/beatriz/Documentos/airflow/airflow_venv/lib/python3.10/site-packages/airflow/example_dags/example_latest_only.py
[2024-12-10T10:10:40.934-0300] {processor.py:840} INFO - DAG(s) 'latest_only' retrieved from /home/beatriz/Documentos/airflow/airflow_venv/lib/python3.10/site-packages/airflow/example_dags/example_latest_only.py
[2024-12-10T10:10:40.948-0300] {logging_mixin.py:188} INFO - [2024-12-10T10:10:40.948-0300] {dag.py:3096} INFO - Sync 1 DAGs
[2024-12-10T10:10:40.968-0300] {logging_mixin.py:188} INFO - [2024-12-10T10:10:40.967-0300] {dag.py:3954} INFO - Setting next_dagrun for latest_only to 2024-12-10 08:00:00+00:00, run_after=2024-12-10 12:00:00+00:00
[2024-12-10T10:10:40.993-0300] {processor.py:183} INFO - Processing /home/beatriz/Documentos/airflow/airflow_venv/lib/python3.10/site-packages/airflow/example_dags/example_latest_only.py took 0.080 seconds
[2024-12-10T10:11:35.674-0300] {processor.py:161} INFO - Started process (PID=11504) to work on /home/beatriz/Documentos/airflow/airflow_venv/lib/python3.10/site-packages/airflow/example_dags/example_latest_only.py
[2024-12-10T10:11:35.676-0300] {processor.py:830} INFO - Processing file /home/beatriz/Documentos/airflow/airflow_venv/lib/python3.10/site-packages/airflow/example_dags/example_latest_only.py for tasks to queue
[2024-12-10T10:11:35.677-0300] {logging_mixin.py:188} INFO - [2024-12-10T10:11:35.677-0300] {dagbag.py:540} INFO - Filling up the DagBag from /home/beatriz/Documentos/airflow/airflow_venv/lib/python3.10/site-packages/airflow/example_dags/example_latest_only.py
[2024-12-10T10:11:35.681-0300] {processor.py:840} INFO - DAG(s) 'latest_only' retrieved from /home/beatriz/Documentos/airflow/airflow_venv/lib/python3.10/site-packages/airflow/example_dags/example_latest_only.py
[2024-12-10T10:11:35.692-0300] {logging_mixin.py:188} INFO - [2024-12-10T10:11:35.692-0300] {dag.py:3096} INFO - Sync 1 DAGs
[2024-12-10T10:11:35.706-0300] {logging_mixin.py:188} INFO - [2024-12-10T10:11:35.706-0300] {dag.py:3954} INFO - Setting next_dagrun for latest_only to 2024-12-10 08:00:00+00:00, run_after=2024-12-10 12:00:00+00:00
[2024-12-10T10:11:35.722-0300] {processor.py:183} INFO - Processing /home/beatriz/Documentos/airflow/airflow_venv/lib/python3.10/site-packages/airflow/example_dags/example_latest_only.py took 0.052 seconds
[2024-12-10T10:12:31.676-0300] {processor.py:161} INFO - Started process (PID=11947) to work on /home/beatriz/Documentos/airflow/airflow_venv/lib/python3.10/site-packages/airflow/example_dags/example_latest_only.py
[2024-12-10T10:12:31.680-0300] {processor.py:830} INFO - Processing file /home/beatriz/Documentos/airflow/airflow_venv/lib/python3.10/site-packages/airflow/example_dags/example_latest_only.py for tasks to queue
[2024-12-10T10:12:31.683-0300] {logging_mixin.py:188} INFO - [2024-12-10T10:12:31.682-0300] {dagbag.py:540} INFO - Filling up the DagBag from /home/beatriz/Documentos/airflow/airflow_venv/lib/python3.10/site-packages/airflow/example_dags/example_latest_only.py
[2024-12-10T10:12:31.692-0300] {processor.py:840} INFO - DAG(s) 'latest_only' retrieved from /home/beatriz/Documentos/airflow/airflow_venv/lib/python3.10/site-packages/airflow/example_dags/example_latest_only.py
[2024-12-10T10:12:31.710-0300] {logging_mixin.py:188} INFO - [2024-12-10T10:12:31.709-0300] {dag.py:3096} INFO - Sync 1 DAGs
[2024-12-10T10:12:31.726-0300] {logging_mixin.py:188} INFO - [2024-12-10T10:12:31.726-0300] {dag.py:3954} INFO - Setting next_dagrun for latest_only to 2024-12-10 08:00:00+00:00, run_after=2024-12-10 12:00:00+00:00
[2024-12-10T10:12:31.743-0300] {processor.py:183} INFO - Processing /home/beatriz/Documentos/airflow/airflow_venv/lib/python3.10/site-packages/airflow/example_dags/example_latest_only.py took 0.079 seconds
[2024-12-10T10:13:20.859-0300] {processor.py:161} INFO - Started process (PID=12364) to work on /home/beatriz/Documentos/airflow/airflow_venv/lib/python3.10/site-packages/airflow/example_dags/example_latest_only.py
[2024-12-10T10:13:20.861-0300] {processor.py:830} INFO - Processing file /home/beatriz/Documentos/airflow/airflow_venv/lib/python3.10/site-packages/airflow/example_dags/example_latest_only.py for tasks to queue
[2024-12-10T10:13:20.865-0300] {logging_mixin.py:188} INFO - [2024-12-10T10:13:20.864-0300] {dagbag.py:540} INFO - Filling up the DagBag from /home/beatriz/Documentos/airflow/airflow_venv/lib/python3.10/site-packages/airflow/example_dags/example_latest_only.py
[2024-12-10T10:13:20.875-0300] {processor.py:840} INFO - DAG(s) 'latest_only' retrieved from /home/beatriz/Documentos/airflow/airflow_venv/lib/python3.10/site-packages/airflow/example_dags/example_latest_only.py
[2024-12-10T10:13:20.895-0300] {logging_mixin.py:188} INFO - [2024-12-10T10:13:20.895-0300] {dag.py:3096} INFO - Sync 1 DAGs
[2024-12-10T10:13:20.911-0300] {logging_mixin.py:188} INFO - [2024-12-10T10:13:20.911-0300] {dag.py:3954} INFO - Setting next_dagrun for latest_only to 2024-12-10 08:00:00+00:00, run_after=2024-12-10 12:00:00+00:00
[2024-12-10T10:13:20.928-0300] {processor.py:183} INFO - Processing /home/beatriz/Documentos/airflow/airflow_venv/lib/python3.10/site-packages/airflow/example_dags/example_latest_only.py took 0.073 seconds
[2024-12-10T10:14:09.554-0300] {processor.py:161} INFO - Started process (PID=12824) to work on /home/beatriz/Documentos/airflow/airflow_venv/lib/python3.10/site-packages/airflow/example_dags/example_latest_only.py
[2024-12-10T10:14:09.556-0300] {processor.py:830} INFO - Processing file /home/beatriz/Documentos/airflow/airflow_venv/lib/python3.10/site-packages/airflow/example_dags/example_latest_only.py for tasks to queue
[2024-12-10T10:14:09.557-0300] {logging_mixin.py:188} INFO - [2024-12-10T10:14:09.557-0300] {dagbag.py:540} INFO - Filling up the DagBag from /home/beatriz/Documentos/airflow/airflow_venv/lib/python3.10/site-packages/airflow/example_dags/example_latest_only.py
[2024-12-10T10:14:09.561-0300] {processor.py:840} INFO - DAG(s) 'latest_only' retrieved from /home/beatriz/Documentos/airflow/airflow_venv/lib/python3.10/site-packages/airflow/example_dags/example_latest_only.py
[2024-12-10T10:14:09.573-0300] {logging_mixin.py:188} INFO - [2024-12-10T10:14:09.573-0300] {dag.py:3096} INFO - Sync 1 DAGs
[2024-12-10T10:14:09.588-0300] {logging_mixin.py:188} INFO - [2024-12-10T10:14:09.588-0300] {dag.py:3954} INFO - Setting next_dagrun for latest_only to 2024-12-10 08:00:00+00:00, run_after=2024-12-10 12:00:00+00:00
[2024-12-10T10:14:09.605-0300] {processor.py:183} INFO - Processing /home/beatriz/Documentos/airflow/airflow_venv/lib/python3.10/site-packages/airflow/example_dags/example_latest_only.py took 0.056 seconds
[2024-12-10T10:14:59.513-0300] {processor.py:161} INFO - Started process (PID=13261) to work on /home/beatriz/Documentos/airflow/airflow_venv/lib/python3.10/site-packages/airflow/example_dags/example_latest_only.py
[2024-12-10T10:14:59.514-0300] {processor.py:830} INFO - Processing file /home/beatriz/Documentos/airflow/airflow_venv/lib/python3.10/site-packages/airflow/example_dags/example_latest_only.py for tasks to queue
[2024-12-10T10:14:59.516-0300] {logging_mixin.py:188} INFO - [2024-12-10T10:14:59.515-0300] {dagbag.py:540} INFO - Filling up the DagBag from /home/beatriz/Documentos/airflow/airflow_venv/lib/python3.10/site-packages/airflow/example_dags/example_latest_only.py
[2024-12-10T10:14:59.520-0300] {processor.py:840} INFO - DAG(s) 'latest_only' retrieved from /home/beatriz/Documentos/airflow/airflow_venv/lib/python3.10/site-packages/airflow/example_dags/example_latest_only.py
[2024-12-10T10:14:59.534-0300] {logging_mixin.py:188} INFO - [2024-12-10T10:14:59.534-0300] {dag.py:3096} INFO - Sync 1 DAGs
[2024-12-10T10:14:59.550-0300] {logging_mixin.py:188} INFO - [2024-12-10T10:14:59.549-0300] {dag.py:3954} INFO - Setting next_dagrun for latest_only to 2024-12-10 08:00:00+00:00, run_after=2024-12-10 12:00:00+00:00
[2024-12-10T10:14:59.567-0300] {processor.py:183} INFO - Processing /home/beatriz/Documentos/airflow/airflow_venv/lib/python3.10/site-packages/airflow/example_dags/example_latest_only.py took 0.058 seconds
[2024-12-10T10:16:11.816-0300] {processor.py:161} INFO - Started process (PID=14074) to work on /home/beatriz/Documentos/airflow/airflow_venv/lib/python3.10/site-packages/airflow/example_dags/example_latest_only.py
[2024-12-10T10:16:11.816-0300] {processor.py:830} INFO - Processing file /home/beatriz/Documentos/airflow/airflow_venv/lib/python3.10/site-packages/airflow/example_dags/example_latest_only.py for tasks to queue
[2024-12-10T10:16:11.818-0300] {logging_mixin.py:188} INFO - [2024-12-10T10:16:11.817-0300] {dagbag.py:540} INFO - Filling up the DagBag from /home/beatriz/Documentos/airflow/airflow_venv/lib/python3.10/site-packages/airflow/example_dags/example_latest_only.py
[2024-12-10T10:16:11.822-0300] {processor.py:840} INFO - DAG(s) 'latest_only' retrieved from /home/beatriz/Documentos/airflow/airflow_venv/lib/python3.10/site-packages/airflow/example_dags/example_latest_only.py
[2024-12-10T10:16:11.836-0300] {logging_mixin.py:188} INFO - [2024-12-10T10:16:11.835-0300] {dag.py:3096} INFO - Sync 1 DAGs
[2024-12-10T10:16:11.851-0300] {logging_mixin.py:188} INFO - [2024-12-10T10:16:11.851-0300] {dag.py:3954} INFO - Setting next_dagrun for latest_only to 2024-12-10 08:00:00+00:00, run_after=2024-12-10 12:00:00+00:00
[2024-12-10T10:16:11.869-0300] {processor.py:183} INFO - Processing /home/beatriz/Documentos/airflow/airflow_venv/lib/python3.10/site-packages/airflow/example_dags/example_latest_only.py took 0.057 seconds
[2024-12-10T10:17:04.499-0300] {processor.py:161} INFO - Started process (PID=14507) to work on /home/beatriz/Documentos/airflow/airflow_venv/lib/python3.10/site-packages/airflow/example_dags/example_latest_only.py
[2024-12-10T10:17:04.502-0300] {processor.py:830} INFO - Processing file /home/beatriz/Documentos/airflow/airflow_venv/lib/python3.10/site-packages/airflow/example_dags/example_latest_only.py for tasks to queue
[2024-12-10T10:17:04.506-0300] {logging_mixin.py:188} INFO - [2024-12-10T10:17:04.505-0300] {dagbag.py:540} INFO - Filling up the DagBag from /home/beatriz/Documentos/airflow/airflow_venv/lib/python3.10/site-packages/airflow/example_dags/example_latest_only.py
[2024-12-10T10:17:04.516-0300] {processor.py:840} INFO - DAG(s) 'latest_only' retrieved from /home/beatriz/Documentos/airflow/airflow_venv/lib/python3.10/site-packages/airflow/example_dags/example_latest_only.py
[2024-12-10T10:17:04.533-0300] {logging_mixin.py:188} INFO - [2024-12-10T10:17:04.532-0300] {dag.py:3096} INFO - Sync 1 DAGs
[2024-12-10T10:17:04.548-0300] {logging_mixin.py:188} INFO - [2024-12-10T10:17:04.547-0300] {dag.py:3954} INFO - Setting next_dagrun for latest_only to 2024-12-10 08:00:00+00:00, run_after=2024-12-10 12:00:00+00:00
[2024-12-10T10:17:04.566-0300] {processor.py:183} INFO - Processing /home/beatriz/Documentos/airflow/airflow_venv/lib/python3.10/site-packages/airflow/example_dags/example_latest_only.py took 0.077 seconds
[2024-12-10T10:17:59.076-0300] {processor.py:161} INFO - Started process (PID=14846) to work on /home/beatriz/Documentos/airflow/airflow_venv/lib/python3.10/site-packages/airflow/example_dags/example_latest_only.py
[2024-12-10T10:17:59.079-0300] {processor.py:830} INFO - Processing file /home/beatriz/Documentos/airflow/airflow_venv/lib/python3.10/site-packages/airflow/example_dags/example_latest_only.py for tasks to queue
[2024-12-10T10:17:59.082-0300] {logging_mixin.py:188} INFO - [2024-12-10T10:17:59.082-0300] {dagbag.py:540} INFO - Filling up the DagBag from /home/beatriz/Documentos/airflow/airflow_venv/lib/python3.10/site-packages/airflow/example_dags/example_latest_only.py
[2024-12-10T10:17:59.092-0300] {processor.py:840} INFO - DAG(s) 'latest_only' retrieved from /home/beatriz/Documentos/airflow/airflow_venv/lib/python3.10/site-packages/airflow/example_dags/example_latest_only.py
[2024-12-10T10:17:59.109-0300] {logging_mixin.py:188} INFO - [2024-12-10T10:17:59.109-0300] {dag.py:3096} INFO - Sync 1 DAGs
[2024-12-10T10:17:59.124-0300] {logging_mixin.py:188} INFO - [2024-12-10T10:17:59.124-0300] {dag.py:3954} INFO - Setting next_dagrun for latest_only to 2024-12-10 08:00:00+00:00, run_after=2024-12-10 12:00:00+00:00
[2024-12-10T10:17:59.142-0300] {processor.py:183} INFO - Processing /home/beatriz/Documentos/airflow/airflow_venv/lib/python3.10/site-packages/airflow/example_dags/example_latest_only.py took 0.078 seconds
[2024-12-10T10:18:49.228-0300] {processor.py:161} INFO - Started process (PID=15364) to work on /home/beatriz/Documentos/airflow/airflow_venv/lib/python3.10/site-packages/airflow/example_dags/example_latest_only.py
[2024-12-10T10:18:49.231-0300] {processor.py:830} INFO - Processing file /home/beatriz/Documentos/airflow/airflow_venv/lib/python3.10/site-packages/airflow/example_dags/example_latest_only.py for tasks to queue
[2024-12-10T10:18:49.235-0300] {logging_mixin.py:188} INFO - [2024-12-10T10:18:49.234-0300] {dagbag.py:540} INFO - Filling up the DagBag from /home/beatriz/Documentos/airflow/airflow_venv/lib/python3.10/site-packages/airflow/example_dags/example_latest_only.py
[2024-12-10T10:18:49.245-0300] {processor.py:840} INFO - DAG(s) 'latest_only' retrieved from /home/beatriz/Documentos/airflow/airflow_venv/lib/python3.10/site-packages/airflow/example_dags/example_latest_only.py
[2024-12-10T10:18:49.262-0300] {logging_mixin.py:188} INFO - [2024-12-10T10:18:49.262-0300] {dag.py:3096} INFO - Sync 1 DAGs
[2024-12-10T10:18:49.278-0300] {logging_mixin.py:188} INFO - [2024-12-10T10:18:49.278-0300] {dag.py:3954} INFO - Setting next_dagrun for latest_only to 2024-12-10 08:00:00+00:00, run_after=2024-12-10 12:00:00+00:00
[2024-12-10T10:18:49.296-0300] {processor.py:183} INFO - Processing /home/beatriz/Documentos/airflow/airflow_venv/lib/python3.10/site-packages/airflow/example_dags/example_latest_only.py took 0.080 seconds
[2024-12-10T11:01:29.994-0300] {processor.py:161} INFO - Started process (PID=19664) to work on /home/beatriz/Documentos/airflow/airflow_venv/lib/python3.10/site-packages/airflow/example_dags/example_latest_only.py
[2024-12-10T11:01:29.997-0300] {processor.py:830} INFO - Processing file /home/beatriz/Documentos/airflow/airflow_venv/lib/python3.10/site-packages/airflow/example_dags/example_latest_only.py for tasks to queue
[2024-12-10T11:01:30.000-0300] {logging_mixin.py:188} INFO - [2024-12-10T11:01:29.999-0300] {dagbag.py:540} INFO - Filling up the DagBag from /home/beatriz/Documentos/airflow/airflow_venv/lib/python3.10/site-packages/airflow/example_dags/example_latest_only.py
[2024-12-10T11:01:30.008-0300] {processor.py:840} INFO - DAG(s) 'latest_only' retrieved from /home/beatriz/Documentos/airflow/airflow_venv/lib/python3.10/site-packages/airflow/example_dags/example_latest_only.py
[2024-12-10T11:01:30.093-0300] {logging_mixin.py:188} INFO - [2024-12-10T11:01:30.093-0300] {dag.py:3096} INFO - Sync 1 DAGs
[2024-12-10T11:01:30.106-0300] {logging_mixin.py:188} INFO - [2024-12-10T11:01:30.106-0300] {dag.py:3954} INFO - Setting next_dagrun for latest_only to 2024-12-10 08:00:00+00:00, run_after=2024-12-10 12:00:00+00:00
[2024-12-10T11:01:30.129-0300] {processor.py:183} INFO - Processing /home/beatriz/Documentos/airflow/airflow_venv/lib/python3.10/site-packages/airflow/example_dags/example_latest_only.py took 0.145 seconds
[2024-12-10T11:02:28.093-0300] {processor.py:161} INFO - Started process (PID=20102) to work on /home/beatriz/Documentos/airflow/airflow_venv/lib/python3.10/site-packages/airflow/example_dags/example_latest_only.py
[2024-12-10T11:02:28.094-0300] {processor.py:830} INFO - Processing file /home/beatriz/Documentos/airflow/airflow_venv/lib/python3.10/site-packages/airflow/example_dags/example_latest_only.py for tasks to queue
[2024-12-10T11:02:28.095-0300] {logging_mixin.py:188} INFO - [2024-12-10T11:02:28.095-0300] {dagbag.py:540} INFO - Filling up the DagBag from /home/beatriz/Documentos/airflow/airflow_venv/lib/python3.10/site-packages/airflow/example_dags/example_latest_only.py
[2024-12-10T11:02:28.100-0300] {processor.py:840} INFO - DAG(s) 'latest_only' retrieved from /home/beatriz/Documentos/airflow/airflow_venv/lib/python3.10/site-packages/airflow/example_dags/example_latest_only.py
[2024-12-10T11:02:28.111-0300] {logging_mixin.py:188} INFO - [2024-12-10T11:02:28.111-0300] {dag.py:3096} INFO - Sync 1 DAGs
[2024-12-10T11:02:28.127-0300] {logging_mixin.py:188} INFO - [2024-12-10T11:02:28.127-0300] {dag.py:3954} INFO - Setting next_dagrun for latest_only to 2024-12-10 08:00:00+00:00, run_after=2024-12-10 12:00:00+00:00
[2024-12-10T11:02:28.146-0300] {processor.py:183} INFO - Processing /home/beatriz/Documentos/airflow/airflow_venv/lib/python3.10/site-packages/airflow/example_dags/example_latest_only.py took 0.058 seconds
[2024-12-10T11:03:23.130-0300] {processor.py:161} INFO - Started process (PID=20538) to work on /home/beatriz/Documentos/airflow/airflow_venv/lib/python3.10/site-packages/airflow/example_dags/example_latest_only.py
[2024-12-10T11:03:23.131-0300] {processor.py:830} INFO - Processing file /home/beatriz/Documentos/airflow/airflow_venv/lib/python3.10/site-packages/airflow/example_dags/example_latest_only.py for tasks to queue
[2024-12-10T11:03:23.132-0300] {logging_mixin.py:188} INFO - [2024-12-10T11:03:23.132-0300] {dagbag.py:540} INFO - Filling up the DagBag from /home/beatriz/Documentos/airflow/airflow_venv/lib/python3.10/site-packages/airflow/example_dags/example_latest_only.py
[2024-12-10T11:03:23.136-0300] {processor.py:840} INFO - DAG(s) 'latest_only' retrieved from /home/beatriz/Documentos/airflow/airflow_venv/lib/python3.10/site-packages/airflow/example_dags/example_latest_only.py
[2024-12-10T11:03:23.147-0300] {logging_mixin.py:188} INFO - [2024-12-10T11:03:23.147-0300] {dag.py:3096} INFO - Sync 1 DAGs
[2024-12-10T11:03:23.162-0300] {logging_mixin.py:188} INFO - [2024-12-10T11:03:23.162-0300] {dag.py:3954} INFO - Setting next_dagrun for latest_only to 2024-12-10 08:00:00+00:00, run_after=2024-12-10 12:00:00+00:00
[2024-12-10T11:03:23.181-0300] {processor.py:183} INFO - Processing /home/beatriz/Documentos/airflow/airflow_venv/lib/python3.10/site-packages/airflow/example_dags/example_latest_only.py took 0.054 seconds
[2024-12-10T11:37:19.858-0300] {processor.py:161} INFO - Started process (PID=24839) to work on /home/beatriz/Documentos/airflow/airflow_venv/lib/python3.10/site-packages/airflow/example_dags/example_latest_only.py
[2024-12-10T11:37:19.858-0300] {processor.py:830} INFO - Processing file /home/beatriz/Documentos/airflow/airflow_venv/lib/python3.10/site-packages/airflow/example_dags/example_latest_only.py for tasks to queue
[2024-12-10T11:37:19.860-0300] {logging_mixin.py:188} INFO - [2024-12-10T11:37:19.859-0300] {dagbag.py:540} INFO - Filling up the DagBag from /home/beatriz/Documentos/airflow/airflow_venv/lib/python3.10/site-packages/airflow/example_dags/example_latest_only.py
[2024-12-10T11:37:19.865-0300] {processor.py:840} INFO - DAG(s) 'latest_only' retrieved from /home/beatriz/Documentos/airflow/airflow_venv/lib/python3.10/site-packages/airflow/example_dags/example_latest_only.py
[2024-12-10T11:37:19.936-0300] {logging_mixin.py:188} INFO - [2024-12-10T11:37:19.936-0300] {dag.py:3096} INFO - Sync 1 DAGs
[2024-12-10T11:37:19.948-0300] {logging_mixin.py:188} INFO - [2024-12-10T11:37:19.948-0300] {dag.py:3954} INFO - Setting next_dagrun for latest_only to 2024-12-10 08:00:00+00:00, run_after=2024-12-10 12:00:00+00:00
[2024-12-10T11:37:19.974-0300] {processor.py:183} INFO - Processing /home/beatriz/Documentos/airflow/airflow_venv/lib/python3.10/site-packages/airflow/example_dags/example_latest_only.py took 0.122 seconds
[2024-12-10T11:38:19.516-0300] {processor.py:161} INFO - Started process (PID=25206) to work on /home/beatriz/Documentos/airflow/airflow_venv/lib/python3.10/site-packages/airflow/example_dags/example_latest_only.py
[2024-12-10T11:38:19.517-0300] {processor.py:830} INFO - Processing file /home/beatriz/Documentos/airflow/airflow_venv/lib/python3.10/site-packages/airflow/example_dags/example_latest_only.py for tasks to queue
[2024-12-10T11:38:19.518-0300] {logging_mixin.py:188} INFO - [2024-12-10T11:38:19.518-0300] {dagbag.py:540} INFO - Filling up the DagBag from /home/beatriz/Documentos/airflow/airflow_venv/lib/python3.10/site-packages/airflow/example_dags/example_latest_only.py
[2024-12-10T11:38:19.523-0300] {processor.py:840} INFO - DAG(s) 'latest_only' retrieved from /home/beatriz/Documentos/airflow/airflow_venv/lib/python3.10/site-packages/airflow/example_dags/example_latest_only.py
[2024-12-10T11:38:19.535-0300] {logging_mixin.py:188} INFO - [2024-12-10T11:38:19.534-0300] {dag.py:3096} INFO - Sync 1 DAGs
[2024-12-10T11:38:19.550-0300] {logging_mixin.py:188} INFO - [2024-12-10T11:38:19.549-0300] {dag.py:3954} INFO - Setting next_dagrun for latest_only to 2024-12-10 08:00:00+00:00, run_after=2024-12-10 12:00:00+00:00
[2024-12-10T11:38:19.567-0300] {processor.py:183} INFO - Processing /home/beatriz/Documentos/airflow/airflow_venv/lib/python3.10/site-packages/airflow/example_dags/example_latest_only.py took 0.055 seconds
[2024-12-10T11:39:18.560-0300] {processor.py:161} INFO - Started process (PID=25580) to work on /home/beatriz/Documentos/airflow/airflow_venv/lib/python3.10/site-packages/airflow/example_dags/example_latest_only.py
[2024-12-10T11:39:18.562-0300] {processor.py:830} INFO - Processing file /home/beatriz/Documentos/airflow/airflow_venv/lib/python3.10/site-packages/airflow/example_dags/example_latest_only.py for tasks to queue
[2024-12-10T11:39:18.564-0300] {logging_mixin.py:188} INFO - [2024-12-10T11:39:18.564-0300] {dagbag.py:540} INFO - Filling up the DagBag from /home/beatriz/Documentos/airflow/airflow_venv/lib/python3.10/site-packages/airflow/example_dags/example_latest_only.py
[2024-12-10T11:39:18.574-0300] {processor.py:840} INFO - DAG(s) 'latest_only' retrieved from /home/beatriz/Documentos/airflow/airflow_venv/lib/python3.10/site-packages/airflow/example_dags/example_latest_only.py
[2024-12-10T11:39:18.589-0300] {logging_mixin.py:188} INFO - [2024-12-10T11:39:18.589-0300] {dag.py:3096} INFO - Sync 1 DAGs
[2024-12-10T11:39:18.604-0300] {logging_mixin.py:188} INFO - [2024-12-10T11:39:18.603-0300] {dag.py:3954} INFO - Setting next_dagrun for latest_only to 2024-12-10 08:00:00+00:00, run_after=2024-12-10 12:00:00+00:00
[2024-12-10T11:39:18.622-0300] {processor.py:183} INFO - Processing /home/beatriz/Documentos/airflow/airflow_venv/lib/python3.10/site-packages/airflow/example_dags/example_latest_only.py took 0.073 seconds
[2024-12-10T11:40:14.833-0300] {processor.py:161} INFO - Started process (PID=25947) to work on /home/beatriz/Documentos/airflow/airflow_venv/lib/python3.10/site-packages/airflow/example_dags/example_latest_only.py
[2024-12-10T11:40:14.834-0300] {processor.py:830} INFO - Processing file /home/beatriz/Documentos/airflow/airflow_venv/lib/python3.10/site-packages/airflow/example_dags/example_latest_only.py for tasks to queue
[2024-12-10T11:40:14.836-0300] {logging_mixin.py:188} INFO - [2024-12-10T11:40:14.835-0300] {dagbag.py:540} INFO - Filling up the DagBag from /home/beatriz/Documentos/airflow/airflow_venv/lib/python3.10/site-packages/airflow/example_dags/example_latest_only.py
[2024-12-10T11:40:14.842-0300] {processor.py:840} INFO - DAG(s) 'latest_only' retrieved from /home/beatriz/Documentos/airflow/airflow_venv/lib/python3.10/site-packages/airflow/example_dags/example_latest_only.py
[2024-12-10T11:40:14.855-0300] {logging_mixin.py:188} INFO - [2024-12-10T11:40:14.855-0300] {dag.py:3096} INFO - Sync 1 DAGs
[2024-12-10T11:40:14.873-0300] {logging_mixin.py:188} INFO - [2024-12-10T11:40:14.872-0300] {dag.py:3954} INFO - Setting next_dagrun for latest_only to 2024-12-10 08:00:00+00:00, run_after=2024-12-10 12:00:00+00:00
[2024-12-10T11:40:14.896-0300] {processor.py:183} INFO - Processing /home/beatriz/Documentos/airflow/airflow_venv/lib/python3.10/site-packages/airflow/example_dags/example_latest_only.py took 0.068 seconds
[2024-12-10T11:41:12.064-0300] {processor.py:161} INFO - Started process (PID=26371) to work on /home/beatriz/Documentos/airflow/airflow_venv/lib/python3.10/site-packages/airflow/example_dags/example_latest_only.py
[2024-12-10T11:41:12.066-0300] {processor.py:830} INFO - Processing file /home/beatriz/Documentos/airflow/airflow_venv/lib/python3.10/site-packages/airflow/example_dags/example_latest_only.py for tasks to queue
[2024-12-10T11:41:12.070-0300] {logging_mixin.py:188} INFO - [2024-12-10T11:41:12.069-0300] {dagbag.py:540} INFO - Filling up the DagBag from /home/beatriz/Documentos/airflow/airflow_venv/lib/python3.10/site-packages/airflow/example_dags/example_latest_only.py
[2024-12-10T11:41:12.079-0300] {processor.py:840} INFO - DAG(s) 'latest_only' retrieved from /home/beatriz/Documentos/airflow/airflow_venv/lib/python3.10/site-packages/airflow/example_dags/example_latest_only.py
[2024-12-10T11:41:12.094-0300] {logging_mixin.py:188} INFO - [2024-12-10T11:41:12.094-0300] {dag.py:3096} INFO - Sync 1 DAGs
[2024-12-10T11:41:12.109-0300] {logging_mixin.py:188} INFO - [2024-12-10T11:41:12.109-0300] {dag.py:3954} INFO - Setting next_dagrun for latest_only to 2024-12-10 08:00:00+00:00, run_after=2024-12-10 12:00:00+00:00
[2024-12-10T11:41:12.127-0300] {processor.py:183} INFO - Processing /home/beatriz/Documentos/airflow/airflow_venv/lib/python3.10/site-packages/airflow/example_dags/example_latest_only.py took 0.079 seconds
[2024-12-10T11:42:09.798-0300] {processor.py:161} INFO - Started process (PID=26780) to work on /home/beatriz/Documentos/airflow/airflow_venv/lib/python3.10/site-packages/airflow/example_dags/example_latest_only.py
[2024-12-10T11:42:09.800-0300] {processor.py:830} INFO - Processing file /home/beatriz/Documentos/airflow/airflow_venv/lib/python3.10/site-packages/airflow/example_dags/example_latest_only.py for tasks to queue
[2024-12-10T11:42:09.803-0300] {logging_mixin.py:188} INFO - [2024-12-10T11:42:09.802-0300] {dagbag.py:540} INFO - Filling up the DagBag from /home/beatriz/Documentos/airflow/airflow_venv/lib/python3.10/site-packages/airflow/example_dags/example_latest_only.py
[2024-12-10T11:42:09.812-0300] {processor.py:840} INFO - DAG(s) 'latest_only' retrieved from /home/beatriz/Documentos/airflow/airflow_venv/lib/python3.10/site-packages/airflow/example_dags/example_latest_only.py
[2024-12-10T11:42:09.827-0300] {logging_mixin.py:188} INFO - [2024-12-10T11:42:09.827-0300] {dag.py:3096} INFO - Sync 1 DAGs
[2024-12-10T11:42:09.843-0300] {logging_mixin.py:188} INFO - [2024-12-10T11:42:09.842-0300] {dag.py:3954} INFO - Setting next_dagrun for latest_only to 2024-12-10 08:00:00+00:00, run_after=2024-12-10 12:00:00+00:00
[2024-12-10T11:42:09.862-0300] {processor.py:183} INFO - Processing /home/beatriz/Documentos/airflow/airflow_venv/lib/python3.10/site-packages/airflow/example_dags/example_latest_only.py took 0.077 seconds
[2024-12-10T11:43:03.216-0300] {processor.py:161} INFO - Started process (PID=27180) to work on /home/beatriz/Documentos/airflow/airflow_venv/lib/python3.10/site-packages/airflow/example_dags/example_latest_only.py
[2024-12-10T11:43:03.217-0300] {processor.py:830} INFO - Processing file /home/beatriz/Documentos/airflow/airflow_venv/lib/python3.10/site-packages/airflow/example_dags/example_latest_only.py for tasks to queue
[2024-12-10T11:43:03.218-0300] {logging_mixin.py:188} INFO - [2024-12-10T11:43:03.218-0300] {dagbag.py:540} INFO - Filling up the DagBag from /home/beatriz/Documentos/airflow/airflow_venv/lib/python3.10/site-packages/airflow/example_dags/example_latest_only.py
[2024-12-10T11:43:03.224-0300] {processor.py:840} INFO - DAG(s) 'latest_only' retrieved from /home/beatriz/Documentos/airflow/airflow_venv/lib/python3.10/site-packages/airflow/example_dags/example_latest_only.py
[2024-12-10T11:43:03.237-0300] {logging_mixin.py:188} INFO - [2024-12-10T11:43:03.236-0300] {dag.py:3096} INFO - Sync 1 DAGs
[2024-12-10T11:43:03.251-0300] {logging_mixin.py:188} INFO - [2024-12-10T11:43:03.251-0300] {dag.py:3954} INFO - Setting next_dagrun for latest_only to 2024-12-10 08:00:00+00:00, run_after=2024-12-10 12:00:00+00:00
[2024-12-10T11:43:03.269-0300] {processor.py:183} INFO - Processing /home/beatriz/Documentos/airflow/airflow_venv/lib/python3.10/site-packages/airflow/example_dags/example_latest_only.py took 0.057 seconds
[2024-12-10T11:44:00.752-0300] {processor.py:161} INFO - Started process (PID=27779) to work on /home/beatriz/Documentos/airflow/airflow_venv/lib/python3.10/site-packages/airflow/example_dags/example_latest_only.py
[2024-12-10T11:44:00.754-0300] {processor.py:830} INFO - Processing file /home/beatriz/Documentos/airflow/airflow_venv/lib/python3.10/site-packages/airflow/example_dags/example_latest_only.py for tasks to queue
[2024-12-10T11:44:00.757-0300] {logging_mixin.py:188} INFO - [2024-12-10T11:44:00.756-0300] {dagbag.py:540} INFO - Filling up the DagBag from /home/beatriz/Documentos/airflow/airflow_venv/lib/python3.10/site-packages/airflow/example_dags/example_latest_only.py
[2024-12-10T11:44:00.767-0300] {processor.py:840} INFO - DAG(s) 'latest_only' retrieved from /home/beatriz/Documentos/airflow/airflow_venv/lib/python3.10/site-packages/airflow/example_dags/example_latest_only.py
[2024-12-10T11:44:00.784-0300] {logging_mixin.py:188} INFO - [2024-12-10T11:44:00.784-0300] {dag.py:3096} INFO - Sync 1 DAGs
[2024-12-10T11:44:00.800-0300] {logging_mixin.py:188} INFO - [2024-12-10T11:44:00.799-0300] {dag.py:3954} INFO - Setting next_dagrun for latest_only to 2024-12-10 08:00:00+00:00, run_after=2024-12-10 12:00:00+00:00
[2024-12-10T11:44:00.818-0300] {processor.py:183} INFO - Processing /home/beatriz/Documentos/airflow/airflow_venv/lib/python3.10/site-packages/airflow/example_dags/example_latest_only.py took 0.078 seconds
[2024-12-10T11:44:57.228-0300] {processor.py:161} INFO - Started process (PID=28457) to work on /home/beatriz/Documentos/airflow/airflow_venv/lib/python3.10/site-packages/airflow/example_dags/example_latest_only.py
[2024-12-10T11:44:57.229-0300] {processor.py:830} INFO - Processing file /home/beatriz/Documentos/airflow/airflow_venv/lib/python3.10/site-packages/airflow/example_dags/example_latest_only.py for tasks to queue
[2024-12-10T11:44:57.231-0300] {logging_mixin.py:188} INFO - [2024-12-10T11:44:57.230-0300] {dagbag.py:540} INFO - Filling up the DagBag from /home/beatriz/Documentos/airflow/airflow_venv/lib/python3.10/site-packages/airflow/example_dags/example_latest_only.py
[2024-12-10T11:44:57.239-0300] {processor.py:840} INFO - DAG(s) 'latest_only' retrieved from /home/beatriz/Documentos/airflow/airflow_venv/lib/python3.10/site-packages/airflow/example_dags/example_latest_only.py
[2024-12-10T11:44:57.257-0300] {logging_mixin.py:188} INFO - [2024-12-10T11:44:57.257-0300] {dag.py:3096} INFO - Sync 1 DAGs
[2024-12-10T11:44:57.274-0300] {logging_mixin.py:188} INFO - [2024-12-10T11:44:57.274-0300] {dag.py:3954} INFO - Setting next_dagrun for latest_only to 2024-12-10 08:00:00+00:00, run_after=2024-12-10 12:00:00+00:00
[2024-12-10T11:44:57.291-0300] {processor.py:183} INFO - Processing /home/beatriz/Documentos/airflow/airflow_venv/lib/python3.10/site-packages/airflow/example_dags/example_latest_only.py took 0.071 seconds
[2024-12-10T11:45:55.538-0300] {processor.py:161} INFO - Started process (PID=28875) to work on /home/beatriz/Documentos/airflow/airflow_venv/lib/python3.10/site-packages/airflow/example_dags/example_latest_only.py
[2024-12-10T11:45:55.541-0300] {processor.py:830} INFO - Processing file /home/beatriz/Documentos/airflow/airflow_venv/lib/python3.10/site-packages/airflow/example_dags/example_latest_only.py for tasks to queue
[2024-12-10T11:45:55.544-0300] {logging_mixin.py:188} INFO - [2024-12-10T11:45:55.543-0300] {dagbag.py:540} INFO - Filling up the DagBag from /home/beatriz/Documentos/airflow/airflow_venv/lib/python3.10/site-packages/airflow/example_dags/example_latest_only.py
[2024-12-10T11:45:55.552-0300] {processor.py:840} INFO - DAG(s) 'latest_only' retrieved from /home/beatriz/Documentos/airflow/airflow_venv/lib/python3.10/site-packages/airflow/example_dags/example_latest_only.py
[2024-12-10T11:45:55.567-0300] {logging_mixin.py:188} INFO - [2024-12-10T11:45:55.566-0300] {dag.py:3096} INFO - Sync 1 DAGs
[2024-12-10T11:45:55.582-0300] {logging_mixin.py:188} INFO - [2024-12-10T11:45:55.582-0300] {dag.py:3954} INFO - Setting next_dagrun for latest_only to 2024-12-10 08:00:00+00:00, run_after=2024-12-10 12:00:00+00:00
[2024-12-10T11:45:55.600-0300] {processor.py:183} INFO - Processing /home/beatriz/Documentos/airflow/airflow_venv/lib/python3.10/site-packages/airflow/example_dags/example_latest_only.py took 0.074 seconds
[2024-12-10T11:46:50.756-0300] {processor.py:161} INFO - Started process (PID=29558) to work on /home/beatriz/Documentos/airflow/airflow_venv/lib/python3.10/site-packages/airflow/example_dags/example_latest_only.py
[2024-12-10T11:46:50.758-0300] {processor.py:830} INFO - Processing file /home/beatriz/Documentos/airflow/airflow_venv/lib/python3.10/site-packages/airflow/example_dags/example_latest_only.py for tasks to queue
[2024-12-10T11:46:50.760-0300] {logging_mixin.py:188} INFO - [2024-12-10T11:46:50.759-0300] {dagbag.py:540} INFO - Filling up the DagBag from /home/beatriz/Documentos/airflow/airflow_venv/lib/python3.10/site-packages/airflow/example_dags/example_latest_only.py
[2024-12-10T11:46:50.763-0300] {processor.py:840} INFO - DAG(s) 'latest_only' retrieved from /home/beatriz/Documentos/airflow/airflow_venv/lib/python3.10/site-packages/airflow/example_dags/example_latest_only.py
[2024-12-10T11:46:50.776-0300] {logging_mixin.py:188} INFO - [2024-12-10T11:46:50.776-0300] {dag.py:3096} INFO - Sync 1 DAGs
[2024-12-10T11:46:50.791-0300] {logging_mixin.py:188} INFO - [2024-12-10T11:46:50.791-0300] {dag.py:3954} INFO - Setting next_dagrun for latest_only to 2024-12-10 08:00:00+00:00, run_after=2024-12-10 12:00:00+00:00
[2024-12-10T11:46:50.809-0300] {processor.py:183} INFO - Processing /home/beatriz/Documentos/airflow/airflow_venv/lib/python3.10/site-packages/airflow/example_dags/example_latest_only.py took 0.058 seconds
[2024-12-10T11:49:08.485-0300] {processor.py:161} INFO - Started process (PID=30906) to work on /home/beatriz/Documentos/airflow/airflow_venv/lib/python3.10/site-packages/airflow/example_dags/example_latest_only.py
[2024-12-10T11:49:08.486-0300] {processor.py:830} INFO - Processing file /home/beatriz/Documentos/airflow/airflow_venv/lib/python3.10/site-packages/airflow/example_dags/example_latest_only.py for tasks to queue
[2024-12-10T11:49:08.486-0300] {logging_mixin.py:188} INFO - [2024-12-10T11:49:08.486-0300] {dagbag.py:540} INFO - Filling up the DagBag from /home/beatriz/Documentos/airflow/airflow_venv/lib/python3.10/site-packages/airflow/example_dags/example_latest_only.py
[2024-12-10T11:49:08.494-0300] {processor.py:840} INFO - DAG(s) 'latest_only' retrieved from /home/beatriz/Documentos/airflow/airflow_venv/lib/python3.10/site-packages/airflow/example_dags/example_latest_only.py
[2024-12-10T11:49:08.507-0300] {logging_mixin.py:188} INFO - [2024-12-10T11:49:08.507-0300] {dag.py:3096} INFO - Sync 1 DAGs
[2024-12-10T11:49:08.520-0300] {logging_mixin.py:188} INFO - [2024-12-10T11:49:08.520-0300] {dag.py:3954} INFO - Setting next_dagrun for latest_only to 2024-12-10 08:00:00+00:00, run_after=2024-12-10 12:00:00+00:00
[2024-12-10T11:49:08.537-0300] {processor.py:183} INFO - Processing /home/beatriz/Documentos/airflow/airflow_venv/lib/python3.10/site-packages/airflow/example_dags/example_latest_only.py took 0.057 seconds
[2024-12-10T11:50:07.979-0300] {processor.py:161} INFO - Started process (PID=31349) to work on /home/beatriz/Documentos/airflow/airflow_venv/lib/python3.10/site-packages/airflow/example_dags/example_latest_only.py
[2024-12-10T11:50:07.980-0300] {processor.py:830} INFO - Processing file /home/beatriz/Documentos/airflow/airflow_venv/lib/python3.10/site-packages/airflow/example_dags/example_latest_only.py for tasks to queue
[2024-12-10T11:50:07.981-0300] {logging_mixin.py:188} INFO - [2024-12-10T11:50:07.981-0300] {dagbag.py:540} INFO - Filling up the DagBag from /home/beatriz/Documentos/airflow/airflow_venv/lib/python3.10/site-packages/airflow/example_dags/example_latest_only.py
[2024-12-10T11:50:07.987-0300] {processor.py:840} INFO - DAG(s) 'latest_only' retrieved from /home/beatriz/Documentos/airflow/airflow_venv/lib/python3.10/site-packages/airflow/example_dags/example_latest_only.py
[2024-12-10T11:50:07.998-0300] {logging_mixin.py:188} INFO - [2024-12-10T11:50:07.998-0300] {dag.py:3096} INFO - Sync 1 DAGs
[2024-12-10T11:50:08.011-0300] {logging_mixin.py:188} INFO - [2024-12-10T11:50:08.011-0300] {dag.py:3954} INFO - Setting next_dagrun for latest_only to 2024-12-10 08:00:00+00:00, run_after=2024-12-10 12:00:00+00:00
[2024-12-10T11:50:08.029-0300] {processor.py:183} INFO - Processing /home/beatriz/Documentos/airflow/airflow_venv/lib/python3.10/site-packages/airflow/example_dags/example_latest_only.py took 0.054 seconds
[2024-12-10T11:51:07.969-0300] {processor.py:161} INFO - Started process (PID=31755) to work on /home/beatriz/Documentos/airflow/airflow_venv/lib/python3.10/site-packages/airflow/example_dags/example_latest_only.py
[2024-12-10T11:51:07.970-0300] {processor.py:830} INFO - Processing file /home/beatriz/Documentos/airflow/airflow_venv/lib/python3.10/site-packages/airflow/example_dags/example_latest_only.py for tasks to queue
[2024-12-10T11:51:07.971-0300] {logging_mixin.py:188} INFO - [2024-12-10T11:51:07.971-0300] {dagbag.py:540} INFO - Filling up the DagBag from /home/beatriz/Documentos/airflow/airflow_venv/lib/python3.10/site-packages/airflow/example_dags/example_latest_only.py
[2024-12-10T11:51:07.976-0300] {processor.py:840} INFO - DAG(s) 'latest_only' retrieved from /home/beatriz/Documentos/airflow/airflow_venv/lib/python3.10/site-packages/airflow/example_dags/example_latest_only.py
[2024-12-10T11:51:07.989-0300] {logging_mixin.py:188} INFO - [2024-12-10T11:51:07.989-0300] {dag.py:3096} INFO - Sync 1 DAGs
[2024-12-10T11:51:08.003-0300] {logging_mixin.py:188} INFO - [2024-12-10T11:51:08.002-0300] {dag.py:3954} INFO - Setting next_dagrun for latest_only to 2024-12-10 08:00:00+00:00, run_after=2024-12-10 12:00:00+00:00
[2024-12-10T11:51:08.019-0300] {processor.py:183} INFO - Processing /home/beatriz/Documentos/airflow/airflow_venv/lib/python3.10/site-packages/airflow/example_dags/example_latest_only.py took 0.054 seconds
[2024-12-10T11:52:04.498-0300] {processor.py:161} INFO - Started process (PID=32221) to work on /home/beatriz/Documentos/airflow/airflow_venv/lib/python3.10/site-packages/airflow/example_dags/example_latest_only.py
[2024-12-10T11:52:04.499-0300] {processor.py:830} INFO - Processing file /home/beatriz/Documentos/airflow/airflow_venv/lib/python3.10/site-packages/airflow/example_dags/example_latest_only.py for tasks to queue
[2024-12-10T11:52:04.500-0300] {logging_mixin.py:188} INFO - [2024-12-10T11:52:04.499-0300] {dagbag.py:540} INFO - Filling up the DagBag from /home/beatriz/Documentos/airflow/airflow_venv/lib/python3.10/site-packages/airflow/example_dags/example_latest_only.py
[2024-12-10T11:52:04.506-0300] {processor.py:840} INFO - DAG(s) 'latest_only' retrieved from /home/beatriz/Documentos/airflow/airflow_venv/lib/python3.10/site-packages/airflow/example_dags/example_latest_only.py
[2024-12-10T11:52:04.522-0300] {logging_mixin.py:188} INFO - [2024-12-10T11:52:04.521-0300] {dag.py:3096} INFO - Sync 1 DAGs
[2024-12-10T11:52:04.537-0300] {logging_mixin.py:188} INFO - [2024-12-10T11:52:04.537-0300] {dag.py:3954} INFO - Setting next_dagrun for latest_only to 2024-12-10 08:00:00+00:00, run_after=2024-12-10 12:00:00+00:00
[2024-12-10T11:52:04.554-0300] {processor.py:183} INFO - Processing /home/beatriz/Documentos/airflow/airflow_venv/lib/python3.10/site-packages/airflow/example_dags/example_latest_only.py took 0.061 seconds
[2024-12-10T11:52:59.860-0300] {processor.py:161} INFO - Started process (PID=32628) to work on /home/beatriz/Documentos/airflow/airflow_venv/lib/python3.10/site-packages/airflow/example_dags/example_latest_only.py
[2024-12-10T11:52:59.862-0300] {processor.py:830} INFO - Processing file /home/beatriz/Documentos/airflow/airflow_venv/lib/python3.10/site-packages/airflow/example_dags/example_latest_only.py for tasks to queue
[2024-12-10T11:52:59.863-0300] {logging_mixin.py:188} INFO - [2024-12-10T11:52:59.863-0300] {dagbag.py:540} INFO - Filling up the DagBag from /home/beatriz/Documentos/airflow/airflow_venv/lib/python3.10/site-packages/airflow/example_dags/example_latest_only.py
[2024-12-10T11:52:59.874-0300] {processor.py:840} INFO - DAG(s) 'latest_only' retrieved from /home/beatriz/Documentos/airflow/airflow_venv/lib/python3.10/site-packages/airflow/example_dags/example_latest_only.py
[2024-12-10T11:52:59.894-0300] {logging_mixin.py:188} INFO - [2024-12-10T11:52:59.894-0300] {dag.py:3096} INFO - Sync 1 DAGs
[2024-12-10T11:52:59.908-0300] {logging_mixin.py:188} INFO - [2024-12-10T11:52:59.908-0300] {dag.py:3954} INFO - Setting next_dagrun for latest_only to 2024-12-10 08:00:00+00:00, run_after=2024-12-10 12:00:00+00:00
[2024-12-10T11:52:59.924-0300] {processor.py:183} INFO - Processing /home/beatriz/Documentos/airflow/airflow_venv/lib/python3.10/site-packages/airflow/example_dags/example_latest_only.py took 0.075 seconds
[2024-12-10T11:55:44.506-0300] {processor.py:161} INFO - Started process (PID=34596) to work on /home/beatriz/Documentos/airflow/airflow_venv/lib/python3.10/site-packages/airflow/example_dags/example_latest_only.py
[2024-12-10T11:55:44.506-0300] {processor.py:830} INFO - Processing file /home/beatriz/Documentos/airflow/airflow_venv/lib/python3.10/site-packages/airflow/example_dags/example_latest_only.py for tasks to queue
[2024-12-10T11:55:44.507-0300] {logging_mixin.py:188} INFO - [2024-12-10T11:55:44.507-0300] {dagbag.py:540} INFO - Filling up the DagBag from /home/beatriz/Documentos/airflow/airflow_venv/lib/python3.10/site-packages/airflow/example_dags/example_latest_only.py
[2024-12-10T11:55:44.513-0300] {processor.py:840} INFO - DAG(s) 'latest_only' retrieved from /home/beatriz/Documentos/airflow/airflow_venv/lib/python3.10/site-packages/airflow/example_dags/example_latest_only.py
[2024-12-10T11:55:44.527-0300] {logging_mixin.py:188} INFO - [2024-12-10T11:55:44.527-0300] {dag.py:3096} INFO - Sync 1 DAGs
[2024-12-10T11:55:44.540-0300] {logging_mixin.py:188} INFO - [2024-12-10T11:55:44.540-0300] {dag.py:3954} INFO - Setting next_dagrun for latest_only to 2024-12-10 08:00:00+00:00, run_after=2024-12-10 12:00:00+00:00
[2024-12-10T11:55:44.562-0300] {processor.py:183} INFO - Processing /home/beatriz/Documentos/airflow/airflow_venv/lib/python3.10/site-packages/airflow/example_dags/example_latest_only.py took 0.060 seconds
[2024-12-10T11:56:42.838-0300] {processor.py:161} INFO - Started process (PID=35063) to work on /home/beatriz/Documentos/airflow/airflow_venv/lib/python3.10/site-packages/airflow/example_dags/example_latest_only.py
[2024-12-10T11:56:42.839-0300] {processor.py:830} INFO - Processing file /home/beatriz/Documentos/airflow/airflow_venv/lib/python3.10/site-packages/airflow/example_dags/example_latest_only.py for tasks to queue
[2024-12-10T11:56:42.840-0300] {logging_mixin.py:188} INFO - [2024-12-10T11:56:42.839-0300] {dagbag.py:540} INFO - Filling up the DagBag from /home/beatriz/Documentos/airflow/airflow_venv/lib/python3.10/site-packages/airflow/example_dags/example_latest_only.py
[2024-12-10T11:56:42.846-0300] {processor.py:840} INFO - DAG(s) 'latest_only' retrieved from /home/beatriz/Documentos/airflow/airflow_venv/lib/python3.10/site-packages/airflow/example_dags/example_latest_only.py
[2024-12-10T11:56:42.860-0300] {logging_mixin.py:188} INFO - [2024-12-10T11:56:42.859-0300] {dag.py:3096} INFO - Sync 1 DAGs
[2024-12-10T11:56:42.873-0300] {logging_mixin.py:188} INFO - [2024-12-10T11:56:42.873-0300] {dag.py:3954} INFO - Setting next_dagrun for latest_only to 2024-12-10 08:00:00+00:00, run_after=2024-12-10 12:00:00+00:00
[2024-12-10T11:56:42.890-0300] {processor.py:183} INFO - Processing /home/beatriz/Documentos/airflow/airflow_venv/lib/python3.10/site-packages/airflow/example_dags/example_latest_only.py took 0.057 seconds
[2024-12-10T11:57:41.795-0300] {processor.py:161} INFO - Started process (PID=35486) to work on /home/beatriz/Documentos/airflow/airflow_venv/lib/python3.10/site-packages/airflow/example_dags/example_latest_only.py
[2024-12-10T11:57:41.796-0300] {processor.py:830} INFO - Processing file /home/beatriz/Documentos/airflow/airflow_venv/lib/python3.10/site-packages/airflow/example_dags/example_latest_only.py for tasks to queue
[2024-12-10T11:57:41.797-0300] {logging_mixin.py:188} INFO - [2024-12-10T11:57:41.797-0300] {dagbag.py:540} INFO - Filling up the DagBag from /home/beatriz/Documentos/airflow/airflow_venv/lib/python3.10/site-packages/airflow/example_dags/example_latest_only.py
[2024-12-10T11:57:41.804-0300] {processor.py:840} INFO - DAG(s) 'latest_only' retrieved from /home/beatriz/Documentos/airflow/airflow_venv/lib/python3.10/site-packages/airflow/example_dags/example_latest_only.py
[2024-12-10T11:57:41.818-0300] {logging_mixin.py:188} INFO - [2024-12-10T11:57:41.818-0300] {dag.py:3096} INFO - Sync 1 DAGs
[2024-12-10T11:57:41.836-0300] {logging_mixin.py:188} INFO - [2024-12-10T11:57:41.836-0300] {dag.py:3954} INFO - Setting next_dagrun for latest_only to 2024-12-10 08:00:00+00:00, run_after=2024-12-10 12:00:00+00:00
[2024-12-10T11:57:41.855-0300] {processor.py:183} INFO - Processing /home/beatriz/Documentos/airflow/airflow_venv/lib/python3.10/site-packages/airflow/example_dags/example_latest_only.py took 0.065 seconds
[2024-12-10T11:58:43.344-0300] {processor.py:161} INFO - Started process (PID=35966) to work on /home/beatriz/Documentos/airflow/airflow_venv/lib/python3.10/site-packages/airflow/example_dags/example_latest_only.py
[2024-12-10T11:58:43.345-0300] {processor.py:830} INFO - Processing file /home/beatriz/Documentos/airflow/airflow_venv/lib/python3.10/site-packages/airflow/example_dags/example_latest_only.py for tasks to queue
[2024-12-10T11:58:43.346-0300] {logging_mixin.py:188} INFO - [2024-12-10T11:58:43.346-0300] {dagbag.py:540} INFO - Filling up the DagBag from /home/beatriz/Documentos/airflow/airflow_venv/lib/python3.10/site-packages/airflow/example_dags/example_latest_only.py
[2024-12-10T11:58:43.352-0300] {processor.py:840} INFO - DAG(s) 'latest_only' retrieved from /home/beatriz/Documentos/airflow/airflow_venv/lib/python3.10/site-packages/airflow/example_dags/example_latest_only.py
[2024-12-10T11:58:43.372-0300] {logging_mixin.py:188} INFO - [2024-12-10T11:58:43.372-0300] {dag.py:3096} INFO - Sync 1 DAGs
[2024-12-10T11:58:43.403-0300] {logging_mixin.py:188} INFO - [2024-12-10T11:58:43.403-0300] {dag.py:3954} INFO - Setting next_dagrun for latest_only to 2024-12-10 08:00:00+00:00, run_after=2024-12-10 12:00:00+00:00
[2024-12-10T11:58:43.434-0300] {processor.py:183} INFO - Processing /home/beatriz/Documentos/airflow/airflow_venv/lib/python3.10/site-packages/airflow/example_dags/example_latest_only.py took 0.097 seconds
[2024-12-10T12:00:52.148-0300] {processor.py:161} INFO - Started process (PID=36754) to work on /home/beatriz/Documentos/airflow/airflow_venv/lib/python3.10/site-packages/airflow/example_dags/example_latest_only.py
[2024-12-10T12:00:52.149-0300] {processor.py:830} INFO - Processing file /home/beatriz/Documentos/airflow/airflow_venv/lib/python3.10/site-packages/airflow/example_dags/example_latest_only.py for tasks to queue
[2024-12-10T12:00:52.150-0300] {logging_mixin.py:188} INFO - [2024-12-10T12:00:52.149-0300] {dagbag.py:540} INFO - Filling up the DagBag from /home/beatriz/Documentos/airflow/airflow_venv/lib/python3.10/site-packages/airflow/example_dags/example_latest_only.py
[2024-12-10T12:00:52.156-0300] {processor.py:840} INFO - DAG(s) 'latest_only' retrieved from /home/beatriz/Documentos/airflow/airflow_venv/lib/python3.10/site-packages/airflow/example_dags/example_latest_only.py
[2024-12-10T12:00:52.167-0300] {logging_mixin.py:188} INFO - [2024-12-10T12:00:52.167-0300] {dag.py:3096} INFO - Sync 1 DAGs
[2024-12-10T12:00:52.180-0300] {logging_mixin.py:188} INFO - [2024-12-10T12:00:52.179-0300] {dag.py:3954} INFO - Setting next_dagrun for latest_only to 2024-12-10 08:00:00+00:00, run_after=2024-12-10 12:00:00+00:00
[2024-12-10T12:00:52.197-0300] {processor.py:183} INFO - Processing /home/beatriz/Documentos/airflow/airflow_venv/lib/python3.10/site-packages/airflow/example_dags/example_latest_only.py took 0.054 seconds
[2024-12-10T12:01:49.630-0300] {processor.py:161} INFO - Started process (PID=37232) to work on /home/beatriz/Documentos/airflow/airflow_venv/lib/python3.10/site-packages/airflow/example_dags/example_latest_only.py
[2024-12-10T12:01:49.631-0300] {processor.py:830} INFO - Processing file /home/beatriz/Documentos/airflow/airflow_venv/lib/python3.10/site-packages/airflow/example_dags/example_latest_only.py for tasks to queue
[2024-12-10T12:01:49.631-0300] {logging_mixin.py:188} INFO - [2024-12-10T12:01:49.631-0300] {dagbag.py:540} INFO - Filling up the DagBag from /home/beatriz/Documentos/airflow/airflow_venv/lib/python3.10/site-packages/airflow/example_dags/example_latest_only.py
[2024-12-10T12:01:49.637-0300] {processor.py:840} INFO - DAG(s) 'latest_only' retrieved from /home/beatriz/Documentos/airflow/airflow_venv/lib/python3.10/site-packages/airflow/example_dags/example_latest_only.py
[2024-12-10T12:01:49.649-0300] {logging_mixin.py:188} INFO - [2024-12-10T12:01:49.649-0300] {dag.py:3096} INFO - Sync 1 DAGs
[2024-12-10T12:01:49.662-0300] {logging_mixin.py:188} INFO - [2024-12-10T12:01:49.662-0300] {dag.py:3954} INFO - Setting next_dagrun for latest_only to 2024-12-10 08:00:00+00:00, run_after=2024-12-10 12:00:00+00:00
[2024-12-10T12:01:49.681-0300] {processor.py:183} INFO - Processing /home/beatriz/Documentos/airflow/airflow_venv/lib/python3.10/site-packages/airflow/example_dags/example_latest_only.py took 0.055 seconds
[2024-12-10T13:34:39.813-0300] {processor.py:161} INFO - Started process (PID=40408) to work on /home/beatriz/Documentos/airflow/airflow_venv/lib/python3.10/site-packages/airflow/example_dags/example_latest_only.py
[2024-12-10T13:34:39.814-0300] {processor.py:830} INFO - Processing file /home/beatriz/Documentos/airflow/airflow_venv/lib/python3.10/site-packages/airflow/example_dags/example_latest_only.py for tasks to queue
[2024-12-10T13:34:39.815-0300] {logging_mixin.py:188} INFO - [2024-12-10T13:34:39.815-0300] {dagbag.py:540} INFO - Filling up the DagBag from /home/beatriz/Documentos/airflow/airflow_venv/lib/python3.10/site-packages/airflow/example_dags/example_latest_only.py
[2024-12-10T13:34:39.821-0300] {processor.py:840} INFO - DAG(s) 'latest_only' retrieved from /home/beatriz/Documentos/airflow/airflow_venv/lib/python3.10/site-packages/airflow/example_dags/example_latest_only.py
[2024-12-10T13:34:39.890-0300] {logging_mixin.py:188} INFO - [2024-12-10T13:34:39.890-0300] {dag.py:3096} INFO - Sync 1 DAGs
[2024-12-10T13:34:39.902-0300] {logging_mixin.py:188} INFO - [2024-12-10T13:34:39.902-0300] {dag.py:3954} INFO - Setting next_dagrun for latest_only to 2024-12-10 12:00:00+00:00, run_after=2024-12-10 16:00:00+00:00
[2024-12-10T13:34:39.920-0300] {processor.py:183} INFO - Processing /home/beatriz/Documentos/airflow/airflow_venv/lib/python3.10/site-packages/airflow/example_dags/example_latest_only.py took 0.111 seconds
[2024-12-10T13:36:10.266-0300] {processor.py:161} INFO - Started process (PID=41669) to work on /home/beatriz/Documentos/airflow/airflow_venv/lib/python3.10/site-packages/airflow/example_dags/example_latest_only.py
[2024-12-10T13:36:10.267-0300] {processor.py:830} INFO - Processing file /home/beatriz/Documentos/airflow/airflow_venv/lib/python3.10/site-packages/airflow/example_dags/example_latest_only.py for tasks to queue
[2024-12-10T13:36:10.268-0300] {logging_mixin.py:188} INFO - [2024-12-10T13:36:10.267-0300] {dagbag.py:540} INFO - Filling up the DagBag from /home/beatriz/Documentos/airflow/airflow_venv/lib/python3.10/site-packages/airflow/example_dags/example_latest_only.py
[2024-12-10T13:36:10.273-0300] {processor.py:840} INFO - DAG(s) 'latest_only' retrieved from /home/beatriz/Documentos/airflow/airflow_venv/lib/python3.10/site-packages/airflow/example_dags/example_latest_only.py
[2024-12-10T13:36:10.284-0300] {logging_mixin.py:188} INFO - [2024-12-10T13:36:10.284-0300] {dag.py:3096} INFO - Sync 1 DAGs
[2024-12-10T13:36:10.299-0300] {logging_mixin.py:188} INFO - [2024-12-10T13:36:10.299-0300] {dag.py:3954} INFO - Setting next_dagrun for latest_only to 2024-12-10 12:00:00+00:00, run_after=2024-12-10 16:00:00+00:00
[2024-12-10T13:36:10.316-0300] {processor.py:183} INFO - Processing /home/beatriz/Documentos/airflow/airflow_venv/lib/python3.10/site-packages/airflow/example_dags/example_latest_only.py took 0.055 seconds
[2024-12-10T13:37:12.897-0300] {processor.py:161} INFO - Started process (PID=42330) to work on /home/beatriz/Documentos/airflow/airflow_venv/lib/python3.10/site-packages/airflow/example_dags/example_latest_only.py
[2024-12-10T13:37:12.897-0300] {processor.py:830} INFO - Processing file /home/beatriz/Documentos/airflow/airflow_venv/lib/python3.10/site-packages/airflow/example_dags/example_latest_only.py for tasks to queue
[2024-12-10T13:37:12.899-0300] {logging_mixin.py:188} INFO - [2024-12-10T13:37:12.898-0300] {dagbag.py:540} INFO - Filling up the DagBag from /home/beatriz/Documentos/airflow/airflow_venv/lib/python3.10/site-packages/airflow/example_dags/example_latest_only.py
[2024-12-10T13:37:12.904-0300] {processor.py:840} INFO - DAG(s) 'latest_only' retrieved from /home/beatriz/Documentos/airflow/airflow_venv/lib/python3.10/site-packages/airflow/example_dags/example_latest_only.py
[2024-12-10T13:37:12.915-0300] {logging_mixin.py:188} INFO - [2024-12-10T13:37:12.915-0300] {dag.py:3096} INFO - Sync 1 DAGs
[2024-12-10T13:37:12.929-0300] {logging_mixin.py:188} INFO - [2024-12-10T13:37:12.929-0300] {dag.py:3954} INFO - Setting next_dagrun for latest_only to 2024-12-10 12:00:00+00:00, run_after=2024-12-10 16:00:00+00:00
[2024-12-10T13:37:13.021-0300] {processor.py:183} INFO - Processing /home/beatriz/Documentos/airflow/airflow_venv/lib/python3.10/site-packages/airflow/example_dags/example_latest_only.py took 0.129 seconds
[2024-12-10T13:38:22.459-0300] {processor.py:161} INFO - Started process (PID=42969) to work on /home/beatriz/Documentos/airflow/airflow_venv/lib/python3.10/site-packages/airflow/example_dags/example_latest_only.py
[2024-12-10T13:38:22.461-0300] {processor.py:830} INFO - Processing file /home/beatriz/Documentos/airflow/airflow_venv/lib/python3.10/site-packages/airflow/example_dags/example_latest_only.py for tasks to queue
[2024-12-10T13:38:22.464-0300] {logging_mixin.py:188} INFO - [2024-12-10T13:38:22.463-0300] {dagbag.py:540} INFO - Filling up the DagBag from /home/beatriz/Documentos/airflow/airflow_venv/lib/python3.10/site-packages/airflow/example_dags/example_latest_only.py
[2024-12-10T13:38:22.473-0300] {processor.py:840} INFO - DAG(s) 'latest_only' retrieved from /home/beatriz/Documentos/airflow/airflow_venv/lib/python3.10/site-packages/airflow/example_dags/example_latest_only.py
[2024-12-10T13:38:22.491-0300] {logging_mixin.py:188} INFO - [2024-12-10T13:38:22.490-0300] {dag.py:3096} INFO - Sync 1 DAGs
[2024-12-10T13:38:22.507-0300] {logging_mixin.py:188} INFO - [2024-12-10T13:38:22.507-0300] {dag.py:3954} INFO - Setting next_dagrun for latest_only to 2024-12-10 12:00:00+00:00, run_after=2024-12-10 16:00:00+00:00
[2024-12-10T13:38:22.525-0300] {processor.py:183} INFO - Processing /home/beatriz/Documentos/airflow/airflow_venv/lib/python3.10/site-packages/airflow/example_dags/example_latest_only.py took 0.079 seconds
[2024-12-10T13:45:44.661-0300] {processor.py:161} INFO - Started process (PID=45754) to work on /home/beatriz/Documentos/airflow/airflow_venv/lib/python3.10/site-packages/airflow/example_dags/example_latest_only.py
[2024-12-10T13:45:44.663-0300] {processor.py:830} INFO - Processing file /home/beatriz/Documentos/airflow/airflow_venv/lib/python3.10/site-packages/airflow/example_dags/example_latest_only.py for tasks to queue
[2024-12-10T13:45:44.665-0300] {logging_mixin.py:188} INFO - [2024-12-10T13:45:44.664-0300] {dagbag.py:540} INFO - Filling up the DagBag from /home/beatriz/Documentos/airflow/airflow_venv/lib/python3.10/site-packages/airflow/example_dags/example_latest_only.py
[2024-12-10T13:45:44.673-0300] {processor.py:840} INFO - DAG(s) 'latest_only' retrieved from /home/beatriz/Documentos/airflow/airflow_venv/lib/python3.10/site-packages/airflow/example_dags/example_latest_only.py
[2024-12-10T13:45:44.758-0300] {logging_mixin.py:188} INFO - [2024-12-10T13:45:44.758-0300] {dag.py:3096} INFO - Sync 1 DAGs
[2024-12-10T13:45:44.770-0300] {logging_mixin.py:188} INFO - [2024-12-10T13:45:44.770-0300] {dag.py:3954} INFO - Setting next_dagrun for latest_only to 2024-12-10 12:00:00+00:00, run_after=2024-12-10 16:00:00+00:00
[2024-12-10T13:45:44.788-0300] {processor.py:183} INFO - Processing /home/beatriz/Documentos/airflow/airflow_venv/lib/python3.10/site-packages/airflow/example_dags/example_latest_only.py took 0.134 seconds
