[2024-12-10T10:09:26.814-0300] {processor.py:161} INFO - Started process (PID=10326) to work on /home/beatriz/Documentos/airflow/airflow_venv/lib/python3.10/site-packages/airflow/example_dags/example_sla_dag.py
[2024-12-10T10:09:26.815-0300] {processor.py:830} INFO - Processing file /home/beatriz/Documentos/airflow/airflow_venv/lib/python3.10/site-packages/airflow/example_dags/example_sla_dag.py for tasks to queue
[2024-12-10T10:09:26.816-0300] {logging_mixin.py:188} INFO - [2024-12-10T10:09:26.816-0300] {dagbag.py:540} INFO - Filling up the DagBag from /home/beatriz/Documentos/airflow/airflow_venv/lib/python3.10/site-packages/airflow/example_dags/example_sla_dag.py
[2024-12-10T10:09:26.822-0300] {processor.py:840} INFO - DAG(s) 'example_sla_dag' retrieved from /home/beatriz/Documentos/airflow/airflow_venv/lib/python3.10/site-packages/airflow/example_dags/example_sla_dag.py
[2024-12-10T10:09:26.828-0300] {logging_mixin.py:188} INFO - [2024-12-10T10:09:26.828-0300] {dag.py:3096} INFO - Sync 1 DAGs
[2024-12-10T10:09:26.846-0300] {logging_mixin.py:188} INFO - [2024-12-10T10:09:26.845-0300] {dag.py:3954} INFO - Setting next_dagrun for example_sla_dag to 2024-12-10 13:06:00+00:00, run_after=2024-12-10 13:08:00+00:00
[2024-12-10T10:09:26.870-0300] {processor.py:183} INFO - Processing /home/beatriz/Documentos/airflow/airflow_venv/lib/python3.10/site-packages/airflow/example_dags/example_sla_dag.py took 0.060 seconds
[2024-12-10T10:10:25.368-0300] {processor.py:161} INFO - Started process (PID=10946) to work on /home/beatriz/Documentos/airflow/airflow_venv/lib/python3.10/site-packages/airflow/example_dags/example_sla_dag.py
[2024-12-10T10:10:25.385-0300] {processor.py:830} INFO - Processing file /home/beatriz/Documentos/airflow/airflow_venv/lib/python3.10/site-packages/airflow/example_dags/example_sla_dag.py for tasks to queue
[2024-12-10T10:10:25.386-0300] {logging_mixin.py:188} INFO - [2024-12-10T10:10:25.386-0300] {dagbag.py:540} INFO - Filling up the DagBag from /home/beatriz/Documentos/airflow/airflow_venv/lib/python3.10/site-packages/airflow/example_dags/example_sla_dag.py
[2024-12-10T10:10:25.395-0300] {processor.py:840} INFO - DAG(s) 'example_sla_dag' retrieved from /home/beatriz/Documentos/airflow/airflow_venv/lib/python3.10/site-packages/airflow/example_dags/example_sla_dag.py
[2024-12-10T10:10:25.468-0300] {logging_mixin.py:188} INFO - [2024-12-10T10:10:25.467-0300] {dag.py:3096} INFO - Sync 1 DAGs
[2024-12-10T10:10:25.485-0300] {logging_mixin.py:188} INFO - [2024-12-10T10:10:25.485-0300] {dag.py:3954} INFO - Setting next_dagrun for example_sla_dag to 2024-12-10 13:08:00+00:00, run_after=2024-12-10 13:10:00+00:00
[2024-12-10T10:10:25.504-0300] {processor.py:183} INFO - Processing /home/beatriz/Documentos/airflow/airflow_venv/lib/python3.10/site-packages/airflow/example_dags/example_sla_dag.py took 0.140 seconds
[2024-12-10T10:11:21.529-0300] {processor.py:161} INFO - Started process (PID=11486) to work on /home/beatriz/Documentos/airflow/airflow_venv/lib/python3.10/site-packages/airflow/example_dags/example_sla_dag.py
[2024-12-10T10:11:21.531-0300] {processor.py:830} INFO - Processing file /home/beatriz/Documentos/airflow/airflow_venv/lib/python3.10/site-packages/airflow/example_dags/example_sla_dag.py for tasks to queue
[2024-12-10T10:11:21.532-0300] {logging_mixin.py:188} INFO - [2024-12-10T10:11:21.532-0300] {dagbag.py:540} INFO - Filling up the DagBag from /home/beatriz/Documentos/airflow/airflow_venv/lib/python3.10/site-packages/airflow/example_dags/example_sla_dag.py
[2024-12-10T10:11:21.539-0300] {processor.py:840} INFO - DAG(s) 'example_sla_dag' retrieved from /home/beatriz/Documentos/airflow/airflow_venv/lib/python3.10/site-packages/airflow/example_dags/example_sla_dag.py
[2024-12-10T10:11:21.550-0300] {logging_mixin.py:188} INFO - [2024-12-10T10:11:21.549-0300] {dag.py:3096} INFO - Sync 1 DAGs
[2024-12-10T10:11:21.566-0300] {logging_mixin.py:188} INFO - [2024-12-10T10:11:21.566-0300] {dag.py:3954} INFO - Setting next_dagrun for example_sla_dag to 2024-12-10 13:08:00+00:00, run_after=2024-12-10 13:10:00+00:00
[2024-12-10T10:11:21.582-0300] {processor.py:183} INFO - Processing /home/beatriz/Documentos/airflow/airflow_venv/lib/python3.10/site-packages/airflow/example_dags/example_sla_dag.py took 0.058 seconds
[2024-12-10T10:12:16.071-0300] {processor.py:161} INFO - Started process (PID=11932) to work on /home/beatriz/Documentos/airflow/airflow_venv/lib/python3.10/site-packages/airflow/example_dags/example_sla_dag.py
[2024-12-10T10:12:16.074-0300] {processor.py:830} INFO - Processing file /home/beatriz/Documentos/airflow/airflow_venv/lib/python3.10/site-packages/airflow/example_dags/example_sla_dag.py for tasks to queue
[2024-12-10T10:12:16.075-0300] {logging_mixin.py:188} INFO - [2024-12-10T10:12:16.075-0300] {dagbag.py:540} INFO - Filling up the DagBag from /home/beatriz/Documentos/airflow/airflow_venv/lib/python3.10/site-packages/airflow/example_dags/example_sla_dag.py
[2024-12-10T10:12:16.086-0300] {processor.py:840} INFO - DAG(s) 'example_sla_dag' retrieved from /home/beatriz/Documentos/airflow/airflow_venv/lib/python3.10/site-packages/airflow/example_dags/example_sla_dag.py
[2024-12-10T10:12:16.102-0300] {logging_mixin.py:188} INFO - [2024-12-10T10:12:16.102-0300] {dag.py:3096} INFO - Sync 1 DAGs
[2024-12-10T10:12:16.120-0300] {logging_mixin.py:188} INFO - [2024-12-10T10:12:16.119-0300] {dag.py:3954} INFO - Setting next_dagrun for example_sla_dag to 2024-12-10 13:10:00+00:00, run_after=2024-12-10 13:12:00+00:00
[2024-12-10T10:12:16.138-0300] {processor.py:183} INFO - Processing /home/beatriz/Documentos/airflow/airflow_venv/lib/python3.10/site-packages/airflow/example_dags/example_sla_dag.py took 0.074 seconds
[2024-12-10T10:13:06.032-0300] {processor.py:161} INFO - Started process (PID=12346) to work on /home/beatriz/Documentos/airflow/airflow_venv/lib/python3.10/site-packages/airflow/example_dags/example_sla_dag.py
[2024-12-10T10:13:06.039-0300] {processor.py:830} INFO - Processing file /home/beatriz/Documentos/airflow/airflow_venv/lib/python3.10/site-packages/airflow/example_dags/example_sla_dag.py for tasks to queue
[2024-12-10T10:13:06.040-0300] {logging_mixin.py:188} INFO - [2024-12-10T10:13:06.040-0300] {dagbag.py:540} INFO - Filling up the DagBag from /home/beatriz/Documentos/airflow/airflow_venv/lib/python3.10/site-packages/airflow/example_dags/example_sla_dag.py
[2024-12-10T10:13:06.048-0300] {processor.py:840} INFO - DAG(s) 'example_sla_dag' retrieved from /home/beatriz/Documentos/airflow/airflow_venv/lib/python3.10/site-packages/airflow/example_dags/example_sla_dag.py
[2024-12-10T10:13:06.061-0300] {logging_mixin.py:188} INFO - [2024-12-10T10:13:06.060-0300] {dag.py:3096} INFO - Sync 1 DAGs
[2024-12-10T10:13:06.079-0300] {logging_mixin.py:188} INFO - [2024-12-10T10:13:06.079-0300] {dag.py:3954} INFO - Setting next_dagrun for example_sla_dag to 2024-12-10 13:10:00+00:00, run_after=2024-12-10 13:12:00+00:00
[2024-12-10T10:13:06.109-0300] {processor.py:183} INFO - Processing /home/beatriz/Documentos/airflow/airflow_venv/lib/python3.10/site-packages/airflow/example_dags/example_sla_dag.py took 0.081 seconds
[2024-12-10T10:13:56.707-0300] {processor.py:161} INFO - Started process (PID=12683) to work on /home/beatriz/Documentos/airflow/airflow_venv/lib/python3.10/site-packages/airflow/example_dags/example_sla_dag.py
[2024-12-10T10:13:56.710-0300] {processor.py:830} INFO - Processing file /home/beatriz/Documentos/airflow/airflow_venv/lib/python3.10/site-packages/airflow/example_dags/example_sla_dag.py for tasks to queue
[2024-12-10T10:13:56.715-0300] {logging_mixin.py:188} INFO - [2024-12-10T10:13:56.714-0300] {dagbag.py:540} INFO - Filling up the DagBag from /home/beatriz/Documentos/airflow/airflow_venv/lib/python3.10/site-packages/airflow/example_dags/example_sla_dag.py
[2024-12-10T10:13:56.733-0300] {processor.py:840} INFO - DAG(s) 'example_sla_dag' retrieved from /home/beatriz/Documentos/airflow/airflow_venv/lib/python3.10/site-packages/airflow/example_dags/example_sla_dag.py
[2024-12-10T10:13:56.746-0300] {logging_mixin.py:188} INFO - [2024-12-10T10:13:56.746-0300] {dag.py:3096} INFO - Sync 1 DAGs
[2024-12-10T10:13:56.763-0300] {logging_mixin.py:188} INFO - [2024-12-10T10:13:56.763-0300] {dag.py:3954} INFO - Setting next_dagrun for example_sla_dag to 2024-12-10 13:10:00+00:00, run_after=2024-12-10 13:12:00+00:00
[2024-12-10T10:13:56.780-0300] {processor.py:183} INFO - Processing /home/beatriz/Documentos/airflow/airflow_venv/lib/python3.10/site-packages/airflow/example_dags/example_sla_dag.py took 0.086 seconds
[2024-12-10T10:14:45.193-0300] {processor.py:161} INFO - Started process (PID=13238) to work on /home/beatriz/Documentos/airflow/airflow_venv/lib/python3.10/site-packages/airflow/example_dags/example_sla_dag.py
[2024-12-10T10:14:45.194-0300] {processor.py:830} INFO - Processing file /home/beatriz/Documentos/airflow/airflow_venv/lib/python3.10/site-packages/airflow/example_dags/example_sla_dag.py for tasks to queue
[2024-12-10T10:14:45.195-0300] {logging_mixin.py:188} INFO - [2024-12-10T10:14:45.195-0300] {dagbag.py:540} INFO - Filling up the DagBag from /home/beatriz/Documentos/airflow/airflow_venv/lib/python3.10/site-packages/airflow/example_dags/example_sla_dag.py
[2024-12-10T10:14:45.201-0300] {processor.py:840} INFO - DAG(s) 'example_sla_dag' retrieved from /home/beatriz/Documentos/airflow/airflow_venv/lib/python3.10/site-packages/airflow/example_dags/example_sla_dag.py
[2024-12-10T10:14:45.212-0300] {logging_mixin.py:188} INFO - [2024-12-10T10:14:45.212-0300] {dag.py:3096} INFO - Sync 1 DAGs
[2024-12-10T10:14:45.229-0300] {logging_mixin.py:188} INFO - [2024-12-10T10:14:45.229-0300] {dag.py:3954} INFO - Setting next_dagrun for example_sla_dag to 2024-12-10 13:12:00+00:00, run_after=2024-12-10 13:14:00+00:00
[2024-12-10T10:14:45.245-0300] {processor.py:183} INFO - Processing /home/beatriz/Documentos/airflow/airflow_venv/lib/python3.10/site-packages/airflow/example_dags/example_sla_dag.py took 0.057 seconds
[2024-12-10T10:15:35.353-0300] {processor.py:161} INFO - Started process (PID=13672) to work on /home/beatriz/Documentos/airflow/airflow_venv/lib/python3.10/site-packages/airflow/example_dags/example_sla_dag.py
[2024-12-10T10:15:35.355-0300] {processor.py:830} INFO - Processing file /home/beatriz/Documentos/airflow/airflow_venv/lib/python3.10/site-packages/airflow/example_dags/example_sla_dag.py for tasks to queue
[2024-12-10T10:15:35.357-0300] {logging_mixin.py:188} INFO - [2024-12-10T10:15:35.356-0300] {dagbag.py:540} INFO - Filling up the DagBag from /home/beatriz/Documentos/airflow/airflow_venv/lib/python3.10/site-packages/airflow/example_dags/example_sla_dag.py
[2024-12-10T10:15:35.363-0300] {processor.py:840} INFO - DAG(s) 'example_sla_dag' retrieved from /home/beatriz/Documentos/airflow/airflow_venv/lib/python3.10/site-packages/airflow/example_dags/example_sla_dag.py
[2024-12-10T10:15:35.374-0300] {logging_mixin.py:188} INFO - [2024-12-10T10:15:35.374-0300] {dag.py:3096} INFO - Sync 1 DAGs
[2024-12-10T10:15:35.390-0300] {logging_mixin.py:188} INFO - [2024-12-10T10:15:35.390-0300] {dag.py:3954} INFO - Setting next_dagrun for example_sla_dag to 2024-12-10 13:12:00+00:00, run_after=2024-12-10 13:14:00+00:00
[2024-12-10T10:15:35.408-0300] {processor.py:183} INFO - Processing /home/beatriz/Documentos/airflow/airflow_venv/lib/python3.10/site-packages/airflow/example_dags/example_sla_dag.py took 0.059 seconds
[2024-12-10T10:16:24.102-0300] {processor.py:161} INFO - Started process (PID=14112) to work on /home/beatriz/Documentos/airflow/airflow_venv/lib/python3.10/site-packages/airflow/example_dags/example_sla_dag.py
[2024-12-10T10:16:24.104-0300] {processor.py:830} INFO - Processing file /home/beatriz/Documentos/airflow/airflow_venv/lib/python3.10/site-packages/airflow/example_dags/example_sla_dag.py for tasks to queue
[2024-12-10T10:16:24.106-0300] {logging_mixin.py:188} INFO - [2024-12-10T10:16:24.105-0300] {dagbag.py:540} INFO - Filling up the DagBag from /home/beatriz/Documentos/airflow/airflow_venv/lib/python3.10/site-packages/airflow/example_dags/example_sla_dag.py
[2024-12-10T10:16:24.116-0300] {processor.py:840} INFO - DAG(s) 'example_sla_dag' retrieved from /home/beatriz/Documentos/airflow/airflow_venv/lib/python3.10/site-packages/airflow/example_dags/example_sla_dag.py
[2024-12-10T10:16:24.129-0300] {logging_mixin.py:188} INFO - [2024-12-10T10:16:24.129-0300] {dag.py:3096} INFO - Sync 1 DAGs
[2024-12-10T10:16:24.149-0300] {logging_mixin.py:188} INFO - [2024-12-10T10:16:24.149-0300] {dag.py:3954} INFO - Setting next_dagrun for example_sla_dag to 2024-12-10 13:14:00+00:00, run_after=2024-12-10 13:16:00+00:00
[2024-12-10T10:16:24.170-0300] {processor.py:183} INFO - Processing /home/beatriz/Documentos/airflow/airflow_venv/lib/python3.10/site-packages/airflow/example_dags/example_sla_dag.py took 0.082 seconds
[2024-12-10T10:17:18.568-0300] {processor.py:161} INFO - Started process (PID=14522) to work on /home/beatriz/Documentos/airflow/airflow_venv/lib/python3.10/site-packages/airflow/example_dags/example_sla_dag.py
[2024-12-10T10:17:18.570-0300] {processor.py:830} INFO - Processing file /home/beatriz/Documentos/airflow/airflow_venv/lib/python3.10/site-packages/airflow/example_dags/example_sla_dag.py for tasks to queue
[2024-12-10T10:17:18.574-0300] {logging_mixin.py:188} INFO - [2024-12-10T10:17:18.573-0300] {dagbag.py:540} INFO - Filling up the DagBag from /home/beatriz/Documentos/airflow/airflow_venv/lib/python3.10/site-packages/airflow/example_dags/example_sla_dag.py
[2024-12-10T10:17:18.590-0300] {processor.py:840} INFO - DAG(s) 'example_sla_dag' retrieved from /home/beatriz/Documentos/airflow/airflow_venv/lib/python3.10/site-packages/airflow/example_dags/example_sla_dag.py
[2024-12-10T10:17:18.609-0300] {logging_mixin.py:188} INFO - [2024-12-10T10:17:18.608-0300] {dag.py:3096} INFO - Sync 1 DAGs
[2024-12-10T10:17:18.627-0300] {logging_mixin.py:188} INFO - [2024-12-10T10:17:18.627-0300] {dag.py:3954} INFO - Setting next_dagrun for example_sla_dag to 2024-12-10 13:14:00+00:00, run_after=2024-12-10 13:16:00+00:00
[2024-12-10T10:17:18.644-0300] {processor.py:183} INFO - Processing /home/beatriz/Documentos/airflow/airflow_venv/lib/python3.10/site-packages/airflow/example_dags/example_sla_dag.py took 0.081 seconds
[2024-12-10T10:18:10.489-0300] {processor.py:161} INFO - Started process (PID=14999) to work on /home/beatriz/Documentos/airflow/airflow_venv/lib/python3.10/site-packages/airflow/example_dags/example_sla_dag.py
[2024-12-10T10:18:10.492-0300] {processor.py:830} INFO - Processing file /home/beatriz/Documentos/airflow/airflow_venv/lib/python3.10/site-packages/airflow/example_dags/example_sla_dag.py for tasks to queue
[2024-12-10T10:18:10.494-0300] {logging_mixin.py:188} INFO - [2024-12-10T10:18:10.493-0300] {dagbag.py:540} INFO - Filling up the DagBag from /home/beatriz/Documentos/airflow/airflow_venv/lib/python3.10/site-packages/airflow/example_dags/example_sla_dag.py
[2024-12-10T10:18:10.508-0300] {processor.py:840} INFO - DAG(s) 'example_sla_dag' retrieved from /home/beatriz/Documentos/airflow/airflow_venv/lib/python3.10/site-packages/airflow/example_dags/example_sla_dag.py
[2024-12-10T10:18:10.523-0300] {logging_mixin.py:188} INFO - [2024-12-10T10:18:10.523-0300] {dag.py:3096} INFO - Sync 1 DAGs
[2024-12-10T10:18:10.541-0300] {logging_mixin.py:188} INFO - [2024-12-10T10:18:10.540-0300] {dag.py:3954} INFO - Setting next_dagrun for example_sla_dag to 2024-12-10 13:16:00+00:00, run_after=2024-12-10 13:18:00+00:00
[2024-12-10T10:18:10.558-0300] {processor.py:183} INFO - Processing /home/beatriz/Documentos/airflow/airflow_venv/lib/python3.10/site-packages/airflow/example_dags/example_sla_dag.py took 0.077 seconds
[2024-12-10T10:19:00.957-0300] {processor.py:161} INFO - Started process (PID=15426) to work on /home/beatriz/Documentos/airflow/airflow_venv/lib/python3.10/site-packages/airflow/example_dags/example_sla_dag.py
[2024-12-10T10:19:00.960-0300] {processor.py:830} INFO - Processing file /home/beatriz/Documentos/airflow/airflow_venv/lib/python3.10/site-packages/airflow/example_dags/example_sla_dag.py for tasks to queue
[2024-12-10T10:19:00.963-0300] {logging_mixin.py:188} INFO - [2024-12-10T10:19:00.962-0300] {dagbag.py:540} INFO - Filling up the DagBag from /home/beatriz/Documentos/airflow/airflow_venv/lib/python3.10/site-packages/airflow/example_dags/example_sla_dag.py
[2024-12-10T10:19:00.978-0300] {processor.py:840} INFO - DAG(s) 'example_sla_dag' retrieved from /home/beatriz/Documentos/airflow/airflow_venv/lib/python3.10/site-packages/airflow/example_dags/example_sla_dag.py
[2024-12-10T10:19:00.992-0300] {logging_mixin.py:188} INFO - [2024-12-10T10:19:00.992-0300] {dag.py:3096} INFO - Sync 1 DAGs
[2024-12-10T10:19:01.009-0300] {logging_mixin.py:188} INFO - [2024-12-10T10:19:01.009-0300] {dag.py:3954} INFO - Setting next_dagrun for example_sla_dag to 2024-12-10 13:16:00+00:00, run_after=2024-12-10 13:18:00+00:00
[2024-12-10T10:19:01.026-0300] {processor.py:183} INFO - Processing /home/beatriz/Documentos/airflow/airflow_venv/lib/python3.10/site-packages/airflow/example_dags/example_sla_dag.py took 0.081 seconds
[2024-12-10T11:01:05.488-0300] {processor.py:161} INFO - Started process (PID=19225) to work on /home/beatriz/Documentos/airflow/airflow_venv/lib/python3.10/site-packages/airflow/example_dags/example_sla_dag.py
[2024-12-10T11:01:05.491-0300] {processor.py:830} INFO - Processing file /home/beatriz/Documentos/airflow/airflow_venv/lib/python3.10/site-packages/airflow/example_dags/example_sla_dag.py for tasks to queue
[2024-12-10T11:01:05.494-0300] {logging_mixin.py:188} INFO - [2024-12-10T11:01:05.494-0300] {dagbag.py:540} INFO - Filling up the DagBag from /home/beatriz/Documentos/airflow/airflow_venv/lib/python3.10/site-packages/airflow/example_dags/example_sla_dag.py
[2024-12-10T11:01:05.509-0300] {processor.py:840} INFO - DAG(s) 'example_sla_dag' retrieved from /home/beatriz/Documentos/airflow/airflow_venv/lib/python3.10/site-packages/airflow/example_dags/example_sla_dag.py
[2024-12-10T11:01:05.584-0300] {logging_mixin.py:188} INFO - [2024-12-10T11:01:05.584-0300] {dag.py:3096} INFO - Sync 1 DAGs
[2024-12-10T11:01:05.599-0300] {logging_mixin.py:188} INFO - [2024-12-10T11:01:05.599-0300] {dag.py:3954} INFO - Setting next_dagrun for example_sla_dag to 2024-12-10 13:58:00+00:00, run_after=2024-12-10 14:00:00+00:00
[2024-12-10T11:01:05.615-0300] {processor.py:183} INFO - Processing /home/beatriz/Documentos/airflow/airflow_venv/lib/python3.10/site-packages/airflow/example_dags/example_sla_dag.py took 0.138 seconds
[2024-12-10T11:02:12.651-0300] {processor.py:161} INFO - Started process (PID=20086) to work on /home/beatriz/Documentos/airflow/airflow_venv/lib/python3.10/site-packages/airflow/example_dags/example_sla_dag.py
[2024-12-10T11:02:12.653-0300] {processor.py:830} INFO - Processing file /home/beatriz/Documentos/airflow/airflow_venv/lib/python3.10/site-packages/airflow/example_dags/example_sla_dag.py for tasks to queue
[2024-12-10T11:02:12.655-0300] {logging_mixin.py:188} INFO - [2024-12-10T11:02:12.655-0300] {dagbag.py:540} INFO - Filling up the DagBag from /home/beatriz/Documentos/airflow/airflow_venv/lib/python3.10/site-packages/airflow/example_dags/example_sla_dag.py
[2024-12-10T11:02:12.669-0300] {processor.py:840} INFO - DAG(s) 'example_sla_dag' retrieved from /home/beatriz/Documentos/airflow/airflow_venv/lib/python3.10/site-packages/airflow/example_dags/example_sla_dag.py
[2024-12-10T11:02:12.683-0300] {logging_mixin.py:188} INFO - [2024-12-10T11:02:12.683-0300] {dag.py:3096} INFO - Sync 1 DAGs
[2024-12-10T11:02:12.700-0300] {logging_mixin.py:188} INFO - [2024-12-10T11:02:12.700-0300] {dag.py:3954} INFO - Setting next_dagrun for example_sla_dag to 2024-12-10 14:00:00+00:00, run_after=2024-12-10 14:02:00+00:00
[2024-12-10T11:02:12.719-0300] {processor.py:183} INFO - Processing /home/beatriz/Documentos/airflow/airflow_venv/lib/python3.10/site-packages/airflow/example_dags/example_sla_dag.py took 0.079 seconds
[2024-12-10T11:03:08.968-0300] {processor.py:161} INFO - Started process (PID=20522) to work on /home/beatriz/Documentos/airflow/airflow_venv/lib/python3.10/site-packages/airflow/example_dags/example_sla_dag.py
[2024-12-10T11:03:08.968-0300] {processor.py:830} INFO - Processing file /home/beatriz/Documentos/airflow/airflow_venv/lib/python3.10/site-packages/airflow/example_dags/example_sla_dag.py for tasks to queue
[2024-12-10T11:03:08.971-0300] {logging_mixin.py:188} INFO - [2024-12-10T11:03:08.970-0300] {dagbag.py:540} INFO - Filling up the DagBag from /home/beatriz/Documentos/airflow/airflow_venv/lib/python3.10/site-packages/airflow/example_dags/example_sla_dag.py
[2024-12-10T11:03:08.979-0300] {processor.py:840} INFO - DAG(s) 'example_sla_dag' retrieved from /home/beatriz/Documentos/airflow/airflow_venv/lib/python3.10/site-packages/airflow/example_dags/example_sla_dag.py
[2024-12-10T11:03:08.995-0300] {logging_mixin.py:188} INFO - [2024-12-10T11:03:08.995-0300] {dag.py:3096} INFO - Sync 1 DAGs
[2024-12-10T11:03:09.019-0300] {logging_mixin.py:188} INFO - [2024-12-10T11:03:09.019-0300] {dag.py:3954} INFO - Setting next_dagrun for example_sla_dag to 2024-12-10 14:00:00+00:00, run_after=2024-12-10 14:02:00+00:00
[2024-12-10T11:03:09.041-0300] {processor.py:183} INFO - Processing /home/beatriz/Documentos/airflow/airflow_venv/lib/python3.10/site-packages/airflow/example_dags/example_sla_dag.py took 0.078 seconds
[2024-12-10T11:37:03.809-0300] {processor.py:161} INFO - Started process (PID=24820) to work on /home/beatriz/Documentos/airflow/airflow_venv/lib/python3.10/site-packages/airflow/example_dags/example_sla_dag.py
[2024-12-10T11:37:03.811-0300] {processor.py:830} INFO - Processing file /home/beatriz/Documentos/airflow/airflow_venv/lib/python3.10/site-packages/airflow/example_dags/example_sla_dag.py for tasks to queue
[2024-12-10T11:37:03.814-0300] {logging_mixin.py:188} INFO - [2024-12-10T11:37:03.813-0300] {dagbag.py:540} INFO - Filling up the DagBag from /home/beatriz/Documentos/airflow/airflow_venv/lib/python3.10/site-packages/airflow/example_dags/example_sla_dag.py
[2024-12-10T11:37:03.828-0300] {processor.py:840} INFO - DAG(s) 'example_sla_dag' retrieved from /home/beatriz/Documentos/airflow/airflow_venv/lib/python3.10/site-packages/airflow/example_dags/example_sla_dag.py
[2024-12-10T11:37:03.837-0300] {logging_mixin.py:188} INFO - [2024-12-10T11:37:03.837-0300] {dag.py:3096} INFO - Sync 1 DAGs
[2024-12-10T11:37:03.857-0300] {logging_mixin.py:188} INFO - [2024-12-10T11:37:03.856-0300] {dag.py:3954} INFO - Setting next_dagrun for example_sla_dag to 2024-12-10 14:34:00+00:00, run_after=2024-12-10 14:36:00+00:00
[2024-12-10T11:37:03.875-0300] {processor.py:183} INFO - Processing /home/beatriz/Documentos/airflow/airflow_venv/lib/python3.10/site-packages/airflow/example_dags/example_sla_dag.py took 0.076 seconds
[2024-12-10T11:38:05.205-0300] {processor.py:161} INFO - Started process (PID=25186) to work on /home/beatriz/Documentos/airflow/airflow_venv/lib/python3.10/site-packages/airflow/example_dags/example_sla_dag.py
[2024-12-10T11:38:05.206-0300] {processor.py:830} INFO - Processing file /home/beatriz/Documentos/airflow/airflow_venv/lib/python3.10/site-packages/airflow/example_dags/example_sla_dag.py for tasks to queue
[2024-12-10T11:38:05.207-0300] {logging_mixin.py:188} INFO - [2024-12-10T11:38:05.207-0300] {dagbag.py:540} INFO - Filling up the DagBag from /home/beatriz/Documentos/airflow/airflow_venv/lib/python3.10/site-packages/airflow/example_dags/example_sla_dag.py
[2024-12-10T11:38:05.214-0300] {processor.py:840} INFO - DAG(s) 'example_sla_dag' retrieved from /home/beatriz/Documentos/airflow/airflow_venv/lib/python3.10/site-packages/airflow/example_dags/example_sla_dag.py
[2024-12-10T11:38:05.280-0300] {logging_mixin.py:188} INFO - [2024-12-10T11:38:05.280-0300] {dag.py:3096} INFO - Sync 1 DAGs
[2024-12-10T11:38:05.301-0300] {logging_mixin.py:188} INFO - [2024-12-10T11:38:05.301-0300] {dag.py:3954} INFO - Setting next_dagrun for example_sla_dag to 2024-12-10 14:36:00+00:00, run_after=2024-12-10 14:38:00+00:00
[2024-12-10T11:38:05.317-0300] {processor.py:183} INFO - Processing /home/beatriz/Documentos/airflow/airflow_venv/lib/python3.10/site-packages/airflow/example_dags/example_sla_dag.py took 0.117 seconds
[2024-12-10T11:39:03.569-0300] {processor.py:161} INFO - Started process (PID=25540) to work on /home/beatriz/Documentos/airflow/airflow_venv/lib/python3.10/site-packages/airflow/example_dags/example_sla_dag.py
[2024-12-10T11:39:03.571-0300] {processor.py:830} INFO - Processing file /home/beatriz/Documentos/airflow/airflow_venv/lib/python3.10/site-packages/airflow/example_dags/example_sla_dag.py for tasks to queue
[2024-12-10T11:39:03.574-0300] {logging_mixin.py:188} INFO - [2024-12-10T11:39:03.573-0300] {dagbag.py:540} INFO - Filling up the DagBag from /home/beatriz/Documentos/airflow/airflow_venv/lib/python3.10/site-packages/airflow/example_dags/example_sla_dag.py
[2024-12-10T11:39:03.589-0300] {processor.py:840} INFO - DAG(s) 'example_sla_dag' retrieved from /home/beatriz/Documentos/airflow/airflow_venv/lib/python3.10/site-packages/airflow/example_dags/example_sla_dag.py
[2024-12-10T11:39:03.604-0300] {logging_mixin.py:188} INFO - [2024-12-10T11:39:03.603-0300] {dag.py:3096} INFO - Sync 1 DAGs
[2024-12-10T11:39:03.621-0300] {logging_mixin.py:188} INFO - [2024-12-10T11:39:03.621-0300] {dag.py:3954} INFO - Setting next_dagrun for example_sla_dag to 2024-12-10 14:36:00+00:00, run_after=2024-12-10 14:38:00+00:00
[2024-12-10T11:39:03.638-0300] {processor.py:183} INFO - Processing /home/beatriz/Documentos/airflow/airflow_venv/lib/python3.10/site-packages/airflow/example_dags/example_sla_dag.py took 0.081 seconds
[2024-12-10T11:39:59.696-0300] {processor.py:161} INFO - Started process (PID=25931) to work on /home/beatriz/Documentos/airflow/airflow_venv/lib/python3.10/site-packages/airflow/example_dags/example_sla_dag.py
[2024-12-10T11:39:59.698-0300] {processor.py:830} INFO - Processing file /home/beatriz/Documentos/airflow/airflow_venv/lib/python3.10/site-packages/airflow/example_dags/example_sla_dag.py for tasks to queue
[2024-12-10T11:39:59.699-0300] {logging_mixin.py:188} INFO - [2024-12-10T11:39:59.699-0300] {dagbag.py:540} INFO - Filling up the DagBag from /home/beatriz/Documentos/airflow/airflow_venv/lib/python3.10/site-packages/airflow/example_dags/example_sla_dag.py
[2024-12-10T11:39:59.707-0300] {processor.py:840} INFO - DAG(s) 'example_sla_dag' retrieved from /home/beatriz/Documentos/airflow/airflow_venv/lib/python3.10/site-packages/airflow/example_dags/example_sla_dag.py
[2024-12-10T11:39:59.719-0300] {logging_mixin.py:188} INFO - [2024-12-10T11:39:59.718-0300] {dag.py:3096} INFO - Sync 1 DAGs
[2024-12-10T11:39:59.736-0300] {logging_mixin.py:188} INFO - [2024-12-10T11:39:59.736-0300] {dag.py:3954} INFO - Setting next_dagrun for example_sla_dag to 2024-12-10 14:36:00+00:00, run_after=2024-12-10 14:38:00+00:00
[2024-12-10T11:39:59.753-0300] {processor.py:183} INFO - Processing /home/beatriz/Documentos/airflow/airflow_venv/lib/python3.10/site-packages/airflow/example_dags/example_sla_dag.py took 0.062 seconds
[2024-12-10T11:40:56.451-0300] {processor.py:161} INFO - Started process (PID=26340) to work on /home/beatriz/Documentos/airflow/airflow_venv/lib/python3.10/site-packages/airflow/example_dags/example_sla_dag.py
[2024-12-10T11:40:56.453-0300] {processor.py:830} INFO - Processing file /home/beatriz/Documentos/airflow/airflow_venv/lib/python3.10/site-packages/airflow/example_dags/example_sla_dag.py for tasks to queue
[2024-12-10T11:40:56.454-0300] {logging_mixin.py:188} INFO - [2024-12-10T11:40:56.454-0300] {dagbag.py:540} INFO - Filling up the DagBag from /home/beatriz/Documentos/airflow/airflow_venv/lib/python3.10/site-packages/airflow/example_dags/example_sla_dag.py
[2024-12-10T11:40:56.462-0300] {processor.py:840} INFO - DAG(s) 'example_sla_dag' retrieved from /home/beatriz/Documentos/airflow/airflow_venv/lib/python3.10/site-packages/airflow/example_dags/example_sla_dag.py
[2024-12-10T11:40:56.473-0300] {logging_mixin.py:188} INFO - [2024-12-10T11:40:56.473-0300] {dag.py:3096} INFO - Sync 1 DAGs
[2024-12-10T11:40:56.490-0300] {logging_mixin.py:188} INFO - [2024-12-10T11:40:56.490-0300] {dag.py:3954} INFO - Setting next_dagrun for example_sla_dag to 2024-12-10 14:38:00+00:00, run_after=2024-12-10 14:40:00+00:00
[2024-12-10T11:40:56.509-0300] {processor.py:183} INFO - Processing /home/beatriz/Documentos/airflow/airflow_venv/lib/python3.10/site-packages/airflow/example_dags/example_sla_dag.py took 0.063 seconds
[2024-12-10T11:41:54.888-0300] {processor.py:161} INFO - Started process (PID=26765) to work on /home/beatriz/Documentos/airflow/airflow_venv/lib/python3.10/site-packages/airflow/example_dags/example_sla_dag.py
[2024-12-10T11:41:54.889-0300] {processor.py:830} INFO - Processing file /home/beatriz/Documentos/airflow/airflow_venv/lib/python3.10/site-packages/airflow/example_dags/example_sla_dag.py for tasks to queue
[2024-12-10T11:41:54.890-0300] {logging_mixin.py:188} INFO - [2024-12-10T11:41:54.890-0300] {dagbag.py:540} INFO - Filling up the DagBag from /home/beatriz/Documentos/airflow/airflow_venv/lib/python3.10/site-packages/airflow/example_dags/example_sla_dag.py
[2024-12-10T11:41:54.897-0300] {processor.py:840} INFO - DAG(s) 'example_sla_dag' retrieved from /home/beatriz/Documentos/airflow/airflow_venv/lib/python3.10/site-packages/airflow/example_dags/example_sla_dag.py
[2024-12-10T11:41:54.908-0300] {logging_mixin.py:188} INFO - [2024-12-10T11:41:54.908-0300] {dag.py:3096} INFO - Sync 1 DAGs
[2024-12-10T11:41:54.924-0300] {logging_mixin.py:188} INFO - [2024-12-10T11:41:54.924-0300] {dag.py:3954} INFO - Setting next_dagrun for example_sla_dag to 2024-12-10 14:38:00+00:00, run_after=2024-12-10 14:40:00+00:00
[2024-12-10T11:41:54.942-0300] {processor.py:183} INFO - Processing /home/beatriz/Documentos/airflow/airflow_venv/lib/python3.10/site-packages/airflow/example_dags/example_sla_dag.py took 0.059 seconds
[2024-12-10T11:42:47.765-0300] {processor.py:161} INFO - Started process (PID=27164) to work on /home/beatriz/Documentos/airflow/airflow_venv/lib/python3.10/site-packages/airflow/example_dags/example_sla_dag.py
[2024-12-10T11:42:47.767-0300] {processor.py:830} INFO - Processing file /home/beatriz/Documentos/airflow/airflow_venv/lib/python3.10/site-packages/airflow/example_dags/example_sla_dag.py for tasks to queue
[2024-12-10T11:42:47.770-0300] {logging_mixin.py:188} INFO - [2024-12-10T11:42:47.769-0300] {dagbag.py:540} INFO - Filling up the DagBag from /home/beatriz/Documentos/airflow/airflow_venv/lib/python3.10/site-packages/airflow/example_dags/example_sla_dag.py
[2024-12-10T11:42:47.782-0300] {processor.py:840} INFO - DAG(s) 'example_sla_dag' retrieved from /home/beatriz/Documentos/airflow/airflow_venv/lib/python3.10/site-packages/airflow/example_dags/example_sla_dag.py
[2024-12-10T11:42:47.797-0300] {logging_mixin.py:188} INFO - [2024-12-10T11:42:47.797-0300] {dag.py:3096} INFO - Sync 1 DAGs
[2024-12-10T11:42:47.818-0300] {logging_mixin.py:188} INFO - [2024-12-10T11:42:47.817-0300] {dag.py:3954} INFO - Setting next_dagrun for example_sla_dag to 2024-12-10 14:40:00+00:00, run_after=2024-12-10 14:42:00+00:00
[2024-12-10T11:42:47.838-0300] {processor.py:183} INFO - Processing /home/beatriz/Documentos/airflow/airflow_venv/lib/python3.10/site-packages/airflow/example_dags/example_sla_dag.py took 0.083 seconds
[2024-12-10T11:43:45.136-0300] {processor.py:161} INFO - Started process (PID=27613) to work on /home/beatriz/Documentos/airflow/airflow_venv/lib/python3.10/site-packages/airflow/example_dags/example_sla_dag.py
[2024-12-10T11:43:45.138-0300] {processor.py:830} INFO - Processing file /home/beatriz/Documentos/airflow/airflow_venv/lib/python3.10/site-packages/airflow/example_dags/example_sla_dag.py for tasks to queue
[2024-12-10T11:43:45.141-0300] {logging_mixin.py:188} INFO - [2024-12-10T11:43:45.141-0300] {dagbag.py:540} INFO - Filling up the DagBag from /home/beatriz/Documentos/airflow/airflow_venv/lib/python3.10/site-packages/airflow/example_dags/example_sla_dag.py
[2024-12-10T11:43:45.156-0300] {processor.py:840} INFO - DAG(s) 'example_sla_dag' retrieved from /home/beatriz/Documentos/airflow/airflow_venv/lib/python3.10/site-packages/airflow/example_dags/example_sla_dag.py
[2024-12-10T11:43:45.171-0300] {logging_mixin.py:188} INFO - [2024-12-10T11:43:45.171-0300] {dag.py:3096} INFO - Sync 1 DAGs
[2024-12-10T11:43:45.195-0300] {logging_mixin.py:188} INFO - [2024-12-10T11:43:45.195-0300] {dag.py:3954} INFO - Setting next_dagrun for example_sla_dag to 2024-12-10 14:40:00+00:00, run_after=2024-12-10 14:42:00+00:00
[2024-12-10T11:43:45.216-0300] {processor.py:183} INFO - Processing /home/beatriz/Documentos/airflow/airflow_venv/lib/python3.10/site-packages/airflow/example_dags/example_sla_dag.py took 0.095 seconds
[2024-12-10T11:44:42.903-0300] {processor.py:161} INFO - Started process (PID=28437) to work on /home/beatriz/Documentos/airflow/airflow_venv/lib/python3.10/site-packages/airflow/example_dags/example_sla_dag.py
[2024-12-10T11:44:42.905-0300] {processor.py:830} INFO - Processing file /home/beatriz/Documentos/airflow/airflow_venv/lib/python3.10/site-packages/airflow/example_dags/example_sla_dag.py for tasks to queue
[2024-12-10T11:44:42.908-0300] {logging_mixin.py:188} INFO - [2024-12-10T11:44:42.907-0300] {dagbag.py:540} INFO - Filling up the DagBag from /home/beatriz/Documentos/airflow/airflow_venv/lib/python3.10/site-packages/airflow/example_dags/example_sla_dag.py
[2024-12-10T11:44:42.925-0300] {processor.py:840} INFO - DAG(s) 'example_sla_dag' retrieved from /home/beatriz/Documentos/airflow/airflow_venv/lib/python3.10/site-packages/airflow/example_dags/example_sla_dag.py
[2024-12-10T11:44:42.940-0300] {logging_mixin.py:188} INFO - [2024-12-10T11:44:42.940-0300] {dag.py:3096} INFO - Sync 1 DAGs
[2024-12-10T11:44:42.958-0300] {logging_mixin.py:188} INFO - [2024-12-10T11:44:42.957-0300] {dag.py:3954} INFO - Setting next_dagrun for example_sla_dag to 2024-12-10 14:42:00+00:00, run_after=2024-12-10 14:44:00+00:00
[2024-12-10T11:44:42.980-0300] {processor.py:183} INFO - Processing /home/beatriz/Documentos/airflow/airflow_venv/lib/python3.10/site-packages/airflow/example_dags/example_sla_dag.py took 0.091 seconds
[2024-12-10T11:45:39.922-0300] {processor.py:161} INFO - Started process (PID=28796) to work on /home/beatriz/Documentos/airflow/airflow_venv/lib/python3.10/site-packages/airflow/example_dags/example_sla_dag.py
[2024-12-10T11:45:39.923-0300] {processor.py:830} INFO - Processing file /home/beatriz/Documentos/airflow/airflow_venv/lib/python3.10/site-packages/airflow/example_dags/example_sla_dag.py for tasks to queue
[2024-12-10T11:45:39.924-0300] {logging_mixin.py:188} INFO - [2024-12-10T11:45:39.924-0300] {dagbag.py:540} INFO - Filling up the DagBag from /home/beatriz/Documentos/airflow/airflow_venv/lib/python3.10/site-packages/airflow/example_dags/example_sla_dag.py
[2024-12-10T11:45:39.932-0300] {processor.py:840} INFO - DAG(s) 'example_sla_dag' retrieved from /home/beatriz/Documentos/airflow/airflow_venv/lib/python3.10/site-packages/airflow/example_dags/example_sla_dag.py
[2024-12-10T11:45:39.945-0300] {logging_mixin.py:188} INFO - [2024-12-10T11:45:39.945-0300] {dag.py:3096} INFO - Sync 1 DAGs
[2024-12-10T11:45:39.962-0300] {logging_mixin.py:188} INFO - [2024-12-10T11:45:39.962-0300] {dag.py:3954} INFO - Setting next_dagrun for example_sla_dag to 2024-12-10 14:42:00+00:00, run_after=2024-12-10 14:44:00+00:00
[2024-12-10T11:45:39.980-0300] {processor.py:183} INFO - Processing /home/beatriz/Documentos/airflow/airflow_venv/lib/python3.10/site-packages/airflow/example_dags/example_sla_dag.py took 0.063 seconds
[2024-12-10T11:46:36.835-0300] {processor.py:161} INFO - Started process (PID=29391) to work on /home/beatriz/Documentos/airflow/airflow_venv/lib/python3.10/site-packages/airflow/example_dags/example_sla_dag.py
[2024-12-10T11:46:36.838-0300] {processor.py:830} INFO - Processing file /home/beatriz/Documentos/airflow/airflow_venv/lib/python3.10/site-packages/airflow/example_dags/example_sla_dag.py for tasks to queue
[2024-12-10T11:46:36.839-0300] {logging_mixin.py:188} INFO - [2024-12-10T11:46:36.839-0300] {dagbag.py:540} INFO - Filling up the DagBag from /home/beatriz/Documentos/airflow/airflow_venv/lib/python3.10/site-packages/airflow/example_dags/example_sla_dag.py
[2024-12-10T11:46:36.848-0300] {processor.py:840} INFO - DAG(s) 'example_sla_dag' retrieved from /home/beatriz/Documentos/airflow/airflow_venv/lib/python3.10/site-packages/airflow/example_dags/example_sla_dag.py
[2024-12-10T11:46:36.859-0300] {logging_mixin.py:188} INFO - [2024-12-10T11:46:36.859-0300] {dag.py:3096} INFO - Sync 1 DAGs
[2024-12-10T11:46:36.877-0300] {logging_mixin.py:188} INFO - [2024-12-10T11:46:36.876-0300] {dag.py:3954} INFO - Setting next_dagrun for example_sla_dag to 2024-12-10 14:44:00+00:00, run_after=2024-12-10 14:46:00+00:00
[2024-12-10T11:46:36.900-0300] {processor.py:183} INFO - Processing /home/beatriz/Documentos/airflow/airflow_venv/lib/python3.10/site-packages/airflow/example_dags/example_sla_dag.py took 0.070 seconds
[2024-12-10T11:48:53.667-0300] {processor.py:161} INFO - Started process (PID=30891) to work on /home/beatriz/Documentos/airflow/airflow_venv/lib/python3.10/site-packages/airflow/example_dags/example_sla_dag.py
[2024-12-10T11:48:53.669-0300] {processor.py:830} INFO - Processing file /home/beatriz/Documentos/airflow/airflow_venv/lib/python3.10/site-packages/airflow/example_dags/example_sla_dag.py for tasks to queue
[2024-12-10T11:48:53.671-0300] {logging_mixin.py:188} INFO - [2024-12-10T11:48:53.670-0300] {dagbag.py:540} INFO - Filling up the DagBag from /home/beatriz/Documentos/airflow/airflow_venv/lib/python3.10/site-packages/airflow/example_dags/example_sla_dag.py
[2024-12-10T11:48:53.685-0300] {processor.py:840} INFO - DAG(s) 'example_sla_dag' retrieved from /home/beatriz/Documentos/airflow/airflow_venv/lib/python3.10/site-packages/airflow/example_dags/example_sla_dag.py
[2024-12-10T11:48:53.704-0300] {logging_mixin.py:188} INFO - [2024-12-10T11:48:53.704-0300] {dag.py:3096} INFO - Sync 1 DAGs
[2024-12-10T11:48:53.745-0300] {logging_mixin.py:188} INFO - [2024-12-10T11:48:53.745-0300] {dag.py:3954} INFO - Setting next_dagrun for example_sla_dag to 2024-12-10 14:46:00+00:00, run_after=2024-12-10 14:48:00+00:00
[2024-12-10T11:48:53.777-0300] {processor.py:183} INFO - Processing /home/beatriz/Documentos/airflow/airflow_venv/lib/python3.10/site-packages/airflow/example_dags/example_sla_dag.py took 0.120 seconds
[2024-12-10T11:49:53.638-0300] {processor.py:161} INFO - Started process (PID=31333) to work on /home/beatriz/Documentos/airflow/airflow_venv/lib/python3.10/site-packages/airflow/example_dags/example_sla_dag.py
[2024-12-10T11:49:53.644-0300] {processor.py:830} INFO - Processing file /home/beatriz/Documentos/airflow/airflow_venv/lib/python3.10/site-packages/airflow/example_dags/example_sla_dag.py for tasks to queue
[2024-12-10T11:49:53.645-0300] {logging_mixin.py:188} INFO - [2024-12-10T11:49:53.645-0300] {dagbag.py:540} INFO - Filling up the DagBag from /home/beatriz/Documentos/airflow/airflow_venv/lib/python3.10/site-packages/airflow/example_dags/example_sla_dag.py
[2024-12-10T11:49:53.652-0300] {processor.py:840} INFO - DAG(s) 'example_sla_dag' retrieved from /home/beatriz/Documentos/airflow/airflow_venv/lib/python3.10/site-packages/airflow/example_dags/example_sla_dag.py
[2024-12-10T11:49:53.665-0300] {logging_mixin.py:188} INFO - [2024-12-10T11:49:53.665-0300] {dag.py:3096} INFO - Sync 1 DAGs
[2024-12-10T11:49:53.681-0300] {logging_mixin.py:188} INFO - [2024-12-10T11:49:53.681-0300] {dag.py:3954} INFO - Setting next_dagrun for example_sla_dag to 2024-12-10 14:46:00+00:00, run_after=2024-12-10 14:48:00+00:00
[2024-12-10T11:49:53.698-0300] {processor.py:183} INFO - Processing /home/beatriz/Documentos/airflow/airflow_venv/lib/python3.10/site-packages/airflow/example_dags/example_sla_dag.py took 0.065 seconds
[2024-12-10T11:50:52.520-0300] {processor.py:161} INFO - Started process (PID=31740) to work on /home/beatriz/Documentos/airflow/airflow_venv/lib/python3.10/site-packages/airflow/example_dags/example_sla_dag.py
[2024-12-10T11:50:52.522-0300] {processor.py:830} INFO - Processing file /home/beatriz/Documentos/airflow/airflow_venv/lib/python3.10/site-packages/airflow/example_dags/example_sla_dag.py for tasks to queue
[2024-12-10T11:50:52.522-0300] {logging_mixin.py:188} INFO - [2024-12-10T11:50:52.522-0300] {dagbag.py:540} INFO - Filling up the DagBag from /home/beatriz/Documentos/airflow/airflow_venv/lib/python3.10/site-packages/airflow/example_dags/example_sla_dag.py
[2024-12-10T11:50:52.530-0300] {processor.py:840} INFO - DAG(s) 'example_sla_dag' retrieved from /home/beatriz/Documentos/airflow/airflow_venv/lib/python3.10/site-packages/airflow/example_dags/example_sla_dag.py
[2024-12-10T11:50:52.541-0300] {logging_mixin.py:188} INFO - [2024-12-10T11:50:52.541-0300] {dag.py:3096} INFO - Sync 1 DAGs
[2024-12-10T11:50:52.556-0300] {logging_mixin.py:188} INFO - [2024-12-10T11:50:52.556-0300] {dag.py:3954} INFO - Setting next_dagrun for example_sla_dag to 2024-12-10 14:48:00+00:00, run_after=2024-12-10 14:50:00+00:00
[2024-12-10T11:50:52.577-0300] {processor.py:183} INFO - Processing /home/beatriz/Documentos/airflow/airflow_venv/lib/python3.10/site-packages/airflow/example_dags/example_sla_dag.py took 0.061 seconds
[2024-12-10T11:51:49.568-0300] {processor.py:161} INFO - Started process (PID=32205) to work on /home/beatriz/Documentos/airflow/airflow_venv/lib/python3.10/site-packages/airflow/example_dags/example_sla_dag.py
[2024-12-10T11:51:49.569-0300] {processor.py:830} INFO - Processing file /home/beatriz/Documentos/airflow/airflow_venv/lib/python3.10/site-packages/airflow/example_dags/example_sla_dag.py for tasks to queue
[2024-12-10T11:51:49.570-0300] {logging_mixin.py:188} INFO - [2024-12-10T11:51:49.569-0300] {dagbag.py:540} INFO - Filling up the DagBag from /home/beatriz/Documentos/airflow/airflow_venv/lib/python3.10/site-packages/airflow/example_dags/example_sla_dag.py
[2024-12-10T11:51:49.576-0300] {processor.py:840} INFO - DAG(s) 'example_sla_dag' retrieved from /home/beatriz/Documentos/airflow/airflow_venv/lib/python3.10/site-packages/airflow/example_dags/example_sla_dag.py
[2024-12-10T11:51:49.588-0300] {logging_mixin.py:188} INFO - [2024-12-10T11:51:49.588-0300] {dag.py:3096} INFO - Sync 1 DAGs
[2024-12-10T11:51:49.604-0300] {logging_mixin.py:188} INFO - [2024-12-10T11:51:49.604-0300] {dag.py:3954} INFO - Setting next_dagrun for example_sla_dag to 2024-12-10 14:48:00+00:00, run_after=2024-12-10 14:50:00+00:00
[2024-12-10T11:51:49.620-0300] {processor.py:183} INFO - Processing /home/beatriz/Documentos/airflow/airflow_venv/lib/python3.10/site-packages/airflow/example_dags/example_sla_dag.py took 0.057 seconds
[2024-12-10T11:52:44.685-0300] {processor.py:161} INFO - Started process (PID=32612) to work on /home/beatriz/Documentos/airflow/airflow_venv/lib/python3.10/site-packages/airflow/example_dags/example_sla_dag.py
[2024-12-10T11:52:44.686-0300] {processor.py:830} INFO - Processing file /home/beatriz/Documentos/airflow/airflow_venv/lib/python3.10/site-packages/airflow/example_dags/example_sla_dag.py for tasks to queue
[2024-12-10T11:52:44.687-0300] {logging_mixin.py:188} INFO - [2024-12-10T11:52:44.687-0300] {dagbag.py:540} INFO - Filling up the DagBag from /home/beatriz/Documentos/airflow/airflow_venv/lib/python3.10/site-packages/airflow/example_dags/example_sla_dag.py
[2024-12-10T11:52:44.694-0300] {processor.py:840} INFO - DAG(s) 'example_sla_dag' retrieved from /home/beatriz/Documentos/airflow/airflow_venv/lib/python3.10/site-packages/airflow/example_dags/example_sla_dag.py
[2024-12-10T11:52:44.705-0300] {logging_mixin.py:188} INFO - [2024-12-10T11:52:44.705-0300] {dag.py:3096} INFO - Sync 1 DAGs
[2024-12-10T11:52:44.721-0300] {logging_mixin.py:188} INFO - [2024-12-10T11:52:44.721-0300] {dag.py:3954} INFO - Setting next_dagrun for example_sla_dag to 2024-12-10 14:50:00+00:00, run_after=2024-12-10 14:52:00+00:00
[2024-12-10T11:52:44.746-0300] {processor.py:183} INFO - Processing /home/beatriz/Documentos/airflow/airflow_venv/lib/python3.10/site-packages/airflow/example_dags/example_sla_dag.py took 0.065 seconds
[2024-12-10T11:53:51.410-0300] {processor.py:161} INFO - Started process (PID=33580) to work on /home/beatriz/Documentos/airflow/airflow_venv/lib/python3.10/site-packages/airflow/example_dags/example_sla_dag.py
[2024-12-10T11:53:51.411-0300] {processor.py:830} INFO - Processing file /home/beatriz/Documentos/airflow/airflow_venv/lib/python3.10/site-packages/airflow/example_dags/example_sla_dag.py for tasks to queue
[2024-12-10T11:53:51.412-0300] {logging_mixin.py:188} INFO - [2024-12-10T11:53:51.411-0300] {dagbag.py:540} INFO - Filling up the DagBag from /home/beatriz/Documentos/airflow/airflow_venv/lib/python3.10/site-packages/airflow/example_dags/example_sla_dag.py
[2024-12-10T11:53:51.419-0300] {processor.py:840} INFO - DAG(s) 'example_sla_dag' retrieved from /home/beatriz/Documentos/airflow/airflow_venv/lib/python3.10/site-packages/airflow/example_dags/example_sla_dag.py
[2024-12-10T11:53:51.431-0300] {logging_mixin.py:188} INFO - [2024-12-10T11:53:51.431-0300] {dag.py:3096} INFO - Sync 1 DAGs
[2024-12-10T11:53:51.447-0300] {logging_mixin.py:188} INFO - [2024-12-10T11:53:51.446-0300] {dag.py:3954} INFO - Setting next_dagrun for example_sla_dag to 2024-12-10 14:50:00+00:00, run_after=2024-12-10 14:52:00+00:00
[2024-12-10T11:53:51.465-0300] {processor.py:183} INFO - Processing /home/beatriz/Documentos/airflow/airflow_venv/lib/python3.10/site-packages/airflow/example_dags/example_sla_dag.py took 0.060 seconds
[2024-12-10T11:55:29.153-0300] {processor.py:161} INFO - Started process (PID=34516) to work on /home/beatriz/Documentos/airflow/airflow_venv/lib/python3.10/site-packages/airflow/example_dags/example_sla_dag.py
[2024-12-10T11:55:29.154-0300] {processor.py:830} INFO - Processing file /home/beatriz/Documentos/airflow/airflow_venv/lib/python3.10/site-packages/airflow/example_dags/example_sla_dag.py for tasks to queue
[2024-12-10T11:55:29.155-0300] {logging_mixin.py:188} INFO - [2024-12-10T11:55:29.154-0300] {dagbag.py:540} INFO - Filling up the DagBag from /home/beatriz/Documentos/airflow/airflow_venv/lib/python3.10/site-packages/airflow/example_dags/example_sla_dag.py
[2024-12-10T11:55:29.162-0300] {processor.py:840} INFO - DAG(s) 'example_sla_dag' retrieved from /home/beatriz/Documentos/airflow/airflow_venv/lib/python3.10/site-packages/airflow/example_dags/example_sla_dag.py
[2024-12-10T11:55:29.176-0300] {logging_mixin.py:188} INFO - [2024-12-10T11:55:29.176-0300] {dag.py:3096} INFO - Sync 1 DAGs
[2024-12-10T11:55:29.194-0300] {logging_mixin.py:188} INFO - [2024-12-10T11:55:29.193-0300] {dag.py:3954} INFO - Setting next_dagrun for example_sla_dag to 2024-12-10 14:52:00+00:00, run_after=2024-12-10 14:54:00+00:00
[2024-12-10T11:55:29.210-0300] {processor.py:183} INFO - Processing /home/beatriz/Documentos/airflow/airflow_venv/lib/python3.10/site-packages/airflow/example_dags/example_sla_dag.py took 0.062 seconds
[2024-12-10T11:56:28.842-0300] {processor.py:161} INFO - Started process (PID=34983) to work on /home/beatriz/Documentos/airflow/airflow_venv/lib/python3.10/site-packages/airflow/example_dags/example_sla_dag.py
[2024-12-10T11:56:28.843-0300] {processor.py:830} INFO - Processing file /home/beatriz/Documentos/airflow/airflow_venv/lib/python3.10/site-packages/airflow/example_dags/example_sla_dag.py for tasks to queue
[2024-12-10T11:56:28.844-0300] {logging_mixin.py:188} INFO - [2024-12-10T11:56:28.843-0300] {dagbag.py:540} INFO - Filling up the DagBag from /home/beatriz/Documentos/airflow/airflow_venv/lib/python3.10/site-packages/airflow/example_dags/example_sla_dag.py
[2024-12-10T11:56:28.851-0300] {processor.py:840} INFO - DAG(s) 'example_sla_dag' retrieved from /home/beatriz/Documentos/airflow/airflow_venv/lib/python3.10/site-packages/airflow/example_dags/example_sla_dag.py
[2024-12-10T11:56:28.864-0300] {logging_mixin.py:188} INFO - [2024-12-10T11:56:28.864-0300] {dag.py:3096} INFO - Sync 1 DAGs
[2024-12-10T11:56:28.880-0300] {logging_mixin.py:188} INFO - [2024-12-10T11:56:28.880-0300] {dag.py:3954} INFO - Setting next_dagrun for example_sla_dag to 2024-12-10 14:54:00+00:00, run_after=2024-12-10 14:56:00+00:00
[2024-12-10T11:56:28.897-0300] {processor.py:183} INFO - Processing /home/beatriz/Documentos/airflow/airflow_venv/lib/python3.10/site-packages/airflow/example_dags/example_sla_dag.py took 0.059 seconds
[2024-12-10T11:57:26.071-0300] {processor.py:161} INFO - Started process (PID=35452) to work on /home/beatriz/Documentos/airflow/airflow_venv/lib/python3.10/site-packages/airflow/example_dags/example_sla_dag.py
[2024-12-10T11:57:26.072-0300] {processor.py:830} INFO - Processing file /home/beatriz/Documentos/airflow/airflow_venv/lib/python3.10/site-packages/airflow/example_dags/example_sla_dag.py for tasks to queue
[2024-12-10T11:57:26.073-0300] {logging_mixin.py:188} INFO - [2024-12-10T11:57:26.073-0300] {dagbag.py:540} INFO - Filling up the DagBag from /home/beatriz/Documentos/airflow/airflow_venv/lib/python3.10/site-packages/airflow/example_dags/example_sla_dag.py
[2024-12-10T11:57:26.079-0300] {processor.py:840} INFO - DAG(s) 'example_sla_dag' retrieved from /home/beatriz/Documentos/airflow/airflow_venv/lib/python3.10/site-packages/airflow/example_dags/example_sla_dag.py
[2024-12-10T11:57:26.092-0300] {logging_mixin.py:188} INFO - [2024-12-10T11:57:26.091-0300] {dag.py:3096} INFO - Sync 1 DAGs
[2024-12-10T11:57:26.107-0300] {logging_mixin.py:188} INFO - [2024-12-10T11:57:26.107-0300] {dag.py:3954} INFO - Setting next_dagrun for example_sla_dag to 2024-12-10 14:54:00+00:00, run_after=2024-12-10 14:56:00+00:00
[2024-12-10T11:57:26.124-0300] {processor.py:183} INFO - Processing /home/beatriz/Documentos/airflow/airflow_venv/lib/python3.10/site-packages/airflow/example_dags/example_sla_dag.py took 0.057 seconds
[2024-12-10T11:58:27.214-0300] {processor.py:161} INFO - Started process (PID=35876) to work on /home/beatriz/Documentos/airflow/airflow_venv/lib/python3.10/site-packages/airflow/example_dags/example_sla_dag.py
[2024-12-10T11:58:27.216-0300] {processor.py:830} INFO - Processing file /home/beatriz/Documentos/airflow/airflow_venv/lib/python3.10/site-packages/airflow/example_dags/example_sla_dag.py for tasks to queue
[2024-12-10T11:58:27.217-0300] {logging_mixin.py:188} INFO - [2024-12-10T11:58:27.217-0300] {dagbag.py:540} INFO - Filling up the DagBag from /home/beatriz/Documentos/airflow/airflow_venv/lib/python3.10/site-packages/airflow/example_dags/example_sla_dag.py
[2024-12-10T11:58:27.226-0300] {processor.py:840} INFO - DAG(s) 'example_sla_dag' retrieved from /home/beatriz/Documentos/airflow/airflow_venv/lib/python3.10/site-packages/airflow/example_dags/example_sla_dag.py
[2024-12-10T11:58:27.240-0300] {logging_mixin.py:188} INFO - [2024-12-10T11:58:27.240-0300] {dag.py:3096} INFO - Sync 1 DAGs
[2024-12-10T11:58:27.258-0300] {logging_mixin.py:188} INFO - [2024-12-10T11:58:27.258-0300] {dag.py:3954} INFO - Setting next_dagrun for example_sla_dag to 2024-12-10 14:56:00+00:00, run_after=2024-12-10 14:58:00+00:00
[2024-12-10T11:58:27.280-0300] {processor.py:183} INFO - Processing /home/beatriz/Documentos/airflow/airflow_venv/lib/python3.10/site-packages/airflow/example_dags/example_sla_dag.py took 0.076 seconds
[2024-12-10T12:00:38.149-0300] {processor.py:161} INFO - Started process (PID=36558) to work on /home/beatriz/Documentos/airflow/airflow_venv/lib/python3.10/site-packages/airflow/example_dags/example_sla_dag.py
[2024-12-10T12:00:38.164-0300] {processor.py:830} INFO - Processing file /home/beatriz/Documentos/airflow/airflow_venv/lib/python3.10/site-packages/airflow/example_dags/example_sla_dag.py for tasks to queue
[2024-12-10T12:00:38.166-0300] {logging_mixin.py:188} INFO - [2024-12-10T12:00:38.165-0300] {dagbag.py:540} INFO - Filling up the DagBag from /home/beatriz/Documentos/airflow/airflow_venv/lib/python3.10/site-packages/airflow/example_dags/example_sla_dag.py
[2024-12-10T12:00:38.279-0300] {processor.py:840} INFO - DAG(s) 'example_sla_dag' retrieved from /home/beatriz/Documentos/airflow/airflow_venv/lib/python3.10/site-packages/airflow/example_dags/example_sla_dag.py
[2024-12-10T12:00:38.451-0300] {logging_mixin.py:188} INFO - [2024-12-10T12:00:38.450-0300] {dag.py:3096} INFO - Sync 1 DAGs
[2024-12-10T12:00:38.507-0300] {logging_mixin.py:188} INFO - [2024-12-10T12:00:38.507-0300] {dag.py:3954} INFO - Setting next_dagrun for example_sla_dag to 2024-12-10 14:58:00+00:00, run_after=2024-12-10 15:00:00+00:00
[2024-12-10T12:00:38.550-0300] {processor.py:183} INFO - Processing /home/beatriz/Documentos/airflow/airflow_venv/lib/python3.10/site-packages/airflow/example_dags/example_sla_dag.py took 0.407 seconds
[2024-12-10T12:01:35.685-0300] {processor.py:161} INFO - Started process (PID=37081) to work on /home/beatriz/Documentos/airflow/airflow_venv/lib/python3.10/site-packages/airflow/example_dags/example_sla_dag.py
[2024-12-10T12:01:35.686-0300] {processor.py:830} INFO - Processing file /home/beatriz/Documentos/airflow/airflow_venv/lib/python3.10/site-packages/airflow/example_dags/example_sla_dag.py for tasks to queue
[2024-12-10T12:01:35.687-0300] {logging_mixin.py:188} INFO - [2024-12-10T12:01:35.686-0300] {dagbag.py:540} INFO - Filling up the DagBag from /home/beatriz/Documentos/airflow/airflow_venv/lib/python3.10/site-packages/airflow/example_dags/example_sla_dag.py
[2024-12-10T12:01:35.694-0300] {processor.py:840} INFO - DAG(s) 'example_sla_dag' retrieved from /home/beatriz/Documentos/airflow/airflow_venv/lib/python3.10/site-packages/airflow/example_dags/example_sla_dag.py
[2024-12-10T12:01:35.707-0300] {logging_mixin.py:188} INFO - [2024-12-10T12:01:35.706-0300] {dag.py:3096} INFO - Sync 1 DAGs
[2024-12-10T12:01:35.722-0300] {logging_mixin.py:188} INFO - [2024-12-10T12:01:35.722-0300] {dag.py:3954} INFO - Setting next_dagrun for example_sla_dag to 2024-12-10 14:58:00+00:00, run_after=2024-12-10 15:00:00+00:00
[2024-12-10T12:01:35.739-0300] {processor.py:183} INFO - Processing /home/beatriz/Documentos/airflow/airflow_venv/lib/python3.10/site-packages/airflow/example_dags/example_sla_dag.py took 0.058 seconds
[2024-12-10T13:34:23.134-0300] {processor.py:161} INFO - Started process (PID=40385) to work on /home/beatriz/Documentos/airflow/airflow_venv/lib/python3.10/site-packages/airflow/example_dags/example_sla_dag.py
[2024-12-10T13:34:23.137-0300] {processor.py:830} INFO - Processing file /home/beatriz/Documentos/airflow/airflow_venv/lib/python3.10/site-packages/airflow/example_dags/example_sla_dag.py for tasks to queue
[2024-12-10T13:34:23.138-0300] {logging_mixin.py:188} INFO - [2024-12-10T13:34:23.138-0300] {dagbag.py:540} INFO - Filling up the DagBag from /home/beatriz/Documentos/airflow/airflow_venv/lib/python3.10/site-packages/airflow/example_dags/example_sla_dag.py
[2024-12-10T13:34:23.146-0300] {processor.py:840} INFO - DAG(s) 'example_sla_dag' retrieved from /home/beatriz/Documentos/airflow/airflow_venv/lib/python3.10/site-packages/airflow/example_dags/example_sla_dag.py
[2024-12-10T13:34:23.153-0300] {logging_mixin.py:188} INFO - [2024-12-10T13:34:23.153-0300] {dag.py:3096} INFO - Sync 1 DAGs
[2024-12-10T13:34:23.174-0300] {logging_mixin.py:188} INFO - [2024-12-10T13:34:23.173-0300] {dag.py:3954} INFO - Setting next_dagrun for example_sla_dag to 2024-12-10 16:32:00+00:00, run_after=2024-12-10 16:34:00+00:00
[2024-12-10T13:34:23.191-0300] {processor.py:183} INFO - Processing /home/beatriz/Documentos/airflow/airflow_venv/lib/python3.10/site-packages/airflow/example_dags/example_sla_dag.py took 0.062 seconds
[2024-12-10T13:35:44.076-0300] {processor.py:161} INFO - Started process (PID=41242) to work on /home/beatriz/Documentos/airflow/airflow_venv/lib/python3.10/site-packages/airflow/example_dags/example_sla_dag.py
[2024-12-10T13:35:44.078-0300] {processor.py:830} INFO - Processing file /home/beatriz/Documentos/airflow/airflow_venv/lib/python3.10/site-packages/airflow/example_dags/example_sla_dag.py for tasks to queue
[2024-12-10T13:35:44.079-0300] {logging_mixin.py:188} INFO - [2024-12-10T13:35:44.078-0300] {dagbag.py:540} INFO - Filling up the DagBag from /home/beatriz/Documentos/airflow/airflow_venv/lib/python3.10/site-packages/airflow/example_dags/example_sla_dag.py
[2024-12-10T13:35:44.087-0300] {processor.py:840} INFO - DAG(s) 'example_sla_dag' retrieved from /home/beatriz/Documentos/airflow/airflow_venv/lib/python3.10/site-packages/airflow/example_dags/example_sla_dag.py
[2024-12-10T13:35:44.161-0300] {logging_mixin.py:188} INFO - [2024-12-10T13:35:44.161-0300] {dag.py:3096} INFO - Sync 1 DAGs
[2024-12-10T13:35:44.250-0300] {logging_mixin.py:188} INFO - [2024-12-10T13:35:44.250-0300] {dag.py:3954} INFO - Setting next_dagrun for example_sla_dag to 2024-12-10 16:32:00+00:00, run_after=2024-12-10 16:34:00+00:00
[2024-12-10T13:35:44.270-0300] {processor.py:183} INFO - Processing /home/beatriz/Documentos/airflow/airflow_venv/lib/python3.10/site-packages/airflow/example_dags/example_sla_dag.py took 0.199 seconds
[2024-12-10T13:36:56.736-0300] {processor.py:161} INFO - Started process (PID=42178) to work on /home/beatriz/Documentos/airflow/airflow_venv/lib/python3.10/site-packages/airflow/example_dags/example_sla_dag.py
[2024-12-10T13:36:56.738-0300] {processor.py:830} INFO - Processing file /home/beatriz/Documentos/airflow/airflow_venv/lib/python3.10/site-packages/airflow/example_dags/example_sla_dag.py for tasks to queue
[2024-12-10T13:36:56.741-0300] {logging_mixin.py:188} INFO - [2024-12-10T13:36:56.740-0300] {dagbag.py:540} INFO - Filling up the DagBag from /home/beatriz/Documentos/airflow/airflow_venv/lib/python3.10/site-packages/airflow/example_dags/example_sla_dag.py
[2024-12-10T13:36:56.760-0300] {processor.py:840} INFO - DAG(s) 'example_sla_dag' retrieved from /home/beatriz/Documentos/airflow/airflow_venv/lib/python3.10/site-packages/airflow/example_dags/example_sla_dag.py
[2024-12-10T13:36:56.783-0300] {logging_mixin.py:188} INFO - [2024-12-10T13:36:56.782-0300] {dag.py:3096} INFO - Sync 1 DAGs
[2024-12-10T13:36:56.802-0300] {logging_mixin.py:188} INFO - [2024-12-10T13:36:56.802-0300] {dag.py:3954} INFO - Setting next_dagrun for example_sla_dag to 2024-12-10 16:34:00+00:00, run_after=2024-12-10 16:36:00+00:00
[2024-12-10T13:36:56.825-0300] {processor.py:183} INFO - Processing /home/beatriz/Documentos/airflow/airflow_venv/lib/python3.10/site-packages/airflow/example_dags/example_sla_dag.py took 0.100 seconds
[2024-12-10T13:38:06.795-0300] {processor.py:161} INFO - Started process (PID=42881) to work on /home/beatriz/Documentos/airflow/airflow_venv/lib/python3.10/site-packages/airflow/example_dags/example_sla_dag.py
[2024-12-10T13:38:06.797-0300] {processor.py:830} INFO - Processing file /home/beatriz/Documentos/airflow/airflow_venv/lib/python3.10/site-packages/airflow/example_dags/example_sla_dag.py for tasks to queue
[2024-12-10T13:38:06.798-0300] {logging_mixin.py:188} INFO - [2024-12-10T13:38:06.798-0300] {dagbag.py:540} INFO - Filling up the DagBag from /home/beatriz/Documentos/airflow/airflow_venv/lib/python3.10/site-packages/airflow/example_dags/example_sla_dag.py
[2024-12-10T13:38:06.804-0300] {processor.py:840} INFO - DAG(s) 'example_sla_dag' retrieved from /home/beatriz/Documentos/airflow/airflow_venv/lib/python3.10/site-packages/airflow/example_dags/example_sla_dag.py
[2024-12-10T13:38:06.885-0300] {logging_mixin.py:188} INFO - [2024-12-10T13:38:06.885-0300] {dag.py:3096} INFO - Sync 1 DAGs
[2024-12-10T13:38:06.905-0300] {logging_mixin.py:188} INFO - [2024-12-10T13:38:06.905-0300] {dag.py:3954} INFO - Setting next_dagrun for example_sla_dag to 2024-12-10 16:36:00+00:00, run_after=2024-12-10 16:38:00+00:00
[2024-12-10T13:38:06.922-0300] {processor.py:183} INFO - Processing /home/beatriz/Documentos/airflow/airflow_venv/lib/python3.10/site-packages/airflow/example_dags/example_sla_dag.py took 0.131 seconds
[2024-12-10T13:39:02.150-0300] {processor.py:161} INFO - Started process (PID=43289) to work on /home/beatriz/Documentos/airflow/airflow_venv/lib/python3.10/site-packages/airflow/example_dags/example_sla_dag.py
[2024-12-10T13:39:02.162-0300] {processor.py:830} INFO - Processing file /home/beatriz/Documentos/airflow/airflow_venv/lib/python3.10/site-packages/airflow/example_dags/example_sla_dag.py for tasks to queue
[2024-12-10T13:39:02.164-0300] {logging_mixin.py:188} INFO - [2024-12-10T13:39:02.163-0300] {dagbag.py:540} INFO - Filling up the DagBag from /home/beatriz/Documentos/airflow/airflow_venv/lib/python3.10/site-packages/airflow/example_dags/example_sla_dag.py
[2024-12-10T13:39:02.174-0300] {processor.py:840} INFO - DAG(s) 'example_sla_dag' retrieved from /home/beatriz/Documentos/airflow/airflow_venv/lib/python3.10/site-packages/airflow/example_dags/example_sla_dag.py
[2024-12-10T13:39:02.212-0300] {logging_mixin.py:188} INFO - [2024-12-10T13:39:02.212-0300] {dag.py:3096} INFO - Sync 1 DAGs
[2024-12-10T13:39:02.231-0300] {logging_mixin.py:188} INFO - [2024-12-10T13:39:02.231-0300] {dag.py:3954} INFO - Setting next_dagrun for example_sla_dag to 2024-12-10 16:36:00+00:00, run_after=2024-12-10 16:38:00+00:00
[2024-12-10T13:39:02.288-0300] {processor.py:183} INFO - Processing /home/beatriz/Documentos/airflow/airflow_venv/lib/python3.10/site-packages/airflow/example_dags/example_sla_dag.py took 0.148 seconds
[2024-12-10T13:45:26.825-0300] {processor.py:161} INFO - Started process (PID=45735) to work on /home/beatriz/Documentos/airflow/airflow_venv/lib/python3.10/site-packages/airflow/example_dags/example_sla_dag.py
[2024-12-10T13:45:26.831-0300] {processor.py:830} INFO - Processing file /home/beatriz/Documentos/airflow/airflow_venv/lib/python3.10/site-packages/airflow/example_dags/example_sla_dag.py for tasks to queue
[2024-12-10T13:45:26.833-0300] {logging_mixin.py:188} INFO - [2024-12-10T13:45:26.832-0300] {dagbag.py:540} INFO - Filling up the DagBag from /home/beatriz/Documentos/airflow/airflow_venv/lib/python3.10/site-packages/airflow/example_dags/example_sla_dag.py
[2024-12-10T13:45:26.847-0300] {processor.py:840} INFO - DAG(s) 'example_sla_dag' retrieved from /home/beatriz/Documentos/airflow/airflow_venv/lib/python3.10/site-packages/airflow/example_dags/example_sla_dag.py
[2024-12-10T13:45:26.940-0300] {logging_mixin.py:188} INFO - [2024-12-10T13:45:26.940-0300] {dag.py:3096} INFO - Sync 1 DAGs
[2024-12-10T13:45:26.962-0300] {logging_mixin.py:188} INFO - [2024-12-10T13:45:26.962-0300] {dag.py:3954} INFO - Setting next_dagrun for example_sla_dag to 2024-12-10 16:42:00+00:00, run_after=2024-12-10 16:44:00+00:00
[2024-12-10T13:45:26.984-0300] {processor.py:183} INFO - Processing /home/beatriz/Documentos/airflow/airflow_venv/lib/python3.10/site-packages/airflow/example_dags/example_sla_dag.py took 0.164 seconds
