[2024-12-10T10:09:14.442-0300] {processor.py:161} INFO - Started process (PID=10087) to work on /home/beatriz/Documentos/airflow/airflow_venv/lib/python3.10/site-packages/airflow/example_dags/tutorial_objectstorage.py
[2024-12-10T10:09:14.442-0300] {processor.py:830} INFO - Processing file /home/beatriz/Documentos/airflow/airflow_venv/lib/python3.10/site-packages/airflow/example_dags/tutorial_objectstorage.py for tasks to queue
[2024-12-10T10:09:14.444-0300] {logging_mixin.py:188} INFO - [2024-12-10T10:09:14.443-0300] {dagbag.py:540} INFO - Filling up the DagBag from /home/beatriz/Documentos/airflow/airflow_venv/lib/python3.10/site-packages/airflow/example_dags/tutorial_objectstorage.py
[2024-12-10T10:09:14.451-0300] {processor.py:840} INFO - DAG(s) 'tutorial_objectstorage' retrieved from /home/beatriz/Documentos/airflow/airflow_venv/lib/python3.10/site-packages/airflow/example_dags/tutorial_objectstorage.py
[2024-12-10T10:09:14.458-0300] {logging_mixin.py:188} INFO - [2024-12-10T10:09:14.458-0300] {dag.py:3096} INFO - Sync 1 DAGs
[2024-12-10T10:09:14.469-0300] {logging_mixin.py:188} INFO - [2024-12-10T10:09:14.469-0300] {dag.py:3954} INFO - Setting next_dagrun for tutorial_objectstorage to None, run_after=None
[2024-12-10T10:09:14.491-0300] {processor.py:183} INFO - Processing /home/beatriz/Documentos/airflow/airflow_venv/lib/python3.10/site-packages/airflow/example_dags/tutorial_objectstorage.py took 0.053 seconds
[2024-12-10T10:10:13.232-0300] {processor.py:161} INFO - Started process (PID=10930) to work on /home/beatriz/Documentos/airflow/airflow_venv/lib/python3.10/site-packages/airflow/example_dags/tutorial_objectstorage.py
[2024-12-10T10:10:13.234-0300] {processor.py:830} INFO - Processing file /home/beatriz/Documentos/airflow/airflow_venv/lib/python3.10/site-packages/airflow/example_dags/tutorial_objectstorage.py for tasks to queue
[2024-12-10T10:10:13.235-0300] {logging_mixin.py:188} INFO - [2024-12-10T10:10:13.235-0300] {dagbag.py:540} INFO - Filling up the DagBag from /home/beatriz/Documentos/airflow/airflow_venv/lib/python3.10/site-packages/airflow/example_dags/tutorial_objectstorage.py
[2024-12-10T10:10:13.241-0300] {processor.py:840} INFO - DAG(s) 'tutorial_objectstorage' retrieved from /home/beatriz/Documentos/airflow/airflow_venv/lib/python3.10/site-packages/airflow/example_dags/tutorial_objectstorage.py
[2024-12-10T10:10:13.309-0300] {logging_mixin.py:188} INFO - [2024-12-10T10:10:13.308-0300] {dag.py:3096} INFO - Sync 1 DAGs
[2024-12-10T10:10:13.315-0300] {logging_mixin.py:188} INFO - [2024-12-10T10:10:13.315-0300] {dag.py:3954} INFO - Setting next_dagrun for tutorial_objectstorage to None, run_after=None
[2024-12-10T10:10:13.332-0300] {processor.py:183} INFO - Processing /home/beatriz/Documentos/airflow/airflow_venv/lib/python3.10/site-packages/airflow/example_dags/tutorial_objectstorage.py took 0.105 seconds
[2024-12-10T10:11:09.218-0300] {processor.py:161} INFO - Started process (PID=11420) to work on /home/beatriz/Documentos/airflow/airflow_venv/lib/python3.10/site-packages/airflow/example_dags/tutorial_objectstorage.py
[2024-12-10T10:11:09.220-0300] {processor.py:830} INFO - Processing file /home/beatriz/Documentos/airflow/airflow_venv/lib/python3.10/site-packages/airflow/example_dags/tutorial_objectstorage.py for tasks to queue
[2024-12-10T10:11:09.221-0300] {logging_mixin.py:188} INFO - [2024-12-10T10:11:09.221-0300] {dagbag.py:540} INFO - Filling up the DagBag from /home/beatriz/Documentos/airflow/airflow_venv/lib/python3.10/site-packages/airflow/example_dags/tutorial_objectstorage.py
[2024-12-10T10:11:09.227-0300] {processor.py:840} INFO - DAG(s) 'tutorial_objectstorage' retrieved from /home/beatriz/Documentos/airflow/airflow_venv/lib/python3.10/site-packages/airflow/example_dags/tutorial_objectstorage.py
[2024-12-10T10:11:09.241-0300] {logging_mixin.py:188} INFO - [2024-12-10T10:11:09.240-0300] {dag.py:3096} INFO - Sync 1 DAGs
[2024-12-10T10:11:09.250-0300] {logging_mixin.py:188} INFO - [2024-12-10T10:11:09.250-0300] {dag.py:3954} INFO - Setting next_dagrun for tutorial_objectstorage to None, run_after=None
[2024-12-10T10:11:09.268-0300] {processor.py:183} INFO - Processing /home/beatriz/Documentos/airflow/airflow_venv/lib/python3.10/site-packages/airflow/example_dags/tutorial_objectstorage.py took 0.055 seconds
[2024-12-10T10:12:00.735-0300] {processor.py:161} INFO - Started process (PID=11852) to work on /home/beatriz/Documentos/airflow/airflow_venv/lib/python3.10/site-packages/airflow/example_dags/tutorial_objectstorage.py
[2024-12-10T10:12:00.737-0300] {processor.py:830} INFO - Processing file /home/beatriz/Documentos/airflow/airflow_venv/lib/python3.10/site-packages/airflow/example_dags/tutorial_objectstorage.py for tasks to queue
[2024-12-10T10:12:00.738-0300] {logging_mixin.py:188} INFO - [2024-12-10T10:12:00.738-0300] {dagbag.py:540} INFO - Filling up the DagBag from /home/beatriz/Documentos/airflow/airflow_venv/lib/python3.10/site-packages/airflow/example_dags/tutorial_objectstorage.py
[2024-12-10T10:12:00.745-0300] {processor.py:840} INFO - DAG(s) 'tutorial_objectstorage' retrieved from /home/beatriz/Documentos/airflow/airflow_venv/lib/python3.10/site-packages/airflow/example_dags/tutorial_objectstorage.py
[2024-12-10T10:12:00.763-0300] {logging_mixin.py:188} INFO - [2024-12-10T10:12:00.762-0300] {dag.py:3096} INFO - Sync 1 DAGs
[2024-12-10T10:12:00.775-0300] {logging_mixin.py:188} INFO - [2024-12-10T10:12:00.775-0300] {dag.py:3954} INFO - Setting next_dagrun for tutorial_objectstorage to None, run_after=None
[2024-12-10T10:12:00.801-0300] {processor.py:183} INFO - Processing /home/beatriz/Documentos/airflow/airflow_venv/lib/python3.10/site-packages/airflow/example_dags/tutorial_objectstorage.py took 0.073 seconds
[2024-12-10T10:12:51.273-0300] {processor.py:161} INFO - Started process (PID=12256) to work on /home/beatriz/Documentos/airflow/airflow_venv/lib/python3.10/site-packages/airflow/example_dags/tutorial_objectstorage.py
[2024-12-10T10:12:51.275-0300] {processor.py:830} INFO - Processing file /home/beatriz/Documentos/airflow/airflow_venv/lib/python3.10/site-packages/airflow/example_dags/tutorial_objectstorage.py for tasks to queue
[2024-12-10T10:12:51.276-0300] {logging_mixin.py:188} INFO - [2024-12-10T10:12:51.276-0300] {dagbag.py:540} INFO - Filling up the DagBag from /home/beatriz/Documentos/airflow/airflow_venv/lib/python3.10/site-packages/airflow/example_dags/tutorial_objectstorage.py
[2024-12-10T10:12:51.281-0300] {processor.py:840} INFO - DAG(s) 'tutorial_objectstorage' retrieved from /home/beatriz/Documentos/airflow/airflow_venv/lib/python3.10/site-packages/airflow/example_dags/tutorial_objectstorage.py
[2024-12-10T10:12:51.292-0300] {logging_mixin.py:188} INFO - [2024-12-10T10:12:51.292-0300] {dag.py:3096} INFO - Sync 1 DAGs
[2024-12-10T10:12:51.301-0300] {logging_mixin.py:188} INFO - [2024-12-10T10:12:51.301-0300] {dag.py:3954} INFO - Setting next_dagrun for tutorial_objectstorage to None, run_after=None
[2024-12-10T10:12:51.318-0300] {processor.py:183} INFO - Processing /home/beatriz/Documentos/airflow/airflow_venv/lib/python3.10/site-packages/airflow/example_dags/tutorial_objectstorage.py took 0.050 seconds
[2024-12-10T10:13:39.254-0300] {processor.py:161} INFO - Started process (PID=12666) to work on /home/beatriz/Documentos/airflow/airflow_venv/lib/python3.10/site-packages/airflow/example_dags/tutorial_objectstorage.py
[2024-12-10T10:13:39.256-0300] {processor.py:830} INFO - Processing file /home/beatriz/Documentos/airflow/airflow_venv/lib/python3.10/site-packages/airflow/example_dags/tutorial_objectstorage.py for tasks to queue
[2024-12-10T10:13:39.257-0300] {logging_mixin.py:188} INFO - [2024-12-10T10:13:39.257-0300] {dagbag.py:540} INFO - Filling up the DagBag from /home/beatriz/Documentos/airflow/airflow_venv/lib/python3.10/site-packages/airflow/example_dags/tutorial_objectstorage.py
[2024-12-10T10:13:39.263-0300] {processor.py:840} INFO - DAG(s) 'tutorial_objectstorage' retrieved from /home/beatriz/Documentos/airflow/airflow_venv/lib/python3.10/site-packages/airflow/example_dags/tutorial_objectstorage.py
[2024-12-10T10:13:39.273-0300] {logging_mixin.py:188} INFO - [2024-12-10T10:13:39.273-0300] {dag.py:3096} INFO - Sync 1 DAGs
[2024-12-10T10:13:39.282-0300] {logging_mixin.py:188} INFO - [2024-12-10T10:13:39.282-0300] {dag.py:3954} INFO - Setting next_dagrun for tutorial_objectstorage to None, run_after=None
[2024-12-10T10:13:39.305-0300] {processor.py:183} INFO - Processing /home/beatriz/Documentos/airflow/airflow_venv/lib/python3.10/site-packages/airflow/example_dags/tutorial_objectstorage.py took 0.055 seconds
[2024-12-10T10:14:29.896-0300] {processor.py:161} INFO - Started process (PID=13195) to work on /home/beatriz/Documentos/airflow/airflow_venv/lib/python3.10/site-packages/airflow/example_dags/tutorial_objectstorage.py
[2024-12-10T10:14:29.897-0300] {processor.py:830} INFO - Processing file /home/beatriz/Documentos/airflow/airflow_venv/lib/python3.10/site-packages/airflow/example_dags/tutorial_objectstorage.py for tasks to queue
[2024-12-10T10:14:29.898-0300] {logging_mixin.py:188} INFO - [2024-12-10T10:14:29.898-0300] {dagbag.py:540} INFO - Filling up the DagBag from /home/beatriz/Documentos/airflow/airflow_venv/lib/python3.10/site-packages/airflow/example_dags/tutorial_objectstorage.py
[2024-12-10T10:14:29.903-0300] {processor.py:840} INFO - DAG(s) 'tutorial_objectstorage' retrieved from /home/beatriz/Documentos/airflow/airflow_venv/lib/python3.10/site-packages/airflow/example_dags/tutorial_objectstorage.py
[2024-12-10T10:14:29.914-0300] {logging_mixin.py:188} INFO - [2024-12-10T10:14:29.914-0300] {dag.py:3096} INFO - Sync 1 DAGs
[2024-12-10T10:14:29.923-0300] {logging_mixin.py:188} INFO - [2024-12-10T10:14:29.923-0300] {dag.py:3954} INFO - Setting next_dagrun for tutorial_objectstorage to None, run_after=None
[2024-12-10T10:14:29.941-0300] {processor.py:183} INFO - Processing /home/beatriz/Documentos/airflow/airflow_venv/lib/python3.10/site-packages/airflow/example_dags/tutorial_objectstorage.py took 0.048 seconds
[2024-12-10T10:15:16.919-0300] {processor.py:161} INFO - Started process (PID=13647) to work on /home/beatriz/Documentos/airflow/airflow_venv/lib/python3.10/site-packages/airflow/example_dags/tutorial_objectstorage.py
[2024-12-10T10:15:16.921-0300] {processor.py:830} INFO - Processing file /home/beatriz/Documentos/airflow/airflow_venv/lib/python3.10/site-packages/airflow/example_dags/tutorial_objectstorage.py for tasks to queue
[2024-12-10T10:15:16.922-0300] {logging_mixin.py:188} INFO - [2024-12-10T10:15:16.922-0300] {dagbag.py:540} INFO - Filling up the DagBag from /home/beatriz/Documentos/airflow/airflow_venv/lib/python3.10/site-packages/airflow/example_dags/tutorial_objectstorage.py
[2024-12-10T10:15:16.928-0300] {processor.py:840} INFO - DAG(s) 'tutorial_objectstorage' retrieved from /home/beatriz/Documentos/airflow/airflow_venv/lib/python3.10/site-packages/airflow/example_dags/tutorial_objectstorage.py
[2024-12-10T10:15:16.939-0300] {logging_mixin.py:188} INFO - [2024-12-10T10:15:16.938-0300] {dag.py:3096} INFO - Sync 1 DAGs
[2024-12-10T10:15:16.948-0300] {logging_mixin.py:188} INFO - [2024-12-10T10:15:16.947-0300] {dag.py:3954} INFO - Setting next_dagrun for tutorial_objectstorage to None, run_after=None
[2024-12-10T10:15:16.965-0300] {processor.py:183} INFO - Processing /home/beatriz/Documentos/airflow/airflow_venv/lib/python3.10/site-packages/airflow/example_dags/tutorial_objectstorage.py took 0.050 seconds
[2024-12-10T10:16:04.960-0300] {processor.py:161} INFO - Started process (PID=14005) to work on /home/beatriz/Documentos/airflow/airflow_venv/lib/python3.10/site-packages/airflow/example_dags/tutorial_objectstorage.py
[2024-12-10T10:16:04.962-0300] {processor.py:830} INFO - Processing file /home/beatriz/Documentos/airflow/airflow_venv/lib/python3.10/site-packages/airflow/example_dags/tutorial_objectstorage.py for tasks to queue
[2024-12-10T10:16:04.965-0300] {logging_mixin.py:188} INFO - [2024-12-10T10:16:04.964-0300] {dagbag.py:540} INFO - Filling up the DagBag from /home/beatriz/Documentos/airflow/airflow_venv/lib/python3.10/site-packages/airflow/example_dags/tutorial_objectstorage.py
[2024-12-10T10:16:04.976-0300] {processor.py:840} INFO - DAG(s) 'tutorial_objectstorage' retrieved from /home/beatriz/Documentos/airflow/airflow_venv/lib/python3.10/site-packages/airflow/example_dags/tutorial_objectstorage.py
[2024-12-10T10:16:04.991-0300] {logging_mixin.py:188} INFO - [2024-12-10T10:16:04.991-0300] {dag.py:3096} INFO - Sync 1 DAGs
[2024-12-10T10:16:05.000-0300] {logging_mixin.py:188} INFO - [2024-12-10T10:16:05.000-0300] {dag.py:3954} INFO - Setting next_dagrun for tutorial_objectstorage to None, run_after=None
[2024-12-10T10:16:05.018-0300] {processor.py:183} INFO - Processing /home/beatriz/Documentos/airflow/airflow_venv/lib/python3.10/site-packages/airflow/example_dags/tutorial_objectstorage.py took 0.062 seconds
[2024-12-10T10:16:57.562-0300] {processor.py:161} INFO - Started process (PID=14433) to work on /home/beatriz/Documentos/airflow/airflow_venv/lib/python3.10/site-packages/airflow/example_dags/tutorial_objectstorage.py
[2024-12-10T10:16:57.564-0300] {processor.py:830} INFO - Processing file /home/beatriz/Documentos/airflow/airflow_venv/lib/python3.10/site-packages/airflow/example_dags/tutorial_objectstorage.py for tasks to queue
[2024-12-10T10:16:57.565-0300] {logging_mixin.py:188} INFO - [2024-12-10T10:16:57.565-0300] {dagbag.py:540} INFO - Filling up the DagBag from /home/beatriz/Documentos/airflow/airflow_venv/lib/python3.10/site-packages/airflow/example_dags/tutorial_objectstorage.py
[2024-12-10T10:16:57.573-0300] {processor.py:840} INFO - DAG(s) 'tutorial_objectstorage' retrieved from /home/beatriz/Documentos/airflow/airflow_venv/lib/python3.10/site-packages/airflow/example_dags/tutorial_objectstorage.py
[2024-12-10T10:16:57.587-0300] {logging_mixin.py:188} INFO - [2024-12-10T10:16:57.586-0300] {dag.py:3096} INFO - Sync 1 DAGs
[2024-12-10T10:16:57.596-0300] {logging_mixin.py:188} INFO - [2024-12-10T10:16:57.596-0300] {dag.py:3954} INFO - Setting next_dagrun for tutorial_objectstorage to None, run_after=None
[2024-12-10T10:16:57.614-0300] {processor.py:183} INFO - Processing /home/beatriz/Documentos/airflow/airflow_venv/lib/python3.10/site-packages/airflow/example_dags/tutorial_objectstorage.py took 0.057 seconds
[2024-12-10T10:17:52.173-0300] {processor.py:161} INFO - Started process (PID=14839) to work on /home/beatriz/Documentos/airflow/airflow_venv/lib/python3.10/site-packages/airflow/example_dags/tutorial_objectstorage.py
[2024-12-10T10:17:52.175-0300] {processor.py:830} INFO - Processing file /home/beatriz/Documentos/airflow/airflow_venv/lib/python3.10/site-packages/airflow/example_dags/tutorial_objectstorage.py for tasks to queue
[2024-12-10T10:17:52.177-0300] {logging_mixin.py:188} INFO - [2024-12-10T10:17:52.176-0300] {dagbag.py:540} INFO - Filling up the DagBag from /home/beatriz/Documentos/airflow/airflow_venv/lib/python3.10/site-packages/airflow/example_dags/tutorial_objectstorage.py
[2024-12-10T10:17:52.182-0300] {processor.py:840} INFO - DAG(s) 'tutorial_objectstorage' retrieved from /home/beatriz/Documentos/airflow/airflow_venv/lib/python3.10/site-packages/airflow/example_dags/tutorial_objectstorage.py
[2024-12-10T10:17:52.198-0300] {logging_mixin.py:188} INFO - [2024-12-10T10:17:52.198-0300] {dag.py:3096} INFO - Sync 1 DAGs
[2024-12-10T10:17:52.208-0300] {logging_mixin.py:188} INFO - [2024-12-10T10:17:52.207-0300] {dag.py:3954} INFO - Setting next_dagrun for tutorial_objectstorage to None, run_after=None
[2024-12-10T10:17:52.226-0300] {processor.py:183} INFO - Processing /home/beatriz/Documentos/airflow/airflow_venv/lib/python3.10/site-packages/airflow/example_dags/tutorial_objectstorage.py took 0.057 seconds
[2024-12-10T10:18:43.541-0300] {processor.py:161} INFO - Started process (PID=15319) to work on /home/beatriz/Documentos/airflow/airflow_venv/lib/python3.10/site-packages/airflow/example_dags/tutorial_objectstorage.py
[2024-12-10T10:18:43.544-0300] {processor.py:830} INFO - Processing file /home/beatriz/Documentos/airflow/airflow_venv/lib/python3.10/site-packages/airflow/example_dags/tutorial_objectstorage.py for tasks to queue
[2024-12-10T10:18:43.547-0300] {logging_mixin.py:188} INFO - [2024-12-10T10:18:43.546-0300] {dagbag.py:540} INFO - Filling up the DagBag from /home/beatriz/Documentos/airflow/airflow_venv/lib/python3.10/site-packages/airflow/example_dags/tutorial_objectstorage.py
[2024-12-10T10:18:43.559-0300] {processor.py:840} INFO - DAG(s) 'tutorial_objectstorage' retrieved from /home/beatriz/Documentos/airflow/airflow_venv/lib/python3.10/site-packages/airflow/example_dags/tutorial_objectstorage.py
[2024-12-10T10:18:43.573-0300] {logging_mixin.py:188} INFO - [2024-12-10T10:18:43.573-0300] {dag.py:3096} INFO - Sync 1 DAGs
[2024-12-10T10:18:43.583-0300] {logging_mixin.py:188} INFO - [2024-12-10T10:18:43.582-0300] {dag.py:3954} INFO - Setting next_dagrun for tutorial_objectstorage to None, run_after=None
[2024-12-10T10:18:43.600-0300] {processor.py:183} INFO - Processing /home/beatriz/Documentos/airflow/airflow_venv/lib/python3.10/site-packages/airflow/example_dags/tutorial_objectstorage.py took 0.069 seconds
[2024-12-10T11:00:52.639-0300] {processor.py:161} INFO - Started process (PID=19148) to work on /home/beatriz/Documentos/airflow/airflow_venv/lib/python3.10/site-packages/airflow/example_dags/tutorial_objectstorage.py
[2024-12-10T11:00:52.640-0300] {processor.py:830} INFO - Processing file /home/beatriz/Documentos/airflow/airflow_venv/lib/python3.10/site-packages/airflow/example_dags/tutorial_objectstorage.py for tasks to queue
[2024-12-10T11:00:52.641-0300] {logging_mixin.py:188} INFO - [2024-12-10T11:00:52.641-0300] {dagbag.py:540} INFO - Filling up the DagBag from /home/beatriz/Documentos/airflow/airflow_venv/lib/python3.10/site-packages/airflow/example_dags/tutorial_objectstorage.py
[2024-12-10T11:00:52.649-0300] {processor.py:840} INFO - DAG(s) 'tutorial_objectstorage' retrieved from /home/beatriz/Documentos/airflow/airflow_venv/lib/python3.10/site-packages/airflow/example_dags/tutorial_objectstorage.py
[2024-12-10T11:00:52.655-0300] {logging_mixin.py:188} INFO - [2024-12-10T11:00:52.655-0300] {dag.py:3096} INFO - Sync 1 DAGs
[2024-12-10T11:00:52.665-0300] {logging_mixin.py:188} INFO - [2024-12-10T11:00:52.665-0300] {dag.py:3954} INFO - Setting next_dagrun for tutorial_objectstorage to None, run_after=None
[2024-12-10T11:00:52.683-0300] {processor.py:183} INFO - Processing /home/beatriz/Documentos/airflow/airflow_venv/lib/python3.10/site-packages/airflow/example_dags/tutorial_objectstorage.py took 0.049 seconds
[2024-12-10T11:02:01.925-0300] {processor.py:161} INFO - Started process (PID=20067) to work on /home/beatriz/Documentos/airflow/airflow_venv/lib/python3.10/site-packages/airflow/example_dags/tutorial_objectstorage.py
[2024-12-10T11:02:01.926-0300] {processor.py:830} INFO - Processing file /home/beatriz/Documentos/airflow/airflow_venv/lib/python3.10/site-packages/airflow/example_dags/tutorial_objectstorage.py for tasks to queue
[2024-12-10T11:02:01.927-0300] {logging_mixin.py:188} INFO - [2024-12-10T11:02:01.927-0300] {dagbag.py:540} INFO - Filling up the DagBag from /home/beatriz/Documentos/airflow/airflow_venv/lib/python3.10/site-packages/airflow/example_dags/tutorial_objectstorage.py
[2024-12-10T11:02:01.935-0300] {processor.py:840} INFO - DAG(s) 'tutorial_objectstorage' retrieved from /home/beatriz/Documentos/airflow/airflow_venv/lib/python3.10/site-packages/airflow/example_dags/tutorial_objectstorage.py
[2024-12-10T11:02:02.003-0300] {logging_mixin.py:188} INFO - [2024-12-10T11:02:02.003-0300] {dag.py:3096} INFO - Sync 1 DAGs
[2024-12-10T11:02:02.009-0300] {logging_mixin.py:188} INFO - [2024-12-10T11:02:02.009-0300] {dag.py:3954} INFO - Setting next_dagrun for tutorial_objectstorage to None, run_after=None
[2024-12-10T11:02:02.028-0300] {processor.py:183} INFO - Processing /home/beatriz/Documentos/airflow/airflow_venv/lib/python3.10/site-packages/airflow/example_dags/tutorial_objectstorage.py took 0.107 seconds
[2024-12-10T11:02:57.680-0300] {processor.py:161} INFO - Started process (PID=20507) to work on /home/beatriz/Documentos/airflow/airflow_venv/lib/python3.10/site-packages/airflow/example_dags/tutorial_objectstorage.py
[2024-12-10T11:02:57.682-0300] {processor.py:830} INFO - Processing file /home/beatriz/Documentos/airflow/airflow_venv/lib/python3.10/site-packages/airflow/example_dags/tutorial_objectstorage.py for tasks to queue
[2024-12-10T11:02:57.683-0300] {logging_mixin.py:188} INFO - [2024-12-10T11:02:57.683-0300] {dagbag.py:540} INFO - Filling up the DagBag from /home/beatriz/Documentos/airflow/airflow_venv/lib/python3.10/site-packages/airflow/example_dags/tutorial_objectstorage.py
[2024-12-10T11:02:57.690-0300] {processor.py:840} INFO - DAG(s) 'tutorial_objectstorage' retrieved from /home/beatriz/Documentos/airflow/airflow_venv/lib/python3.10/site-packages/airflow/example_dags/tutorial_objectstorage.py
[2024-12-10T11:02:57.703-0300] {logging_mixin.py:188} INFO - [2024-12-10T11:02:57.703-0300] {dag.py:3096} INFO - Sync 1 DAGs
[2024-12-10T11:02:57.714-0300] {logging_mixin.py:188} INFO - [2024-12-10T11:02:57.714-0300] {dag.py:3954} INFO - Setting next_dagrun for tutorial_objectstorage to None, run_after=None
[2024-12-10T11:02:57.732-0300] {processor.py:183} INFO - Processing /home/beatriz/Documentos/airflow/airflow_venv/lib/python3.10/site-packages/airflow/example_dags/tutorial_objectstorage.py took 0.058 seconds
[2024-12-10T11:36:52.539-0300] {processor.py:161} INFO - Started process (PID=24743) to work on /home/beatriz/Documentos/airflow/airflow_venv/lib/python3.10/site-packages/airflow/example_dags/tutorial_objectstorage.py
[2024-12-10T11:36:52.540-0300] {processor.py:830} INFO - Processing file /home/beatriz/Documentos/airflow/airflow_venv/lib/python3.10/site-packages/airflow/example_dags/tutorial_objectstorage.py for tasks to queue
[2024-12-10T11:36:52.544-0300] {logging_mixin.py:188} INFO - [2024-12-10T11:36:52.543-0300] {dagbag.py:540} INFO - Filling up the DagBag from /home/beatriz/Documentos/airflow/airflow_venv/lib/python3.10/site-packages/airflow/example_dags/tutorial_objectstorage.py
[2024-12-10T11:36:52.554-0300] {processor.py:840} INFO - DAG(s) 'tutorial_objectstorage' retrieved from /home/beatriz/Documentos/airflow/airflow_venv/lib/python3.10/site-packages/airflow/example_dags/tutorial_objectstorage.py
[2024-12-10T11:36:52.561-0300] {logging_mixin.py:188} INFO - [2024-12-10T11:36:52.561-0300] {dag.py:3096} INFO - Sync 1 DAGs
[2024-12-10T11:36:52.573-0300] {logging_mixin.py:188} INFO - [2024-12-10T11:36:52.572-0300] {dag.py:3954} INFO - Setting next_dagrun for tutorial_objectstorage to None, run_after=None
[2024-12-10T11:36:52.595-0300] {processor.py:183} INFO - Processing /home/beatriz/Documentos/airflow/airflow_venv/lib/python3.10/site-packages/airflow/example_dags/tutorial_objectstorage.py took 0.061 seconds
[2024-12-10T11:37:52.935-0300] {processor.py:161} INFO - Started process (PID=25157) to work on /home/beatriz/Documentos/airflow/airflow_venv/lib/python3.10/site-packages/airflow/example_dags/tutorial_objectstorage.py
[2024-12-10T11:37:52.936-0300] {processor.py:830} INFO - Processing file /home/beatriz/Documentos/airflow/airflow_venv/lib/python3.10/site-packages/airflow/example_dags/tutorial_objectstorage.py for tasks to queue
[2024-12-10T11:37:52.938-0300] {logging_mixin.py:188} INFO - [2024-12-10T11:37:52.937-0300] {dagbag.py:540} INFO - Filling up the DagBag from /home/beatriz/Documentos/airflow/airflow_venv/lib/python3.10/site-packages/airflow/example_dags/tutorial_objectstorage.py
[2024-12-10T11:37:52.946-0300] {processor.py:840} INFO - DAG(s) 'tutorial_objectstorage' retrieved from /home/beatriz/Documentos/airflow/airflow_venv/lib/python3.10/site-packages/airflow/example_dags/tutorial_objectstorage.py
[2024-12-10T11:37:53.088-0300] {logging_mixin.py:188} INFO - [2024-12-10T11:37:53.088-0300] {dag.py:3096} INFO - Sync 1 DAGs
[2024-12-10T11:37:53.107-0300] {logging_mixin.py:188} INFO - [2024-12-10T11:37:53.106-0300] {dag.py:3954} INFO - Setting next_dagrun for tutorial_objectstorage to None, run_after=None
[2024-12-10T11:37:53.161-0300] {processor.py:183} INFO - Processing /home/beatriz/Documentos/airflow/airflow_venv/lib/python3.10/site-packages/airflow/example_dags/tutorial_objectstorage.py took 0.231 seconds
[2024-12-10T11:38:51.920-0300] {processor.py:161} INFO - Started process (PID=25526) to work on /home/beatriz/Documentos/airflow/airflow_venv/lib/python3.10/site-packages/airflow/example_dags/tutorial_objectstorage.py
[2024-12-10T11:38:51.921-0300] {processor.py:830} INFO - Processing file /home/beatriz/Documentos/airflow/airflow_venv/lib/python3.10/site-packages/airflow/example_dags/tutorial_objectstorage.py for tasks to queue
[2024-12-10T11:38:51.923-0300] {logging_mixin.py:188} INFO - [2024-12-10T11:38:51.922-0300] {dagbag.py:540} INFO - Filling up the DagBag from /home/beatriz/Documentos/airflow/airflow_venv/lib/python3.10/site-packages/airflow/example_dags/tutorial_objectstorage.py
[2024-12-10T11:38:51.934-0300] {processor.py:840} INFO - DAG(s) 'tutorial_objectstorage' retrieved from /home/beatriz/Documentos/airflow/airflow_venv/lib/python3.10/site-packages/airflow/example_dags/tutorial_objectstorage.py
[2024-12-10T11:38:51.953-0300] {logging_mixin.py:188} INFO - [2024-12-10T11:38:51.953-0300] {dag.py:3096} INFO - Sync 1 DAGs
[2024-12-10T11:38:51.968-0300] {logging_mixin.py:188} INFO - [2024-12-10T11:38:51.968-0300] {dag.py:3954} INFO - Setting next_dagrun for tutorial_objectstorage to None, run_after=None
[2024-12-10T11:38:52.036-0300] {processor.py:183} INFO - Processing /home/beatriz/Documentos/airflow/airflow_venv/lib/python3.10/site-packages/airflow/example_dags/tutorial_objectstorage.py took 0.120 seconds
[2024-12-10T11:39:46.824-0300] {processor.py:161} INFO - Started process (PID=25917) to work on /home/beatriz/Documentos/airflow/airflow_venv/lib/python3.10/site-packages/airflow/example_dags/tutorial_objectstorage.py
[2024-12-10T11:39:46.825-0300] {processor.py:830} INFO - Processing file /home/beatriz/Documentos/airflow/airflow_venv/lib/python3.10/site-packages/airflow/example_dags/tutorial_objectstorage.py for tasks to queue
[2024-12-10T11:39:46.827-0300] {logging_mixin.py:188} INFO - [2024-12-10T11:39:46.827-0300] {dagbag.py:540} INFO - Filling up the DagBag from /home/beatriz/Documentos/airflow/airflow_venv/lib/python3.10/site-packages/airflow/example_dags/tutorial_objectstorage.py
[2024-12-10T11:39:46.837-0300] {processor.py:840} INFO - DAG(s) 'tutorial_objectstorage' retrieved from /home/beatriz/Documentos/airflow/airflow_venv/lib/python3.10/site-packages/airflow/example_dags/tutorial_objectstorage.py
[2024-12-10T11:39:46.854-0300] {logging_mixin.py:188} INFO - [2024-12-10T11:39:46.854-0300] {dag.py:3096} INFO - Sync 1 DAGs
[2024-12-10T11:39:46.868-0300] {logging_mixin.py:188} INFO - [2024-12-10T11:39:46.867-0300] {dag.py:3954} INFO - Setting next_dagrun for tutorial_objectstorage to None, run_after=None
[2024-12-10T11:39:46.892-0300] {processor.py:183} INFO - Processing /home/beatriz/Documentos/airflow/airflow_venv/lib/python3.10/site-packages/airflow/example_dags/tutorial_objectstorage.py took 0.074 seconds
[2024-12-10T11:40:43.497-0300] {processor.py:161} INFO - Started process (PID=26323) to work on /home/beatriz/Documentos/airflow/airflow_venv/lib/python3.10/site-packages/airflow/example_dags/tutorial_objectstorage.py
[2024-12-10T11:40:43.499-0300] {processor.py:830} INFO - Processing file /home/beatriz/Documentos/airflow/airflow_venv/lib/python3.10/site-packages/airflow/example_dags/tutorial_objectstorage.py for tasks to queue
[2024-12-10T11:40:43.502-0300] {logging_mixin.py:188} INFO - [2024-12-10T11:40:43.501-0300] {dagbag.py:540} INFO - Filling up the DagBag from /home/beatriz/Documentos/airflow/airflow_venv/lib/python3.10/site-packages/airflow/example_dags/tutorial_objectstorage.py
[2024-12-10T11:40:43.515-0300] {processor.py:840} INFO - DAG(s) 'tutorial_objectstorage' retrieved from /home/beatriz/Documentos/airflow/airflow_venv/lib/python3.10/site-packages/airflow/example_dags/tutorial_objectstorage.py
[2024-12-10T11:40:43.532-0300] {logging_mixin.py:188} INFO - [2024-12-10T11:40:43.531-0300] {dag.py:3096} INFO - Sync 1 DAGs
[2024-12-10T11:40:43.541-0300] {logging_mixin.py:188} INFO - [2024-12-10T11:40:43.541-0300] {dag.py:3954} INFO - Setting next_dagrun for tutorial_objectstorage to None, run_after=None
[2024-12-10T11:40:43.560-0300] {processor.py:183} INFO - Processing /home/beatriz/Documentos/airflow/airflow_venv/lib/python3.10/site-packages/airflow/example_dags/tutorial_objectstorage.py took 0.073 seconds
[2024-12-10T11:41:39.510-0300] {processor.py:161} INFO - Started process (PID=26684) to work on /home/beatriz/Documentos/airflow/airflow_venv/lib/python3.10/site-packages/airflow/example_dags/tutorial_objectstorage.py
[2024-12-10T11:41:39.511-0300] {processor.py:830} INFO - Processing file /home/beatriz/Documentos/airflow/airflow_venv/lib/python3.10/site-packages/airflow/example_dags/tutorial_objectstorage.py for tasks to queue
[2024-12-10T11:41:39.512-0300] {logging_mixin.py:188} INFO - [2024-12-10T11:41:39.512-0300] {dagbag.py:540} INFO - Filling up the DagBag from /home/beatriz/Documentos/airflow/airflow_venv/lib/python3.10/site-packages/airflow/example_dags/tutorial_objectstorage.py
[2024-12-10T11:41:39.519-0300] {processor.py:840} INFO - DAG(s) 'tutorial_objectstorage' retrieved from /home/beatriz/Documentos/airflow/airflow_venv/lib/python3.10/site-packages/airflow/example_dags/tutorial_objectstorage.py
[2024-12-10T11:41:39.530-0300] {logging_mixin.py:188} INFO - [2024-12-10T11:41:39.530-0300] {dag.py:3096} INFO - Sync 1 DAGs
[2024-12-10T11:41:39.539-0300] {logging_mixin.py:188} INFO - [2024-12-10T11:41:39.539-0300] {dag.py:3954} INFO - Setting next_dagrun for tutorial_objectstorage to None, run_after=None
[2024-12-10T11:41:39.561-0300] {processor.py:183} INFO - Processing /home/beatriz/Documentos/airflow/airflow_venv/lib/python3.10/site-packages/airflow/example_dags/tutorial_objectstorage.py took 0.056 seconds
[2024-12-10T11:42:36.305-0300] {processor.py:161} INFO - Started process (PID=27089) to work on /home/beatriz/Documentos/airflow/airflow_venv/lib/python3.10/site-packages/airflow/example_dags/tutorial_objectstorage.py
[2024-12-10T11:42:36.306-0300] {processor.py:830} INFO - Processing file /home/beatriz/Documentos/airflow/airflow_venv/lib/python3.10/site-packages/airflow/example_dags/tutorial_objectstorage.py for tasks to queue
[2024-12-10T11:42:36.307-0300] {logging_mixin.py:188} INFO - [2024-12-10T11:42:36.307-0300] {dagbag.py:540} INFO - Filling up the DagBag from /home/beatriz/Documentos/airflow/airflow_venv/lib/python3.10/site-packages/airflow/example_dags/tutorial_objectstorage.py
[2024-12-10T11:42:36.314-0300] {processor.py:840} INFO - DAG(s) 'tutorial_objectstorage' retrieved from /home/beatriz/Documentos/airflow/airflow_venv/lib/python3.10/site-packages/airflow/example_dags/tutorial_objectstorage.py
[2024-12-10T11:42:36.328-0300] {logging_mixin.py:188} INFO - [2024-12-10T11:42:36.328-0300] {dag.py:3096} INFO - Sync 1 DAGs
[2024-12-10T11:42:36.339-0300] {logging_mixin.py:188} INFO - [2024-12-10T11:42:36.339-0300] {dag.py:3954} INFO - Setting next_dagrun for tutorial_objectstorage to None, run_after=None
[2024-12-10T11:42:36.359-0300] {processor.py:183} INFO - Processing /home/beatriz/Documentos/airflow/airflow_venv/lib/python3.10/site-packages/airflow/example_dags/tutorial_objectstorage.py took 0.068 seconds
[2024-12-10T11:43:28.573-0300] {processor.py:161} INFO - Started process (PID=27523) to work on /home/beatriz/Documentos/airflow/airflow_venv/lib/python3.10/site-packages/airflow/example_dags/tutorial_objectstorage.py
[2024-12-10T11:43:28.574-0300] {processor.py:830} INFO - Processing file /home/beatriz/Documentos/airflow/airflow_venv/lib/python3.10/site-packages/airflow/example_dags/tutorial_objectstorage.py for tasks to queue
[2024-12-10T11:43:28.576-0300] {logging_mixin.py:188} INFO - [2024-12-10T11:43:28.576-0300] {dagbag.py:540} INFO - Filling up the DagBag from /home/beatriz/Documentos/airflow/airflow_venv/lib/python3.10/site-packages/airflow/example_dags/tutorial_objectstorage.py
[2024-12-10T11:43:28.586-0300] {processor.py:840} INFO - DAG(s) 'tutorial_objectstorage' retrieved from /home/beatriz/Documentos/airflow/airflow_venv/lib/python3.10/site-packages/airflow/example_dags/tutorial_objectstorage.py
[2024-12-10T11:43:28.601-0300] {logging_mixin.py:188} INFO - [2024-12-10T11:43:28.600-0300] {dag.py:3096} INFO - Sync 1 DAGs
[2024-12-10T11:43:28.609-0300] {logging_mixin.py:188} INFO - [2024-12-10T11:43:28.609-0300] {dag.py:3954} INFO - Setting next_dagrun for tutorial_objectstorage to None, run_after=None
[2024-12-10T11:43:28.628-0300] {processor.py:183} INFO - Processing /home/beatriz/Documentos/airflow/airflow_venv/lib/python3.10/site-packages/airflow/example_dags/tutorial_objectstorage.py took 0.065 seconds
[2024-12-10T11:44:28.574-0300] {processor.py:161} INFO - Started process (PID=28315) to work on /home/beatriz/Documentos/airflow/airflow_venv/lib/python3.10/site-packages/airflow/example_dags/tutorial_objectstorage.py
[2024-12-10T11:44:28.576-0300] {processor.py:830} INFO - Processing file /home/beatriz/Documentos/airflow/airflow_venv/lib/python3.10/site-packages/airflow/example_dags/tutorial_objectstorage.py for tasks to queue
[2024-12-10T11:44:28.579-0300] {logging_mixin.py:188} INFO - [2024-12-10T11:44:28.578-0300] {dagbag.py:540} INFO - Filling up the DagBag from /home/beatriz/Documentos/airflow/airflow_venv/lib/python3.10/site-packages/airflow/example_dags/tutorial_objectstorage.py
[2024-12-10T11:44:28.590-0300] {processor.py:840} INFO - DAG(s) 'tutorial_objectstorage' retrieved from /home/beatriz/Documentos/airflow/airflow_venv/lib/python3.10/site-packages/airflow/example_dags/tutorial_objectstorage.py
[2024-12-10T11:44:28.605-0300] {logging_mixin.py:188} INFO - [2024-12-10T11:44:28.604-0300] {dag.py:3096} INFO - Sync 1 DAGs
[2024-12-10T11:44:28.613-0300] {logging_mixin.py:188} INFO - [2024-12-10T11:44:28.613-0300] {dag.py:3954} INFO - Setting next_dagrun for tutorial_objectstorage to None, run_after=None
[2024-12-10T11:44:28.633-0300] {processor.py:183} INFO - Processing /home/beatriz/Documentos/airflow/airflow_venv/lib/python3.10/site-packages/airflow/example_dags/tutorial_objectstorage.py took 0.070 seconds
[2024-12-10T11:45:24.089-0300] {processor.py:161} INFO - Started process (PID=28778) to work on /home/beatriz/Documentos/airflow/airflow_venv/lib/python3.10/site-packages/airflow/example_dags/tutorial_objectstorage.py
[2024-12-10T11:45:24.090-0300] {processor.py:830} INFO - Processing file /home/beatriz/Documentos/airflow/airflow_venv/lib/python3.10/site-packages/airflow/example_dags/tutorial_objectstorage.py for tasks to queue
[2024-12-10T11:45:24.092-0300] {logging_mixin.py:188} INFO - [2024-12-10T11:45:24.091-0300] {dagbag.py:540} INFO - Filling up the DagBag from /home/beatriz/Documentos/airflow/airflow_venv/lib/python3.10/site-packages/airflow/example_dags/tutorial_objectstorage.py
[2024-12-10T11:45:24.099-0300] {processor.py:840} INFO - DAG(s) 'tutorial_objectstorage' retrieved from /home/beatriz/Documentos/airflow/airflow_venv/lib/python3.10/site-packages/airflow/example_dags/tutorial_objectstorage.py
[2024-12-10T11:45:24.115-0300] {logging_mixin.py:188} INFO - [2024-12-10T11:45:24.114-0300] {dag.py:3096} INFO - Sync 1 DAGs
[2024-12-10T11:45:24.124-0300] {logging_mixin.py:188} INFO - [2024-12-10T11:45:24.124-0300] {dag.py:3954} INFO - Setting next_dagrun for tutorial_objectstorage to None, run_after=None
[2024-12-10T11:45:24.142-0300] {processor.py:183} INFO - Processing /home/beatriz/Documentos/airflow/airflow_venv/lib/python3.10/site-packages/airflow/example_dags/tutorial_objectstorage.py took 0.060 seconds
[2024-12-10T11:46:20.818-0300] {processor.py:161} INFO - Started process (PID=29248) to work on /home/beatriz/Documentos/airflow/airflow_venv/lib/python3.10/site-packages/airflow/example_dags/tutorial_objectstorage.py
[2024-12-10T11:46:20.818-0300] {processor.py:830} INFO - Processing file /home/beatriz/Documentos/airflow/airflow_venv/lib/python3.10/site-packages/airflow/example_dags/tutorial_objectstorage.py for tasks to queue
[2024-12-10T11:46:20.820-0300] {logging_mixin.py:188} INFO - [2024-12-10T11:46:20.819-0300] {dagbag.py:540} INFO - Filling up the DagBag from /home/beatriz/Documentos/airflow/airflow_venv/lib/python3.10/site-packages/airflow/example_dags/tutorial_objectstorage.py
[2024-12-10T11:46:20.825-0300] {processor.py:840} INFO - DAG(s) 'tutorial_objectstorage' retrieved from /home/beatriz/Documentos/airflow/airflow_venv/lib/python3.10/site-packages/airflow/example_dags/tutorial_objectstorage.py
[2024-12-10T11:46:20.836-0300] {logging_mixin.py:188} INFO - [2024-12-10T11:46:20.836-0300] {dag.py:3096} INFO - Sync 1 DAGs
[2024-12-10T11:46:20.846-0300] {logging_mixin.py:188} INFO - [2024-12-10T11:46:20.846-0300] {dag.py:3954} INFO - Setting next_dagrun for tutorial_objectstorage to None, run_after=None
[2024-12-10T11:46:20.864-0300] {processor.py:183} INFO - Processing /home/beatriz/Documentos/airflow/airflow_venv/lib/python3.10/site-packages/airflow/example_dags/tutorial_objectstorage.py took 0.050 seconds
[2024-12-10T11:48:43.087-0300] {processor.py:161} INFO - Started process (PID=30814) to work on /home/beatriz/Documentos/airflow/airflow_venv/lib/python3.10/site-packages/airflow/example_dags/tutorial_objectstorage.py
[2024-12-10T11:48:43.088-0300] {processor.py:830} INFO - Processing file /home/beatriz/Documentos/airflow/airflow_venv/lib/python3.10/site-packages/airflow/example_dags/tutorial_objectstorage.py for tasks to queue
[2024-12-10T11:48:43.089-0300] {logging_mixin.py:188} INFO - [2024-12-10T11:48:43.088-0300] {dagbag.py:540} INFO - Filling up the DagBag from /home/beatriz/Documentos/airflow/airflow_venv/lib/python3.10/site-packages/airflow/example_dags/tutorial_objectstorage.py
[2024-12-10T11:48:43.094-0300] {processor.py:840} INFO - DAG(s) 'tutorial_objectstorage' retrieved from /home/beatriz/Documentos/airflow/airflow_venv/lib/python3.10/site-packages/airflow/example_dags/tutorial_objectstorage.py
[2024-12-10T11:48:43.109-0300] {logging_mixin.py:188} INFO - [2024-12-10T11:48:43.109-0300] {dag.py:3096} INFO - Sync 1 DAGs
[2024-12-10T11:48:43.118-0300] {logging_mixin.py:188} INFO - [2024-12-10T11:48:43.118-0300] {dag.py:3954} INFO - Setting next_dagrun for tutorial_objectstorage to None, run_after=None
[2024-12-10T11:48:43.137-0300] {processor.py:183} INFO - Processing /home/beatriz/Documentos/airflow/airflow_venv/lib/python3.10/site-packages/airflow/example_dags/tutorial_objectstorage.py took 0.054 seconds
[2024-12-10T11:49:41.065-0300] {processor.py:161} INFO - Started process (PID=31275) to work on /home/beatriz/Documentos/airflow/airflow_venv/lib/python3.10/site-packages/airflow/example_dags/tutorial_objectstorage.py
[2024-12-10T11:49:41.067-0300] {processor.py:830} INFO - Processing file /home/beatriz/Documentos/airflow/airflow_venv/lib/python3.10/site-packages/airflow/example_dags/tutorial_objectstorage.py for tasks to queue
[2024-12-10T11:49:41.068-0300] {logging_mixin.py:188} INFO - [2024-12-10T11:49:41.068-0300] {dagbag.py:540} INFO - Filling up the DagBag from /home/beatriz/Documentos/airflow/airflow_venv/lib/python3.10/site-packages/airflow/example_dags/tutorial_objectstorage.py
[2024-12-10T11:49:41.082-0300] {processor.py:840} INFO - DAG(s) 'tutorial_objectstorage' retrieved from /home/beatriz/Documentos/airflow/airflow_venv/lib/python3.10/site-packages/airflow/example_dags/tutorial_objectstorage.py
[2024-12-10T11:49:41.100-0300] {logging_mixin.py:188} INFO - [2024-12-10T11:49:41.100-0300] {dag.py:3096} INFO - Sync 1 DAGs
[2024-12-10T11:49:41.108-0300] {logging_mixin.py:188} INFO - [2024-12-10T11:49:41.108-0300] {dag.py:3954} INFO - Setting next_dagrun for tutorial_objectstorage to None, run_after=None
[2024-12-10T11:49:41.126-0300] {processor.py:183} INFO - Processing /home/beatriz/Documentos/airflow/airflow_venv/lib/python3.10/site-packages/airflow/example_dags/tutorial_objectstorage.py took 0.071 seconds
[2024-12-10T11:50:40.758-0300] {processor.py:161} INFO - Started process (PID=31662) to work on /home/beatriz/Documentos/airflow/airflow_venv/lib/python3.10/site-packages/airflow/example_dags/tutorial_objectstorage.py
[2024-12-10T11:50:40.760-0300] {processor.py:830} INFO - Processing file /home/beatriz/Documentos/airflow/airflow_venv/lib/python3.10/site-packages/airflow/example_dags/tutorial_objectstorage.py for tasks to queue
[2024-12-10T11:50:40.762-0300] {logging_mixin.py:188} INFO - [2024-12-10T11:50:40.762-0300] {dagbag.py:540} INFO - Filling up the DagBag from /home/beatriz/Documentos/airflow/airflow_venv/lib/python3.10/site-packages/airflow/example_dags/tutorial_objectstorage.py
[2024-12-10T11:50:40.776-0300] {processor.py:840} INFO - DAG(s) 'tutorial_objectstorage' retrieved from /home/beatriz/Documentos/airflow/airflow_venv/lib/python3.10/site-packages/airflow/example_dags/tutorial_objectstorage.py
[2024-12-10T11:50:40.793-0300] {logging_mixin.py:188} INFO - [2024-12-10T11:50:40.793-0300] {dag.py:3096} INFO - Sync 1 DAGs
[2024-12-10T11:50:40.802-0300] {logging_mixin.py:188} INFO - [2024-12-10T11:50:40.802-0300] {dag.py:3954} INFO - Setting next_dagrun for tutorial_objectstorage to None, run_after=None
[2024-12-10T11:50:40.820-0300] {processor.py:183} INFO - Processing /home/beatriz/Documentos/airflow/airflow_venv/lib/python3.10/site-packages/airflow/example_dags/tutorial_objectstorage.py took 0.073 seconds
[2024-12-10T11:51:39.053-0300] {processor.py:161} INFO - Started process (PID=32067) to work on /home/beatriz/Documentos/airflow/airflow_venv/lib/python3.10/site-packages/airflow/example_dags/tutorial_objectstorage.py
[2024-12-10T11:51:39.053-0300] {processor.py:830} INFO - Processing file /home/beatriz/Documentos/airflow/airflow_venv/lib/python3.10/site-packages/airflow/example_dags/tutorial_objectstorage.py for tasks to queue
[2024-12-10T11:51:39.054-0300] {logging_mixin.py:188} INFO - [2024-12-10T11:51:39.054-0300] {dagbag.py:540} INFO - Filling up the DagBag from /home/beatriz/Documentos/airflow/airflow_venv/lib/python3.10/site-packages/airflow/example_dags/tutorial_objectstorage.py
[2024-12-10T11:51:39.061-0300] {processor.py:840} INFO - DAG(s) 'tutorial_objectstorage' retrieved from /home/beatriz/Documentos/airflow/airflow_venv/lib/python3.10/site-packages/airflow/example_dags/tutorial_objectstorage.py
[2024-12-10T11:51:39.073-0300] {logging_mixin.py:188} INFO - [2024-12-10T11:51:39.073-0300] {dag.py:3096} INFO - Sync 1 DAGs
[2024-12-10T11:51:39.081-0300] {logging_mixin.py:188} INFO - [2024-12-10T11:51:39.081-0300] {dag.py:3954} INFO - Setting next_dagrun for tutorial_objectstorage to None, run_after=None
[2024-12-10T11:51:39.098-0300] {processor.py:183} INFO - Processing /home/beatriz/Documentos/airflow/airflow_venv/lib/python3.10/site-packages/airflow/example_dags/tutorial_objectstorage.py took 0.050 seconds
[2024-12-10T11:52:34.548-0300] {processor.py:161} INFO - Started process (PID=32536) to work on /home/beatriz/Documentos/airflow/airflow_venv/lib/python3.10/site-packages/airflow/example_dags/tutorial_objectstorage.py
[2024-12-10T11:52:34.549-0300] {processor.py:830} INFO - Processing file /home/beatriz/Documentos/airflow/airflow_venv/lib/python3.10/site-packages/airflow/example_dags/tutorial_objectstorage.py for tasks to queue
[2024-12-10T11:52:34.549-0300] {logging_mixin.py:188} INFO - [2024-12-10T11:52:34.549-0300] {dagbag.py:540} INFO - Filling up the DagBag from /home/beatriz/Documentos/airflow/airflow_venv/lib/python3.10/site-packages/airflow/example_dags/tutorial_objectstorage.py
[2024-12-10T11:52:34.555-0300] {processor.py:840} INFO - DAG(s) 'tutorial_objectstorage' retrieved from /home/beatriz/Documentos/airflow/airflow_venv/lib/python3.10/site-packages/airflow/example_dags/tutorial_objectstorage.py
[2024-12-10T11:52:34.567-0300] {logging_mixin.py:188} INFO - [2024-12-10T11:52:34.567-0300] {dag.py:3096} INFO - Sync 1 DAGs
[2024-12-10T11:52:34.575-0300] {logging_mixin.py:188} INFO - [2024-12-10T11:52:34.575-0300] {dag.py:3954} INFO - Setting next_dagrun for tutorial_objectstorage to None, run_after=None
[2024-12-10T11:52:34.593-0300] {processor.py:183} INFO - Processing /home/beatriz/Documentos/airflow/airflow_venv/lib/python3.10/site-packages/airflow/example_dags/tutorial_objectstorage.py took 0.049 seconds
[2024-12-10T11:53:30.030-0300] {processor.py:161} INFO - Started process (PID=33171) to work on /home/beatriz/Documentos/airflow/airflow_venv/lib/python3.10/site-packages/airflow/example_dags/tutorial_objectstorage.py
[2024-12-10T11:53:30.031-0300] {processor.py:830} INFO - Processing file /home/beatriz/Documentos/airflow/airflow_venv/lib/python3.10/site-packages/airflow/example_dags/tutorial_objectstorage.py for tasks to queue
[2024-12-10T11:53:30.032-0300] {logging_mixin.py:188} INFO - [2024-12-10T11:53:30.031-0300] {dagbag.py:540} INFO - Filling up the DagBag from /home/beatriz/Documentos/airflow/airflow_venv/lib/python3.10/site-packages/airflow/example_dags/tutorial_objectstorage.py
[2024-12-10T11:53:30.038-0300] {processor.py:840} INFO - DAG(s) 'tutorial_objectstorage' retrieved from /home/beatriz/Documentos/airflow/airflow_venv/lib/python3.10/site-packages/airflow/example_dags/tutorial_objectstorage.py
[2024-12-10T11:53:30.053-0300] {logging_mixin.py:188} INFO - [2024-12-10T11:53:30.053-0300] {dag.py:3096} INFO - Sync 1 DAGs
[2024-12-10T11:53:30.063-0300] {logging_mixin.py:188} INFO - [2024-12-10T11:53:30.063-0300] {dag.py:3954} INFO - Setting next_dagrun for tutorial_objectstorage to None, run_after=None
[2024-12-10T11:53:30.086-0300] {processor.py:183} INFO - Processing /home/beatriz/Documentos/airflow/airflow_venv/lib/python3.10/site-packages/airflow/example_dags/tutorial_objectstorage.py took 0.061 seconds
[2024-12-10T11:55:18.495-0300] {processor.py:161} INFO - Started process (PID=34500) to work on /home/beatriz/Documentos/airflow/airflow_venv/lib/python3.10/site-packages/airflow/example_dags/tutorial_objectstorage.py
[2024-12-10T11:55:18.496-0300] {processor.py:830} INFO - Processing file /home/beatriz/Documentos/airflow/airflow_venv/lib/python3.10/site-packages/airflow/example_dags/tutorial_objectstorage.py for tasks to queue
[2024-12-10T11:55:18.497-0300] {logging_mixin.py:188} INFO - [2024-12-10T11:55:18.496-0300] {dagbag.py:540} INFO - Filling up the DagBag from /home/beatriz/Documentos/airflow/airflow_venv/lib/python3.10/site-packages/airflow/example_dags/tutorial_objectstorage.py
[2024-12-10T11:55:18.503-0300] {processor.py:840} INFO - DAG(s) 'tutorial_objectstorage' retrieved from /home/beatriz/Documentos/airflow/airflow_venv/lib/python3.10/site-packages/airflow/example_dags/tutorial_objectstorage.py
[2024-12-10T11:55:18.518-0300] {logging_mixin.py:188} INFO - [2024-12-10T11:55:18.518-0300] {dag.py:3096} INFO - Sync 1 DAGs
[2024-12-10T11:55:18.526-0300] {logging_mixin.py:188} INFO - [2024-12-10T11:55:18.526-0300] {dag.py:3954} INFO - Setting next_dagrun for tutorial_objectstorage to None, run_after=None
[2024-12-10T11:55:18.542-0300] {processor.py:183} INFO - Processing /home/beatriz/Documentos/airflow/airflow_venv/lib/python3.10/site-packages/airflow/example_dags/tutorial_objectstorage.py took 0.051 seconds
[2024-12-10T11:56:17.183-0300] {processor.py:161} INFO - Started process (PID=34908) to work on /home/beatriz/Documentos/airflow/airflow_venv/lib/python3.10/site-packages/airflow/example_dags/tutorial_objectstorage.py
[2024-12-10T11:56:17.185-0300] {processor.py:830} INFO - Processing file /home/beatriz/Documentos/airflow/airflow_venv/lib/python3.10/site-packages/airflow/example_dags/tutorial_objectstorage.py for tasks to queue
[2024-12-10T11:56:17.187-0300] {logging_mixin.py:188} INFO - [2024-12-10T11:56:17.186-0300] {dagbag.py:540} INFO - Filling up the DagBag from /home/beatriz/Documentos/airflow/airflow_venv/lib/python3.10/site-packages/airflow/example_dags/tutorial_objectstorage.py
[2024-12-10T11:56:17.199-0300] {processor.py:840} INFO - DAG(s) 'tutorial_objectstorage' retrieved from /home/beatriz/Documentos/airflow/airflow_venv/lib/python3.10/site-packages/airflow/example_dags/tutorial_objectstorage.py
[2024-12-10T11:56:17.214-0300] {logging_mixin.py:188} INFO - [2024-12-10T11:56:17.214-0300] {dag.py:3096} INFO - Sync 1 DAGs
[2024-12-10T11:56:17.223-0300] {logging_mixin.py:188} INFO - [2024-12-10T11:56:17.223-0300] {dag.py:3954} INFO - Setting next_dagrun for tutorial_objectstorage to None, run_after=None
[2024-12-10T11:56:17.241-0300] {processor.py:183} INFO - Processing /home/beatriz/Documentos/airflow/airflow_venv/lib/python3.10/site-packages/airflow/example_dags/tutorial_objectstorage.py took 0.070 seconds
[2024-12-10T11:57:14.617-0300] {processor.py:161} INFO - Started process (PID=35440) to work on /home/beatriz/Documentos/airflow/airflow_venv/lib/python3.10/site-packages/airflow/example_dags/tutorial_objectstorage.py
[2024-12-10T11:57:14.618-0300] {processor.py:830} INFO - Processing file /home/beatriz/Documentos/airflow/airflow_venv/lib/python3.10/site-packages/airflow/example_dags/tutorial_objectstorage.py for tasks to queue
[2024-12-10T11:57:14.619-0300] {logging_mixin.py:188} INFO - [2024-12-10T11:57:14.618-0300] {dagbag.py:540} INFO - Filling up the DagBag from /home/beatriz/Documentos/airflow/airflow_venv/lib/python3.10/site-packages/airflow/example_dags/tutorial_objectstorage.py
[2024-12-10T11:57:14.625-0300] {processor.py:840} INFO - DAG(s) 'tutorial_objectstorage' retrieved from /home/beatriz/Documentos/airflow/airflow_venv/lib/python3.10/site-packages/airflow/example_dags/tutorial_objectstorage.py
[2024-12-10T11:57:14.636-0300] {logging_mixin.py:188} INFO - [2024-12-10T11:57:14.636-0300] {dag.py:3096} INFO - Sync 1 DAGs
[2024-12-10T11:57:14.644-0300] {logging_mixin.py:188} INFO - [2024-12-10T11:57:14.644-0300] {dag.py:3954} INFO - Setting next_dagrun for tutorial_objectstorage to None, run_after=None
[2024-12-10T11:57:14.662-0300] {processor.py:183} INFO - Processing /home/beatriz/Documentos/airflow/airflow_venv/lib/python3.10/site-packages/airflow/example_dags/tutorial_objectstorage.py took 0.049 seconds
[2024-12-10T11:58:13.000-0300] {processor.py:161} INFO - Started process (PID=35861) to work on /home/beatriz/Documentos/airflow/airflow_venv/lib/python3.10/site-packages/airflow/example_dags/tutorial_objectstorage.py
[2024-12-10T11:58:13.002-0300] {processor.py:830} INFO - Processing file /home/beatriz/Documentos/airflow/airflow_venv/lib/python3.10/site-packages/airflow/example_dags/tutorial_objectstorage.py for tasks to queue
[2024-12-10T11:58:13.003-0300] {logging_mixin.py:188} INFO - [2024-12-10T11:58:13.003-0300] {dagbag.py:540} INFO - Filling up the DagBag from /home/beatriz/Documentos/airflow/airflow_venv/lib/python3.10/site-packages/airflow/example_dags/tutorial_objectstorage.py
[2024-12-10T11:58:13.015-0300] {processor.py:840} INFO - DAG(s) 'tutorial_objectstorage' retrieved from /home/beatriz/Documentos/airflow/airflow_venv/lib/python3.10/site-packages/airflow/example_dags/tutorial_objectstorage.py
[2024-12-10T11:58:13.032-0300] {logging_mixin.py:188} INFO - [2024-12-10T11:58:13.032-0300] {dag.py:3096} INFO - Sync 1 DAGs
[2024-12-10T11:58:13.042-0300] {logging_mixin.py:188} INFO - [2024-12-10T11:58:13.042-0300] {dag.py:3954} INFO - Setting next_dagrun for tutorial_objectstorage to None, run_after=None
[2024-12-10T11:58:13.066-0300] {processor.py:183} INFO - Processing /home/beatriz/Documentos/airflow/airflow_venv/lib/python3.10/site-packages/airflow/example_dags/tutorial_objectstorage.py took 0.077 seconds
[2024-12-10T11:59:47.316-0300] {processor.py:161} INFO - Started process (PID=36331) to work on /home/beatriz/Documentos/airflow/airflow_venv/lib/python3.10/site-packages/airflow/example_dags/tutorial_objectstorage.py
[2024-12-10T11:59:47.318-0300] {processor.py:830} INFO - Processing file /home/beatriz/Documentos/airflow/airflow_venv/lib/python3.10/site-packages/airflow/example_dags/tutorial_objectstorage.py for tasks to queue
[2024-12-10T11:59:47.319-0300] {logging_mixin.py:188} INFO - [2024-12-10T11:59:47.318-0300] {dagbag.py:540} INFO - Filling up the DagBag from /home/beatriz/Documentos/airflow/airflow_venv/lib/python3.10/site-packages/airflow/example_dags/tutorial_objectstorage.py
[2024-12-10T11:59:47.327-0300] {processor.py:840} INFO - DAG(s) 'tutorial_objectstorage' retrieved from /home/beatriz/Documentos/airflow/airflow_venv/lib/python3.10/site-packages/airflow/example_dags/tutorial_objectstorage.py
[2024-12-10T11:59:47.344-0300] {logging_mixin.py:188} INFO - [2024-12-10T11:59:47.344-0300] {dag.py:3096} INFO - Sync 1 DAGs
[2024-12-10T11:59:47.357-0300] {logging_mixin.py:188} INFO - [2024-12-10T11:59:47.356-0300] {dag.py:3954} INFO - Setting next_dagrun for tutorial_objectstorage to None, run_after=None
[2024-12-10T11:59:47.385-0300] {processor.py:183} INFO - Processing /home/beatriz/Documentos/airflow/airflow_venv/lib/python3.10/site-packages/airflow/example_dags/tutorial_objectstorage.py took 0.077 seconds
[2024-12-10T12:01:20.952-0300] {processor.py:161} INFO - Started process (PID=37066) to work on /home/beatriz/Documentos/airflow/airflow_venv/lib/python3.10/site-packages/airflow/example_dags/tutorial_objectstorage.py
[2024-12-10T12:01:20.953-0300] {processor.py:830} INFO - Processing file /home/beatriz/Documentos/airflow/airflow_venv/lib/python3.10/site-packages/airflow/example_dags/tutorial_objectstorage.py for tasks to queue
[2024-12-10T12:01:20.954-0300] {logging_mixin.py:188} INFO - [2024-12-10T12:01:20.953-0300] {dagbag.py:540} INFO - Filling up the DagBag from /home/beatriz/Documentos/airflow/airflow_venv/lib/python3.10/site-packages/airflow/example_dags/tutorial_objectstorage.py
[2024-12-10T12:01:20.961-0300] {processor.py:840} INFO - DAG(s) 'tutorial_objectstorage' retrieved from /home/beatriz/Documentos/airflow/airflow_venv/lib/python3.10/site-packages/airflow/example_dags/tutorial_objectstorage.py
[2024-12-10T12:01:20.972-0300] {logging_mixin.py:188} INFO - [2024-12-10T12:01:20.972-0300] {dag.py:3096} INFO - Sync 1 DAGs
[2024-12-10T12:01:20.981-0300] {logging_mixin.py:188} INFO - [2024-12-10T12:01:20.981-0300] {dag.py:3954} INFO - Setting next_dagrun for tutorial_objectstorage to None, run_after=None
[2024-12-10T12:01:20.998-0300] {processor.py:183} INFO - Processing /home/beatriz/Documentos/airflow/airflow_venv/lib/python3.10/site-packages/airflow/example_dags/tutorial_objectstorage.py took 0.050 seconds
[2024-12-10T13:34:11.006-0300] {processor.py:161} INFO - Started process (PID=40185) to work on /home/beatriz/Documentos/airflow/airflow_venv/lib/python3.10/site-packages/airflow/example_dags/tutorial_objectstorage.py
[2024-12-10T13:34:11.007-0300] {processor.py:830} INFO - Processing file /home/beatriz/Documentos/airflow/airflow_venv/lib/python3.10/site-packages/airflow/example_dags/tutorial_objectstorage.py for tasks to queue
[2024-12-10T13:34:11.008-0300] {logging_mixin.py:188} INFO - [2024-12-10T13:34:11.008-0300] {dagbag.py:540} INFO - Filling up the DagBag from /home/beatriz/Documentos/airflow/airflow_venv/lib/python3.10/site-packages/airflow/example_dags/tutorial_objectstorage.py
[2024-12-10T13:34:11.021-0300] {processor.py:840} INFO - DAG(s) 'tutorial_objectstorage' retrieved from /home/beatriz/Documentos/airflow/airflow_venv/lib/python3.10/site-packages/airflow/example_dags/tutorial_objectstorage.py
[2024-12-10T13:34:11.029-0300] {logging_mixin.py:188} INFO - [2024-12-10T13:34:11.028-0300] {dag.py:3096} INFO - Sync 1 DAGs
[2024-12-10T13:34:11.042-0300] {logging_mixin.py:188} INFO - [2024-12-10T13:34:11.042-0300] {dag.py:3954} INFO - Setting next_dagrun for tutorial_objectstorage to None, run_after=None
[2024-12-10T13:34:11.072-0300] {processor.py:183} INFO - Processing /home/beatriz/Documentos/airflow/airflow_venv/lib/python3.10/site-packages/airflow/example_dags/tutorial_objectstorage.py took 0.072 seconds
[2024-12-10T13:35:27.985-0300] {processor.py:161} INFO - Started process (PID=41026) to work on /home/beatriz/Documentos/airflow/airflow_venv/lib/python3.10/site-packages/airflow/example_dags/tutorial_objectstorage.py
[2024-12-10T13:35:27.986-0300] {processor.py:830} INFO - Processing file /home/beatriz/Documentos/airflow/airflow_venv/lib/python3.10/site-packages/airflow/example_dags/tutorial_objectstorage.py for tasks to queue
[2024-12-10T13:35:27.987-0300] {logging_mixin.py:188} INFO - [2024-12-10T13:35:27.987-0300] {dagbag.py:540} INFO - Filling up the DagBag from /home/beatriz/Documentos/airflow/airflow_venv/lib/python3.10/site-packages/airflow/example_dags/tutorial_objectstorage.py
[2024-12-10T13:35:27.996-0300] {processor.py:840} INFO - DAG(s) 'tutorial_objectstorage' retrieved from /home/beatriz/Documentos/airflow/airflow_venv/lib/python3.10/site-packages/airflow/example_dags/tutorial_objectstorage.py
[2024-12-10T13:35:28.093-0300] {logging_mixin.py:188} INFO - [2024-12-10T13:35:28.093-0300] {dag.py:3096} INFO - Sync 1 DAGs
[2024-12-10T13:35:28.101-0300] {logging_mixin.py:188} INFO - [2024-12-10T13:35:28.101-0300] {dag.py:3954} INFO - Setting next_dagrun for tutorial_objectstorage to None, run_after=None
[2024-12-10T13:35:28.282-0300] {processor.py:183} INFO - Processing /home/beatriz/Documentos/airflow/airflow_venv/lib/python3.10/site-packages/airflow/example_dags/tutorial_objectstorage.py took 0.303 seconds
[2024-12-10T13:36:45.704-0300] {processor.py:161} INFO - Started process (PID=42113) to work on /home/beatriz/Documentos/airflow/airflow_venv/lib/python3.10/site-packages/airflow/example_dags/tutorial_objectstorage.py
[2024-12-10T13:36:45.705-0300] {processor.py:830} INFO - Processing file /home/beatriz/Documentos/airflow/airflow_venv/lib/python3.10/site-packages/airflow/example_dags/tutorial_objectstorage.py for tasks to queue
[2024-12-10T13:36:45.708-0300] {logging_mixin.py:188} INFO - [2024-12-10T13:36:45.708-0300] {dagbag.py:540} INFO - Filling up the DagBag from /home/beatriz/Documentos/airflow/airflow_venv/lib/python3.10/site-packages/airflow/example_dags/tutorial_objectstorage.py
[2024-12-10T13:36:45.717-0300] {processor.py:840} INFO - DAG(s) 'tutorial_objectstorage' retrieved from /home/beatriz/Documentos/airflow/airflow_venv/lib/python3.10/site-packages/airflow/example_dags/tutorial_objectstorage.py
[2024-12-10T13:36:45.729-0300] {logging_mixin.py:188} INFO - [2024-12-10T13:36:45.728-0300] {dag.py:3096} INFO - Sync 1 DAGs
[2024-12-10T13:36:45.738-0300] {logging_mixin.py:188} INFO - [2024-12-10T13:36:45.738-0300] {dag.py:3954} INFO - Setting next_dagrun for tutorial_objectstorage to None, run_after=None
[2024-12-10T13:36:45.757-0300] {processor.py:183} INFO - Processing /home/beatriz/Documentos/airflow/airflow_venv/lib/python3.10/site-packages/airflow/example_dags/tutorial_objectstorage.py took 0.059 seconds
[2024-12-10T13:37:54.995-0300] {processor.py:161} INFO - Started process (PID=42752) to work on /home/beatriz/Documentos/airflow/airflow_venv/lib/python3.10/site-packages/airflow/example_dags/tutorial_objectstorage.py
[2024-12-10T13:37:54.996-0300] {processor.py:830} INFO - Processing file /home/beatriz/Documentos/airflow/airflow_venv/lib/python3.10/site-packages/airflow/example_dags/tutorial_objectstorage.py for tasks to queue
[2024-12-10T13:37:54.997-0300] {logging_mixin.py:188} INFO - [2024-12-10T13:37:54.997-0300] {dagbag.py:540} INFO - Filling up the DagBag from /home/beatriz/Documentos/airflow/airflow_venv/lib/python3.10/site-packages/airflow/example_dags/tutorial_objectstorage.py
[2024-12-10T13:37:55.006-0300] {processor.py:840} INFO - DAG(s) 'tutorial_objectstorage' retrieved from /home/beatriz/Documentos/airflow/airflow_venv/lib/python3.10/site-packages/airflow/example_dags/tutorial_objectstorage.py
[2024-12-10T13:37:55.021-0300] {logging_mixin.py:188} INFO - [2024-12-10T13:37:55.021-0300] {dag.py:3096} INFO - Sync 1 DAGs
[2024-12-10T13:37:55.102-0300] {logging_mixin.py:188} INFO - [2024-12-10T13:37:55.102-0300] {dag.py:3954} INFO - Setting next_dagrun for tutorial_objectstorage to None, run_after=None
[2024-12-10T13:37:55.120-0300] {processor.py:183} INFO - Processing /home/beatriz/Documentos/airflow/airflow_venv/lib/python3.10/site-packages/airflow/example_dags/tutorial_objectstorage.py took 0.130 seconds
[2024-12-10T13:38:49.874-0300] {processor.py:161} INFO - Started process (PID=43131) to work on /home/beatriz/Documentos/airflow/airflow_venv/lib/python3.10/site-packages/airflow/example_dags/tutorial_objectstorage.py
[2024-12-10T13:38:49.876-0300] {processor.py:830} INFO - Processing file /home/beatriz/Documentos/airflow/airflow_venv/lib/python3.10/site-packages/airflow/example_dags/tutorial_objectstorage.py for tasks to queue
[2024-12-10T13:38:49.877-0300] {logging_mixin.py:188} INFO - [2024-12-10T13:38:49.877-0300] {dagbag.py:540} INFO - Filling up the DagBag from /home/beatriz/Documentos/airflow/airflow_venv/lib/python3.10/site-packages/airflow/example_dags/tutorial_objectstorage.py
[2024-12-10T13:38:49.886-0300] {processor.py:840} INFO - DAG(s) 'tutorial_objectstorage' retrieved from /home/beatriz/Documentos/airflow/airflow_venv/lib/python3.10/site-packages/airflow/example_dags/tutorial_objectstorage.py
[2024-12-10T13:38:49.901-0300] {logging_mixin.py:188} INFO - [2024-12-10T13:38:49.901-0300] {dag.py:3096} INFO - Sync 1 DAGs
[2024-12-10T13:38:49.912-0300] {logging_mixin.py:188} INFO - [2024-12-10T13:38:49.911-0300] {dag.py:3954} INFO - Setting next_dagrun for tutorial_objectstorage to None, run_after=None
[2024-12-10T13:38:49.930-0300] {processor.py:183} INFO - Processing /home/beatriz/Documentos/airflow/airflow_venv/lib/python3.10/site-packages/airflow/example_dags/tutorial_objectstorage.py took 0.062 seconds
[2024-12-10T13:45:11.390-0300] {processor.py:161} INFO - Started process (PID=45584) to work on /home/beatriz/Documentos/airflow/airflow_venv/lib/python3.10/site-packages/airflow/example_dags/tutorial_objectstorage.py
[2024-12-10T13:45:11.391-0300] {processor.py:830} INFO - Processing file /home/beatriz/Documentos/airflow/airflow_venv/lib/python3.10/site-packages/airflow/example_dags/tutorial_objectstorage.py for tasks to queue
[2024-12-10T13:45:11.393-0300] {logging_mixin.py:188} INFO - [2024-12-10T13:45:11.393-0300] {dagbag.py:540} INFO - Filling up the DagBag from /home/beatriz/Documentos/airflow/airflow_venv/lib/python3.10/site-packages/airflow/example_dags/tutorial_objectstorage.py
[2024-12-10T13:45:11.403-0300] {processor.py:840} INFO - DAG(s) 'tutorial_objectstorage' retrieved from /home/beatriz/Documentos/airflow/airflow_venv/lib/python3.10/site-packages/airflow/example_dags/tutorial_objectstorage.py
[2024-12-10T13:45:11.504-0300] {logging_mixin.py:188} INFO - [2024-12-10T13:45:11.504-0300] {dag.py:3096} INFO - Sync 1 DAGs
[2024-12-10T13:45:11.512-0300] {logging_mixin.py:188} INFO - [2024-12-10T13:45:11.512-0300] {dag.py:3954} INFO - Setting next_dagrun for tutorial_objectstorage to None, run_after=None
[2024-12-10T13:45:11.536-0300] {processor.py:183} INFO - Processing /home/beatriz/Documentos/airflow/airflow_venv/lib/python3.10/site-packages/airflow/example_dags/tutorial_objectstorage.py took 0.152 seconds
