[2024-12-10T10:09:13.073-0300] {processor.py:161} INFO - Started process (PID=10076) to work on /home/beatriz/Documentos/airflow/airflow_venv/lib/python3.10/site-packages/airflow/example_dags/tutorial_taskflow_api.py
[2024-12-10T10:09:13.074-0300] {processor.py:830} INFO - Processing file /home/beatriz/Documentos/airflow/airflow_venv/lib/python3.10/site-packages/airflow/example_dags/tutorial_taskflow_api.py for tasks to queue
[2024-12-10T10:09:13.076-0300] {logging_mixin.py:188} INFO - [2024-12-10T10:09:13.075-0300] {dagbag.py:540} INFO - Filling up the DagBag from /home/beatriz/Documentos/airflow/airflow_venv/lib/python3.10/site-packages/airflow/example_dags/tutorial_taskflow_api.py
[2024-12-10T10:09:13.083-0300] {processor.py:840} INFO - DAG(s) 'tutorial_taskflow_api' retrieved from /home/beatriz/Documentos/airflow/airflow_venv/lib/python3.10/site-packages/airflow/example_dags/tutorial_taskflow_api.py
[2024-12-10T10:09:13.093-0300] {logging_mixin.py:188} INFO - [2024-12-10T10:09:13.093-0300] {dag.py:3096} INFO - Sync 1 DAGs
[2024-12-10T10:09:13.213-0300] {logging_mixin.py:188} INFO - [2024-12-10T10:09:13.212-0300] {dag.py:3954} INFO - Setting next_dagrun for tutorial_taskflow_api to None, run_after=None
[2024-12-10T10:09:13.232-0300] {processor.py:183} INFO - Processing /home/beatriz/Documentos/airflow/airflow_venv/lib/python3.10/site-packages/airflow/example_dags/tutorial_taskflow_api.py took 0.166 seconds
[2024-12-10T10:10:11.994-0300] {processor.py:161} INFO - Started process (PID=10929) to work on /home/beatriz/Documentos/airflow/airflow_venv/lib/python3.10/site-packages/airflow/example_dags/tutorial_taskflow_api.py
[2024-12-10T10:10:11.997-0300] {processor.py:830} INFO - Processing file /home/beatriz/Documentos/airflow/airflow_venv/lib/python3.10/site-packages/airflow/example_dags/tutorial_taskflow_api.py for tasks to queue
[2024-12-10T10:10:11.999-0300] {logging_mixin.py:188} INFO - [2024-12-10T10:10:11.999-0300] {dagbag.py:540} INFO - Filling up the DagBag from /home/beatriz/Documentos/airflow/airflow_venv/lib/python3.10/site-packages/airflow/example_dags/tutorial_taskflow_api.py
[2024-12-10T10:10:12.009-0300] {processor.py:840} INFO - DAG(s) 'tutorial_taskflow_api' retrieved from /home/beatriz/Documentos/airflow/airflow_venv/lib/python3.10/site-packages/airflow/example_dags/tutorial_taskflow_api.py
[2024-12-10T10:10:12.090-0300] {logging_mixin.py:188} INFO - [2024-12-10T10:10:12.090-0300] {dag.py:3096} INFO - Sync 1 DAGs
[2024-12-10T10:10:12.097-0300] {logging_mixin.py:188} INFO - [2024-12-10T10:10:12.097-0300] {dag.py:3954} INFO - Setting next_dagrun for tutorial_taskflow_api to None, run_after=None
[2024-12-10T10:10:12.115-0300] {processor.py:183} INFO - Processing /home/beatriz/Documentos/airflow/airflow_venv/lib/python3.10/site-packages/airflow/example_dags/tutorial_taskflow_api.py took 0.130 seconds
[2024-12-10T10:11:08.076-0300] {processor.py:161} INFO - Started process (PID=11419) to work on /home/beatriz/Documentos/airflow/airflow_venv/lib/python3.10/site-packages/airflow/example_dags/tutorial_taskflow_api.py
[2024-12-10T10:11:08.078-0300] {processor.py:830} INFO - Processing file /home/beatriz/Documentos/airflow/airflow_venv/lib/python3.10/site-packages/airflow/example_dags/tutorial_taskflow_api.py for tasks to queue
[2024-12-10T10:11:08.080-0300] {logging_mixin.py:188} INFO - [2024-12-10T10:11:08.079-0300] {dagbag.py:540} INFO - Filling up the DagBag from /home/beatriz/Documentos/airflow/airflow_venv/lib/python3.10/site-packages/airflow/example_dags/tutorial_taskflow_api.py
[2024-12-10T10:11:08.085-0300] {processor.py:840} INFO - DAG(s) 'tutorial_taskflow_api' retrieved from /home/beatriz/Documentos/airflow/airflow_venv/lib/python3.10/site-packages/airflow/example_dags/tutorial_taskflow_api.py
[2024-12-10T10:11:08.098-0300] {logging_mixin.py:188} INFO - [2024-12-10T10:11:08.098-0300] {dag.py:3096} INFO - Sync 1 DAGs
[2024-12-10T10:11:08.107-0300] {logging_mixin.py:188} INFO - [2024-12-10T10:11:08.107-0300] {dag.py:3954} INFO - Setting next_dagrun for tutorial_taskflow_api to None, run_after=None
[2024-12-10T10:11:08.124-0300] {processor.py:183} INFO - Processing /home/beatriz/Documentos/airflow/airflow_venv/lib/python3.10/site-packages/airflow/example_dags/tutorial_taskflow_api.py took 0.053 seconds
[2024-12-10T10:11:59.593-0300] {processor.py:161} INFO - Started process (PID=11851) to work on /home/beatriz/Documentos/airflow/airflow_venv/lib/python3.10/site-packages/airflow/example_dags/tutorial_taskflow_api.py
[2024-12-10T10:11:59.595-0300] {processor.py:830} INFO - Processing file /home/beatriz/Documentos/airflow/airflow_venv/lib/python3.10/site-packages/airflow/example_dags/tutorial_taskflow_api.py for tasks to queue
[2024-12-10T10:11:59.597-0300] {logging_mixin.py:188} INFO - [2024-12-10T10:11:59.596-0300] {dagbag.py:540} INFO - Filling up the DagBag from /home/beatriz/Documentos/airflow/airflow_venv/lib/python3.10/site-packages/airflow/example_dags/tutorial_taskflow_api.py
[2024-12-10T10:11:59.602-0300] {processor.py:840} INFO - DAG(s) 'tutorial_taskflow_api' retrieved from /home/beatriz/Documentos/airflow/airflow_venv/lib/python3.10/site-packages/airflow/example_dags/tutorial_taskflow_api.py
[2024-12-10T10:11:59.614-0300] {logging_mixin.py:188} INFO - [2024-12-10T10:11:59.614-0300] {dag.py:3096} INFO - Sync 1 DAGs
[2024-12-10T10:11:59.624-0300] {logging_mixin.py:188} INFO - [2024-12-10T10:11:59.623-0300] {dag.py:3954} INFO - Setting next_dagrun for tutorial_taskflow_api to None, run_after=None
[2024-12-10T10:11:59.645-0300] {processor.py:183} INFO - Processing /home/beatriz/Documentos/airflow/airflow_venv/lib/python3.10/site-packages/airflow/example_dags/tutorial_taskflow_api.py took 0.056 seconds
[2024-12-10T10:12:50.038-0300] {processor.py:161} INFO - Started process (PID=12255) to work on /home/beatriz/Documentos/airflow/airflow_venv/lib/python3.10/site-packages/airflow/example_dags/tutorial_taskflow_api.py
[2024-12-10T10:12:50.041-0300] {processor.py:830} INFO - Processing file /home/beatriz/Documentos/airflow/airflow_venv/lib/python3.10/site-packages/airflow/example_dags/tutorial_taskflow_api.py for tasks to queue
[2024-12-10T10:12:50.046-0300] {logging_mixin.py:188} INFO - [2024-12-10T10:12:50.045-0300] {dagbag.py:540} INFO - Filling up the DagBag from /home/beatriz/Documentos/airflow/airflow_venv/lib/python3.10/site-packages/airflow/example_dags/tutorial_taskflow_api.py
[2024-12-10T10:12:50.058-0300] {processor.py:840} INFO - DAG(s) 'tutorial_taskflow_api' retrieved from /home/beatriz/Documentos/airflow/airflow_venv/lib/python3.10/site-packages/airflow/example_dags/tutorial_taskflow_api.py
[2024-12-10T10:12:50.079-0300] {logging_mixin.py:188} INFO - [2024-12-10T10:12:50.078-0300] {dag.py:3096} INFO - Sync 1 DAGs
[2024-12-10T10:12:50.092-0300] {logging_mixin.py:188} INFO - [2024-12-10T10:12:50.091-0300] {dag.py:3954} INFO - Setting next_dagrun for tutorial_taskflow_api to None, run_after=None
[2024-12-10T10:12:50.118-0300] {processor.py:183} INFO - Processing /home/beatriz/Documentos/airflow/airflow_venv/lib/python3.10/site-packages/airflow/example_dags/tutorial_taskflow_api.py took 0.096 seconds
[2024-12-10T10:13:38.117-0300] {processor.py:161} INFO - Started process (PID=12665) to work on /home/beatriz/Documentos/airflow/airflow_venv/lib/python3.10/site-packages/airflow/example_dags/tutorial_taskflow_api.py
[2024-12-10T10:13:38.120-0300] {processor.py:830} INFO - Processing file /home/beatriz/Documentos/airflow/airflow_venv/lib/python3.10/site-packages/airflow/example_dags/tutorial_taskflow_api.py for tasks to queue
[2024-12-10T10:13:38.123-0300] {logging_mixin.py:188} INFO - [2024-12-10T10:13:38.122-0300] {dagbag.py:540} INFO - Filling up the DagBag from /home/beatriz/Documentos/airflow/airflow_venv/lib/python3.10/site-packages/airflow/example_dags/tutorial_taskflow_api.py
[2024-12-10T10:13:38.135-0300] {processor.py:840} INFO - DAG(s) 'tutorial_taskflow_api' retrieved from /home/beatriz/Documentos/airflow/airflow_venv/lib/python3.10/site-packages/airflow/example_dags/tutorial_taskflow_api.py
[2024-12-10T10:13:38.154-0300] {logging_mixin.py:188} INFO - [2024-12-10T10:13:38.153-0300] {dag.py:3096} INFO - Sync 1 DAGs
[2024-12-10T10:13:38.164-0300] {logging_mixin.py:188} INFO - [2024-12-10T10:13:38.163-0300] {dag.py:3954} INFO - Setting next_dagrun for tutorial_taskflow_api to None, run_after=None
[2024-12-10T10:13:38.181-0300] {processor.py:183} INFO - Processing /home/beatriz/Documentos/airflow/airflow_venv/lib/python3.10/site-packages/airflow/example_dags/tutorial_taskflow_api.py took 0.076 seconds
[2024-12-10T10:14:28.754-0300] {processor.py:161} INFO - Started process (PID=13194) to work on /home/beatriz/Documentos/airflow/airflow_venv/lib/python3.10/site-packages/airflow/example_dags/tutorial_taskflow_api.py
[2024-12-10T10:14:28.756-0300] {processor.py:830} INFO - Processing file /home/beatriz/Documentos/airflow/airflow_venv/lib/python3.10/site-packages/airflow/example_dags/tutorial_taskflow_api.py for tasks to queue
[2024-12-10T10:14:28.757-0300] {logging_mixin.py:188} INFO - [2024-12-10T10:14:28.757-0300] {dagbag.py:540} INFO - Filling up the DagBag from /home/beatriz/Documentos/airflow/airflow_venv/lib/python3.10/site-packages/airflow/example_dags/tutorial_taskflow_api.py
[2024-12-10T10:14:28.763-0300] {processor.py:840} INFO - DAG(s) 'tutorial_taskflow_api' retrieved from /home/beatriz/Documentos/airflow/airflow_venv/lib/python3.10/site-packages/airflow/example_dags/tutorial_taskflow_api.py
[2024-12-10T10:14:28.778-0300] {logging_mixin.py:188} INFO - [2024-12-10T10:14:28.778-0300] {dag.py:3096} INFO - Sync 1 DAGs
[2024-12-10T10:14:28.788-0300] {logging_mixin.py:188} INFO - [2024-12-10T10:14:28.788-0300] {dag.py:3954} INFO - Setting next_dagrun for tutorial_taskflow_api to None, run_after=None
[2024-12-10T10:14:28.806-0300] {processor.py:183} INFO - Processing /home/beatriz/Documentos/airflow/airflow_venv/lib/python3.10/site-packages/airflow/example_dags/tutorial_taskflow_api.py took 0.057 seconds
[2024-12-10T10:15:15.772-0300] {processor.py:161} INFO - Started process (PID=13646) to work on /home/beatriz/Documentos/airflow/airflow_venv/lib/python3.10/site-packages/airflow/example_dags/tutorial_taskflow_api.py
[2024-12-10T10:15:15.774-0300] {processor.py:830} INFO - Processing file /home/beatriz/Documentos/airflow/airflow_venv/lib/python3.10/site-packages/airflow/example_dags/tutorial_taskflow_api.py for tasks to queue
[2024-12-10T10:15:15.777-0300] {logging_mixin.py:188} INFO - [2024-12-10T10:15:15.776-0300] {dagbag.py:540} INFO - Filling up the DagBag from /home/beatriz/Documentos/airflow/airflow_venv/lib/python3.10/site-packages/airflow/example_dags/tutorial_taskflow_api.py
[2024-12-10T10:15:15.788-0300] {processor.py:840} INFO - DAG(s) 'tutorial_taskflow_api' retrieved from /home/beatriz/Documentos/airflow/airflow_venv/lib/python3.10/site-packages/airflow/example_dags/tutorial_taskflow_api.py
[2024-12-10T10:15:15.809-0300] {logging_mixin.py:188} INFO - [2024-12-10T10:15:15.809-0300] {dag.py:3096} INFO - Sync 1 DAGs
[2024-12-10T10:15:15.820-0300] {logging_mixin.py:188} INFO - [2024-12-10T10:15:15.819-0300] {dag.py:3954} INFO - Setting next_dagrun for tutorial_taskflow_api to None, run_after=None
[2024-12-10T10:15:15.837-0300] {processor.py:183} INFO - Processing /home/beatriz/Documentos/airflow/airflow_venv/lib/python3.10/site-packages/airflow/example_dags/tutorial_taskflow_api.py took 0.070 seconds
[2024-12-10T10:16:03.805-0300] {processor.py:161} INFO - Started process (PID=13992) to work on /home/beatriz/Documentos/airflow/airflow_venv/lib/python3.10/site-packages/airflow/example_dags/tutorial_taskflow_api.py
[2024-12-10T10:16:03.807-0300] {processor.py:830} INFO - Processing file /home/beatriz/Documentos/airflow/airflow_venv/lib/python3.10/site-packages/airflow/example_dags/tutorial_taskflow_api.py for tasks to queue
[2024-12-10T10:16:03.808-0300] {logging_mixin.py:188} INFO - [2024-12-10T10:16:03.808-0300] {dagbag.py:540} INFO - Filling up the DagBag from /home/beatriz/Documentos/airflow/airflow_venv/lib/python3.10/site-packages/airflow/example_dags/tutorial_taskflow_api.py
[2024-12-10T10:16:03.814-0300] {processor.py:840} INFO - DAG(s) 'tutorial_taskflow_api' retrieved from /home/beatriz/Documentos/airflow/airflow_venv/lib/python3.10/site-packages/airflow/example_dags/tutorial_taskflow_api.py
[2024-12-10T10:16:03.826-0300] {logging_mixin.py:188} INFO - [2024-12-10T10:16:03.826-0300] {dag.py:3096} INFO - Sync 1 DAGs
[2024-12-10T10:16:03.835-0300] {logging_mixin.py:188} INFO - [2024-12-10T10:16:03.835-0300] {dag.py:3954} INFO - Setting next_dagrun for tutorial_taskflow_api to None, run_after=None
[2024-12-10T10:16:03.857-0300] {processor.py:183} INFO - Processing /home/beatriz/Documentos/airflow/airflow_venv/lib/python3.10/site-packages/airflow/example_dags/tutorial_taskflow_api.py took 0.057 seconds
[2024-12-10T10:16:56.595-0300] {processor.py:161} INFO - Started process (PID=14432) to work on /home/beatriz/Documentos/airflow/airflow_venv/lib/python3.10/site-packages/airflow/example_dags/tutorial_taskflow_api.py
[2024-12-10T10:16:56.597-0300] {processor.py:830} INFO - Processing file /home/beatriz/Documentos/airflow/airflow_venv/lib/python3.10/site-packages/airflow/example_dags/tutorial_taskflow_api.py for tasks to queue
[2024-12-10T10:16:56.598-0300] {logging_mixin.py:188} INFO - [2024-12-10T10:16:56.598-0300] {dagbag.py:540} INFO - Filling up the DagBag from /home/beatriz/Documentos/airflow/airflow_venv/lib/python3.10/site-packages/airflow/example_dags/tutorial_taskflow_api.py
[2024-12-10T10:16:56.608-0300] {processor.py:840} INFO - DAG(s) 'tutorial_taskflow_api' retrieved from /home/beatriz/Documentos/airflow/airflow_venv/lib/python3.10/site-packages/airflow/example_dags/tutorial_taskflow_api.py
[2024-12-10T10:16:56.632-0300] {logging_mixin.py:188} INFO - [2024-12-10T10:16:56.631-0300] {dag.py:3096} INFO - Sync 1 DAGs
[2024-12-10T10:16:56.648-0300] {logging_mixin.py:188} INFO - [2024-12-10T10:16:56.648-0300] {dag.py:3954} INFO - Setting next_dagrun for tutorial_taskflow_api to None, run_after=None
[2024-12-10T10:16:56.668-0300] {processor.py:183} INFO - Processing /home/beatriz/Documentos/airflow/airflow_venv/lib/python3.10/site-packages/airflow/example_dags/tutorial_taskflow_api.py took 0.077 seconds
[2024-12-10T10:17:51.021-0300] {processor.py:161} INFO - Started process (PID=14838) to work on /home/beatriz/Documentos/airflow/airflow_venv/lib/python3.10/site-packages/airflow/example_dags/tutorial_taskflow_api.py
[2024-12-10T10:17:51.022-0300] {processor.py:830} INFO - Processing file /home/beatriz/Documentos/airflow/airflow_venv/lib/python3.10/site-packages/airflow/example_dags/tutorial_taskflow_api.py for tasks to queue
[2024-12-10T10:17:51.023-0300] {logging_mixin.py:188} INFO - [2024-12-10T10:17:51.023-0300] {dagbag.py:540} INFO - Filling up the DagBag from /home/beatriz/Documentos/airflow/airflow_venv/lib/python3.10/site-packages/airflow/example_dags/tutorial_taskflow_api.py
[2024-12-10T10:17:51.028-0300] {processor.py:840} INFO - DAG(s) 'tutorial_taskflow_api' retrieved from /home/beatriz/Documentos/airflow/airflow_venv/lib/python3.10/site-packages/airflow/example_dags/tutorial_taskflow_api.py
[2024-12-10T10:17:51.039-0300] {logging_mixin.py:188} INFO - [2024-12-10T10:17:51.039-0300] {dag.py:3096} INFO - Sync 1 DAGs
[2024-12-10T10:17:51.047-0300] {logging_mixin.py:188} INFO - [2024-12-10T10:17:51.047-0300] {dag.py:3954} INFO - Setting next_dagrun for tutorial_taskflow_api to None, run_after=None
[2024-12-10T10:17:51.064-0300] {processor.py:183} INFO - Processing /home/beatriz/Documentos/airflow/airflow_venv/lib/python3.10/site-packages/airflow/example_dags/tutorial_taskflow_api.py took 0.047 seconds
[2024-12-10T10:18:42.397-0300] {processor.py:161} INFO - Started process (PID=15318) to work on /home/beatriz/Documentos/airflow/airflow_venv/lib/python3.10/site-packages/airflow/example_dags/tutorial_taskflow_api.py
[2024-12-10T10:18:42.400-0300] {processor.py:830} INFO - Processing file /home/beatriz/Documentos/airflow/airflow_venv/lib/python3.10/site-packages/airflow/example_dags/tutorial_taskflow_api.py for tasks to queue
[2024-12-10T10:18:42.403-0300] {logging_mixin.py:188} INFO - [2024-12-10T10:18:42.402-0300] {dagbag.py:540} INFO - Filling up the DagBag from /home/beatriz/Documentos/airflow/airflow_venv/lib/python3.10/site-packages/airflow/example_dags/tutorial_taskflow_api.py
[2024-12-10T10:18:42.415-0300] {processor.py:840} INFO - DAG(s) 'tutorial_taskflow_api' retrieved from /home/beatriz/Documentos/airflow/airflow_venv/lib/python3.10/site-packages/airflow/example_dags/tutorial_taskflow_api.py
[2024-12-10T10:18:42.433-0300] {logging_mixin.py:188} INFO - [2024-12-10T10:18:42.433-0300] {dag.py:3096} INFO - Sync 1 DAGs
[2024-12-10T10:18:42.446-0300] {logging_mixin.py:188} INFO - [2024-12-10T10:18:42.446-0300] {dag.py:3954} INFO - Setting next_dagrun for tutorial_taskflow_api to None, run_after=None
[2024-12-10T10:18:42.466-0300] {processor.py:183} INFO - Processing /home/beatriz/Documentos/airflow/airflow_venv/lib/python3.10/site-packages/airflow/example_dags/tutorial_taskflow_api.py took 0.078 seconds
[2024-12-10T11:00:51.129-0300] {processor.py:161} INFO - Started process (PID=19147) to work on /home/beatriz/Documentos/airflow/airflow_venv/lib/python3.10/site-packages/airflow/example_dags/tutorial_taskflow_api.py
[2024-12-10T11:00:51.131-0300] {processor.py:830} INFO - Processing file /home/beatriz/Documentos/airflow/airflow_venv/lib/python3.10/site-packages/airflow/example_dags/tutorial_taskflow_api.py for tasks to queue
[2024-12-10T11:00:51.132-0300] {logging_mixin.py:188} INFO - [2024-12-10T11:00:51.132-0300] {dagbag.py:540} INFO - Filling up the DagBag from /home/beatriz/Documentos/airflow/airflow_venv/lib/python3.10/site-packages/airflow/example_dags/tutorial_taskflow_api.py
[2024-12-10T11:00:51.141-0300] {processor.py:840} INFO - DAG(s) 'tutorial_taskflow_api' retrieved from /home/beatriz/Documentos/airflow/airflow_venv/lib/python3.10/site-packages/airflow/example_dags/tutorial_taskflow_api.py
[2024-12-10T11:00:51.156-0300] {logging_mixin.py:188} INFO - [2024-12-10T11:00:51.155-0300] {dag.py:3096} INFO - Sync 1 DAGs
[2024-12-10T11:00:51.312-0300] {logging_mixin.py:188} INFO - [2024-12-10T11:00:51.312-0300] {dag.py:3954} INFO - Setting next_dagrun for tutorial_taskflow_api to None, run_after=None
[2024-12-10T11:00:51.404-0300] {processor.py:183} INFO - Processing /home/beatriz/Documentos/airflow/airflow_venv/lib/python3.10/site-packages/airflow/example_dags/tutorial_taskflow_api.py took 0.282 seconds
[2024-12-10T11:02:00.694-0300] {processor.py:161} INFO - Started process (PID=20065) to work on /home/beatriz/Documentos/airflow/airflow_venv/lib/python3.10/site-packages/airflow/example_dags/tutorial_taskflow_api.py
[2024-12-10T11:02:00.695-0300] {processor.py:830} INFO - Processing file /home/beatriz/Documentos/airflow/airflow_venv/lib/python3.10/site-packages/airflow/example_dags/tutorial_taskflow_api.py for tasks to queue
[2024-12-10T11:02:00.698-0300] {logging_mixin.py:188} INFO - [2024-12-10T11:02:00.698-0300] {dagbag.py:540} INFO - Filling up the DagBag from /home/beatriz/Documentos/airflow/airflow_venv/lib/python3.10/site-packages/airflow/example_dags/tutorial_taskflow_api.py
[2024-12-10T11:02:00.710-0300] {processor.py:840} INFO - DAG(s) 'tutorial_taskflow_api' retrieved from /home/beatriz/Documentos/airflow/airflow_venv/lib/python3.10/site-packages/airflow/example_dags/tutorial_taskflow_api.py
[2024-12-10T11:02:00.784-0300] {logging_mixin.py:188} INFO - [2024-12-10T11:02:00.784-0300] {dag.py:3096} INFO - Sync 1 DAGs
[2024-12-10T11:02:00.790-0300] {logging_mixin.py:188} INFO - [2024-12-10T11:02:00.790-0300] {dag.py:3954} INFO - Setting next_dagrun for tutorial_taskflow_api to None, run_after=None
[2024-12-10T11:02:00.808-0300] {processor.py:183} INFO - Processing /home/beatriz/Documentos/airflow/airflow_venv/lib/python3.10/site-packages/airflow/example_dags/tutorial_taskflow_api.py took 0.125 seconds
[2024-12-10T11:02:56.433-0300] {processor.py:161} INFO - Started process (PID=20503) to work on /home/beatriz/Documentos/airflow/airflow_venv/lib/python3.10/site-packages/airflow/example_dags/tutorial_taskflow_api.py
[2024-12-10T11:02:56.434-0300] {processor.py:830} INFO - Processing file /home/beatriz/Documentos/airflow/airflow_venv/lib/python3.10/site-packages/airflow/example_dags/tutorial_taskflow_api.py for tasks to queue
[2024-12-10T11:02:56.436-0300] {logging_mixin.py:188} INFO - [2024-12-10T11:02:56.435-0300] {dagbag.py:540} INFO - Filling up the DagBag from /home/beatriz/Documentos/airflow/airflow_venv/lib/python3.10/site-packages/airflow/example_dags/tutorial_taskflow_api.py
[2024-12-10T11:02:56.446-0300] {processor.py:840} INFO - DAG(s) 'tutorial_taskflow_api' retrieved from /home/beatriz/Documentos/airflow/airflow_venv/lib/python3.10/site-packages/airflow/example_dags/tutorial_taskflow_api.py
[2024-12-10T11:02:56.473-0300] {logging_mixin.py:188} INFO - [2024-12-10T11:02:56.473-0300] {dag.py:3096} INFO - Sync 1 DAGs
[2024-12-10T11:02:56.492-0300] {logging_mixin.py:188} INFO - [2024-12-10T11:02:56.491-0300] {dag.py:3954} INFO - Setting next_dagrun for tutorial_taskflow_api to None, run_after=None
[2024-12-10T11:02:56.542-0300] {processor.py:183} INFO - Processing /home/beatriz/Documentos/airflow/airflow_venv/lib/python3.10/site-packages/airflow/example_dags/tutorial_taskflow_api.py took 0.114 seconds
[2024-12-10T11:36:51.112-0300] {processor.py:161} INFO - Started process (PID=24742) to work on /home/beatriz/Documentos/airflow/airflow_venv/lib/python3.10/site-packages/airflow/example_dags/tutorial_taskflow_api.py
[2024-12-10T11:36:51.114-0300] {processor.py:830} INFO - Processing file /home/beatriz/Documentos/airflow/airflow_venv/lib/python3.10/site-packages/airflow/example_dags/tutorial_taskflow_api.py for tasks to queue
[2024-12-10T11:36:51.116-0300] {logging_mixin.py:188} INFO - [2024-12-10T11:36:51.115-0300] {dagbag.py:540} INFO - Filling up the DagBag from /home/beatriz/Documentos/airflow/airflow_venv/lib/python3.10/site-packages/airflow/example_dags/tutorial_taskflow_api.py
[2024-12-10T11:36:51.134-0300] {processor.py:840} INFO - DAG(s) 'tutorial_taskflow_api' retrieved from /home/beatriz/Documentos/airflow/airflow_venv/lib/python3.10/site-packages/airflow/example_dags/tutorial_taskflow_api.py
[2024-12-10T11:36:51.143-0300] {logging_mixin.py:188} INFO - [2024-12-10T11:36:51.143-0300] {dag.py:3096} INFO - Sync 1 DAGs
[2024-12-10T11:36:51.232-0300] {logging_mixin.py:188} INFO - [2024-12-10T11:36:51.232-0300] {dag.py:3954} INFO - Setting next_dagrun for tutorial_taskflow_api to None, run_after=None
[2024-12-10T11:36:51.253-0300] {processor.py:183} INFO - Processing /home/beatriz/Documentos/airflow/airflow_venv/lib/python3.10/site-packages/airflow/example_dags/tutorial_taskflow_api.py took 0.152 seconds
[2024-12-10T11:37:51.700-0300] {processor.py:161} INFO - Started process (PID=25155) to work on /home/beatriz/Documentos/airflow/airflow_venv/lib/python3.10/site-packages/airflow/example_dags/tutorial_taskflow_api.py
[2024-12-10T11:37:51.701-0300] {processor.py:830} INFO - Processing file /home/beatriz/Documentos/airflow/airflow_venv/lib/python3.10/site-packages/airflow/example_dags/tutorial_taskflow_api.py for tasks to queue
[2024-12-10T11:37:51.703-0300] {logging_mixin.py:188} INFO - [2024-12-10T11:37:51.702-0300] {dagbag.py:540} INFO - Filling up the DagBag from /home/beatriz/Documentos/airflow/airflow_venv/lib/python3.10/site-packages/airflow/example_dags/tutorial_taskflow_api.py
[2024-12-10T11:37:51.711-0300] {processor.py:840} INFO - DAG(s) 'tutorial_taskflow_api' retrieved from /home/beatriz/Documentos/airflow/airflow_venv/lib/python3.10/site-packages/airflow/example_dags/tutorial_taskflow_api.py
[2024-12-10T11:37:51.848-0300] {logging_mixin.py:188} INFO - [2024-12-10T11:37:51.848-0300] {dag.py:3096} INFO - Sync 1 DAGs
[2024-12-10T11:37:51.859-0300] {logging_mixin.py:188} INFO - [2024-12-10T11:37:51.858-0300] {dag.py:3954} INFO - Setting next_dagrun for tutorial_taskflow_api to None, run_after=None
[2024-12-10T11:37:51.882-0300] {processor.py:183} INFO - Processing /home/beatriz/Documentos/airflow/airflow_venv/lib/python3.10/site-packages/airflow/example_dags/tutorial_taskflow_api.py took 0.187 seconds
[2024-12-10T11:38:50.796-0300] {processor.py:161} INFO - Started process (PID=25525) to work on /home/beatriz/Documentos/airflow/airflow_venv/lib/python3.10/site-packages/airflow/example_dags/tutorial_taskflow_api.py
[2024-12-10T11:38:50.797-0300] {processor.py:830} INFO - Processing file /home/beatriz/Documentos/airflow/airflow_venv/lib/python3.10/site-packages/airflow/example_dags/tutorial_taskflow_api.py for tasks to queue
[2024-12-10T11:38:50.799-0300] {logging_mixin.py:188} INFO - [2024-12-10T11:38:50.798-0300] {dagbag.py:540} INFO - Filling up the DagBag from /home/beatriz/Documentos/airflow/airflow_venv/lib/python3.10/site-packages/airflow/example_dags/tutorial_taskflow_api.py
[2024-12-10T11:38:50.810-0300] {processor.py:840} INFO - DAG(s) 'tutorial_taskflow_api' retrieved from /home/beatriz/Documentos/airflow/airflow_venv/lib/python3.10/site-packages/airflow/example_dags/tutorial_taskflow_api.py
[2024-12-10T11:38:50.827-0300] {logging_mixin.py:188} INFO - [2024-12-10T11:38:50.827-0300] {dag.py:3096} INFO - Sync 1 DAGs
[2024-12-10T11:38:50.837-0300] {logging_mixin.py:188} INFO - [2024-12-10T11:38:50.836-0300] {dag.py:3954} INFO - Setting next_dagrun for tutorial_taskflow_api to None, run_after=None
[2024-12-10T11:38:50.855-0300] {processor.py:183} INFO - Processing /home/beatriz/Documentos/airflow/airflow_venv/lib/python3.10/site-packages/airflow/example_dags/tutorial_taskflow_api.py took 0.067 seconds
[2024-12-10T11:39:45.684-0300] {processor.py:161} INFO - Started process (PID=25914) to work on /home/beatriz/Documentos/airflow/airflow_venv/lib/python3.10/site-packages/airflow/example_dags/tutorial_taskflow_api.py
[2024-12-10T11:39:45.685-0300] {processor.py:830} INFO - Processing file /home/beatriz/Documentos/airflow/airflow_venv/lib/python3.10/site-packages/airflow/example_dags/tutorial_taskflow_api.py for tasks to queue
[2024-12-10T11:39:45.686-0300] {logging_mixin.py:188} INFO - [2024-12-10T11:39:45.686-0300] {dagbag.py:540} INFO - Filling up the DagBag from /home/beatriz/Documentos/airflow/airflow_venv/lib/python3.10/site-packages/airflow/example_dags/tutorial_taskflow_api.py
[2024-12-10T11:39:45.694-0300] {processor.py:840} INFO - DAG(s) 'tutorial_taskflow_api' retrieved from /home/beatriz/Documentos/airflow/airflow_venv/lib/python3.10/site-packages/airflow/example_dags/tutorial_taskflow_api.py
[2024-12-10T11:39:45.706-0300] {logging_mixin.py:188} INFO - [2024-12-10T11:39:45.706-0300] {dag.py:3096} INFO - Sync 1 DAGs
[2024-12-10T11:39:45.716-0300] {logging_mixin.py:188} INFO - [2024-12-10T11:39:45.716-0300] {dag.py:3954} INFO - Setting next_dagrun for tutorial_taskflow_api to None, run_after=None
[2024-12-10T11:39:45.734-0300] {processor.py:183} INFO - Processing /home/beatriz/Documentos/airflow/airflow_venv/lib/python3.10/site-packages/airflow/example_dags/tutorial_taskflow_api.py took 0.054 seconds
[2024-12-10T11:40:43.331-0300] {processor.py:161} INFO - Started process (PID=26322) to work on /home/beatriz/Documentos/airflow/airflow_venv/lib/python3.10/site-packages/airflow/example_dags/tutorial_taskflow_api.py
[2024-12-10T11:40:43.332-0300] {processor.py:830} INFO - Processing file /home/beatriz/Documentos/airflow/airflow_venv/lib/python3.10/site-packages/airflow/example_dags/tutorial_taskflow_api.py for tasks to queue
[2024-12-10T11:40:43.333-0300] {logging_mixin.py:188} INFO - [2024-12-10T11:40:43.333-0300] {dagbag.py:540} INFO - Filling up the DagBag from /home/beatriz/Documentos/airflow/airflow_venv/lib/python3.10/site-packages/airflow/example_dags/tutorial_taskflow_api.py
[2024-12-10T11:40:43.339-0300] {processor.py:840} INFO - DAG(s) 'tutorial_taskflow_api' retrieved from /home/beatriz/Documentos/airflow/airflow_venv/lib/python3.10/site-packages/airflow/example_dags/tutorial_taskflow_api.py
[2024-12-10T11:40:43.351-0300] {logging_mixin.py:188} INFO - [2024-12-10T11:40:43.351-0300] {dag.py:3096} INFO - Sync 1 DAGs
[2024-12-10T11:40:43.359-0300] {logging_mixin.py:188} INFO - [2024-12-10T11:40:43.359-0300] {dag.py:3954} INFO - Setting next_dagrun for tutorial_taskflow_api to None, run_after=None
[2024-12-10T11:40:43.377-0300] {processor.py:183} INFO - Processing /home/beatriz/Documentos/airflow/airflow_venv/lib/python3.10/site-packages/airflow/example_dags/tutorial_taskflow_api.py took 0.051 seconds
[2024-12-10T11:41:38.638-0300] {processor.py:161} INFO - Started process (PID=26683) to work on /home/beatriz/Documentos/airflow/airflow_venv/lib/python3.10/site-packages/airflow/example_dags/tutorial_taskflow_api.py
[2024-12-10T11:41:38.639-0300] {processor.py:830} INFO - Processing file /home/beatriz/Documentos/airflow/airflow_venv/lib/python3.10/site-packages/airflow/example_dags/tutorial_taskflow_api.py for tasks to queue
[2024-12-10T11:41:38.641-0300] {logging_mixin.py:188} INFO - [2024-12-10T11:41:38.640-0300] {dagbag.py:540} INFO - Filling up the DagBag from /home/beatriz/Documentos/airflow/airflow_venv/lib/python3.10/site-packages/airflow/example_dags/tutorial_taskflow_api.py
[2024-12-10T11:41:38.647-0300] {processor.py:840} INFO - DAG(s) 'tutorial_taskflow_api' retrieved from /home/beatriz/Documentos/airflow/airflow_venv/lib/python3.10/site-packages/airflow/example_dags/tutorial_taskflow_api.py
[2024-12-10T11:41:38.661-0300] {logging_mixin.py:188} INFO - [2024-12-10T11:41:38.661-0300] {dag.py:3096} INFO - Sync 1 DAGs
[2024-12-10T11:41:38.674-0300] {logging_mixin.py:188} INFO - [2024-12-10T11:41:38.673-0300] {dag.py:3954} INFO - Setting next_dagrun for tutorial_taskflow_api to None, run_after=None
[2024-12-10T11:41:38.695-0300] {processor.py:183} INFO - Processing /home/beatriz/Documentos/airflow/airflow_venv/lib/python3.10/site-packages/airflow/example_dags/tutorial_taskflow_api.py took 0.065 seconds
[2024-12-10T11:42:35.157-0300] {processor.py:161} INFO - Started process (PID=27088) to work on /home/beatriz/Documentos/airflow/airflow_venv/lib/python3.10/site-packages/airflow/example_dags/tutorial_taskflow_api.py
[2024-12-10T11:42:35.160-0300] {processor.py:830} INFO - Processing file /home/beatriz/Documentos/airflow/airflow_venv/lib/python3.10/site-packages/airflow/example_dags/tutorial_taskflow_api.py for tasks to queue
[2024-12-10T11:42:35.163-0300] {logging_mixin.py:188} INFO - [2024-12-10T11:42:35.162-0300] {dagbag.py:540} INFO - Filling up the DagBag from /home/beatriz/Documentos/airflow/airflow_venv/lib/python3.10/site-packages/airflow/example_dags/tutorial_taskflow_api.py
[2024-12-10T11:42:35.176-0300] {processor.py:840} INFO - DAG(s) 'tutorial_taskflow_api' retrieved from /home/beatriz/Documentos/airflow/airflow_venv/lib/python3.10/site-packages/airflow/example_dags/tutorial_taskflow_api.py
[2024-12-10T11:42:35.192-0300] {logging_mixin.py:188} INFO - [2024-12-10T11:42:35.192-0300] {dag.py:3096} INFO - Sync 1 DAGs
[2024-12-10T11:42:35.201-0300] {logging_mixin.py:188} INFO - [2024-12-10T11:42:35.201-0300] {dag.py:3954} INFO - Setting next_dagrun for tutorial_taskflow_api to None, run_after=None
[2024-12-10T11:42:35.220-0300] {processor.py:183} INFO - Processing /home/beatriz/Documentos/airflow/airflow_venv/lib/python3.10/site-packages/airflow/example_dags/tutorial_taskflow_api.py took 0.074 seconds
[2024-12-10T11:43:27.418-0300] {processor.py:161} INFO - Started process (PID=27522) to work on /home/beatriz/Documentos/airflow/airflow_venv/lib/python3.10/site-packages/airflow/example_dags/tutorial_taskflow_api.py
[2024-12-10T11:43:27.420-0300] {processor.py:830} INFO - Processing file /home/beatriz/Documentos/airflow/airflow_venv/lib/python3.10/site-packages/airflow/example_dags/tutorial_taskflow_api.py for tasks to queue
[2024-12-10T11:43:27.421-0300] {logging_mixin.py:188} INFO - [2024-12-10T11:43:27.421-0300] {dagbag.py:540} INFO - Filling up the DagBag from /home/beatriz/Documentos/airflow/airflow_venv/lib/python3.10/site-packages/airflow/example_dags/tutorial_taskflow_api.py
[2024-12-10T11:43:27.428-0300] {processor.py:840} INFO - DAG(s) 'tutorial_taskflow_api' retrieved from /home/beatriz/Documentos/airflow/airflow_venv/lib/python3.10/site-packages/airflow/example_dags/tutorial_taskflow_api.py
[2024-12-10T11:43:27.441-0300] {logging_mixin.py:188} INFO - [2024-12-10T11:43:27.441-0300] {dag.py:3096} INFO - Sync 1 DAGs
[2024-12-10T11:43:27.450-0300] {logging_mixin.py:188} INFO - [2024-12-10T11:43:27.450-0300] {dag.py:3954} INFO - Setting next_dagrun for tutorial_taskflow_api to None, run_after=None
[2024-12-10T11:43:27.468-0300] {processor.py:183} INFO - Processing /home/beatriz/Documentos/airflow/airflow_venv/lib/python3.10/site-packages/airflow/example_dags/tutorial_taskflow_api.py took 0.055 seconds
[2024-12-10T11:44:27.432-0300] {processor.py:161} INFO - Started process (PID=28314) to work on /home/beatriz/Documentos/airflow/airflow_venv/lib/python3.10/site-packages/airflow/example_dags/tutorial_taskflow_api.py
[2024-12-10T11:44:27.433-0300] {processor.py:830} INFO - Processing file /home/beatriz/Documentos/airflow/airflow_venv/lib/python3.10/site-packages/airflow/example_dags/tutorial_taskflow_api.py for tasks to queue
[2024-12-10T11:44:27.436-0300] {logging_mixin.py:188} INFO - [2024-12-10T11:44:27.436-0300] {dagbag.py:540} INFO - Filling up the DagBag from /home/beatriz/Documentos/airflow/airflow_venv/lib/python3.10/site-packages/airflow/example_dags/tutorial_taskflow_api.py
[2024-12-10T11:44:27.449-0300] {processor.py:840} INFO - DAG(s) 'tutorial_taskflow_api' retrieved from /home/beatriz/Documentos/airflow/airflow_venv/lib/python3.10/site-packages/airflow/example_dags/tutorial_taskflow_api.py
[2024-12-10T11:44:27.464-0300] {logging_mixin.py:188} INFO - [2024-12-10T11:44:27.464-0300] {dag.py:3096} INFO - Sync 1 DAGs
[2024-12-10T11:44:27.474-0300] {logging_mixin.py:188} INFO - [2024-12-10T11:44:27.473-0300] {dag.py:3954} INFO - Setting next_dagrun for tutorial_taskflow_api to None, run_after=None
[2024-12-10T11:44:27.492-0300] {processor.py:183} INFO - Processing /home/beatriz/Documentos/airflow/airflow_venv/lib/python3.10/site-packages/airflow/example_dags/tutorial_taskflow_api.py took 0.073 seconds
[2024-12-10T11:45:22.919-0300] {processor.py:161} INFO - Started process (PID=28777) to work on /home/beatriz/Documentos/airflow/airflow_venv/lib/python3.10/site-packages/airflow/example_dags/tutorial_taskflow_api.py
[2024-12-10T11:45:22.920-0300] {processor.py:830} INFO - Processing file /home/beatriz/Documentos/airflow/airflow_venv/lib/python3.10/site-packages/airflow/example_dags/tutorial_taskflow_api.py for tasks to queue
[2024-12-10T11:45:22.921-0300] {logging_mixin.py:188} INFO - [2024-12-10T11:45:22.921-0300] {dagbag.py:540} INFO - Filling up the DagBag from /home/beatriz/Documentos/airflow/airflow_venv/lib/python3.10/site-packages/airflow/example_dags/tutorial_taskflow_api.py
[2024-12-10T11:45:22.928-0300] {processor.py:840} INFO - DAG(s) 'tutorial_taskflow_api' retrieved from /home/beatriz/Documentos/airflow/airflow_venv/lib/python3.10/site-packages/airflow/example_dags/tutorial_taskflow_api.py
[2024-12-10T11:45:22.949-0300] {logging_mixin.py:188} INFO - [2024-12-10T11:45:22.949-0300] {dag.py:3096} INFO - Sync 1 DAGs
[2024-12-10T11:45:22.966-0300] {logging_mixin.py:188} INFO - [2024-12-10T11:45:22.965-0300] {dag.py:3954} INFO - Setting next_dagrun for tutorial_taskflow_api to None, run_after=None
[2024-12-10T11:45:22.999-0300] {processor.py:183} INFO - Processing /home/beatriz/Documentos/airflow/airflow_venv/lib/python3.10/site-packages/airflow/example_dags/tutorial_taskflow_api.py took 0.085 seconds
[2024-12-10T11:46:19.674-0300] {processor.py:161} INFO - Started process (PID=29181) to work on /home/beatriz/Documentos/airflow/airflow_venv/lib/python3.10/site-packages/airflow/example_dags/tutorial_taskflow_api.py
[2024-12-10T11:46:19.675-0300] {processor.py:830} INFO - Processing file /home/beatriz/Documentos/airflow/airflow_venv/lib/python3.10/site-packages/airflow/example_dags/tutorial_taskflow_api.py for tasks to queue
[2024-12-10T11:46:19.676-0300] {logging_mixin.py:188} INFO - [2024-12-10T11:46:19.675-0300] {dagbag.py:540} INFO - Filling up the DagBag from /home/beatriz/Documentos/airflow/airflow_venv/lib/python3.10/site-packages/airflow/example_dags/tutorial_taskflow_api.py
[2024-12-10T11:46:19.682-0300] {processor.py:840} INFO - DAG(s) 'tutorial_taskflow_api' retrieved from /home/beatriz/Documentos/airflow/airflow_venv/lib/python3.10/site-packages/airflow/example_dags/tutorial_taskflow_api.py
[2024-12-10T11:46:19.694-0300] {logging_mixin.py:188} INFO - [2024-12-10T11:46:19.694-0300] {dag.py:3096} INFO - Sync 1 DAGs
[2024-12-10T11:46:19.704-0300] {logging_mixin.py:188} INFO - [2024-12-10T11:46:19.703-0300] {dag.py:3954} INFO - Setting next_dagrun for tutorial_taskflow_api to None, run_after=None
[2024-12-10T11:46:19.723-0300] {processor.py:183} INFO - Processing /home/beatriz/Documentos/airflow/airflow_venv/lib/python3.10/site-packages/airflow/example_dags/tutorial_taskflow_api.py took 0.054 seconds
[2024-12-10T11:48:41.882-0300] {processor.py:161} INFO - Started process (PID=30813) to work on /home/beatriz/Documentos/airflow/airflow_venv/lib/python3.10/site-packages/airflow/example_dags/tutorial_taskflow_api.py
[2024-12-10T11:48:41.883-0300] {processor.py:830} INFO - Processing file /home/beatriz/Documentos/airflow/airflow_venv/lib/python3.10/site-packages/airflow/example_dags/tutorial_taskflow_api.py for tasks to queue
[2024-12-10T11:48:41.884-0300] {logging_mixin.py:188} INFO - [2024-12-10T11:48:41.883-0300] {dagbag.py:540} INFO - Filling up the DagBag from /home/beatriz/Documentos/airflow/airflow_venv/lib/python3.10/site-packages/airflow/example_dags/tutorial_taskflow_api.py
[2024-12-10T11:48:41.888-0300] {processor.py:840} INFO - DAG(s) 'tutorial_taskflow_api' retrieved from /home/beatriz/Documentos/airflow/airflow_venv/lib/python3.10/site-packages/airflow/example_dags/tutorial_taskflow_api.py
[2024-12-10T11:48:41.922-0300] {logging_mixin.py:188} INFO - [2024-12-10T11:48:41.922-0300] {dag.py:3096} INFO - Sync 1 DAGs
[2024-12-10T11:48:41.931-0300] {logging_mixin.py:188} INFO - [2024-12-10T11:48:41.930-0300] {dag.py:3954} INFO - Setting next_dagrun for tutorial_taskflow_api to None, run_after=None
[2024-12-10T11:48:41.951-0300] {processor.py:183} INFO - Processing /home/beatriz/Documentos/airflow/airflow_venv/lib/python3.10/site-packages/airflow/example_dags/tutorial_taskflow_api.py took 0.075 seconds
[2024-12-10T11:49:39.910-0300] {processor.py:161} INFO - Started process (PID=31248) to work on /home/beatriz/Documentos/airflow/airflow_venv/lib/python3.10/site-packages/airflow/example_dags/tutorial_taskflow_api.py
[2024-12-10T11:49:39.912-0300] {processor.py:830} INFO - Processing file /home/beatriz/Documentos/airflow/airflow_venv/lib/python3.10/site-packages/airflow/example_dags/tutorial_taskflow_api.py for tasks to queue
[2024-12-10T11:49:39.912-0300] {logging_mixin.py:188} INFO - [2024-12-10T11:49:39.912-0300] {dagbag.py:540} INFO - Filling up the DagBag from /home/beatriz/Documentos/airflow/airflow_venv/lib/python3.10/site-packages/airflow/example_dags/tutorial_taskflow_api.py
[2024-12-10T11:49:39.918-0300] {processor.py:840} INFO - DAG(s) 'tutorial_taskflow_api' retrieved from /home/beatriz/Documentos/airflow/airflow_venv/lib/python3.10/site-packages/airflow/example_dags/tutorial_taskflow_api.py
[2024-12-10T11:49:39.932-0300] {logging_mixin.py:188} INFO - [2024-12-10T11:49:39.931-0300] {dag.py:3096} INFO - Sync 1 DAGs
[2024-12-10T11:49:39.940-0300] {logging_mixin.py:188} INFO - [2024-12-10T11:49:39.939-0300] {dag.py:3954} INFO - Setting next_dagrun for tutorial_taskflow_api to None, run_after=None
[2024-12-10T11:49:39.957-0300] {processor.py:183} INFO - Processing /home/beatriz/Documentos/airflow/airflow_venv/lib/python3.10/site-packages/airflow/example_dags/tutorial_taskflow_api.py took 0.052 seconds
[2024-12-10T11:50:40.407-0300] {processor.py:161} INFO - Started process (PID=31661) to work on /home/beatriz/Documentos/airflow/airflow_venv/lib/python3.10/site-packages/airflow/example_dags/tutorial_taskflow_api.py
[2024-12-10T11:50:40.408-0300] {processor.py:830} INFO - Processing file /home/beatriz/Documentos/airflow/airflow_venv/lib/python3.10/site-packages/airflow/example_dags/tutorial_taskflow_api.py for tasks to queue
[2024-12-10T11:50:40.409-0300] {logging_mixin.py:188} INFO - [2024-12-10T11:50:40.408-0300] {dagbag.py:540} INFO - Filling up the DagBag from /home/beatriz/Documentos/airflow/airflow_venv/lib/python3.10/site-packages/airflow/example_dags/tutorial_taskflow_api.py
[2024-12-10T11:50:40.413-0300] {processor.py:840} INFO - DAG(s) 'tutorial_taskflow_api' retrieved from /home/beatriz/Documentos/airflow/airflow_venv/lib/python3.10/site-packages/airflow/example_dags/tutorial_taskflow_api.py
[2024-12-10T11:50:40.426-0300] {logging_mixin.py:188} INFO - [2024-12-10T11:50:40.425-0300] {dag.py:3096} INFO - Sync 1 DAGs
[2024-12-10T11:50:40.434-0300] {logging_mixin.py:188} INFO - [2024-12-10T11:50:40.433-0300] {dag.py:3954} INFO - Setting next_dagrun for tutorial_taskflow_api to None, run_after=None
[2024-12-10T11:50:40.451-0300] {processor.py:183} INFO - Processing /home/beatriz/Documentos/airflow/airflow_venv/lib/python3.10/site-packages/airflow/example_dags/tutorial_taskflow_api.py took 0.048 seconds
[2024-12-10T11:51:38.707-0300] {processor.py:161} INFO - Started process (PID=32066) to work on /home/beatriz/Documentos/airflow/airflow_venv/lib/python3.10/site-packages/airflow/example_dags/tutorial_taskflow_api.py
[2024-12-10T11:51:38.707-0300] {processor.py:830} INFO - Processing file /home/beatriz/Documentos/airflow/airflow_venv/lib/python3.10/site-packages/airflow/example_dags/tutorial_taskflow_api.py for tasks to queue
[2024-12-10T11:51:38.708-0300] {logging_mixin.py:188} INFO - [2024-12-10T11:51:38.708-0300] {dagbag.py:540} INFO - Filling up the DagBag from /home/beatriz/Documentos/airflow/airflow_venv/lib/python3.10/site-packages/airflow/example_dags/tutorial_taskflow_api.py
[2024-12-10T11:51:38.714-0300] {processor.py:840} INFO - DAG(s) 'tutorial_taskflow_api' retrieved from /home/beatriz/Documentos/airflow/airflow_venv/lib/python3.10/site-packages/airflow/example_dags/tutorial_taskflow_api.py
[2024-12-10T11:51:38.727-0300] {logging_mixin.py:188} INFO - [2024-12-10T11:51:38.726-0300] {dag.py:3096} INFO - Sync 1 DAGs
[2024-12-10T11:51:38.735-0300] {logging_mixin.py:188} INFO - [2024-12-10T11:51:38.735-0300] {dag.py:3954} INFO - Setting next_dagrun for tutorial_taskflow_api to None, run_after=None
[2024-12-10T11:51:38.752-0300] {processor.py:183} INFO - Processing /home/beatriz/Documentos/airflow/airflow_venv/lib/python3.10/site-packages/airflow/example_dags/tutorial_taskflow_api.py took 0.050 seconds
[2024-12-10T11:52:33.379-0300] {processor.py:161} INFO - Started process (PID=32535) to work on /home/beatriz/Documentos/airflow/airflow_venv/lib/python3.10/site-packages/airflow/example_dags/tutorial_taskflow_api.py
[2024-12-10T11:52:33.379-0300] {processor.py:830} INFO - Processing file /home/beatriz/Documentos/airflow/airflow_venv/lib/python3.10/site-packages/airflow/example_dags/tutorial_taskflow_api.py for tasks to queue
[2024-12-10T11:52:33.380-0300] {logging_mixin.py:188} INFO - [2024-12-10T11:52:33.380-0300] {dagbag.py:540} INFO - Filling up the DagBag from /home/beatriz/Documentos/airflow/airflow_venv/lib/python3.10/site-packages/airflow/example_dags/tutorial_taskflow_api.py
[2024-12-10T11:52:33.387-0300] {processor.py:840} INFO - DAG(s) 'tutorial_taskflow_api' retrieved from /home/beatriz/Documentos/airflow/airflow_venv/lib/python3.10/site-packages/airflow/example_dags/tutorial_taskflow_api.py
[2024-12-10T11:52:33.401-0300] {logging_mixin.py:188} INFO - [2024-12-10T11:52:33.401-0300] {dag.py:3096} INFO - Sync 1 DAGs
[2024-12-10T11:52:33.410-0300] {logging_mixin.py:188} INFO - [2024-12-10T11:52:33.409-0300] {dag.py:3954} INFO - Setting next_dagrun for tutorial_taskflow_api to None, run_after=None
[2024-12-10T11:52:33.427-0300] {processor.py:183} INFO - Processing /home/beatriz/Documentos/airflow/airflow_venv/lib/python3.10/site-packages/airflow/example_dags/tutorial_taskflow_api.py took 0.053 seconds
[2024-12-10T11:53:29.658-0300] {processor.py:161} INFO - Started process (PID=33170) to work on /home/beatriz/Documentos/airflow/airflow_venv/lib/python3.10/site-packages/airflow/example_dags/tutorial_taskflow_api.py
[2024-12-10T11:53:29.661-0300] {processor.py:830} INFO - Processing file /home/beatriz/Documentos/airflow/airflow_venv/lib/python3.10/site-packages/airflow/example_dags/tutorial_taskflow_api.py for tasks to queue
[2024-12-10T11:53:29.663-0300] {logging_mixin.py:188} INFO - [2024-12-10T11:53:29.662-0300] {dagbag.py:540} INFO - Filling up the DagBag from /home/beatriz/Documentos/airflow/airflow_venv/lib/python3.10/site-packages/airflow/example_dags/tutorial_taskflow_api.py
[2024-12-10T11:53:29.674-0300] {processor.py:840} INFO - DAG(s) 'tutorial_taskflow_api' retrieved from /home/beatriz/Documentos/airflow/airflow_venv/lib/python3.10/site-packages/airflow/example_dags/tutorial_taskflow_api.py
[2024-12-10T11:53:29.692-0300] {logging_mixin.py:188} INFO - [2024-12-10T11:53:29.692-0300] {dag.py:3096} INFO - Sync 1 DAGs
[2024-12-10T11:53:29.701-0300] {logging_mixin.py:188} INFO - [2024-12-10T11:53:29.700-0300] {dag.py:3954} INFO - Setting next_dagrun for tutorial_taskflow_api to None, run_after=None
[2024-12-10T11:53:29.720-0300] {processor.py:183} INFO - Processing /home/beatriz/Documentos/airflow/airflow_venv/lib/python3.10/site-packages/airflow/example_dags/tutorial_taskflow_api.py took 0.073 seconds
[2024-12-10T11:55:17.020-0300] {processor.py:161} INFO - Started process (PID=34499) to work on /home/beatriz/Documentos/airflow/airflow_venv/lib/python3.10/site-packages/airflow/example_dags/tutorial_taskflow_api.py
[2024-12-10T11:55:17.021-0300] {processor.py:830} INFO - Processing file /home/beatriz/Documentos/airflow/airflow_venv/lib/python3.10/site-packages/airflow/example_dags/tutorial_taskflow_api.py for tasks to queue
[2024-12-10T11:55:17.021-0300] {logging_mixin.py:188} INFO - [2024-12-10T11:55:17.021-0300] {dagbag.py:540} INFO - Filling up the DagBag from /home/beatriz/Documentos/airflow/airflow_venv/lib/python3.10/site-packages/airflow/example_dags/tutorial_taskflow_api.py
[2024-12-10T11:55:17.029-0300] {processor.py:840} INFO - DAG(s) 'tutorial_taskflow_api' retrieved from /home/beatriz/Documentos/airflow/airflow_venv/lib/python3.10/site-packages/airflow/example_dags/tutorial_taskflow_api.py
[2024-12-10T11:55:17.062-0300] {logging_mixin.py:188} INFO - [2024-12-10T11:55:17.062-0300] {dag.py:3096} INFO - Sync 1 DAGs
[2024-12-10T11:55:17.075-0300] {logging_mixin.py:188} INFO - [2024-12-10T11:55:17.075-0300] {dag.py:3954} INFO - Setting next_dagrun for tutorial_taskflow_api to None, run_after=None
[2024-12-10T11:55:17.093-0300] {processor.py:183} INFO - Processing /home/beatriz/Documentos/airflow/airflow_venv/lib/python3.10/site-packages/airflow/example_dags/tutorial_taskflow_api.py took 0.079 seconds
[2024-12-10T11:56:16.027-0300] {processor.py:161} INFO - Started process (PID=34907) to work on /home/beatriz/Documentos/airflow/airflow_venv/lib/python3.10/site-packages/airflow/example_dags/tutorial_taskflow_api.py
[2024-12-10T11:56:16.028-0300] {processor.py:830} INFO - Processing file /home/beatriz/Documentos/airflow/airflow_venv/lib/python3.10/site-packages/airflow/example_dags/tutorial_taskflow_api.py for tasks to queue
[2024-12-10T11:56:16.029-0300] {logging_mixin.py:188} INFO - [2024-12-10T11:56:16.028-0300] {dagbag.py:540} INFO - Filling up the DagBag from /home/beatriz/Documentos/airflow/airflow_venv/lib/python3.10/site-packages/airflow/example_dags/tutorial_taskflow_api.py
[2024-12-10T11:56:16.036-0300] {processor.py:840} INFO - DAG(s) 'tutorial_taskflow_api' retrieved from /home/beatriz/Documentos/airflow/airflow_venv/lib/python3.10/site-packages/airflow/example_dags/tutorial_taskflow_api.py
[2024-12-10T11:56:16.052-0300] {logging_mixin.py:188} INFO - [2024-12-10T11:56:16.052-0300] {dag.py:3096} INFO - Sync 1 DAGs
[2024-12-10T11:56:16.064-0300] {logging_mixin.py:188} INFO - [2024-12-10T11:56:16.064-0300] {dag.py:3954} INFO - Setting next_dagrun for tutorial_taskflow_api to None, run_after=None
[2024-12-10T11:56:16.086-0300] {processor.py:183} INFO - Processing /home/beatriz/Documentos/airflow/airflow_venv/lib/python3.10/site-packages/airflow/example_dags/tutorial_taskflow_api.py took 0.066 seconds
[2024-12-10T11:57:14.141-0300] {processor.py:161} INFO - Started process (PID=35439) to work on /home/beatriz/Documentos/airflow/airflow_venv/lib/python3.10/site-packages/airflow/example_dags/tutorial_taskflow_api.py
[2024-12-10T11:57:14.142-0300] {processor.py:830} INFO - Processing file /home/beatriz/Documentos/airflow/airflow_venv/lib/python3.10/site-packages/airflow/example_dags/tutorial_taskflow_api.py for tasks to queue
[2024-12-10T11:57:14.142-0300] {logging_mixin.py:188} INFO - [2024-12-10T11:57:14.142-0300] {dagbag.py:540} INFO - Filling up the DagBag from /home/beatriz/Documentos/airflow/airflow_venv/lib/python3.10/site-packages/airflow/example_dags/tutorial_taskflow_api.py
[2024-12-10T11:57:14.148-0300] {processor.py:840} INFO - DAG(s) 'tutorial_taskflow_api' retrieved from /home/beatriz/Documentos/airflow/airflow_venv/lib/python3.10/site-packages/airflow/example_dags/tutorial_taskflow_api.py
[2024-12-10T11:57:14.161-0300] {logging_mixin.py:188} INFO - [2024-12-10T11:57:14.161-0300] {dag.py:3096} INFO - Sync 1 DAGs
[2024-12-10T11:57:14.169-0300] {logging_mixin.py:188} INFO - [2024-12-10T11:57:14.169-0300] {dag.py:3954} INFO - Setting next_dagrun for tutorial_taskflow_api to None, run_after=None
[2024-12-10T11:57:14.186-0300] {processor.py:183} INFO - Processing /home/beatriz/Documentos/airflow/airflow_venv/lib/python3.10/site-packages/airflow/example_dags/tutorial_taskflow_api.py took 0.050 seconds
[2024-12-10T11:58:12.436-0300] {processor.py:161} INFO - Started process (PID=35860) to work on /home/beatriz/Documentos/airflow/airflow_venv/lib/python3.10/site-packages/airflow/example_dags/tutorial_taskflow_api.py
[2024-12-10T11:58:12.438-0300] {processor.py:830} INFO - Processing file /home/beatriz/Documentos/airflow/airflow_venv/lib/python3.10/site-packages/airflow/example_dags/tutorial_taskflow_api.py for tasks to queue
[2024-12-10T11:58:12.439-0300] {logging_mixin.py:188} INFO - [2024-12-10T11:58:12.439-0300] {dagbag.py:540} INFO - Filling up the DagBag from /home/beatriz/Documentos/airflow/airflow_venv/lib/python3.10/site-packages/airflow/example_dags/tutorial_taskflow_api.py
[2024-12-10T11:58:12.448-0300] {processor.py:840} INFO - DAG(s) 'tutorial_taskflow_api' retrieved from /home/beatriz/Documentos/airflow/airflow_venv/lib/python3.10/site-packages/airflow/example_dags/tutorial_taskflow_api.py
[2024-12-10T11:58:12.468-0300] {logging_mixin.py:188} INFO - [2024-12-10T11:58:12.468-0300] {dag.py:3096} INFO - Sync 1 DAGs
[2024-12-10T11:58:12.480-0300] {logging_mixin.py:188} INFO - [2024-12-10T11:58:12.480-0300] {dag.py:3954} INFO - Setting next_dagrun for tutorial_taskflow_api to None, run_after=None
[2024-12-10T11:58:12.500-0300] {processor.py:183} INFO - Processing /home/beatriz/Documentos/airflow/airflow_venv/lib/python3.10/site-packages/airflow/example_dags/tutorial_taskflow_api.py took 0.077 seconds
[2024-12-10T11:59:46.170-0300] {processor.py:161} INFO - Started process (PID=36330) to work on /home/beatriz/Documentos/airflow/airflow_venv/lib/python3.10/site-packages/airflow/example_dags/tutorial_taskflow_api.py
[2024-12-10T11:59:46.171-0300] {processor.py:830} INFO - Processing file /home/beatriz/Documentos/airflow/airflow_venv/lib/python3.10/site-packages/airflow/example_dags/tutorial_taskflow_api.py for tasks to queue
[2024-12-10T11:59:46.172-0300] {logging_mixin.py:188} INFO - [2024-12-10T11:59:46.172-0300] {dagbag.py:540} INFO - Filling up the DagBag from /home/beatriz/Documentos/airflow/airflow_venv/lib/python3.10/site-packages/airflow/example_dags/tutorial_taskflow_api.py
[2024-12-10T11:59:46.179-0300] {processor.py:840} INFO - DAG(s) 'tutorial_taskflow_api' retrieved from /home/beatriz/Documentos/airflow/airflow_venv/lib/python3.10/site-packages/airflow/example_dags/tutorial_taskflow_api.py
[2024-12-10T11:59:46.205-0300] {logging_mixin.py:188} INFO - [2024-12-10T11:59:46.205-0300] {dag.py:3096} INFO - Sync 1 DAGs
[2024-12-10T11:59:46.218-0300] {logging_mixin.py:188} INFO - [2024-12-10T11:59:46.218-0300] {dag.py:3954} INFO - Setting next_dagrun for tutorial_taskflow_api to None, run_after=None
[2024-12-10T11:59:46.242-0300] {processor.py:183} INFO - Processing /home/beatriz/Documentos/airflow/airflow_venv/lib/python3.10/site-packages/airflow/example_dags/tutorial_taskflow_api.py took 0.081 seconds
[2024-12-10T12:01:19.924-0300] {processor.py:161} INFO - Started process (PID=37065) to work on /home/beatriz/Documentos/airflow/airflow_venv/lib/python3.10/site-packages/airflow/example_dags/tutorial_taskflow_api.py
[2024-12-10T12:01:19.925-0300] {processor.py:830} INFO - Processing file /home/beatriz/Documentos/airflow/airflow_venv/lib/python3.10/site-packages/airflow/example_dags/tutorial_taskflow_api.py for tasks to queue
[2024-12-10T12:01:19.926-0300] {logging_mixin.py:188} INFO - [2024-12-10T12:01:19.925-0300] {dagbag.py:540} INFO - Filling up the DagBag from /home/beatriz/Documentos/airflow/airflow_venv/lib/python3.10/site-packages/airflow/example_dags/tutorial_taskflow_api.py
[2024-12-10T12:01:19.932-0300] {processor.py:840} INFO - DAG(s) 'tutorial_taskflow_api' retrieved from /home/beatriz/Documentos/airflow/airflow_venv/lib/python3.10/site-packages/airflow/example_dags/tutorial_taskflow_api.py
[2024-12-10T12:01:19.944-0300] {logging_mixin.py:188} INFO - [2024-12-10T12:01:19.944-0300] {dag.py:3096} INFO - Sync 1 DAGs
[2024-12-10T12:01:19.953-0300] {logging_mixin.py:188} INFO - [2024-12-10T12:01:19.953-0300] {dag.py:3954} INFO - Setting next_dagrun for tutorial_taskflow_api to None, run_after=None
[2024-12-10T12:01:19.969-0300] {processor.py:183} INFO - Processing /home/beatriz/Documentos/airflow/airflow_venv/lib/python3.10/site-packages/airflow/example_dags/tutorial_taskflow_api.py took 0.050 seconds
[2024-12-10T13:34:09.984-0300] {processor.py:161} INFO - Started process (PID=40154) to work on /home/beatriz/Documentos/airflow/airflow_venv/lib/python3.10/site-packages/airflow/example_dags/tutorial_taskflow_api.py
[2024-12-10T13:34:09.985-0300] {processor.py:830} INFO - Processing file /home/beatriz/Documentos/airflow/airflow_venv/lib/python3.10/site-packages/airflow/example_dags/tutorial_taskflow_api.py for tasks to queue
[2024-12-10T13:34:09.987-0300] {logging_mixin.py:188} INFO - [2024-12-10T13:34:09.986-0300] {dagbag.py:540} INFO - Filling up the DagBag from /home/beatriz/Documentos/airflow/airflow_venv/lib/python3.10/site-packages/airflow/example_dags/tutorial_taskflow_api.py
[2024-12-10T13:34:10.004-0300] {processor.py:840} INFO - DAG(s) 'tutorial_taskflow_api' retrieved from /home/beatriz/Documentos/airflow/airflow_venv/lib/python3.10/site-packages/airflow/example_dags/tutorial_taskflow_api.py
[2024-12-10T13:34:10.020-0300] {logging_mixin.py:188} INFO - [2024-12-10T13:34:10.020-0300] {dag.py:3096} INFO - Sync 1 DAGs
[2024-12-10T13:34:10.039-0300] {logging_mixin.py:188} INFO - [2024-12-10T13:34:10.038-0300] {dag.py:3954} INFO - Setting next_dagrun for tutorial_taskflow_api to None, run_after=None
[2024-12-10T13:34:10.112-0300] {processor.py:183} INFO - Processing /home/beatriz/Documentos/airflow/airflow_venv/lib/python3.10/site-packages/airflow/example_dags/tutorial_taskflow_api.py took 0.134 seconds
[2024-12-10T13:35:26.637-0300] {processor.py:161} INFO - Started process (PID=41024) to work on /home/beatriz/Documentos/airflow/airflow_venv/lib/python3.10/site-packages/airflow/example_dags/tutorial_taskflow_api.py
[2024-12-10T13:35:26.638-0300] {processor.py:830} INFO - Processing file /home/beatriz/Documentos/airflow/airflow_venv/lib/python3.10/site-packages/airflow/example_dags/tutorial_taskflow_api.py for tasks to queue
[2024-12-10T13:35:26.640-0300] {logging_mixin.py:188} INFO - [2024-12-10T13:35:26.639-0300] {dagbag.py:540} INFO - Filling up the DagBag from /home/beatriz/Documentos/airflow/airflow_venv/lib/python3.10/site-packages/airflow/example_dags/tutorial_taskflow_api.py
[2024-12-10T13:35:26.649-0300] {processor.py:840} INFO - DAG(s) 'tutorial_taskflow_api' retrieved from /home/beatriz/Documentos/airflow/airflow_venv/lib/python3.10/site-packages/airflow/example_dags/tutorial_taskflow_api.py
[2024-12-10T13:35:26.842-0300] {logging_mixin.py:188} INFO - [2024-12-10T13:35:26.842-0300] {dag.py:3096} INFO - Sync 1 DAGs
[2024-12-10T13:35:26.850-0300] {logging_mixin.py:188} INFO - [2024-12-10T13:35:26.850-0300] {dag.py:3954} INFO - Setting next_dagrun for tutorial_taskflow_api to None, run_after=None
[2024-12-10T13:35:26.869-0300] {processor.py:183} INFO - Processing /home/beatriz/Documentos/airflow/airflow_venv/lib/python3.10/site-packages/airflow/example_dags/tutorial_taskflow_api.py took 0.239 seconds
[2024-12-10T13:36:45.334-0300] {processor.py:161} INFO - Started process (PID=42112) to work on /home/beatriz/Documentos/airflow/airflow_venv/lib/python3.10/site-packages/airflow/example_dags/tutorial_taskflow_api.py
[2024-12-10T13:36:45.336-0300] {processor.py:830} INFO - Processing file /home/beatriz/Documentos/airflow/airflow_venv/lib/python3.10/site-packages/airflow/example_dags/tutorial_taskflow_api.py for tasks to queue
[2024-12-10T13:36:45.340-0300] {logging_mixin.py:188} INFO - [2024-12-10T13:36:45.339-0300] {dagbag.py:540} INFO - Filling up the DagBag from /home/beatriz/Documentos/airflow/airflow_venv/lib/python3.10/site-packages/airflow/example_dags/tutorial_taskflow_api.py
[2024-12-10T13:36:45.351-0300] {processor.py:840} INFO - DAG(s) 'tutorial_taskflow_api' retrieved from /home/beatriz/Documentos/airflow/airflow_venv/lib/python3.10/site-packages/airflow/example_dags/tutorial_taskflow_api.py
[2024-12-10T13:36:45.375-0300] {logging_mixin.py:188} INFO - [2024-12-10T13:36:45.375-0300] {dag.py:3096} INFO - Sync 1 DAGs
[2024-12-10T13:36:45.385-0300] {logging_mixin.py:188} INFO - [2024-12-10T13:36:45.384-0300] {dag.py:3954} INFO - Setting next_dagrun for tutorial_taskflow_api to None, run_after=None
[2024-12-10T13:36:45.404-0300] {processor.py:183} INFO - Processing /home/beatriz/Documentos/airflow/airflow_venv/lib/python3.10/site-packages/airflow/example_dags/tutorial_taskflow_api.py took 0.082 seconds
[2024-12-10T13:37:54.628-0300] {processor.py:161} INFO - Started process (PID=42751) to work on /home/beatriz/Documentos/airflow/airflow_venv/lib/python3.10/site-packages/airflow/example_dags/tutorial_taskflow_api.py
[2024-12-10T13:37:54.630-0300] {processor.py:830} INFO - Processing file /home/beatriz/Documentos/airflow/airflow_venv/lib/python3.10/site-packages/airflow/example_dags/tutorial_taskflow_api.py for tasks to queue
[2024-12-10T13:37:54.633-0300] {logging_mixin.py:188} INFO - [2024-12-10T13:37:54.632-0300] {dagbag.py:540} INFO - Filling up the DagBag from /home/beatriz/Documentos/airflow/airflow_venv/lib/python3.10/site-packages/airflow/example_dags/tutorial_taskflow_api.py
[2024-12-10T13:37:54.644-0300] {processor.py:840} INFO - DAG(s) 'tutorial_taskflow_api' retrieved from /home/beatriz/Documentos/airflow/airflow_venv/lib/python3.10/site-packages/airflow/example_dags/tutorial_taskflow_api.py
[2024-12-10T13:37:54.668-0300] {logging_mixin.py:188} INFO - [2024-12-10T13:37:54.668-0300] {dag.py:3096} INFO - Sync 1 DAGs
[2024-12-10T13:37:54.752-0300] {logging_mixin.py:188} INFO - [2024-12-10T13:37:54.752-0300] {dag.py:3954} INFO - Setting next_dagrun for tutorial_taskflow_api to None, run_after=None
[2024-12-10T13:37:54.772-0300] {processor.py:183} INFO - Processing /home/beatriz/Documentos/airflow/airflow_venv/lib/python3.10/site-packages/airflow/example_dags/tutorial_taskflow_api.py took 0.157 seconds
[2024-12-10T13:38:48.343-0300] {processor.py:161} INFO - Started process (PID=43113) to work on /home/beatriz/Documentos/airflow/airflow_venv/lib/python3.10/site-packages/airflow/example_dags/tutorial_taskflow_api.py
[2024-12-10T13:38:48.375-0300] {processor.py:830} INFO - Processing file /home/beatriz/Documentos/airflow/airflow_venv/lib/python3.10/site-packages/airflow/example_dags/tutorial_taskflow_api.py for tasks to queue
[2024-12-10T13:38:48.376-0300] {logging_mixin.py:188} INFO - [2024-12-10T13:38:48.376-0300] {dagbag.py:540} INFO - Filling up the DagBag from /home/beatriz/Documentos/airflow/airflow_venv/lib/python3.10/site-packages/airflow/example_dags/tutorial_taskflow_api.py
[2024-12-10T13:38:48.403-0300] {processor.py:840} INFO - DAG(s) 'tutorial_taskflow_api' retrieved from /home/beatriz/Documentos/airflow/airflow_venv/lib/python3.10/site-packages/airflow/example_dags/tutorial_taskflow_api.py
[2024-12-10T13:38:48.522-0300] {logging_mixin.py:188} INFO - [2024-12-10T13:38:48.522-0300] {dag.py:3096} INFO - Sync 1 DAGs
[2024-12-10T13:38:48.565-0300] {logging_mixin.py:188} INFO - [2024-12-10T13:38:48.565-0300] {dag.py:3954} INFO - Setting next_dagrun for tutorial_taskflow_api to None, run_after=None
[2024-12-10T13:38:48.699-0300] {processor.py:183} INFO - Processing /home/beatriz/Documentos/airflow/airflow_venv/lib/python3.10/site-packages/airflow/example_dags/tutorial_taskflow_api.py took 0.363 seconds
[2024-12-10T13:45:09.641-0300] {processor.py:161} INFO - Started process (PID=45481) to work on /home/beatriz/Documentos/airflow/airflow_venv/lib/python3.10/site-packages/airflow/example_dags/tutorial_taskflow_api.py
[2024-12-10T13:45:09.644-0300] {processor.py:830} INFO - Processing file /home/beatriz/Documentos/airflow/airflow_venv/lib/python3.10/site-packages/airflow/example_dags/tutorial_taskflow_api.py for tasks to queue
[2024-12-10T13:45:09.702-0300] {logging_mixin.py:188} INFO - [2024-12-10T13:45:09.646-0300] {dagbag.py:540} INFO - Filling up the DagBag from /home/beatriz/Documentos/airflow/airflow_venv/lib/python3.10/site-packages/airflow/example_dags/tutorial_taskflow_api.py
[2024-12-10T13:45:09.795-0300] {processor.py:840} INFO - DAG(s) 'tutorial_taskflow_api' retrieved from /home/beatriz/Documentos/airflow/airflow_venv/lib/python3.10/site-packages/airflow/example_dags/tutorial_taskflow_api.py
[2024-12-10T13:45:10.040-0300] {logging_mixin.py:188} INFO - [2024-12-10T13:45:10.040-0300] {dag.py:3096} INFO - Sync 1 DAGs
[2024-12-10T13:45:10.049-0300] {logging_mixin.py:188} INFO - [2024-12-10T13:45:10.049-0300] {dag.py:3954} INFO - Setting next_dagrun for tutorial_taskflow_api to None, run_after=None
[2024-12-10T13:45:10.069-0300] {processor.py:183} INFO - Processing /home/beatriz/Documentos/airflow/airflow_venv/lib/python3.10/site-packages/airflow/example_dags/tutorial_taskflow_api.py took 0.441 seconds
