[2024-10-23T09:45:27.807-0300] {processor.py:161} INFO - Started process (PID=8145) to work on /home/beatriz/Documentos/airflow/dags/dag2.py
[2024-10-23T09:45:27.808-0300] {processor.py:830} INFO - Processing file /home/beatriz/Documentos/airflow/dags/dag2.py for tasks to queue
[2024-10-23T09:45:27.809-0300] {logging_mixin.py:188} INFO - [2024-10-23T09:45:27.809-0300] {dagbag.py:540} INFO - Filling up the DagBag from /home/beatriz/Documentos/airflow/dags/dag2.py
[2024-10-23T09:45:31.238-0300] {processor.py:840} INFO - DAG(s) 'medallion_architecture' retrieved from /home/beatriz/Documentos/airflow/dags/dag2.py
[2024-10-23T09:45:31.242-0300] {logging_mixin.py:188} INFO - [2024-10-23T09:45:31.242-0300] {dag.py:3096} INFO - Sync 1 DAGs
[2024-10-23T09:45:31.256-0300] {logging_mixin.py:188} INFO - [2024-10-23T09:45:31.256-0300] {dag.py:3954} INFO - Setting next_dagrun for medallion_architecture to 2024-10-22 00:00:00+00:00, run_after=2024-10-23 00:00:00+00:00
[2024-10-23T09:45:31.274-0300] {processor.py:183} INFO - Processing /home/beatriz/Documentos/airflow/dags/dag2.py took 3.473 seconds
[2024-10-23T10:46:24.213-0300] {processor.py:161} INFO - Started process (PID=15978) to work on /home/beatriz/Documentos/airflow/dags/dag2.py
[2024-10-23T10:46:24.214-0300] {processor.py:830} INFO - Processing file /home/beatriz/Documentos/airflow/dags/dag2.py for tasks to queue
[2024-10-23T10:46:24.215-0300] {logging_mixin.py:188} INFO - [2024-10-23T10:46:24.215-0300] {dagbag.py:540} INFO - Filling up the DagBag from /home/beatriz/Documentos/airflow/dags/dag2.py
[2024-10-23T10:46:27.910-0300] {processor.py:840} INFO - DAG(s) 'medallion_architecture' retrieved from /home/beatriz/Documentos/airflow/dags/dag2.py
[2024-10-23T10:46:27.915-0300] {logging_mixin.py:188} INFO - [2024-10-23T10:46:27.915-0300] {dag.py:3096} INFO - Sync 1 DAGs
[2024-10-23T10:46:27.930-0300] {logging_mixin.py:188} INFO - [2024-10-23T10:46:27.930-0300] {dag.py:3954} INFO - Setting next_dagrun for medallion_architecture to 2024-10-23 00:00:00+00:00, run_after=2024-10-24 00:00:00+00:00
[2024-10-23T10:46:27.949-0300] {processor.py:183} INFO - Processing /home/beatriz/Documentos/airflow/dags/dag2.py took 3.740 seconds
[2024-10-23T10:47:21.080-0300] {processor.py:161} INFO - Started process (PID=16677) to work on /home/beatriz/Documentos/airflow/dags/dag2.py
[2024-10-23T10:47:21.083-0300] {processor.py:830} INFO - Processing file /home/beatriz/Documentos/airflow/dags/dag2.py for tasks to queue
[2024-10-23T10:47:21.085-0300] {logging_mixin.py:188} INFO - [2024-10-23T10:47:21.084-0300] {dagbag.py:540} INFO - Filling up the DagBag from /home/beatriz/Documentos/airflow/dags/dag2.py
[2024-10-23T10:47:24.795-0300] {processor.py:840} INFO - DAG(s) 'medallion_architecture' retrieved from /home/beatriz/Documentos/airflow/dags/dag2.py
[2024-10-23T10:47:24.858-0300] {logging_mixin.py:188} INFO - [2024-10-23T10:47:24.858-0300] {dag.py:3096} INFO - Sync 1 DAGs
[2024-10-23T10:47:24.871-0300] {logging_mixin.py:188} INFO - [2024-10-23T10:47:24.870-0300] {dag.py:3954} INFO - Setting next_dagrun for medallion_architecture to 2024-10-23 00:00:00+00:00, run_after=2024-10-24 00:00:00+00:00
[2024-10-23T10:47:24.888-0300] {processor.py:183} INFO - Processing /home/beatriz/Documentos/airflow/dags/dag2.py took 3.813 seconds
