[2024-10-15T14:50:41.758-0300] {processor.py:153} INFO - Started process (PID=34196) to work on /home/beatriz/Documentos/airflow/dags/dag1.py
[2024-10-15T14:50:41.759-0300] {processor.py:743} INFO - Processing file /home/beatriz/Documentos/airflow/dags/dag1.py for tasks to queue
[2024-10-15T14:50:41.760-0300] {logging_mixin.py:137} INFO - [2024-10-15T14:50:41.760-0300] {dagbag.py:532} INFO - Filling up the DagBag from /home/beatriz/Documentos/airflow/dags/dag1.py
[2024-10-15T14:50:41.777-0300] {processor.py:753} INFO - DAG(s) dict_keys(['meu_primeiro_dag']) retrieved from /home/beatriz/Documentos/airflow/dags/dag1.py
[2024-10-15T14:50:41.781-0300] {logging_mixin.py:137} INFO - [2024-10-15T14:50:41.781-0300] {dag.py:2705} INFO - Sync 1 DAGs
[2024-10-15T14:50:41.801-0300] {logging_mixin.py:137} INFO - [2024-10-15T14:50:41.801-0300] {dag.py:3452} INFO - Setting next_dagrun for meu_primeiro_dag to 2024-10-14T00:00:00+00:00, run_after=2024-10-15T00:00:00+00:00
[2024-10-15T14:50:41.818-0300] {processor.py:175} INFO - Processing /home/beatriz/Documentos/airflow/dags/dag1.py took 0.062 seconds
[2024-10-15T14:51:25.263-0300] {processor.py:153} INFO - Started process (PID=34612) to work on /home/beatriz/Documentos/airflow/dags/dag1.py
[2024-10-15T14:51:25.266-0300] {processor.py:743} INFO - Processing file /home/beatriz/Documentos/airflow/dags/dag1.py for tasks to queue
[2024-10-15T14:51:25.268-0300] {logging_mixin.py:137} INFO - [2024-10-15T14:51:25.268-0300] {dagbag.py:532} INFO - Filling up the DagBag from /home/beatriz/Documentos/airflow/dags/dag1.py
[2024-10-15T14:51:25.298-0300] {processor.py:753} INFO - DAG(s) dict_keys(['meu_primeiro_dag']) retrieved from /home/beatriz/Documentos/airflow/dags/dag1.py
[2024-10-15T14:51:25.316-0300] {logging_mixin.py:137} INFO - [2024-10-15T14:51:25.316-0300] {dag.py:2705} INFO - Sync 1 DAGs
[2024-10-15T14:51:25.332-0300] {logging_mixin.py:137} INFO - [2024-10-15T14:51:25.332-0300] {dag.py:3452} INFO - Setting next_dagrun for meu_primeiro_dag to 2024-10-14T00:00:00+00:00, run_after=2024-10-15T00:00:00+00:00
[2024-10-15T14:51:25.349-0300] {processor.py:175} INFO - Processing /home/beatriz/Documentos/airflow/dags/dag1.py took 0.092 seconds
[2024-10-15T14:52:08.969-0300] {processor.py:153} INFO - Started process (PID=34690) to work on /home/beatriz/Documentos/airflow/dags/dag1.py
[2024-10-15T14:52:08.972-0300] {processor.py:743} INFO - Processing file /home/beatriz/Documentos/airflow/dags/dag1.py for tasks to queue
[2024-10-15T14:52:08.972-0300] {logging_mixin.py:137} INFO - [2024-10-15T14:52:08.972-0300] {dagbag.py:532} INFO - Filling up the DagBag from /home/beatriz/Documentos/airflow/dags/dag1.py
[2024-10-15T14:52:08.989-0300] {processor.py:753} INFO - DAG(s) dict_keys(['meu_primeiro_dag']) retrieved from /home/beatriz/Documentos/airflow/dags/dag1.py
[2024-10-15T14:52:09.004-0300] {logging_mixin.py:137} INFO - [2024-10-15T14:52:09.004-0300] {dag.py:2705} INFO - Sync 1 DAGs
[2024-10-15T14:52:09.020-0300] {logging_mixin.py:137} INFO - [2024-10-15T14:52:09.020-0300] {dag.py:3452} INFO - Setting next_dagrun for meu_primeiro_dag to 2024-10-14T00:00:00+00:00, run_after=2024-10-15T00:00:00+00:00
[2024-10-15T14:52:09.037-0300] {processor.py:175} INFO - Processing /home/beatriz/Documentos/airflow/dags/dag1.py took 0.070 seconds
[2024-10-15T14:52:43.024-0300] {processor.py:153} INFO - Started process (PID=34979) to work on /home/beatriz/Documentos/airflow/dags/dag1.py
[2024-10-15T14:52:43.026-0300] {processor.py:743} INFO - Processing file /home/beatriz/Documentos/airflow/dags/dag1.py for tasks to queue
[2024-10-15T14:52:43.027-0300] {logging_mixin.py:137} INFO - [2024-10-15T14:52:43.027-0300] {dagbag.py:532} INFO - Filling up the DagBag from /home/beatriz/Documentos/airflow/dags/dag1.py
[2024-10-15T14:52:43.043-0300] {processor.py:753} INFO - DAG(s) dict_keys(['meu_primeiro_dag']) retrieved from /home/beatriz/Documentos/airflow/dags/dag1.py
[2024-10-15T14:52:43.058-0300] {logging_mixin.py:137} INFO - [2024-10-15T14:52:43.058-0300] {dag.py:2705} INFO - Sync 1 DAGs
[2024-10-15T14:52:43.079-0300] {logging_mixin.py:137} INFO - [2024-10-15T14:52:43.079-0300] {dag.py:3452} INFO - Setting next_dagrun for meu_primeiro_dag to 2024-10-15T00:00:00+00:00, run_after=2024-10-16T00:00:00+00:00
[2024-10-15T14:52:43.098-0300] {processor.py:175} INFO - Processing /home/beatriz/Documentos/airflow/dags/dag1.py took 0.078 seconds
[2024-10-15T14:53:19.654-0300] {processor.py:153} INFO - Started process (PID=35164) to work on /home/beatriz/Documentos/airflow/dags/dag1.py
[2024-10-15T14:53:19.655-0300] {processor.py:743} INFO - Processing file /home/beatriz/Documentos/airflow/dags/dag1.py for tasks to queue
[2024-10-15T14:53:19.655-0300] {logging_mixin.py:137} INFO - [2024-10-15T14:53:19.655-0300] {dagbag.py:532} INFO - Filling up the DagBag from /home/beatriz/Documentos/airflow/dags/dag1.py
[2024-10-15T14:53:19.673-0300] {processor.py:753} INFO - DAG(s) dict_keys(['meu_primeiro_dag']) retrieved from /home/beatriz/Documentos/airflow/dags/dag1.py
[2024-10-15T14:53:19.689-0300] {logging_mixin.py:137} INFO - [2024-10-15T14:53:19.689-0300] {dag.py:2705} INFO - Sync 1 DAGs
[2024-10-15T14:53:19.709-0300] {logging_mixin.py:137} INFO - [2024-10-15T14:53:19.709-0300] {dag.py:3452} INFO - Setting next_dagrun for meu_primeiro_dag to 2024-10-15T00:00:00+00:00, run_after=2024-10-16T00:00:00+00:00
[2024-10-15T14:53:19.733-0300] {processor.py:175} INFO - Processing /home/beatriz/Documentos/airflow/dags/dag1.py took 0.082 seconds
[2024-10-15T14:53:53.481-0300] {processor.py:153} INFO - Started process (PID=35321) to work on /home/beatriz/Documentos/airflow/dags/dag1.py
[2024-10-15T14:53:53.483-0300] {processor.py:743} INFO - Processing file /home/beatriz/Documentos/airflow/dags/dag1.py for tasks to queue
[2024-10-15T14:53:53.484-0300] {logging_mixin.py:137} INFO - [2024-10-15T14:53:53.483-0300] {dagbag.py:532} INFO - Filling up the DagBag from /home/beatriz/Documentos/airflow/dags/dag1.py
[2024-10-15T14:53:53.507-0300] {processor.py:753} INFO - DAG(s) dict_keys(['meu_primeiro_dag']) retrieved from /home/beatriz/Documentos/airflow/dags/dag1.py
[2024-10-15T14:53:53.524-0300] {logging_mixin.py:137} INFO - [2024-10-15T14:53:53.524-0300] {dag.py:2705} INFO - Sync 1 DAGs
[2024-10-15T14:53:53.543-0300] {logging_mixin.py:137} INFO - [2024-10-15T14:53:53.543-0300] {dag.py:3452} INFO - Setting next_dagrun for meu_primeiro_dag to 2024-10-15T00:00:00+00:00, run_after=2024-10-16T00:00:00+00:00
[2024-10-15T14:53:53.654-0300] {processor.py:175} INFO - Processing /home/beatriz/Documentos/airflow/dags/dag1.py took 0.177 seconds
[2024-10-15T14:54:33.905-0300] {processor.py:153} INFO - Started process (PID=35498) to work on /home/beatriz/Documentos/airflow/dags/dag1.py
[2024-10-15T14:54:33.907-0300] {processor.py:743} INFO - Processing file /home/beatriz/Documentos/airflow/dags/dag1.py for tasks to queue
[2024-10-15T14:54:33.908-0300] {logging_mixin.py:137} INFO - [2024-10-15T14:54:33.908-0300] {dagbag.py:532} INFO - Filling up the DagBag from /home/beatriz/Documentos/airflow/dags/dag1.py
[2024-10-15T14:54:33.935-0300] {processor.py:753} INFO - DAG(s) dict_keys(['meu_primeiro_dag']) retrieved from /home/beatriz/Documentos/airflow/dags/dag1.py
[2024-10-15T14:54:33.951-0300] {logging_mixin.py:137} INFO - [2024-10-15T14:54:33.951-0300] {dag.py:2705} INFO - Sync 1 DAGs
[2024-10-15T14:54:34.051-0300] {logging_mixin.py:137} INFO - [2024-10-15T14:54:34.051-0300] {dag.py:3452} INFO - Setting next_dagrun for meu_primeiro_dag to 2024-10-15T00:00:00+00:00, run_after=2024-10-16T00:00:00+00:00
[2024-10-15T14:54:34.076-0300] {processor.py:175} INFO - Processing /home/beatriz/Documentos/airflow/dags/dag1.py took 0.176 seconds
[2024-10-15T14:55:09.329-0300] {processor.py:153} INFO - Started process (PID=35564) to work on /home/beatriz/Documentos/airflow/dags/dag1.py
[2024-10-15T14:55:09.332-0300] {processor.py:743} INFO - Processing file /home/beatriz/Documentos/airflow/dags/dag1.py for tasks to queue
[2024-10-15T14:55:09.336-0300] {logging_mixin.py:137} INFO - [2024-10-15T14:55:09.335-0300] {dagbag.py:532} INFO - Filling up the DagBag from /home/beatriz/Documentos/airflow/dags/dag1.py
[2024-10-15T14:55:09.359-0300] {processor.py:753} INFO - DAG(s) dict_keys(['meu_primeiro_dag']) retrieved from /home/beatriz/Documentos/airflow/dags/dag1.py
[2024-10-15T14:55:09.376-0300] {logging_mixin.py:137} INFO - [2024-10-15T14:55:09.376-0300] {dag.py:2705} INFO - Sync 1 DAGs
[2024-10-15T14:55:09.488-0300] {logging_mixin.py:137} INFO - [2024-10-15T14:55:09.488-0300] {dag.py:3452} INFO - Setting next_dagrun for meu_primeiro_dag to 2024-10-15T00:00:00+00:00, run_after=2024-10-16T00:00:00+00:00
[2024-10-15T14:55:09.510-0300] {processor.py:175} INFO - Processing /home/beatriz/Documentos/airflow/dags/dag1.py took 0.187 seconds
[2024-10-15T14:55:44.708-0300] {processor.py:153} INFO - Started process (PID=35674) to work on /home/beatriz/Documentos/airflow/dags/dag1.py
[2024-10-15T14:55:44.711-0300] {processor.py:743} INFO - Processing file /home/beatriz/Documentos/airflow/dags/dag1.py for tasks to queue
[2024-10-15T14:55:44.713-0300] {logging_mixin.py:137} INFO - [2024-10-15T14:55:44.712-0300] {dagbag.py:532} INFO - Filling up the DagBag from /home/beatriz/Documentos/airflow/dags/dag1.py
[2024-10-15T14:55:44.740-0300] {processor.py:753} INFO - DAG(s) dict_keys(['meu_primeiro_dag']) retrieved from /home/beatriz/Documentos/airflow/dags/dag1.py
[2024-10-15T14:55:44.847-0300] {logging_mixin.py:137} INFO - [2024-10-15T14:55:44.847-0300] {dag.py:2705} INFO - Sync 1 DAGs
[2024-10-15T14:55:44.868-0300] {logging_mixin.py:137} INFO - [2024-10-15T14:55:44.868-0300] {dag.py:3452} INFO - Setting next_dagrun for meu_primeiro_dag to 2024-10-15T00:00:00+00:00, run_after=2024-10-16T00:00:00+00:00
[2024-10-15T14:55:44.887-0300] {processor.py:175} INFO - Processing /home/beatriz/Documentos/airflow/dags/dag1.py took 0.184 seconds
[2024-10-15T14:56:19.616-0300] {processor.py:153} INFO - Started process (PID=35736) to work on /home/beatriz/Documentos/airflow/dags/dag1.py
[2024-10-15T14:56:19.618-0300] {processor.py:743} INFO - Processing file /home/beatriz/Documentos/airflow/dags/dag1.py for tasks to queue
[2024-10-15T14:56:19.619-0300] {logging_mixin.py:137} INFO - [2024-10-15T14:56:19.619-0300] {dagbag.py:532} INFO - Filling up the DagBag from /home/beatriz/Documentos/airflow/dags/dag1.py
[2024-10-15T14:56:19.634-0300] {processor.py:753} INFO - DAG(s) dict_keys(['meu_primeiro_dag']) retrieved from /home/beatriz/Documentos/airflow/dags/dag1.py
[2024-10-15T14:56:19.742-0300] {logging_mixin.py:137} INFO - [2024-10-15T14:56:19.742-0300] {dag.py:2705} INFO - Sync 1 DAGs
[2024-10-15T14:56:19.762-0300] {logging_mixin.py:137} INFO - [2024-10-15T14:56:19.761-0300] {dag.py:3452} INFO - Setting next_dagrun for meu_primeiro_dag to 2024-10-15T00:00:00+00:00, run_after=2024-10-16T00:00:00+00:00
[2024-10-15T14:56:19.784-0300] {processor.py:175} INFO - Processing /home/beatriz/Documentos/airflow/dags/dag1.py took 0.170 seconds
[2024-10-15T14:56:51.584-0300] {processor.py:153} INFO - Started process (PID=35812) to work on /home/beatriz/Documentos/airflow/dags/dag1.py
[2024-10-15T14:56:51.586-0300] {processor.py:743} INFO - Processing file /home/beatriz/Documentos/airflow/dags/dag1.py for tasks to queue
[2024-10-15T14:56:51.587-0300] {logging_mixin.py:137} INFO - [2024-10-15T14:56:51.587-0300] {dagbag.py:532} INFO - Filling up the DagBag from /home/beatriz/Documentos/airflow/dags/dag1.py
[2024-10-15T14:56:51.678-0300] {processor.py:753} INFO - DAG(s) dict_keys(['meu_primeiro_dag']) retrieved from /home/beatriz/Documentos/airflow/dags/dag1.py
[2024-10-15T14:56:51.693-0300] {logging_mixin.py:137} INFO - [2024-10-15T14:56:51.693-0300] {dag.py:2705} INFO - Sync 1 DAGs
[2024-10-15T14:56:51.709-0300] {logging_mixin.py:137} INFO - [2024-10-15T14:56:51.708-0300] {dag.py:3452} INFO - Setting next_dagrun for meu_primeiro_dag to 2024-10-15T00:00:00+00:00, run_after=2024-10-16T00:00:00+00:00
[2024-10-15T14:56:51.726-0300] {processor.py:175} INFO - Processing /home/beatriz/Documentos/airflow/dags/dag1.py took 0.144 seconds
[2024-10-15T14:57:23.691-0300] {processor.py:153} INFO - Started process (PID=35871) to work on /home/beatriz/Documentos/airflow/dags/dag1.py
[2024-10-15T14:57:23.693-0300] {processor.py:743} INFO - Processing file /home/beatriz/Documentos/airflow/dags/dag1.py for tasks to queue
[2024-10-15T14:57:23.693-0300] {logging_mixin.py:137} INFO - [2024-10-15T14:57:23.693-0300] {dagbag.py:532} INFO - Filling up the DagBag from /home/beatriz/Documentos/airflow/dags/dag1.py
[2024-10-15T14:57:23.784-0300] {processor.py:753} INFO - DAG(s) dict_keys(['meu_primeiro_dag']) retrieved from /home/beatriz/Documentos/airflow/dags/dag1.py
[2024-10-15T14:57:23.797-0300] {logging_mixin.py:137} INFO - [2024-10-15T14:57:23.797-0300] {dag.py:2705} INFO - Sync 1 DAGs
[2024-10-15T14:57:23.813-0300] {logging_mixin.py:137} INFO - [2024-10-15T14:57:23.813-0300] {dag.py:3452} INFO - Setting next_dagrun for meu_primeiro_dag to 2024-10-15T00:00:00+00:00, run_after=2024-10-16T00:00:00+00:00
[2024-10-15T14:57:23.832-0300] {processor.py:175} INFO - Processing /home/beatriz/Documentos/airflow/dags/dag1.py took 0.144 seconds
[2024-10-15T14:57:55.562-0300] {processor.py:153} INFO - Started process (PID=36026) to work on /home/beatriz/Documentos/airflow/dags/dag1.py
[2024-10-15T14:57:55.564-0300] {processor.py:743} INFO - Processing file /home/beatriz/Documentos/airflow/dags/dag1.py for tasks to queue
[2024-10-15T14:57:55.564-0300] {logging_mixin.py:137} INFO - [2024-10-15T14:57:55.564-0300] {dagbag.py:532} INFO - Filling up the DagBag from /home/beatriz/Documentos/airflow/dags/dag1.py
[2024-10-15T14:57:55.578-0300] {processor.py:753} INFO - DAG(s) dict_keys(['meu_primeiro_dag']) retrieved from /home/beatriz/Documentos/airflow/dags/dag1.py
[2024-10-15T14:57:55.592-0300] {logging_mixin.py:137} INFO - [2024-10-15T14:57:55.592-0300] {dag.py:2705} INFO - Sync 1 DAGs
[2024-10-15T14:57:55.609-0300] {logging_mixin.py:137} INFO - [2024-10-15T14:57:55.609-0300] {dag.py:3452} INFO - Setting next_dagrun for meu_primeiro_dag to 2024-10-15T00:00:00+00:00, run_after=2024-10-16T00:00:00+00:00
[2024-10-15T14:57:55.627-0300] {processor.py:175} INFO - Processing /home/beatriz/Documentos/airflow/dags/dag1.py took 0.067 seconds
[2024-10-15T14:58:34.798-0300] {processor.py:153} INFO - Started process (PID=36242) to work on /home/beatriz/Documentos/airflow/dags/dag1.py
[2024-10-15T14:58:34.800-0300] {processor.py:743} INFO - Processing file /home/beatriz/Documentos/airflow/dags/dag1.py for tasks to queue
[2024-10-15T14:58:34.801-0300] {logging_mixin.py:137} INFO - [2024-10-15T14:58:34.801-0300] {dagbag.py:532} INFO - Filling up the DagBag from /home/beatriz/Documentos/airflow/dags/dag1.py
[2024-10-15T14:58:34.817-0300] {processor.py:753} INFO - DAG(s) dict_keys(['meu_primeiro_dag']) retrieved from /home/beatriz/Documentos/airflow/dags/dag1.py
[2024-10-15T14:58:34.830-0300] {logging_mixin.py:137} INFO - [2024-10-15T14:58:34.830-0300] {dag.py:2705} INFO - Sync 1 DAGs
[2024-10-15T14:58:34.847-0300] {logging_mixin.py:137} INFO - [2024-10-15T14:58:34.847-0300] {dag.py:3452} INFO - Setting next_dagrun for meu_primeiro_dag to 2024-10-15T00:00:00+00:00, run_after=2024-10-16T00:00:00+00:00
[2024-10-15T14:58:34.863-0300] {processor.py:175} INFO - Processing /home/beatriz/Documentos/airflow/dags/dag1.py took 0.067 seconds
[2024-10-15T14:59:17.951-0300] {processor.py:153} INFO - Started process (PID=36444) to work on /home/beatriz/Documentos/airflow/dags/dag1.py
[2024-10-15T14:59:17.953-0300] {processor.py:743} INFO - Processing file /home/beatriz/Documentos/airflow/dags/dag1.py for tasks to queue
[2024-10-15T14:59:17.954-0300] {logging_mixin.py:137} INFO - [2024-10-15T14:59:17.954-0300] {dagbag.py:532} INFO - Filling up the DagBag from /home/beatriz/Documentos/airflow/dags/dag1.py
[2024-10-15T14:59:17.976-0300] {processor.py:753} INFO - DAG(s) dict_keys(['meu_primeiro_dag']) retrieved from /home/beatriz/Documentos/airflow/dags/dag1.py
[2024-10-15T14:59:17.993-0300] {logging_mixin.py:137} INFO - [2024-10-15T14:59:17.993-0300] {dag.py:2705} INFO - Sync 1 DAGs
[2024-10-15T14:59:18.011-0300] {logging_mixin.py:137} INFO - [2024-10-15T14:59:18.011-0300] {dag.py:3452} INFO - Setting next_dagrun for meu_primeiro_dag to 2024-10-15T00:00:00+00:00, run_after=2024-10-16T00:00:00+00:00
[2024-10-15T14:59:18.028-0300] {processor.py:175} INFO - Processing /home/beatriz/Documentos/airflow/dags/dag1.py took 0.082 seconds
[2024-10-15T14:59:59.601-0300] {processor.py:153} INFO - Started process (PID=36575) to work on /home/beatriz/Documentos/airflow/dags/dag1.py
[2024-10-15T14:59:59.604-0300] {processor.py:743} INFO - Processing file /home/beatriz/Documentos/airflow/dags/dag1.py for tasks to queue
[2024-10-15T14:59:59.606-0300] {logging_mixin.py:137} INFO - [2024-10-15T14:59:59.605-0300] {dagbag.py:532} INFO - Filling up the DagBag from /home/beatriz/Documentos/airflow/dags/dag1.py
[2024-10-15T14:59:59.628-0300] {processor.py:753} INFO - DAG(s) dict_keys(['meu_primeiro_dag']) retrieved from /home/beatriz/Documentos/airflow/dags/dag1.py
[2024-10-15T14:59:59.645-0300] {logging_mixin.py:137} INFO - [2024-10-15T14:59:59.645-0300] {dag.py:2705} INFO - Sync 1 DAGs
[2024-10-15T14:59:59.665-0300] {logging_mixin.py:137} INFO - [2024-10-15T14:59:59.665-0300] {dag.py:3452} INFO - Setting next_dagrun for meu_primeiro_dag to 2024-10-15T00:00:00+00:00, run_after=2024-10-16T00:00:00+00:00
[2024-10-15T14:59:59.693-0300] {processor.py:175} INFO - Processing /home/beatriz/Documentos/airflow/dags/dag1.py took 0.100 seconds
[2024-10-15T15:00:42.019-0300] {processor.py:153} INFO - Started process (PID=36667) to work on /home/beatriz/Documentos/airflow/dags/dag1.py
[2024-10-15T15:00:42.021-0300] {processor.py:743} INFO - Processing file /home/beatriz/Documentos/airflow/dags/dag1.py for tasks to queue
[2024-10-15T15:00:42.023-0300] {logging_mixin.py:137} INFO - [2024-10-15T15:00:42.023-0300] {dagbag.py:532} INFO - Filling up the DagBag from /home/beatriz/Documentos/airflow/dags/dag1.py
[2024-10-15T15:00:42.054-0300] {processor.py:753} INFO - DAG(s) dict_keys(['meu_primeiro_dag']) retrieved from /home/beatriz/Documentos/airflow/dags/dag1.py
[2024-10-15T15:00:42.069-0300] {logging_mixin.py:137} INFO - [2024-10-15T15:00:42.068-0300] {dag.py:2705} INFO - Sync 1 DAGs
[2024-10-15T15:00:42.084-0300] {logging_mixin.py:137} INFO - [2024-10-15T15:00:42.084-0300] {dag.py:3452} INFO - Setting next_dagrun for meu_primeiro_dag to 2024-10-15T00:00:00+00:00, run_after=2024-10-16T00:00:00+00:00
[2024-10-15T15:00:42.101-0300] {processor.py:175} INFO - Processing /home/beatriz/Documentos/airflow/dags/dag1.py took 0.089 seconds
[2024-10-15T15:01:20.360-0300] {processor.py:153} INFO - Started process (PID=36859) to work on /home/beatriz/Documentos/airflow/dags/dag1.py
[2024-10-15T15:01:20.362-0300] {processor.py:743} INFO - Processing file /home/beatriz/Documentos/airflow/dags/dag1.py for tasks to queue
[2024-10-15T15:01:20.363-0300] {logging_mixin.py:137} INFO - [2024-10-15T15:01:20.363-0300] {dagbag.py:532} INFO - Filling up the DagBag from /home/beatriz/Documentos/airflow/dags/dag1.py
[2024-10-15T15:01:20.378-0300] {processor.py:753} INFO - DAG(s) dict_keys(['meu_primeiro_dag']) retrieved from /home/beatriz/Documentos/airflow/dags/dag1.py
[2024-10-15T15:01:20.393-0300] {logging_mixin.py:137} INFO - [2024-10-15T15:01:20.393-0300] {dag.py:2705} INFO - Sync 1 DAGs
[2024-10-15T15:01:20.409-0300] {logging_mixin.py:137} INFO - [2024-10-15T15:01:20.409-0300] {dag.py:3452} INFO - Setting next_dagrun for meu_primeiro_dag to 2024-10-15T00:00:00+00:00, run_after=2024-10-16T00:00:00+00:00
[2024-10-15T15:01:20.428-0300] {processor.py:175} INFO - Processing /home/beatriz/Documentos/airflow/dags/dag1.py took 0.070 seconds
[2024-10-15T15:01:59.483-0300] {processor.py:153} INFO - Started process (PID=36991) to work on /home/beatriz/Documentos/airflow/dags/dag1.py
[2024-10-15T15:01:59.485-0300] {processor.py:743} INFO - Processing file /home/beatriz/Documentos/airflow/dags/dag1.py for tasks to queue
[2024-10-15T15:01:59.486-0300] {logging_mixin.py:137} INFO - [2024-10-15T15:01:59.486-0300] {dagbag.py:532} INFO - Filling up the DagBag from /home/beatriz/Documentos/airflow/dags/dag1.py
[2024-10-15T15:01:59.510-0300] {processor.py:753} INFO - DAG(s) dict_keys(['meu_primeiro_dag']) retrieved from /home/beatriz/Documentos/airflow/dags/dag1.py
[2024-10-15T15:01:59.526-0300] {logging_mixin.py:137} INFO - [2024-10-15T15:01:59.526-0300] {dag.py:2705} INFO - Sync 1 DAGs
[2024-10-15T15:01:59.542-0300] {logging_mixin.py:137} INFO - [2024-10-15T15:01:59.542-0300] {dag.py:3452} INFO - Setting next_dagrun for meu_primeiro_dag to 2024-10-15T00:00:00+00:00, run_after=2024-10-16T00:00:00+00:00
[2024-10-15T15:01:59.558-0300] {processor.py:175} INFO - Processing /home/beatriz/Documentos/airflow/dags/dag1.py took 0.079 seconds
[2024-10-15T15:02:38.888-0300] {processor.py:153} INFO - Started process (PID=37096) to work on /home/beatriz/Documentos/airflow/dags/dag1.py
[2024-10-15T15:02:38.892-0300] {processor.py:743} INFO - Processing file /home/beatriz/Documentos/airflow/dags/dag1.py for tasks to queue
[2024-10-15T15:02:38.893-0300] {logging_mixin.py:137} INFO - [2024-10-15T15:02:38.893-0300] {dagbag.py:532} INFO - Filling up the DagBag from /home/beatriz/Documentos/airflow/dags/dag1.py
[2024-10-15T15:02:38.924-0300] {processor.py:753} INFO - DAG(s) dict_keys(['meu_primeiro_dag']) retrieved from /home/beatriz/Documentos/airflow/dags/dag1.py
[2024-10-15T15:02:38.943-0300] {logging_mixin.py:137} INFO - [2024-10-15T15:02:38.943-0300] {dag.py:2705} INFO - Sync 1 DAGs
[2024-10-15T15:02:38.970-0300] {logging_mixin.py:137} INFO - [2024-10-15T15:02:38.970-0300] {dag.py:3452} INFO - Setting next_dagrun for meu_primeiro_dag to 2024-10-15T00:00:00+00:00, run_after=2024-10-16T00:00:00+00:00
[2024-10-15T15:02:38.993-0300] {processor.py:175} INFO - Processing /home/beatriz/Documentos/airflow/dags/dag1.py took 0.110 seconds
[2024-10-15T15:03:15.780-0300] {processor.py:153} INFO - Started process (PID=37245) to work on /home/beatriz/Documentos/airflow/dags/dag1.py
[2024-10-15T15:03:15.783-0300] {processor.py:743} INFO - Processing file /home/beatriz/Documentos/airflow/dags/dag1.py for tasks to queue
[2024-10-15T15:03:15.784-0300] {logging_mixin.py:137} INFO - [2024-10-15T15:03:15.784-0300] {dagbag.py:532} INFO - Filling up the DagBag from /home/beatriz/Documentos/airflow/dags/dag1.py
[2024-10-15T15:03:15.812-0300] {processor.py:753} INFO - DAG(s) dict_keys(['meu_primeiro_dag']) retrieved from /home/beatriz/Documentos/airflow/dags/dag1.py
[2024-10-15T15:03:15.829-0300] {logging_mixin.py:137} INFO - [2024-10-15T15:03:15.829-0300] {dag.py:2705} INFO - Sync 1 DAGs
[2024-10-15T15:03:15.846-0300] {logging_mixin.py:137} INFO - [2024-10-15T15:03:15.846-0300] {dag.py:3452} INFO - Setting next_dagrun for meu_primeiro_dag to 2024-10-15T00:00:00+00:00, run_after=2024-10-16T00:00:00+00:00
[2024-10-15T15:03:15.864-0300] {processor.py:175} INFO - Processing /home/beatriz/Documentos/airflow/dags/dag1.py took 0.089 seconds
[2024-10-15T15:03:58.187-0300] {processor.py:153} INFO - Started process (PID=37332) to work on /home/beatriz/Documentos/airflow/dags/dag1.py
[2024-10-15T15:03:58.190-0300] {processor.py:743} INFO - Processing file /home/beatriz/Documentos/airflow/dags/dag1.py for tasks to queue
[2024-10-15T15:03:58.191-0300] {logging_mixin.py:137} INFO - [2024-10-15T15:03:58.191-0300] {dagbag.py:532} INFO - Filling up the DagBag from /home/beatriz/Documentos/airflow/dags/dag1.py
[2024-10-15T15:03:58.220-0300] {processor.py:753} INFO - DAG(s) dict_keys(['meu_primeiro_dag']) retrieved from /home/beatriz/Documentos/airflow/dags/dag1.py
[2024-10-15T15:03:58.238-0300] {logging_mixin.py:137} INFO - [2024-10-15T15:03:58.238-0300] {dag.py:2705} INFO - Sync 1 DAGs
[2024-10-15T15:03:58.256-0300] {logging_mixin.py:137} INFO - [2024-10-15T15:03:58.256-0300] {dag.py:3452} INFO - Setting next_dagrun for meu_primeiro_dag to 2024-10-15T00:00:00+00:00, run_after=2024-10-16T00:00:00+00:00
[2024-10-15T15:03:58.274-0300] {processor.py:175} INFO - Processing /home/beatriz/Documentos/airflow/dags/dag1.py took 0.093 seconds
[2024-10-15T15:04:39.467-0300] {processor.py:153} INFO - Started process (PID=37819) to work on /home/beatriz/Documentos/airflow/dags/dag1.py
[2024-10-15T15:04:39.468-0300] {processor.py:743} INFO - Processing file /home/beatriz/Documentos/airflow/dags/dag1.py for tasks to queue
[2024-10-15T15:04:39.469-0300] {logging_mixin.py:137} INFO - [2024-10-15T15:04:39.469-0300] {dagbag.py:532} INFO - Filling up the DagBag from /home/beatriz/Documentos/airflow/dags/dag1.py
[2024-10-15T15:04:39.488-0300] {processor.py:753} INFO - DAG(s) dict_keys(['meu_primeiro_dag']) retrieved from /home/beatriz/Documentos/airflow/dags/dag1.py
[2024-10-15T15:04:39.503-0300] {logging_mixin.py:137} INFO - [2024-10-15T15:04:39.503-0300] {dag.py:2705} INFO - Sync 1 DAGs
[2024-10-15T15:04:39.525-0300] {logging_mixin.py:137} INFO - [2024-10-15T15:04:39.525-0300] {dag.py:3452} INFO - Setting next_dagrun for meu_primeiro_dag to 2024-10-15T00:00:00+00:00, run_after=2024-10-16T00:00:00+00:00
[2024-10-15T15:04:39.543-0300] {processor.py:175} INFO - Processing /home/beatriz/Documentos/airflow/dags/dag1.py took 0.080 seconds
[2024-10-15T15:05:21.959-0300] {processor.py:153} INFO - Started process (PID=38196) to work on /home/beatriz/Documentos/airflow/dags/dag1.py
[2024-10-15T15:05:21.961-0300] {processor.py:743} INFO - Processing file /home/beatriz/Documentos/airflow/dags/dag1.py for tasks to queue
[2024-10-15T15:05:21.963-0300] {logging_mixin.py:137} INFO - [2024-10-15T15:05:21.963-0300] {dagbag.py:532} INFO - Filling up the DagBag from /home/beatriz/Documentos/airflow/dags/dag1.py
[2024-10-15T15:05:21.987-0300] {processor.py:753} INFO - DAG(s) dict_keys(['meu_primeiro_dag']) retrieved from /home/beatriz/Documentos/airflow/dags/dag1.py
[2024-10-15T15:05:22.003-0300] {logging_mixin.py:137} INFO - [2024-10-15T15:05:22.003-0300] {dag.py:2705} INFO - Sync 1 DAGs
[2024-10-15T15:05:22.021-0300] {logging_mixin.py:137} INFO - [2024-10-15T15:05:22.021-0300] {dag.py:3452} INFO - Setting next_dagrun for meu_primeiro_dag to 2024-10-15T00:00:00+00:00, run_after=2024-10-16T00:00:00+00:00
[2024-10-15T15:05:22.040-0300] {processor.py:175} INFO - Processing /home/beatriz/Documentos/airflow/dags/dag1.py took 0.088 seconds
[2024-10-15T15:06:05.310-0300] {processor.py:153} INFO - Started process (PID=38461) to work on /home/beatriz/Documentos/airflow/dags/dag1.py
[2024-10-15T15:06:05.313-0300] {processor.py:743} INFO - Processing file /home/beatriz/Documentos/airflow/dags/dag1.py for tasks to queue
[2024-10-15T15:06:05.314-0300] {logging_mixin.py:137} INFO - [2024-10-15T15:06:05.314-0300] {dagbag.py:532} INFO - Filling up the DagBag from /home/beatriz/Documentos/airflow/dags/dag1.py
[2024-10-15T15:06:05.351-0300] {processor.py:753} INFO - DAG(s) dict_keys(['meu_primeiro_dag']) retrieved from /home/beatriz/Documentos/airflow/dags/dag1.py
[2024-10-15T15:06:05.375-0300] {logging_mixin.py:137} INFO - [2024-10-15T15:06:05.375-0300] {dag.py:2705} INFO - Sync 1 DAGs
[2024-10-15T15:06:05.394-0300] {logging_mixin.py:137} INFO - [2024-10-15T15:06:05.394-0300] {dag.py:3452} INFO - Setting next_dagrun for meu_primeiro_dag to 2024-10-15T00:00:00+00:00, run_after=2024-10-16T00:00:00+00:00
[2024-10-15T15:06:05.417-0300] {processor.py:175} INFO - Processing /home/beatriz/Documentos/airflow/dags/dag1.py took 0.112 seconds
[2024-10-15T15:06:50.370-0300] {processor.py:153} INFO - Started process (PID=38937) to work on /home/beatriz/Documentos/airflow/dags/dag1.py
[2024-10-15T15:06:50.372-0300] {processor.py:743} INFO - Processing file /home/beatriz/Documentos/airflow/dags/dag1.py for tasks to queue
[2024-10-15T15:06:50.373-0300] {logging_mixin.py:137} INFO - [2024-10-15T15:06:50.373-0300] {dagbag.py:532} INFO - Filling up the DagBag from /home/beatriz/Documentos/airflow/dags/dag1.py
[2024-10-15T15:06:50.387-0300] {processor.py:753} INFO - DAG(s) dict_keys(['meu_primeiro_dag']) retrieved from /home/beatriz/Documentos/airflow/dags/dag1.py
[2024-10-15T15:06:50.405-0300] {logging_mixin.py:137} INFO - [2024-10-15T15:06:50.405-0300] {dag.py:2705} INFO - Sync 1 DAGs
[2024-10-15T15:06:50.426-0300] {logging_mixin.py:137} INFO - [2024-10-15T15:06:50.426-0300] {dag.py:3452} INFO - Setting next_dagrun for meu_primeiro_dag to 2024-10-15T00:00:00+00:00, run_after=2024-10-16T00:00:00+00:00
[2024-10-15T15:06:50.446-0300] {processor.py:175} INFO - Processing /home/beatriz/Documentos/airflow/dags/dag1.py took 0.079 seconds
[2024-10-15T15:07:21.465-0300] {processor.py:153} INFO - Started process (PID=39237) to work on /home/beatriz/Documentos/airflow/dags/dag1.py
[2024-10-15T15:07:21.468-0300] {processor.py:743} INFO - Processing file /home/beatriz/Documentos/airflow/dags/dag1.py for tasks to queue
[2024-10-15T15:07:21.470-0300] {logging_mixin.py:137} INFO - [2024-10-15T15:07:21.469-0300] {dagbag.py:532} INFO - Filling up the DagBag from /home/beatriz/Documentos/airflow/dags/dag1.py
[2024-10-15T15:07:21.496-0300] {processor.py:753} INFO - DAG(s) dict_keys(['meu_primeiro_dag']) retrieved from /home/beatriz/Documentos/airflow/dags/dag1.py
[2024-10-15T15:07:21.513-0300] {logging_mixin.py:137} INFO - [2024-10-15T15:07:21.513-0300] {dag.py:2705} INFO - Sync 1 DAGs
[2024-10-15T15:07:21.532-0300] {logging_mixin.py:137} INFO - [2024-10-15T15:07:21.531-0300] {dag.py:3452} INFO - Setting next_dagrun for meu_primeiro_dag to 2024-10-15T00:00:00+00:00, run_after=2024-10-16T00:00:00+00:00
[2024-10-15T15:07:21.550-0300] {processor.py:175} INFO - Processing /home/beatriz/Documentos/airflow/dags/dag1.py took 0.091 seconds
[2024-10-15T15:08:05.228-0300] {processor.py:153} INFO - Started process (PID=39363) to work on /home/beatriz/Documentos/airflow/dags/dag1.py
[2024-10-15T15:08:05.230-0300] {processor.py:743} INFO - Processing file /home/beatriz/Documentos/airflow/dags/dag1.py for tasks to queue
[2024-10-15T15:08:05.231-0300] {logging_mixin.py:137} INFO - [2024-10-15T15:08:05.231-0300] {dagbag.py:532} INFO - Filling up the DagBag from /home/beatriz/Documentos/airflow/dags/dag1.py
[2024-10-15T15:08:05.247-0300] {processor.py:753} INFO - DAG(s) dict_keys(['meu_primeiro_dag']) retrieved from /home/beatriz/Documentos/airflow/dags/dag1.py
[2024-10-15T15:08:05.263-0300] {logging_mixin.py:137} INFO - [2024-10-15T15:08:05.263-0300] {dag.py:2705} INFO - Sync 1 DAGs
[2024-10-15T15:08:05.281-0300] {logging_mixin.py:137} INFO - [2024-10-15T15:08:05.281-0300] {dag.py:3452} INFO - Setting next_dagrun for meu_primeiro_dag to 2024-10-15T00:00:00+00:00, run_after=2024-10-16T00:00:00+00:00
[2024-10-15T15:08:05.299-0300] {processor.py:175} INFO - Processing /home/beatriz/Documentos/airflow/dags/dag1.py took 0.074 seconds
[2024-10-15T15:08:46.535-0300] {processor.py:153} INFO - Started process (PID=39469) to work on /home/beatriz/Documentos/airflow/dags/dag1.py
[2024-10-15T15:08:46.537-0300] {processor.py:743} INFO - Processing file /home/beatriz/Documentos/airflow/dags/dag1.py for tasks to queue
[2024-10-15T15:08:46.538-0300] {logging_mixin.py:137} INFO - [2024-10-15T15:08:46.538-0300] {dagbag.py:532} INFO - Filling up the DagBag from /home/beatriz/Documentos/airflow/dags/dag1.py
[2024-10-15T15:08:46.554-0300] {processor.py:753} INFO - DAG(s) dict_keys(['meu_primeiro_dag']) retrieved from /home/beatriz/Documentos/airflow/dags/dag1.py
[2024-10-15T15:08:46.573-0300] {logging_mixin.py:137} INFO - [2024-10-15T15:08:46.573-0300] {dag.py:2705} INFO - Sync 1 DAGs
[2024-10-15T15:08:46.594-0300] {logging_mixin.py:137} INFO - [2024-10-15T15:08:46.594-0300] {dag.py:3452} INFO - Setting next_dagrun for meu_primeiro_dag to 2024-10-15T00:00:00+00:00, run_after=2024-10-16T00:00:00+00:00
[2024-10-15T15:08:46.614-0300] {processor.py:175} INFO - Processing /home/beatriz/Documentos/airflow/dags/dag1.py took 0.082 seconds
[2024-10-15T15:09:29.660-0300] {processor.py:153} INFO - Started process (PID=39580) to work on /home/beatriz/Documentos/airflow/dags/dag1.py
[2024-10-15T15:09:29.663-0300] {processor.py:743} INFO - Processing file /home/beatriz/Documentos/airflow/dags/dag1.py for tasks to queue
[2024-10-15T15:09:29.665-0300] {logging_mixin.py:137} INFO - [2024-10-15T15:09:29.664-0300] {dagbag.py:532} INFO - Filling up the DagBag from /home/beatriz/Documentos/airflow/dags/dag1.py
[2024-10-15T15:09:29.693-0300] {processor.py:753} INFO - DAG(s) dict_keys(['meu_primeiro_dag']) retrieved from /home/beatriz/Documentos/airflow/dags/dag1.py
[2024-10-15T15:09:29.711-0300] {logging_mixin.py:137} INFO - [2024-10-15T15:09:29.710-0300] {dag.py:2705} INFO - Sync 1 DAGs
[2024-10-15T15:09:29.730-0300] {logging_mixin.py:137} INFO - [2024-10-15T15:09:29.730-0300] {dag.py:3452} INFO - Setting next_dagrun for meu_primeiro_dag to 2024-10-15T00:00:00+00:00, run_after=2024-10-16T00:00:00+00:00
[2024-10-15T15:09:29.749-0300] {processor.py:175} INFO - Processing /home/beatriz/Documentos/airflow/dags/dag1.py took 0.095 seconds
[2024-10-15T15:10:12.894-0300] {processor.py:153} INFO - Started process (PID=39669) to work on /home/beatriz/Documentos/airflow/dags/dag1.py
[2024-10-15T15:10:12.896-0300] {processor.py:743} INFO - Processing file /home/beatriz/Documentos/airflow/dags/dag1.py for tasks to queue
[2024-10-15T15:10:12.897-0300] {logging_mixin.py:137} INFO - [2024-10-15T15:10:12.897-0300] {dagbag.py:532} INFO - Filling up the DagBag from /home/beatriz/Documentos/airflow/dags/dag1.py
[2024-10-15T15:10:12.920-0300] {processor.py:753} INFO - DAG(s) dict_keys(['meu_primeiro_dag']) retrieved from /home/beatriz/Documentos/airflow/dags/dag1.py
[2024-10-15T15:10:12.935-0300] {logging_mixin.py:137} INFO - [2024-10-15T15:10:12.935-0300] {dag.py:2705} INFO - Sync 1 DAGs
[2024-10-15T15:10:12.951-0300] {logging_mixin.py:137} INFO - [2024-10-15T15:10:12.951-0300] {dag.py:3452} INFO - Setting next_dagrun for meu_primeiro_dag to 2024-10-15T00:00:00+00:00, run_after=2024-10-16T00:00:00+00:00
[2024-10-15T15:10:12.970-0300] {processor.py:175} INFO - Processing /home/beatriz/Documentos/airflow/dags/dag1.py took 0.084 seconds
[2024-10-15T15:10:43.321-0300] {processor.py:153} INFO - Started process (PID=39863) to work on /home/beatriz/Documentos/airflow/dags/dag1.py
[2024-10-15T15:10:43.322-0300] {processor.py:743} INFO - Processing file /home/beatriz/Documentos/airflow/dags/dag1.py for tasks to queue
[2024-10-15T15:10:43.324-0300] {logging_mixin.py:137} INFO - [2024-10-15T15:10:43.323-0300] {dagbag.py:532} INFO - Filling up the DagBag from /home/beatriz/Documentos/airflow/dags/dag1.py
[2024-10-15T15:10:43.352-0300] {processor.py:753} INFO - DAG(s) dict_keys(['meu_primeiro_dag']) retrieved from /home/beatriz/Documentos/airflow/dags/dag1.py
[2024-10-15T15:10:43.368-0300] {logging_mixin.py:137} INFO - [2024-10-15T15:10:43.368-0300] {dag.py:2705} INFO - Sync 1 DAGs
[2024-10-15T15:10:43.385-0300] {logging_mixin.py:137} INFO - [2024-10-15T15:10:43.384-0300] {dag.py:3452} INFO - Setting next_dagrun for meu_primeiro_dag to 2024-10-15T00:00:00+00:00, run_after=2024-10-16T00:00:00+00:00
[2024-10-15T15:10:43.402-0300] {processor.py:175} INFO - Processing /home/beatriz/Documentos/airflow/dags/dag1.py took 0.086 seconds
[2024-10-15T15:36:00.325-0300] {processor.py:161} INFO - Started process (PID=42154) to work on /home/beatriz/Documentos/airflow/dags/dag1.py
[2024-10-15T15:36:00.328-0300] {processor.py:830} INFO - Processing file /home/beatriz/Documentos/airflow/dags/dag1.py for tasks to queue
[2024-10-15T15:36:00.331-0300] {logging_mixin.py:188} INFO - [2024-10-15T15:36:00.330-0300] {dagbag.py:540} INFO - Filling up the DagBag from /home/beatriz/Documentos/airflow/dags/dag1.py
[2024-10-15T15:36:00.345-0300] {processor.py:840} INFO - DAG(s) 'meu_primeiro_dag' retrieved from /home/beatriz/Documentos/airflow/dags/dag1.py
[2024-10-15T15:36:00.418-0300] {logging_mixin.py:188} INFO - [2024-10-15T15:36:00.418-0300] {dag.py:3096} INFO - Sync 1 DAGs
[2024-10-15T15:36:00.431-0300] {logging_mixin.py:188} INFO - [2024-10-15T15:36:00.431-0300] {dag.py:3954} INFO - Setting next_dagrun for meu_primeiro_dag to 2024-10-14 00:00:00+00:00, run_after=2024-10-15 00:00:00+00:00
[2024-10-15T15:36:00.524-0300] {processor.py:183} INFO - Processing /home/beatriz/Documentos/airflow/dags/dag1.py took 0.209 seconds
[2024-10-15T15:37:16.725-0300] {processor.py:161} INFO - Started process (PID=42869) to work on /home/beatriz/Documentos/airflow/dags/dag1.py
[2024-10-15T15:37:16.726-0300] {processor.py:830} INFO - Processing file /home/beatriz/Documentos/airflow/dags/dag1.py for tasks to queue
[2024-10-15T15:37:16.728-0300] {logging_mixin.py:188} INFO - [2024-10-15T15:37:16.728-0300] {dagbag.py:540} INFO - Filling up the DagBag from /home/beatriz/Documentos/airflow/dags/dag1.py
[2024-10-15T15:37:16.738-0300] {processor.py:840} INFO - DAG(s) 'meu_primeiro_dag' retrieved from /home/beatriz/Documentos/airflow/dags/dag1.py
[2024-10-15T15:37:16.752-0300] {logging_mixin.py:188} INFO - [2024-10-15T15:37:16.752-0300] {dag.py:3096} INFO - Sync 1 DAGs
[2024-10-15T15:37:16.770-0300] {logging_mixin.py:188} INFO - [2024-10-15T15:37:16.770-0300] {dag.py:3954} INFO - Setting next_dagrun for meu_primeiro_dag to 2024-10-14 00:00:00+00:00, run_after=2024-10-15 00:00:00+00:00
[2024-10-15T15:37:16.789-0300] {processor.py:183} INFO - Processing /home/beatriz/Documentos/airflow/dags/dag1.py took 0.070 seconds
[2024-10-15T15:38:30.084-0300] {processor.py:161} INFO - Started process (PID=43354) to work on /home/beatriz/Documentos/airflow/dags/dag1.py
[2024-10-15T15:38:30.086-0300] {processor.py:830} INFO - Processing file /home/beatriz/Documentos/airflow/dags/dag1.py for tasks to queue
[2024-10-15T15:38:30.087-0300] {logging_mixin.py:188} INFO - [2024-10-15T15:38:30.087-0300] {dagbag.py:540} INFO - Filling up the DagBag from /home/beatriz/Documentos/airflow/dags/dag1.py
[2024-10-15T15:38:30.094-0300] {processor.py:840} INFO - DAG(s) 'meu_primeiro_dag' retrieved from /home/beatriz/Documentos/airflow/dags/dag1.py
[2024-10-15T15:38:30.163-0300] {logging_mixin.py:188} INFO - [2024-10-15T15:38:30.163-0300] {dag.py:3096} INFO - Sync 1 DAGs
[2024-10-15T15:38:30.175-0300] {logging_mixin.py:188} INFO - [2024-10-15T15:38:30.175-0300] {dag.py:3954} INFO - Setting next_dagrun for meu_primeiro_dag to 2024-10-15 00:00:00+00:00, run_after=2024-10-16 00:00:00+00:00
[2024-10-15T15:38:30.196-0300] {processor.py:183} INFO - Processing /home/beatriz/Documentos/airflow/dags/dag1.py took 0.117 seconds
[2024-10-15T15:39:15.437-0300] {processor.py:161} INFO - Started process (PID=43978) to work on /home/beatriz/Documentos/airflow/dags/dag1.py
[2024-10-15T15:39:15.440-0300] {processor.py:830} INFO - Processing file /home/beatriz/Documentos/airflow/dags/dag1.py for tasks to queue
[2024-10-15T15:39:15.444-0300] {logging_mixin.py:188} INFO - [2024-10-15T15:39:15.443-0300] {dagbag.py:540} INFO - Filling up the DagBag from /home/beatriz/Documentos/airflow/dags/dag1.py
[2024-10-15T15:39:15.458-0300] {processor.py:840} INFO - DAG(s) 'meu_primeiro_dag' retrieved from /home/beatriz/Documentos/airflow/dags/dag1.py
[2024-10-15T15:39:15.473-0300] {logging_mixin.py:188} INFO - [2024-10-15T15:39:15.472-0300] {dag.py:3096} INFO - Sync 1 DAGs
[2024-10-15T15:39:15.488-0300] {logging_mixin.py:188} INFO - [2024-10-15T15:39:15.488-0300] {dag.py:3954} INFO - Setting next_dagrun for meu_primeiro_dag to 2024-10-15 00:00:00+00:00, run_after=2024-10-16 00:00:00+00:00
[2024-10-15T15:39:15.505-0300] {processor.py:183} INFO - Processing /home/beatriz/Documentos/airflow/dags/dag1.py took 0.080 seconds
[2024-10-15T15:40:00.165-0300] {processor.py:161} INFO - Started process (PID=44101) to work on /home/beatriz/Documentos/airflow/dags/dag1.py
[2024-10-15T15:40:00.168-0300] {processor.py:830} INFO - Processing file /home/beatriz/Documentos/airflow/dags/dag1.py for tasks to queue
[2024-10-15T15:40:00.169-0300] {logging_mixin.py:188} INFO - [2024-10-15T15:40:00.169-0300] {dagbag.py:540} INFO - Filling up the DagBag from /home/beatriz/Documentos/airflow/dags/dag1.py
[2024-10-15T15:40:00.176-0300] {processor.py:840} INFO - DAG(s) 'meu_primeiro_dag' retrieved from /home/beatriz/Documentos/airflow/dags/dag1.py
[2024-10-15T15:40:00.189-0300] {logging_mixin.py:188} INFO - [2024-10-15T15:40:00.189-0300] {dag.py:3096} INFO - Sync 1 DAGs
[2024-10-15T15:40:00.205-0300] {logging_mixin.py:188} INFO - [2024-10-15T15:40:00.204-0300] {dag.py:3954} INFO - Setting next_dagrun for meu_primeiro_dag to 2024-10-15 00:00:00+00:00, run_after=2024-10-16 00:00:00+00:00
[2024-10-15T15:40:00.228-0300] {processor.py:183} INFO - Processing /home/beatriz/Documentos/airflow/dags/dag1.py took 0.067 seconds
[2024-10-15T15:40:48.783-0300] {processor.py:161} INFO - Started process (PID=44637) to work on /home/beatriz/Documentos/airflow/dags/dag1.py
[2024-10-15T15:40:48.786-0300] {processor.py:830} INFO - Processing file /home/beatriz/Documentos/airflow/dags/dag1.py for tasks to queue
[2024-10-15T15:40:48.791-0300] {logging_mixin.py:188} INFO - [2024-10-15T15:40:48.790-0300] {dagbag.py:540} INFO - Filling up the DagBag from /home/beatriz/Documentos/airflow/dags/dag1.py
[2024-10-15T15:40:48.804-0300] {processor.py:840} INFO - DAG(s) 'meu_primeiro_dag' retrieved from /home/beatriz/Documentos/airflow/dags/dag1.py
[2024-10-15T15:40:48.817-0300] {logging_mixin.py:188} INFO - [2024-10-15T15:40:48.817-0300] {dag.py:3096} INFO - Sync 1 DAGs
[2024-10-15T15:40:48.834-0300] {logging_mixin.py:188} INFO - [2024-10-15T15:40:48.834-0300] {dag.py:3954} INFO - Setting next_dagrun for meu_primeiro_dag to 2024-10-15 00:00:00+00:00, run_after=2024-10-16 00:00:00+00:00
[2024-10-15T15:40:48.853-0300] {processor.py:183} INFO - Processing /home/beatriz/Documentos/airflow/dags/dag1.py took 0.084 seconds
