[2024-10-18T10:43:23.342-0300] {processor.py:161} INFO - Started process (PID=11281) to work on /home/beatriz/Documentos/airflow/airflow_venv/lib/python3.10/site-packages/airflow/example_dags/example_branch_operator_decorator.py
[2024-10-18T10:43:23.343-0300] {processor.py:830} INFO - Processing file /home/beatriz/Documentos/airflow/airflow_venv/lib/python3.10/site-packages/airflow/example_dags/example_branch_operator_decorator.py for tasks to queue
[2024-10-18T10:43:23.345-0300] {logging_mixin.py:188} INFO - [2024-10-18T10:43:23.345-0300] {dagbag.py:540} INFO - Filling up the DagBag from /home/beatriz/Documentos/airflow/airflow_venv/lib/python3.10/site-packages/airflow/example_dags/example_branch_operator_decorator.py
[2024-10-18T10:43:23.349-0300] {processor.py:842} WARNING - No viable dags retrieved from /home/beatriz/Documentos/airflow/airflow_venv/lib/python3.10/site-packages/airflow/example_dags/example_branch_operator_decorator.py
[2024-10-18T10:43:23.362-0300] {processor.py:183} INFO - Processing /home/beatriz/Documentos/airflow/airflow_venv/lib/python3.10/site-packages/airflow/example_dags/example_branch_operator_decorator.py took 0.033 seconds
[2024-10-18T10:44:26.157-0300] {processor.py:161} INFO - Started process (PID=11841) to work on /home/beatriz/Documentos/airflow/airflow_venv/lib/python3.10/site-packages/airflow/example_dags/example_branch_operator_decorator.py
[2024-10-18T10:44:26.160-0300] {processor.py:830} INFO - Processing file /home/beatriz/Documentos/airflow/airflow_venv/lib/python3.10/site-packages/airflow/example_dags/example_branch_operator_decorator.py for tasks to queue
[2024-10-18T10:44:26.161-0300] {logging_mixin.py:188} INFO - [2024-10-18T10:44:26.161-0300] {dagbag.py:540} INFO - Filling up the DagBag from /home/beatriz/Documentos/airflow/airflow_venv/lib/python3.10/site-packages/airflow/example_dags/example_branch_operator_decorator.py
[2024-10-18T10:44:26.163-0300] {processor.py:842} WARNING - No viable dags retrieved from /home/beatriz/Documentos/airflow/airflow_venv/lib/python3.10/site-packages/airflow/example_dags/example_branch_operator_decorator.py
[2024-10-18T10:44:26.173-0300] {processor.py:183} INFO - Processing /home/beatriz/Documentos/airflow/airflow_venv/lib/python3.10/site-packages/airflow/example_dags/example_branch_operator_decorator.py took 0.022 seconds
[2024-10-18T10:45:28.625-0300] {processor.py:161} INFO - Started process (PID=12616) to work on /home/beatriz/Documentos/airflow/airflow_venv/lib/python3.10/site-packages/airflow/example_dags/example_branch_operator_decorator.py
[2024-10-18T10:45:28.628-0300] {processor.py:830} INFO - Processing file /home/beatriz/Documentos/airflow/airflow_venv/lib/python3.10/site-packages/airflow/example_dags/example_branch_operator_decorator.py for tasks to queue
[2024-10-18T10:45:28.629-0300] {logging_mixin.py:188} INFO - [2024-10-18T10:45:28.629-0300] {dagbag.py:540} INFO - Filling up the DagBag from /home/beatriz/Documentos/airflow/airflow_venv/lib/python3.10/site-packages/airflow/example_dags/example_branch_operator_decorator.py
[2024-10-18T10:45:28.631-0300] {processor.py:842} WARNING - No viable dags retrieved from /home/beatriz/Documentos/airflow/airflow_venv/lib/python3.10/site-packages/airflow/example_dags/example_branch_operator_decorator.py
[2024-10-18T10:45:28.639-0300] {processor.py:183} INFO - Processing /home/beatriz/Documentos/airflow/airflow_venv/lib/python3.10/site-packages/airflow/example_dags/example_branch_operator_decorator.py took 0.018 seconds
[2024-10-18T10:46:39.251-0300] {processor.py:161} INFO - Started process (PID=13390) to work on /home/beatriz/Documentos/airflow/airflow_venv/lib/python3.10/site-packages/airflow/example_dags/example_branch_operator_decorator.py
[2024-10-18T10:46:39.253-0300] {processor.py:830} INFO - Processing file /home/beatriz/Documentos/airflow/airflow_venv/lib/python3.10/site-packages/airflow/example_dags/example_branch_operator_decorator.py for tasks to queue
[2024-10-18T10:46:39.255-0300] {logging_mixin.py:188} INFO - [2024-10-18T10:46:39.254-0300] {dagbag.py:540} INFO - Filling up the DagBag from /home/beatriz/Documentos/airflow/airflow_venv/lib/python3.10/site-packages/airflow/example_dags/example_branch_operator_decorator.py
[2024-10-18T10:46:39.257-0300] {processor.py:842} WARNING - No viable dags retrieved from /home/beatriz/Documentos/airflow/airflow_venv/lib/python3.10/site-packages/airflow/example_dags/example_branch_operator_decorator.py
[2024-10-18T10:46:39.267-0300] {processor.py:183} INFO - Processing /home/beatriz/Documentos/airflow/airflow_venv/lib/python3.10/site-packages/airflow/example_dags/example_branch_operator_decorator.py took 0.021 seconds
[2024-10-18T10:49:53.477-0300] {processor.py:161} INFO - Started process (PID=15482) to work on /home/beatriz/Documentos/airflow/airflow_venv/lib/python3.10/site-packages/airflow/example_dags/example_branch_operator_decorator.py
[2024-10-18T10:49:53.480-0300] {processor.py:830} INFO - Processing file /home/beatriz/Documentos/airflow/airflow_venv/lib/python3.10/site-packages/airflow/example_dags/example_branch_operator_decorator.py for tasks to queue
[2024-10-18T10:49:53.483-0300] {logging_mixin.py:188} INFO - [2024-10-18T10:49:53.482-0300] {dagbag.py:540} INFO - Filling up the DagBag from /home/beatriz/Documentos/airflow/airflow_venv/lib/python3.10/site-packages/airflow/example_dags/example_branch_operator_decorator.py
[2024-10-18T10:49:53.488-0300] {processor.py:842} WARNING - No viable dags retrieved from /home/beatriz/Documentos/airflow/airflow_venv/lib/python3.10/site-packages/airflow/example_dags/example_branch_operator_decorator.py
[2024-10-18T10:49:53.503-0300] {processor.py:183} INFO - Processing /home/beatriz/Documentos/airflow/airflow_venv/lib/python3.10/site-packages/airflow/example_dags/example_branch_operator_decorator.py took 0.037 seconds
[2024-10-18T10:50:59.318-0300] {processor.py:161} INFO - Started process (PID=16322) to work on /home/beatriz/Documentos/airflow/airflow_venv/lib/python3.10/site-packages/airflow/example_dags/example_branch_operator_decorator.py
[2024-10-18T10:50:59.320-0300] {processor.py:830} INFO - Processing file /home/beatriz/Documentos/airflow/airflow_venv/lib/python3.10/site-packages/airflow/example_dags/example_branch_operator_decorator.py for tasks to queue
[2024-10-18T10:50:59.322-0300] {logging_mixin.py:188} INFO - [2024-10-18T10:50:59.321-0300] {dagbag.py:540} INFO - Filling up the DagBag from /home/beatriz/Documentos/airflow/airflow_venv/lib/python3.10/site-packages/airflow/example_dags/example_branch_operator_decorator.py
[2024-10-18T10:50:59.324-0300] {processor.py:842} WARNING - No viable dags retrieved from /home/beatriz/Documentos/airflow/airflow_venv/lib/python3.10/site-packages/airflow/example_dags/example_branch_operator_decorator.py
[2024-10-18T10:50:59.332-0300] {processor.py:183} INFO - Processing /home/beatriz/Documentos/airflow/airflow_venv/lib/python3.10/site-packages/airflow/example_dags/example_branch_operator_decorator.py took 0.017 seconds
[2024-10-18T10:52:02.454-0300] {processor.py:161} INFO - Started process (PID=17078) to work on /home/beatriz/Documentos/airflow/airflow_venv/lib/python3.10/site-packages/airflow/example_dags/example_branch_operator_decorator.py
[2024-10-18T10:52:02.457-0300] {processor.py:830} INFO - Processing file /home/beatriz/Documentos/airflow/airflow_venv/lib/python3.10/site-packages/airflow/example_dags/example_branch_operator_decorator.py for tasks to queue
[2024-10-18T10:52:02.459-0300] {logging_mixin.py:188} INFO - [2024-10-18T10:52:02.458-0300] {dagbag.py:540} INFO - Filling up the DagBag from /home/beatriz/Documentos/airflow/airflow_venv/lib/python3.10/site-packages/airflow/example_dags/example_branch_operator_decorator.py
[2024-10-18T10:52:02.463-0300] {processor.py:842} WARNING - No viable dags retrieved from /home/beatriz/Documentos/airflow/airflow_venv/lib/python3.10/site-packages/airflow/example_dags/example_branch_operator_decorator.py
[2024-10-18T10:52:02.477-0300] {processor.py:183} INFO - Processing /home/beatriz/Documentos/airflow/airflow_venv/lib/python3.10/site-packages/airflow/example_dags/example_branch_operator_decorator.py took 0.034 seconds
[2024-10-18T10:53:09.055-0300] {processor.py:161} INFO - Started process (PID=17847) to work on /home/beatriz/Documentos/airflow/airflow_venv/lib/python3.10/site-packages/airflow/example_dags/example_branch_operator_decorator.py
[2024-10-18T10:53:09.057-0300] {processor.py:830} INFO - Processing file /home/beatriz/Documentos/airflow/airflow_venv/lib/python3.10/site-packages/airflow/example_dags/example_branch_operator_decorator.py for tasks to queue
[2024-10-18T10:53:09.059-0300] {logging_mixin.py:188} INFO - [2024-10-18T10:53:09.059-0300] {dagbag.py:540} INFO - Filling up the DagBag from /home/beatriz/Documentos/airflow/airflow_venv/lib/python3.10/site-packages/airflow/example_dags/example_branch_operator_decorator.py
[2024-10-18T10:53:09.062-0300] {processor.py:842} WARNING - No viable dags retrieved from /home/beatriz/Documentos/airflow/airflow_venv/lib/python3.10/site-packages/airflow/example_dags/example_branch_operator_decorator.py
[2024-10-18T10:53:09.073-0300] {processor.py:183} INFO - Processing /home/beatriz/Documentos/airflow/airflow_venv/lib/python3.10/site-packages/airflow/example_dags/example_branch_operator_decorator.py took 0.024 seconds
[2024-10-18T10:54:14.402-0300] {processor.py:161} INFO - Started process (PID=18762) to work on /home/beatriz/Documentos/airflow/airflow_venv/lib/python3.10/site-packages/airflow/example_dags/example_branch_operator_decorator.py
[2024-10-18T10:54:14.404-0300] {processor.py:830} INFO - Processing file /home/beatriz/Documentos/airflow/airflow_venv/lib/python3.10/site-packages/airflow/example_dags/example_branch_operator_decorator.py for tasks to queue
[2024-10-18T10:54:14.406-0300] {logging_mixin.py:188} INFO - [2024-10-18T10:54:14.405-0300] {dagbag.py:540} INFO - Filling up the DagBag from /home/beatriz/Documentos/airflow/airflow_venv/lib/python3.10/site-packages/airflow/example_dags/example_branch_operator_decorator.py
[2024-10-18T10:54:14.408-0300] {processor.py:842} WARNING - No viable dags retrieved from /home/beatriz/Documentos/airflow/airflow_venv/lib/python3.10/site-packages/airflow/example_dags/example_branch_operator_decorator.py
[2024-10-18T10:54:14.417-0300] {processor.py:183} INFO - Processing /home/beatriz/Documentos/airflow/airflow_venv/lib/python3.10/site-packages/airflow/example_dags/example_branch_operator_decorator.py took 0.019 seconds
[2024-10-18T10:55:16.421-0300] {processor.py:161} INFO - Started process (PID=19534) to work on /home/beatriz/Documentos/airflow/airflow_venv/lib/python3.10/site-packages/airflow/example_dags/example_branch_operator_decorator.py
[2024-10-18T10:55:16.424-0300] {processor.py:830} INFO - Processing file /home/beatriz/Documentos/airflow/airflow_venv/lib/python3.10/site-packages/airflow/example_dags/example_branch_operator_decorator.py for tasks to queue
[2024-10-18T10:55:16.425-0300] {logging_mixin.py:188} INFO - [2024-10-18T10:55:16.425-0300] {dagbag.py:540} INFO - Filling up the DagBag from /home/beatriz/Documentos/airflow/airflow_venv/lib/python3.10/site-packages/airflow/example_dags/example_branch_operator_decorator.py
[2024-10-18T10:55:16.428-0300] {processor.py:842} WARNING - No viable dags retrieved from /home/beatriz/Documentos/airflow/airflow_venv/lib/python3.10/site-packages/airflow/example_dags/example_branch_operator_decorator.py
[2024-10-18T10:55:16.439-0300] {processor.py:183} INFO - Processing /home/beatriz/Documentos/airflow/airflow_venv/lib/python3.10/site-packages/airflow/example_dags/example_branch_operator_decorator.py took 0.024 seconds
[2024-10-18T10:56:19.281-0300] {processor.py:161} INFO - Started process (PID=20378) to work on /home/beatriz/Documentos/airflow/airflow_venv/lib/python3.10/site-packages/airflow/example_dags/example_branch_operator_decorator.py
[2024-10-18T10:56:19.285-0300] {processor.py:830} INFO - Processing file /home/beatriz/Documentos/airflow/airflow_venv/lib/python3.10/site-packages/airflow/example_dags/example_branch_operator_decorator.py for tasks to queue
[2024-10-18T10:56:19.289-0300] {logging_mixin.py:188} INFO - [2024-10-18T10:56:19.288-0300] {dagbag.py:540} INFO - Filling up the DagBag from /home/beatriz/Documentos/airflow/airflow_venv/lib/python3.10/site-packages/airflow/example_dags/example_branch_operator_decorator.py
[2024-10-18T10:56:19.293-0300] {processor.py:842} WARNING - No viable dags retrieved from /home/beatriz/Documentos/airflow/airflow_venv/lib/python3.10/site-packages/airflow/example_dags/example_branch_operator_decorator.py
[2024-10-18T10:56:19.305-0300] {processor.py:183} INFO - Processing /home/beatriz/Documentos/airflow/airflow_venv/lib/python3.10/site-packages/airflow/example_dags/example_branch_operator_decorator.py took 0.037 seconds
[2024-10-18T10:57:26.023-0300] {processor.py:161} INFO - Started process (PID=21231) to work on /home/beatriz/Documentos/airflow/airflow_venv/lib/python3.10/site-packages/airflow/example_dags/example_branch_operator_decorator.py
[2024-10-18T10:57:26.025-0300] {processor.py:830} INFO - Processing file /home/beatriz/Documentos/airflow/airflow_venv/lib/python3.10/site-packages/airflow/example_dags/example_branch_operator_decorator.py for tasks to queue
[2024-10-18T10:57:26.027-0300] {logging_mixin.py:188} INFO - [2024-10-18T10:57:26.027-0300] {dagbag.py:540} INFO - Filling up the DagBag from /home/beatriz/Documentos/airflow/airflow_venv/lib/python3.10/site-packages/airflow/example_dags/example_branch_operator_decorator.py
[2024-10-18T10:57:26.029-0300] {processor.py:842} WARNING - No viable dags retrieved from /home/beatriz/Documentos/airflow/airflow_venv/lib/python3.10/site-packages/airflow/example_dags/example_branch_operator_decorator.py
[2024-10-18T10:57:26.038-0300] {processor.py:183} INFO - Processing /home/beatriz/Documentos/airflow/airflow_venv/lib/python3.10/site-packages/airflow/example_dags/example_branch_operator_decorator.py took 0.019 seconds
[2024-10-18T10:58:30.302-0300] {processor.py:161} INFO - Started process (PID=22096) to work on /home/beatriz/Documentos/airflow/airflow_venv/lib/python3.10/site-packages/airflow/example_dags/example_branch_operator_decorator.py
[2024-10-18T10:58:30.304-0300] {processor.py:830} INFO - Processing file /home/beatriz/Documentos/airflow/airflow_venv/lib/python3.10/site-packages/airflow/example_dags/example_branch_operator_decorator.py for tasks to queue
[2024-10-18T10:58:30.308-0300] {logging_mixin.py:188} INFO - [2024-10-18T10:58:30.307-0300] {dagbag.py:540} INFO - Filling up the DagBag from /home/beatriz/Documentos/airflow/airflow_venv/lib/python3.10/site-packages/airflow/example_dags/example_branch_operator_decorator.py
[2024-10-18T10:58:30.314-0300] {processor.py:842} WARNING - No viable dags retrieved from /home/beatriz/Documentos/airflow/airflow_venv/lib/python3.10/site-packages/airflow/example_dags/example_branch_operator_decorator.py
[2024-10-18T10:58:30.333-0300] {processor.py:183} INFO - Processing /home/beatriz/Documentos/airflow/airflow_venv/lib/python3.10/site-packages/airflow/example_dags/example_branch_operator_decorator.py took 0.037 seconds
[2024-10-18T10:59:36.682-0300] {processor.py:161} INFO - Started process (PID=22885) to work on /home/beatriz/Documentos/airflow/airflow_venv/lib/python3.10/site-packages/airflow/example_dags/example_branch_operator_decorator.py
[2024-10-18T10:59:36.684-0300] {processor.py:830} INFO - Processing file /home/beatriz/Documentos/airflow/airflow_venv/lib/python3.10/site-packages/airflow/example_dags/example_branch_operator_decorator.py for tasks to queue
[2024-10-18T10:59:36.685-0300] {logging_mixin.py:188} INFO - [2024-10-18T10:59:36.685-0300] {dagbag.py:540} INFO - Filling up the DagBag from /home/beatriz/Documentos/airflow/airflow_venv/lib/python3.10/site-packages/airflow/example_dags/example_branch_operator_decorator.py
[2024-10-18T10:59:36.687-0300] {processor.py:842} WARNING - No viable dags retrieved from /home/beatriz/Documentos/airflow/airflow_venv/lib/python3.10/site-packages/airflow/example_dags/example_branch_operator_decorator.py
[2024-10-18T10:59:36.697-0300] {processor.py:183} INFO - Processing /home/beatriz/Documentos/airflow/airflow_venv/lib/python3.10/site-packages/airflow/example_dags/example_branch_operator_decorator.py took 0.022 seconds
[2024-10-18T11:00:43.418-0300] {processor.py:161} INFO - Started process (PID=23645) to work on /home/beatriz/Documentos/airflow/airflow_venv/lib/python3.10/site-packages/airflow/example_dags/example_branch_operator_decorator.py
[2024-10-18T11:00:43.421-0300] {processor.py:830} INFO - Processing file /home/beatriz/Documentos/airflow/airflow_venv/lib/python3.10/site-packages/airflow/example_dags/example_branch_operator_decorator.py for tasks to queue
[2024-10-18T11:00:43.423-0300] {logging_mixin.py:188} INFO - [2024-10-18T11:00:43.422-0300] {dagbag.py:540} INFO - Filling up the DagBag from /home/beatriz/Documentos/airflow/airflow_venv/lib/python3.10/site-packages/airflow/example_dags/example_branch_operator_decorator.py
[2024-10-18T11:00:43.427-0300] {processor.py:842} WARNING - No viable dags retrieved from /home/beatriz/Documentos/airflow/airflow_venv/lib/python3.10/site-packages/airflow/example_dags/example_branch_operator_decorator.py
[2024-10-18T11:00:43.443-0300] {processor.py:183} INFO - Processing /home/beatriz/Documentos/airflow/airflow_venv/lib/python3.10/site-packages/airflow/example_dags/example_branch_operator_decorator.py took 0.034 seconds
[2024-10-18T11:01:47.442-0300] {processor.py:161} INFO - Started process (PID=24355) to work on /home/beatriz/Documentos/airflow/airflow_venv/lib/python3.10/site-packages/airflow/example_dags/example_branch_operator_decorator.py
[2024-10-18T11:01:47.445-0300] {processor.py:830} INFO - Processing file /home/beatriz/Documentos/airflow/airflow_venv/lib/python3.10/site-packages/airflow/example_dags/example_branch_operator_decorator.py for tasks to queue
[2024-10-18T11:01:47.447-0300] {logging_mixin.py:188} INFO - [2024-10-18T11:01:47.447-0300] {dagbag.py:540} INFO - Filling up the DagBag from /home/beatriz/Documentos/airflow/airflow_venv/lib/python3.10/site-packages/airflow/example_dags/example_branch_operator_decorator.py
[2024-10-18T11:01:47.451-0300] {processor.py:842} WARNING - No viable dags retrieved from /home/beatriz/Documentos/airflow/airflow_venv/lib/python3.10/site-packages/airflow/example_dags/example_branch_operator_decorator.py
[2024-10-18T11:01:47.462-0300] {processor.py:183} INFO - Processing /home/beatriz/Documentos/airflow/airflow_venv/lib/python3.10/site-packages/airflow/example_dags/example_branch_operator_decorator.py took 0.030 seconds
[2024-10-18T11:02:52.784-0300] {processor.py:161} INFO - Started process (PID=25199) to work on /home/beatriz/Documentos/airflow/airflow_venv/lib/python3.10/site-packages/airflow/example_dags/example_branch_operator_decorator.py
[2024-10-18T11:02:52.786-0300] {processor.py:830} INFO - Processing file /home/beatriz/Documentos/airflow/airflow_venv/lib/python3.10/site-packages/airflow/example_dags/example_branch_operator_decorator.py for tasks to queue
[2024-10-18T11:02:52.787-0300] {logging_mixin.py:188} INFO - [2024-10-18T11:02:52.787-0300] {dagbag.py:540} INFO - Filling up the DagBag from /home/beatriz/Documentos/airflow/airflow_venv/lib/python3.10/site-packages/airflow/example_dags/example_branch_operator_decorator.py
[2024-10-18T11:02:52.789-0300] {processor.py:842} WARNING - No viable dags retrieved from /home/beatriz/Documentos/airflow/airflow_venv/lib/python3.10/site-packages/airflow/example_dags/example_branch_operator_decorator.py
[2024-10-18T11:02:52.797-0300] {processor.py:183} INFO - Processing /home/beatriz/Documentos/airflow/airflow_venv/lib/python3.10/site-packages/airflow/example_dags/example_branch_operator_decorator.py took 0.017 seconds
[2024-10-18T11:08:35.186-0300] {processor.py:161} INFO - Started process (PID=26759) to work on /home/beatriz/Documentos/airflow/airflow_venv/lib/python3.10/site-packages/airflow/example_dags/example_branch_operator_decorator.py
[2024-10-18T11:08:35.189-0300] {processor.py:830} INFO - Processing file /home/beatriz/Documentos/airflow/airflow_venv/lib/python3.10/site-packages/airflow/example_dags/example_branch_operator_decorator.py for tasks to queue
[2024-10-18T11:08:35.191-0300] {logging_mixin.py:188} INFO - [2024-10-18T11:08:35.191-0300] {dagbag.py:540} INFO - Filling up the DagBag from /home/beatriz/Documentos/airflow/airflow_venv/lib/python3.10/site-packages/airflow/example_dags/example_branch_operator_decorator.py
[2024-10-18T11:08:35.194-0300] {processor.py:842} WARNING - No viable dags retrieved from /home/beatriz/Documentos/airflow/airflow_venv/lib/python3.10/site-packages/airflow/example_dags/example_branch_operator_decorator.py
[2024-10-18T11:08:35.206-0300] {processor.py:183} INFO - Processing /home/beatriz/Documentos/airflow/airflow_venv/lib/python3.10/site-packages/airflow/example_dags/example_branch_operator_decorator.py took 0.026 seconds
[2024-10-18T11:09:48.395-0300] {processor.py:161} INFO - Started process (PID=27499) to work on /home/beatriz/Documentos/airflow/airflow_venv/lib/python3.10/site-packages/airflow/example_dags/example_branch_operator_decorator.py
[2024-10-18T11:09:48.398-0300] {processor.py:830} INFO - Processing file /home/beatriz/Documentos/airflow/airflow_venv/lib/python3.10/site-packages/airflow/example_dags/example_branch_operator_decorator.py for tasks to queue
[2024-10-18T11:09:48.401-0300] {logging_mixin.py:188} INFO - [2024-10-18T11:09:48.400-0300] {dagbag.py:540} INFO - Filling up the DagBag from /home/beatriz/Documentos/airflow/airflow_venv/lib/python3.10/site-packages/airflow/example_dags/example_branch_operator_decorator.py
[2024-10-18T11:09:48.407-0300] {processor.py:842} WARNING - No viable dags retrieved from /home/beatriz/Documentos/airflow/airflow_venv/lib/python3.10/site-packages/airflow/example_dags/example_branch_operator_decorator.py
[2024-10-18T11:09:48.420-0300] {processor.py:183} INFO - Processing /home/beatriz/Documentos/airflow/airflow_venv/lib/python3.10/site-packages/airflow/example_dags/example_branch_operator_decorator.py took 0.035 seconds
[2024-10-18T11:10:58.949-0300] {processor.py:161} INFO - Started process (PID=28261) to work on /home/beatriz/Documentos/airflow/airflow_venv/lib/python3.10/site-packages/airflow/example_dags/example_branch_operator_decorator.py
[2024-10-18T11:10:58.951-0300] {processor.py:830} INFO - Processing file /home/beatriz/Documentos/airflow/airflow_venv/lib/python3.10/site-packages/airflow/example_dags/example_branch_operator_decorator.py for tasks to queue
[2024-10-18T11:10:58.953-0300] {logging_mixin.py:188} INFO - [2024-10-18T11:10:58.952-0300] {dagbag.py:540} INFO - Filling up the DagBag from /home/beatriz/Documentos/airflow/airflow_venv/lib/python3.10/site-packages/airflow/example_dags/example_branch_operator_decorator.py
[2024-10-18T11:10:58.955-0300] {processor.py:842} WARNING - No viable dags retrieved from /home/beatriz/Documentos/airflow/airflow_venv/lib/python3.10/site-packages/airflow/example_dags/example_branch_operator_decorator.py
[2024-10-18T11:10:58.965-0300] {processor.py:183} INFO - Processing /home/beatriz/Documentos/airflow/airflow_venv/lib/python3.10/site-packages/airflow/example_dags/example_branch_operator_decorator.py took 0.022 seconds
[2024-10-18T11:12:12.655-0300] {processor.py:161} INFO - Started process (PID=29046) to work on /home/beatriz/Documentos/airflow/airflow_venv/lib/python3.10/site-packages/airflow/example_dags/example_branch_operator_decorator.py
[2024-10-18T11:12:12.658-0300] {processor.py:830} INFO - Processing file /home/beatriz/Documentos/airflow/airflow_venv/lib/python3.10/site-packages/airflow/example_dags/example_branch_operator_decorator.py for tasks to queue
[2024-10-18T11:12:12.659-0300] {logging_mixin.py:188} INFO - [2024-10-18T11:12:12.659-0300] {dagbag.py:540} INFO - Filling up the DagBag from /home/beatriz/Documentos/airflow/airflow_venv/lib/python3.10/site-packages/airflow/example_dags/example_branch_operator_decorator.py
[2024-10-18T11:12:12.662-0300] {processor.py:842} WARNING - No viable dags retrieved from /home/beatriz/Documentos/airflow/airflow_venv/lib/python3.10/site-packages/airflow/example_dags/example_branch_operator_decorator.py
[2024-10-18T11:12:12.673-0300] {processor.py:183} INFO - Processing /home/beatriz/Documentos/airflow/airflow_venv/lib/python3.10/site-packages/airflow/example_dags/example_branch_operator_decorator.py took 0.025 seconds
[2024-10-18T11:13:23.517-0300] {processor.py:161} INFO - Started process (PID=29738) to work on /home/beatriz/Documentos/airflow/airflow_venv/lib/python3.10/site-packages/airflow/example_dags/example_branch_operator_decorator.py
[2024-10-18T11:13:23.519-0300] {processor.py:830} INFO - Processing file /home/beatriz/Documentos/airflow/airflow_venv/lib/python3.10/site-packages/airflow/example_dags/example_branch_operator_decorator.py for tasks to queue
[2024-10-18T11:13:23.520-0300] {logging_mixin.py:188} INFO - [2024-10-18T11:13:23.520-0300] {dagbag.py:540} INFO - Filling up the DagBag from /home/beatriz/Documentos/airflow/airflow_venv/lib/python3.10/site-packages/airflow/example_dags/example_branch_operator_decorator.py
[2024-10-18T11:13:23.523-0300] {processor.py:842} WARNING - No viable dags retrieved from /home/beatriz/Documentos/airflow/airflow_venv/lib/python3.10/site-packages/airflow/example_dags/example_branch_operator_decorator.py
[2024-10-18T11:13:23.531-0300] {processor.py:183} INFO - Processing /home/beatriz/Documentos/airflow/airflow_venv/lib/python3.10/site-packages/airflow/example_dags/example_branch_operator_decorator.py took 0.018 seconds
[2024-10-18T11:22:53.622-0300] {processor.py:161} INFO - Started process (PID=32068) to work on /home/beatriz/Documentos/airflow/airflow_venv/lib/python3.10/site-packages/airflow/example_dags/example_branch_operator_decorator.py
[2024-10-18T11:22:53.625-0300] {processor.py:830} INFO - Processing file /home/beatriz/Documentos/airflow/airflow_venv/lib/python3.10/site-packages/airflow/example_dags/example_branch_operator_decorator.py for tasks to queue
[2024-10-18T11:22:53.628-0300] {logging_mixin.py:188} INFO - [2024-10-18T11:22:53.627-0300] {dagbag.py:540} INFO - Filling up the DagBag from /home/beatriz/Documentos/airflow/airflow_venv/lib/python3.10/site-packages/airflow/example_dags/example_branch_operator_decorator.py
[2024-10-18T11:22:53.632-0300] {processor.py:842} WARNING - No viable dags retrieved from /home/beatriz/Documentos/airflow/airflow_venv/lib/python3.10/site-packages/airflow/example_dags/example_branch_operator_decorator.py
[2024-10-18T11:22:53.648-0300] {processor.py:183} INFO - Processing /home/beatriz/Documentos/airflow/airflow_venv/lib/python3.10/site-packages/airflow/example_dags/example_branch_operator_decorator.py took 0.035 seconds
[2024-10-18T11:24:08.597-0300] {processor.py:161} INFO - Started process (PID=33160) to work on /home/beatriz/Documentos/airflow/airflow_venv/lib/python3.10/site-packages/airflow/example_dags/example_branch_operator_decorator.py
[2024-10-18T11:24:08.599-0300] {processor.py:830} INFO - Processing file /home/beatriz/Documentos/airflow/airflow_venv/lib/python3.10/site-packages/airflow/example_dags/example_branch_operator_decorator.py for tasks to queue
[2024-10-18T11:24:08.602-0300] {logging_mixin.py:188} INFO - [2024-10-18T11:24:08.601-0300] {dagbag.py:540} INFO - Filling up the DagBag from /home/beatriz/Documentos/airflow/airflow_venv/lib/python3.10/site-packages/airflow/example_dags/example_branch_operator_decorator.py
[2024-10-18T11:24:08.606-0300] {processor.py:842} WARNING - No viable dags retrieved from /home/beatriz/Documentos/airflow/airflow_venv/lib/python3.10/site-packages/airflow/example_dags/example_branch_operator_decorator.py
[2024-10-18T11:24:08.621-0300] {processor.py:183} INFO - Processing /home/beatriz/Documentos/airflow/airflow_venv/lib/python3.10/site-packages/airflow/example_dags/example_branch_operator_decorator.py took 0.035 seconds
[2024-10-18T11:25:21.278-0300] {processor.py:161} INFO - Started process (PID=34234) to work on /home/beatriz/Documentos/airflow/airflow_venv/lib/python3.10/site-packages/airflow/example_dags/example_branch_operator_decorator.py
[2024-10-18T11:25:21.281-0300] {processor.py:830} INFO - Processing file /home/beatriz/Documentos/airflow/airflow_venv/lib/python3.10/site-packages/airflow/example_dags/example_branch_operator_decorator.py for tasks to queue
[2024-10-18T11:25:21.283-0300] {logging_mixin.py:188} INFO - [2024-10-18T11:25:21.282-0300] {dagbag.py:540} INFO - Filling up the DagBag from /home/beatriz/Documentos/airflow/airflow_venv/lib/python3.10/site-packages/airflow/example_dags/example_branch_operator_decorator.py
[2024-10-18T11:25:21.286-0300] {processor.py:842} WARNING - No viable dags retrieved from /home/beatriz/Documentos/airflow/airflow_venv/lib/python3.10/site-packages/airflow/example_dags/example_branch_operator_decorator.py
[2024-10-18T11:25:21.295-0300] {processor.py:183} INFO - Processing /home/beatriz/Documentos/airflow/airflow_venv/lib/python3.10/site-packages/airflow/example_dags/example_branch_operator_decorator.py took 0.029 seconds
[2024-10-18T11:26:35.066-0300] {processor.py:161} INFO - Started process (PID=35210) to work on /home/beatriz/Documentos/airflow/airflow_venv/lib/python3.10/site-packages/airflow/example_dags/example_branch_operator_decorator.py
[2024-10-18T11:26:35.068-0300] {processor.py:830} INFO - Processing file /home/beatriz/Documentos/airflow/airflow_venv/lib/python3.10/site-packages/airflow/example_dags/example_branch_operator_decorator.py for tasks to queue
[2024-10-18T11:26:35.069-0300] {logging_mixin.py:188} INFO - [2024-10-18T11:26:35.069-0300] {dagbag.py:540} INFO - Filling up the DagBag from /home/beatriz/Documentos/airflow/airflow_venv/lib/python3.10/site-packages/airflow/example_dags/example_branch_operator_decorator.py
[2024-10-18T11:26:35.071-0300] {processor.py:842} WARNING - No viable dags retrieved from /home/beatriz/Documentos/airflow/airflow_venv/lib/python3.10/site-packages/airflow/example_dags/example_branch_operator_decorator.py
[2024-10-18T11:26:35.082-0300] {processor.py:183} INFO - Processing /home/beatriz/Documentos/airflow/airflow_venv/lib/python3.10/site-packages/airflow/example_dags/example_branch_operator_decorator.py took 0.024 seconds
[2024-10-18T11:27:48.072-0300] {processor.py:161} INFO - Started process (PID=36195) to work on /home/beatriz/Documentos/airflow/airflow_venv/lib/python3.10/site-packages/airflow/example_dags/example_branch_operator_decorator.py
[2024-10-18T11:27:48.075-0300] {processor.py:830} INFO - Processing file /home/beatriz/Documentos/airflow/airflow_venv/lib/python3.10/site-packages/airflow/example_dags/example_branch_operator_decorator.py for tasks to queue
[2024-10-18T11:27:48.077-0300] {logging_mixin.py:188} INFO - [2024-10-18T11:27:48.076-0300] {dagbag.py:540} INFO - Filling up the DagBag from /home/beatriz/Documentos/airflow/airflow_venv/lib/python3.10/site-packages/airflow/example_dags/example_branch_operator_decorator.py
[2024-10-18T11:27:48.079-0300] {processor.py:842} WARNING - No viable dags retrieved from /home/beatriz/Documentos/airflow/airflow_venv/lib/python3.10/site-packages/airflow/example_dags/example_branch_operator_decorator.py
[2024-10-18T11:27:48.090-0300] {processor.py:183} INFO - Processing /home/beatriz/Documentos/airflow/airflow_venv/lib/python3.10/site-packages/airflow/example_dags/example_branch_operator_decorator.py took 0.026 seconds
[2024-10-18T11:29:00.899-0300] {processor.py:161} INFO - Started process (PID=37217) to work on /home/beatriz/Documentos/airflow/airflow_venv/lib/python3.10/site-packages/airflow/example_dags/example_branch_operator_decorator.py
[2024-10-18T11:29:00.901-0300] {processor.py:830} INFO - Processing file /home/beatriz/Documentos/airflow/airflow_venv/lib/python3.10/site-packages/airflow/example_dags/example_branch_operator_decorator.py for tasks to queue
[2024-10-18T11:29:00.902-0300] {logging_mixin.py:188} INFO - [2024-10-18T11:29:00.902-0300] {dagbag.py:540} INFO - Filling up the DagBag from /home/beatriz/Documentos/airflow/airflow_venv/lib/python3.10/site-packages/airflow/example_dags/example_branch_operator_decorator.py
[2024-10-18T11:29:00.904-0300] {processor.py:842} WARNING - No viable dags retrieved from /home/beatriz/Documentos/airflow/airflow_venv/lib/python3.10/site-packages/airflow/example_dags/example_branch_operator_decorator.py
[2024-10-18T11:29:00.915-0300] {processor.py:183} INFO - Processing /home/beatriz/Documentos/airflow/airflow_venv/lib/python3.10/site-packages/airflow/example_dags/example_branch_operator_decorator.py took 0.021 seconds
[2024-10-18T11:30:18.577-0300] {processor.py:161} INFO - Started process (PID=38291) to work on /home/beatriz/Documentos/airflow/airflow_venv/lib/python3.10/site-packages/airflow/example_dags/example_branch_operator_decorator.py
[2024-10-18T11:30:18.579-0300] {processor.py:830} INFO - Processing file /home/beatriz/Documentos/airflow/airflow_venv/lib/python3.10/site-packages/airflow/example_dags/example_branch_operator_decorator.py for tasks to queue
[2024-10-18T11:30:18.581-0300] {logging_mixin.py:188} INFO - [2024-10-18T11:30:18.580-0300] {dagbag.py:540} INFO - Filling up the DagBag from /home/beatriz/Documentos/airflow/airflow_venv/lib/python3.10/site-packages/airflow/example_dags/example_branch_operator_decorator.py
[2024-10-18T11:30:18.583-0300] {processor.py:842} WARNING - No viable dags retrieved from /home/beatriz/Documentos/airflow/airflow_venv/lib/python3.10/site-packages/airflow/example_dags/example_branch_operator_decorator.py
[2024-10-18T11:30:18.591-0300] {processor.py:183} INFO - Processing /home/beatriz/Documentos/airflow/airflow_venv/lib/python3.10/site-packages/airflow/example_dags/example_branch_operator_decorator.py took 0.019 seconds
[2024-10-18T11:31:24.918-0300] {processor.py:161} INFO - Started process (PID=39304) to work on /home/beatriz/Documentos/airflow/airflow_venv/lib/python3.10/site-packages/airflow/example_dags/example_branch_operator_decorator.py
[2024-10-18T11:31:24.921-0300] {processor.py:830} INFO - Processing file /home/beatriz/Documentos/airflow/airflow_venv/lib/python3.10/site-packages/airflow/example_dags/example_branch_operator_decorator.py for tasks to queue
[2024-10-18T11:31:24.923-0300] {logging_mixin.py:188} INFO - [2024-10-18T11:31:24.923-0300] {dagbag.py:540} INFO - Filling up the DagBag from /home/beatriz/Documentos/airflow/airflow_venv/lib/python3.10/site-packages/airflow/example_dags/example_branch_operator_decorator.py
[2024-10-18T11:31:24.928-0300] {processor.py:842} WARNING - No viable dags retrieved from /home/beatriz/Documentos/airflow/airflow_venv/lib/python3.10/site-packages/airflow/example_dags/example_branch_operator_decorator.py
[2024-10-18T11:31:24.941-0300] {processor.py:183} INFO - Processing /home/beatriz/Documentos/airflow/airflow_venv/lib/python3.10/site-packages/airflow/example_dags/example_branch_operator_decorator.py took 0.033 seconds
[2024-10-18T11:32:30.954-0300] {processor.py:161} INFO - Started process (PID=40328) to work on /home/beatriz/Documentos/airflow/airflow_venv/lib/python3.10/site-packages/airflow/example_dags/example_branch_operator_decorator.py
[2024-10-18T11:32:30.956-0300] {processor.py:830} INFO - Processing file /home/beatriz/Documentos/airflow/airflow_venv/lib/python3.10/site-packages/airflow/example_dags/example_branch_operator_decorator.py for tasks to queue
[2024-10-18T11:32:30.958-0300] {logging_mixin.py:188} INFO - [2024-10-18T11:32:30.957-0300] {dagbag.py:540} INFO - Filling up the DagBag from /home/beatriz/Documentos/airflow/airflow_venv/lib/python3.10/site-packages/airflow/example_dags/example_branch_operator_decorator.py
[2024-10-18T11:32:30.960-0300] {processor.py:842} WARNING - No viable dags retrieved from /home/beatriz/Documentos/airflow/airflow_venv/lib/python3.10/site-packages/airflow/example_dags/example_branch_operator_decorator.py
[2024-10-18T11:32:30.969-0300] {processor.py:183} INFO - Processing /home/beatriz/Documentos/airflow/airflow_venv/lib/python3.10/site-packages/airflow/example_dags/example_branch_operator_decorator.py took 0.020 seconds
[2024-10-18T11:33:42.189-0300] {processor.py:161} INFO - Started process (PID=41243) to work on /home/beatriz/Documentos/airflow/airflow_venv/lib/python3.10/site-packages/airflow/example_dags/example_branch_operator_decorator.py
[2024-10-18T11:33:42.192-0300] {processor.py:830} INFO - Processing file /home/beatriz/Documentos/airflow/airflow_venv/lib/python3.10/site-packages/airflow/example_dags/example_branch_operator_decorator.py for tasks to queue
[2024-10-18T11:33:42.194-0300] {logging_mixin.py:188} INFO - [2024-10-18T11:33:42.193-0300] {dagbag.py:540} INFO - Filling up the DagBag from /home/beatriz/Documentos/airflow/airflow_venv/lib/python3.10/site-packages/airflow/example_dags/example_branch_operator_decorator.py
[2024-10-18T11:33:42.196-0300] {processor.py:842} WARNING - No viable dags retrieved from /home/beatriz/Documentos/airflow/airflow_venv/lib/python3.10/site-packages/airflow/example_dags/example_branch_operator_decorator.py
[2024-10-18T11:33:42.207-0300] {processor.py:183} INFO - Processing /home/beatriz/Documentos/airflow/airflow_venv/lib/python3.10/site-packages/airflow/example_dags/example_branch_operator_decorator.py took 0.026 seconds
[2024-10-18T11:34:56.083-0300] {processor.py:161} INFO - Started process (PID=42198) to work on /home/beatriz/Documentos/airflow/airflow_venv/lib/python3.10/site-packages/airflow/example_dags/example_branch_operator_decorator.py
[2024-10-18T11:34:56.085-0300] {processor.py:830} INFO - Processing file /home/beatriz/Documentos/airflow/airflow_venv/lib/python3.10/site-packages/airflow/example_dags/example_branch_operator_decorator.py for tasks to queue
[2024-10-18T11:34:56.086-0300] {logging_mixin.py:188} INFO - [2024-10-18T11:34:56.086-0300] {dagbag.py:540} INFO - Filling up the DagBag from /home/beatriz/Documentos/airflow/airflow_venv/lib/python3.10/site-packages/airflow/example_dags/example_branch_operator_decorator.py
[2024-10-18T11:34:56.088-0300] {processor.py:842} WARNING - No viable dags retrieved from /home/beatriz/Documentos/airflow/airflow_venv/lib/python3.10/site-packages/airflow/example_dags/example_branch_operator_decorator.py
[2024-10-18T11:34:56.097-0300] {processor.py:183} INFO - Processing /home/beatriz/Documentos/airflow/airflow_venv/lib/python3.10/site-packages/airflow/example_dags/example_branch_operator_decorator.py took 0.019 seconds
[2024-10-18T11:36:14.048-0300] {processor.py:161} INFO - Started process (PID=43193) to work on /home/beatriz/Documentos/airflow/airflow_venv/lib/python3.10/site-packages/airflow/example_dags/example_branch_operator_decorator.py
[2024-10-18T11:36:14.050-0300] {processor.py:830} INFO - Processing file /home/beatriz/Documentos/airflow/airflow_venv/lib/python3.10/site-packages/airflow/example_dags/example_branch_operator_decorator.py for tasks to queue
[2024-10-18T11:36:14.055-0300] {logging_mixin.py:188} INFO - [2024-10-18T11:36:14.053-0300] {dagbag.py:540} INFO - Filling up the DagBag from /home/beatriz/Documentos/airflow/airflow_venv/lib/python3.10/site-packages/airflow/example_dags/example_branch_operator_decorator.py
[2024-10-18T11:36:14.062-0300] {processor.py:842} WARNING - No viable dags retrieved from /home/beatriz/Documentos/airflow/airflow_venv/lib/python3.10/site-packages/airflow/example_dags/example_branch_operator_decorator.py
[2024-10-18T11:36:14.082-0300] {processor.py:183} INFO - Processing /home/beatriz/Documentos/airflow/airflow_venv/lib/python3.10/site-packages/airflow/example_dags/example_branch_operator_decorator.py took 0.047 seconds
[2024-10-18T11:37:28.028-0300] {processor.py:161} INFO - Started process (PID=44230) to work on /home/beatriz/Documentos/airflow/airflow_venv/lib/python3.10/site-packages/airflow/example_dags/example_branch_operator_decorator.py
[2024-10-18T11:37:28.030-0300] {processor.py:830} INFO - Processing file /home/beatriz/Documentos/airflow/airflow_venv/lib/python3.10/site-packages/airflow/example_dags/example_branch_operator_decorator.py for tasks to queue
[2024-10-18T11:37:28.032-0300] {logging_mixin.py:188} INFO - [2024-10-18T11:37:28.032-0300] {dagbag.py:540} INFO - Filling up the DagBag from /home/beatriz/Documentos/airflow/airflow_venv/lib/python3.10/site-packages/airflow/example_dags/example_branch_operator_decorator.py
[2024-10-18T11:37:28.036-0300] {processor.py:842} WARNING - No viable dags retrieved from /home/beatriz/Documentos/airflow/airflow_venv/lib/python3.10/site-packages/airflow/example_dags/example_branch_operator_decorator.py
[2024-10-18T11:37:28.050-0300] {processor.py:183} INFO - Processing /home/beatriz/Documentos/airflow/airflow_venv/lib/python3.10/site-packages/airflow/example_dags/example_branch_operator_decorator.py took 0.030 seconds
[2024-10-18T11:38:40.410-0300] {processor.py:161} INFO - Started process (PID=45132) to work on /home/beatriz/Documentos/airflow/airflow_venv/lib/python3.10/site-packages/airflow/example_dags/example_branch_operator_decorator.py
[2024-10-18T11:38:40.413-0300] {processor.py:830} INFO - Processing file /home/beatriz/Documentos/airflow/airflow_venv/lib/python3.10/site-packages/airflow/example_dags/example_branch_operator_decorator.py for tasks to queue
[2024-10-18T11:38:40.415-0300] {logging_mixin.py:188} INFO - [2024-10-18T11:38:40.415-0300] {dagbag.py:540} INFO - Filling up the DagBag from /home/beatriz/Documentos/airflow/airflow_venv/lib/python3.10/site-packages/airflow/example_dags/example_branch_operator_decorator.py
[2024-10-18T11:38:40.419-0300] {processor.py:842} WARNING - No viable dags retrieved from /home/beatriz/Documentos/airflow/airflow_venv/lib/python3.10/site-packages/airflow/example_dags/example_branch_operator_decorator.py
[2024-10-18T11:38:40.433-0300] {processor.py:183} INFO - Processing /home/beatriz/Documentos/airflow/airflow_venv/lib/python3.10/site-packages/airflow/example_dags/example_branch_operator_decorator.py took 0.031 seconds
[2024-10-18T11:39:49.192-0300] {processor.py:161} INFO - Started process (PID=46060) to work on /home/beatriz/Documentos/airflow/airflow_venv/lib/python3.10/site-packages/airflow/example_dags/example_branch_operator_decorator.py
[2024-10-18T11:39:49.194-0300] {processor.py:830} INFO - Processing file /home/beatriz/Documentos/airflow/airflow_venv/lib/python3.10/site-packages/airflow/example_dags/example_branch_operator_decorator.py for tasks to queue
[2024-10-18T11:39:49.195-0300] {logging_mixin.py:188} INFO - [2024-10-18T11:39:49.195-0300] {dagbag.py:540} INFO - Filling up the DagBag from /home/beatriz/Documentos/airflow/airflow_venv/lib/python3.10/site-packages/airflow/example_dags/example_branch_operator_decorator.py
[2024-10-18T11:39:49.197-0300] {processor.py:842} WARNING - No viable dags retrieved from /home/beatriz/Documentos/airflow/airflow_venv/lib/python3.10/site-packages/airflow/example_dags/example_branch_operator_decorator.py
[2024-10-18T11:39:49.206-0300] {processor.py:183} INFO - Processing /home/beatriz/Documentos/airflow/airflow_venv/lib/python3.10/site-packages/airflow/example_dags/example_branch_operator_decorator.py took 0.019 seconds
[2024-10-18T11:41:01.900-0300] {processor.py:161} INFO - Started process (PID=47171) to work on /home/beatriz/Documentos/airflow/airflow_venv/lib/python3.10/site-packages/airflow/example_dags/example_branch_operator_decorator.py
[2024-10-18T11:41:01.903-0300] {processor.py:830} INFO - Processing file /home/beatriz/Documentos/airflow/airflow_venv/lib/python3.10/site-packages/airflow/example_dags/example_branch_operator_decorator.py for tasks to queue
[2024-10-18T11:41:01.906-0300] {logging_mixin.py:188} INFO - [2024-10-18T11:41:01.905-0300] {dagbag.py:540} INFO - Filling up the DagBag from /home/beatriz/Documentos/airflow/airflow_venv/lib/python3.10/site-packages/airflow/example_dags/example_branch_operator_decorator.py
[2024-10-18T11:41:01.911-0300] {processor.py:842} WARNING - No viable dags retrieved from /home/beatriz/Documentos/airflow/airflow_venv/lib/python3.10/site-packages/airflow/example_dags/example_branch_operator_decorator.py
[2024-10-18T11:41:01.926-0300] {processor.py:183} INFO - Processing /home/beatriz/Documentos/airflow/airflow_venv/lib/python3.10/site-packages/airflow/example_dags/example_branch_operator_decorator.py took 0.037 seconds
[2024-10-18T11:42:14.889-0300] {processor.py:161} INFO - Started process (PID=48540) to work on /home/beatriz/Documentos/airflow/airflow_venv/lib/python3.10/site-packages/airflow/example_dags/example_branch_operator_decorator.py
[2024-10-18T11:42:14.892-0300] {processor.py:830} INFO - Processing file /home/beatriz/Documentos/airflow/airflow_venv/lib/python3.10/site-packages/airflow/example_dags/example_branch_operator_decorator.py for tasks to queue
[2024-10-18T11:42:14.893-0300] {logging_mixin.py:188} INFO - [2024-10-18T11:42:14.893-0300] {dagbag.py:540} INFO - Filling up the DagBag from /home/beatriz/Documentos/airflow/airflow_venv/lib/python3.10/site-packages/airflow/example_dags/example_branch_operator_decorator.py
[2024-10-18T11:42:14.896-0300] {processor.py:842} WARNING - No viable dags retrieved from /home/beatriz/Documentos/airflow/airflow_venv/lib/python3.10/site-packages/airflow/example_dags/example_branch_operator_decorator.py
[2024-10-18T11:42:14.907-0300] {processor.py:183} INFO - Processing /home/beatriz/Documentos/airflow/airflow_venv/lib/python3.10/site-packages/airflow/example_dags/example_branch_operator_decorator.py took 0.023 seconds
[2024-10-18T11:43:29.460-0300] {processor.py:161} INFO - Started process (PID=49600) to work on /home/beatriz/Documentos/airflow/airflow_venv/lib/python3.10/site-packages/airflow/example_dags/example_branch_operator_decorator.py
[2024-10-18T11:43:29.463-0300] {processor.py:830} INFO - Processing file /home/beatriz/Documentos/airflow/airflow_venv/lib/python3.10/site-packages/airflow/example_dags/example_branch_operator_decorator.py for tasks to queue
[2024-10-18T11:43:29.466-0300] {logging_mixin.py:188} INFO - [2024-10-18T11:43:29.466-0300] {dagbag.py:540} INFO - Filling up the DagBag from /home/beatriz/Documentos/airflow/airflow_venv/lib/python3.10/site-packages/airflow/example_dags/example_branch_operator_decorator.py
[2024-10-18T11:43:29.472-0300] {processor.py:842} WARNING - No viable dags retrieved from /home/beatriz/Documentos/airflow/airflow_venv/lib/python3.10/site-packages/airflow/example_dags/example_branch_operator_decorator.py
[2024-10-18T11:43:29.486-0300] {processor.py:183} INFO - Processing /home/beatriz/Documentos/airflow/airflow_venv/lib/python3.10/site-packages/airflow/example_dags/example_branch_operator_decorator.py took 0.038 seconds
[2024-10-18T11:44:35.199-0300] {processor.py:161} INFO - Started process (PID=50468) to work on /home/beatriz/Documentos/airflow/airflow_venv/lib/python3.10/site-packages/airflow/example_dags/example_branch_operator_decorator.py
[2024-10-18T11:44:35.202-0300] {processor.py:830} INFO - Processing file /home/beatriz/Documentos/airflow/airflow_venv/lib/python3.10/site-packages/airflow/example_dags/example_branch_operator_decorator.py for tasks to queue
[2024-10-18T11:44:35.205-0300] {logging_mixin.py:188} INFO - [2024-10-18T11:44:35.205-0300] {dagbag.py:540} INFO - Filling up the DagBag from /home/beatriz/Documentos/airflow/airflow_venv/lib/python3.10/site-packages/airflow/example_dags/example_branch_operator_decorator.py
[2024-10-18T11:44:35.210-0300] {processor.py:842} WARNING - No viable dags retrieved from /home/beatriz/Documentos/airflow/airflow_venv/lib/python3.10/site-packages/airflow/example_dags/example_branch_operator_decorator.py
[2024-10-18T11:44:35.225-0300] {processor.py:183} INFO - Processing /home/beatriz/Documentos/airflow/airflow_venv/lib/python3.10/site-packages/airflow/example_dags/example_branch_operator_decorator.py took 0.036 seconds
[2024-10-18T11:45:45.551-0300] {processor.py:161} INFO - Started process (PID=51476) to work on /home/beatriz/Documentos/airflow/airflow_venv/lib/python3.10/site-packages/airflow/example_dags/example_branch_operator_decorator.py
[2024-10-18T11:45:45.553-0300] {processor.py:830} INFO - Processing file /home/beatriz/Documentos/airflow/airflow_venv/lib/python3.10/site-packages/airflow/example_dags/example_branch_operator_decorator.py for tasks to queue
[2024-10-18T11:45:45.554-0300] {logging_mixin.py:188} INFO - [2024-10-18T11:45:45.554-0300] {dagbag.py:540} INFO - Filling up the DagBag from /home/beatriz/Documentos/airflow/airflow_venv/lib/python3.10/site-packages/airflow/example_dags/example_branch_operator_decorator.py
[2024-10-18T11:45:45.557-0300] {processor.py:842} WARNING - No viable dags retrieved from /home/beatriz/Documentos/airflow/airflow_venv/lib/python3.10/site-packages/airflow/example_dags/example_branch_operator_decorator.py
[2024-10-18T11:45:45.568-0300] {processor.py:183} INFO - Processing /home/beatriz/Documentos/airflow/airflow_venv/lib/python3.10/site-packages/airflow/example_dags/example_branch_operator_decorator.py took 0.022 seconds
[2024-10-18T11:46:57.249-0300] {processor.py:161} INFO - Started process (PID=52503) to work on /home/beatriz/Documentos/airflow/airflow_venv/lib/python3.10/site-packages/airflow/example_dags/example_branch_operator_decorator.py
[2024-10-18T11:46:57.251-0300] {processor.py:830} INFO - Processing file /home/beatriz/Documentos/airflow/airflow_venv/lib/python3.10/site-packages/airflow/example_dags/example_branch_operator_decorator.py for tasks to queue
[2024-10-18T11:46:57.253-0300] {logging_mixin.py:188} INFO - [2024-10-18T11:46:57.252-0300] {dagbag.py:540} INFO - Filling up the DagBag from /home/beatriz/Documentos/airflow/airflow_venv/lib/python3.10/site-packages/airflow/example_dags/example_branch_operator_decorator.py
[2024-10-18T11:46:57.254-0300] {processor.py:842} WARNING - No viable dags retrieved from /home/beatriz/Documentos/airflow/airflow_venv/lib/python3.10/site-packages/airflow/example_dags/example_branch_operator_decorator.py
[2024-10-18T11:46:57.262-0300] {processor.py:183} INFO - Processing /home/beatriz/Documentos/airflow/airflow_venv/lib/python3.10/site-packages/airflow/example_dags/example_branch_operator_decorator.py took 0.017 seconds
[2024-10-18T11:48:04.869-0300] {processor.py:161} INFO - Started process (PID=53436) to work on /home/beatriz/Documentos/airflow/airflow_venv/lib/python3.10/site-packages/airflow/example_dags/example_branch_operator_decorator.py
[2024-10-18T11:48:04.871-0300] {processor.py:830} INFO - Processing file /home/beatriz/Documentos/airflow/airflow_venv/lib/python3.10/site-packages/airflow/example_dags/example_branch_operator_decorator.py for tasks to queue
[2024-10-18T11:48:04.872-0300] {logging_mixin.py:188} INFO - [2024-10-18T11:48:04.872-0300] {dagbag.py:540} INFO - Filling up the DagBag from /home/beatriz/Documentos/airflow/airflow_venv/lib/python3.10/site-packages/airflow/example_dags/example_branch_operator_decorator.py
[2024-10-18T11:48:04.875-0300] {processor.py:842} WARNING - No viable dags retrieved from /home/beatriz/Documentos/airflow/airflow_venv/lib/python3.10/site-packages/airflow/example_dags/example_branch_operator_decorator.py
[2024-10-18T11:48:04.884-0300] {processor.py:183} INFO - Processing /home/beatriz/Documentos/airflow/airflow_venv/lib/python3.10/site-packages/airflow/example_dags/example_branch_operator_decorator.py took 0.020 seconds
[2024-10-18T11:49:14.137-0300] {processor.py:161} INFO - Started process (PID=54449) to work on /home/beatriz/Documentos/airflow/airflow_venv/lib/python3.10/site-packages/airflow/example_dags/example_branch_operator_decorator.py
[2024-10-18T11:49:14.139-0300] {processor.py:830} INFO - Processing file /home/beatriz/Documentos/airflow/airflow_venv/lib/python3.10/site-packages/airflow/example_dags/example_branch_operator_decorator.py for tasks to queue
[2024-10-18T11:49:14.140-0300] {logging_mixin.py:188} INFO - [2024-10-18T11:49:14.140-0300] {dagbag.py:540} INFO - Filling up the DagBag from /home/beatriz/Documentos/airflow/airflow_venv/lib/python3.10/site-packages/airflow/example_dags/example_branch_operator_decorator.py
[2024-10-18T11:49:14.142-0300] {processor.py:842} WARNING - No viable dags retrieved from /home/beatriz/Documentos/airflow/airflow_venv/lib/python3.10/site-packages/airflow/example_dags/example_branch_operator_decorator.py
[2024-10-18T11:49:14.152-0300] {processor.py:183} INFO - Processing /home/beatriz/Documentos/airflow/airflow_venv/lib/python3.10/site-packages/airflow/example_dags/example_branch_operator_decorator.py took 0.020 seconds
[2024-10-18T11:50:22.408-0300] {processor.py:161} INFO - Started process (PID=55524) to work on /home/beatriz/Documentos/airflow/airflow_venv/lib/python3.10/site-packages/airflow/example_dags/example_branch_operator_decorator.py
[2024-10-18T11:50:22.411-0300] {processor.py:830} INFO - Processing file /home/beatriz/Documentos/airflow/airflow_venv/lib/python3.10/site-packages/airflow/example_dags/example_branch_operator_decorator.py for tasks to queue
[2024-10-18T11:50:22.412-0300] {logging_mixin.py:188} INFO - [2024-10-18T11:50:22.412-0300] {dagbag.py:540} INFO - Filling up the DagBag from /home/beatriz/Documentos/airflow/airflow_venv/lib/python3.10/site-packages/airflow/example_dags/example_branch_operator_decorator.py
[2024-10-18T11:50:22.414-0300] {processor.py:842} WARNING - No viable dags retrieved from /home/beatriz/Documentos/airflow/airflow_venv/lib/python3.10/site-packages/airflow/example_dags/example_branch_operator_decorator.py
[2024-10-18T11:50:22.422-0300] {processor.py:183} INFO - Processing /home/beatriz/Documentos/airflow/airflow_venv/lib/python3.10/site-packages/airflow/example_dags/example_branch_operator_decorator.py took 0.018 seconds
[2024-10-18T11:51:28.988-0300] {processor.py:161} INFO - Started process (PID=56467) to work on /home/beatriz/Documentos/airflow/airflow_venv/lib/python3.10/site-packages/airflow/example_dags/example_branch_operator_decorator.py
[2024-10-18T11:51:28.991-0300] {processor.py:830} INFO - Processing file /home/beatriz/Documentos/airflow/airflow_venv/lib/python3.10/site-packages/airflow/example_dags/example_branch_operator_decorator.py for tasks to queue
[2024-10-18T11:51:28.994-0300] {logging_mixin.py:188} INFO - [2024-10-18T11:51:28.993-0300] {dagbag.py:540} INFO - Filling up the DagBag from /home/beatriz/Documentos/airflow/airflow_venv/lib/python3.10/site-packages/airflow/example_dags/example_branch_operator_decorator.py
[2024-10-18T11:51:28.999-0300] {processor.py:842} WARNING - No viable dags retrieved from /home/beatriz/Documentos/airflow/airflow_venv/lib/python3.10/site-packages/airflow/example_dags/example_branch_operator_decorator.py
[2024-10-18T11:51:29.013-0300] {processor.py:183} INFO - Processing /home/beatriz/Documentos/airflow/airflow_venv/lib/python3.10/site-packages/airflow/example_dags/example_branch_operator_decorator.py took 0.037 seconds
[2024-10-18T11:52:36.987-0300] {processor.py:161} INFO - Started process (PID=57412) to work on /home/beatriz/Documentos/airflow/airflow_venv/lib/python3.10/site-packages/airflow/example_dags/example_branch_operator_decorator.py
[2024-10-18T11:52:36.989-0300] {processor.py:830} INFO - Processing file /home/beatriz/Documentos/airflow/airflow_venv/lib/python3.10/site-packages/airflow/example_dags/example_branch_operator_decorator.py for tasks to queue
[2024-10-18T11:52:36.990-0300] {logging_mixin.py:188} INFO - [2024-10-18T11:52:36.990-0300] {dagbag.py:540} INFO - Filling up the DagBag from /home/beatriz/Documentos/airflow/airflow_venv/lib/python3.10/site-packages/airflow/example_dags/example_branch_operator_decorator.py
[2024-10-18T11:52:36.992-0300] {processor.py:842} WARNING - No viable dags retrieved from /home/beatriz/Documentos/airflow/airflow_venv/lib/python3.10/site-packages/airflow/example_dags/example_branch_operator_decorator.py
[2024-10-18T11:52:37.001-0300] {processor.py:183} INFO - Processing /home/beatriz/Documentos/airflow/airflow_venv/lib/python3.10/site-packages/airflow/example_dags/example_branch_operator_decorator.py took 0.019 seconds
[2024-10-18T11:53:43.932-0300] {processor.py:161} INFO - Started process (PID=58294) to work on /home/beatriz/Documentos/airflow/airflow_venv/lib/python3.10/site-packages/airflow/example_dags/example_branch_operator_decorator.py
[2024-10-18T11:53:43.934-0300] {processor.py:830} INFO - Processing file /home/beatriz/Documentos/airflow/airflow_venv/lib/python3.10/site-packages/airflow/example_dags/example_branch_operator_decorator.py for tasks to queue
[2024-10-18T11:53:43.936-0300] {logging_mixin.py:188} INFO - [2024-10-18T11:53:43.935-0300] {dagbag.py:540} INFO - Filling up the DagBag from /home/beatriz/Documentos/airflow/airflow_venv/lib/python3.10/site-packages/airflow/example_dags/example_branch_operator_decorator.py
[2024-10-18T11:53:43.939-0300] {processor.py:842} WARNING - No viable dags retrieved from /home/beatriz/Documentos/airflow/airflow_venv/lib/python3.10/site-packages/airflow/example_dags/example_branch_operator_decorator.py
[2024-10-18T11:53:43.950-0300] {processor.py:183} INFO - Processing /home/beatriz/Documentos/airflow/airflow_venv/lib/python3.10/site-packages/airflow/example_dags/example_branch_operator_decorator.py took 0.023 seconds
[2024-10-18T11:54:54.888-0300] {processor.py:161} INFO - Started process (PID=59230) to work on /home/beatriz/Documentos/airflow/airflow_venv/lib/python3.10/site-packages/airflow/example_dags/example_branch_operator_decorator.py
[2024-10-18T11:54:54.891-0300] {processor.py:830} INFO - Processing file /home/beatriz/Documentos/airflow/airflow_venv/lib/python3.10/site-packages/airflow/example_dags/example_branch_operator_decorator.py for tasks to queue
[2024-10-18T11:54:54.894-0300] {logging_mixin.py:188} INFO - [2024-10-18T11:54:54.893-0300] {dagbag.py:540} INFO - Filling up the DagBag from /home/beatriz/Documentos/airflow/airflow_venv/lib/python3.10/site-packages/airflow/example_dags/example_branch_operator_decorator.py
[2024-10-18T11:54:54.898-0300] {processor.py:842} WARNING - No viable dags retrieved from /home/beatriz/Documentos/airflow/airflow_venv/lib/python3.10/site-packages/airflow/example_dags/example_branch_operator_decorator.py
[2024-10-18T11:54:54.913-0300] {processor.py:183} INFO - Processing /home/beatriz/Documentos/airflow/airflow_venv/lib/python3.10/site-packages/airflow/example_dags/example_branch_operator_decorator.py took 0.036 seconds
[2024-10-18T11:56:04.126-0300] {processor.py:161} INFO - Started process (PID=60185) to work on /home/beatriz/Documentos/airflow/airflow_venv/lib/python3.10/site-packages/airflow/example_dags/example_branch_operator_decorator.py
[2024-10-18T11:56:04.129-0300] {processor.py:830} INFO - Processing file /home/beatriz/Documentos/airflow/airflow_venv/lib/python3.10/site-packages/airflow/example_dags/example_branch_operator_decorator.py for tasks to queue
[2024-10-18T11:56:04.130-0300] {logging_mixin.py:188} INFO - [2024-10-18T11:56:04.130-0300] {dagbag.py:540} INFO - Filling up the DagBag from /home/beatriz/Documentos/airflow/airflow_venv/lib/python3.10/site-packages/airflow/example_dags/example_branch_operator_decorator.py
[2024-10-18T11:56:04.132-0300] {processor.py:842} WARNING - No viable dags retrieved from /home/beatriz/Documentos/airflow/airflow_venv/lib/python3.10/site-packages/airflow/example_dags/example_branch_operator_decorator.py
[2024-10-18T11:56:04.142-0300] {processor.py:183} INFO - Processing /home/beatriz/Documentos/airflow/airflow_venv/lib/python3.10/site-packages/airflow/example_dags/example_branch_operator_decorator.py took 0.020 seconds
[2024-10-18T11:57:39.312-0300] {processor.py:161} INFO - Started process (PID=62085) to work on /home/beatriz/Documentos/airflow/airflow_venv/lib/python3.10/site-packages/airflow/example_dags/example_branch_operator_decorator.py
[2024-10-18T11:57:39.318-0300] {processor.py:830} INFO - Processing file /home/beatriz/Documentos/airflow/airflow_venv/lib/python3.10/site-packages/airflow/example_dags/example_branch_operator_decorator.py for tasks to queue
[2024-10-18T11:57:39.320-0300] {logging_mixin.py:188} INFO - [2024-10-18T11:57:39.320-0300] {dagbag.py:540} INFO - Filling up the DagBag from /home/beatriz/Documentos/airflow/airflow_venv/lib/python3.10/site-packages/airflow/example_dags/example_branch_operator_decorator.py
[2024-10-18T11:57:39.323-0300] {processor.py:842} WARNING - No viable dags retrieved from /home/beatriz/Documentos/airflow/airflow_venv/lib/python3.10/site-packages/airflow/example_dags/example_branch_operator_decorator.py
[2024-10-18T11:57:39.336-0300] {processor.py:183} INFO - Processing /home/beatriz/Documentos/airflow/airflow_venv/lib/python3.10/site-packages/airflow/example_dags/example_branch_operator_decorator.py took 0.032 seconds
[2024-10-18T11:58:51.517-0300] {processor.py:161} INFO - Started process (PID=62982) to work on /home/beatriz/Documentos/airflow/airflow_venv/lib/python3.10/site-packages/airflow/example_dags/example_branch_operator_decorator.py
[2024-10-18T11:58:51.519-0300] {processor.py:830} INFO - Processing file /home/beatriz/Documentos/airflow/airflow_venv/lib/python3.10/site-packages/airflow/example_dags/example_branch_operator_decorator.py for tasks to queue
[2024-10-18T11:58:51.521-0300] {logging_mixin.py:188} INFO - [2024-10-18T11:58:51.521-0300] {dagbag.py:540} INFO - Filling up the DagBag from /home/beatriz/Documentos/airflow/airflow_venv/lib/python3.10/site-packages/airflow/example_dags/example_branch_operator_decorator.py
[2024-10-18T11:58:51.523-0300] {processor.py:842} WARNING - No viable dags retrieved from /home/beatriz/Documentos/airflow/airflow_venv/lib/python3.10/site-packages/airflow/example_dags/example_branch_operator_decorator.py
[2024-10-18T11:58:51.531-0300] {processor.py:183} INFO - Processing /home/beatriz/Documentos/airflow/airflow_venv/lib/python3.10/site-packages/airflow/example_dags/example_branch_operator_decorator.py took 0.019 seconds
[2024-10-18T12:00:00.594-0300] {processor.py:161} INFO - Started process (PID=64025) to work on /home/beatriz/Documentos/airflow/airflow_venv/lib/python3.10/site-packages/airflow/example_dags/example_branch_operator_decorator.py
[2024-10-18T12:00:00.597-0300] {processor.py:830} INFO - Processing file /home/beatriz/Documentos/airflow/airflow_venv/lib/python3.10/site-packages/airflow/example_dags/example_branch_operator_decorator.py for tasks to queue
[2024-10-18T12:00:00.599-0300] {logging_mixin.py:188} INFO - [2024-10-18T12:00:00.598-0300] {dagbag.py:540} INFO - Filling up the DagBag from /home/beatriz/Documentos/airflow/airflow_venv/lib/python3.10/site-packages/airflow/example_dags/example_branch_operator_decorator.py
[2024-10-18T12:00:00.604-0300] {processor.py:842} WARNING - No viable dags retrieved from /home/beatriz/Documentos/airflow/airflow_venv/lib/python3.10/site-packages/airflow/example_dags/example_branch_operator_decorator.py
[2024-10-18T12:00:00.621-0300] {processor.py:183} INFO - Processing /home/beatriz/Documentos/airflow/airflow_venv/lib/python3.10/site-packages/airflow/example_dags/example_branch_operator_decorator.py took 0.034 seconds
[2024-10-18T12:01:14.566-0300] {processor.py:161} INFO - Started process (PID=65013) to work on /home/beatriz/Documentos/airflow/airflow_venv/lib/python3.10/site-packages/airflow/example_dags/example_branch_operator_decorator.py
[2024-10-18T12:01:14.568-0300] {processor.py:830} INFO - Processing file /home/beatriz/Documentos/airflow/airflow_venv/lib/python3.10/site-packages/airflow/example_dags/example_branch_operator_decorator.py for tasks to queue
[2024-10-18T12:01:14.570-0300] {logging_mixin.py:188} INFO - [2024-10-18T12:01:14.569-0300] {dagbag.py:540} INFO - Filling up the DagBag from /home/beatriz/Documentos/airflow/airflow_venv/lib/python3.10/site-packages/airflow/example_dags/example_branch_operator_decorator.py
[2024-10-18T12:01:14.572-0300] {processor.py:842} WARNING - No viable dags retrieved from /home/beatriz/Documentos/airflow/airflow_venv/lib/python3.10/site-packages/airflow/example_dags/example_branch_operator_decorator.py
[2024-10-18T12:01:14.580-0300] {processor.py:183} INFO - Processing /home/beatriz/Documentos/airflow/airflow_venv/lib/python3.10/site-packages/airflow/example_dags/example_branch_operator_decorator.py took 0.019 seconds
[2024-10-18T15:14:41.062-0300] {processor.py:161} INFO - Started process (PID=27617) to work on /home/beatriz/Documentos/airflow/airflow_venv/lib/python3.10/site-packages/airflow/example_dags/example_branch_operator_decorator.py
[2024-10-18T15:14:41.065-0300] {processor.py:830} INFO - Processing file /home/beatriz/Documentos/airflow/airflow_venv/lib/python3.10/site-packages/airflow/example_dags/example_branch_operator_decorator.py for tasks to queue
[2024-10-18T15:14:41.067-0300] {logging_mixin.py:188} INFO - [2024-10-18T15:14:41.066-0300] {dagbag.py:540} INFO - Filling up the DagBag from /home/beatriz/Documentos/airflow/airflow_venv/lib/python3.10/site-packages/airflow/example_dags/example_branch_operator_decorator.py
[2024-10-18T15:14:41.070-0300] {processor.py:842} WARNING - No viable dags retrieved from /home/beatriz/Documentos/airflow/airflow_venv/lib/python3.10/site-packages/airflow/example_dags/example_branch_operator_decorator.py
[2024-10-18T15:14:41.078-0300] {processor.py:183} INFO - Processing /home/beatriz/Documentos/airflow/airflow_venv/lib/python3.10/site-packages/airflow/example_dags/example_branch_operator_decorator.py took 0.021 seconds
[2024-10-18T15:15:39.652-0300] {processor.py:161} INFO - Started process (PID=27830) to work on /home/beatriz/Documentos/airflow/airflow_venv/lib/python3.10/site-packages/airflow/example_dags/example_branch_operator_decorator.py
[2024-10-18T15:15:39.654-0300] {processor.py:830} INFO - Processing file /home/beatriz/Documentos/airflow/airflow_venv/lib/python3.10/site-packages/airflow/example_dags/example_branch_operator_decorator.py for tasks to queue
[2024-10-18T15:15:39.655-0300] {logging_mixin.py:188} INFO - [2024-10-18T15:15:39.655-0300] {dagbag.py:540} INFO - Filling up the DagBag from /home/beatriz/Documentos/airflow/airflow_venv/lib/python3.10/site-packages/airflow/example_dags/example_branch_operator_decorator.py
[2024-10-18T15:15:39.657-0300] {processor.py:842} WARNING - No viable dags retrieved from /home/beatriz/Documentos/airflow/airflow_venv/lib/python3.10/site-packages/airflow/example_dags/example_branch_operator_decorator.py
[2024-10-18T15:15:39.665-0300] {processor.py:183} INFO - Processing /home/beatriz/Documentos/airflow/airflow_venv/lib/python3.10/site-packages/airflow/example_dags/example_branch_operator_decorator.py took 0.017 seconds
[2024-10-18T15:25:16.154-0300] {processor.py:161} INFO - Started process (PID=28854) to work on /home/beatriz/Documentos/airflow/airflow_venv/lib/python3.10/site-packages/airflow/example_dags/example_branch_operator_decorator.py
[2024-10-18T15:25:16.158-0300] {processor.py:830} INFO - Processing file /home/beatriz/Documentos/airflow/airflow_venv/lib/python3.10/site-packages/airflow/example_dags/example_branch_operator_decorator.py for tasks to queue
[2024-10-18T15:25:16.160-0300] {logging_mixin.py:188} INFO - [2024-10-18T15:25:16.159-0300] {dagbag.py:540} INFO - Filling up the DagBag from /home/beatriz/Documentos/airflow/airflow_venv/lib/python3.10/site-packages/airflow/example_dags/example_branch_operator_decorator.py
[2024-10-18T15:25:16.162-0300] {processor.py:842} WARNING - No viable dags retrieved from /home/beatriz/Documentos/airflow/airflow_venv/lib/python3.10/site-packages/airflow/example_dags/example_branch_operator_decorator.py
[2024-10-18T15:25:16.172-0300] {processor.py:183} INFO - Processing /home/beatriz/Documentos/airflow/airflow_venv/lib/python3.10/site-packages/airflow/example_dags/example_branch_operator_decorator.py took 0.027 seconds
[2024-10-18T15:26:11.446-0300] {processor.py:161} INFO - Started process (PID=29028) to work on /home/beatriz/Documentos/airflow/airflow_venv/lib/python3.10/site-packages/airflow/example_dags/example_branch_operator_decorator.py
[2024-10-18T15:26:11.448-0300] {processor.py:830} INFO - Processing file /home/beatriz/Documentos/airflow/airflow_venv/lib/python3.10/site-packages/airflow/example_dags/example_branch_operator_decorator.py for tasks to queue
[2024-10-18T15:26:11.449-0300] {logging_mixin.py:188} INFO - [2024-10-18T15:26:11.449-0300] {dagbag.py:540} INFO - Filling up the DagBag from /home/beatriz/Documentos/airflow/airflow_venv/lib/python3.10/site-packages/airflow/example_dags/example_branch_operator_decorator.py
[2024-10-18T15:26:11.451-0300] {processor.py:842} WARNING - No viable dags retrieved from /home/beatriz/Documentos/airflow/airflow_venv/lib/python3.10/site-packages/airflow/example_dags/example_branch_operator_decorator.py
[2024-10-18T15:26:11.459-0300] {processor.py:183} INFO - Processing /home/beatriz/Documentos/airflow/airflow_venv/lib/python3.10/site-packages/airflow/example_dags/example_branch_operator_decorator.py took 0.018 seconds
[2024-10-18T15:27:07.160-0300] {processor.py:161} INFO - Started process (PID=29210) to work on /home/beatriz/Documentos/airflow/airflow_venv/lib/python3.10/site-packages/airflow/example_dags/example_branch_operator_decorator.py
[2024-10-18T15:27:07.163-0300] {processor.py:830} INFO - Processing file /home/beatriz/Documentos/airflow/airflow_venv/lib/python3.10/site-packages/airflow/example_dags/example_branch_operator_decorator.py for tasks to queue
[2024-10-18T15:27:07.166-0300] {logging_mixin.py:188} INFO - [2024-10-18T15:27:07.165-0300] {dagbag.py:540} INFO - Filling up the DagBag from /home/beatriz/Documentos/airflow/airflow_venv/lib/python3.10/site-packages/airflow/example_dags/example_branch_operator_decorator.py
[2024-10-18T15:27:07.171-0300] {processor.py:842} WARNING - No viable dags retrieved from /home/beatriz/Documentos/airflow/airflow_venv/lib/python3.10/site-packages/airflow/example_dags/example_branch_operator_decorator.py
[2024-10-18T15:27:07.185-0300] {processor.py:183} INFO - Processing /home/beatriz/Documentos/airflow/airflow_venv/lib/python3.10/site-packages/airflow/example_dags/example_branch_operator_decorator.py took 0.036 seconds
[2024-10-18T15:33:35.412-0300] {processor.py:161} INFO - Started process (PID=30835) to work on /home/beatriz/Documentos/airflow/airflow_venv/lib/python3.10/site-packages/airflow/example_dags/example_branch_operator_decorator.py
[2024-10-18T15:33:35.415-0300] {processor.py:830} INFO - Processing file /home/beatriz/Documentos/airflow/airflow_venv/lib/python3.10/site-packages/airflow/example_dags/example_branch_operator_decorator.py for tasks to queue
[2024-10-18T15:33:35.417-0300] {logging_mixin.py:188} INFO - [2024-10-18T15:33:35.417-0300] {dagbag.py:540} INFO - Filling up the DagBag from /home/beatriz/Documentos/airflow/airflow_venv/lib/python3.10/site-packages/airflow/example_dags/example_branch_operator_decorator.py
[2024-10-18T15:33:35.420-0300] {processor.py:842} WARNING - No viable dags retrieved from /home/beatriz/Documentos/airflow/airflow_venv/lib/python3.10/site-packages/airflow/example_dags/example_branch_operator_decorator.py
[2024-10-18T15:33:35.431-0300] {processor.py:183} INFO - Processing /home/beatriz/Documentos/airflow/airflow_venv/lib/python3.10/site-packages/airflow/example_dags/example_branch_operator_decorator.py took 0.027 seconds
[2024-10-18T15:58:37.695-0300] {processor.py:161} INFO - Started process (PID=4775) to work on /home/beatriz/Documentos/airflow/airflow_venv/lib/python3.10/site-packages/airflow/example_dags/example_branch_operator_decorator.py
[2024-10-18T15:58:37.697-0300] {processor.py:830} INFO - Processing file /home/beatriz/Documentos/airflow/airflow_venv/lib/python3.10/site-packages/airflow/example_dags/example_branch_operator_decorator.py for tasks to queue
[2024-10-18T15:58:37.698-0300] {logging_mixin.py:188} INFO - [2024-10-18T15:58:37.698-0300] {dagbag.py:540} INFO - Filling up the DagBag from /home/beatriz/Documentos/airflow/airflow_venv/lib/python3.10/site-packages/airflow/example_dags/example_branch_operator_decorator.py
[2024-10-18T15:58:37.700-0300] {processor.py:842} WARNING - No viable dags retrieved from /home/beatriz/Documentos/airflow/airflow_venv/lib/python3.10/site-packages/airflow/example_dags/example_branch_operator_decorator.py
[2024-10-18T15:58:37.706-0300] {processor.py:183} INFO - Processing /home/beatriz/Documentos/airflow/airflow_venv/lib/python3.10/site-packages/airflow/example_dags/example_branch_operator_decorator.py took 0.015 seconds
[2024-10-18T15:59:39.772-0300] {processor.py:161} INFO - Started process (PID=5041) to work on /home/beatriz/Documentos/airflow/airflow_venv/lib/python3.10/site-packages/airflow/example_dags/example_branch_operator_decorator.py
[2024-10-18T15:59:39.775-0300] {processor.py:830} INFO - Processing file /home/beatriz/Documentos/airflow/airflow_venv/lib/python3.10/site-packages/airflow/example_dags/example_branch_operator_decorator.py for tasks to queue
[2024-10-18T15:59:39.777-0300] {logging_mixin.py:188} INFO - [2024-10-18T15:59:39.776-0300] {dagbag.py:540} INFO - Filling up the DagBag from /home/beatriz/Documentos/airflow/airflow_venv/lib/python3.10/site-packages/airflow/example_dags/example_branch_operator_decorator.py
[2024-10-18T15:59:39.781-0300] {processor.py:842} WARNING - No viable dags retrieved from /home/beatriz/Documentos/airflow/airflow_venv/lib/python3.10/site-packages/airflow/example_dags/example_branch_operator_decorator.py
[2024-10-18T15:59:39.794-0300] {processor.py:183} INFO - Processing /home/beatriz/Documentos/airflow/airflow_venv/lib/python3.10/site-packages/airflow/example_dags/example_branch_operator_decorator.py took 0.031 seconds
[2024-10-18T16:00:32.381-0300] {processor.py:161} INFO - Started process (PID=5214) to work on /home/beatriz/Documentos/airflow/airflow_venv/lib/python3.10/site-packages/airflow/example_dags/example_branch_operator_decorator.py
[2024-10-18T16:00:32.384-0300] {processor.py:830} INFO - Processing file /home/beatriz/Documentos/airflow/airflow_venv/lib/python3.10/site-packages/airflow/example_dags/example_branch_operator_decorator.py for tasks to queue
[2024-10-18T16:00:32.387-0300] {logging_mixin.py:188} INFO - [2024-10-18T16:00:32.386-0300] {dagbag.py:540} INFO - Filling up the DagBag from /home/beatriz/Documentos/airflow/airflow_venv/lib/python3.10/site-packages/airflow/example_dags/example_branch_operator_decorator.py
[2024-10-18T16:00:32.391-0300] {processor.py:842} WARNING - No viable dags retrieved from /home/beatriz/Documentos/airflow/airflow_venv/lib/python3.10/site-packages/airflow/example_dags/example_branch_operator_decorator.py
[2024-10-18T16:00:32.404-0300] {processor.py:183} INFO - Processing /home/beatriz/Documentos/airflow/airflow_venv/lib/python3.10/site-packages/airflow/example_dags/example_branch_operator_decorator.py took 0.032 seconds
[2024-10-18T16:01:43.679-0300] {processor.py:161} INFO - Started process (PID=5415) to work on /home/beatriz/Documentos/airflow/airflow_venv/lib/python3.10/site-packages/airflow/example_dags/example_branch_operator_decorator.py
[2024-10-18T16:01:43.681-0300] {processor.py:830} INFO - Processing file /home/beatriz/Documentos/airflow/airflow_venv/lib/python3.10/site-packages/airflow/example_dags/example_branch_operator_decorator.py for tasks to queue
[2024-10-18T16:01:43.682-0300] {logging_mixin.py:188} INFO - [2024-10-18T16:01:43.682-0300] {dagbag.py:540} INFO - Filling up the DagBag from /home/beatriz/Documentos/airflow/airflow_venv/lib/python3.10/site-packages/airflow/example_dags/example_branch_operator_decorator.py
[2024-10-18T16:01:43.684-0300] {processor.py:842} WARNING - No viable dags retrieved from /home/beatriz/Documentos/airflow/airflow_venv/lib/python3.10/site-packages/airflow/example_dags/example_branch_operator_decorator.py
[2024-10-18T16:01:43.693-0300] {processor.py:183} INFO - Processing /home/beatriz/Documentos/airflow/airflow_venv/lib/python3.10/site-packages/airflow/example_dags/example_branch_operator_decorator.py took 0.019 seconds
[2024-10-18T16:02:52.263-0300] {processor.py:161} INFO - Started process (PID=5705) to work on /home/beatriz/Documentos/airflow/airflow_venv/lib/python3.10/site-packages/airflow/example_dags/example_branch_operator_decorator.py
[2024-10-18T16:02:52.265-0300] {processor.py:830} INFO - Processing file /home/beatriz/Documentos/airflow/airflow_venv/lib/python3.10/site-packages/airflow/example_dags/example_branch_operator_decorator.py for tasks to queue
[2024-10-18T16:02:52.267-0300] {logging_mixin.py:188} INFO - [2024-10-18T16:02:52.266-0300] {dagbag.py:540} INFO - Filling up the DagBag from /home/beatriz/Documentos/airflow/airflow_venv/lib/python3.10/site-packages/airflow/example_dags/example_branch_operator_decorator.py
[2024-10-18T16:02:52.269-0300] {processor.py:842} WARNING - No viable dags retrieved from /home/beatriz/Documentos/airflow/airflow_venv/lib/python3.10/site-packages/airflow/example_dags/example_branch_operator_decorator.py
[2024-10-18T16:02:52.277-0300] {processor.py:183} INFO - Processing /home/beatriz/Documentos/airflow/airflow_venv/lib/python3.10/site-packages/airflow/example_dags/example_branch_operator_decorator.py took 0.018 seconds
[2024-10-18T16:04:43.790-0300] {processor.py:161} INFO - Started process (PID=6387) to work on /home/beatriz/Documentos/airflow/airflow_venv/lib/python3.10/site-packages/airflow/example_dags/example_branch_operator_decorator.py
[2024-10-18T16:04:43.791-0300] {processor.py:830} INFO - Processing file /home/beatriz/Documentos/airflow/airflow_venv/lib/python3.10/site-packages/airflow/example_dags/example_branch_operator_decorator.py for tasks to queue
[2024-10-18T16:04:43.792-0300] {logging_mixin.py:188} INFO - [2024-10-18T16:04:43.792-0300] {dagbag.py:540} INFO - Filling up the DagBag from /home/beatriz/Documentos/airflow/airflow_venv/lib/python3.10/site-packages/airflow/example_dags/example_branch_operator_decorator.py
[2024-10-18T16:04:43.794-0300] {processor.py:842} WARNING - No viable dags retrieved from /home/beatriz/Documentos/airflow/airflow_venv/lib/python3.10/site-packages/airflow/example_dags/example_branch_operator_decorator.py
[2024-10-18T16:04:43.800-0300] {processor.py:183} INFO - Processing /home/beatriz/Documentos/airflow/airflow_venv/lib/python3.10/site-packages/airflow/example_dags/example_branch_operator_decorator.py took 0.014 seconds
[2024-10-18T16:07:04.527-0300] {processor.py:161} INFO - Started process (PID=8967) to work on /home/beatriz/Documentos/airflow/airflow_venv/lib/python3.10/site-packages/airflow/example_dags/example_branch_operator_decorator.py
[2024-10-18T16:07:04.529-0300] {processor.py:830} INFO - Processing file /home/beatriz/Documentos/airflow/airflow_venv/lib/python3.10/site-packages/airflow/example_dags/example_branch_operator_decorator.py for tasks to queue
[2024-10-18T16:07:04.530-0300] {logging_mixin.py:188} INFO - [2024-10-18T16:07:04.530-0300] {dagbag.py:540} INFO - Filling up the DagBag from /home/beatriz/Documentos/airflow/airflow_venv/lib/python3.10/site-packages/airflow/example_dags/example_branch_operator_decorator.py
[2024-10-18T16:07:04.533-0300] {processor.py:842} WARNING - No viable dags retrieved from /home/beatriz/Documentos/airflow/airflow_venv/lib/python3.10/site-packages/airflow/example_dags/example_branch_operator_decorator.py
[2024-10-18T16:07:04.541-0300] {processor.py:183} INFO - Processing /home/beatriz/Documentos/airflow/airflow_venv/lib/python3.10/site-packages/airflow/example_dags/example_branch_operator_decorator.py took 0.019 seconds
[2024-10-18T16:08:17.893-0300] {processor.py:161} INFO - Started process (PID=10351) to work on /home/beatriz/Documentos/airflow/airflow_venv/lib/python3.10/site-packages/airflow/example_dags/example_branch_operator_decorator.py
[2024-10-18T16:08:17.894-0300] {processor.py:830} INFO - Processing file /home/beatriz/Documentos/airflow/airflow_venv/lib/python3.10/site-packages/airflow/example_dags/example_branch_operator_decorator.py for tasks to queue
[2024-10-18T16:08:17.895-0300] {logging_mixin.py:188} INFO - [2024-10-18T16:08:17.895-0300] {dagbag.py:540} INFO - Filling up the DagBag from /home/beatriz/Documentos/airflow/airflow_venv/lib/python3.10/site-packages/airflow/example_dags/example_branch_operator_decorator.py
[2024-10-18T16:08:17.897-0300] {processor.py:842} WARNING - No viable dags retrieved from /home/beatriz/Documentos/airflow/airflow_venv/lib/python3.10/site-packages/airflow/example_dags/example_branch_operator_decorator.py
[2024-10-18T16:08:17.907-0300] {processor.py:183} INFO - Processing /home/beatriz/Documentos/airflow/airflow_venv/lib/python3.10/site-packages/airflow/example_dags/example_branch_operator_decorator.py took 0.019 seconds
[2024-10-18T16:09:31.868-0300] {processor.py:161} INFO - Started process (PID=11364) to work on /home/beatriz/Documentos/airflow/airflow_venv/lib/python3.10/site-packages/airflow/example_dags/example_branch_operator_decorator.py
[2024-10-18T16:09:31.870-0300] {processor.py:830} INFO - Processing file /home/beatriz/Documentos/airflow/airflow_venv/lib/python3.10/site-packages/airflow/example_dags/example_branch_operator_decorator.py for tasks to queue
[2024-10-18T16:09:31.872-0300] {logging_mixin.py:188} INFO - [2024-10-18T16:09:31.872-0300] {dagbag.py:540} INFO - Filling up the DagBag from /home/beatriz/Documentos/airflow/airflow_venv/lib/python3.10/site-packages/airflow/example_dags/example_branch_operator_decorator.py
[2024-10-18T16:09:31.875-0300] {processor.py:842} WARNING - No viable dags retrieved from /home/beatriz/Documentos/airflow/airflow_venv/lib/python3.10/site-packages/airflow/example_dags/example_branch_operator_decorator.py
[2024-10-18T16:09:31.886-0300] {processor.py:183} INFO - Processing /home/beatriz/Documentos/airflow/airflow_venv/lib/python3.10/site-packages/airflow/example_dags/example_branch_operator_decorator.py took 0.024 seconds
[2024-10-18T16:10:45.751-0300] {processor.py:161} INFO - Started process (PID=12489) to work on /home/beatriz/Documentos/airflow/airflow_venv/lib/python3.10/site-packages/airflow/example_dags/example_branch_operator_decorator.py
[2024-10-18T16:10:45.754-0300] {processor.py:830} INFO - Processing file /home/beatriz/Documentos/airflow/airflow_venv/lib/python3.10/site-packages/airflow/example_dags/example_branch_operator_decorator.py for tasks to queue
[2024-10-18T16:10:45.756-0300] {logging_mixin.py:188} INFO - [2024-10-18T16:10:45.755-0300] {dagbag.py:540} INFO - Filling up the DagBag from /home/beatriz/Documentos/airflow/airflow_venv/lib/python3.10/site-packages/airflow/example_dags/example_branch_operator_decorator.py
[2024-10-18T16:10:45.758-0300] {processor.py:842} WARNING - No viable dags retrieved from /home/beatriz/Documentos/airflow/airflow_venv/lib/python3.10/site-packages/airflow/example_dags/example_branch_operator_decorator.py
[2024-10-18T16:10:45.766-0300] {processor.py:183} INFO - Processing /home/beatriz/Documentos/airflow/airflow_venv/lib/python3.10/site-packages/airflow/example_dags/example_branch_operator_decorator.py took 0.018 seconds
[2024-10-18T16:11:38.545-0300] {processor.py:161} INFO - Started process (PID=12960) to work on /home/beatriz/Documentos/airflow/airflow_venv/lib/python3.10/site-packages/airflow/example_dags/example_branch_operator_decorator.py
[2024-10-18T16:11:38.548-0300] {processor.py:830} INFO - Processing file /home/beatriz/Documentos/airflow/airflow_venv/lib/python3.10/site-packages/airflow/example_dags/example_branch_operator_decorator.py for tasks to queue
[2024-10-18T16:11:38.550-0300] {logging_mixin.py:188} INFO - [2024-10-18T16:11:38.549-0300] {dagbag.py:540} INFO - Filling up the DagBag from /home/beatriz/Documentos/airflow/airflow_venv/lib/python3.10/site-packages/airflow/example_dags/example_branch_operator_decorator.py
[2024-10-18T16:11:38.552-0300] {processor.py:842} WARNING - No viable dags retrieved from /home/beatriz/Documentos/airflow/airflow_venv/lib/python3.10/site-packages/airflow/example_dags/example_branch_operator_decorator.py
[2024-10-18T16:11:38.561-0300] {processor.py:183} INFO - Processing /home/beatriz/Documentos/airflow/airflow_venv/lib/python3.10/site-packages/airflow/example_dags/example_branch_operator_decorator.py took 0.025 seconds
[2024-10-18T16:12:47.024-0300] {processor.py:161} INFO - Started process (PID=13340) to work on /home/beatriz/Documentos/airflow/airflow_venv/lib/python3.10/site-packages/airflow/example_dags/example_branch_operator_decorator.py
[2024-10-18T16:12:47.028-0300] {processor.py:830} INFO - Processing file /home/beatriz/Documentos/airflow/airflow_venv/lib/python3.10/site-packages/airflow/example_dags/example_branch_operator_decorator.py for tasks to queue
[2024-10-18T16:12:47.032-0300] {logging_mixin.py:188} INFO - [2024-10-18T16:12:47.031-0300] {dagbag.py:540} INFO - Filling up the DagBag from /home/beatriz/Documentos/airflow/airflow_venv/lib/python3.10/site-packages/airflow/example_dags/example_branch_operator_decorator.py
[2024-10-18T16:12:47.037-0300] {processor.py:842} WARNING - No viable dags retrieved from /home/beatriz/Documentos/airflow/airflow_venv/lib/python3.10/site-packages/airflow/example_dags/example_branch_operator_decorator.py
[2024-10-18T16:12:47.048-0300] {processor.py:183} INFO - Processing /home/beatriz/Documentos/airflow/airflow_venv/lib/python3.10/site-packages/airflow/example_dags/example_branch_operator_decorator.py took 0.038 seconds
[2024-10-18T16:13:57.932-0300] {processor.py:161} INFO - Started process (PID=13622) to work on /home/beatriz/Documentos/airflow/airflow_venv/lib/python3.10/site-packages/airflow/example_dags/example_branch_operator_decorator.py
[2024-10-18T16:13:57.936-0300] {processor.py:830} INFO - Processing file /home/beatriz/Documentos/airflow/airflow_venv/lib/python3.10/site-packages/airflow/example_dags/example_branch_operator_decorator.py for tasks to queue
[2024-10-18T16:13:57.939-0300] {logging_mixin.py:188} INFO - [2024-10-18T16:13:57.938-0300] {dagbag.py:540} INFO - Filling up the DagBag from /home/beatriz/Documentos/airflow/airflow_venv/lib/python3.10/site-packages/airflow/example_dags/example_branch_operator_decorator.py
[2024-10-18T16:13:57.944-0300] {processor.py:842} WARNING - No viable dags retrieved from /home/beatriz/Documentos/airflow/airflow_venv/lib/python3.10/site-packages/airflow/example_dags/example_branch_operator_decorator.py
[2024-10-18T16:13:57.958-0300] {processor.py:183} INFO - Processing /home/beatriz/Documentos/airflow/airflow_venv/lib/python3.10/site-packages/airflow/example_dags/example_branch_operator_decorator.py took 0.038 seconds
[2024-10-18T16:15:06.506-0300] {processor.py:161} INFO - Started process (PID=14100) to work on /home/beatriz/Documentos/airflow/airflow_venv/lib/python3.10/site-packages/airflow/example_dags/example_branch_operator_decorator.py
[2024-10-18T16:15:06.509-0300] {processor.py:830} INFO - Processing file /home/beatriz/Documentos/airflow/airflow_venv/lib/python3.10/site-packages/airflow/example_dags/example_branch_operator_decorator.py for tasks to queue
[2024-10-18T16:15:06.510-0300] {logging_mixin.py:188} INFO - [2024-10-18T16:15:06.510-0300] {dagbag.py:540} INFO - Filling up the DagBag from /home/beatriz/Documentos/airflow/airflow_venv/lib/python3.10/site-packages/airflow/example_dags/example_branch_operator_decorator.py
[2024-10-18T16:15:06.512-0300] {processor.py:842} WARNING - No viable dags retrieved from /home/beatriz/Documentos/airflow/airflow_venv/lib/python3.10/site-packages/airflow/example_dags/example_branch_operator_decorator.py
[2024-10-18T16:15:06.520-0300] {processor.py:183} INFO - Processing /home/beatriz/Documentos/airflow/airflow_venv/lib/python3.10/site-packages/airflow/example_dags/example_branch_operator_decorator.py took 0.018 seconds
[2024-10-18T16:16:43.760-0300] {processor.py:161} INFO - Started process (PID=14594) to work on /home/beatriz/Documentos/airflow/airflow_venv/lib/python3.10/site-packages/airflow/example_dags/example_branch_operator_decorator.py
[2024-10-18T16:16:43.762-0300] {processor.py:830} INFO - Processing file /home/beatriz/Documentos/airflow/airflow_venv/lib/python3.10/site-packages/airflow/example_dags/example_branch_operator_decorator.py for tasks to queue
[2024-10-18T16:16:43.764-0300] {logging_mixin.py:188} INFO - [2024-10-18T16:16:43.763-0300] {dagbag.py:540} INFO - Filling up the DagBag from /home/beatriz/Documentos/airflow/airflow_venv/lib/python3.10/site-packages/airflow/example_dags/example_branch_operator_decorator.py
[2024-10-18T16:16:43.766-0300] {processor.py:842} WARNING - No viable dags retrieved from /home/beatriz/Documentos/airflow/airflow_venv/lib/python3.10/site-packages/airflow/example_dags/example_branch_operator_decorator.py
[2024-10-18T16:16:43.774-0300] {processor.py:183} INFO - Processing /home/beatriz/Documentos/airflow/airflow_venv/lib/python3.10/site-packages/airflow/example_dags/example_branch_operator_decorator.py took 0.020 seconds
[2024-10-18T16:17:40.958-0300] {processor.py:161} INFO - Started process (PID=14906) to work on /home/beatriz/Documentos/airflow/airflow_venv/lib/python3.10/site-packages/airflow/example_dags/example_branch_operator_decorator.py
[2024-10-18T16:17:40.961-0300] {processor.py:830} INFO - Processing file /home/beatriz/Documentos/airflow/airflow_venv/lib/python3.10/site-packages/airflow/example_dags/example_branch_operator_decorator.py for tasks to queue
[2024-10-18T16:17:40.964-0300] {logging_mixin.py:188} INFO - [2024-10-18T16:17:40.963-0300] {dagbag.py:540} INFO - Filling up the DagBag from /home/beatriz/Documentos/airflow/airflow_venv/lib/python3.10/site-packages/airflow/example_dags/example_branch_operator_decorator.py
[2024-10-18T16:17:40.968-0300] {processor.py:842} WARNING - No viable dags retrieved from /home/beatriz/Documentos/airflow/airflow_venv/lib/python3.10/site-packages/airflow/example_dags/example_branch_operator_decorator.py
[2024-10-18T16:17:40.980-0300] {processor.py:183} INFO - Processing /home/beatriz/Documentos/airflow/airflow_venv/lib/python3.10/site-packages/airflow/example_dags/example_branch_operator_decorator.py took 0.035 seconds
[2024-10-18T16:18:45.777-0300] {processor.py:161} INFO - Started process (PID=15445) to work on /home/beatriz/Documentos/airflow/airflow_venv/lib/python3.10/site-packages/airflow/example_dags/example_branch_operator_decorator.py
[2024-10-18T16:18:45.780-0300] {processor.py:830} INFO - Processing file /home/beatriz/Documentos/airflow/airflow_venv/lib/python3.10/site-packages/airflow/example_dags/example_branch_operator_decorator.py for tasks to queue
[2024-10-18T16:18:45.783-0300] {logging_mixin.py:188} INFO - [2024-10-18T16:18:45.782-0300] {dagbag.py:540} INFO - Filling up the DagBag from /home/beatriz/Documentos/airflow/airflow_venv/lib/python3.10/site-packages/airflow/example_dags/example_branch_operator_decorator.py
[2024-10-18T16:18:45.788-0300] {processor.py:842} WARNING - No viable dags retrieved from /home/beatriz/Documentos/airflow/airflow_venv/lib/python3.10/site-packages/airflow/example_dags/example_branch_operator_decorator.py
[2024-10-18T16:18:45.801-0300] {processor.py:183} INFO - Processing /home/beatriz/Documentos/airflow/airflow_venv/lib/python3.10/site-packages/airflow/example_dags/example_branch_operator_decorator.py took 0.036 seconds
