[2024-12-09T15:00:11.275-0300] {processor.py:161} INFO - Started process (PID=28635) to work on /home/beatriz/Documentos/airflow/airflow_venv/lib/python3.10/site-packages/airflow/example_dags/example_sensors.py
[2024-12-09T15:00:11.276-0300] {processor.py:830} INFO - Processing file /home/beatriz/Documentos/airflow/airflow_venv/lib/python3.10/site-packages/airflow/example_dags/example_sensors.py for tasks to queue
[2024-12-09T15:00:11.280-0300] {logging_mixin.py:188} INFO - [2024-12-09T15:00:11.279-0300] {dagbag.py:540} INFO - Filling up the DagBag from /home/beatriz/Documentos/airflow/airflow_venv/lib/python3.10/site-packages/airflow/example_dags/example_sensors.py
[2024-12-09T15:00:11.289-0300] {processor.py:840} INFO - DAG(s) 'example_sensors' retrieved from /home/beatriz/Documentos/airflow/airflow_venv/lib/python3.10/site-packages/airflow/example_dags/example_sensors.py
[2024-12-09T15:00:11.387-0300] {logging_mixin.py:188} INFO - [2024-12-09T15:00:11.386-0300] {dag.py:3096} INFO - Sync 1 DAGs
[2024-12-09T15:00:11.395-0300] {logging_mixin.py:188} INFO - [2024-12-09T15:00:11.395-0300] {dag.py:3954} INFO - Setting next_dagrun for example_sensors to None, run_after=None
[2024-12-09T15:00:11.468-0300] {processor.py:183} INFO - Processing /home/beatriz/Documentos/airflow/airflow_venv/lib/python3.10/site-packages/airflow/example_dags/example_sensors.py took 0.203 seconds
[2024-12-09T15:01:15.464-0300] {processor.py:161} INFO - Started process (PID=29071) to work on /home/beatriz/Documentos/airflow/airflow_venv/lib/python3.10/site-packages/airflow/example_dags/example_sensors.py
[2024-12-09T15:01:15.470-0300] {processor.py:830} INFO - Processing file /home/beatriz/Documentos/airflow/airflow_venv/lib/python3.10/site-packages/airflow/example_dags/example_sensors.py for tasks to queue
[2024-12-09T15:01:15.472-0300] {logging_mixin.py:188} INFO - [2024-12-09T15:01:15.471-0300] {dagbag.py:540} INFO - Filling up the DagBag from /home/beatriz/Documentos/airflow/airflow_venv/lib/python3.10/site-packages/airflow/example_dags/example_sensors.py
[2024-12-09T15:01:15.481-0300] {processor.py:840} INFO - DAG(s) 'example_sensors' retrieved from /home/beatriz/Documentos/airflow/airflow_venv/lib/python3.10/site-packages/airflow/example_dags/example_sensors.py
[2024-12-09T15:01:15.508-0300] {logging_mixin.py:188} INFO - [2024-12-09T15:01:15.507-0300] {dag.py:3096} INFO - Sync 1 DAGs
[2024-12-09T15:01:15.518-0300] {logging_mixin.py:188} INFO - [2024-12-09T15:01:15.517-0300] {dag.py:3954} INFO - Setting next_dagrun for example_sensors to None, run_after=None
[2024-12-09T15:01:15.593-0300] {processor.py:183} INFO - Processing /home/beatriz/Documentos/airflow/airflow_venv/lib/python3.10/site-packages/airflow/example_dags/example_sensors.py took 0.151 seconds
[2024-12-09T15:02:14.181-0300] {processor.py:161} INFO - Started process (PID=29637) to work on /home/beatriz/Documentos/airflow/airflow_venv/lib/python3.10/site-packages/airflow/example_dags/example_sensors.py
[2024-12-09T15:02:14.183-0300] {processor.py:830} INFO - Processing file /home/beatriz/Documentos/airflow/airflow_venv/lib/python3.10/site-packages/airflow/example_dags/example_sensors.py for tasks to queue
[2024-12-09T15:02:14.185-0300] {logging_mixin.py:188} INFO - [2024-12-09T15:02:14.184-0300] {dagbag.py:540} INFO - Filling up the DagBag from /home/beatriz/Documentos/airflow/airflow_venv/lib/python3.10/site-packages/airflow/example_dags/example_sensors.py
[2024-12-09T15:02:14.197-0300] {processor.py:840} INFO - DAG(s) 'example_sensors' retrieved from /home/beatriz/Documentos/airflow/airflow_venv/lib/python3.10/site-packages/airflow/example_dags/example_sensors.py
[2024-12-09T15:02:14.218-0300] {logging_mixin.py:188} INFO - [2024-12-09T15:02:14.218-0300] {dag.py:3096} INFO - Sync 1 DAGs
[2024-12-09T15:02:14.227-0300] {logging_mixin.py:188} INFO - [2024-12-09T15:02:14.226-0300] {dag.py:3954} INFO - Setting next_dagrun for example_sensors to None, run_after=None
[2024-12-09T15:02:14.243-0300] {processor.py:183} INFO - Processing /home/beatriz/Documentos/airflow/airflow_venv/lib/python3.10/site-packages/airflow/example_dags/example_sensors.py took 0.071 seconds
[2024-12-09T15:03:56.386-0300] {processor.py:161} INFO - Started process (PID=30957) to work on /home/beatriz/Documentos/airflow/airflow_venv/lib/python3.10/site-packages/airflow/example_dags/example_sensors.py
[2024-12-09T15:03:56.388-0300] {processor.py:830} INFO - Processing file /home/beatriz/Documentos/airflow/airflow_venv/lib/python3.10/site-packages/airflow/example_dags/example_sensors.py for tasks to queue
[2024-12-09T15:03:56.390-0300] {logging_mixin.py:188} INFO - [2024-12-09T15:03:56.390-0300] {dagbag.py:540} INFO - Filling up the DagBag from /home/beatriz/Documentos/airflow/airflow_venv/lib/python3.10/site-packages/airflow/example_dags/example_sensors.py
[2024-12-09T15:03:56.406-0300] {processor.py:840} INFO - DAG(s) 'example_sensors' retrieved from /home/beatriz/Documentos/airflow/airflow_venv/lib/python3.10/site-packages/airflow/example_dags/example_sensors.py
[2024-12-09T15:03:56.483-0300] {logging_mixin.py:188} INFO - [2024-12-09T15:03:56.483-0300] {dag.py:3096} INFO - Sync 1 DAGs
[2024-12-09T15:03:56.489-0300] {logging_mixin.py:188} INFO - [2024-12-09T15:03:56.489-0300] {dag.py:3954} INFO - Setting next_dagrun for example_sensors to None, run_after=None
[2024-12-09T15:03:56.505-0300] {processor.py:183} INFO - Processing /home/beatriz/Documentos/airflow/airflow_venv/lib/python3.10/site-packages/airflow/example_dags/example_sensors.py took 0.128 seconds
[2024-12-09T15:04:57.729-0300] {processor.py:161} INFO - Started process (PID=31680) to work on /home/beatriz/Documentos/airflow/airflow_venv/lib/python3.10/site-packages/airflow/example_dags/example_sensors.py
[2024-12-09T15:04:57.729-0300] {processor.py:830} INFO - Processing file /home/beatriz/Documentos/airflow/airflow_venv/lib/python3.10/site-packages/airflow/example_dags/example_sensors.py for tasks to queue
[2024-12-09T15:04:57.731-0300] {logging_mixin.py:188} INFO - [2024-12-09T15:04:57.730-0300] {dagbag.py:540} INFO - Filling up the DagBag from /home/beatriz/Documentos/airflow/airflow_venv/lib/python3.10/site-packages/airflow/example_dags/example_sensors.py
[2024-12-09T15:04:57.739-0300] {processor.py:840} INFO - DAG(s) 'example_sensors' retrieved from /home/beatriz/Documentos/airflow/airflow_venv/lib/python3.10/site-packages/airflow/example_dags/example_sensors.py
[2024-12-09T15:04:57.814-0300] {logging_mixin.py:188} INFO - [2024-12-09T15:04:57.814-0300] {dag.py:3096} INFO - Sync 1 DAGs
[2024-12-09T15:04:57.821-0300] {logging_mixin.py:188} INFO - [2024-12-09T15:04:57.821-0300] {dag.py:3954} INFO - Setting next_dagrun for example_sensors to None, run_after=None
[2024-12-09T15:04:57.838-0300] {processor.py:183} INFO - Processing /home/beatriz/Documentos/airflow/airflow_venv/lib/python3.10/site-packages/airflow/example_dags/example_sensors.py took 0.113 seconds
[2024-12-09T15:06:11.487-0300] {processor.py:161} INFO - Started process (PID=32406) to work on /home/beatriz/Documentos/airflow/airflow_venv/lib/python3.10/site-packages/airflow/example_dags/example_sensors.py
[2024-12-09T15:06:11.489-0300] {processor.py:830} INFO - Processing file /home/beatriz/Documentos/airflow/airflow_venv/lib/python3.10/site-packages/airflow/example_dags/example_sensors.py for tasks to queue
[2024-12-09T15:06:11.490-0300] {logging_mixin.py:188} INFO - [2024-12-09T15:06:11.490-0300] {dagbag.py:540} INFO - Filling up the DagBag from /home/beatriz/Documentos/airflow/airflow_venv/lib/python3.10/site-packages/airflow/example_dags/example_sensors.py
[2024-12-09T15:06:11.502-0300] {processor.py:840} INFO - DAG(s) 'example_sensors' retrieved from /home/beatriz/Documentos/airflow/airflow_venv/lib/python3.10/site-packages/airflow/example_dags/example_sensors.py
[2024-12-09T15:06:11.592-0300] {logging_mixin.py:188} INFO - [2024-12-09T15:06:11.592-0300] {dag.py:3096} INFO - Sync 1 DAGs
[2024-12-09T15:06:11.600-0300] {logging_mixin.py:188} INFO - [2024-12-09T15:06:11.599-0300] {dag.py:3954} INFO - Setting next_dagrun for example_sensors to None, run_after=None
[2024-12-09T15:06:11.618-0300] {processor.py:183} INFO - Processing /home/beatriz/Documentos/airflow/airflow_venv/lib/python3.10/site-packages/airflow/example_dags/example_sensors.py took 0.145 seconds
[2024-12-09T15:07:18.651-0300] {processor.py:161} INFO - Started process (PID=32949) to work on /home/beatriz/Documentos/airflow/airflow_venv/lib/python3.10/site-packages/airflow/example_dags/example_sensors.py
[2024-12-09T15:07:18.651-0300] {processor.py:830} INFO - Processing file /home/beatriz/Documentos/airflow/airflow_venv/lib/python3.10/site-packages/airflow/example_dags/example_sensors.py for tasks to queue
[2024-12-09T15:07:18.653-0300] {logging_mixin.py:188} INFO - [2024-12-09T15:07:18.652-0300] {dagbag.py:540} INFO - Filling up the DagBag from /home/beatriz/Documentos/airflow/airflow_venv/lib/python3.10/site-packages/airflow/example_dags/example_sensors.py
[2024-12-09T15:07:18.661-0300] {processor.py:840} INFO - DAG(s) 'example_sensors' retrieved from /home/beatriz/Documentos/airflow/airflow_venv/lib/python3.10/site-packages/airflow/example_dags/example_sensors.py
[2024-12-09T15:07:18.678-0300] {logging_mixin.py:188} INFO - [2024-12-09T15:07:18.678-0300] {dag.py:3096} INFO - Sync 1 DAGs
[2024-12-09T15:07:18.686-0300] {logging_mixin.py:188} INFO - [2024-12-09T15:07:18.686-0300] {dag.py:3954} INFO - Setting next_dagrun for example_sensors to None, run_after=None
[2024-12-09T15:07:18.703-0300] {processor.py:183} INFO - Processing /home/beatriz/Documentos/airflow/airflow_venv/lib/python3.10/site-packages/airflow/example_dags/example_sensors.py took 0.057 seconds
[2024-12-09T15:08:16.128-0300] {processor.py:161} INFO - Started process (PID=33358) to work on /home/beatriz/Documentos/airflow/airflow_venv/lib/python3.10/site-packages/airflow/example_dags/example_sensors.py
[2024-12-09T15:08:16.129-0300] {processor.py:830} INFO - Processing file /home/beatriz/Documentos/airflow/airflow_venv/lib/python3.10/site-packages/airflow/example_dags/example_sensors.py for tasks to queue
[2024-12-09T15:08:16.131-0300] {logging_mixin.py:188} INFO - [2024-12-09T15:08:16.130-0300] {dagbag.py:540} INFO - Filling up the DagBag from /home/beatriz/Documentos/airflow/airflow_venv/lib/python3.10/site-packages/airflow/example_dags/example_sensors.py
[2024-12-09T15:08:16.139-0300] {processor.py:840} INFO - DAG(s) 'example_sensors' retrieved from /home/beatriz/Documentos/airflow/airflow_venv/lib/python3.10/site-packages/airflow/example_dags/example_sensors.py
[2024-12-09T15:08:16.157-0300] {logging_mixin.py:188} INFO - [2024-12-09T15:08:16.156-0300] {dag.py:3096} INFO - Sync 1 DAGs
[2024-12-09T15:08:16.165-0300] {logging_mixin.py:188} INFO - [2024-12-09T15:08:16.165-0300] {dag.py:3954} INFO - Setting next_dagrun for example_sensors to None, run_after=None
[2024-12-09T15:08:16.182-0300] {processor.py:183} INFO - Processing /home/beatriz/Documentos/airflow/airflow_venv/lib/python3.10/site-packages/airflow/example_dags/example_sensors.py took 0.059 seconds
[2024-12-09T15:10:13.424-0300] {processor.py:161} INFO - Started process (PID=33871) to work on /home/beatriz/Documentos/airflow/airflow_venv/lib/python3.10/site-packages/airflow/example_dags/example_sensors.py
[2024-12-09T15:10:13.426-0300] {processor.py:830} INFO - Processing file /home/beatriz/Documentos/airflow/airflow_venv/lib/python3.10/site-packages/airflow/example_dags/example_sensors.py for tasks to queue
[2024-12-09T15:10:13.428-0300] {logging_mixin.py:188} INFO - [2024-12-09T15:10:13.427-0300] {dagbag.py:540} INFO - Filling up the DagBag from /home/beatriz/Documentos/airflow/airflow_venv/lib/python3.10/site-packages/airflow/example_dags/example_sensors.py
[2024-12-09T15:10:13.448-0300] {processor.py:840} INFO - DAG(s) 'example_sensors' retrieved from /home/beatriz/Documentos/airflow/airflow_venv/lib/python3.10/site-packages/airflow/example_dags/example_sensors.py
[2024-12-09T15:10:13.541-0300] {logging_mixin.py:188} INFO - [2024-12-09T15:10:13.541-0300] {dag.py:3096} INFO - Sync 1 DAGs
[2024-12-09T15:10:13.550-0300] {logging_mixin.py:188} INFO - [2024-12-09T15:10:13.549-0300] {dag.py:3954} INFO - Setting next_dagrun for example_sensors to None, run_after=None
[2024-12-09T15:10:13.582-0300] {processor.py:183} INFO - Processing /home/beatriz/Documentos/airflow/airflow_venv/lib/python3.10/site-packages/airflow/example_dags/example_sensors.py took 0.170 seconds
[2024-12-09T15:12:07.412-0300] {processor.py:161} INFO - Started process (PID=34784) to work on /home/beatriz/Documentos/airflow/airflow_venv/lib/python3.10/site-packages/airflow/example_dags/example_sensors.py
[2024-12-09T15:12:07.414-0300] {processor.py:830} INFO - Processing file /home/beatriz/Documentos/airflow/airflow_venv/lib/python3.10/site-packages/airflow/example_dags/example_sensors.py for tasks to queue
[2024-12-09T15:12:07.416-0300] {logging_mixin.py:188} INFO - [2024-12-09T15:12:07.415-0300] {dagbag.py:540} INFO - Filling up the DagBag from /home/beatriz/Documentos/airflow/airflow_venv/lib/python3.10/site-packages/airflow/example_dags/example_sensors.py
[2024-12-09T15:12:07.429-0300] {processor.py:840} INFO - DAG(s) 'example_sensors' retrieved from /home/beatriz/Documentos/airflow/airflow_venv/lib/python3.10/site-packages/airflow/example_dags/example_sensors.py
[2024-12-09T15:12:07.483-0300] {logging_mixin.py:188} INFO - [2024-12-09T15:12:07.483-0300] {dag.py:3096} INFO - Sync 1 DAGs
[2024-12-09T15:12:07.492-0300] {logging_mixin.py:188} INFO - [2024-12-09T15:12:07.492-0300] {dag.py:3954} INFO - Setting next_dagrun for example_sensors to None, run_after=None
[2024-12-09T15:12:07.530-0300] {processor.py:183} INFO - Processing /home/beatriz/Documentos/airflow/airflow_venv/lib/python3.10/site-packages/airflow/example_dags/example_sensors.py took 0.134 seconds
[2024-12-09T15:14:02.261-0300] {processor.py:161} INFO - Started process (PID=36266) to work on /home/beatriz/Documentos/airflow/airflow_venv/lib/python3.10/site-packages/airflow/example_dags/example_sensors.py
[2024-12-09T15:14:02.262-0300] {processor.py:830} INFO - Processing file /home/beatriz/Documentos/airflow/airflow_venv/lib/python3.10/site-packages/airflow/example_dags/example_sensors.py for tasks to queue
[2024-12-09T15:14:02.264-0300] {logging_mixin.py:188} INFO - [2024-12-09T15:14:02.264-0300] {dagbag.py:540} INFO - Filling up the DagBag from /home/beatriz/Documentos/airflow/airflow_venv/lib/python3.10/site-packages/airflow/example_dags/example_sensors.py
[2024-12-09T15:14:02.275-0300] {processor.py:840} INFO - DAG(s) 'example_sensors' retrieved from /home/beatriz/Documentos/airflow/airflow_venv/lib/python3.10/site-packages/airflow/example_dags/example_sensors.py
[2024-12-09T15:14:02.353-0300] {logging_mixin.py:188} INFO - [2024-12-09T15:14:02.353-0300] {dag.py:3096} INFO - Sync 1 DAGs
[2024-12-09T15:14:02.360-0300] {logging_mixin.py:188} INFO - [2024-12-09T15:14:02.360-0300] {dag.py:3954} INFO - Setting next_dagrun for example_sensors to None, run_after=None
[2024-12-09T15:14:02.382-0300] {processor.py:183} INFO - Processing /home/beatriz/Documentos/airflow/airflow_venv/lib/python3.10/site-packages/airflow/example_dags/example_sensors.py took 0.129 seconds
[2024-12-09T15:15:04.028-0300] {processor.py:161} INFO - Started process (PID=36816) to work on /home/beatriz/Documentos/airflow/airflow_venv/lib/python3.10/site-packages/airflow/example_dags/example_sensors.py
[2024-12-09T15:15:04.030-0300] {processor.py:830} INFO - Processing file /home/beatriz/Documentos/airflow/airflow_venv/lib/python3.10/site-packages/airflow/example_dags/example_sensors.py for tasks to queue
[2024-12-09T15:15:04.033-0300] {logging_mixin.py:188} INFO - [2024-12-09T15:15:04.032-0300] {dagbag.py:540} INFO - Filling up the DagBag from /home/beatriz/Documentos/airflow/airflow_venv/lib/python3.10/site-packages/airflow/example_dags/example_sensors.py
[2024-12-09T15:15:04.049-0300] {processor.py:840} INFO - DAG(s) 'example_sensors' retrieved from /home/beatriz/Documentos/airflow/airflow_venv/lib/python3.10/site-packages/airflow/example_dags/example_sensors.py
[2024-12-09T15:15:04.070-0300] {logging_mixin.py:188} INFO - [2024-12-09T15:15:04.069-0300] {dag.py:3096} INFO - Sync 1 DAGs
[2024-12-09T15:15:04.079-0300] {logging_mixin.py:188} INFO - [2024-12-09T15:15:04.079-0300] {dag.py:3954} INFO - Setting next_dagrun for example_sensors to None, run_after=None
[2024-12-09T15:15:04.098-0300] {processor.py:183} INFO - Processing /home/beatriz/Documentos/airflow/airflow_venv/lib/python3.10/site-packages/airflow/example_dags/example_sensors.py took 0.081 seconds
[2024-12-09T15:15:59.330-0300] {processor.py:161} INFO - Started process (PID=37431) to work on /home/beatriz/Documentos/airflow/airflow_venv/lib/python3.10/site-packages/airflow/example_dags/example_sensors.py
[2024-12-09T15:15:59.332-0300] {processor.py:830} INFO - Processing file /home/beatriz/Documentos/airflow/airflow_venv/lib/python3.10/site-packages/airflow/example_dags/example_sensors.py for tasks to queue
[2024-12-09T15:15:59.333-0300] {logging_mixin.py:188} INFO - [2024-12-09T15:15:59.333-0300] {dagbag.py:540} INFO - Filling up the DagBag from /home/beatriz/Documentos/airflow/airflow_venv/lib/python3.10/site-packages/airflow/example_dags/example_sensors.py
[2024-12-09T15:15:59.340-0300] {processor.py:840} INFO - DAG(s) 'example_sensors' retrieved from /home/beatriz/Documentos/airflow/airflow_venv/lib/python3.10/site-packages/airflow/example_dags/example_sensors.py
[2024-12-09T15:15:59.355-0300] {logging_mixin.py:188} INFO - [2024-12-09T15:15:59.355-0300] {dag.py:3096} INFO - Sync 1 DAGs
[2024-12-09T15:15:59.364-0300] {logging_mixin.py:188} INFO - [2024-12-09T15:15:59.364-0300] {dag.py:3954} INFO - Setting next_dagrun for example_sensors to None, run_after=None
[2024-12-09T15:15:59.380-0300] {processor.py:183} INFO - Processing /home/beatriz/Documentos/airflow/airflow_venv/lib/python3.10/site-packages/airflow/example_dags/example_sensors.py took 0.054 seconds
[2024-12-09T15:16:56.509-0300] {processor.py:161} INFO - Started process (PID=37923) to work on /home/beatriz/Documentos/airflow/airflow_venv/lib/python3.10/site-packages/airflow/example_dags/example_sensors.py
[2024-12-09T15:16:56.511-0300] {processor.py:830} INFO - Processing file /home/beatriz/Documentos/airflow/airflow_venv/lib/python3.10/site-packages/airflow/example_dags/example_sensors.py for tasks to queue
[2024-12-09T15:16:56.512-0300] {logging_mixin.py:188} INFO - [2024-12-09T15:16:56.512-0300] {dagbag.py:540} INFO - Filling up the DagBag from /home/beatriz/Documentos/airflow/airflow_venv/lib/python3.10/site-packages/airflow/example_dags/example_sensors.py
[2024-12-09T15:16:56.522-0300] {processor.py:840} INFO - DAG(s) 'example_sensors' retrieved from /home/beatriz/Documentos/airflow/airflow_venv/lib/python3.10/site-packages/airflow/example_dags/example_sensors.py
[2024-12-09T15:16:56.611-0300] {logging_mixin.py:188} INFO - [2024-12-09T15:16:56.611-0300] {dag.py:3096} INFO - Sync 1 DAGs
[2024-12-09T15:16:56.620-0300] {logging_mixin.py:188} INFO - [2024-12-09T15:16:56.619-0300] {dag.py:3954} INFO - Setting next_dagrun for example_sensors to None, run_after=None
[2024-12-09T15:16:56.635-0300] {processor.py:183} INFO - Processing /home/beatriz/Documentos/airflow/airflow_venv/lib/python3.10/site-packages/airflow/example_dags/example_sensors.py took 0.132 seconds
[2024-12-09T15:17:49.224-0300] {processor.py:161} INFO - Started process (PID=38444) to work on /home/beatriz/Documentos/airflow/airflow_venv/lib/python3.10/site-packages/airflow/example_dags/example_sensors.py
[2024-12-09T15:17:49.226-0300] {processor.py:830} INFO - Processing file /home/beatriz/Documentos/airflow/airflow_venv/lib/python3.10/site-packages/airflow/example_dags/example_sensors.py for tasks to queue
[2024-12-09T15:17:49.227-0300] {logging_mixin.py:188} INFO - [2024-12-09T15:17:49.227-0300] {dagbag.py:540} INFO - Filling up the DagBag from /home/beatriz/Documentos/airflow/airflow_venv/lib/python3.10/site-packages/airflow/example_dags/example_sensors.py
[2024-12-09T15:17:49.235-0300] {processor.py:840} INFO - DAG(s) 'example_sensors' retrieved from /home/beatriz/Documentos/airflow/airflow_venv/lib/python3.10/site-packages/airflow/example_dags/example_sensors.py
[2024-12-09T15:17:49.253-0300] {logging_mixin.py:188} INFO - [2024-12-09T15:17:49.253-0300] {dag.py:3096} INFO - Sync 1 DAGs
[2024-12-09T15:17:49.263-0300] {logging_mixin.py:188} INFO - [2024-12-09T15:17:49.263-0300] {dag.py:3954} INFO - Setting next_dagrun for example_sensors to None, run_after=None
[2024-12-09T15:17:49.282-0300] {processor.py:183} INFO - Processing /home/beatriz/Documentos/airflow/airflow_venv/lib/python3.10/site-packages/airflow/example_dags/example_sensors.py took 0.065 seconds
[2024-12-09T15:19:06.483-0300] {processor.py:161} INFO - Started process (PID=39568) to work on /home/beatriz/Documentos/airflow/airflow_venv/lib/python3.10/site-packages/airflow/example_dags/example_sensors.py
[2024-12-09T15:19:06.485-0300] {processor.py:830} INFO - Processing file /home/beatriz/Documentos/airflow/airflow_venv/lib/python3.10/site-packages/airflow/example_dags/example_sensors.py for tasks to queue
[2024-12-09T15:19:06.487-0300] {logging_mixin.py:188} INFO - [2024-12-09T15:19:06.486-0300] {dagbag.py:540} INFO - Filling up the DagBag from /home/beatriz/Documentos/airflow/airflow_venv/lib/python3.10/site-packages/airflow/example_dags/example_sensors.py
[2024-12-09T15:19:06.494-0300] {processor.py:840} INFO - DAG(s) 'example_sensors' retrieved from /home/beatriz/Documentos/airflow/airflow_venv/lib/python3.10/site-packages/airflow/example_dags/example_sensors.py
[2024-12-09T15:19:06.568-0300] {logging_mixin.py:188} INFO - [2024-12-09T15:19:06.568-0300] {dag.py:3096} INFO - Sync 1 DAGs
[2024-12-09T15:19:06.575-0300] {logging_mixin.py:188} INFO - [2024-12-09T15:19:06.575-0300] {dag.py:3954} INFO - Setting next_dagrun for example_sensors to None, run_after=None
[2024-12-09T15:19:06.592-0300] {processor.py:183} INFO - Processing /home/beatriz/Documentos/airflow/airflow_venv/lib/python3.10/site-packages/airflow/example_dags/example_sensors.py took 0.112 seconds
[2024-12-09T15:20:07.281-0300] {processor.py:161} INFO - Started process (PID=40312) to work on /home/beatriz/Documentos/airflow/airflow_venv/lib/python3.10/site-packages/airflow/example_dags/example_sensors.py
[2024-12-09T15:20:07.284-0300] {processor.py:830} INFO - Processing file /home/beatriz/Documentos/airflow/airflow_venv/lib/python3.10/site-packages/airflow/example_dags/example_sensors.py for tasks to queue
[2024-12-09T15:20:07.287-0300] {logging_mixin.py:188} INFO - [2024-12-09T15:20:07.287-0300] {dagbag.py:540} INFO - Filling up the DagBag from /home/beatriz/Documentos/airflow/airflow_venv/lib/python3.10/site-packages/airflow/example_dags/example_sensors.py
[2024-12-09T15:20:07.304-0300] {processor.py:840} INFO - DAG(s) 'example_sensors' retrieved from /home/beatriz/Documentos/airflow/airflow_venv/lib/python3.10/site-packages/airflow/example_dags/example_sensors.py
[2024-12-09T15:20:07.324-0300] {logging_mixin.py:188} INFO - [2024-12-09T15:20:07.324-0300] {dag.py:3096} INFO - Sync 1 DAGs
[2024-12-09T15:20:07.333-0300] {logging_mixin.py:188} INFO - [2024-12-09T15:20:07.333-0300] {dag.py:3954} INFO - Setting next_dagrun for example_sensors to None, run_after=None
[2024-12-09T15:20:07.353-0300] {processor.py:183} INFO - Processing /home/beatriz/Documentos/airflow/airflow_venv/lib/python3.10/site-packages/airflow/example_dags/example_sensors.py took 0.082 seconds
[2024-12-09T15:21:01.932-0300] {processor.py:161} INFO - Started process (PID=40810) to work on /home/beatriz/Documentos/airflow/airflow_venv/lib/python3.10/site-packages/airflow/example_dags/example_sensors.py
[2024-12-09T15:21:01.934-0300] {processor.py:830} INFO - Processing file /home/beatriz/Documentos/airflow/airflow_venv/lib/python3.10/site-packages/airflow/example_dags/example_sensors.py for tasks to queue
[2024-12-09T15:21:01.935-0300] {logging_mixin.py:188} INFO - [2024-12-09T15:21:01.935-0300] {dagbag.py:540} INFO - Filling up the DagBag from /home/beatriz/Documentos/airflow/airflow_venv/lib/python3.10/site-packages/airflow/example_dags/example_sensors.py
[2024-12-09T15:21:01.947-0300] {processor.py:840} INFO - DAG(s) 'example_sensors' retrieved from /home/beatriz/Documentos/airflow/airflow_venv/lib/python3.10/site-packages/airflow/example_dags/example_sensors.py
[2024-12-09T15:21:01.973-0300] {logging_mixin.py:188} INFO - [2024-12-09T15:21:01.972-0300] {dag.py:3096} INFO - Sync 1 DAGs
[2024-12-09T15:21:01.985-0300] {logging_mixin.py:188} INFO - [2024-12-09T15:21:01.984-0300] {dag.py:3954} INFO - Setting next_dagrun for example_sensors to None, run_after=None
[2024-12-09T15:21:02.011-0300] {processor.py:183} INFO - Processing /home/beatriz/Documentos/airflow/airflow_venv/lib/python3.10/site-packages/airflow/example_dags/example_sensors.py took 0.086 seconds
[2024-12-09T15:21:59.376-0300] {processor.py:161} INFO - Started process (PID=41445) to work on /home/beatriz/Documentos/airflow/airflow_venv/lib/python3.10/site-packages/airflow/example_dags/example_sensors.py
[2024-12-09T15:21:59.377-0300] {processor.py:830} INFO - Processing file /home/beatriz/Documentos/airflow/airflow_venv/lib/python3.10/site-packages/airflow/example_dags/example_sensors.py for tasks to queue
[2024-12-09T15:21:59.380-0300] {logging_mixin.py:188} INFO - [2024-12-09T15:21:59.379-0300] {dagbag.py:540} INFO - Filling up the DagBag from /home/beatriz/Documentos/airflow/airflow_venv/lib/python3.10/site-packages/airflow/example_dags/example_sensors.py
[2024-12-09T15:21:59.396-0300] {processor.py:840} INFO - DAG(s) 'example_sensors' retrieved from /home/beatriz/Documentos/airflow/airflow_venv/lib/python3.10/site-packages/airflow/example_dags/example_sensors.py
[2024-12-09T15:21:59.514-0300] {logging_mixin.py:188} INFO - [2024-12-09T15:21:59.514-0300] {dag.py:3096} INFO - Sync 1 DAGs
[2024-12-09T15:21:59.527-0300] {logging_mixin.py:188} INFO - [2024-12-09T15:21:59.527-0300] {dag.py:3954} INFO - Setting next_dagrun for example_sensors to None, run_after=None
[2024-12-09T15:21:59.552-0300] {processor.py:183} INFO - Processing /home/beatriz/Documentos/airflow/airflow_venv/lib/python3.10/site-packages/airflow/example_dags/example_sensors.py took 0.182 seconds
[2024-12-09T15:22:54.175-0300] {processor.py:161} INFO - Started process (PID=41980) to work on /home/beatriz/Documentos/airflow/airflow_venv/lib/python3.10/site-packages/airflow/example_dags/example_sensors.py
[2024-12-09T15:22:54.177-0300] {processor.py:830} INFO - Processing file /home/beatriz/Documentos/airflow/airflow_venv/lib/python3.10/site-packages/airflow/example_dags/example_sensors.py for tasks to queue
[2024-12-09T15:22:54.178-0300] {logging_mixin.py:188} INFO - [2024-12-09T15:22:54.178-0300] {dagbag.py:540} INFO - Filling up the DagBag from /home/beatriz/Documentos/airflow/airflow_venv/lib/python3.10/site-packages/airflow/example_dags/example_sensors.py
[2024-12-09T15:22:54.185-0300] {processor.py:840} INFO - DAG(s) 'example_sensors' retrieved from /home/beatriz/Documentos/airflow/airflow_venv/lib/python3.10/site-packages/airflow/example_dags/example_sensors.py
[2024-12-09T15:22:54.202-0300] {logging_mixin.py:188} INFO - [2024-12-09T15:22:54.202-0300] {dag.py:3096} INFO - Sync 1 DAGs
[2024-12-09T15:22:54.211-0300] {logging_mixin.py:188} INFO - [2024-12-09T15:22:54.211-0300] {dag.py:3954} INFO - Setting next_dagrun for example_sensors to None, run_after=None
[2024-12-09T15:22:54.228-0300] {processor.py:183} INFO - Processing /home/beatriz/Documentos/airflow/airflow_venv/lib/python3.10/site-packages/airflow/example_dags/example_sensors.py took 0.057 seconds
[2024-12-09T15:23:43.653-0300] {processor.py:161} INFO - Started process (PID=42523) to work on /home/beatriz/Documentos/airflow/airflow_venv/lib/python3.10/site-packages/airflow/example_dags/example_sensors.py
[2024-12-09T15:23:43.655-0300] {processor.py:830} INFO - Processing file /home/beatriz/Documentos/airflow/airflow_venv/lib/python3.10/site-packages/airflow/example_dags/example_sensors.py for tasks to queue
[2024-12-09T15:23:43.656-0300] {logging_mixin.py:188} INFO - [2024-12-09T15:23:43.656-0300] {dagbag.py:540} INFO - Filling up the DagBag from /home/beatriz/Documentos/airflow/airflow_venv/lib/python3.10/site-packages/airflow/example_dags/example_sensors.py
[2024-12-09T15:23:43.663-0300] {processor.py:840} INFO - DAG(s) 'example_sensors' retrieved from /home/beatriz/Documentos/airflow/airflow_venv/lib/python3.10/site-packages/airflow/example_dags/example_sensors.py
[2024-12-09T15:23:43.680-0300] {logging_mixin.py:188} INFO - [2024-12-09T15:23:43.680-0300] {dag.py:3096} INFO - Sync 1 DAGs
[2024-12-09T15:23:43.689-0300] {logging_mixin.py:188} INFO - [2024-12-09T15:23:43.688-0300] {dag.py:3954} INFO - Setting next_dagrun for example_sensors to None, run_after=None
[2024-12-09T15:23:43.705-0300] {processor.py:183} INFO - Processing /home/beatriz/Documentos/airflow/airflow_venv/lib/python3.10/site-packages/airflow/example_dags/example_sensors.py took 0.057 seconds
[2024-12-09T15:24:33.209-0300] {processor.py:161} INFO - Started process (PID=42987) to work on /home/beatriz/Documentos/airflow/airflow_venv/lib/python3.10/site-packages/airflow/example_dags/example_sensors.py
[2024-12-09T15:24:33.212-0300] {processor.py:830} INFO - Processing file /home/beatriz/Documentos/airflow/airflow_venv/lib/python3.10/site-packages/airflow/example_dags/example_sensors.py for tasks to queue
[2024-12-09T15:24:33.213-0300] {logging_mixin.py:188} INFO - [2024-12-09T15:24:33.213-0300] {dagbag.py:540} INFO - Filling up the DagBag from /home/beatriz/Documentos/airflow/airflow_venv/lib/python3.10/site-packages/airflow/example_dags/example_sensors.py
[2024-12-09T15:24:33.221-0300] {processor.py:840} INFO - DAG(s) 'example_sensors' retrieved from /home/beatriz/Documentos/airflow/airflow_venv/lib/python3.10/site-packages/airflow/example_dags/example_sensors.py
[2024-12-09T15:24:33.239-0300] {logging_mixin.py:188} INFO - [2024-12-09T15:24:33.239-0300] {dag.py:3096} INFO - Sync 1 DAGs
[2024-12-09T15:24:33.247-0300] {logging_mixin.py:188} INFO - [2024-12-09T15:24:33.247-0300] {dag.py:3954} INFO - Setting next_dagrun for example_sensors to None, run_after=None
[2024-12-09T15:24:33.264-0300] {processor.py:183} INFO - Processing /home/beatriz/Documentos/airflow/airflow_venv/lib/python3.10/site-packages/airflow/example_dags/example_sensors.py took 0.059 seconds
[2024-12-09T15:25:19.998-0300] {processor.py:161} INFO - Started process (PID=43487) to work on /home/beatriz/Documentos/airflow/airflow_venv/lib/python3.10/site-packages/airflow/example_dags/example_sensors.py
[2024-12-09T15:25:20.001-0300] {processor.py:830} INFO - Processing file /home/beatriz/Documentos/airflow/airflow_venv/lib/python3.10/site-packages/airflow/example_dags/example_sensors.py for tasks to queue
[2024-12-09T15:25:20.004-0300] {logging_mixin.py:188} INFO - [2024-12-09T15:25:20.003-0300] {dagbag.py:540} INFO - Filling up the DagBag from /home/beatriz/Documentos/airflow/airflow_venv/lib/python3.10/site-packages/airflow/example_dags/example_sensors.py
[2024-12-09T15:25:20.020-0300] {processor.py:840} INFO - DAG(s) 'example_sensors' retrieved from /home/beatriz/Documentos/airflow/airflow_venv/lib/python3.10/site-packages/airflow/example_dags/example_sensors.py
[2024-12-09T15:25:20.041-0300] {logging_mixin.py:188} INFO - [2024-12-09T15:25:20.041-0300] {dag.py:3096} INFO - Sync 1 DAGs
[2024-12-09T15:25:20.049-0300] {logging_mixin.py:188} INFO - [2024-12-09T15:25:20.049-0300] {dag.py:3954} INFO - Setting next_dagrun for example_sensors to None, run_after=None
[2024-12-09T15:25:20.066-0300] {processor.py:183} INFO - Processing /home/beatriz/Documentos/airflow/airflow_venv/lib/python3.10/site-packages/airflow/example_dags/example_sensors.py took 0.079 seconds
[2024-12-09T15:26:08.421-0300] {processor.py:161} INFO - Started process (PID=43923) to work on /home/beatriz/Documentos/airflow/airflow_venv/lib/python3.10/site-packages/airflow/example_dags/example_sensors.py
[2024-12-09T15:26:08.424-0300] {processor.py:830} INFO - Processing file /home/beatriz/Documentos/airflow/airflow_venv/lib/python3.10/site-packages/airflow/example_dags/example_sensors.py for tasks to queue
[2024-12-09T15:26:08.428-0300] {logging_mixin.py:188} INFO - [2024-12-09T15:26:08.427-0300] {dagbag.py:540} INFO - Filling up the DagBag from /home/beatriz/Documentos/airflow/airflow_venv/lib/python3.10/site-packages/airflow/example_dags/example_sensors.py
[2024-12-09T15:26:08.442-0300] {processor.py:840} INFO - DAG(s) 'example_sensors' retrieved from /home/beatriz/Documentos/airflow/airflow_venv/lib/python3.10/site-packages/airflow/example_dags/example_sensors.py
[2024-12-09T15:26:08.461-0300] {logging_mixin.py:188} INFO - [2024-12-09T15:26:08.461-0300] {dag.py:3096} INFO - Sync 1 DAGs
[2024-12-09T15:26:08.469-0300] {logging_mixin.py:188} INFO - [2024-12-09T15:26:08.469-0300] {dag.py:3954} INFO - Setting next_dagrun for example_sensors to None, run_after=None
[2024-12-09T15:26:08.486-0300] {processor.py:183} INFO - Processing /home/beatriz/Documentos/airflow/airflow_venv/lib/python3.10/site-packages/airflow/example_dags/example_sensors.py took 0.080 seconds
[2024-12-09T15:26:55.340-0300] {processor.py:161} INFO - Started process (PID=44625) to work on /home/beatriz/Documentos/airflow/airflow_venv/lib/python3.10/site-packages/airflow/example_dags/example_sensors.py
[2024-12-09T15:26:55.344-0300] {processor.py:830} INFO - Processing file /home/beatriz/Documentos/airflow/airflow_venv/lib/python3.10/site-packages/airflow/example_dags/example_sensors.py for tasks to queue
[2024-12-09T15:26:55.346-0300] {logging_mixin.py:188} INFO - [2024-12-09T15:26:55.346-0300] {dagbag.py:540} INFO - Filling up the DagBag from /home/beatriz/Documentos/airflow/airflow_venv/lib/python3.10/site-packages/airflow/example_dags/example_sensors.py
[2024-12-09T15:26:55.355-0300] {processor.py:840} INFO - DAG(s) 'example_sensors' retrieved from /home/beatriz/Documentos/airflow/airflow_venv/lib/python3.10/site-packages/airflow/example_dags/example_sensors.py
[2024-12-09T15:26:55.380-0300] {logging_mixin.py:188} INFO - [2024-12-09T15:26:55.379-0300] {dag.py:3096} INFO - Sync 1 DAGs
[2024-12-09T15:26:55.396-0300] {logging_mixin.py:188} INFO - [2024-12-09T15:26:55.396-0300] {dag.py:3954} INFO - Setting next_dagrun for example_sensors to None, run_after=None
[2024-12-09T15:26:55.447-0300] {processor.py:183} INFO - Processing /home/beatriz/Documentos/airflow/airflow_venv/lib/python3.10/site-packages/airflow/example_dags/example_sensors.py took 0.113 seconds
[2024-12-09T15:27:48.344-0300] {processor.py:161} INFO - Started process (PID=45223) to work on /home/beatriz/Documentos/airflow/airflow_venv/lib/python3.10/site-packages/airflow/example_dags/example_sensors.py
[2024-12-09T15:27:48.346-0300] {processor.py:830} INFO - Processing file /home/beatriz/Documentos/airflow/airflow_venv/lib/python3.10/site-packages/airflow/example_dags/example_sensors.py for tasks to queue
[2024-12-09T15:27:48.349-0300] {logging_mixin.py:188} INFO - [2024-12-09T15:27:48.348-0300] {dagbag.py:540} INFO - Filling up the DagBag from /home/beatriz/Documentos/airflow/airflow_venv/lib/python3.10/site-packages/airflow/example_dags/example_sensors.py
[2024-12-09T15:27:48.365-0300] {processor.py:840} INFO - DAG(s) 'example_sensors' retrieved from /home/beatriz/Documentos/airflow/airflow_venv/lib/python3.10/site-packages/airflow/example_dags/example_sensors.py
[2024-12-09T15:27:48.385-0300] {logging_mixin.py:188} INFO - [2024-12-09T15:27:48.385-0300] {dag.py:3096} INFO - Sync 1 DAGs
[2024-12-09T15:27:48.394-0300] {logging_mixin.py:188} INFO - [2024-12-09T15:27:48.394-0300] {dag.py:3954} INFO - Setting next_dagrun for example_sensors to None, run_after=None
[2024-12-09T15:27:48.417-0300] {processor.py:183} INFO - Processing /home/beatriz/Documentos/airflow/airflow_venv/lib/python3.10/site-packages/airflow/example_dags/example_sensors.py took 0.085 seconds
[2024-12-09T15:28:38.604-0300] {processor.py:161} INFO - Started process (PID=46721) to work on /home/beatriz/Documentos/airflow/airflow_venv/lib/python3.10/site-packages/airflow/example_dags/example_sensors.py
[2024-12-09T15:28:38.605-0300] {processor.py:830} INFO - Processing file /home/beatriz/Documentos/airflow/airflow_venv/lib/python3.10/site-packages/airflow/example_dags/example_sensors.py for tasks to queue
[2024-12-09T15:28:38.606-0300] {logging_mixin.py:188} INFO - [2024-12-09T15:28:38.606-0300] {dagbag.py:540} INFO - Filling up the DagBag from /home/beatriz/Documentos/airflow/airflow_venv/lib/python3.10/site-packages/airflow/example_dags/example_sensors.py
[2024-12-09T15:28:38.620-0300] {processor.py:840} INFO - DAG(s) 'example_sensors' retrieved from /home/beatriz/Documentos/airflow/airflow_venv/lib/python3.10/site-packages/airflow/example_dags/example_sensors.py
[2024-12-09T15:28:38.652-0300] {logging_mixin.py:188} INFO - [2024-12-09T15:28:38.652-0300] {dag.py:3096} INFO - Sync 1 DAGs
[2024-12-09T15:28:38.668-0300] {logging_mixin.py:188} INFO - [2024-12-09T15:28:38.667-0300] {dag.py:3954} INFO - Setting next_dagrun for example_sensors to None, run_after=None
[2024-12-09T15:28:38.691-0300] {processor.py:183} INFO - Processing /home/beatriz/Documentos/airflow/airflow_venv/lib/python3.10/site-packages/airflow/example_dags/example_sensors.py took 0.094 seconds
[2024-12-09T15:29:33.721-0300] {processor.py:161} INFO - Started process (PID=47762) to work on /home/beatriz/Documentos/airflow/airflow_venv/lib/python3.10/site-packages/airflow/example_dags/example_sensors.py
[2024-12-09T15:29:33.723-0300] {processor.py:830} INFO - Processing file /home/beatriz/Documentos/airflow/airflow_venv/lib/python3.10/site-packages/airflow/example_dags/example_sensors.py for tasks to queue
[2024-12-09T15:29:33.724-0300] {logging_mixin.py:188} INFO - [2024-12-09T15:29:33.724-0300] {dagbag.py:540} INFO - Filling up the DagBag from /home/beatriz/Documentos/airflow/airflow_venv/lib/python3.10/site-packages/airflow/example_dags/example_sensors.py
[2024-12-09T15:29:33.732-0300] {processor.py:840} INFO - DAG(s) 'example_sensors' retrieved from /home/beatriz/Documentos/airflow/airflow_venv/lib/python3.10/site-packages/airflow/example_dags/example_sensors.py
[2024-12-09T15:29:33.749-0300] {logging_mixin.py:188} INFO - [2024-12-09T15:29:33.749-0300] {dag.py:3096} INFO - Sync 1 DAGs
[2024-12-09T15:29:33.757-0300] {logging_mixin.py:188} INFO - [2024-12-09T15:29:33.757-0300] {dag.py:3954} INFO - Setting next_dagrun for example_sensors to None, run_after=None
[2024-12-09T15:29:33.775-0300] {processor.py:183} INFO - Processing /home/beatriz/Documentos/airflow/airflow_venv/lib/python3.10/site-packages/airflow/example_dags/example_sensors.py took 0.058 seconds
[2024-12-09T15:30:27.743-0300] {processor.py:161} INFO - Started process (PID=48672) to work on /home/beatriz/Documentos/airflow/airflow_venv/lib/python3.10/site-packages/airflow/example_dags/example_sensors.py
[2024-12-09T15:30:27.744-0300] {processor.py:830} INFO - Processing file /home/beatriz/Documentos/airflow/airflow_venv/lib/python3.10/site-packages/airflow/example_dags/example_sensors.py for tasks to queue
[2024-12-09T15:30:27.745-0300] {logging_mixin.py:188} INFO - [2024-12-09T15:30:27.744-0300] {dagbag.py:540} INFO - Filling up the DagBag from /home/beatriz/Documentos/airflow/airflow_venv/lib/python3.10/site-packages/airflow/example_dags/example_sensors.py
[2024-12-09T15:30:27.751-0300] {processor.py:840} INFO - DAG(s) 'example_sensors' retrieved from /home/beatriz/Documentos/airflow/airflow_venv/lib/python3.10/site-packages/airflow/example_dags/example_sensors.py
[2024-12-09T15:30:27.766-0300] {logging_mixin.py:188} INFO - [2024-12-09T15:30:27.766-0300] {dag.py:3096} INFO - Sync 1 DAGs
[2024-12-09T15:30:27.774-0300] {logging_mixin.py:188} INFO - [2024-12-09T15:30:27.774-0300] {dag.py:3954} INFO - Setting next_dagrun for example_sensors to None, run_after=None
[2024-12-09T15:30:27.790-0300] {processor.py:183} INFO - Processing /home/beatriz/Documentos/airflow/airflow_venv/lib/python3.10/site-packages/airflow/example_dags/example_sensors.py took 0.051 seconds
[2024-12-09T15:31:18.815-0300] {processor.py:161} INFO - Started process (PID=48943) to work on /home/beatriz/Documentos/airflow/airflow_venv/lib/python3.10/site-packages/airflow/example_dags/example_sensors.py
[2024-12-09T15:31:18.817-0300] {processor.py:830} INFO - Processing file /home/beatriz/Documentos/airflow/airflow_venv/lib/python3.10/site-packages/airflow/example_dags/example_sensors.py for tasks to queue
[2024-12-09T15:31:18.820-0300] {logging_mixin.py:188} INFO - [2024-12-09T15:31:18.819-0300] {dagbag.py:540} INFO - Filling up the DagBag from /home/beatriz/Documentos/airflow/airflow_venv/lib/python3.10/site-packages/airflow/example_dags/example_sensors.py
[2024-12-09T15:31:18.834-0300] {processor.py:840} INFO - DAG(s) 'example_sensors' retrieved from /home/beatriz/Documentos/airflow/airflow_venv/lib/python3.10/site-packages/airflow/example_dags/example_sensors.py
[2024-12-09T15:31:18.854-0300] {logging_mixin.py:188} INFO - [2024-12-09T15:31:18.854-0300] {dag.py:3096} INFO - Sync 1 DAGs
[2024-12-09T15:31:18.863-0300] {logging_mixin.py:188} INFO - [2024-12-09T15:31:18.863-0300] {dag.py:3954} INFO - Setting next_dagrun for example_sensors to None, run_after=None
[2024-12-09T15:31:18.881-0300] {processor.py:183} INFO - Processing /home/beatriz/Documentos/airflow/airflow_venv/lib/python3.10/site-packages/airflow/example_dags/example_sensors.py took 0.079 seconds
[2024-12-09T15:32:12.149-0300] {processor.py:161} INFO - Started process (PID=49236) to work on /home/beatriz/Documentos/airflow/airflow_venv/lib/python3.10/site-packages/airflow/example_dags/example_sensors.py
[2024-12-09T15:32:12.150-0300] {processor.py:830} INFO - Processing file /home/beatriz/Documentos/airflow/airflow_venv/lib/python3.10/site-packages/airflow/example_dags/example_sensors.py for tasks to queue
[2024-12-09T15:32:12.151-0300] {logging_mixin.py:188} INFO - [2024-12-09T15:32:12.151-0300] {dagbag.py:540} INFO - Filling up the DagBag from /home/beatriz/Documentos/airflow/airflow_venv/lib/python3.10/site-packages/airflow/example_dags/example_sensors.py
[2024-12-09T15:32:12.160-0300] {processor.py:840} INFO - DAG(s) 'example_sensors' retrieved from /home/beatriz/Documentos/airflow/airflow_venv/lib/python3.10/site-packages/airflow/example_dags/example_sensors.py
[2024-12-09T15:32:12.176-0300] {logging_mixin.py:188} INFO - [2024-12-09T15:32:12.176-0300] {dag.py:3096} INFO - Sync 1 DAGs
[2024-12-09T15:32:12.185-0300] {logging_mixin.py:188} INFO - [2024-12-09T15:32:12.184-0300] {dag.py:3954} INFO - Setting next_dagrun for example_sensors to None, run_after=None
[2024-12-09T15:32:12.206-0300] {processor.py:183} INFO - Processing /home/beatriz/Documentos/airflow/airflow_venv/lib/python3.10/site-packages/airflow/example_dags/example_sensors.py took 0.062 seconds
[2024-12-09T15:33:09.703-0300] {processor.py:161} INFO - Started process (PID=49910) to work on /home/beatriz/Documentos/airflow/airflow_venv/lib/python3.10/site-packages/airflow/example_dags/example_sensors.py
[2024-12-09T15:33:09.715-0300] {processor.py:830} INFO - Processing file /home/beatriz/Documentos/airflow/airflow_venv/lib/python3.10/site-packages/airflow/example_dags/example_sensors.py for tasks to queue
[2024-12-09T15:33:09.718-0300] {logging_mixin.py:188} INFO - [2024-12-09T15:33:09.717-0300] {dagbag.py:540} INFO - Filling up the DagBag from /home/beatriz/Documentos/airflow/airflow_venv/lib/python3.10/site-packages/airflow/example_dags/example_sensors.py
[2024-12-09T15:33:09.733-0300] {processor.py:840} INFO - DAG(s) 'example_sensors' retrieved from /home/beatriz/Documentos/airflow/airflow_venv/lib/python3.10/site-packages/airflow/example_dags/example_sensors.py
[2024-12-09T15:33:09.744-0300] {logging_mixin.py:188} INFO - [2024-12-09T15:33:09.743-0300] {dag.py:3096} INFO - Sync 1 DAGs
[2024-12-09T15:33:09.762-0300] {logging_mixin.py:188} INFO - [2024-12-09T15:33:09.762-0300] {dag.py:3954} INFO - Setting next_dagrun for example_sensors to None, run_after=None
[2024-12-09T15:33:09.798-0300] {processor.py:183} INFO - Processing /home/beatriz/Documentos/airflow/airflow_venv/lib/python3.10/site-packages/airflow/example_dags/example_sensors.py took 0.102 seconds
[2024-12-09T15:33:39.744-0300] {processor.py:161} INFO - Started process (PID=50262) to work on /home/beatriz/Documentos/airflow/airflow_venv/lib/python3.10/site-packages/airflow/example_dags/example_sensors.py
[2024-12-09T15:33:39.745-0300] {processor.py:830} INFO - Processing file /home/beatriz/Documentos/airflow/airflow_venv/lib/python3.10/site-packages/airflow/example_dags/example_sensors.py for tasks to queue
[2024-12-09T15:33:39.746-0300] {logging_mixin.py:188} INFO - [2024-12-09T15:33:39.746-0300] {dagbag.py:540} INFO - Filling up the DagBag from /home/beatriz/Documentos/airflow/airflow_venv/lib/python3.10/site-packages/airflow/example_dags/example_sensors.py
[2024-12-09T15:33:39.753-0300] {processor.py:840} INFO - DAG(s) 'example_sensors' retrieved from /home/beatriz/Documentos/airflow/airflow_venv/lib/python3.10/site-packages/airflow/example_dags/example_sensors.py
[2024-12-09T15:33:39.826-0300] {logging_mixin.py:188} INFO - [2024-12-09T15:33:39.826-0300] {dag.py:3096} INFO - Sync 1 DAGs
[2024-12-09T15:33:39.833-0300] {logging_mixin.py:188} INFO - [2024-12-09T15:33:39.833-0300] {dag.py:3954} INFO - Setting next_dagrun for example_sensors to None, run_after=None
[2024-12-09T15:33:39.849-0300] {processor.py:183} INFO - Processing /home/beatriz/Documentos/airflow/airflow_venv/lib/python3.10/site-packages/airflow/example_dags/example_sensors.py took 0.110 seconds
[2024-12-09T15:34:06.056-0300] {processor.py:161} INFO - Started process (PID=50390) to work on /home/beatriz/Documentos/airflow/airflow_venv/lib/python3.10/site-packages/airflow/example_dags/example_sensors.py
[2024-12-09T15:34:06.056-0300] {processor.py:830} INFO - Processing file /home/beatriz/Documentos/airflow/airflow_venv/lib/python3.10/site-packages/airflow/example_dags/example_sensors.py for tasks to queue
[2024-12-09T15:34:06.057-0300] {logging_mixin.py:188} INFO - [2024-12-09T15:34:06.057-0300] {dagbag.py:540} INFO - Filling up the DagBag from /home/beatriz/Documentos/airflow/airflow_venv/lib/python3.10/site-packages/airflow/example_dags/example_sensors.py
[2024-12-09T15:34:06.065-0300] {processor.py:840} INFO - DAG(s) 'example_sensors' retrieved from /home/beatriz/Documentos/airflow/airflow_venv/lib/python3.10/site-packages/airflow/example_dags/example_sensors.py
[2024-12-09T15:34:06.070-0300] {logging_mixin.py:188} INFO - [2024-12-09T15:34:06.070-0300] {dag.py:3096} INFO - Sync 1 DAGs
[2024-12-09T15:34:06.079-0300] {logging_mixin.py:188} INFO - [2024-12-09T15:34:06.079-0300] {dag.py:3954} INFO - Setting next_dagrun for example_sensors to None, run_after=None
[2024-12-09T15:34:06.101-0300] {processor.py:183} INFO - Processing /home/beatriz/Documentos/airflow/airflow_venv/lib/python3.10/site-packages/airflow/example_dags/example_sensors.py took 0.049 seconds
[2024-12-09T15:34:57.114-0300] {processor.py:161} INFO - Started process (PID=50979) to work on /home/beatriz/Documentos/airflow/airflow_venv/lib/python3.10/site-packages/airflow/example_dags/example_sensors.py
[2024-12-09T15:34:57.116-0300] {processor.py:830} INFO - Processing file /home/beatriz/Documentos/airflow/airflow_venv/lib/python3.10/site-packages/airflow/example_dags/example_sensors.py for tasks to queue
[2024-12-09T15:34:57.117-0300] {logging_mixin.py:188} INFO - [2024-12-09T15:34:57.117-0300] {dagbag.py:540} INFO - Filling up the DagBag from /home/beatriz/Documentos/airflow/airflow_venv/lib/python3.10/site-packages/airflow/example_dags/example_sensors.py
[2024-12-09T15:34:57.124-0300] {processor.py:840} INFO - DAG(s) 'example_sensors' retrieved from /home/beatriz/Documentos/airflow/airflow_venv/lib/python3.10/site-packages/airflow/example_dags/example_sensors.py
[2024-12-09T15:34:57.141-0300] {logging_mixin.py:188} INFO - [2024-12-09T15:34:57.140-0300] {dag.py:3096} INFO - Sync 1 DAGs
[2024-12-09T15:34:57.149-0300] {logging_mixin.py:188} INFO - [2024-12-09T15:34:57.149-0300] {dag.py:3954} INFO - Setting next_dagrun for example_sensors to None, run_after=None
[2024-12-09T15:34:57.165-0300] {processor.py:183} INFO - Processing /home/beatriz/Documentos/airflow/airflow_venv/lib/python3.10/site-packages/airflow/example_dags/example_sensors.py took 0.055 seconds
[2024-12-09T15:35:46.995-0300] {processor.py:161} INFO - Started process (PID=51208) to work on /home/beatriz/Documentos/airflow/airflow_venv/lib/python3.10/site-packages/airflow/example_dags/example_sensors.py
[2024-12-09T15:35:46.997-0300] {processor.py:830} INFO - Processing file /home/beatriz/Documentos/airflow/airflow_venv/lib/python3.10/site-packages/airflow/example_dags/example_sensors.py for tasks to queue
[2024-12-09T15:35:46.998-0300] {logging_mixin.py:188} INFO - [2024-12-09T15:35:46.998-0300] {dagbag.py:540} INFO - Filling up the DagBag from /home/beatriz/Documentos/airflow/airflow_venv/lib/python3.10/site-packages/airflow/example_dags/example_sensors.py
[2024-12-09T15:35:47.005-0300] {processor.py:840} INFO - DAG(s) 'example_sensors' retrieved from /home/beatriz/Documentos/airflow/airflow_venv/lib/python3.10/site-packages/airflow/example_dags/example_sensors.py
[2024-12-09T15:35:47.022-0300] {logging_mixin.py:188} INFO - [2024-12-09T15:35:47.022-0300] {dag.py:3096} INFO - Sync 1 DAGs
[2024-12-09T15:35:47.031-0300] {logging_mixin.py:188} INFO - [2024-12-09T15:35:47.030-0300] {dag.py:3954} INFO - Setting next_dagrun for example_sensors to None, run_after=None
[2024-12-09T15:35:47.048-0300] {processor.py:183} INFO - Processing /home/beatriz/Documentos/airflow/airflow_venv/lib/python3.10/site-packages/airflow/example_dags/example_sensors.py took 0.057 seconds
[2024-12-09T15:36:36.109-0300] {processor.py:161} INFO - Started process (PID=51431) to work on /home/beatriz/Documentos/airflow/airflow_venv/lib/python3.10/site-packages/airflow/example_dags/example_sensors.py
[2024-12-09T15:36:36.111-0300] {processor.py:830} INFO - Processing file /home/beatriz/Documentos/airflow/airflow_venv/lib/python3.10/site-packages/airflow/example_dags/example_sensors.py for tasks to queue
[2024-12-09T15:36:36.113-0300] {logging_mixin.py:188} INFO - [2024-12-09T15:36:36.113-0300] {dagbag.py:540} INFO - Filling up the DagBag from /home/beatriz/Documentos/airflow/airflow_venv/lib/python3.10/site-packages/airflow/example_dags/example_sensors.py
[2024-12-09T15:36:36.125-0300] {processor.py:840} INFO - DAG(s) 'example_sensors' retrieved from /home/beatriz/Documentos/airflow/airflow_venv/lib/python3.10/site-packages/airflow/example_dags/example_sensors.py
[2024-12-09T15:36:36.151-0300] {logging_mixin.py:188} INFO - [2024-12-09T15:36:36.150-0300] {dag.py:3096} INFO - Sync 1 DAGs
[2024-12-09T15:36:36.162-0300] {logging_mixin.py:188} INFO - [2024-12-09T15:36:36.162-0300] {dag.py:3954} INFO - Setting next_dagrun for example_sensors to None, run_after=None
[2024-12-09T15:36:36.180-0300] {processor.py:183} INFO - Processing /home/beatriz/Documentos/airflow/airflow_venv/lib/python3.10/site-packages/airflow/example_dags/example_sensors.py took 0.079 seconds
[2024-12-09T15:43:27.266-0300] {processor.py:161} INFO - Started process (PID=6070) to work on /home/beatriz/Documentos/airflow/airflow_venv/lib/python3.10/site-packages/airflow/example_dags/example_sensors.py
[2024-12-09T15:43:27.272-0300] {processor.py:830} INFO - Processing file /home/beatriz/Documentos/airflow/airflow_venv/lib/python3.10/site-packages/airflow/example_dags/example_sensors.py for tasks to queue
[2024-12-09T15:43:27.273-0300] {logging_mixin.py:188} INFO - [2024-12-09T15:43:27.273-0300] {dagbag.py:540} INFO - Filling up the DagBag from /home/beatriz/Documentos/airflow/airflow_venv/lib/python3.10/site-packages/airflow/example_dags/example_sensors.py
[2024-12-09T15:43:27.283-0300] {processor.py:840} INFO - DAG(s) 'example_sensors' retrieved from /home/beatriz/Documentos/airflow/airflow_venv/lib/python3.10/site-packages/airflow/example_dags/example_sensors.py
[2024-12-09T15:43:27.357-0300] {logging_mixin.py:188} INFO - [2024-12-09T15:43:27.356-0300] {dag.py:3096} INFO - Sync 1 DAGs
[2024-12-09T15:43:27.363-0300] {logging_mixin.py:188} INFO - [2024-12-09T15:43:27.363-0300] {dag.py:3954} INFO - Setting next_dagrun for example_sensors to None, run_after=None
[2024-12-09T15:43:27.380-0300] {processor.py:183} INFO - Processing /home/beatriz/Documentos/airflow/airflow_venv/lib/python3.10/site-packages/airflow/example_dags/example_sensors.py took 0.120 seconds
[2024-12-09T15:50:45.377-0300] {processor.py:161} INFO - Started process (PID=7847) to work on /home/beatriz/Documentos/airflow/airflow_venv/lib/python3.10/site-packages/airflow/example_dags/example_sensors.py
[2024-12-09T15:50:45.379-0300] {processor.py:830} INFO - Processing file /home/beatriz/Documentos/airflow/airflow_venv/lib/python3.10/site-packages/airflow/example_dags/example_sensors.py for tasks to queue
[2024-12-09T15:50:45.381-0300] {logging_mixin.py:188} INFO - [2024-12-09T15:50:45.381-0300] {dagbag.py:540} INFO - Filling up the DagBag from /home/beatriz/Documentos/airflow/airflow_venv/lib/python3.10/site-packages/airflow/example_dags/example_sensors.py
[2024-12-09T15:50:45.389-0300] {processor.py:840} INFO - DAG(s) 'example_sensors' retrieved from /home/beatriz/Documentos/airflow/airflow_venv/lib/python3.10/site-packages/airflow/example_dags/example_sensors.py
[2024-12-09T15:50:45.470-0300] {logging_mixin.py:188} INFO - [2024-12-09T15:50:45.470-0300] {dag.py:3096} INFO - Sync 1 DAGs
[2024-12-09T15:50:45.478-0300] {logging_mixin.py:188} INFO - [2024-12-09T15:50:45.478-0300] {dag.py:3954} INFO - Setting next_dagrun for example_sensors to None, run_after=None
[2024-12-09T15:50:45.497-0300] {processor.py:183} INFO - Processing /home/beatriz/Documentos/airflow/airflow_venv/lib/python3.10/site-packages/airflow/example_dags/example_sensors.py took 0.125 seconds
[2024-12-09T15:51:46.939-0300] {processor.py:161} INFO - Started process (PID=8543) to work on /home/beatriz/Documentos/airflow/airflow_venv/lib/python3.10/site-packages/airflow/example_dags/example_sensors.py
[2024-12-09T15:51:46.941-0300] {processor.py:830} INFO - Processing file /home/beatriz/Documentos/airflow/airflow_venv/lib/python3.10/site-packages/airflow/example_dags/example_sensors.py for tasks to queue
[2024-12-09T15:51:46.942-0300] {logging_mixin.py:188} INFO - [2024-12-09T15:51:46.942-0300] {dagbag.py:540} INFO - Filling up the DagBag from /home/beatriz/Documentos/airflow/airflow_venv/lib/python3.10/site-packages/airflow/example_dags/example_sensors.py
[2024-12-09T15:51:46.949-0300] {processor.py:840} INFO - DAG(s) 'example_sensors' retrieved from /home/beatriz/Documentos/airflow/airflow_venv/lib/python3.10/site-packages/airflow/example_dags/example_sensors.py
[2024-12-09T15:51:46.967-0300] {logging_mixin.py:188} INFO - [2024-12-09T15:51:46.967-0300] {dag.py:3096} INFO - Sync 1 DAGs
[2024-12-09T15:51:46.977-0300] {logging_mixin.py:188} INFO - [2024-12-09T15:51:46.977-0300] {dag.py:3954} INFO - Setting next_dagrun for example_sensors to None, run_after=None
[2024-12-09T15:51:46.998-0300] {processor.py:183} INFO - Processing /home/beatriz/Documentos/airflow/airflow_venv/lib/python3.10/site-packages/airflow/example_dags/example_sensors.py took 0.065 seconds
[2024-12-09T15:52:44.263-0300] {processor.py:161} INFO - Started process (PID=9008) to work on /home/beatriz/Documentos/airflow/airflow_venv/lib/python3.10/site-packages/airflow/example_dags/example_sensors.py
[2024-12-09T15:52:44.265-0300] {processor.py:830} INFO - Processing file /home/beatriz/Documentos/airflow/airflow_venv/lib/python3.10/site-packages/airflow/example_dags/example_sensors.py for tasks to queue
[2024-12-09T15:52:44.266-0300] {logging_mixin.py:188} INFO - [2024-12-09T15:52:44.266-0300] {dagbag.py:540} INFO - Filling up the DagBag from /home/beatriz/Documentos/airflow/airflow_venv/lib/python3.10/site-packages/airflow/example_dags/example_sensors.py
[2024-12-09T15:52:44.273-0300] {processor.py:840} INFO - DAG(s) 'example_sensors' retrieved from /home/beatriz/Documentos/airflow/airflow_venv/lib/python3.10/site-packages/airflow/example_dags/example_sensors.py
[2024-12-09T15:52:44.289-0300] {logging_mixin.py:188} INFO - [2024-12-09T15:52:44.289-0300] {dag.py:3096} INFO - Sync 1 DAGs
[2024-12-09T15:52:44.297-0300] {logging_mixin.py:188} INFO - [2024-12-09T15:52:44.297-0300] {dag.py:3954} INFO - Setting next_dagrun for example_sensors to None, run_after=None
[2024-12-09T15:52:44.324-0300] {processor.py:183} INFO - Processing /home/beatriz/Documentos/airflow/airflow_venv/lib/python3.10/site-packages/airflow/example_dags/example_sensors.py took 0.066 seconds
[2024-12-09T15:53:43.604-0300] {processor.py:161} INFO - Started process (PID=9451) to work on /home/beatriz/Documentos/airflow/airflow_venv/lib/python3.10/site-packages/airflow/example_dags/example_sensors.py
[2024-12-09T15:53:43.606-0300] {processor.py:830} INFO - Processing file /home/beatriz/Documentos/airflow/airflow_venv/lib/python3.10/site-packages/airflow/example_dags/example_sensors.py for tasks to queue
[2024-12-09T15:53:43.607-0300] {logging_mixin.py:188} INFO - [2024-12-09T15:53:43.607-0300] {dagbag.py:540} INFO - Filling up the DagBag from /home/beatriz/Documentos/airflow/airflow_venv/lib/python3.10/site-packages/airflow/example_dags/example_sensors.py
[2024-12-09T15:53:43.615-0300] {processor.py:840} INFO - DAG(s) 'example_sensors' retrieved from /home/beatriz/Documentos/airflow/airflow_venv/lib/python3.10/site-packages/airflow/example_dags/example_sensors.py
[2024-12-09T15:53:43.706-0300] {logging_mixin.py:188} INFO - [2024-12-09T15:53:43.706-0300] {dag.py:3096} INFO - Sync 1 DAGs
[2024-12-09T15:53:43.715-0300] {logging_mixin.py:188} INFO - [2024-12-09T15:53:43.714-0300] {dag.py:3954} INFO - Setting next_dagrun for example_sensors to None, run_after=None
[2024-12-09T15:53:43.733-0300] {processor.py:183} INFO - Processing /home/beatriz/Documentos/airflow/airflow_venv/lib/python3.10/site-packages/airflow/example_dags/example_sensors.py took 0.134 seconds
[2024-12-09T15:54:38.656-0300] {processor.py:161} INFO - Started process (PID=9963) to work on /home/beatriz/Documentos/airflow/airflow_venv/lib/python3.10/site-packages/airflow/example_dags/example_sensors.py
[2024-12-09T15:54:38.658-0300] {processor.py:830} INFO - Processing file /home/beatriz/Documentos/airflow/airflow_venv/lib/python3.10/site-packages/airflow/example_dags/example_sensors.py for tasks to queue
[2024-12-09T15:54:38.659-0300] {logging_mixin.py:188} INFO - [2024-12-09T15:54:38.659-0300] {dagbag.py:540} INFO - Filling up the DagBag from /home/beatriz/Documentos/airflow/airflow_venv/lib/python3.10/site-packages/airflow/example_dags/example_sensors.py
[2024-12-09T15:54:38.666-0300] {processor.py:840} INFO - DAG(s) 'example_sensors' retrieved from /home/beatriz/Documentos/airflow/airflow_venv/lib/python3.10/site-packages/airflow/example_dags/example_sensors.py
[2024-12-09T15:54:38.686-0300] {logging_mixin.py:188} INFO - [2024-12-09T15:54:38.686-0300] {dag.py:3096} INFO - Sync 1 DAGs
[2024-12-09T15:54:38.695-0300] {logging_mixin.py:188} INFO - [2024-12-09T15:54:38.694-0300] {dag.py:3954} INFO - Setting next_dagrun for example_sensors to None, run_after=None
[2024-12-09T15:54:38.718-0300] {processor.py:183} INFO - Processing /home/beatriz/Documentos/airflow/airflow_venv/lib/python3.10/site-packages/airflow/example_dags/example_sensors.py took 0.066 seconds
[2024-12-09T15:56:51.127-0300] {processor.py:161} INFO - Started process (PID=11868) to work on /home/beatriz/Documentos/airflow/airflow_venv/lib/python3.10/site-packages/airflow/example_dags/example_sensors.py
[2024-12-09T15:56:51.130-0300] {processor.py:830} INFO - Processing file /home/beatriz/Documentos/airflow/airflow_venv/lib/python3.10/site-packages/airflow/example_dags/example_sensors.py for tasks to queue
[2024-12-09T15:56:51.133-0300] {logging_mixin.py:188} INFO - [2024-12-09T15:56:51.132-0300] {dagbag.py:540} INFO - Filling up the DagBag from /home/beatriz/Documentos/airflow/airflow_venv/lib/python3.10/site-packages/airflow/example_dags/example_sensors.py
[2024-12-09T15:56:51.146-0300] {processor.py:840} INFO - DAG(s) 'example_sensors' retrieved from /home/beatriz/Documentos/airflow/airflow_venv/lib/python3.10/site-packages/airflow/example_dags/example_sensors.py
[2024-12-09T15:56:51.221-0300] {logging_mixin.py:188} INFO - [2024-12-09T15:56:51.221-0300] {dag.py:3096} INFO - Sync 1 DAGs
[2024-12-09T15:56:51.227-0300] {logging_mixin.py:188} INFO - [2024-12-09T15:56:51.227-0300] {dag.py:3954} INFO - Setting next_dagrun for example_sensors to None, run_after=None
[2024-12-09T15:56:51.246-0300] {processor.py:183} INFO - Processing /home/beatriz/Documentos/airflow/airflow_venv/lib/python3.10/site-packages/airflow/example_dags/example_sensors.py took 0.128 seconds
[2024-12-09T15:57:51.916-0300] {processor.py:161} INFO - Started process (PID=12411) to work on /home/beatriz/Documentos/airflow/airflow_venv/lib/python3.10/site-packages/airflow/example_dags/example_sensors.py
[2024-12-09T15:57:51.918-0300] {processor.py:830} INFO - Processing file /home/beatriz/Documentos/airflow/airflow_venv/lib/python3.10/site-packages/airflow/example_dags/example_sensors.py for tasks to queue
[2024-12-09T15:57:51.919-0300] {logging_mixin.py:188} INFO - [2024-12-09T15:57:51.919-0300] {dagbag.py:540} INFO - Filling up the DagBag from /home/beatriz/Documentos/airflow/airflow_venv/lib/python3.10/site-packages/airflow/example_dags/example_sensors.py
[2024-12-09T15:57:51.926-0300] {processor.py:840} INFO - DAG(s) 'example_sensors' retrieved from /home/beatriz/Documentos/airflow/airflow_venv/lib/python3.10/site-packages/airflow/example_dags/example_sensors.py
[2024-12-09T15:57:51.944-0300] {logging_mixin.py:188} INFO - [2024-12-09T15:57:51.944-0300] {dag.py:3096} INFO - Sync 1 DAGs
[2024-12-09T15:57:51.952-0300] {logging_mixin.py:188} INFO - [2024-12-09T15:57:51.952-0300] {dag.py:3954} INFO - Setting next_dagrun for example_sensors to None, run_after=None
[2024-12-09T15:57:51.974-0300] {processor.py:183} INFO - Processing /home/beatriz/Documentos/airflow/airflow_venv/lib/python3.10/site-packages/airflow/example_dags/example_sensors.py took 0.063 seconds
[2024-12-09T16:00:22.595-0300] {processor.py:161} INFO - Started process (PID=16164) to work on /home/beatriz/Documentos/airflow/airflow_venv/lib/python3.10/site-packages/airflow/example_dags/example_sensors.py
[2024-12-09T16:00:22.599-0300] {processor.py:830} INFO - Processing file /home/beatriz/Documentos/airflow/airflow_venv/lib/python3.10/site-packages/airflow/example_dags/example_sensors.py for tasks to queue
[2024-12-09T16:00:22.601-0300] {logging_mixin.py:188} INFO - [2024-12-09T16:00:22.600-0300] {dagbag.py:540} INFO - Filling up the DagBag from /home/beatriz/Documentos/airflow/airflow_venv/lib/python3.10/site-packages/airflow/example_dags/example_sensors.py
[2024-12-09T16:00:22.613-0300] {processor.py:840} INFO - DAG(s) 'example_sensors' retrieved from /home/beatriz/Documentos/airflow/airflow_venv/lib/python3.10/site-packages/airflow/example_dags/example_sensors.py
[2024-12-09T16:00:22.632-0300] {logging_mixin.py:188} INFO - [2024-12-09T16:00:22.632-0300] {dag.py:3096} INFO - Sync 1 DAGs
[2024-12-09T16:00:22.642-0300] {logging_mixin.py:188} INFO - [2024-12-09T16:00:22.642-0300] {dag.py:3954} INFO - Setting next_dagrun for example_sensors to None, run_after=None
[2024-12-09T16:00:22.662-0300] {processor.py:183} INFO - Processing /home/beatriz/Documentos/airflow/airflow_venv/lib/python3.10/site-packages/airflow/example_dags/example_sensors.py took 0.081 seconds
[2024-12-09T16:28:34.785-0300] {processor.py:161} INFO - Started process (PID=20326) to work on /home/beatriz/Documentos/airflow/airflow_venv/lib/python3.10/site-packages/airflow/example_dags/example_sensors.py
[2024-12-09T16:28:34.788-0300] {processor.py:830} INFO - Processing file /home/beatriz/Documentos/airflow/airflow_venv/lib/python3.10/site-packages/airflow/example_dags/example_sensors.py for tasks to queue
[2024-12-09T16:28:34.789-0300] {logging_mixin.py:188} INFO - [2024-12-09T16:28:34.789-0300] {dagbag.py:540} INFO - Filling up the DagBag from /home/beatriz/Documentos/airflow/airflow_venv/lib/python3.10/site-packages/airflow/example_dags/example_sensors.py
[2024-12-09T16:28:34.800-0300] {processor.py:840} INFO - DAG(s) 'example_sensors' retrieved from /home/beatriz/Documentos/airflow/airflow_venv/lib/python3.10/site-packages/airflow/example_dags/example_sensors.py
[2024-12-09T16:28:34.908-0300] {logging_mixin.py:188} INFO - [2024-12-09T16:28:34.908-0300] {dag.py:3096} INFO - Sync 1 DAGs
[2024-12-09T16:28:34.921-0300] {logging_mixin.py:188} INFO - [2024-12-09T16:28:34.920-0300] {dag.py:3954} INFO - Setting next_dagrun for example_sensors to None, run_after=None
[2024-12-09T16:28:34.947-0300] {processor.py:183} INFO - Processing /home/beatriz/Documentos/airflow/airflow_venv/lib/python3.10/site-packages/airflow/example_dags/example_sensors.py took 0.167 seconds
[2024-12-09T16:29:40.589-0300] {processor.py:161} INFO - Started process (PID=21371) to work on /home/beatriz/Documentos/airflow/airflow_venv/lib/python3.10/site-packages/airflow/example_dags/example_sensors.py
[2024-12-09T16:29:40.591-0300] {processor.py:830} INFO - Processing file /home/beatriz/Documentos/airflow/airflow_venv/lib/python3.10/site-packages/airflow/example_dags/example_sensors.py for tasks to queue
[2024-12-09T16:29:40.593-0300] {logging_mixin.py:188} INFO - [2024-12-09T16:29:40.592-0300] {dagbag.py:540} INFO - Filling up the DagBag from /home/beatriz/Documentos/airflow/airflow_venv/lib/python3.10/site-packages/airflow/example_dags/example_sensors.py
[2024-12-09T16:29:40.601-0300] {processor.py:840} INFO - DAG(s) 'example_sensors' retrieved from /home/beatriz/Documentos/airflow/airflow_venv/lib/python3.10/site-packages/airflow/example_dags/example_sensors.py
[2024-12-09T16:29:40.619-0300] {logging_mixin.py:188} INFO - [2024-12-09T16:29:40.619-0300] {dag.py:3096} INFO - Sync 1 DAGs
[2024-12-09T16:29:40.628-0300] {logging_mixin.py:188} INFO - [2024-12-09T16:29:40.628-0300] {dag.py:3954} INFO - Setting next_dagrun for example_sensors to None, run_after=None
[2024-12-09T16:29:40.646-0300] {processor.py:183} INFO - Processing /home/beatriz/Documentos/airflow/airflow_venv/lib/python3.10/site-packages/airflow/example_dags/example_sensors.py took 0.061 seconds
[2024-12-09T16:47:06.627-0300] {processor.py:161} INFO - Started process (PID=24132) to work on /home/beatriz/Documentos/airflow/airflow_venv/lib/python3.10/site-packages/airflow/example_dags/example_sensors.py
[2024-12-09T16:47:06.629-0300] {processor.py:830} INFO - Processing file /home/beatriz/Documentos/airflow/airflow_venv/lib/python3.10/site-packages/airflow/example_dags/example_sensors.py for tasks to queue
[2024-12-09T16:47:06.632-0300] {logging_mixin.py:188} INFO - [2024-12-09T16:47:06.631-0300] {dagbag.py:540} INFO - Filling up the DagBag from /home/beatriz/Documentos/airflow/airflow_venv/lib/python3.10/site-packages/airflow/example_dags/example_sensors.py
[2024-12-09T16:47:06.649-0300] {processor.py:840} INFO - DAG(s) 'example_sensors' retrieved from /home/beatriz/Documentos/airflow/airflow_venv/lib/python3.10/site-packages/airflow/example_dags/example_sensors.py
[2024-12-09T16:47:06.739-0300] {logging_mixin.py:188} INFO - [2024-12-09T16:47:06.739-0300] {dag.py:3096} INFO - Sync 1 DAGs
[2024-12-09T16:47:06.746-0300] {logging_mixin.py:188} INFO - [2024-12-09T16:47:06.746-0300] {dag.py:3954} INFO - Setting next_dagrun for example_sensors to None, run_after=None
[2024-12-09T16:47:06.764-0300] {processor.py:183} INFO - Processing /home/beatriz/Documentos/airflow/airflow_venv/lib/python3.10/site-packages/airflow/example_dags/example_sensors.py took 0.147 seconds
[2024-12-09T16:48:07.004-0300] {processor.py:161} INFO - Started process (PID=24793) to work on /home/beatriz/Documentos/airflow/airflow_venv/lib/python3.10/site-packages/airflow/example_dags/example_sensors.py
[2024-12-09T16:48:07.006-0300] {processor.py:830} INFO - Processing file /home/beatriz/Documentos/airflow/airflow_venv/lib/python3.10/site-packages/airflow/example_dags/example_sensors.py for tasks to queue
[2024-12-09T16:48:07.007-0300] {logging_mixin.py:188} INFO - [2024-12-09T16:48:07.007-0300] {dagbag.py:540} INFO - Filling up the DagBag from /home/beatriz/Documentos/airflow/airflow_venv/lib/python3.10/site-packages/airflow/example_dags/example_sensors.py
[2024-12-09T16:48:07.024-0300] {processor.py:840} INFO - DAG(s) 'example_sensors' retrieved from /home/beatriz/Documentos/airflow/airflow_venv/lib/python3.10/site-packages/airflow/example_dags/example_sensors.py
[2024-12-09T16:48:07.062-0300] {logging_mixin.py:188} INFO - [2024-12-09T16:48:07.061-0300] {dag.py:3096} INFO - Sync 1 DAGs
[2024-12-09T16:48:07.076-0300] {logging_mixin.py:188} INFO - [2024-12-09T16:48:07.076-0300] {dag.py:3954} INFO - Setting next_dagrun for example_sensors to None, run_after=None
[2024-12-09T16:48:07.105-0300] {processor.py:183} INFO - Processing /home/beatriz/Documentos/airflow/airflow_venv/lib/python3.10/site-packages/airflow/example_dags/example_sensors.py took 0.109 seconds
[2024-12-09T16:48:59.784-0300] {processor.py:161} INFO - Started process (PID=25133) to work on /home/beatriz/Documentos/airflow/airflow_venv/lib/python3.10/site-packages/airflow/example_dags/example_sensors.py
[2024-12-09T16:48:59.786-0300] {processor.py:830} INFO - Processing file /home/beatriz/Documentos/airflow/airflow_venv/lib/python3.10/site-packages/airflow/example_dags/example_sensors.py for tasks to queue
[2024-12-09T16:48:59.788-0300] {logging_mixin.py:188} INFO - [2024-12-09T16:48:59.788-0300] {dagbag.py:540} INFO - Filling up the DagBag from /home/beatriz/Documentos/airflow/airflow_venv/lib/python3.10/site-packages/airflow/example_dags/example_sensors.py
[2024-12-09T16:48:59.805-0300] {processor.py:840} INFO - DAG(s) 'example_sensors' retrieved from /home/beatriz/Documentos/airflow/airflow_venv/lib/python3.10/site-packages/airflow/example_dags/example_sensors.py
[2024-12-09T16:48:59.825-0300] {logging_mixin.py:188} INFO - [2024-12-09T16:48:59.824-0300] {dag.py:3096} INFO - Sync 1 DAGs
[2024-12-09T16:48:59.833-0300] {logging_mixin.py:188} INFO - [2024-12-09T16:48:59.833-0300] {dag.py:3954} INFO - Setting next_dagrun for example_sensors to None, run_after=None
[2024-12-09T16:48:59.851-0300] {processor.py:183} INFO - Processing /home/beatriz/Documentos/airflow/airflow_venv/lib/python3.10/site-packages/airflow/example_dags/example_sensors.py took 0.079 seconds
[2024-12-09T16:49:49.998-0300] {processor.py:161} INFO - Started process (PID=25426) to work on /home/beatriz/Documentos/airflow/airflow_venv/lib/python3.10/site-packages/airflow/example_dags/example_sensors.py
[2024-12-09T16:49:50.001-0300] {processor.py:830} INFO - Processing file /home/beatriz/Documentos/airflow/airflow_venv/lib/python3.10/site-packages/airflow/example_dags/example_sensors.py for tasks to queue
[2024-12-09T16:49:50.003-0300] {logging_mixin.py:188} INFO - [2024-12-09T16:49:50.002-0300] {dagbag.py:540} INFO - Filling up the DagBag from /home/beatriz/Documentos/airflow/airflow_venv/lib/python3.10/site-packages/airflow/example_dags/example_sensors.py
[2024-12-09T16:49:50.019-0300] {processor.py:840} INFO - DAG(s) 'example_sensors' retrieved from /home/beatriz/Documentos/airflow/airflow_venv/lib/python3.10/site-packages/airflow/example_dags/example_sensors.py
[2024-12-09T16:49:50.039-0300] {logging_mixin.py:188} INFO - [2024-12-09T16:49:50.038-0300] {dag.py:3096} INFO - Sync 1 DAGs
[2024-12-09T16:49:50.048-0300] {logging_mixin.py:188} INFO - [2024-12-09T16:49:50.048-0300] {dag.py:3954} INFO - Setting next_dagrun for example_sensors to None, run_after=None
[2024-12-09T16:49:50.067-0300] {processor.py:183} INFO - Processing /home/beatriz/Documentos/airflow/airflow_venv/lib/python3.10/site-packages/airflow/example_dags/example_sensors.py took 0.082 seconds
[2024-12-09T16:50:44.148-0300] {processor.py:161} INFO - Started process (PID=26060) to work on /home/beatriz/Documentos/airflow/airflow_venv/lib/python3.10/site-packages/airflow/example_dags/example_sensors.py
[2024-12-09T16:50:44.150-0300] {processor.py:830} INFO - Processing file /home/beatriz/Documentos/airflow/airflow_venv/lib/python3.10/site-packages/airflow/example_dags/example_sensors.py for tasks to queue
[2024-12-09T16:50:44.152-0300] {logging_mixin.py:188} INFO - [2024-12-09T16:50:44.151-0300] {dagbag.py:540} INFO - Filling up the DagBag from /home/beatriz/Documentos/airflow/airflow_venv/lib/python3.10/site-packages/airflow/example_dags/example_sensors.py
[2024-12-09T16:50:44.169-0300] {processor.py:840} INFO - DAG(s) 'example_sensors' retrieved from /home/beatriz/Documentos/airflow/airflow_venv/lib/python3.10/site-packages/airflow/example_dags/example_sensors.py
[2024-12-09T16:50:44.190-0300] {logging_mixin.py:188} INFO - [2024-12-09T16:50:44.190-0300] {dag.py:3096} INFO - Sync 1 DAGs
[2024-12-09T16:50:44.199-0300] {logging_mixin.py:188} INFO - [2024-12-09T16:50:44.198-0300] {dag.py:3954} INFO - Setting next_dagrun for example_sensors to None, run_after=None
[2024-12-09T16:50:44.217-0300] {processor.py:183} INFO - Processing /home/beatriz/Documentos/airflow/airflow_venv/lib/python3.10/site-packages/airflow/example_dags/example_sensors.py took 0.080 seconds
[2024-12-09T16:51:40.415-0300] {processor.py:161} INFO - Started process (PID=26625) to work on /home/beatriz/Documentos/airflow/airflow_venv/lib/python3.10/site-packages/airflow/example_dags/example_sensors.py
[2024-12-09T16:51:40.418-0300] {processor.py:830} INFO - Processing file /home/beatriz/Documentos/airflow/airflow_venv/lib/python3.10/site-packages/airflow/example_dags/example_sensors.py for tasks to queue
[2024-12-09T16:51:40.420-0300] {logging_mixin.py:188} INFO - [2024-12-09T16:51:40.419-0300] {dagbag.py:540} INFO - Filling up the DagBag from /home/beatriz/Documentos/airflow/airflow_venv/lib/python3.10/site-packages/airflow/example_dags/example_sensors.py
[2024-12-09T16:51:40.435-0300] {processor.py:840} INFO - DAG(s) 'example_sensors' retrieved from /home/beatriz/Documentos/airflow/airflow_venv/lib/python3.10/site-packages/airflow/example_dags/example_sensors.py
[2024-12-09T16:51:40.455-0300] {logging_mixin.py:188} INFO - [2024-12-09T16:51:40.455-0300] {dag.py:3096} INFO - Sync 1 DAGs
[2024-12-09T16:51:40.465-0300] {logging_mixin.py:188} INFO - [2024-12-09T16:51:40.464-0300] {dag.py:3954} INFO - Setting next_dagrun for example_sensors to None, run_after=None
[2024-12-09T16:51:40.483-0300] {processor.py:183} INFO - Processing /home/beatriz/Documentos/airflow/airflow_venv/lib/python3.10/site-packages/airflow/example_dags/example_sensors.py took 0.080 seconds
[2024-12-09T16:52:33.698-0300] {processor.py:161} INFO - Started process (PID=27075) to work on /home/beatriz/Documentos/airflow/airflow_venv/lib/python3.10/site-packages/airflow/example_dags/example_sensors.py
[2024-12-09T16:52:33.698-0300] {processor.py:830} INFO - Processing file /home/beatriz/Documentos/airflow/airflow_venv/lib/python3.10/site-packages/airflow/example_dags/example_sensors.py for tasks to queue
[2024-12-09T16:52:33.699-0300] {logging_mixin.py:188} INFO - [2024-12-09T16:52:33.699-0300] {dagbag.py:540} INFO - Filling up the DagBag from /home/beatriz/Documentos/airflow/airflow_venv/lib/python3.10/site-packages/airflow/example_dags/example_sensors.py
[2024-12-09T16:52:33.708-0300] {processor.py:840} INFO - DAG(s) 'example_sensors' retrieved from /home/beatriz/Documentos/airflow/airflow_venv/lib/python3.10/site-packages/airflow/example_dags/example_sensors.py
[2024-12-09T16:52:33.725-0300] {logging_mixin.py:188} INFO - [2024-12-09T16:52:33.725-0300] {dag.py:3096} INFO - Sync 1 DAGs
[2024-12-09T16:52:33.734-0300] {logging_mixin.py:188} INFO - [2024-12-09T16:52:33.733-0300] {dag.py:3954} INFO - Setting next_dagrun for example_sensors to None, run_after=None
[2024-12-09T16:52:33.751-0300] {processor.py:183} INFO - Processing /home/beatriz/Documentos/airflow/airflow_venv/lib/python3.10/site-packages/airflow/example_dags/example_sensors.py took 0.058 seconds
[2024-12-09T16:53:24.701-0300] {processor.py:161} INFO - Started process (PID=27474) to work on /home/beatriz/Documentos/airflow/airflow_venv/lib/python3.10/site-packages/airflow/example_dags/example_sensors.py
[2024-12-09T16:53:24.703-0300] {processor.py:830} INFO - Processing file /home/beatriz/Documentos/airflow/airflow_venv/lib/python3.10/site-packages/airflow/example_dags/example_sensors.py for tasks to queue
[2024-12-09T16:53:24.705-0300] {logging_mixin.py:188} INFO - [2024-12-09T16:53:24.705-0300] {dagbag.py:540} INFO - Filling up the DagBag from /home/beatriz/Documentos/airflow/airflow_venv/lib/python3.10/site-packages/airflow/example_dags/example_sensors.py
[2024-12-09T16:53:24.723-0300] {processor.py:840} INFO - DAG(s) 'example_sensors' retrieved from /home/beatriz/Documentos/airflow/airflow_venv/lib/python3.10/site-packages/airflow/example_dags/example_sensors.py
[2024-12-09T16:53:24.744-0300] {logging_mixin.py:188} INFO - [2024-12-09T16:53:24.744-0300] {dag.py:3096} INFO - Sync 1 DAGs
[2024-12-09T16:53:24.753-0300] {logging_mixin.py:188} INFO - [2024-12-09T16:53:24.752-0300] {dag.py:3954} INFO - Setting next_dagrun for example_sensors to None, run_after=None
[2024-12-09T16:53:24.770-0300] {processor.py:183} INFO - Processing /home/beatriz/Documentos/airflow/airflow_venv/lib/python3.10/site-packages/airflow/example_dags/example_sensors.py took 0.081 seconds
[2024-12-09T16:54:23.715-0300] {processor.py:161} INFO - Started process (PID=27918) to work on /home/beatriz/Documentos/airflow/airflow_venv/lib/python3.10/site-packages/airflow/example_dags/example_sensors.py
[2024-12-09T16:54:23.716-0300] {processor.py:830} INFO - Processing file /home/beatriz/Documentos/airflow/airflow_venv/lib/python3.10/site-packages/airflow/example_dags/example_sensors.py for tasks to queue
[2024-12-09T16:54:23.716-0300] {logging_mixin.py:188} INFO - [2024-12-09T16:54:23.716-0300] {dagbag.py:540} INFO - Filling up the DagBag from /home/beatriz/Documentos/airflow/airflow_venv/lib/python3.10/site-packages/airflow/example_dags/example_sensors.py
[2024-12-09T16:54:23.725-0300] {processor.py:840} INFO - DAG(s) 'example_sensors' retrieved from /home/beatriz/Documentos/airflow/airflow_venv/lib/python3.10/site-packages/airflow/example_dags/example_sensors.py
[2024-12-09T16:54:23.743-0300] {logging_mixin.py:188} INFO - [2024-12-09T16:54:23.743-0300] {dag.py:3096} INFO - Sync 1 DAGs
[2024-12-09T16:54:23.751-0300] {logging_mixin.py:188} INFO - [2024-12-09T16:54:23.751-0300] {dag.py:3954} INFO - Setting next_dagrun for example_sensors to None, run_after=None
[2024-12-09T16:54:23.769-0300] {processor.py:183} INFO - Processing /home/beatriz/Documentos/airflow/airflow_venv/lib/python3.10/site-packages/airflow/example_dags/example_sensors.py took 0.059 seconds
[2024-12-09T16:55:33.795-0300] {processor.py:161} INFO - Started process (PID=28509) to work on /home/beatriz/Documentos/airflow/airflow_venv/lib/python3.10/site-packages/airflow/example_dags/example_sensors.py
[2024-12-09T16:55:33.797-0300] {processor.py:830} INFO - Processing file /home/beatriz/Documentos/airflow/airflow_venv/lib/python3.10/site-packages/airflow/example_dags/example_sensors.py for tasks to queue
[2024-12-09T16:55:33.799-0300] {logging_mixin.py:188} INFO - [2024-12-09T16:55:33.798-0300] {dagbag.py:540} INFO - Filling up the DagBag from /home/beatriz/Documentos/airflow/airflow_venv/lib/python3.10/site-packages/airflow/example_dags/example_sensors.py
[2024-12-09T16:55:33.816-0300] {processor.py:840} INFO - DAG(s) 'example_sensors' retrieved from /home/beatriz/Documentos/airflow/airflow_venv/lib/python3.10/site-packages/airflow/example_dags/example_sensors.py
[2024-12-09T16:55:33.836-0300] {logging_mixin.py:188} INFO - [2024-12-09T16:55:33.836-0300] {dag.py:3096} INFO - Sync 1 DAGs
[2024-12-09T16:55:33.845-0300] {logging_mixin.py:188} INFO - [2024-12-09T16:55:33.845-0300] {dag.py:3954} INFO - Setting next_dagrun for example_sensors to None, run_after=None
[2024-12-09T16:55:33.862-0300] {processor.py:183} INFO - Processing /home/beatriz/Documentos/airflow/airflow_venv/lib/python3.10/site-packages/airflow/example_dags/example_sensors.py took 0.078 seconds
[2024-12-09T16:59:51.146-0300] {processor.py:161} INFO - Started process (PID=29449) to work on /home/beatriz/Documentos/airflow/airflow_venv/lib/python3.10/site-packages/airflow/example_dags/example_sensors.py
[2024-12-09T16:59:51.153-0300] {processor.py:830} INFO - Processing file /home/beatriz/Documentos/airflow/airflow_venv/lib/python3.10/site-packages/airflow/example_dags/example_sensors.py for tasks to queue
[2024-12-09T16:59:51.157-0300] {logging_mixin.py:188} INFO - [2024-12-09T16:59:51.156-0300] {dagbag.py:540} INFO - Filling up the DagBag from /home/beatriz/Documentos/airflow/airflow_venv/lib/python3.10/site-packages/airflow/example_dags/example_sensors.py
[2024-12-09T16:59:51.181-0300] {processor.py:840} INFO - DAG(s) 'example_sensors' retrieved from /home/beatriz/Documentos/airflow/airflow_venv/lib/python3.10/site-packages/airflow/example_dags/example_sensors.py
[2024-12-09T16:59:51.240-0300] {logging_mixin.py:188} INFO - [2024-12-09T16:59:51.240-0300] {dag.py:3096} INFO - Sync 1 DAGs
[2024-12-09T16:59:51.272-0300] {logging_mixin.py:188} INFO - [2024-12-09T16:59:51.272-0300] {dag.py:3954} INFO - Setting next_dagrun for example_sensors to None, run_after=None
[2024-12-09T16:59:51.320-0300] {processor.py:183} INFO - Processing /home/beatriz/Documentos/airflow/airflow_venv/lib/python3.10/site-packages/airflow/example_dags/example_sensors.py took 0.199 seconds
[2024-12-09T17:02:47.807-0300] {processor.py:161} INFO - Started process (PID=29711) to work on /home/beatriz/Documentos/airflow/airflow_venv/lib/python3.10/site-packages/airflow/example_dags/example_sensors.py
[2024-12-09T17:02:47.809-0300] {processor.py:830} INFO - Processing file /home/beatriz/Documentos/airflow/airflow_venv/lib/python3.10/site-packages/airflow/example_dags/example_sensors.py for tasks to queue
[2024-12-09T17:02:47.811-0300] {logging_mixin.py:188} INFO - [2024-12-09T17:02:47.810-0300] {dagbag.py:540} INFO - Filling up the DagBag from /home/beatriz/Documentos/airflow/airflow_venv/lib/python3.10/site-packages/airflow/example_dags/example_sensors.py
[2024-12-09T17:02:47.836-0300] {processor.py:840} INFO - DAG(s) 'example_sensors' retrieved from /home/beatriz/Documentos/airflow/airflow_venv/lib/python3.10/site-packages/airflow/example_dags/example_sensors.py
[2024-12-09T17:02:47.860-0300] {logging_mixin.py:188} INFO - [2024-12-09T17:02:47.860-0300] {dag.py:3096} INFO - Sync 1 DAGs
[2024-12-09T17:02:47.869-0300] {logging_mixin.py:188} INFO - [2024-12-09T17:02:47.869-0300] {dag.py:3954} INFO - Setting next_dagrun for example_sensors to None, run_after=None
[2024-12-09T17:02:47.900-0300] {processor.py:183} INFO - Processing /home/beatriz/Documentos/airflow/airflow_venv/lib/python3.10/site-packages/airflow/example_dags/example_sensors.py took 0.102 seconds
[2024-12-09T17:05:18.910-0300] {processor.py:161} INFO - Started process (PID=30440) to work on /home/beatriz/Documentos/airflow/airflow_venv/lib/python3.10/site-packages/airflow/example_dags/example_sensors.py
[2024-12-09T17:05:18.911-0300] {processor.py:830} INFO - Processing file /home/beatriz/Documentos/airflow/airflow_venv/lib/python3.10/site-packages/airflow/example_dags/example_sensors.py for tasks to queue
[2024-12-09T17:05:18.912-0300] {logging_mixin.py:188} INFO - [2024-12-09T17:05:18.912-0300] {dagbag.py:540} INFO - Filling up the DagBag from /home/beatriz/Documentos/airflow/airflow_venv/lib/python3.10/site-packages/airflow/example_dags/example_sensors.py
[2024-12-09T17:05:18.922-0300] {processor.py:840} INFO - DAG(s) 'example_sensors' retrieved from /home/beatriz/Documentos/airflow/airflow_venv/lib/python3.10/site-packages/airflow/example_dags/example_sensors.py
[2024-12-09T17:05:18.939-0300] {logging_mixin.py:188} INFO - [2024-12-09T17:05:18.939-0300] {dag.py:3096} INFO - Sync 1 DAGs
[2024-12-09T17:05:18.949-0300] {logging_mixin.py:188} INFO - [2024-12-09T17:05:18.949-0300] {dag.py:3954} INFO - Setting next_dagrun for example_sensors to None, run_after=None
[2024-12-09T17:05:18.966-0300] {processor.py:183} INFO - Processing /home/beatriz/Documentos/airflow/airflow_venv/lib/python3.10/site-packages/airflow/example_dags/example_sensors.py took 0.060 seconds
