[2024-12-09T15:00:25.389-0300] {processor.py:161} INFO - Started process (PID=28649) to work on /home/beatriz/Documentos/airflow/airflow_venv/lib/python3.10/site-packages/airflow/example_dags/example_dynamic_task_mapping.py
[2024-12-09T15:00:25.390-0300] {processor.py:830} INFO - Processing file /home/beatriz/Documentos/airflow/airflow_venv/lib/python3.10/site-packages/airflow/example_dags/example_dynamic_task_mapping.py for tasks to queue
[2024-12-09T15:00:25.391-0300] {logging_mixin.py:188} INFO - [2024-12-09T15:00:25.390-0300] {dagbag.py:540} INFO - Filling up the DagBag from /home/beatriz/Documentos/airflow/airflow_venv/lib/python3.10/site-packages/airflow/example_dags/example_dynamic_task_mapping.py
[2024-12-09T15:00:25.397-0300] {processor.py:840} INFO - DAG(s) 'example_dynamic_task_mapping' retrieved from /home/beatriz/Documentos/airflow/airflow_venv/lib/python3.10/site-packages/airflow/example_dags/example_dynamic_task_mapping.py
[2024-12-09T15:00:25.462-0300] {logging_mixin.py:188} INFO - [2024-12-09T15:00:25.462-0300] {dag.py:3096} INFO - Sync 1 DAGs
[2024-12-09T15:00:25.473-0300] {logging_mixin.py:188} INFO - [2024-12-09T15:00:25.473-0300] {dag.py:3954} INFO - Setting next_dagrun for example_dynamic_task_mapping to 2022-03-04 00:00:00+00:00, run_after=2022-03-05 00:00:00+00:00
[2024-12-09T15:00:25.488-0300] {processor.py:183} INFO - Processing /home/beatriz/Documentos/airflow/airflow_venv/lib/python3.10/site-packages/airflow/example_dags/example_dynamic_task_mapping.py took 0.104 seconds
[2024-12-09T15:01:27.988-0300] {processor.py:161} INFO - Started process (PID=29224) to work on /home/beatriz/Documentos/airflow/airflow_venv/lib/python3.10/site-packages/airflow/example_dags/example_dynamic_task_mapping.py
[2024-12-09T15:01:27.989-0300] {processor.py:830} INFO - Processing file /home/beatriz/Documentos/airflow/airflow_venv/lib/python3.10/site-packages/airflow/example_dags/example_dynamic_task_mapping.py for tasks to queue
[2024-12-09T15:01:27.990-0300] {logging_mixin.py:188} INFO - [2024-12-09T15:01:27.990-0300] {dagbag.py:540} INFO - Filling up the DagBag from /home/beatriz/Documentos/airflow/airflow_venv/lib/python3.10/site-packages/airflow/example_dags/example_dynamic_task_mapping.py
[2024-12-09T15:01:27.995-0300] {processor.py:840} INFO - DAG(s) 'example_dynamic_task_mapping' retrieved from /home/beatriz/Documentos/airflow/airflow_venv/lib/python3.10/site-packages/airflow/example_dags/example_dynamic_task_mapping.py
[2024-12-09T15:01:28.007-0300] {logging_mixin.py:188} INFO - [2024-12-09T15:01:28.006-0300] {dag.py:3096} INFO - Sync 1 DAGs
[2024-12-09T15:01:28.022-0300] {logging_mixin.py:188} INFO - [2024-12-09T15:01:28.021-0300] {dag.py:3954} INFO - Setting next_dagrun for example_dynamic_task_mapping to 2022-03-04 00:00:00+00:00, run_after=2022-03-05 00:00:00+00:00
[2024-12-09T15:01:28.038-0300] {processor.py:183} INFO - Processing /home/beatriz/Documentos/airflow/airflow_venv/lib/python3.10/site-packages/airflow/example_dags/example_dynamic_task_mapping.py took 0.054 seconds
[2024-12-09T15:02:25.631-0300] {processor.py:161} INFO - Started process (PID=29651) to work on /home/beatriz/Documentos/airflow/airflow_venv/lib/python3.10/site-packages/airflow/example_dags/example_dynamic_task_mapping.py
[2024-12-09T15:02:25.633-0300] {processor.py:830} INFO - Processing file /home/beatriz/Documentos/airflow/airflow_venv/lib/python3.10/site-packages/airflow/example_dags/example_dynamic_task_mapping.py for tasks to queue
[2024-12-09T15:02:25.637-0300] {logging_mixin.py:188} INFO - [2024-12-09T15:02:25.636-0300] {dagbag.py:540} INFO - Filling up the DagBag from /home/beatriz/Documentos/airflow/airflow_venv/lib/python3.10/site-packages/airflow/example_dags/example_dynamic_task_mapping.py
[2024-12-09T15:02:25.651-0300] {processor.py:840} INFO - DAG(s) 'example_dynamic_task_mapping' retrieved from /home/beatriz/Documentos/airflow/airflow_venv/lib/python3.10/site-packages/airflow/example_dags/example_dynamic_task_mapping.py
[2024-12-09T15:02:25.669-0300] {logging_mixin.py:188} INFO - [2024-12-09T15:02:25.668-0300] {dag.py:3096} INFO - Sync 1 DAGs
[2024-12-09T15:02:25.683-0300] {logging_mixin.py:188} INFO - [2024-12-09T15:02:25.683-0300] {dag.py:3954} INFO - Setting next_dagrun for example_dynamic_task_mapping to 2022-03-04 00:00:00+00:00, run_after=2022-03-05 00:00:00+00:00
[2024-12-09T15:02:25.806-0300] {processor.py:183} INFO - Processing /home/beatriz/Documentos/airflow/airflow_venv/lib/python3.10/site-packages/airflow/example_dags/example_dynamic_task_mapping.py took 0.187 seconds
[2024-12-09T15:04:09.296-0300] {processor.py:161} INFO - Started process (PID=30972) to work on /home/beatriz/Documentos/airflow/airflow_venv/lib/python3.10/site-packages/airflow/example_dags/example_dynamic_task_mapping.py
[2024-12-09T15:04:09.297-0300] {processor.py:830} INFO - Processing file /home/beatriz/Documentos/airflow/airflow_venv/lib/python3.10/site-packages/airflow/example_dags/example_dynamic_task_mapping.py for tasks to queue
[2024-12-09T15:04:09.298-0300] {logging_mixin.py:188} INFO - [2024-12-09T15:04:09.298-0300] {dagbag.py:540} INFO - Filling up the DagBag from /home/beatriz/Documentos/airflow/airflow_venv/lib/python3.10/site-packages/airflow/example_dags/example_dynamic_task_mapping.py
[2024-12-09T15:04:09.305-0300] {processor.py:840} INFO - DAG(s) 'example_dynamic_task_mapping' retrieved from /home/beatriz/Documentos/airflow/airflow_venv/lib/python3.10/site-packages/airflow/example_dags/example_dynamic_task_mapping.py
[2024-12-09T15:04:09.374-0300] {logging_mixin.py:188} INFO - [2024-12-09T15:04:09.374-0300] {dag.py:3096} INFO - Sync 1 DAGs
[2024-12-09T15:04:09.386-0300] {logging_mixin.py:188} INFO - [2024-12-09T15:04:09.385-0300] {dag.py:3954} INFO - Setting next_dagrun for example_dynamic_task_mapping to 2022-03-04 00:00:00+00:00, run_after=2022-03-05 00:00:00+00:00
[2024-12-09T15:04:09.401-0300] {processor.py:183} INFO - Processing /home/beatriz/Documentos/airflow/airflow_venv/lib/python3.10/site-packages/airflow/example_dags/example_dynamic_task_mapping.py took 0.109 seconds
[2024-12-09T15:05:09.994-0300] {processor.py:161} INFO - Started process (PID=31693) to work on /home/beatriz/Documentos/airflow/airflow_venv/lib/python3.10/site-packages/airflow/example_dags/example_dynamic_task_mapping.py
[2024-12-09T15:05:09.995-0300] {processor.py:830} INFO - Processing file /home/beatriz/Documentos/airflow/airflow_venv/lib/python3.10/site-packages/airflow/example_dags/example_dynamic_task_mapping.py for tasks to queue
[2024-12-09T15:05:09.996-0300] {logging_mixin.py:188} INFO - [2024-12-09T15:05:09.996-0300] {dagbag.py:540} INFO - Filling up the DagBag from /home/beatriz/Documentos/airflow/airflow_venv/lib/python3.10/site-packages/airflow/example_dags/example_dynamic_task_mapping.py
[2024-12-09T15:05:10.002-0300] {processor.py:840} INFO - DAG(s) 'example_dynamic_task_mapping' retrieved from /home/beatriz/Documentos/airflow/airflow_venv/lib/python3.10/site-packages/airflow/example_dags/example_dynamic_task_mapping.py
[2024-12-09T15:05:10.068-0300] {logging_mixin.py:188} INFO - [2024-12-09T15:05:10.068-0300] {dag.py:3096} INFO - Sync 1 DAGs
[2024-12-09T15:05:10.079-0300] {logging_mixin.py:188} INFO - [2024-12-09T15:05:10.079-0300] {dag.py:3954} INFO - Setting next_dagrun for example_dynamic_task_mapping to 2022-03-04 00:00:00+00:00, run_after=2022-03-05 00:00:00+00:00
[2024-12-09T15:05:10.095-0300] {processor.py:183} INFO - Processing /home/beatriz/Documentos/airflow/airflow_venv/lib/python3.10/site-packages/airflow/example_dags/example_dynamic_task_mapping.py took 0.105 seconds
[2024-12-09T15:06:24.452-0300] {processor.py:161} INFO - Started process (PID=32491) to work on /home/beatriz/Documentos/airflow/airflow_venv/lib/python3.10/site-packages/airflow/example_dags/example_dynamic_task_mapping.py
[2024-12-09T15:06:24.453-0300] {processor.py:830} INFO - Processing file /home/beatriz/Documentos/airflow/airflow_venv/lib/python3.10/site-packages/airflow/example_dags/example_dynamic_task_mapping.py for tasks to queue
[2024-12-09T15:06:24.455-0300] {logging_mixin.py:188} INFO - [2024-12-09T15:06:24.454-0300] {dagbag.py:540} INFO - Filling up the DagBag from /home/beatriz/Documentos/airflow/airflow_venv/lib/python3.10/site-packages/airflow/example_dags/example_dynamic_task_mapping.py
[2024-12-09T15:06:24.462-0300] {processor.py:840} INFO - DAG(s) 'example_dynamic_task_mapping' retrieved from /home/beatriz/Documentos/airflow/airflow_venv/lib/python3.10/site-packages/airflow/example_dags/example_dynamic_task_mapping.py
[2024-12-09T15:06:24.529-0300] {logging_mixin.py:188} INFO - [2024-12-09T15:06:24.529-0300] {dag.py:3096} INFO - Sync 1 DAGs
[2024-12-09T15:06:24.540-0300] {logging_mixin.py:188} INFO - [2024-12-09T15:06:24.540-0300] {dag.py:3954} INFO - Setting next_dagrun for example_dynamic_task_mapping to 2022-03-04 00:00:00+00:00, run_after=2022-03-05 00:00:00+00:00
[2024-12-09T15:06:24.557-0300] {processor.py:183} INFO - Processing /home/beatriz/Documentos/airflow/airflow_venv/lib/python3.10/site-packages/airflow/example_dags/example_dynamic_task_mapping.py took 0.109 seconds
[2024-12-09T15:07:29.803-0300] {processor.py:161} INFO - Started process (PID=32962) to work on /home/beatriz/Documentos/airflow/airflow_venv/lib/python3.10/site-packages/airflow/example_dags/example_dynamic_task_mapping.py
[2024-12-09T15:07:29.805-0300] {processor.py:830} INFO - Processing file /home/beatriz/Documentos/airflow/airflow_venv/lib/python3.10/site-packages/airflow/example_dags/example_dynamic_task_mapping.py for tasks to queue
[2024-12-09T15:07:29.808-0300] {logging_mixin.py:188} INFO - [2024-12-09T15:07:29.807-0300] {dagbag.py:540} INFO - Filling up the DagBag from /home/beatriz/Documentos/airflow/airflow_venv/lib/python3.10/site-packages/airflow/example_dags/example_dynamic_task_mapping.py
[2024-12-09T15:07:29.819-0300] {processor.py:840} INFO - DAG(s) 'example_dynamic_task_mapping' retrieved from /home/beatriz/Documentos/airflow/airflow_venv/lib/python3.10/site-packages/airflow/example_dags/example_dynamic_task_mapping.py
[2024-12-09T15:07:29.836-0300] {logging_mixin.py:188} INFO - [2024-12-09T15:07:29.835-0300] {dag.py:3096} INFO - Sync 1 DAGs
[2024-12-09T15:07:29.851-0300] {logging_mixin.py:188} INFO - [2024-12-09T15:07:29.850-0300] {dag.py:3954} INFO - Setting next_dagrun for example_dynamic_task_mapping to 2022-03-04 00:00:00+00:00, run_after=2022-03-05 00:00:00+00:00
[2024-12-09T15:07:29.866-0300] {processor.py:183} INFO - Processing /home/beatriz/Documentos/airflow/airflow_venv/lib/python3.10/site-packages/airflow/example_dags/example_dynamic_task_mapping.py took 0.074 seconds
[2024-12-09T15:08:29.584-0300] {processor.py:161} INFO - Started process (PID=33388) to work on /home/beatriz/Documentos/airflow/airflow_venv/lib/python3.10/site-packages/airflow/example_dags/example_dynamic_task_mapping.py
[2024-12-09T15:08:29.585-0300] {processor.py:830} INFO - Processing file /home/beatriz/Documentos/airflow/airflow_venv/lib/python3.10/site-packages/airflow/example_dags/example_dynamic_task_mapping.py for tasks to queue
[2024-12-09T15:08:29.587-0300] {logging_mixin.py:188} INFO - [2024-12-09T15:08:29.587-0300] {dagbag.py:540} INFO - Filling up the DagBag from /home/beatriz/Documentos/airflow/airflow_venv/lib/python3.10/site-packages/airflow/example_dags/example_dynamic_task_mapping.py
[2024-12-09T15:08:29.598-0300] {processor.py:840} INFO - DAG(s) 'example_dynamic_task_mapping' retrieved from /home/beatriz/Documentos/airflow/airflow_venv/lib/python3.10/site-packages/airflow/example_dags/example_dynamic_task_mapping.py
[2024-12-09T15:08:29.616-0300] {logging_mixin.py:188} INFO - [2024-12-09T15:08:29.615-0300] {dag.py:3096} INFO - Sync 1 DAGs
[2024-12-09T15:08:29.641-0300] {logging_mixin.py:188} INFO - [2024-12-09T15:08:29.641-0300] {dag.py:3954} INFO - Setting next_dagrun for example_dynamic_task_mapping to 2022-03-04 00:00:00+00:00, run_after=2022-03-05 00:00:00+00:00
[2024-12-09T15:08:29.796-0300] {processor.py:183} INFO - Processing /home/beatriz/Documentos/airflow/airflow_venv/lib/python3.10/site-packages/airflow/example_dags/example_dynamic_task_mapping.py took 0.220 seconds
[2024-12-09T15:11:07.815-0300] {processor.py:161} INFO - Started process (PID=34330) to work on /home/beatriz/Documentos/airflow/airflow_venv/lib/python3.10/site-packages/airflow/example_dags/example_dynamic_task_mapping.py
[2024-12-09T15:11:07.817-0300] {processor.py:830} INFO - Processing file /home/beatriz/Documentos/airflow/airflow_venv/lib/python3.10/site-packages/airflow/example_dags/example_dynamic_task_mapping.py for tasks to queue
[2024-12-09T15:11:07.819-0300] {logging_mixin.py:188} INFO - [2024-12-09T15:11:07.818-0300] {dagbag.py:540} INFO - Filling up the DagBag from /home/beatriz/Documentos/airflow/airflow_venv/lib/python3.10/site-packages/airflow/example_dags/example_dynamic_task_mapping.py
[2024-12-09T15:11:07.834-0300] {processor.py:840} INFO - DAG(s) 'example_dynamic_task_mapping' retrieved from /home/beatriz/Documentos/airflow/airflow_venv/lib/python3.10/site-packages/airflow/example_dags/example_dynamic_task_mapping.py
[2024-12-09T15:11:07.851-0300] {logging_mixin.py:188} INFO - [2024-12-09T15:11:07.851-0300] {dag.py:3096} INFO - Sync 1 DAGs
[2024-12-09T15:11:07.868-0300] {logging_mixin.py:188} INFO - [2024-12-09T15:11:07.868-0300] {dag.py:3954} INFO - Setting next_dagrun for example_dynamic_task_mapping to 2022-03-04 00:00:00+00:00, run_after=2022-03-05 00:00:00+00:00
[2024-12-09T15:11:07.886-0300] {processor.py:183} INFO - Processing /home/beatriz/Documentos/airflow/airflow_venv/lib/python3.10/site-packages/airflow/example_dags/example_dynamic_task_mapping.py took 0.084 seconds
[2024-12-09T15:12:42.610-0300] {processor.py:161} INFO - Started process (PID=34831) to work on /home/beatriz/Documentos/airflow/airflow_venv/lib/python3.10/site-packages/airflow/example_dags/example_dynamic_task_mapping.py
[2024-12-09T15:12:42.616-0300] {processor.py:830} INFO - Processing file /home/beatriz/Documentos/airflow/airflow_venv/lib/python3.10/site-packages/airflow/example_dags/example_dynamic_task_mapping.py for tasks to queue
[2024-12-09T15:12:42.618-0300] {logging_mixin.py:188} INFO - [2024-12-09T15:12:42.618-0300] {dagbag.py:540} INFO - Filling up the DagBag from /home/beatriz/Documentos/airflow/airflow_venv/lib/python3.10/site-packages/airflow/example_dags/example_dynamic_task_mapping.py
[2024-12-09T15:12:42.642-0300] {processor.py:840} INFO - DAG(s) 'example_dynamic_task_mapping' retrieved from /home/beatriz/Documentos/airflow/airflow_venv/lib/python3.10/site-packages/airflow/example_dags/example_dynamic_task_mapping.py
[2024-12-09T15:12:42.669-0300] {logging_mixin.py:188} INFO - [2024-12-09T15:12:42.668-0300] {dag.py:3096} INFO - Sync 1 DAGs
[2024-12-09T15:12:42.700-0300] {logging_mixin.py:188} INFO - [2024-12-09T15:12:42.700-0300] {dag.py:3954} INFO - Setting next_dagrun for example_dynamic_task_mapping to 2022-03-04 00:00:00+00:00, run_after=2022-03-05 00:00:00+00:00
[2024-12-09T15:12:42.731-0300] {processor.py:183} INFO - Processing /home/beatriz/Documentos/airflow/airflow_venv/lib/python3.10/site-packages/airflow/example_dags/example_dynamic_task_mapping.py took 0.130 seconds
[2024-12-09T15:14:14.167-0300] {processor.py:161} INFO - Started process (PID=36347) to work on /home/beatriz/Documentos/airflow/airflow_venv/lib/python3.10/site-packages/airflow/example_dags/example_dynamic_task_mapping.py
[2024-12-09T15:14:14.168-0300] {processor.py:830} INFO - Processing file /home/beatriz/Documentos/airflow/airflow_venv/lib/python3.10/site-packages/airflow/example_dags/example_dynamic_task_mapping.py for tasks to queue
[2024-12-09T15:14:14.169-0300] {logging_mixin.py:188} INFO - [2024-12-09T15:14:14.169-0300] {dagbag.py:540} INFO - Filling up the DagBag from /home/beatriz/Documentos/airflow/airflow_venv/lib/python3.10/site-packages/airflow/example_dags/example_dynamic_task_mapping.py
[2024-12-09T15:14:14.175-0300] {processor.py:840} INFO - DAG(s) 'example_dynamic_task_mapping' retrieved from /home/beatriz/Documentos/airflow/airflow_venv/lib/python3.10/site-packages/airflow/example_dags/example_dynamic_task_mapping.py
[2024-12-09T15:14:14.255-0300] {logging_mixin.py:188} INFO - [2024-12-09T15:14:14.255-0300] {dag.py:3096} INFO - Sync 1 DAGs
[2024-12-09T15:14:14.270-0300] {logging_mixin.py:188} INFO - [2024-12-09T15:14:14.270-0300] {dag.py:3954} INFO - Setting next_dagrun for example_dynamic_task_mapping to 2022-03-04 00:00:00+00:00, run_after=2022-03-05 00:00:00+00:00
[2024-12-09T15:14:14.288-0300] {processor.py:183} INFO - Processing /home/beatriz/Documentos/airflow/airflow_venv/lib/python3.10/site-packages/airflow/example_dags/example_dynamic_task_mapping.py took 0.125 seconds
[2024-12-09T15:15:15.041-0300] {processor.py:161} INFO - Started process (PID=36829) to work on /home/beatriz/Documentos/airflow/airflow_venv/lib/python3.10/site-packages/airflow/example_dags/example_dynamic_task_mapping.py
[2024-12-09T15:15:15.044-0300] {processor.py:830} INFO - Processing file /home/beatriz/Documentos/airflow/airflow_venv/lib/python3.10/site-packages/airflow/example_dags/example_dynamic_task_mapping.py for tasks to queue
[2024-12-09T15:15:15.045-0300] {logging_mixin.py:188} INFO - [2024-12-09T15:15:15.045-0300] {dagbag.py:540} INFO - Filling up the DagBag from /home/beatriz/Documentos/airflow/airflow_venv/lib/python3.10/site-packages/airflow/example_dags/example_dynamic_task_mapping.py
[2024-12-09T15:15:15.050-0300] {processor.py:840} INFO - DAG(s) 'example_dynamic_task_mapping' retrieved from /home/beatriz/Documentos/airflow/airflow_venv/lib/python3.10/site-packages/airflow/example_dags/example_dynamic_task_mapping.py
[2024-12-09T15:15:15.062-0300] {logging_mixin.py:188} INFO - [2024-12-09T15:15:15.061-0300] {dag.py:3096} INFO - Sync 1 DAGs
[2024-12-09T15:15:15.077-0300] {logging_mixin.py:188} INFO - [2024-12-09T15:15:15.077-0300] {dag.py:3954} INFO - Setting next_dagrun for example_dynamic_task_mapping to 2022-03-04 00:00:00+00:00, run_after=2022-03-05 00:00:00+00:00
[2024-12-09T15:15:15.093-0300] {processor.py:183} INFO - Processing /home/beatriz/Documentos/airflow/airflow_venv/lib/python3.10/site-packages/airflow/example_dags/example_dynamic_task_mapping.py took 0.056 seconds
[2024-12-09T15:16:11.910-0300] {processor.py:161} INFO - Started process (PID=37443) to work on /home/beatriz/Documentos/airflow/airflow_venv/lib/python3.10/site-packages/airflow/example_dags/example_dynamic_task_mapping.py
[2024-12-09T15:16:11.912-0300] {processor.py:830} INFO - Processing file /home/beatriz/Documentos/airflow/airflow_venv/lib/python3.10/site-packages/airflow/example_dags/example_dynamic_task_mapping.py for tasks to queue
[2024-12-09T15:16:11.913-0300] {logging_mixin.py:188} INFO - [2024-12-09T15:16:11.913-0300] {dagbag.py:540} INFO - Filling up the DagBag from /home/beatriz/Documentos/airflow/airflow_venv/lib/python3.10/site-packages/airflow/example_dags/example_dynamic_task_mapping.py
[2024-12-09T15:16:11.918-0300] {processor.py:840} INFO - DAG(s) 'example_dynamic_task_mapping' retrieved from /home/beatriz/Documentos/airflow/airflow_venv/lib/python3.10/site-packages/airflow/example_dags/example_dynamic_task_mapping.py
[2024-12-09T15:16:11.930-0300] {logging_mixin.py:188} INFO - [2024-12-09T15:16:11.930-0300] {dag.py:3096} INFO - Sync 1 DAGs
[2024-12-09T15:16:11.945-0300] {logging_mixin.py:188} INFO - [2024-12-09T15:16:11.945-0300] {dag.py:3954} INFO - Setting next_dagrun for example_dynamic_task_mapping to 2022-03-04 00:00:00+00:00, run_after=2022-03-05 00:00:00+00:00
[2024-12-09T15:16:12.034-0300] {processor.py:183} INFO - Processing /home/beatriz/Documentos/airflow/airflow_venv/lib/python3.10/site-packages/airflow/example_dags/example_dynamic_task_mapping.py took 0.129 seconds
[2024-12-09T15:17:07.479-0300] {processor.py:161} INFO - Started process (PID=37938) to work on /home/beatriz/Documentos/airflow/airflow_venv/lib/python3.10/site-packages/airflow/example_dags/example_dynamic_task_mapping.py
[2024-12-09T15:17:07.482-0300] {processor.py:830} INFO - Processing file /home/beatriz/Documentos/airflow/airflow_venv/lib/python3.10/site-packages/airflow/example_dags/example_dynamic_task_mapping.py for tasks to queue
[2024-12-09T15:17:07.485-0300] {logging_mixin.py:188} INFO - [2024-12-09T15:17:07.484-0300] {dagbag.py:540} INFO - Filling up the DagBag from /home/beatriz/Documentos/airflow/airflow_venv/lib/python3.10/site-packages/airflow/example_dags/example_dynamic_task_mapping.py
[2024-12-09T15:17:07.496-0300] {processor.py:840} INFO - DAG(s) 'example_dynamic_task_mapping' retrieved from /home/beatriz/Documentos/airflow/airflow_venv/lib/python3.10/site-packages/airflow/example_dags/example_dynamic_task_mapping.py
[2024-12-09T15:17:07.511-0300] {logging_mixin.py:188} INFO - [2024-12-09T15:17:07.511-0300] {dag.py:3096} INFO - Sync 1 DAGs
[2024-12-09T15:17:07.527-0300] {logging_mixin.py:188} INFO - [2024-12-09T15:17:07.526-0300] {dag.py:3954} INFO - Setting next_dagrun for example_dynamic_task_mapping to 2022-03-04 00:00:00+00:00, run_after=2022-03-05 00:00:00+00:00
[2024-12-09T15:17:07.544-0300] {processor.py:183} INFO - Processing /home/beatriz/Documentos/airflow/airflow_venv/lib/python3.10/site-packages/airflow/example_dags/example_dynamic_task_mapping.py took 0.076 seconds
[2024-12-09T15:18:00.582-0300] {processor.py:161} INFO - Started process (PID=38457) to work on /home/beatriz/Documentos/airflow/airflow_venv/lib/python3.10/site-packages/airflow/example_dags/example_dynamic_task_mapping.py
[2024-12-09T15:18:00.584-0300] {processor.py:830} INFO - Processing file /home/beatriz/Documentos/airflow/airflow_venv/lib/python3.10/site-packages/airflow/example_dags/example_dynamic_task_mapping.py for tasks to queue
[2024-12-09T15:18:00.586-0300] {logging_mixin.py:188} INFO - [2024-12-09T15:18:00.585-0300] {dagbag.py:540} INFO - Filling up the DagBag from /home/beatriz/Documentos/airflow/airflow_venv/lib/python3.10/site-packages/airflow/example_dags/example_dynamic_task_mapping.py
[2024-12-09T15:18:00.590-0300] {processor.py:840} INFO - DAG(s) 'example_dynamic_task_mapping' retrieved from /home/beatriz/Documentos/airflow/airflow_venv/lib/python3.10/site-packages/airflow/example_dags/example_dynamic_task_mapping.py
[2024-12-09T15:18:00.602-0300] {logging_mixin.py:188} INFO - [2024-12-09T15:18:00.602-0300] {dag.py:3096} INFO - Sync 1 DAGs
[2024-12-09T15:18:00.618-0300] {logging_mixin.py:188} INFO - [2024-12-09T15:18:00.618-0300] {dag.py:3954} INFO - Setting next_dagrun for example_dynamic_task_mapping to 2022-03-04 00:00:00+00:00, run_after=2022-03-05 00:00:00+00:00
[2024-12-09T15:18:00.634-0300] {processor.py:183} INFO - Processing /home/beatriz/Documentos/airflow/airflow_venv/lib/python3.10/site-packages/airflow/example_dags/example_dynamic_task_mapping.py took 0.056 seconds
[2024-12-09T15:19:20.017-0300] {processor.py:161} INFO - Started process (PID=39704) to work on /home/beatriz/Documentos/airflow/airflow_venv/lib/python3.10/site-packages/airflow/example_dags/example_dynamic_task_mapping.py
[2024-12-09T15:19:20.019-0300] {processor.py:830} INFO - Processing file /home/beatriz/Documentos/airflow/airflow_venv/lib/python3.10/site-packages/airflow/example_dags/example_dynamic_task_mapping.py for tasks to queue
[2024-12-09T15:19:20.020-0300] {logging_mixin.py:188} INFO - [2024-12-09T15:19:20.020-0300] {dagbag.py:540} INFO - Filling up the DagBag from /home/beatriz/Documentos/airflow/airflow_venv/lib/python3.10/site-packages/airflow/example_dags/example_dynamic_task_mapping.py
[2024-12-09T15:19:20.026-0300] {processor.py:840} INFO - DAG(s) 'example_dynamic_task_mapping' retrieved from /home/beatriz/Documentos/airflow/airflow_venv/lib/python3.10/site-packages/airflow/example_dags/example_dynamic_task_mapping.py
[2024-12-09T15:19:20.094-0300] {logging_mixin.py:188} INFO - [2024-12-09T15:19:20.093-0300] {dag.py:3096} INFO - Sync 1 DAGs
[2024-12-09T15:19:20.105-0300] {logging_mixin.py:188} INFO - [2024-12-09T15:19:20.105-0300] {dag.py:3954} INFO - Setting next_dagrun for example_dynamic_task_mapping to 2022-03-04 00:00:00+00:00, run_after=2022-03-05 00:00:00+00:00
[2024-12-09T15:19:20.122-0300] {processor.py:183} INFO - Processing /home/beatriz/Documentos/airflow/airflow_venv/lib/python3.10/site-packages/airflow/example_dags/example_dynamic_task_mapping.py took 0.109 seconds
[2024-12-09T15:20:18.862-0300] {processor.py:161} INFO - Started process (PID=40357) to work on /home/beatriz/Documentos/airflow/airflow_venv/lib/python3.10/site-packages/airflow/example_dags/example_dynamic_task_mapping.py
[2024-12-09T15:20:18.864-0300] {processor.py:830} INFO - Processing file /home/beatriz/Documentos/airflow/airflow_venv/lib/python3.10/site-packages/airflow/example_dags/example_dynamic_task_mapping.py for tasks to queue
[2024-12-09T15:20:18.867-0300] {logging_mixin.py:188} INFO - [2024-12-09T15:20:18.866-0300] {dagbag.py:540} INFO - Filling up the DagBag from /home/beatriz/Documentos/airflow/airflow_venv/lib/python3.10/site-packages/airflow/example_dags/example_dynamic_task_mapping.py
[2024-12-09T15:20:18.878-0300] {processor.py:840} INFO - DAG(s) 'example_dynamic_task_mapping' retrieved from /home/beatriz/Documentos/airflow/airflow_venv/lib/python3.10/site-packages/airflow/example_dags/example_dynamic_task_mapping.py
[2024-12-09T15:20:18.893-0300] {logging_mixin.py:188} INFO - [2024-12-09T15:20:18.893-0300] {dag.py:3096} INFO - Sync 1 DAGs
[2024-12-09T15:20:18.909-0300] {logging_mixin.py:188} INFO - [2024-12-09T15:20:18.909-0300] {dag.py:3954} INFO - Setting next_dagrun for example_dynamic_task_mapping to 2022-03-04 00:00:00+00:00, run_after=2022-03-05 00:00:00+00:00
[2024-12-09T15:20:18.927-0300] {processor.py:183} INFO - Processing /home/beatriz/Documentos/airflow/airflow_venv/lib/python3.10/site-packages/airflow/example_dags/example_dynamic_task_mapping.py took 0.076 seconds
[2024-12-09T15:21:13.379-0300] {processor.py:161} INFO - Started process (PID=40822) to work on /home/beatriz/Documentos/airflow/airflow_venv/lib/python3.10/site-packages/airflow/example_dags/example_dynamic_task_mapping.py
[2024-12-09T15:21:13.381-0300] {processor.py:830} INFO - Processing file /home/beatriz/Documentos/airflow/airflow_venv/lib/python3.10/site-packages/airflow/example_dags/example_dynamic_task_mapping.py for tasks to queue
[2024-12-09T15:21:13.382-0300] {logging_mixin.py:188} INFO - [2024-12-09T15:21:13.382-0300] {dagbag.py:540} INFO - Filling up the DagBag from /home/beatriz/Documentos/airflow/airflow_venv/lib/python3.10/site-packages/airflow/example_dags/example_dynamic_task_mapping.py
[2024-12-09T15:21:13.386-0300] {processor.py:840} INFO - DAG(s) 'example_dynamic_task_mapping' retrieved from /home/beatriz/Documentos/airflow/airflow_venv/lib/python3.10/site-packages/airflow/example_dags/example_dynamic_task_mapping.py
[2024-12-09T15:21:13.397-0300] {logging_mixin.py:188} INFO - [2024-12-09T15:21:13.397-0300] {dag.py:3096} INFO - Sync 1 DAGs
[2024-12-09T15:21:13.411-0300] {logging_mixin.py:188} INFO - [2024-12-09T15:21:13.411-0300] {dag.py:3954} INFO - Setting next_dagrun for example_dynamic_task_mapping to 2022-03-04 00:00:00+00:00, run_after=2022-03-05 00:00:00+00:00
[2024-12-09T15:21:13.494-0300] {processor.py:183} INFO - Processing /home/beatriz/Documentos/airflow/airflow_venv/lib/python3.10/site-packages/airflow/example_dags/example_dynamic_task_mapping.py took 0.119 seconds
[2024-12-09T15:22:11.768-0300] {processor.py:161} INFO - Started process (PID=41495) to work on /home/beatriz/Documentos/airflow/airflow_venv/lib/python3.10/site-packages/airflow/example_dags/example_dynamic_task_mapping.py
[2024-12-09T15:22:11.770-0300] {processor.py:830} INFO - Processing file /home/beatriz/Documentos/airflow/airflow_venv/lib/python3.10/site-packages/airflow/example_dags/example_dynamic_task_mapping.py for tasks to queue
[2024-12-09T15:22:11.771-0300] {logging_mixin.py:188} INFO - [2024-12-09T15:22:11.771-0300] {dagbag.py:540} INFO - Filling up the DagBag from /home/beatriz/Documentos/airflow/airflow_venv/lib/python3.10/site-packages/airflow/example_dags/example_dynamic_task_mapping.py
[2024-12-09T15:22:11.778-0300] {processor.py:840} INFO - DAG(s) 'example_dynamic_task_mapping' retrieved from /home/beatriz/Documentos/airflow/airflow_venv/lib/python3.10/site-packages/airflow/example_dags/example_dynamic_task_mapping.py
[2024-12-09T15:22:11.791-0300] {logging_mixin.py:188} INFO - [2024-12-09T15:22:11.791-0300] {dag.py:3096} INFO - Sync 1 DAGs
[2024-12-09T15:22:11.806-0300] {logging_mixin.py:188} INFO - [2024-12-09T15:22:11.806-0300] {dag.py:3954} INFO - Setting next_dagrun for example_dynamic_task_mapping to 2022-03-04 00:00:00+00:00, run_after=2022-03-05 00:00:00+00:00
[2024-12-09T15:22:11.822-0300] {processor.py:183} INFO - Processing /home/beatriz/Documentos/airflow/airflow_venv/lib/python3.10/site-packages/airflow/example_dags/example_dynamic_task_mapping.py took 0.060 seconds
[2024-12-09T15:23:06.078-0300] {processor.py:161} INFO - Started process (PID=42007) to work on /home/beatriz/Documentos/airflow/airflow_venv/lib/python3.10/site-packages/airflow/example_dags/example_dynamic_task_mapping.py
[2024-12-09T15:23:06.079-0300] {processor.py:830} INFO - Processing file /home/beatriz/Documentos/airflow/airflow_venv/lib/python3.10/site-packages/airflow/example_dags/example_dynamic_task_mapping.py for tasks to queue
[2024-12-09T15:23:06.080-0300] {logging_mixin.py:188} INFO - [2024-12-09T15:23:06.080-0300] {dagbag.py:540} INFO - Filling up the DagBag from /home/beatriz/Documentos/airflow/airflow_venv/lib/python3.10/site-packages/airflow/example_dags/example_dynamic_task_mapping.py
[2024-12-09T15:23:06.085-0300] {processor.py:840} INFO - DAG(s) 'example_dynamic_task_mapping' retrieved from /home/beatriz/Documentos/airflow/airflow_venv/lib/python3.10/site-packages/airflow/example_dags/example_dynamic_task_mapping.py
[2024-12-09T15:23:06.096-0300] {logging_mixin.py:188} INFO - [2024-12-09T15:23:06.096-0300] {dag.py:3096} INFO - Sync 1 DAGs
[2024-12-09T15:23:06.110-0300] {logging_mixin.py:188} INFO - [2024-12-09T15:23:06.110-0300] {dag.py:3954} INFO - Setting next_dagrun for example_dynamic_task_mapping to 2022-03-04 00:00:00+00:00, run_after=2022-03-05 00:00:00+00:00
[2024-12-09T15:23:06.126-0300] {processor.py:183} INFO - Processing /home/beatriz/Documentos/airflow/airflow_venv/lib/python3.10/site-packages/airflow/example_dags/example_dynamic_task_mapping.py took 0.052 seconds
[2024-12-09T15:24:16.479-0300] {processor.py:161} INFO - Started process (PID=42943) to work on /home/beatriz/Documentos/airflow/airflow_venv/lib/python3.10/site-packages/airflow/example_dags/example_dynamic_task_mapping.py
[2024-12-09T15:24:16.480-0300] {processor.py:830} INFO - Processing file /home/beatriz/Documentos/airflow/airflow_venv/lib/python3.10/site-packages/airflow/example_dags/example_dynamic_task_mapping.py for tasks to queue
[2024-12-09T15:24:16.483-0300] {logging_mixin.py:188} INFO - [2024-12-09T15:24:16.482-0300] {dagbag.py:540} INFO - Filling up the DagBag from /home/beatriz/Documentos/airflow/airflow_venv/lib/python3.10/site-packages/airflow/example_dags/example_dynamic_task_mapping.py
[2024-12-09T15:24:16.489-0300] {processor.py:840} INFO - DAG(s) 'example_dynamic_task_mapping' retrieved from /home/beatriz/Documentos/airflow/airflow_venv/lib/python3.10/site-packages/airflow/example_dags/example_dynamic_task_mapping.py
[2024-12-09T15:24:16.502-0300] {logging_mixin.py:188} INFO - [2024-12-09T15:24:16.502-0300] {dag.py:3096} INFO - Sync 1 DAGs
[2024-12-09T15:24:16.525-0300] {logging_mixin.py:188} INFO - [2024-12-09T15:24:16.525-0300] {dag.py:3954} INFO - Setting next_dagrun for example_dynamic_task_mapping to 2022-03-04 00:00:00+00:00, run_after=2022-03-05 00:00:00+00:00
[2024-12-09T15:24:16.549-0300] {processor.py:183} INFO - Processing /home/beatriz/Documentos/airflow/airflow_venv/lib/python3.10/site-packages/airflow/example_dags/example_dynamic_task_mapping.py took 0.078 seconds
[2024-12-09T15:25:24.557-0300] {processor.py:161} INFO - Started process (PID=43495) to work on /home/beatriz/Documentos/airflow/airflow_venv/lib/python3.10/site-packages/airflow/example_dags/example_dynamic_task_mapping.py
[2024-12-09T15:25:24.559-0300] {processor.py:830} INFO - Processing file /home/beatriz/Documentos/airflow/airflow_venv/lib/python3.10/site-packages/airflow/example_dags/example_dynamic_task_mapping.py for tasks to queue
[2024-12-09T15:25:24.563-0300] {logging_mixin.py:188} INFO - [2024-12-09T15:25:24.562-0300] {dagbag.py:540} INFO - Filling up the DagBag from /home/beatriz/Documentos/airflow/airflow_venv/lib/python3.10/site-packages/airflow/example_dags/example_dynamic_task_mapping.py
[2024-12-09T15:25:24.570-0300] {processor.py:840} INFO - DAG(s) 'example_dynamic_task_mapping' retrieved from /home/beatriz/Documentos/airflow/airflow_venv/lib/python3.10/site-packages/airflow/example_dags/example_dynamic_task_mapping.py
[2024-12-09T15:25:24.589-0300] {logging_mixin.py:188} INFO - [2024-12-09T15:25:24.588-0300] {dag.py:3096} INFO - Sync 1 DAGs
[2024-12-09T15:25:24.615-0300] {logging_mixin.py:188} INFO - [2024-12-09T15:25:24.614-0300] {dag.py:3954} INFO - Setting next_dagrun for example_dynamic_task_mapping to 2022-03-04 00:00:00+00:00, run_after=2022-03-05 00:00:00+00:00
[2024-12-09T15:25:24.641-0300] {processor.py:183} INFO - Processing /home/beatriz/Documentos/airflow/airflow_venv/lib/python3.10/site-packages/airflow/example_dags/example_dynamic_task_mapping.py took 0.090 seconds
[2024-12-09T15:26:13.567-0300] {processor.py:161} INFO - Started process (PID=43931) to work on /home/beatriz/Documentos/airflow/airflow_venv/lib/python3.10/site-packages/airflow/example_dags/example_dynamic_task_mapping.py
[2024-12-09T15:26:13.569-0300] {processor.py:830} INFO - Processing file /home/beatriz/Documentos/airflow/airflow_venv/lib/python3.10/site-packages/airflow/example_dags/example_dynamic_task_mapping.py for tasks to queue
[2024-12-09T15:26:13.570-0300] {logging_mixin.py:188} INFO - [2024-12-09T15:26:13.570-0300] {dagbag.py:540} INFO - Filling up the DagBag from /home/beatriz/Documentos/airflow/airflow_venv/lib/python3.10/site-packages/airflow/example_dags/example_dynamic_task_mapping.py
[2024-12-09T15:26:13.575-0300] {processor.py:840} INFO - DAG(s) 'example_dynamic_task_mapping' retrieved from /home/beatriz/Documentos/airflow/airflow_venv/lib/python3.10/site-packages/airflow/example_dags/example_dynamic_task_mapping.py
[2024-12-09T15:26:13.587-0300] {logging_mixin.py:188} INFO - [2024-12-09T15:26:13.586-0300] {dag.py:3096} INFO - Sync 1 DAGs
[2024-12-09T15:26:13.602-0300] {logging_mixin.py:188} INFO - [2024-12-09T15:26:13.602-0300] {dag.py:3954} INFO - Setting next_dagrun for example_dynamic_task_mapping to 2022-03-04 00:00:00+00:00, run_after=2022-03-05 00:00:00+00:00
[2024-12-09T15:26:13.619-0300] {processor.py:183} INFO - Processing /home/beatriz/Documentos/airflow/airflow_venv/lib/python3.10/site-packages/airflow/example_dags/example_dynamic_task_mapping.py took 0.057 seconds
[2024-12-09T15:27:30.013-0300] {processor.py:161} INFO - Started process (PID=45121) to work on /home/beatriz/Documentos/airflow/airflow_venv/lib/python3.10/site-packages/airflow/example_dags/example_dynamic_task_mapping.py
[2024-12-09T15:27:30.014-0300] {processor.py:830} INFO - Processing file /home/beatriz/Documentos/airflow/airflow_venv/lib/python3.10/site-packages/airflow/example_dags/example_dynamic_task_mapping.py for tasks to queue
[2024-12-09T15:27:30.015-0300] {logging_mixin.py:188} INFO - [2024-12-09T15:27:30.014-0300] {dagbag.py:540} INFO - Filling up the DagBag from /home/beatriz/Documentos/airflow/airflow_venv/lib/python3.10/site-packages/airflow/example_dags/example_dynamic_task_mapping.py
[2024-12-09T15:27:30.021-0300] {processor.py:840} INFO - DAG(s) 'example_dynamic_task_mapping' retrieved from /home/beatriz/Documentos/airflow/airflow_venv/lib/python3.10/site-packages/airflow/example_dags/example_dynamic_task_mapping.py
[2024-12-09T15:27:30.033-0300] {logging_mixin.py:188} INFO - [2024-12-09T15:27:30.032-0300] {dag.py:3096} INFO - Sync 1 DAGs
[2024-12-09T15:27:30.050-0300] {logging_mixin.py:188} INFO - [2024-12-09T15:27:30.050-0300] {dag.py:3954} INFO - Setting next_dagrun for example_dynamic_task_mapping to 2022-03-04 00:00:00+00:00, run_after=2022-03-05 00:00:00+00:00
[2024-12-09T15:27:30.069-0300] {processor.py:183} INFO - Processing /home/beatriz/Documentos/airflow/airflow_venv/lib/python3.10/site-packages/airflow/example_dags/example_dynamic_task_mapping.py took 0.061 seconds
[2024-12-09T15:28:23.117-0300] {processor.py:161} INFO - Started process (PID=46480) to work on /home/beatriz/Documentos/airflow/airflow_venv/lib/python3.10/site-packages/airflow/example_dags/example_dynamic_task_mapping.py
[2024-12-09T15:28:23.118-0300] {processor.py:830} INFO - Processing file /home/beatriz/Documentos/airflow/airflow_venv/lib/python3.10/site-packages/airflow/example_dags/example_dynamic_task_mapping.py for tasks to queue
[2024-12-09T15:28:23.120-0300] {logging_mixin.py:188} INFO - [2024-12-09T15:28:23.119-0300] {dagbag.py:540} INFO - Filling up the DagBag from /home/beatriz/Documentos/airflow/airflow_venv/lib/python3.10/site-packages/airflow/example_dags/example_dynamic_task_mapping.py
[2024-12-09T15:28:23.126-0300] {processor.py:840} INFO - DAG(s) 'example_dynamic_task_mapping' retrieved from /home/beatriz/Documentos/airflow/airflow_venv/lib/python3.10/site-packages/airflow/example_dags/example_dynamic_task_mapping.py
[2024-12-09T15:28:23.140-0300] {logging_mixin.py:188} INFO - [2024-12-09T15:28:23.140-0300] {dag.py:3096} INFO - Sync 1 DAGs
[2024-12-09T15:28:23.172-0300] {logging_mixin.py:188} INFO - [2024-12-09T15:28:23.171-0300] {dag.py:3954} INFO - Setting next_dagrun for example_dynamic_task_mapping to 2022-03-04 00:00:00+00:00, run_after=2022-03-05 00:00:00+00:00
[2024-12-09T15:28:23.191-0300] {processor.py:183} INFO - Processing /home/beatriz/Documentos/airflow/airflow_venv/lib/python3.10/site-packages/airflow/example_dags/example_dynamic_task_mapping.py took 0.079 seconds
[2024-12-09T15:29:39.996-0300] {processor.py:161} INFO - Started process (PID=47770) to work on /home/beatriz/Documentos/airflow/airflow_venv/lib/python3.10/site-packages/airflow/example_dags/example_dynamic_task_mapping.py
[2024-12-09T15:29:39.997-0300] {processor.py:830} INFO - Processing file /home/beatriz/Documentos/airflow/airflow_venv/lib/python3.10/site-packages/airflow/example_dags/example_dynamic_task_mapping.py for tasks to queue
[2024-12-09T15:29:39.999-0300] {logging_mixin.py:188} INFO - [2024-12-09T15:29:39.998-0300] {dagbag.py:540} INFO - Filling up the DagBag from /home/beatriz/Documentos/airflow/airflow_venv/lib/python3.10/site-packages/airflow/example_dags/example_dynamic_task_mapping.py
[2024-12-09T15:29:40.005-0300] {processor.py:840} INFO - DAG(s) 'example_dynamic_task_mapping' retrieved from /home/beatriz/Documentos/airflow/airflow_venv/lib/python3.10/site-packages/airflow/example_dags/example_dynamic_task_mapping.py
[2024-12-09T15:29:40.018-0300] {logging_mixin.py:188} INFO - [2024-12-09T15:29:40.018-0300] {dag.py:3096} INFO - Sync 1 DAGs
[2024-12-09T15:29:40.036-0300] {logging_mixin.py:188} INFO - [2024-12-09T15:29:40.036-0300] {dag.py:3954} INFO - Setting next_dagrun for example_dynamic_task_mapping to 2022-03-04 00:00:00+00:00, run_after=2022-03-05 00:00:00+00:00
[2024-12-09T15:29:40.055-0300] {processor.py:183} INFO - Processing /home/beatriz/Documentos/airflow/airflow_venv/lib/python3.10/site-packages/airflow/example_dags/example_dynamic_task_mapping.py took 0.063 seconds
[2024-12-09T15:30:33.365-0300] {processor.py:161} INFO - Started process (PID=48702) to work on /home/beatriz/Documentos/airflow/airflow_venv/lib/python3.10/site-packages/airflow/example_dags/example_dynamic_task_mapping.py
[2024-12-09T15:30:33.366-0300] {processor.py:830} INFO - Processing file /home/beatriz/Documentos/airflow/airflow_venv/lib/python3.10/site-packages/airflow/example_dags/example_dynamic_task_mapping.py for tasks to queue
[2024-12-09T15:30:33.367-0300] {logging_mixin.py:188} INFO - [2024-12-09T15:30:33.367-0300] {dagbag.py:540} INFO - Filling up the DagBag from /home/beatriz/Documentos/airflow/airflow_venv/lib/python3.10/site-packages/airflow/example_dags/example_dynamic_task_mapping.py
[2024-12-09T15:30:33.372-0300] {processor.py:840} INFO - DAG(s) 'example_dynamic_task_mapping' retrieved from /home/beatriz/Documentos/airflow/airflow_venv/lib/python3.10/site-packages/airflow/example_dags/example_dynamic_task_mapping.py
[2024-12-09T15:30:33.383-0300] {logging_mixin.py:188} INFO - [2024-12-09T15:30:33.383-0300] {dag.py:3096} INFO - Sync 1 DAGs
[2024-12-09T15:30:33.398-0300] {logging_mixin.py:188} INFO - [2024-12-09T15:30:33.397-0300] {dag.py:3954} INFO - Setting next_dagrun for example_dynamic_task_mapping to 2022-03-04 00:00:00+00:00, run_after=2022-03-05 00:00:00+00:00
[2024-12-09T15:30:33.414-0300] {processor.py:183} INFO - Processing /home/beatriz/Documentos/airflow/airflow_venv/lib/python3.10/site-packages/airflow/example_dags/example_dynamic_task_mapping.py took 0.054 seconds
[2024-12-09T15:31:25.267-0300] {processor.py:161} INFO - Started process (PID=48950) to work on /home/beatriz/Documentos/airflow/airflow_venv/lib/python3.10/site-packages/airflow/example_dags/example_dynamic_task_mapping.py
[2024-12-09T15:31:25.270-0300] {processor.py:830} INFO - Processing file /home/beatriz/Documentos/airflow/airflow_venv/lib/python3.10/site-packages/airflow/example_dags/example_dynamic_task_mapping.py for tasks to queue
[2024-12-09T15:31:25.272-0300] {logging_mixin.py:188} INFO - [2024-12-09T15:31:25.272-0300] {dagbag.py:540} INFO - Filling up the DagBag from /home/beatriz/Documentos/airflow/airflow_venv/lib/python3.10/site-packages/airflow/example_dags/example_dynamic_task_mapping.py
[2024-12-09T15:31:25.280-0300] {processor.py:840} INFO - DAG(s) 'example_dynamic_task_mapping' retrieved from /home/beatriz/Documentos/airflow/airflow_venv/lib/python3.10/site-packages/airflow/example_dags/example_dynamic_task_mapping.py
[2024-12-09T15:31:25.293-0300] {logging_mixin.py:188} INFO - [2024-12-09T15:31:25.293-0300] {dag.py:3096} INFO - Sync 1 DAGs
[2024-12-09T15:31:25.309-0300] {logging_mixin.py:188} INFO - [2024-12-09T15:31:25.309-0300] {dag.py:3954} INFO - Setting next_dagrun for example_dynamic_task_mapping to 2022-03-04 00:00:00+00:00, run_after=2022-03-05 00:00:00+00:00
[2024-12-09T15:31:25.326-0300] {processor.py:183} INFO - Processing /home/beatriz/Documentos/airflow/airflow_venv/lib/python3.10/site-packages/airflow/example_dags/example_dynamic_task_mapping.py took 0.071 seconds
[2024-12-09T15:32:19.048-0300] {processor.py:161} INFO - Started process (PID=49243) to work on /home/beatriz/Documentos/airflow/airflow_venv/lib/python3.10/site-packages/airflow/example_dags/example_dynamic_task_mapping.py
[2024-12-09T15:32:19.050-0300] {processor.py:830} INFO - Processing file /home/beatriz/Documentos/airflow/airflow_venv/lib/python3.10/site-packages/airflow/example_dags/example_dynamic_task_mapping.py for tasks to queue
[2024-12-09T15:32:19.052-0300] {logging_mixin.py:188} INFO - [2024-12-09T15:32:19.052-0300] {dagbag.py:540} INFO - Filling up the DagBag from /home/beatriz/Documentos/airflow/airflow_venv/lib/python3.10/site-packages/airflow/example_dags/example_dynamic_task_mapping.py
[2024-12-09T15:32:19.066-0300] {processor.py:840} INFO - DAG(s) 'example_dynamic_task_mapping' retrieved from /home/beatriz/Documentos/airflow/airflow_venv/lib/python3.10/site-packages/airflow/example_dags/example_dynamic_task_mapping.py
[2024-12-09T15:32:19.083-0300] {logging_mixin.py:188} INFO - [2024-12-09T15:32:19.082-0300] {dag.py:3096} INFO - Sync 1 DAGs
[2024-12-09T15:32:19.099-0300] {logging_mixin.py:188} INFO - [2024-12-09T15:32:19.098-0300] {dag.py:3954} INFO - Setting next_dagrun for example_dynamic_task_mapping to 2022-03-04 00:00:00+00:00, run_after=2022-03-05 00:00:00+00:00
[2024-12-09T15:32:19.118-0300] {processor.py:183} INFO - Processing /home/beatriz/Documentos/airflow/airflow_venv/lib/python3.10/site-packages/airflow/example_dags/example_dynamic_task_mapping.py took 0.082 seconds
[2024-12-09T15:33:15.995-0300] {processor.py:161} INFO - Started process (PID=50061) to work on /home/beatriz/Documentos/airflow/airflow_venv/lib/python3.10/site-packages/airflow/example_dags/example_dynamic_task_mapping.py
[2024-12-09T15:33:15.997-0300] {processor.py:830} INFO - Processing file /home/beatriz/Documentos/airflow/airflow_venv/lib/python3.10/site-packages/airflow/example_dags/example_dynamic_task_mapping.py for tasks to queue
[2024-12-09T15:33:15.999-0300] {logging_mixin.py:188} INFO - [2024-12-09T15:33:15.999-0300] {dagbag.py:540} INFO - Filling up the DagBag from /home/beatriz/Documentos/airflow/airflow_venv/lib/python3.10/site-packages/airflow/example_dags/example_dynamic_task_mapping.py
[2024-12-09T15:33:16.012-0300] {processor.py:840} INFO - DAG(s) 'example_dynamic_task_mapping' retrieved from /home/beatriz/Documentos/airflow/airflow_venv/lib/python3.10/site-packages/airflow/example_dags/example_dynamic_task_mapping.py
[2024-12-09T15:33:16.023-0300] {logging_mixin.py:188} INFO - [2024-12-09T15:33:16.023-0300] {dag.py:3096} INFO - Sync 1 DAGs
[2024-12-09T15:33:16.041-0300] {logging_mixin.py:188} INFO - [2024-12-09T15:33:16.041-0300] {dag.py:3954} INFO - Setting next_dagrun for example_dynamic_task_mapping to 2022-03-04 00:00:00+00:00, run_after=2022-03-05 00:00:00+00:00
[2024-12-09T15:33:16.058-0300] {processor.py:183} INFO - Processing /home/beatriz/Documentos/airflow/airflow_venv/lib/python3.10/site-packages/airflow/example_dags/example_dynamic_task_mapping.py took 0.073 seconds
[2024-12-09T15:33:52.014-0300] {processor.py:161} INFO - Started process (PID=50288) to work on /home/beatriz/Documentos/airflow/airflow_venv/lib/python3.10/site-packages/airflow/example_dags/example_dynamic_task_mapping.py
[2024-12-09T15:33:52.016-0300] {processor.py:830} INFO - Processing file /home/beatriz/Documentos/airflow/airflow_venv/lib/python3.10/site-packages/airflow/example_dags/example_dynamic_task_mapping.py for tasks to queue
[2024-12-09T15:33:52.017-0300] {logging_mixin.py:188} INFO - [2024-12-09T15:33:52.017-0300] {dagbag.py:540} INFO - Filling up the DagBag from /home/beatriz/Documentos/airflow/airflow_venv/lib/python3.10/site-packages/airflow/example_dags/example_dynamic_task_mapping.py
[2024-12-09T15:33:52.023-0300] {processor.py:840} INFO - DAG(s) 'example_dynamic_task_mapping' retrieved from /home/beatriz/Documentos/airflow/airflow_venv/lib/python3.10/site-packages/airflow/example_dags/example_dynamic_task_mapping.py
[2024-12-09T15:33:52.090-0300] {logging_mixin.py:188} INFO - [2024-12-09T15:33:52.090-0300] {dag.py:3096} INFO - Sync 1 DAGs
[2024-12-09T15:33:52.101-0300] {logging_mixin.py:188} INFO - [2024-12-09T15:33:52.101-0300] {dag.py:3954} INFO - Setting next_dagrun for example_dynamic_task_mapping to 2022-03-04 00:00:00+00:00, run_after=2022-03-05 00:00:00+00:00
[2024-12-09T15:33:52.118-0300] {processor.py:183} INFO - Processing /home/beatriz/Documentos/airflow/airflow_venv/lib/python3.10/site-packages/airflow/example_dags/example_dynamic_task_mapping.py took 0.108 seconds
[2024-12-09T15:34:12.594-0300] {processor.py:161} INFO - Started process (PID=50574) to work on /home/beatriz/Documentos/airflow/airflow_venv/lib/python3.10/site-packages/airflow/example_dags/example_dynamic_task_mapping.py
[2024-12-09T15:34:12.597-0300] {processor.py:830} INFO - Processing file /home/beatriz/Documentos/airflow/airflow_venv/lib/python3.10/site-packages/airflow/example_dags/example_dynamic_task_mapping.py for tasks to queue
[2024-12-09T15:34:12.600-0300] {logging_mixin.py:188} INFO - [2024-12-09T15:34:12.599-0300] {dagbag.py:540} INFO - Filling up the DagBag from /home/beatriz/Documentos/airflow/airflow_venv/lib/python3.10/site-packages/airflow/example_dags/example_dynamic_task_mapping.py
[2024-12-09T15:34:12.610-0300] {processor.py:840} INFO - DAG(s) 'example_dynamic_task_mapping' retrieved from /home/beatriz/Documentos/airflow/airflow_venv/lib/python3.10/site-packages/airflow/example_dags/example_dynamic_task_mapping.py
[2024-12-09T15:34:12.621-0300] {logging_mixin.py:188} INFO - [2024-12-09T15:34:12.621-0300] {dag.py:3096} INFO - Sync 1 DAGs
[2024-12-09T15:34:12.639-0300] {logging_mixin.py:188} INFO - [2024-12-09T15:34:12.639-0300] {dag.py:3954} INFO - Setting next_dagrun for example_dynamic_task_mapping to 2022-03-04 00:00:00+00:00, run_after=2022-03-05 00:00:00+00:00
[2024-12-09T15:34:12.655-0300] {processor.py:183} INFO - Processing /home/beatriz/Documentos/airflow/airflow_venv/lib/python3.10/site-packages/airflow/example_dags/example_dynamic_task_mapping.py took 0.070 seconds
[2024-12-09T15:35:04.196-0300] {processor.py:161} INFO - Started process (PID=50990) to work on /home/beatriz/Documentos/airflow/airflow_venv/lib/python3.10/site-packages/airflow/example_dags/example_dynamic_task_mapping.py
[2024-12-09T15:35:04.198-0300] {processor.py:830} INFO - Processing file /home/beatriz/Documentos/airflow/airflow_venv/lib/python3.10/site-packages/airflow/example_dags/example_dynamic_task_mapping.py for tasks to queue
[2024-12-09T15:35:04.199-0300] {logging_mixin.py:188} INFO - [2024-12-09T15:35:04.199-0300] {dagbag.py:540} INFO - Filling up the DagBag from /home/beatriz/Documentos/airflow/airflow_venv/lib/python3.10/site-packages/airflow/example_dags/example_dynamic_task_mapping.py
[2024-12-09T15:35:04.204-0300] {processor.py:840} INFO - DAG(s) 'example_dynamic_task_mapping' retrieved from /home/beatriz/Documentos/airflow/airflow_venv/lib/python3.10/site-packages/airflow/example_dags/example_dynamic_task_mapping.py
[2024-12-09T15:35:04.215-0300] {logging_mixin.py:188} INFO - [2024-12-09T15:35:04.215-0300] {dag.py:3096} INFO - Sync 1 DAGs
[2024-12-09T15:35:04.230-0300] {logging_mixin.py:188} INFO - [2024-12-09T15:35:04.230-0300] {dag.py:3954} INFO - Setting next_dagrun for example_dynamic_task_mapping to 2022-03-04 00:00:00+00:00, run_after=2022-03-05 00:00:00+00:00
[2024-12-09T15:35:04.247-0300] {processor.py:183} INFO - Processing /home/beatriz/Documentos/airflow/airflow_venv/lib/python3.10/site-packages/airflow/example_dags/example_dynamic_task_mapping.py took 0.056 seconds
[2024-12-09T15:35:54.459-0300] {processor.py:161} INFO - Started process (PID=51215) to work on /home/beatriz/Documentos/airflow/airflow_venv/lib/python3.10/site-packages/airflow/example_dags/example_dynamic_task_mapping.py
[2024-12-09T15:35:54.462-0300] {processor.py:830} INFO - Processing file /home/beatriz/Documentos/airflow/airflow_venv/lib/python3.10/site-packages/airflow/example_dags/example_dynamic_task_mapping.py for tasks to queue
[2024-12-09T15:35:54.465-0300] {logging_mixin.py:188} INFO - [2024-12-09T15:35:54.464-0300] {dagbag.py:540} INFO - Filling up the DagBag from /home/beatriz/Documentos/airflow/airflow_venv/lib/python3.10/site-packages/airflow/example_dags/example_dynamic_task_mapping.py
[2024-12-09T15:35:54.478-0300] {processor.py:840} INFO - DAG(s) 'example_dynamic_task_mapping' retrieved from /home/beatriz/Documentos/airflow/airflow_venv/lib/python3.10/site-packages/airflow/example_dags/example_dynamic_task_mapping.py
[2024-12-09T15:35:54.496-0300] {logging_mixin.py:188} INFO - [2024-12-09T15:35:54.496-0300] {dag.py:3096} INFO - Sync 1 DAGs
[2024-12-09T15:35:54.511-0300] {logging_mixin.py:188} INFO - [2024-12-09T15:35:54.511-0300] {dag.py:3954} INFO - Setting next_dagrun for example_dynamic_task_mapping to 2022-03-04 00:00:00+00:00, run_after=2022-03-05 00:00:00+00:00
[2024-12-09T15:35:54.528-0300] {processor.py:183} INFO - Processing /home/beatriz/Documentos/airflow/airflow_venv/lib/python3.10/site-packages/airflow/example_dags/example_dynamic_task_mapping.py took 0.082 seconds
[2024-12-09T15:43:40.430-0300] {processor.py:161} INFO - Started process (PID=6091) to work on /home/beatriz/Documentos/airflow/airflow_venv/lib/python3.10/site-packages/airflow/example_dags/example_dynamic_task_mapping.py
[2024-12-09T15:43:40.432-0300] {processor.py:830} INFO - Processing file /home/beatriz/Documentos/airflow/airflow_venv/lib/python3.10/site-packages/airflow/example_dags/example_dynamic_task_mapping.py for tasks to queue
[2024-12-09T15:43:40.434-0300] {logging_mixin.py:188} INFO - [2024-12-09T15:43:40.434-0300] {dagbag.py:540} INFO - Filling up the DagBag from /home/beatriz/Documentos/airflow/airflow_venv/lib/python3.10/site-packages/airflow/example_dags/example_dynamic_task_mapping.py
[2024-12-09T15:43:40.444-0300] {processor.py:840} INFO - DAG(s) 'example_dynamic_task_mapping' retrieved from /home/beatriz/Documentos/airflow/airflow_venv/lib/python3.10/site-packages/airflow/example_dags/example_dynamic_task_mapping.py
[2024-12-09T15:43:40.521-0300] {logging_mixin.py:188} INFO - [2024-12-09T15:43:40.521-0300] {dag.py:3096} INFO - Sync 1 DAGs
[2024-12-09T15:43:40.533-0300] {logging_mixin.py:188} INFO - [2024-12-09T15:43:40.532-0300] {dag.py:3954} INFO - Setting next_dagrun for example_dynamic_task_mapping to 2022-03-04 00:00:00+00:00, run_after=2022-03-05 00:00:00+00:00
[2024-12-09T15:43:40.551-0300] {processor.py:183} INFO - Processing /home/beatriz/Documentos/airflow/airflow_venv/lib/python3.10/site-packages/airflow/example_dags/example_dynamic_task_mapping.py took 0.129 seconds
[2024-12-09T15:50:57.429-0300] {processor.py:161} INFO - Started process (PID=8152) to work on /home/beatriz/Documentos/airflow/airflow_venv/lib/python3.10/site-packages/airflow/example_dags/example_dynamic_task_mapping.py
[2024-12-09T15:50:57.432-0300] {processor.py:830} INFO - Processing file /home/beatriz/Documentos/airflow/airflow_venv/lib/python3.10/site-packages/airflow/example_dags/example_dynamic_task_mapping.py for tasks to queue
[2024-12-09T15:50:57.435-0300] {logging_mixin.py:188} INFO - [2024-12-09T15:50:57.434-0300] {dagbag.py:540} INFO - Filling up the DagBag from /home/beatriz/Documentos/airflow/airflow_venv/lib/python3.10/site-packages/airflow/example_dags/example_dynamic_task_mapping.py
[2024-12-09T15:50:57.446-0300] {processor.py:840} INFO - DAG(s) 'example_dynamic_task_mapping' retrieved from /home/beatriz/Documentos/airflow/airflow_venv/lib/python3.10/site-packages/airflow/example_dags/example_dynamic_task_mapping.py
[2024-12-09T15:50:57.521-0300] {logging_mixin.py:188} INFO - [2024-12-09T15:50:57.520-0300] {dag.py:3096} INFO - Sync 1 DAGs
[2024-12-09T15:50:57.533-0300] {logging_mixin.py:188} INFO - [2024-12-09T15:50:57.532-0300] {dag.py:3954} INFO - Setting next_dagrun for example_dynamic_task_mapping to 2022-03-04 00:00:00+00:00, run_after=2022-03-05 00:00:00+00:00
[2024-12-09T15:50:57.549-0300] {processor.py:183} INFO - Processing /home/beatriz/Documentos/airflow/airflow_venv/lib/python3.10/site-packages/airflow/example_dags/example_dynamic_task_mapping.py took 0.131 seconds
[2024-12-09T15:51:58.859-0300] {processor.py:161} INFO - Started process (PID=8562) to work on /home/beatriz/Documentos/airflow/airflow_venv/lib/python3.10/site-packages/airflow/example_dags/example_dynamic_task_mapping.py
[2024-12-09T15:51:58.861-0300] {processor.py:830} INFO - Processing file /home/beatriz/Documentos/airflow/airflow_venv/lib/python3.10/site-packages/airflow/example_dags/example_dynamic_task_mapping.py for tasks to queue
[2024-12-09T15:51:58.863-0300] {logging_mixin.py:188} INFO - [2024-12-09T15:51:58.863-0300] {dagbag.py:540} INFO - Filling up the DagBag from /home/beatriz/Documentos/airflow/airflow_venv/lib/python3.10/site-packages/airflow/example_dags/example_dynamic_task_mapping.py
[2024-12-09T15:51:58.874-0300] {processor.py:840} INFO - DAG(s) 'example_dynamic_task_mapping' retrieved from /home/beatriz/Documentos/airflow/airflow_venv/lib/python3.10/site-packages/airflow/example_dags/example_dynamic_task_mapping.py
[2024-12-09T15:51:58.889-0300] {logging_mixin.py:188} INFO - [2024-12-09T15:51:58.889-0300] {dag.py:3096} INFO - Sync 1 DAGs
[2024-12-09T15:51:58.905-0300] {logging_mixin.py:188} INFO - [2024-12-09T15:51:58.904-0300] {dag.py:3954} INFO - Setting next_dagrun for example_dynamic_task_mapping to 2022-03-04 00:00:00+00:00, run_after=2022-03-05 00:00:00+00:00
[2024-12-09T15:51:58.924-0300] {processor.py:183} INFO - Processing /home/beatriz/Documentos/airflow/airflow_venv/lib/python3.10/site-packages/airflow/example_dags/example_dynamic_task_mapping.py took 0.075 seconds
[2024-12-09T15:52:56.274-0300] {processor.py:161} INFO - Started process (PID=9020) to work on /home/beatriz/Documentos/airflow/airflow_venv/lib/python3.10/site-packages/airflow/example_dags/example_dynamic_task_mapping.py
[2024-12-09T15:52:56.275-0300] {processor.py:830} INFO - Processing file /home/beatriz/Documentos/airflow/airflow_venv/lib/python3.10/site-packages/airflow/example_dags/example_dynamic_task_mapping.py for tasks to queue
[2024-12-09T15:52:56.277-0300] {logging_mixin.py:188} INFO - [2024-12-09T15:52:56.276-0300] {dagbag.py:540} INFO - Filling up the DagBag from /home/beatriz/Documentos/airflow/airflow_venv/lib/python3.10/site-packages/airflow/example_dags/example_dynamic_task_mapping.py
[2024-12-09T15:52:56.282-0300] {processor.py:840} INFO - DAG(s) 'example_dynamic_task_mapping' retrieved from /home/beatriz/Documentos/airflow/airflow_venv/lib/python3.10/site-packages/airflow/example_dags/example_dynamic_task_mapping.py
[2024-12-09T15:52:56.293-0300] {logging_mixin.py:188} INFO - [2024-12-09T15:52:56.293-0300] {dag.py:3096} INFO - Sync 1 DAGs
[2024-12-09T15:52:56.308-0300] {logging_mixin.py:188} INFO - [2024-12-09T15:52:56.308-0300] {dag.py:3954} INFO - Setting next_dagrun for example_dynamic_task_mapping to 2022-03-04 00:00:00+00:00, run_after=2022-03-05 00:00:00+00:00
[2024-12-09T15:52:56.392-0300] {processor.py:183} INFO - Processing /home/beatriz/Documentos/airflow/airflow_venv/lib/python3.10/site-packages/airflow/example_dags/example_dynamic_task_mapping.py took 0.122 seconds
[2024-12-09T15:53:55.617-0300] {processor.py:161} INFO - Started process (PID=9463) to work on /home/beatriz/Documentos/airflow/airflow_venv/lib/python3.10/site-packages/airflow/example_dags/example_dynamic_task_mapping.py
[2024-12-09T15:53:55.620-0300] {processor.py:830} INFO - Processing file /home/beatriz/Documentos/airflow/airflow_venv/lib/python3.10/site-packages/airflow/example_dags/example_dynamic_task_mapping.py for tasks to queue
[2024-12-09T15:53:55.623-0300] {logging_mixin.py:188} INFO - [2024-12-09T15:53:55.622-0300] {dagbag.py:540} INFO - Filling up the DagBag from /home/beatriz/Documentos/airflow/airflow_venv/lib/python3.10/site-packages/airflow/example_dags/example_dynamic_task_mapping.py
[2024-12-09T15:53:55.633-0300] {processor.py:840} INFO - DAG(s) 'example_dynamic_task_mapping' retrieved from /home/beatriz/Documentos/airflow/airflow_venv/lib/python3.10/site-packages/airflow/example_dags/example_dynamic_task_mapping.py
[2024-12-09T15:53:55.650-0300] {logging_mixin.py:188} INFO - [2024-12-09T15:53:55.650-0300] {dag.py:3096} INFO - Sync 1 DAGs
[2024-12-09T15:53:55.665-0300] {logging_mixin.py:188} INFO - [2024-12-09T15:53:55.665-0300] {dag.py:3954} INFO - Setting next_dagrun for example_dynamic_task_mapping to 2022-03-04 00:00:00+00:00, run_after=2022-03-05 00:00:00+00:00
[2024-12-09T15:53:55.686-0300] {processor.py:183} INFO - Processing /home/beatriz/Documentos/airflow/airflow_venv/lib/python3.10/site-packages/airflow/example_dags/example_dynamic_task_mapping.py took 0.079 seconds
[2024-12-09T15:54:50.664-0300] {processor.py:161} INFO - Started process (PID=10074) to work on /home/beatriz/Documentos/airflow/airflow_venv/lib/python3.10/site-packages/airflow/example_dags/example_dynamic_task_mapping.py
[2024-12-09T15:54:50.667-0300] {processor.py:830} INFO - Processing file /home/beatriz/Documentos/airflow/airflow_venv/lib/python3.10/site-packages/airflow/example_dags/example_dynamic_task_mapping.py for tasks to queue
[2024-12-09T15:54:50.671-0300] {logging_mixin.py:188} INFO - [2024-12-09T15:54:50.670-0300] {dagbag.py:540} INFO - Filling up the DagBag from /home/beatriz/Documentos/airflow/airflow_venv/lib/python3.10/site-packages/airflow/example_dags/example_dynamic_task_mapping.py
[2024-12-09T15:54:50.679-0300] {processor.py:840} INFO - DAG(s) 'example_dynamic_task_mapping' retrieved from /home/beatriz/Documentos/airflow/airflow_venv/lib/python3.10/site-packages/airflow/example_dags/example_dynamic_task_mapping.py
[2024-12-09T15:54:50.694-0300] {logging_mixin.py:188} INFO - [2024-12-09T15:54:50.693-0300] {dag.py:3096} INFO - Sync 1 DAGs
[2024-12-09T15:54:50.708-0300] {logging_mixin.py:188} INFO - [2024-12-09T15:54:50.708-0300] {dag.py:3954} INFO - Setting next_dagrun for example_dynamic_task_mapping to 2022-03-04 00:00:00+00:00, run_after=2022-03-05 00:00:00+00:00
[2024-12-09T15:54:50.725-0300] {processor.py:183} INFO - Processing /home/beatriz/Documentos/airflow/airflow_venv/lib/python3.10/site-packages/airflow/example_dags/example_dynamic_task_mapping.py took 0.073 seconds
[2024-12-09T15:57:05.205-0300] {processor.py:161} INFO - Started process (PID=12008) to work on /home/beatriz/Documentos/airflow/airflow_venv/lib/python3.10/site-packages/airflow/example_dags/example_dynamic_task_mapping.py
[2024-12-09T15:57:05.207-0300] {processor.py:830} INFO - Processing file /home/beatriz/Documentos/airflow/airflow_venv/lib/python3.10/site-packages/airflow/example_dags/example_dynamic_task_mapping.py for tasks to queue
[2024-12-09T15:57:05.208-0300] {logging_mixin.py:188} INFO - [2024-12-09T15:57:05.208-0300] {dagbag.py:540} INFO - Filling up the DagBag from /home/beatriz/Documentos/airflow/airflow_venv/lib/python3.10/site-packages/airflow/example_dags/example_dynamic_task_mapping.py
[2024-12-09T15:57:05.215-0300] {processor.py:840} INFO - DAG(s) 'example_dynamic_task_mapping' retrieved from /home/beatriz/Documentos/airflow/airflow_venv/lib/python3.10/site-packages/airflow/example_dags/example_dynamic_task_mapping.py
[2024-12-09T15:57:05.283-0300] {logging_mixin.py:188} INFO - [2024-12-09T15:57:05.282-0300] {dag.py:3096} INFO - Sync 1 DAGs
[2024-12-09T15:57:05.294-0300] {logging_mixin.py:188} INFO - [2024-12-09T15:57:05.294-0300] {dag.py:3954} INFO - Setting next_dagrun for example_dynamic_task_mapping to 2022-03-04 00:00:00+00:00, run_after=2022-03-05 00:00:00+00:00
[2024-12-09T15:57:05.311-0300] {processor.py:183} INFO - Processing /home/beatriz/Documentos/airflow/airflow_venv/lib/python3.10/site-packages/airflow/example_dags/example_dynamic_task_mapping.py took 0.111 seconds
[2024-12-09T15:59:40.796-0300] {processor.py:161} INFO - Started process (PID=15672) to work on /home/beatriz/Documentos/airflow/airflow_venv/lib/python3.10/site-packages/airflow/example_dags/example_dynamic_task_mapping.py
[2024-12-09T15:59:40.798-0300] {processor.py:830} INFO - Processing file /home/beatriz/Documentos/airflow/airflow_venv/lib/python3.10/site-packages/airflow/example_dags/example_dynamic_task_mapping.py for tasks to queue
[2024-12-09T15:59:40.799-0300] {logging_mixin.py:188} INFO - [2024-12-09T15:59:40.799-0300] {dagbag.py:540} INFO - Filling up the DagBag from /home/beatriz/Documentos/airflow/airflow_venv/lib/python3.10/site-packages/airflow/example_dags/example_dynamic_task_mapping.py
[2024-12-09T15:59:40.804-0300] {processor.py:840} INFO - DAG(s) 'example_dynamic_task_mapping' retrieved from /home/beatriz/Documentos/airflow/airflow_venv/lib/python3.10/site-packages/airflow/example_dags/example_dynamic_task_mapping.py
[2024-12-09T15:59:40.815-0300] {logging_mixin.py:188} INFO - [2024-12-09T15:59:40.814-0300] {dag.py:3096} INFO - Sync 1 DAGs
[2024-12-09T15:59:40.832-0300] {logging_mixin.py:188} INFO - [2024-12-09T15:59:40.831-0300] {dag.py:3954} INFO - Setting next_dagrun for example_dynamic_task_mapping to 2022-03-04 00:00:00+00:00, run_after=2022-03-05 00:00:00+00:00
[2024-12-09T15:59:40.854-0300] {processor.py:183} INFO - Processing /home/beatriz/Documentos/airflow/airflow_venv/lib/python3.10/site-packages/airflow/example_dags/example_dynamic_task_mapping.py took 0.063 seconds
[2024-12-09T16:00:41.101-0300] {processor.py:161} INFO - Started process (PID=16617) to work on /home/beatriz/Documentos/airflow/airflow_venv/lib/python3.10/site-packages/airflow/example_dags/example_dynamic_task_mapping.py
[2024-12-09T16:00:41.104-0300] {processor.py:830} INFO - Processing file /home/beatriz/Documentos/airflow/airflow_venv/lib/python3.10/site-packages/airflow/example_dags/example_dynamic_task_mapping.py for tasks to queue
[2024-12-09T16:00:41.106-0300] {logging_mixin.py:188} INFO - [2024-12-09T16:00:41.105-0300] {dagbag.py:540} INFO - Filling up the DagBag from /home/beatriz/Documentos/airflow/airflow_venv/lib/python3.10/site-packages/airflow/example_dags/example_dynamic_task_mapping.py
[2024-12-09T16:00:41.115-0300] {processor.py:840} INFO - DAG(s) 'example_dynamic_task_mapping' retrieved from /home/beatriz/Documentos/airflow/airflow_venv/lib/python3.10/site-packages/airflow/example_dags/example_dynamic_task_mapping.py
[2024-12-09T16:00:41.135-0300] {logging_mixin.py:188} INFO - [2024-12-09T16:00:41.135-0300] {dag.py:3096} INFO - Sync 1 DAGs
[2024-12-09T16:00:41.152-0300] {logging_mixin.py:188} INFO - [2024-12-09T16:00:41.152-0300] {dag.py:3954} INFO - Setting next_dagrun for example_dynamic_task_mapping to 2022-03-04 00:00:00+00:00, run_after=2022-03-05 00:00:00+00:00
[2024-12-09T16:00:41.239-0300] {processor.py:183} INFO - Processing /home/beatriz/Documentos/airflow/airflow_venv/lib/python3.10/site-packages/airflow/example_dags/example_dynamic_task_mapping.py took 0.142 seconds
[2024-12-09T16:28:47.044-0300] {processor.py:161} INFO - Started process (PID=20532) to work on /home/beatriz/Documentos/airflow/airflow_venv/lib/python3.10/site-packages/airflow/example_dags/example_dynamic_task_mapping.py
[2024-12-09T16:28:47.045-0300] {processor.py:830} INFO - Processing file /home/beatriz/Documentos/airflow/airflow_venv/lib/python3.10/site-packages/airflow/example_dags/example_dynamic_task_mapping.py for tasks to queue
[2024-12-09T16:28:47.047-0300] {logging_mixin.py:188} INFO - [2024-12-09T16:28:47.046-0300] {dagbag.py:540} INFO - Filling up the DagBag from /home/beatriz/Documentos/airflow/airflow_venv/lib/python3.10/site-packages/airflow/example_dags/example_dynamic_task_mapping.py
[2024-12-09T16:28:47.052-0300] {processor.py:840} INFO - DAG(s) 'example_dynamic_task_mapping' retrieved from /home/beatriz/Documentos/airflow/airflow_venv/lib/python3.10/site-packages/airflow/example_dags/example_dynamic_task_mapping.py
[2024-12-09T16:28:47.119-0300] {logging_mixin.py:188} INFO - [2024-12-09T16:28:47.119-0300] {dag.py:3096} INFO - Sync 1 DAGs
[2024-12-09T16:28:47.131-0300] {logging_mixin.py:188} INFO - [2024-12-09T16:28:47.131-0300] {dag.py:3954} INFO - Setting next_dagrun for example_dynamic_task_mapping to 2022-03-04 00:00:00+00:00, run_after=2022-03-05 00:00:00+00:00
[2024-12-09T16:28:47.148-0300] {processor.py:183} INFO - Processing /home/beatriz/Documentos/airflow/airflow_venv/lib/python3.10/site-packages/airflow/example_dags/example_dynamic_task_mapping.py took 0.107 seconds
[2024-12-09T16:29:57.213-0300] {processor.py:161} INFO - Started process (PID=21672) to work on /home/beatriz/Documentos/airflow/airflow_venv/lib/python3.10/site-packages/airflow/example_dags/example_dynamic_task_mapping.py
[2024-12-09T16:29:57.215-0300] {processor.py:830} INFO - Processing file /home/beatriz/Documentos/airflow/airflow_venv/lib/python3.10/site-packages/airflow/example_dags/example_dynamic_task_mapping.py for tasks to queue
[2024-12-09T16:29:57.218-0300] {logging_mixin.py:188} INFO - [2024-12-09T16:29:57.217-0300] {dagbag.py:540} INFO - Filling up the DagBag from /home/beatriz/Documentos/airflow/airflow_venv/lib/python3.10/site-packages/airflow/example_dags/example_dynamic_task_mapping.py
[2024-12-09T16:29:57.228-0300] {processor.py:840} INFO - DAG(s) 'example_dynamic_task_mapping' retrieved from /home/beatriz/Documentos/airflow/airflow_venv/lib/python3.10/site-packages/airflow/example_dags/example_dynamic_task_mapping.py
[2024-12-09T16:29:57.244-0300] {logging_mixin.py:188} INFO - [2024-12-09T16:29:57.244-0300] {dag.py:3096} INFO - Sync 1 DAGs
[2024-12-09T16:29:57.260-0300] {logging_mixin.py:188} INFO - [2024-12-09T16:29:57.260-0300] {dag.py:3954} INFO - Setting next_dagrun for example_dynamic_task_mapping to 2022-03-04 00:00:00+00:00, run_after=2022-03-05 00:00:00+00:00
[2024-12-09T16:29:57.279-0300] {processor.py:183} INFO - Processing /home/beatriz/Documentos/airflow/airflow_venv/lib/python3.10/site-packages/airflow/example_dags/example_dynamic_task_mapping.py took 0.075 seconds
[2024-12-09T16:47:20.570-0300] {processor.py:161} INFO - Started process (PID=24250) to work on /home/beatriz/Documentos/airflow/airflow_venv/lib/python3.10/site-packages/airflow/example_dags/example_dynamic_task_mapping.py
[2024-12-09T16:47:20.572-0300] {processor.py:830} INFO - Processing file /home/beatriz/Documentos/airflow/airflow_venv/lib/python3.10/site-packages/airflow/example_dags/example_dynamic_task_mapping.py for tasks to queue
[2024-12-09T16:47:20.574-0300] {logging_mixin.py:188} INFO - [2024-12-09T16:47:20.574-0300] {dagbag.py:540} INFO - Filling up the DagBag from /home/beatriz/Documentos/airflow/airflow_venv/lib/python3.10/site-packages/airflow/example_dags/example_dynamic_task_mapping.py
[2024-12-09T16:47:20.586-0300] {processor.py:840} INFO - DAG(s) 'example_dynamic_task_mapping' retrieved from /home/beatriz/Documentos/airflow/airflow_venv/lib/python3.10/site-packages/airflow/example_dags/example_dynamic_task_mapping.py
[2024-12-09T16:47:20.661-0300] {logging_mixin.py:188} INFO - [2024-12-09T16:47:20.660-0300] {dag.py:3096} INFO - Sync 1 DAGs
[2024-12-09T16:47:20.672-0300] {logging_mixin.py:188} INFO - [2024-12-09T16:47:20.672-0300] {dag.py:3954} INFO - Setting next_dagrun for example_dynamic_task_mapping to 2022-03-04 00:00:00+00:00, run_after=2022-03-05 00:00:00+00:00
[2024-12-09T16:47:20.689-0300] {processor.py:183} INFO - Processing /home/beatriz/Documentos/airflow/airflow_venv/lib/python3.10/site-packages/airflow/example_dags/example_dynamic_task_mapping.py took 0.129 seconds
[2024-12-09T16:48:18.441-0300] {processor.py:161} INFO - Started process (PID=24868) to work on /home/beatriz/Documentos/airflow/airflow_venv/lib/python3.10/site-packages/airflow/example_dags/example_dynamic_task_mapping.py
[2024-12-09T16:48:18.443-0300] {processor.py:830} INFO - Processing file /home/beatriz/Documentos/airflow/airflow_venv/lib/python3.10/site-packages/airflow/example_dags/example_dynamic_task_mapping.py for tasks to queue
[2024-12-09T16:48:18.444-0300] {logging_mixin.py:188} INFO - [2024-12-09T16:48:18.443-0300] {dagbag.py:540} INFO - Filling up the DagBag from /home/beatriz/Documentos/airflow/airflow_venv/lib/python3.10/site-packages/airflow/example_dags/example_dynamic_task_mapping.py
[2024-12-09T16:48:18.450-0300] {processor.py:840} INFO - DAG(s) 'example_dynamic_task_mapping' retrieved from /home/beatriz/Documentos/airflow/airflow_venv/lib/python3.10/site-packages/airflow/example_dags/example_dynamic_task_mapping.py
[2024-12-09T16:48:18.463-0300] {logging_mixin.py:188} INFO - [2024-12-09T16:48:18.463-0300] {dag.py:3096} INFO - Sync 1 DAGs
[2024-12-09T16:48:18.479-0300] {logging_mixin.py:188} INFO - [2024-12-09T16:48:18.479-0300] {dag.py:3954} INFO - Setting next_dagrun for example_dynamic_task_mapping to 2022-03-04 00:00:00+00:00, run_after=2022-03-05 00:00:00+00:00
[2024-12-09T16:48:18.496-0300] {processor.py:183} INFO - Processing /home/beatriz/Documentos/airflow/airflow_venv/lib/python3.10/site-packages/airflow/example_dags/example_dynamic_task_mapping.py took 0.060 seconds
[2024-12-09T16:49:10.323-0300] {processor.py:161} INFO - Started process (PID=25145) to work on /home/beatriz/Documentos/airflow/airflow_venv/lib/python3.10/site-packages/airflow/example_dags/example_dynamic_task_mapping.py
[2024-12-09T16:49:10.325-0300] {processor.py:830} INFO - Processing file /home/beatriz/Documentos/airflow/airflow_venv/lib/python3.10/site-packages/airflow/example_dags/example_dynamic_task_mapping.py for tasks to queue
[2024-12-09T16:49:10.327-0300] {logging_mixin.py:188} INFO - [2024-12-09T16:49:10.326-0300] {dagbag.py:540} INFO - Filling up the DagBag from /home/beatriz/Documentos/airflow/airflow_venv/lib/python3.10/site-packages/airflow/example_dags/example_dynamic_task_mapping.py
[2024-12-09T16:49:10.339-0300] {processor.py:840} INFO - DAG(s) 'example_dynamic_task_mapping' retrieved from /home/beatriz/Documentos/airflow/airflow_venv/lib/python3.10/site-packages/airflow/example_dags/example_dynamic_task_mapping.py
[2024-12-09T16:49:10.353-0300] {logging_mixin.py:188} INFO - [2024-12-09T16:49:10.353-0300] {dag.py:3096} INFO - Sync 1 DAGs
[2024-12-09T16:49:10.367-0300] {logging_mixin.py:188} INFO - [2024-12-09T16:49:10.367-0300] {dag.py:3954} INFO - Setting next_dagrun for example_dynamic_task_mapping to 2022-03-04 00:00:00+00:00, run_after=2022-03-05 00:00:00+00:00
[2024-12-09T16:49:10.387-0300] {processor.py:183} INFO - Processing /home/beatriz/Documentos/airflow/airflow_venv/lib/python3.10/site-packages/airflow/example_dags/example_dynamic_task_mapping.py took 0.076 seconds
[2024-12-09T16:50:18.712-0300] {processor.py:161} INFO - Started process (PID=25647) to work on /home/beatriz/Documentos/airflow/airflow_venv/lib/python3.10/site-packages/airflow/example_dags/example_dynamic_task_mapping.py
[2024-12-09T16:50:18.713-0300] {processor.py:830} INFO - Processing file /home/beatriz/Documentos/airflow/airflow_venv/lib/python3.10/site-packages/airflow/example_dags/example_dynamic_task_mapping.py for tasks to queue
[2024-12-09T16:50:18.714-0300] {logging_mixin.py:188} INFO - [2024-12-09T16:50:18.713-0300] {dagbag.py:540} INFO - Filling up the DagBag from /home/beatriz/Documentos/airflow/airflow_venv/lib/python3.10/site-packages/airflow/example_dags/example_dynamic_task_mapping.py
[2024-12-09T16:50:18.721-0300] {processor.py:840} INFO - DAG(s) 'example_dynamic_task_mapping' retrieved from /home/beatriz/Documentos/airflow/airflow_venv/lib/python3.10/site-packages/airflow/example_dags/example_dynamic_task_mapping.py
[2024-12-09T16:50:18.733-0300] {logging_mixin.py:188} INFO - [2024-12-09T16:50:18.733-0300] {dag.py:3096} INFO - Sync 1 DAGs
[2024-12-09T16:50:18.749-0300] {logging_mixin.py:188} INFO - [2024-12-09T16:50:18.748-0300] {dag.py:3954} INFO - Setting next_dagrun for example_dynamic_task_mapping to 2022-03-04 00:00:00+00:00, run_after=2022-03-05 00:00:00+00:00
[2024-12-09T16:50:18.774-0300] {processor.py:183} INFO - Processing /home/beatriz/Documentos/airflow/airflow_venv/lib/python3.10/site-packages/airflow/example_dags/example_dynamic_task_mapping.py took 0.065 seconds
[2024-12-09T16:51:16.246-0300] {processor.py:161} INFO - Started process (PID=26177) to work on /home/beatriz/Documentos/airflow/airflow_venv/lib/python3.10/site-packages/airflow/example_dags/example_dynamic_task_mapping.py
[2024-12-09T16:51:16.248-0300] {processor.py:830} INFO - Processing file /home/beatriz/Documentos/airflow/airflow_venv/lib/python3.10/site-packages/airflow/example_dags/example_dynamic_task_mapping.py for tasks to queue
[2024-12-09T16:51:16.250-0300] {logging_mixin.py:188} INFO - [2024-12-09T16:51:16.249-0300] {dagbag.py:540} INFO - Filling up the DagBag from /home/beatriz/Documentos/airflow/airflow_venv/lib/python3.10/site-packages/airflow/example_dags/example_dynamic_task_mapping.py
[2024-12-09T16:51:16.260-0300] {processor.py:840} INFO - DAG(s) 'example_dynamic_task_mapping' retrieved from /home/beatriz/Documentos/airflow/airflow_venv/lib/python3.10/site-packages/airflow/example_dags/example_dynamic_task_mapping.py
[2024-12-09T16:51:16.275-0300] {logging_mixin.py:188} INFO - [2024-12-09T16:51:16.275-0300] {dag.py:3096} INFO - Sync 1 DAGs
[2024-12-09T16:51:16.291-0300] {logging_mixin.py:188} INFO - [2024-12-09T16:51:16.290-0300] {dag.py:3954} INFO - Setting next_dagrun for example_dynamic_task_mapping to 2022-03-04 00:00:00+00:00, run_after=2022-03-05 00:00:00+00:00
[2024-12-09T16:51:16.308-0300] {processor.py:183} INFO - Processing /home/beatriz/Documentos/airflow/airflow_venv/lib/python3.10/site-packages/airflow/example_dags/example_dynamic_task_mapping.py took 0.075 seconds
[2024-12-09T16:52:16.763-0300] {processor.py:161} INFO - Started process (PID=27056) to work on /home/beatriz/Documentos/airflow/airflow_venv/lib/python3.10/site-packages/airflow/example_dags/example_dynamic_task_mapping.py
[2024-12-09T16:52:16.764-0300] {processor.py:830} INFO - Processing file /home/beatriz/Documentos/airflow/airflow_venv/lib/python3.10/site-packages/airflow/example_dags/example_dynamic_task_mapping.py for tasks to queue
[2024-12-09T16:52:16.766-0300] {logging_mixin.py:188} INFO - [2024-12-09T16:52:16.765-0300] {dagbag.py:540} INFO - Filling up the DagBag from /home/beatriz/Documentos/airflow/airflow_venv/lib/python3.10/site-packages/airflow/example_dags/example_dynamic_task_mapping.py
[2024-12-09T16:52:16.774-0300] {processor.py:840} INFO - DAG(s) 'example_dynamic_task_mapping' retrieved from /home/beatriz/Documentos/airflow/airflow_venv/lib/python3.10/site-packages/airflow/example_dags/example_dynamic_task_mapping.py
[2024-12-09T16:52:16.786-0300] {logging_mixin.py:188} INFO - [2024-12-09T16:52:16.786-0300] {dag.py:3096} INFO - Sync 1 DAGs
[2024-12-09T16:52:16.802-0300] {logging_mixin.py:188} INFO - [2024-12-09T16:52:16.801-0300] {dag.py:3954} INFO - Setting next_dagrun for example_dynamic_task_mapping to 2022-03-04 00:00:00+00:00, run_after=2022-03-05 00:00:00+00:00
[2024-12-09T16:52:16.820-0300] {processor.py:183} INFO - Processing /home/beatriz/Documentos/airflow/airflow_venv/lib/python3.10/site-packages/airflow/example_dags/example_dynamic_task_mapping.py took 0.066 seconds
[2024-12-09T16:53:12.086-0300] {processor.py:161} INFO - Started process (PID=27460) to work on /home/beatriz/Documentos/airflow/airflow_venv/lib/python3.10/site-packages/airflow/example_dags/example_dynamic_task_mapping.py
[2024-12-09T16:53:12.087-0300] {processor.py:830} INFO - Processing file /home/beatriz/Documentos/airflow/airflow_venv/lib/python3.10/site-packages/airflow/example_dags/example_dynamic_task_mapping.py for tasks to queue
[2024-12-09T16:53:12.089-0300] {logging_mixin.py:188} INFO - [2024-12-09T16:53:12.089-0300] {dagbag.py:540} INFO - Filling up the DagBag from /home/beatriz/Documentos/airflow/airflow_venv/lib/python3.10/site-packages/airflow/example_dags/example_dynamic_task_mapping.py
[2024-12-09T16:53:12.101-0300] {processor.py:840} INFO - DAG(s) 'example_dynamic_task_mapping' retrieved from /home/beatriz/Documentos/airflow/airflow_venv/lib/python3.10/site-packages/airflow/example_dags/example_dynamic_task_mapping.py
[2024-12-09T16:53:12.117-0300] {logging_mixin.py:188} INFO - [2024-12-09T16:53:12.117-0300] {dag.py:3096} INFO - Sync 1 DAGs
[2024-12-09T16:53:12.132-0300] {logging_mixin.py:188} INFO - [2024-12-09T16:53:12.132-0300] {dag.py:3954} INFO - Setting next_dagrun for example_dynamic_task_mapping to 2022-03-04 00:00:00+00:00, run_after=2022-03-05 00:00:00+00:00
[2024-12-09T16:53:12.149-0300] {processor.py:183} INFO - Processing /home/beatriz/Documentos/airflow/airflow_venv/lib/python3.10/site-packages/airflow/example_dags/example_dynamic_task_mapping.py took 0.075 seconds
[2024-12-09T16:54:08.495-0300] {processor.py:161} INFO - Started process (PID=27875) to work on /home/beatriz/Documentos/airflow/airflow_venv/lib/python3.10/site-packages/airflow/example_dags/example_dynamic_task_mapping.py
[2024-12-09T16:54:08.495-0300] {processor.py:830} INFO - Processing file /home/beatriz/Documentos/airflow/airflow_venv/lib/python3.10/site-packages/airflow/example_dags/example_dynamic_task_mapping.py for tasks to queue
[2024-12-09T16:54:08.496-0300] {logging_mixin.py:188} INFO - [2024-12-09T16:54:08.496-0300] {dagbag.py:540} INFO - Filling up the DagBag from /home/beatriz/Documentos/airflow/airflow_venv/lib/python3.10/site-packages/airflow/example_dags/example_dynamic_task_mapping.py
[2024-12-09T16:54:08.501-0300] {processor.py:840} INFO - DAG(s) 'example_dynamic_task_mapping' retrieved from /home/beatriz/Documentos/airflow/airflow_venv/lib/python3.10/site-packages/airflow/example_dags/example_dynamic_task_mapping.py
[2024-12-09T16:54:08.512-0300] {logging_mixin.py:188} INFO - [2024-12-09T16:54:08.512-0300] {dag.py:3096} INFO - Sync 1 DAGs
[2024-12-09T16:54:08.526-0300] {logging_mixin.py:188} INFO - [2024-12-09T16:54:08.526-0300] {dag.py:3954} INFO - Setting next_dagrun for example_dynamic_task_mapping to 2022-03-04 00:00:00+00:00, run_after=2022-03-05 00:00:00+00:00
[2024-12-09T16:54:08.542-0300] {processor.py:183} INFO - Processing /home/beatriz/Documentos/airflow/airflow_venv/lib/python3.10/site-packages/airflow/example_dags/example_dynamic_task_mapping.py took 0.052 seconds
[2024-12-09T16:55:20.766-0300] {processor.py:161} INFO - Started process (PID=28496) to work on /home/beatriz/Documentos/airflow/airflow_venv/lib/python3.10/site-packages/airflow/example_dags/example_dynamic_task_mapping.py
[2024-12-09T16:55:20.768-0300] {processor.py:830} INFO - Processing file /home/beatriz/Documentos/airflow/airflow_venv/lib/python3.10/site-packages/airflow/example_dags/example_dynamic_task_mapping.py for tasks to queue
[2024-12-09T16:55:20.770-0300] {logging_mixin.py:188} INFO - [2024-12-09T16:55:20.769-0300] {dagbag.py:540} INFO - Filling up the DagBag from /home/beatriz/Documentos/airflow/airflow_venv/lib/python3.10/site-packages/airflow/example_dags/example_dynamic_task_mapping.py
[2024-12-09T16:55:20.782-0300] {processor.py:840} INFO - DAG(s) 'example_dynamic_task_mapping' retrieved from /home/beatriz/Documentos/airflow/airflow_venv/lib/python3.10/site-packages/airflow/example_dags/example_dynamic_task_mapping.py
[2024-12-09T16:55:20.798-0300] {logging_mixin.py:188} INFO - [2024-12-09T16:55:20.798-0300] {dag.py:3096} INFO - Sync 1 DAGs
[2024-12-09T16:55:20.814-0300] {logging_mixin.py:188} INFO - [2024-12-09T16:55:20.814-0300] {dag.py:3954} INFO - Setting next_dagrun for example_dynamic_task_mapping to 2022-03-04 00:00:00+00:00, run_after=2022-03-05 00:00:00+00:00
[2024-12-09T16:55:20.833-0300] {processor.py:183} INFO - Processing /home/beatriz/Documentos/airflow/airflow_venv/lib/python3.10/site-packages/airflow/example_dags/example_dynamic_task_mapping.py took 0.080 seconds
[2024-12-09T17:00:12.900-0300] {processor.py:161} INFO - Started process (PID=29470) to work on /home/beatriz/Documentos/airflow/airflow_venv/lib/python3.10/site-packages/airflow/example_dags/example_dynamic_task_mapping.py
[2024-12-09T17:00:12.914-0300] {processor.py:830} INFO - Processing file /home/beatriz/Documentos/airflow/airflow_venv/lib/python3.10/site-packages/airflow/example_dags/example_dynamic_task_mapping.py for tasks to queue
[2024-12-09T17:00:13.000-0300] {logging_mixin.py:188} INFO - [2024-12-09T17:00:12.916-0300] {dagbag.py:540} INFO - Filling up the DagBag from /home/beatriz/Documentos/airflow/airflow_venv/lib/python3.10/site-packages/airflow/example_dags/example_dynamic_task_mapping.py
[2024-12-09T17:00:13.078-0300] {processor.py:840} INFO - DAG(s) 'example_dynamic_task_mapping' retrieved from /home/beatriz/Documentos/airflow/airflow_venv/lib/python3.10/site-packages/airflow/example_dags/example_dynamic_task_mapping.py
[2024-12-09T17:00:13.183-0300] {logging_mixin.py:188} INFO - [2024-12-09T17:00:13.183-0300] {dag.py:3096} INFO - Sync 1 DAGs
[2024-12-09T17:00:13.348-0300] {logging_mixin.py:188} INFO - [2024-12-09T17:00:13.347-0300] {dag.py:3954} INFO - Setting next_dagrun for example_dynamic_task_mapping to 2022-03-04 00:00:00+00:00, run_after=2022-03-05 00:00:00+00:00
[2024-12-09T17:00:13.763-0300] {processor.py:183} INFO - Processing /home/beatriz/Documentos/airflow/airflow_venv/lib/python3.10/site-packages/airflow/example_dags/example_dynamic_task_mapping.py took 0.919 seconds
[2024-12-09T17:04:04.940-0300] {processor.py:161} INFO - Started process (PID=29980) to work on /home/beatriz/Documentos/airflow/airflow_venv/lib/python3.10/site-packages/airflow/example_dags/example_dynamic_task_mapping.py
[2024-12-09T17:04:04.941-0300] {processor.py:830} INFO - Processing file /home/beatriz/Documentos/airflow/airflow_venv/lib/python3.10/site-packages/airflow/example_dags/example_dynamic_task_mapping.py for tasks to queue
[2024-12-09T17:04:04.942-0300] {logging_mixin.py:188} INFO - [2024-12-09T17:04:04.942-0300] {dagbag.py:540} INFO - Filling up the DagBag from /home/beatriz/Documentos/airflow/airflow_venv/lib/python3.10/site-packages/airflow/example_dags/example_dynamic_task_mapping.py
[2024-12-09T17:04:04.948-0300] {processor.py:840} INFO - DAG(s) 'example_dynamic_task_mapping' retrieved from /home/beatriz/Documentos/airflow/airflow_venv/lib/python3.10/site-packages/airflow/example_dags/example_dynamic_task_mapping.py
[2024-12-09T17:04:04.960-0300] {logging_mixin.py:188} INFO - [2024-12-09T17:04:04.960-0300] {dag.py:3096} INFO - Sync 1 DAGs
[2024-12-09T17:04:04.973-0300] {logging_mixin.py:188} INFO - [2024-12-09T17:04:04.973-0300] {dag.py:3954} INFO - Setting next_dagrun for example_dynamic_task_mapping to 2022-03-04 00:00:00+00:00, run_after=2022-03-05 00:00:00+00:00
[2024-12-09T17:04:04.989-0300] {processor.py:183} INFO - Processing /home/beatriz/Documentos/airflow/airflow_venv/lib/python3.10/site-packages/airflow/example_dags/example_dynamic_task_mapping.py took 0.054 seconds
