[2024-12-09T15:00:24.154-0300] {processor.py:161} INFO - Started process (PID=28648) to work on /home/beatriz/Documentos/airflow/airflow_venv/lib/python3.10/site-packages/airflow/example_dags/example_external_task_marker_dag.py
[2024-12-09T15:00:24.155-0300] {processor.py:830} INFO - Processing file /home/beatriz/Documentos/airflow/airflow_venv/lib/python3.10/site-packages/airflow/example_dags/example_external_task_marker_dag.py for tasks to queue
[2024-12-09T15:00:24.156-0300] {logging_mixin.py:188} INFO - [2024-12-09T15:00:24.156-0300] {dagbag.py:540} INFO - Filling up the DagBag from /home/beatriz/Documentos/airflow/airflow_venv/lib/python3.10/site-packages/airflow/example_dags/example_external_task_marker_dag.py
[2024-12-09T15:00:24.163-0300] {processor.py:840} INFO - DAG(s) 'example_external_task_marker_child', 'example_external_task_marker_parent' retrieved from /home/beatriz/Documentos/airflow/airflow_venv/lib/python3.10/site-packages/airflow/example_dags/example_external_task_marker_dag.py
[2024-12-09T15:00:24.242-0300] {logging_mixin.py:188} INFO - [2024-12-09T15:00:24.242-0300] {dag.py:3096} INFO - Sync 2 DAGs
[2024-12-09T15:00:24.249-0300] {logging_mixin.py:188} INFO - [2024-12-09T15:00:24.249-0300] {dag.py:3954} INFO - Setting next_dagrun for example_external_task_marker_child to None, run_after=None
[2024-12-09T15:00:24.251-0300] {logging_mixin.py:188} INFO - [2024-12-09T15:00:24.251-0300] {dag.py:3954} INFO - Setting next_dagrun for example_external_task_marker_parent to None, run_after=None
[2024-12-09T15:00:24.265-0300] {processor.py:183} INFO - Processing /home/beatriz/Documentos/airflow/airflow_venv/lib/python3.10/site-packages/airflow/example_dags/example_external_task_marker_dag.py took 0.116 seconds
[2024-12-09T15:01:26.854-0300] {processor.py:161} INFO - Started process (PID=29223) to work on /home/beatriz/Documentos/airflow/airflow_venv/lib/python3.10/site-packages/airflow/example_dags/example_external_task_marker_dag.py
[2024-12-09T15:01:26.856-0300] {processor.py:830} INFO - Processing file /home/beatriz/Documentos/airflow/airflow_venv/lib/python3.10/site-packages/airflow/example_dags/example_external_task_marker_dag.py for tasks to queue
[2024-12-09T15:01:26.859-0300] {logging_mixin.py:188} INFO - [2024-12-09T15:01:26.858-0300] {dagbag.py:540} INFO - Filling up the DagBag from /home/beatriz/Documentos/airflow/airflow_venv/lib/python3.10/site-packages/airflow/example_dags/example_external_task_marker_dag.py
[2024-12-09T15:01:26.869-0300] {processor.py:840} INFO - DAG(s) 'example_external_task_marker_parent', 'example_external_task_marker_child' retrieved from /home/beatriz/Documentos/airflow/airflow_venv/lib/python3.10/site-packages/airflow/example_dags/example_external_task_marker_dag.py
[2024-12-09T15:01:26.887-0300] {logging_mixin.py:188} INFO - [2024-12-09T15:01:26.887-0300] {dag.py:3096} INFO - Sync 2 DAGs
[2024-12-09T15:01:26.896-0300] {logging_mixin.py:188} INFO - [2024-12-09T15:01:26.896-0300] {dag.py:3954} INFO - Setting next_dagrun for example_external_task_marker_child to None, run_after=None
[2024-12-09T15:01:26.899-0300] {logging_mixin.py:188} INFO - [2024-12-09T15:01:26.899-0300] {dag.py:3954} INFO - Setting next_dagrun for example_external_task_marker_parent to None, run_after=None
[2024-12-09T15:01:26.913-0300] {processor.py:183} INFO - Processing /home/beatriz/Documentos/airflow/airflow_venv/lib/python3.10/site-packages/airflow/example_dags/example_external_task_marker_dag.py took 0.070 seconds
[2024-12-09T15:02:24.466-0300] {processor.py:161} INFO - Started process (PID=29649) to work on /home/beatriz/Documentos/airflow/airflow_venv/lib/python3.10/site-packages/airflow/example_dags/example_external_task_marker_dag.py
[2024-12-09T15:02:24.468-0300] {processor.py:830} INFO - Processing file /home/beatriz/Documentos/airflow/airflow_venv/lib/python3.10/site-packages/airflow/example_dags/example_external_task_marker_dag.py for tasks to queue
[2024-12-09T15:02:24.470-0300] {logging_mixin.py:188} INFO - [2024-12-09T15:02:24.469-0300] {dagbag.py:540} INFO - Filling up the DagBag from /home/beatriz/Documentos/airflow/airflow_venv/lib/python3.10/site-packages/airflow/example_dags/example_external_task_marker_dag.py
[2024-12-09T15:02:24.479-0300] {processor.py:840} INFO - DAG(s) 'example_external_task_marker_parent', 'example_external_task_marker_child' retrieved from /home/beatriz/Documentos/airflow/airflow_venv/lib/python3.10/site-packages/airflow/example_dags/example_external_task_marker_dag.py
[2024-12-09T15:02:24.507-0300] {logging_mixin.py:188} INFO - [2024-12-09T15:02:24.507-0300] {dag.py:3096} INFO - Sync 2 DAGs
[2024-12-09T15:02:24.519-0300] {logging_mixin.py:188} INFO - [2024-12-09T15:02:24.519-0300] {dag.py:3954} INFO - Setting next_dagrun for example_external_task_marker_child to None, run_after=None
[2024-12-09T15:02:24.524-0300] {logging_mixin.py:188} INFO - [2024-12-09T15:02:24.524-0300] {dag.py:3954} INFO - Setting next_dagrun for example_external_task_marker_parent to None, run_after=None
[2024-12-09T15:02:24.545-0300] {processor.py:183} INFO - Processing /home/beatriz/Documentos/airflow/airflow_venv/lib/python3.10/site-packages/airflow/example_dags/example_external_task_marker_dag.py took 0.085 seconds
[2024-12-09T15:04:08.047-0300] {processor.py:161} INFO - Started process (PID=30971) to work on /home/beatriz/Documentos/airflow/airflow_venv/lib/python3.10/site-packages/airflow/example_dags/example_external_task_marker_dag.py
[2024-12-09T15:04:08.048-0300] {processor.py:830} INFO - Processing file /home/beatriz/Documentos/airflow/airflow_venv/lib/python3.10/site-packages/airflow/example_dags/example_external_task_marker_dag.py for tasks to queue
[2024-12-09T15:04:08.049-0300] {logging_mixin.py:188} INFO - [2024-12-09T15:04:08.049-0300] {dagbag.py:540} INFO - Filling up the DagBag from /home/beatriz/Documentos/airflow/airflow_venv/lib/python3.10/site-packages/airflow/example_dags/example_external_task_marker_dag.py
[2024-12-09T15:04:08.054-0300] {processor.py:840} INFO - DAG(s) 'example_external_task_marker_child', 'example_external_task_marker_parent' retrieved from /home/beatriz/Documentos/airflow/airflow_venv/lib/python3.10/site-packages/airflow/example_dags/example_external_task_marker_dag.py
[2024-12-09T15:04:08.144-0300] {logging_mixin.py:188} INFO - [2024-12-09T15:04:08.144-0300] {dag.py:3096} INFO - Sync 2 DAGs
[2024-12-09T15:04:08.153-0300] {logging_mixin.py:188} INFO - [2024-12-09T15:04:08.153-0300] {dag.py:3954} INFO - Setting next_dagrun for example_external_task_marker_child to None, run_after=None
[2024-12-09T15:04:08.156-0300] {logging_mixin.py:188} INFO - [2024-12-09T15:04:08.155-0300] {dag.py:3954} INFO - Setting next_dagrun for example_external_task_marker_parent to None, run_after=None
[2024-12-09T15:04:08.174-0300] {processor.py:183} INFO - Processing /home/beatriz/Documentos/airflow/airflow_venv/lib/python3.10/site-packages/airflow/example_dags/example_external_task_marker_dag.py took 0.133 seconds
[2024-12-09T15:05:08.743-0300] {processor.py:161} INFO - Started process (PID=31692) to work on /home/beatriz/Documentos/airflow/airflow_venv/lib/python3.10/site-packages/airflow/example_dags/example_external_task_marker_dag.py
[2024-12-09T15:05:08.744-0300] {processor.py:830} INFO - Processing file /home/beatriz/Documentos/airflow/airflow_venv/lib/python3.10/site-packages/airflow/example_dags/example_external_task_marker_dag.py for tasks to queue
[2024-12-09T15:05:08.745-0300] {logging_mixin.py:188} INFO - [2024-12-09T15:05:08.745-0300] {dagbag.py:540} INFO - Filling up the DagBag from /home/beatriz/Documentos/airflow/airflow_venv/lib/python3.10/site-packages/airflow/example_dags/example_external_task_marker_dag.py
[2024-12-09T15:05:08.750-0300] {processor.py:840} INFO - DAG(s) 'example_external_task_marker_parent', 'example_external_task_marker_child' retrieved from /home/beatriz/Documentos/airflow/airflow_venv/lib/python3.10/site-packages/airflow/example_dags/example_external_task_marker_dag.py
[2024-12-09T15:05:08.824-0300] {logging_mixin.py:188} INFO - [2024-12-09T15:05:08.824-0300] {dag.py:3096} INFO - Sync 2 DAGs
[2024-12-09T15:05:08.831-0300] {logging_mixin.py:188} INFO - [2024-12-09T15:05:08.831-0300] {dag.py:3954} INFO - Setting next_dagrun for example_external_task_marker_child to None, run_after=None
[2024-12-09T15:05:08.833-0300] {logging_mixin.py:188} INFO - [2024-12-09T15:05:08.833-0300] {dag.py:3954} INFO - Setting next_dagrun for example_external_task_marker_parent to None, run_after=None
[2024-12-09T15:05:08.847-0300] {processor.py:183} INFO - Processing /home/beatriz/Documentos/airflow/airflow_venv/lib/python3.10/site-packages/airflow/example_dags/example_external_task_marker_dag.py took 0.109 seconds
[2024-12-09T15:06:23.197-0300] {processor.py:161} INFO - Started process (PID=32484) to work on /home/beatriz/Documentos/airflow/airflow_venv/lib/python3.10/site-packages/airflow/example_dags/example_external_task_marker_dag.py
[2024-12-09T15:06:23.198-0300] {processor.py:830} INFO - Processing file /home/beatriz/Documentos/airflow/airflow_venv/lib/python3.10/site-packages/airflow/example_dags/example_external_task_marker_dag.py for tasks to queue
[2024-12-09T15:06:23.201-0300] {logging_mixin.py:188} INFO - [2024-12-09T15:06:23.200-0300] {dagbag.py:540} INFO - Filling up the DagBag from /home/beatriz/Documentos/airflow/airflow_venv/lib/python3.10/site-packages/airflow/example_dags/example_external_task_marker_dag.py
[2024-12-09T15:06:23.211-0300] {processor.py:840} INFO - DAG(s) 'example_external_task_marker_parent', 'example_external_task_marker_child' retrieved from /home/beatriz/Documentos/airflow/airflow_venv/lib/python3.10/site-packages/airflow/example_dags/example_external_task_marker_dag.py
[2024-12-09T15:06:23.296-0300] {logging_mixin.py:188} INFO - [2024-12-09T15:06:23.296-0300] {dag.py:3096} INFO - Sync 2 DAGs
[2024-12-09T15:06:23.303-0300] {logging_mixin.py:188} INFO - [2024-12-09T15:06:23.303-0300] {dag.py:3954} INFO - Setting next_dagrun for example_external_task_marker_child to None, run_after=None
[2024-12-09T15:06:23.306-0300] {logging_mixin.py:188} INFO - [2024-12-09T15:06:23.305-0300] {dag.py:3954} INFO - Setting next_dagrun for example_external_task_marker_parent to None, run_after=None
[2024-12-09T15:06:23.324-0300] {processor.py:183} INFO - Processing /home/beatriz/Documentos/airflow/airflow_venv/lib/python3.10/site-packages/airflow/example_dags/example_external_task_marker_dag.py took 0.135 seconds
[2024-12-09T15:07:29.240-0300] {processor.py:161} INFO - Started process (PID=32961) to work on /home/beatriz/Documentos/airflow/airflow_venv/lib/python3.10/site-packages/airflow/example_dags/example_external_task_marker_dag.py
[2024-12-09T15:07:29.240-0300] {processor.py:830} INFO - Processing file /home/beatriz/Documentos/airflow/airflow_venv/lib/python3.10/site-packages/airflow/example_dags/example_external_task_marker_dag.py for tasks to queue
[2024-12-09T15:07:29.242-0300] {logging_mixin.py:188} INFO - [2024-12-09T15:07:29.241-0300] {dagbag.py:540} INFO - Filling up the DagBag from /home/beatriz/Documentos/airflow/airflow_venv/lib/python3.10/site-packages/airflow/example_dags/example_external_task_marker_dag.py
[2024-12-09T15:07:29.246-0300] {processor.py:840} INFO - DAG(s) 'example_external_task_marker_child', 'example_external_task_marker_parent' retrieved from /home/beatriz/Documentos/airflow/airflow_venv/lib/python3.10/site-packages/airflow/example_dags/example_external_task_marker_dag.py
[2024-12-09T15:07:29.260-0300] {logging_mixin.py:188} INFO - [2024-12-09T15:07:29.260-0300] {dag.py:3096} INFO - Sync 2 DAGs
[2024-12-09T15:07:29.269-0300] {logging_mixin.py:188} INFO - [2024-12-09T15:07:29.269-0300] {dag.py:3954} INFO - Setting next_dagrun for example_external_task_marker_child to None, run_after=None
[2024-12-09T15:07:29.271-0300] {logging_mixin.py:188} INFO - [2024-12-09T15:07:29.271-0300] {dag.py:3954} INFO - Setting next_dagrun for example_external_task_marker_parent to None, run_after=None
[2024-12-09T15:07:29.286-0300] {processor.py:183} INFO - Processing /home/beatriz/Documentos/airflow/airflow_venv/lib/python3.10/site-packages/airflow/example_dags/example_external_task_marker_dag.py took 0.051 seconds
[2024-12-09T15:08:28.330-0300] {processor.py:161} INFO - Started process (PID=33387) to work on /home/beatriz/Documentos/airflow/airflow_venv/lib/python3.10/site-packages/airflow/example_dags/example_external_task_marker_dag.py
[2024-12-09T15:08:28.338-0300] {processor.py:830} INFO - Processing file /home/beatriz/Documentos/airflow/airflow_venv/lib/python3.10/site-packages/airflow/example_dags/example_external_task_marker_dag.py for tasks to queue
[2024-12-09T15:08:28.340-0300] {logging_mixin.py:188} INFO - [2024-12-09T15:08:28.340-0300] {dagbag.py:540} INFO - Filling up the DagBag from /home/beatriz/Documentos/airflow/airflow_venv/lib/python3.10/site-packages/airflow/example_dags/example_external_task_marker_dag.py
[2024-12-09T15:08:28.351-0300] {processor.py:840} INFO - DAG(s) 'example_external_task_marker_parent', 'example_external_task_marker_child' retrieved from /home/beatriz/Documentos/airflow/airflow_venv/lib/python3.10/site-packages/airflow/example_dags/example_external_task_marker_dag.py
[2024-12-09T15:08:28.380-0300] {logging_mixin.py:188} INFO - [2024-12-09T15:08:28.380-0300] {dag.py:3096} INFO - Sync 2 DAGs
[2024-12-09T15:08:28.399-0300] {logging_mixin.py:188} INFO - [2024-12-09T15:08:28.399-0300] {dag.py:3954} INFO - Setting next_dagrun for example_external_task_marker_child to None, run_after=None
[2024-12-09T15:08:28.403-0300] {logging_mixin.py:188} INFO - [2024-12-09T15:08:28.403-0300] {dag.py:3954} INFO - Setting next_dagrun for example_external_task_marker_parent to None, run_after=None
[2024-12-09T15:08:28.432-0300] {processor.py:183} INFO - Processing /home/beatriz/Documentos/airflow/airflow_venv/lib/python3.10/site-packages/airflow/example_dags/example_external_task_marker_dag.py took 0.115 seconds
[2024-12-09T15:11:06.658-0300] {processor.py:161} INFO - Started process (PID=34329) to work on /home/beatriz/Documentos/airflow/airflow_venv/lib/python3.10/site-packages/airflow/example_dags/example_external_task_marker_dag.py
[2024-12-09T15:11:06.658-0300] {processor.py:830} INFO - Processing file /home/beatriz/Documentos/airflow/airflow_venv/lib/python3.10/site-packages/airflow/example_dags/example_external_task_marker_dag.py for tasks to queue
[2024-12-09T15:11:06.659-0300] {logging_mixin.py:188} INFO - [2024-12-09T15:11:06.659-0300] {dagbag.py:540} INFO - Filling up the DagBag from /home/beatriz/Documentos/airflow/airflow_venv/lib/python3.10/site-packages/airflow/example_dags/example_external_task_marker_dag.py
[2024-12-09T15:11:06.666-0300] {processor.py:840} INFO - DAG(s) 'example_external_task_marker_parent', 'example_external_task_marker_child' retrieved from /home/beatriz/Documentos/airflow/airflow_venv/lib/python3.10/site-packages/airflow/example_dags/example_external_task_marker_dag.py
[2024-12-09T15:11:06.683-0300] {logging_mixin.py:188} INFO - [2024-12-09T15:11:06.683-0300] {dag.py:3096} INFO - Sync 2 DAGs
[2024-12-09T15:11:06.694-0300] {logging_mixin.py:188} INFO - [2024-12-09T15:11:06.693-0300] {dag.py:3954} INFO - Setting next_dagrun for example_external_task_marker_child to None, run_after=None
[2024-12-09T15:11:06.696-0300] {logging_mixin.py:188} INFO - [2024-12-09T15:11:06.696-0300] {dag.py:3954} INFO - Setting next_dagrun for example_external_task_marker_parent to None, run_after=None
[2024-12-09T15:11:06.715-0300] {processor.py:183} INFO - Processing /home/beatriz/Documentos/airflow/airflow_venv/lib/python3.10/site-packages/airflow/example_dags/example_external_task_marker_dag.py took 0.063 seconds
[2024-12-09T15:12:41.358-0300] {processor.py:161} INFO - Started process (PID=34830) to work on /home/beatriz/Documentos/airflow/airflow_venv/lib/python3.10/site-packages/airflow/example_dags/example_external_task_marker_dag.py
[2024-12-09T15:12:41.360-0300] {processor.py:830} INFO - Processing file /home/beatriz/Documentos/airflow/airflow_venv/lib/python3.10/site-packages/airflow/example_dags/example_external_task_marker_dag.py for tasks to queue
[2024-12-09T15:12:41.361-0300] {logging_mixin.py:188} INFO - [2024-12-09T15:12:41.360-0300] {dagbag.py:540} INFO - Filling up the DagBag from /home/beatriz/Documentos/airflow/airflow_venv/lib/python3.10/site-packages/airflow/example_dags/example_external_task_marker_dag.py
[2024-12-09T15:12:41.368-0300] {processor.py:840} INFO - DAG(s) 'example_external_task_marker_parent', 'example_external_task_marker_child' retrieved from /home/beatriz/Documentos/airflow/airflow_venv/lib/python3.10/site-packages/airflow/example_dags/example_external_task_marker_dag.py
[2024-12-09T15:12:41.430-0300] {logging_mixin.py:188} INFO - [2024-12-09T15:12:41.429-0300] {dag.py:3096} INFO - Sync 2 DAGs
[2024-12-09T15:12:41.457-0300] {logging_mixin.py:188} INFO - [2024-12-09T15:12:41.456-0300] {dag.py:3954} INFO - Setting next_dagrun for example_external_task_marker_child to None, run_after=None
[2024-12-09T15:12:41.466-0300] {logging_mixin.py:188} INFO - [2024-12-09T15:12:41.465-0300] {dag.py:3954} INFO - Setting next_dagrun for example_external_task_marker_parent to None, run_after=None
[2024-12-09T15:12:41.512-0300] {processor.py:183} INFO - Processing /home/beatriz/Documentos/airflow/airflow_venv/lib/python3.10/site-packages/airflow/example_dags/example_external_task_marker_dag.py took 0.160 seconds
[2024-12-09T15:14:13.256-0300] {processor.py:161} INFO - Started process (PID=36331) to work on /home/beatriz/Documentos/airflow/airflow_venv/lib/python3.10/site-packages/airflow/example_dags/example_external_task_marker_dag.py
[2024-12-09T15:14:13.257-0300] {processor.py:830} INFO - Processing file /home/beatriz/Documentos/airflow/airflow_venv/lib/python3.10/site-packages/airflow/example_dags/example_external_task_marker_dag.py for tasks to queue
[2024-12-09T15:14:13.258-0300] {logging_mixin.py:188} INFO - [2024-12-09T15:14:13.258-0300] {dagbag.py:540} INFO - Filling up the DagBag from /home/beatriz/Documentos/airflow/airflow_venv/lib/python3.10/site-packages/airflow/example_dags/example_external_task_marker_dag.py
[2024-12-09T15:14:13.265-0300] {processor.py:840} INFO - DAG(s) 'example_external_task_marker_child', 'example_external_task_marker_parent' retrieved from /home/beatriz/Documentos/airflow/airflow_venv/lib/python3.10/site-packages/airflow/example_dags/example_external_task_marker_dag.py
[2024-12-09T15:14:13.395-0300] {logging_mixin.py:188} INFO - [2024-12-09T15:14:13.394-0300] {dag.py:3096} INFO - Sync 2 DAGs
[2024-12-09T15:14:13.413-0300] {logging_mixin.py:188} INFO - [2024-12-09T15:14:13.412-0300] {dag.py:3954} INFO - Setting next_dagrun for example_external_task_marker_child to None, run_after=None
[2024-12-09T15:14:13.418-0300] {logging_mixin.py:188} INFO - [2024-12-09T15:14:13.417-0300] {dag.py:3954} INFO - Setting next_dagrun for example_external_task_marker_parent to None, run_after=None
[2024-12-09T15:14:13.445-0300] {processor.py:183} INFO - Processing /home/beatriz/Documentos/airflow/airflow_venv/lib/python3.10/site-packages/airflow/example_dags/example_external_task_marker_dag.py took 0.193 seconds
[2024-12-09T15:15:14.477-0300] {processor.py:161} INFO - Started process (PID=36828) to work on /home/beatriz/Documentos/airflow/airflow_venv/lib/python3.10/site-packages/airflow/example_dags/example_external_task_marker_dag.py
[2024-12-09T15:15:14.480-0300] {processor.py:830} INFO - Processing file /home/beatriz/Documentos/airflow/airflow_venv/lib/python3.10/site-packages/airflow/example_dags/example_external_task_marker_dag.py for tasks to queue
[2024-12-09T15:15:14.481-0300] {logging_mixin.py:188} INFO - [2024-12-09T15:15:14.481-0300] {dagbag.py:540} INFO - Filling up the DagBag from /home/beatriz/Documentos/airflow/airflow_venv/lib/python3.10/site-packages/airflow/example_dags/example_external_task_marker_dag.py
[2024-12-09T15:15:14.486-0300] {processor.py:840} INFO - DAG(s) 'example_external_task_marker_child', 'example_external_task_marker_parent' retrieved from /home/beatriz/Documentos/airflow/airflow_venv/lib/python3.10/site-packages/airflow/example_dags/example_external_task_marker_dag.py
[2024-12-09T15:15:14.501-0300] {logging_mixin.py:188} INFO - [2024-12-09T15:15:14.500-0300] {dag.py:3096} INFO - Sync 2 DAGs
[2024-12-09T15:15:14.510-0300] {logging_mixin.py:188} INFO - [2024-12-09T15:15:14.510-0300] {dag.py:3954} INFO - Setting next_dagrun for example_external_task_marker_child to None, run_after=None
[2024-12-09T15:15:14.513-0300] {logging_mixin.py:188} INFO - [2024-12-09T15:15:14.512-0300] {dag.py:3954} INFO - Setting next_dagrun for example_external_task_marker_parent to None, run_after=None
[2024-12-09T15:15:14.527-0300] {processor.py:183} INFO - Processing /home/beatriz/Documentos/airflow/airflow_venv/lib/python3.10/site-packages/airflow/example_dags/example_external_task_marker_dag.py took 0.054 seconds
[2024-12-09T15:16:10.767-0300] {processor.py:161} INFO - Started process (PID=37442) to work on /home/beatriz/Documentos/airflow/airflow_venv/lib/python3.10/site-packages/airflow/example_dags/example_external_task_marker_dag.py
[2024-12-09T15:16:10.769-0300] {processor.py:830} INFO - Processing file /home/beatriz/Documentos/airflow/airflow_venv/lib/python3.10/site-packages/airflow/example_dags/example_external_task_marker_dag.py for tasks to queue
[2024-12-09T15:16:10.770-0300] {logging_mixin.py:188} INFO - [2024-12-09T15:16:10.770-0300] {dagbag.py:540} INFO - Filling up the DagBag from /home/beatriz/Documentos/airflow/airflow_venv/lib/python3.10/site-packages/airflow/example_dags/example_external_task_marker_dag.py
[2024-12-09T15:16:10.775-0300] {processor.py:840} INFO - DAG(s) 'example_external_task_marker_child', 'example_external_task_marker_parent' retrieved from /home/beatriz/Documentos/airflow/airflow_venv/lib/python3.10/site-packages/airflow/example_dags/example_external_task_marker_dag.py
[2024-12-09T15:16:10.790-0300] {logging_mixin.py:188} INFO - [2024-12-09T15:16:10.790-0300] {dag.py:3096} INFO - Sync 2 DAGs
[2024-12-09T15:16:10.798-0300] {logging_mixin.py:188} INFO - [2024-12-09T15:16:10.798-0300] {dag.py:3954} INFO - Setting next_dagrun for example_external_task_marker_child to None, run_after=None
[2024-12-09T15:16:10.801-0300] {logging_mixin.py:188} INFO - [2024-12-09T15:16:10.801-0300] {dag.py:3954} INFO - Setting next_dagrun for example_external_task_marker_parent to None, run_after=None
[2024-12-09T15:16:10.817-0300] {processor.py:183} INFO - Processing /home/beatriz/Documentos/airflow/airflow_venv/lib/python3.10/site-packages/airflow/example_dags/example_external_task_marker_dag.py took 0.055 seconds
[2024-12-09T15:17:06.766-0300] {processor.py:161} INFO - Started process (PID=37937) to work on /home/beatriz/Documentos/airflow/airflow_venv/lib/python3.10/site-packages/airflow/example_dags/example_external_task_marker_dag.py
[2024-12-09T15:17:06.767-0300] {processor.py:830} INFO - Processing file /home/beatriz/Documentos/airflow/airflow_venv/lib/python3.10/site-packages/airflow/example_dags/example_external_task_marker_dag.py for tasks to queue
[2024-12-09T15:17:06.768-0300] {logging_mixin.py:188} INFO - [2024-12-09T15:17:06.768-0300] {dagbag.py:540} INFO - Filling up the DagBag from /home/beatriz/Documentos/airflow/airflow_venv/lib/python3.10/site-packages/airflow/example_dags/example_external_task_marker_dag.py
[2024-12-09T15:17:06.773-0300] {processor.py:840} INFO - DAG(s) 'example_external_task_marker_child', 'example_external_task_marker_parent' retrieved from /home/beatriz/Documentos/airflow/airflow_venv/lib/python3.10/site-packages/airflow/example_dags/example_external_task_marker_dag.py
[2024-12-09T15:17:06.787-0300] {logging_mixin.py:188} INFO - [2024-12-09T15:17:06.787-0300] {dag.py:3096} INFO - Sync 2 DAGs
[2024-12-09T15:17:06.798-0300] {logging_mixin.py:188} INFO - [2024-12-09T15:17:06.798-0300] {dag.py:3954} INFO - Setting next_dagrun for example_external_task_marker_child to None, run_after=None
[2024-12-09T15:17:06.801-0300] {logging_mixin.py:188} INFO - [2024-12-09T15:17:06.801-0300] {dag.py:3954} INFO - Setting next_dagrun for example_external_task_marker_parent to None, run_after=None
[2024-12-09T15:17:06.816-0300] {processor.py:183} INFO - Processing /home/beatriz/Documentos/airflow/airflow_venv/lib/python3.10/site-packages/airflow/example_dags/example_external_task_marker_dag.py took 0.056 seconds
[2024-12-09T15:17:59.447-0300] {processor.py:161} INFO - Started process (PID=38456) to work on /home/beatriz/Documentos/airflow/airflow_venv/lib/python3.10/site-packages/airflow/example_dags/example_external_task_marker_dag.py
[2024-12-09T15:17:59.449-0300] {processor.py:830} INFO - Processing file /home/beatriz/Documentos/airflow/airflow_venv/lib/python3.10/site-packages/airflow/example_dags/example_external_task_marker_dag.py for tasks to queue
[2024-12-09T15:17:59.450-0300] {logging_mixin.py:188} INFO - [2024-12-09T15:17:59.450-0300] {dagbag.py:540} INFO - Filling up the DagBag from /home/beatriz/Documentos/airflow/airflow_venv/lib/python3.10/site-packages/airflow/example_dags/example_external_task_marker_dag.py
[2024-12-09T15:17:59.455-0300] {processor.py:840} INFO - DAG(s) 'example_external_task_marker_child', 'example_external_task_marker_parent' retrieved from /home/beatriz/Documentos/airflow/airflow_venv/lib/python3.10/site-packages/airflow/example_dags/example_external_task_marker_dag.py
[2024-12-09T15:17:59.470-0300] {logging_mixin.py:188} INFO - [2024-12-09T15:17:59.470-0300] {dag.py:3096} INFO - Sync 2 DAGs
[2024-12-09T15:17:59.480-0300] {logging_mixin.py:188} INFO - [2024-12-09T15:17:59.479-0300] {dag.py:3954} INFO - Setting next_dagrun for example_external_task_marker_child to None, run_after=None
[2024-12-09T15:17:59.482-0300] {logging_mixin.py:188} INFO - [2024-12-09T15:17:59.482-0300] {dag.py:3954} INFO - Setting next_dagrun for example_external_task_marker_parent to None, run_after=None
[2024-12-09T15:17:59.498-0300] {processor.py:183} INFO - Processing /home/beatriz/Documentos/airflow/airflow_venv/lib/python3.10/site-packages/airflow/example_dags/example_external_task_marker_dag.py took 0.055 seconds
[2024-12-09T15:19:18.773-0300] {processor.py:161} INFO - Started process (PID=39703) to work on /home/beatriz/Documentos/airflow/airflow_venv/lib/python3.10/site-packages/airflow/example_dags/example_external_task_marker_dag.py
[2024-12-09T15:19:18.776-0300] {processor.py:830} INFO - Processing file /home/beatriz/Documentos/airflow/airflow_venv/lib/python3.10/site-packages/airflow/example_dags/example_external_task_marker_dag.py for tasks to queue
[2024-12-09T15:19:18.778-0300] {logging_mixin.py:188} INFO - [2024-12-09T15:19:18.778-0300] {dagbag.py:540} INFO - Filling up the DagBag from /home/beatriz/Documentos/airflow/airflow_venv/lib/python3.10/site-packages/airflow/example_dags/example_external_task_marker_dag.py
[2024-12-09T15:19:18.789-0300] {processor.py:840} INFO - DAG(s) 'example_external_task_marker_child', 'example_external_task_marker_parent' retrieved from /home/beatriz/Documentos/airflow/airflow_venv/lib/python3.10/site-packages/airflow/example_dags/example_external_task_marker_dag.py
[2024-12-09T15:19:18.867-0300] {logging_mixin.py:188} INFO - [2024-12-09T15:19:18.866-0300] {dag.py:3096} INFO - Sync 2 DAGs
[2024-12-09T15:19:18.873-0300] {logging_mixin.py:188} INFO - [2024-12-09T15:19:18.873-0300] {dag.py:3954} INFO - Setting next_dagrun for example_external_task_marker_child to None, run_after=None
[2024-12-09T15:19:18.875-0300] {logging_mixin.py:188} INFO - [2024-12-09T15:19:18.875-0300] {dag.py:3954} INFO - Setting next_dagrun for example_external_task_marker_parent to None, run_after=None
[2024-12-09T15:19:18.891-0300] {processor.py:183} INFO - Processing /home/beatriz/Documentos/airflow/airflow_venv/lib/python3.10/site-packages/airflow/example_dags/example_external_task_marker_dag.py took 0.127 seconds
[2024-12-09T15:20:17.598-0300] {processor.py:161} INFO - Started process (PID=40342) to work on /home/beatriz/Documentos/airflow/airflow_venv/lib/python3.10/site-packages/airflow/example_dags/example_external_task_marker_dag.py
[2024-12-09T15:20:17.600-0300] {processor.py:830} INFO - Processing file /home/beatriz/Documentos/airflow/airflow_venv/lib/python3.10/site-packages/airflow/example_dags/example_external_task_marker_dag.py for tasks to queue
[2024-12-09T15:20:17.603-0300] {logging_mixin.py:188} INFO - [2024-12-09T15:20:17.603-0300] {dagbag.py:540} INFO - Filling up the DagBag from /home/beatriz/Documentos/airflow/airflow_venv/lib/python3.10/site-packages/airflow/example_dags/example_external_task_marker_dag.py
[2024-12-09T15:20:17.614-0300] {processor.py:840} INFO - DAG(s) 'example_external_task_marker_parent', 'example_external_task_marker_child' retrieved from /home/beatriz/Documentos/airflow/airflow_venv/lib/python3.10/site-packages/airflow/example_dags/example_external_task_marker_dag.py
[2024-12-09T15:20:17.634-0300] {logging_mixin.py:188} INFO - [2024-12-09T15:20:17.634-0300] {dag.py:3096} INFO - Sync 2 DAGs
[2024-12-09T15:20:17.647-0300] {logging_mixin.py:188} INFO - [2024-12-09T15:20:17.647-0300] {dag.py:3954} INFO - Setting next_dagrun for example_external_task_marker_child to None, run_after=None
[2024-12-09T15:20:17.655-0300] {logging_mixin.py:188} INFO - [2024-12-09T15:20:17.654-0300] {dag.py:3954} INFO - Setting next_dagrun for example_external_task_marker_parent to None, run_after=None
[2024-12-09T15:20:17.682-0300] {processor.py:183} INFO - Processing /home/beatriz/Documentos/airflow/airflow_venv/lib/python3.10/site-packages/airflow/example_dags/example_external_task_marker_dag.py took 0.097 seconds
[2024-12-09T15:21:12.232-0300] {processor.py:161} INFO - Started process (PID=40821) to work on /home/beatriz/Documentos/airflow/airflow_venv/lib/python3.10/site-packages/airflow/example_dags/example_external_task_marker_dag.py
[2024-12-09T15:21:12.233-0300] {processor.py:830} INFO - Processing file /home/beatriz/Documentos/airflow/airflow_venv/lib/python3.10/site-packages/airflow/example_dags/example_external_task_marker_dag.py for tasks to queue
[2024-12-09T15:21:12.234-0300] {logging_mixin.py:188} INFO - [2024-12-09T15:21:12.234-0300] {dagbag.py:540} INFO - Filling up the DagBag from /home/beatriz/Documentos/airflow/airflow_venv/lib/python3.10/site-packages/airflow/example_dags/example_external_task_marker_dag.py
[2024-12-09T15:21:12.240-0300] {processor.py:840} INFO - DAG(s) 'example_external_task_marker_child', 'example_external_task_marker_parent' retrieved from /home/beatriz/Documentos/airflow/airflow_venv/lib/python3.10/site-packages/airflow/example_dags/example_external_task_marker_dag.py
[2024-12-09T15:21:12.257-0300] {logging_mixin.py:188} INFO - [2024-12-09T15:21:12.256-0300] {dag.py:3096} INFO - Sync 2 DAGs
[2024-12-09T15:21:12.266-0300] {logging_mixin.py:188} INFO - [2024-12-09T15:21:12.266-0300] {dag.py:3954} INFO - Setting next_dagrun for example_external_task_marker_child to None, run_after=None
[2024-12-09T15:21:12.269-0300] {logging_mixin.py:188} INFO - [2024-12-09T15:21:12.269-0300] {dag.py:3954} INFO - Setting next_dagrun for example_external_task_marker_parent to None, run_after=None
[2024-12-09T15:21:12.285-0300] {processor.py:183} INFO - Processing /home/beatriz/Documentos/airflow/airflow_venv/lib/python3.10/site-packages/airflow/example_dags/example_external_task_marker_dag.py took 0.058 seconds
[2024-12-09T15:22:11.157-0300] {processor.py:161} INFO - Started process (PID=41494) to work on /home/beatriz/Documentos/airflow/airflow_venv/lib/python3.10/site-packages/airflow/example_dags/example_external_task_marker_dag.py
[2024-12-09T15:22:11.159-0300] {processor.py:830} INFO - Processing file /home/beatriz/Documentos/airflow/airflow_venv/lib/python3.10/site-packages/airflow/example_dags/example_external_task_marker_dag.py for tasks to queue
[2024-12-09T15:22:11.161-0300] {logging_mixin.py:188} INFO - [2024-12-09T15:22:11.160-0300] {dagbag.py:540} INFO - Filling up the DagBag from /home/beatriz/Documentos/airflow/airflow_venv/lib/python3.10/site-packages/airflow/example_dags/example_external_task_marker_dag.py
[2024-12-09T15:22:11.168-0300] {processor.py:840} INFO - DAG(s) 'example_external_task_marker_child', 'example_external_task_marker_parent' retrieved from /home/beatriz/Documentos/airflow/airflow_venv/lib/python3.10/site-packages/airflow/example_dags/example_external_task_marker_dag.py
[2024-12-09T15:22:11.191-0300] {logging_mixin.py:188} INFO - [2024-12-09T15:22:11.191-0300] {dag.py:3096} INFO - Sync 2 DAGs
[2024-12-09T15:22:11.205-0300] {logging_mixin.py:188} INFO - [2024-12-09T15:22:11.205-0300] {dag.py:3954} INFO - Setting next_dagrun for example_external_task_marker_child to None, run_after=None
[2024-12-09T15:22:11.209-0300] {logging_mixin.py:188} INFO - [2024-12-09T15:22:11.209-0300] {dag.py:3954} INFO - Setting next_dagrun for example_external_task_marker_parent to None, run_after=None
[2024-12-09T15:22:11.233-0300] {processor.py:183} INFO - Processing /home/beatriz/Documentos/airflow/airflow_venv/lib/python3.10/site-packages/airflow/example_dags/example_external_task_marker_dag.py took 0.083 seconds
[2024-12-09T15:23:04.934-0300] {processor.py:161} INFO - Started process (PID=42006) to work on /home/beatriz/Documentos/airflow/airflow_venv/lib/python3.10/site-packages/airflow/example_dags/example_external_task_marker_dag.py
[2024-12-09T15:23:04.936-0300] {processor.py:830} INFO - Processing file /home/beatriz/Documentos/airflow/airflow_venv/lib/python3.10/site-packages/airflow/example_dags/example_external_task_marker_dag.py for tasks to queue
[2024-12-09T15:23:04.937-0300] {logging_mixin.py:188} INFO - [2024-12-09T15:23:04.937-0300] {dagbag.py:540} INFO - Filling up the DagBag from /home/beatriz/Documentos/airflow/airflow_venv/lib/python3.10/site-packages/airflow/example_dags/example_external_task_marker_dag.py
[2024-12-09T15:23:04.941-0300] {processor.py:840} INFO - DAG(s) 'example_external_task_marker_child', 'example_external_task_marker_parent' retrieved from /home/beatriz/Documentos/airflow/airflow_venv/lib/python3.10/site-packages/airflow/example_dags/example_external_task_marker_dag.py
[2024-12-09T15:23:04.956-0300] {logging_mixin.py:188} INFO - [2024-12-09T15:23:04.955-0300] {dag.py:3096} INFO - Sync 2 DAGs
[2024-12-09T15:23:04.964-0300] {logging_mixin.py:188} INFO - [2024-12-09T15:23:04.964-0300] {dag.py:3954} INFO - Setting next_dagrun for example_external_task_marker_child to None, run_after=None
[2024-12-09T15:23:04.967-0300] {logging_mixin.py:188} INFO - [2024-12-09T15:23:04.967-0300] {dag.py:3954} INFO - Setting next_dagrun for example_external_task_marker_parent to None, run_after=None
[2024-12-09T15:23:04.983-0300] {processor.py:183} INFO - Processing /home/beatriz/Documentos/airflow/airflow_venv/lib/python3.10/site-packages/airflow/example_dags/example_external_task_marker_dag.py took 0.053 seconds
[2024-12-09T15:23:53.956-0300] {processor.py:161} INFO - Started process (PID=42570) to work on /home/beatriz/Documentos/airflow/airflow_venv/lib/python3.10/site-packages/airflow/example_dags/example_external_task_marker_dag.py
[2024-12-09T15:23:53.956-0300] {processor.py:830} INFO - Processing file /home/beatriz/Documentos/airflow/airflow_venv/lib/python3.10/site-packages/airflow/example_dags/example_external_task_marker_dag.py for tasks to queue
[2024-12-09T15:23:53.957-0300] {logging_mixin.py:188} INFO - [2024-12-09T15:23:53.957-0300] {dagbag.py:540} INFO - Filling up the DagBag from /home/beatriz/Documentos/airflow/airflow_venv/lib/python3.10/site-packages/airflow/example_dags/example_external_task_marker_dag.py
[2024-12-09T15:23:53.962-0300] {processor.py:840} INFO - DAG(s) 'example_external_task_marker_child', 'example_external_task_marker_parent' retrieved from /home/beatriz/Documentos/airflow/airflow_venv/lib/python3.10/site-packages/airflow/example_dags/example_external_task_marker_dag.py
[2024-12-09T15:23:53.975-0300] {logging_mixin.py:188} INFO - [2024-12-09T15:23:53.975-0300] {dag.py:3096} INFO - Sync 2 DAGs
[2024-12-09T15:23:53.984-0300] {logging_mixin.py:188} INFO - [2024-12-09T15:23:53.984-0300] {dag.py:3954} INFO - Setting next_dagrun for example_external_task_marker_child to None, run_after=None
[2024-12-09T15:23:53.987-0300] {logging_mixin.py:188} INFO - [2024-12-09T15:23:53.987-0300] {dag.py:3954} INFO - Setting next_dagrun for example_external_task_marker_parent to None, run_after=None
[2024-12-09T15:23:54.002-0300] {processor.py:183} INFO - Processing /home/beatriz/Documentos/airflow/airflow_venv/lib/python3.10/site-packages/airflow/example_dags/example_external_task_marker_dag.py took 0.051 seconds
[2024-12-09T15:25:02.716-0300] {processor.py:161} INFO - Started process (PID=43460) to work on /home/beatriz/Documentos/airflow/airflow_venv/lib/python3.10/site-packages/airflow/example_dags/example_external_task_marker_dag.py
[2024-12-09T15:25:02.718-0300] {processor.py:830} INFO - Processing file /home/beatriz/Documentos/airflow/airflow_venv/lib/python3.10/site-packages/airflow/example_dags/example_external_task_marker_dag.py for tasks to queue
[2024-12-09T15:25:02.722-0300] {logging_mixin.py:188} INFO - [2024-12-09T15:25:02.721-0300] {dagbag.py:540} INFO - Filling up the DagBag from /home/beatriz/Documentos/airflow/airflow_venv/lib/python3.10/site-packages/airflow/example_dags/example_external_task_marker_dag.py
[2024-12-09T15:25:02.729-0300] {processor.py:840} INFO - DAG(s) 'example_external_task_marker_parent', 'example_external_task_marker_child' retrieved from /home/beatriz/Documentos/airflow/airflow_venv/lib/python3.10/site-packages/airflow/example_dags/example_external_task_marker_dag.py
[2024-12-09T15:25:02.755-0300] {logging_mixin.py:188} INFO - [2024-12-09T15:25:02.755-0300] {dag.py:3096} INFO - Sync 2 DAGs
[2024-12-09T15:25:02.771-0300] {logging_mixin.py:188} INFO - [2024-12-09T15:25:02.771-0300] {dag.py:3954} INFO - Setting next_dagrun for example_external_task_marker_child to None, run_after=None
[2024-12-09T15:25:02.775-0300] {logging_mixin.py:188} INFO - [2024-12-09T15:25:02.774-0300] {dag.py:3954} INFO - Setting next_dagrun for example_external_task_marker_parent to None, run_after=None
[2024-12-09T15:25:02.799-0300] {processor.py:183} INFO - Processing /home/beatriz/Documentos/airflow/airflow_venv/lib/python3.10/site-packages/airflow/example_dags/example_external_task_marker_dag.py took 0.089 seconds
[2024-12-09T15:26:12.444-0300] {processor.py:161} INFO - Started process (PID=43929) to work on /home/beatriz/Documentos/airflow/airflow_venv/lib/python3.10/site-packages/airflow/example_dags/example_external_task_marker_dag.py
[2024-12-09T15:26:12.447-0300] {processor.py:830} INFO - Processing file /home/beatriz/Documentos/airflow/airflow_venv/lib/python3.10/site-packages/airflow/example_dags/example_external_task_marker_dag.py for tasks to queue
[2024-12-09T15:26:12.450-0300] {logging_mixin.py:188} INFO - [2024-12-09T15:26:12.449-0300] {dagbag.py:540} INFO - Filling up the DagBag from /home/beatriz/Documentos/airflow/airflow_venv/lib/python3.10/site-packages/airflow/example_dags/example_external_task_marker_dag.py
[2024-12-09T15:26:12.460-0300] {processor.py:840} INFO - DAG(s) 'example_external_task_marker_child', 'example_external_task_marker_parent' retrieved from /home/beatriz/Documentos/airflow/airflow_venv/lib/python3.10/site-packages/airflow/example_dags/example_external_task_marker_dag.py
[2024-12-09T15:26:12.479-0300] {logging_mixin.py:188} INFO - [2024-12-09T15:26:12.478-0300] {dag.py:3096} INFO - Sync 2 DAGs
[2024-12-09T15:26:12.487-0300] {logging_mixin.py:188} INFO - [2024-12-09T15:26:12.487-0300] {dag.py:3954} INFO - Setting next_dagrun for example_external_task_marker_child to None, run_after=None
[2024-12-09T15:26:12.490-0300] {logging_mixin.py:188} INFO - [2024-12-09T15:26:12.490-0300] {dag.py:3954} INFO - Setting next_dagrun for example_external_task_marker_parent to None, run_after=None
[2024-12-09T15:26:12.505-0300] {processor.py:183} INFO - Processing /home/beatriz/Documentos/airflow/airflow_venv/lib/python3.10/site-packages/airflow/example_dags/example_external_task_marker_dag.py took 0.073 seconds
[2024-12-09T15:27:28.866-0300] {processor.py:161} INFO - Started process (PID=45120) to work on /home/beatriz/Documentos/airflow/airflow_venv/lib/python3.10/site-packages/airflow/example_dags/example_external_task_marker_dag.py
[2024-12-09T15:27:28.867-0300] {processor.py:830} INFO - Processing file /home/beatriz/Documentos/airflow/airflow_venv/lib/python3.10/site-packages/airflow/example_dags/example_external_task_marker_dag.py for tasks to queue
[2024-12-09T15:27:28.868-0300] {logging_mixin.py:188} INFO - [2024-12-09T15:27:28.868-0300] {dagbag.py:540} INFO - Filling up the DagBag from /home/beatriz/Documentos/airflow/airflow_venv/lib/python3.10/site-packages/airflow/example_dags/example_external_task_marker_dag.py
[2024-12-09T15:27:28.874-0300] {processor.py:840} INFO - DAG(s) 'example_external_task_marker_parent', 'example_external_task_marker_child' retrieved from /home/beatriz/Documentos/airflow/airflow_venv/lib/python3.10/site-packages/airflow/example_dags/example_external_task_marker_dag.py
[2024-12-09T15:27:28.891-0300] {logging_mixin.py:188} INFO - [2024-12-09T15:27:28.891-0300] {dag.py:3096} INFO - Sync 2 DAGs
[2024-12-09T15:27:28.901-0300] {logging_mixin.py:188} INFO - [2024-12-09T15:27:28.900-0300] {dag.py:3954} INFO - Setting next_dagrun for example_external_task_marker_child to None, run_after=None
[2024-12-09T15:27:28.904-0300] {logging_mixin.py:188} INFO - [2024-12-09T15:27:28.903-0300] {dag.py:3954} INFO - Setting next_dagrun for example_external_task_marker_parent to None, run_after=None
[2024-12-09T15:27:28.919-0300] {processor.py:183} INFO - Processing /home/beatriz/Documentos/airflow/airflow_venv/lib/python3.10/site-packages/airflow/example_dags/example_external_task_marker_dag.py took 0.059 seconds
[2024-12-09T15:28:21.870-0300] {processor.py:161} INFO - Started process (PID=46466) to work on /home/beatriz/Documentos/airflow/airflow_venv/lib/python3.10/site-packages/airflow/example_dags/example_external_task_marker_dag.py
[2024-12-09T15:28:21.872-0300] {processor.py:830} INFO - Processing file /home/beatriz/Documentos/airflow/airflow_venv/lib/python3.10/site-packages/airflow/example_dags/example_external_task_marker_dag.py for tasks to queue
[2024-12-09T15:28:21.874-0300] {logging_mixin.py:188} INFO - [2024-12-09T15:28:21.874-0300] {dagbag.py:540} INFO - Filling up the DagBag from /home/beatriz/Documentos/airflow/airflow_venv/lib/python3.10/site-packages/airflow/example_dags/example_external_task_marker_dag.py
[2024-12-09T15:28:21.885-0300] {processor.py:840} INFO - DAG(s) 'example_external_task_marker_parent', 'example_external_task_marker_child' retrieved from /home/beatriz/Documentos/airflow/airflow_venv/lib/python3.10/site-packages/airflow/example_dags/example_external_task_marker_dag.py
[2024-12-09T15:28:21.918-0300] {logging_mixin.py:188} INFO - [2024-12-09T15:28:21.918-0300] {dag.py:3096} INFO - Sync 2 DAGs
[2024-12-09T15:28:21.939-0300] {logging_mixin.py:188} INFO - [2024-12-09T15:28:21.939-0300] {dag.py:3954} INFO - Setting next_dagrun for example_external_task_marker_child to None, run_after=None
[2024-12-09T15:28:21.944-0300] {logging_mixin.py:188} INFO - [2024-12-09T15:28:21.943-0300] {dag.py:3954} INFO - Setting next_dagrun for example_external_task_marker_parent to None, run_after=None
[2024-12-09T15:28:21.972-0300] {processor.py:183} INFO - Processing /home/beatriz/Documentos/airflow/airflow_venv/lib/python3.10/site-packages/airflow/example_dags/example_external_task_marker_dag.py took 0.112 seconds
[2024-12-09T15:29:14.436-0300] {processor.py:161} INFO - Started process (PID=47467) to work on /home/beatriz/Documentos/airflow/airflow_venv/lib/python3.10/site-packages/airflow/example_dags/example_external_task_marker_dag.py
[2024-12-09T15:29:14.439-0300] {processor.py:830} INFO - Processing file /home/beatriz/Documentos/airflow/airflow_venv/lib/python3.10/site-packages/airflow/example_dags/example_external_task_marker_dag.py for tasks to queue
[2024-12-09T15:29:14.441-0300] {logging_mixin.py:188} INFO - [2024-12-09T15:29:14.440-0300] {dagbag.py:540} INFO - Filling up the DagBag from /home/beatriz/Documentos/airflow/airflow_venv/lib/python3.10/site-packages/airflow/example_dags/example_external_task_marker_dag.py
[2024-12-09T15:29:14.450-0300] {processor.py:840} INFO - DAG(s) 'example_external_task_marker_child', 'example_external_task_marker_parent' retrieved from /home/beatriz/Documentos/airflow/airflow_venv/lib/python3.10/site-packages/airflow/example_dags/example_external_task_marker_dag.py
[2024-12-09T15:29:14.472-0300] {logging_mixin.py:188} INFO - [2024-12-09T15:29:14.472-0300] {dag.py:3096} INFO - Sync 2 DAGs
[2024-12-09T15:29:14.487-0300] {logging_mixin.py:188} INFO - [2024-12-09T15:29:14.486-0300] {dag.py:3954} INFO - Setting next_dagrun for example_external_task_marker_child to None, run_after=None
[2024-12-09T15:29:14.494-0300] {logging_mixin.py:188} INFO - [2024-12-09T15:29:14.493-0300] {dag.py:3954} INFO - Setting next_dagrun for example_external_task_marker_parent to None, run_after=None
[2024-12-09T15:29:14.528-0300] {processor.py:183} INFO - Processing /home/beatriz/Documentos/airflow/airflow_venv/lib/python3.10/site-packages/airflow/example_dags/example_external_task_marker_dag.py took 0.099 seconds
[2024-12-09T15:30:08.750-0300] {processor.py:161} INFO - Started process (PID=48579) to work on /home/beatriz/Documentos/airflow/airflow_venv/lib/python3.10/site-packages/airflow/example_dags/example_external_task_marker_dag.py
[2024-12-09T15:30:08.751-0300] {processor.py:830} INFO - Processing file /home/beatriz/Documentos/airflow/airflow_venv/lib/python3.10/site-packages/airflow/example_dags/example_external_task_marker_dag.py for tasks to queue
[2024-12-09T15:30:08.752-0300] {logging_mixin.py:188} INFO - [2024-12-09T15:30:08.752-0300] {dagbag.py:540} INFO - Filling up the DagBag from /home/beatriz/Documentos/airflow/airflow_venv/lib/python3.10/site-packages/airflow/example_dags/example_external_task_marker_dag.py
[2024-12-09T15:30:08.758-0300] {processor.py:840} INFO - DAG(s) 'example_external_task_marker_child', 'example_external_task_marker_parent' retrieved from /home/beatriz/Documentos/airflow/airflow_venv/lib/python3.10/site-packages/airflow/example_dags/example_external_task_marker_dag.py
[2024-12-09T15:30:08.773-0300] {logging_mixin.py:188} INFO - [2024-12-09T15:30:08.773-0300] {dag.py:3096} INFO - Sync 2 DAGs
[2024-12-09T15:30:08.782-0300] {logging_mixin.py:188} INFO - [2024-12-09T15:30:08.782-0300] {dag.py:3954} INFO - Setting next_dagrun for example_external_task_marker_child to None, run_after=None
[2024-12-09T15:30:08.785-0300] {logging_mixin.py:188} INFO - [2024-12-09T15:30:08.785-0300] {dag.py:3954} INFO - Setting next_dagrun for example_external_task_marker_parent to None, run_after=None
[2024-12-09T15:30:08.800-0300] {processor.py:183} INFO - Processing /home/beatriz/Documentos/airflow/airflow_venv/lib/python3.10/site-packages/airflow/example_dags/example_external_task_marker_dag.py took 0.054 seconds
[2024-12-09T15:31:00.664-0300] {processor.py:161} INFO - Started process (PID=48924) to work on /home/beatriz/Documentos/airflow/airflow_venv/lib/python3.10/site-packages/airflow/example_dags/example_external_task_marker_dag.py
[2024-12-09T15:31:00.666-0300] {processor.py:830} INFO - Processing file /home/beatriz/Documentos/airflow/airflow_venv/lib/python3.10/site-packages/airflow/example_dags/example_external_task_marker_dag.py for tasks to queue
[2024-12-09T15:31:00.668-0300] {logging_mixin.py:188} INFO - [2024-12-09T15:31:00.668-0300] {dagbag.py:540} INFO - Filling up the DagBag from /home/beatriz/Documentos/airflow/airflow_venv/lib/python3.10/site-packages/airflow/example_dags/example_external_task_marker_dag.py
[2024-12-09T15:31:00.679-0300] {processor.py:840} INFO - DAG(s) 'example_external_task_marker_parent', 'example_external_task_marker_child' retrieved from /home/beatriz/Documentos/airflow/airflow_venv/lib/python3.10/site-packages/airflow/example_dags/example_external_task_marker_dag.py
[2024-12-09T15:31:00.698-0300] {logging_mixin.py:188} INFO - [2024-12-09T15:31:00.698-0300] {dag.py:3096} INFO - Sync 2 DAGs
[2024-12-09T15:31:00.707-0300] {logging_mixin.py:188} INFO - [2024-12-09T15:31:00.707-0300] {dag.py:3954} INFO - Setting next_dagrun for example_external_task_marker_child to None, run_after=None
[2024-12-09T15:31:00.710-0300] {logging_mixin.py:188} INFO - [2024-12-09T15:31:00.710-0300] {dag.py:3954} INFO - Setting next_dagrun for example_external_task_marker_parent to None, run_after=None
[2024-12-09T15:31:00.725-0300] {processor.py:183} INFO - Processing /home/beatriz/Documentos/airflow/airflow_venv/lib/python3.10/site-packages/airflow/example_dags/example_external_task_marker_dag.py took 0.072 seconds
[2024-12-09T15:31:52.125-0300] {processor.py:161} INFO - Started process (PID=49196) to work on /home/beatriz/Documentos/airflow/airflow_venv/lib/python3.10/site-packages/airflow/example_dags/example_external_task_marker_dag.py
[2024-12-09T15:31:52.127-0300] {processor.py:830} INFO - Processing file /home/beatriz/Documentos/airflow/airflow_venv/lib/python3.10/site-packages/airflow/example_dags/example_external_task_marker_dag.py for tasks to queue
[2024-12-09T15:31:52.130-0300] {logging_mixin.py:188} INFO - [2024-12-09T15:31:52.129-0300] {dagbag.py:540} INFO - Filling up the DagBag from /home/beatriz/Documentos/airflow/airflow_venv/lib/python3.10/site-packages/airflow/example_dags/example_external_task_marker_dag.py
[2024-12-09T15:31:52.138-0300] {processor.py:840} INFO - DAG(s) 'example_external_task_marker_child', 'example_external_task_marker_parent' retrieved from /home/beatriz/Documentos/airflow/airflow_venv/lib/python3.10/site-packages/airflow/example_dags/example_external_task_marker_dag.py
[2024-12-09T15:31:52.155-0300] {logging_mixin.py:188} INFO - [2024-12-09T15:31:52.155-0300] {dag.py:3096} INFO - Sync 2 DAGs
[2024-12-09T15:31:52.164-0300] {logging_mixin.py:188} INFO - [2024-12-09T15:31:52.164-0300] {dag.py:3954} INFO - Setting next_dagrun for example_external_task_marker_child to None, run_after=None
[2024-12-09T15:31:52.167-0300] {logging_mixin.py:188} INFO - [2024-12-09T15:31:52.167-0300] {dag.py:3954} INFO - Setting next_dagrun for example_external_task_marker_parent to None, run_after=None
[2024-12-09T15:31:52.184-0300] {processor.py:183} INFO - Processing /home/beatriz/Documentos/airflow/airflow_venv/lib/python3.10/site-packages/airflow/example_dags/example_external_task_marker_dag.py took 0.070 seconds
[2024-12-09T15:32:45.320-0300] {processor.py:161} INFO - Started process (PID=49532) to work on /home/beatriz/Documentos/airflow/airflow_venv/lib/python3.10/site-packages/airflow/example_dags/example_external_task_marker_dag.py
[2024-12-09T15:32:45.321-0300] {processor.py:830} INFO - Processing file /home/beatriz/Documentos/airflow/airflow_venv/lib/python3.10/site-packages/airflow/example_dags/example_external_task_marker_dag.py for tasks to queue
[2024-12-09T15:32:45.323-0300] {logging_mixin.py:188} INFO - [2024-12-09T15:32:45.323-0300] {dagbag.py:540} INFO - Filling up the DagBag from /home/beatriz/Documentos/airflow/airflow_venv/lib/python3.10/site-packages/airflow/example_dags/example_external_task_marker_dag.py
[2024-12-09T15:32:45.330-0300] {processor.py:840} INFO - DAG(s) 'example_external_task_marker_parent', 'example_external_task_marker_child' retrieved from /home/beatriz/Documentos/airflow/airflow_venv/lib/python3.10/site-packages/airflow/example_dags/example_external_task_marker_dag.py
[2024-12-09T15:32:45.346-0300] {logging_mixin.py:188} INFO - [2024-12-09T15:32:45.346-0300] {dag.py:3096} INFO - Sync 2 DAGs
[2024-12-09T15:32:45.355-0300] {logging_mixin.py:188} INFO - [2024-12-09T15:32:45.355-0300] {dag.py:3954} INFO - Setting next_dagrun for example_external_task_marker_child to None, run_after=None
[2024-12-09T15:32:45.359-0300] {logging_mixin.py:188} INFO - [2024-12-09T15:32:45.359-0300] {dag.py:3954} INFO - Setting next_dagrun for example_external_task_marker_parent to None, run_after=None
[2024-12-09T15:32:45.376-0300] {processor.py:183} INFO - Processing /home/beatriz/Documentos/airflow/airflow_venv/lib/python3.10/site-packages/airflow/example_dags/example_external_task_marker_dag.py took 0.063 seconds
[2024-12-09T15:33:41.841-0300] {processor.py:161} INFO - Started process (PID=50267) to work on /home/beatriz/Documentos/airflow/airflow_venv/lib/python3.10/site-packages/airflow/example_dags/example_external_task_marker_dag.py
[2024-12-09T15:33:41.843-0300] {processor.py:830} INFO - Processing file /home/beatriz/Documentos/airflow/airflow_venv/lib/python3.10/site-packages/airflow/example_dags/example_external_task_marker_dag.py for tasks to queue
[2024-12-09T15:33:41.844-0300] {logging_mixin.py:188} INFO - [2024-12-09T15:33:41.843-0300] {dagbag.py:540} INFO - Filling up the DagBag from /home/beatriz/Documentos/airflow/airflow_venv/lib/python3.10/site-packages/airflow/example_dags/example_external_task_marker_dag.py
[2024-12-09T15:33:41.848-0300] {processor.py:840} INFO - DAG(s) 'example_external_task_marker_parent', 'example_external_task_marker_child' retrieved from /home/beatriz/Documentos/airflow/airflow_venv/lib/python3.10/site-packages/airflow/example_dags/example_external_task_marker_dag.py
[2024-12-09T15:33:41.923-0300] {logging_mixin.py:188} INFO - [2024-12-09T15:33:41.923-0300] {dag.py:3096} INFO - Sync 2 DAGs
[2024-12-09T15:33:41.931-0300] {logging_mixin.py:188} INFO - [2024-12-09T15:33:41.931-0300] {dag.py:3954} INFO - Setting next_dagrun for example_external_task_marker_child to None, run_after=None
[2024-12-09T15:33:41.933-0300] {logging_mixin.py:188} INFO - [2024-12-09T15:33:41.933-0300] {dag.py:3954} INFO - Setting next_dagrun for example_external_task_marker_parent to None, run_after=None
[2024-12-09T15:33:41.949-0300] {processor.py:183} INFO - Processing /home/beatriz/Documentos/airflow/airflow_venv/lib/python3.10/site-packages/airflow/example_dags/example_external_task_marker_dag.py took 0.112 seconds
[2024-12-09T15:33:50.890-0300] {processor.py:161} INFO - Started process (PID=50286) to work on /home/beatriz/Documentos/airflow/airflow_venv/lib/python3.10/site-packages/airflow/example_dags/example_external_task_marker_dag.py
[2024-12-09T15:33:50.891-0300] {processor.py:830} INFO - Processing file /home/beatriz/Documentos/airflow/airflow_venv/lib/python3.10/site-packages/airflow/example_dags/example_external_task_marker_dag.py for tasks to queue
[2024-12-09T15:33:50.894-0300] {logging_mixin.py:188} INFO - [2024-12-09T15:33:50.893-0300] {dagbag.py:540} INFO - Filling up the DagBag from /home/beatriz/Documentos/airflow/airflow_venv/lib/python3.10/site-packages/airflow/example_dags/example_external_task_marker_dag.py
[2024-12-09T15:33:50.903-0300] {processor.py:840} INFO - DAG(s) 'example_external_task_marker_child', 'example_external_task_marker_parent' retrieved from /home/beatriz/Documentos/airflow/airflow_venv/lib/python3.10/site-packages/airflow/example_dags/example_external_task_marker_dag.py
[2024-12-09T15:33:50.914-0300] {logging_mixin.py:188} INFO - [2024-12-09T15:33:50.914-0300] {dag.py:3096} INFO - Sync 2 DAGs
[2024-12-09T15:33:50.925-0300] {logging_mixin.py:188} INFO - [2024-12-09T15:33:50.925-0300] {dag.py:3954} INFO - Setting next_dagrun for example_external_task_marker_child to None, run_after=None
[2024-12-09T15:33:50.930-0300] {logging_mixin.py:188} INFO - [2024-12-09T15:33:50.930-0300] {dag.py:3954} INFO - Setting next_dagrun for example_external_task_marker_parent to None, run_after=None
[2024-12-09T15:33:50.946-0300] {processor.py:183} INFO - Processing /home/beatriz/Documentos/airflow/airflow_venv/lib/python3.10/site-packages/airflow/example_dags/example_external_task_marker_dag.py took 0.067 seconds
[2024-12-09T15:34:38.332-0300] {processor.py:161} INFO - Started process (PID=50895) to work on /home/beatriz/Documentos/airflow/airflow_venv/lib/python3.10/site-packages/airflow/example_dags/example_external_task_marker_dag.py
[2024-12-09T15:34:38.334-0300] {processor.py:830} INFO - Processing file /home/beatriz/Documentos/airflow/airflow_venv/lib/python3.10/site-packages/airflow/example_dags/example_external_task_marker_dag.py for tasks to queue
[2024-12-09T15:34:38.336-0300] {logging_mixin.py:188} INFO - [2024-12-09T15:34:38.335-0300] {dagbag.py:540} INFO - Filling up the DagBag from /home/beatriz/Documentos/airflow/airflow_venv/lib/python3.10/site-packages/airflow/example_dags/example_external_task_marker_dag.py
[2024-12-09T15:34:38.342-0300] {processor.py:840} INFO - DAG(s) 'example_external_task_marker_parent', 'example_external_task_marker_child' retrieved from /home/beatriz/Documentos/airflow/airflow_venv/lib/python3.10/site-packages/airflow/example_dags/example_external_task_marker_dag.py
[2024-12-09T15:34:38.357-0300] {logging_mixin.py:188} INFO - [2024-12-09T15:34:38.357-0300] {dag.py:3096} INFO - Sync 2 DAGs
[2024-12-09T15:34:38.366-0300] {logging_mixin.py:188} INFO - [2024-12-09T15:34:38.366-0300] {dag.py:3954} INFO - Setting next_dagrun for example_external_task_marker_child to None, run_after=None
[2024-12-09T15:34:38.369-0300] {logging_mixin.py:188} INFO - [2024-12-09T15:34:38.369-0300] {dag.py:3954} INFO - Setting next_dagrun for example_external_task_marker_parent to None, run_after=None
[2024-12-09T15:34:38.384-0300] {processor.py:183} INFO - Processing /home/beatriz/Documentos/airflow/airflow_venv/lib/python3.10/site-packages/airflow/example_dags/example_external_task_marker_dag.py took 0.056 seconds
[2024-12-09T15:35:29.972-0300] {processor.py:161} INFO - Started process (PID=51188) to work on /home/beatriz/Documentos/airflow/airflow_venv/lib/python3.10/site-packages/airflow/example_dags/example_external_task_marker_dag.py
[2024-12-09T15:35:29.974-0300] {processor.py:830} INFO - Processing file /home/beatriz/Documentos/airflow/airflow_venv/lib/python3.10/site-packages/airflow/example_dags/example_external_task_marker_dag.py for tasks to queue
[2024-12-09T15:35:29.975-0300] {logging_mixin.py:188} INFO - [2024-12-09T15:35:29.975-0300] {dagbag.py:540} INFO - Filling up the DagBag from /home/beatriz/Documentos/airflow/airflow_venv/lib/python3.10/site-packages/airflow/example_dags/example_external_task_marker_dag.py
[2024-12-09T15:35:29.979-0300] {processor.py:840} INFO - DAG(s) 'example_external_task_marker_parent', 'example_external_task_marker_child' retrieved from /home/beatriz/Documentos/airflow/airflow_venv/lib/python3.10/site-packages/airflow/example_dags/example_external_task_marker_dag.py
[2024-12-09T15:35:29.994-0300] {logging_mixin.py:188} INFO - [2024-12-09T15:35:29.994-0300] {dag.py:3096} INFO - Sync 2 DAGs
[2024-12-09T15:35:30.003-0300] {logging_mixin.py:188} INFO - [2024-12-09T15:35:30.003-0300] {dag.py:3954} INFO - Setting next_dagrun for example_external_task_marker_child to None, run_after=None
[2024-12-09T15:35:30.006-0300] {logging_mixin.py:188} INFO - [2024-12-09T15:35:30.006-0300] {dag.py:3954} INFO - Setting next_dagrun for example_external_task_marker_parent to None, run_after=None
[2024-12-09T15:35:30.021-0300] {processor.py:183} INFO - Processing /home/beatriz/Documentos/airflow/airflow_venv/lib/python3.10/site-packages/airflow/example_dags/example_external_task_marker_dag.py took 0.054 seconds
[2024-12-09T15:36:42.718-0300] {processor.py:161} INFO - Started process (PID=51452) to work on /home/beatriz/Documentos/airflow/airflow_venv/lib/python3.10/site-packages/airflow/example_dags/example_external_task_marker_dag.py
[2024-12-09T15:36:42.719-0300] {processor.py:830} INFO - Processing file /home/beatriz/Documentos/airflow/airflow_venv/lib/python3.10/site-packages/airflow/example_dags/example_external_task_marker_dag.py for tasks to queue
[2024-12-09T15:36:42.720-0300] {logging_mixin.py:188} INFO - [2024-12-09T15:36:42.720-0300] {dagbag.py:540} INFO - Filling up the DagBag from /home/beatriz/Documentos/airflow/airflow_venv/lib/python3.10/site-packages/airflow/example_dags/example_external_task_marker_dag.py
[2024-12-09T15:36:42.725-0300] {processor.py:840} INFO - DAG(s) 'example_external_task_marker_parent', 'example_external_task_marker_child' retrieved from /home/beatriz/Documentos/airflow/airflow_venv/lib/python3.10/site-packages/airflow/example_dags/example_external_task_marker_dag.py
[2024-12-09T15:36:42.743-0300] {logging_mixin.py:188} INFO - [2024-12-09T15:36:42.743-0300] {dag.py:3096} INFO - Sync 2 DAGs
[2024-12-09T15:36:42.753-0300] {logging_mixin.py:188} INFO - [2024-12-09T15:36:42.753-0300] {dag.py:3954} INFO - Setting next_dagrun for example_external_task_marker_child to None, run_after=None
[2024-12-09T15:36:42.756-0300] {logging_mixin.py:188} INFO - [2024-12-09T15:36:42.755-0300] {dag.py:3954} INFO - Setting next_dagrun for example_external_task_marker_parent to None, run_after=None
[2024-12-09T15:36:42.771-0300] {processor.py:183} INFO - Processing /home/beatriz/Documentos/airflow/airflow_venv/lib/python3.10/site-packages/airflow/example_dags/example_external_task_marker_dag.py took 0.058 seconds
[2024-12-09T15:43:39.180-0300] {processor.py:161} INFO - Started process (PID=6090) to work on /home/beatriz/Documentos/airflow/airflow_venv/lib/python3.10/site-packages/airflow/example_dags/example_external_task_marker_dag.py
[2024-12-09T15:43:39.181-0300] {processor.py:830} INFO - Processing file /home/beatriz/Documentos/airflow/airflow_venv/lib/python3.10/site-packages/airflow/example_dags/example_external_task_marker_dag.py for tasks to queue
[2024-12-09T15:43:39.183-0300] {logging_mixin.py:188} INFO - [2024-12-09T15:43:39.182-0300] {dagbag.py:540} INFO - Filling up the DagBag from /home/beatriz/Documentos/airflow/airflow_venv/lib/python3.10/site-packages/airflow/example_dags/example_external_task_marker_dag.py
[2024-12-09T15:43:39.191-0300] {processor.py:840} INFO - DAG(s) 'example_external_task_marker_parent', 'example_external_task_marker_child' retrieved from /home/beatriz/Documentos/airflow/airflow_venv/lib/python3.10/site-packages/airflow/example_dags/example_external_task_marker_dag.py
[2024-12-09T15:43:39.272-0300] {logging_mixin.py:188} INFO - [2024-12-09T15:43:39.272-0300] {dag.py:3096} INFO - Sync 2 DAGs
[2024-12-09T15:43:39.280-0300] {logging_mixin.py:188} INFO - [2024-12-09T15:43:39.280-0300] {dag.py:3954} INFO - Setting next_dagrun for example_external_task_marker_child to None, run_after=None
[2024-12-09T15:43:39.282-0300] {logging_mixin.py:188} INFO - [2024-12-09T15:43:39.282-0300] {dag.py:3954} INFO - Setting next_dagrun for example_external_task_marker_parent to None, run_after=None
[2024-12-09T15:43:39.302-0300] {processor.py:183} INFO - Processing /home/beatriz/Documentos/airflow/airflow_venv/lib/python3.10/site-packages/airflow/example_dags/example_external_task_marker_dag.py took 0.129 seconds
[2024-12-09T15:50:56.169-0300] {processor.py:161} INFO - Started process (PID=8126) to work on /home/beatriz/Documentos/airflow/airflow_venv/lib/python3.10/site-packages/airflow/example_dags/example_external_task_marker_dag.py
[2024-12-09T15:50:56.169-0300] {processor.py:830} INFO - Processing file /home/beatriz/Documentos/airflow/airflow_venv/lib/python3.10/site-packages/airflow/example_dags/example_external_task_marker_dag.py for tasks to queue
[2024-12-09T15:50:56.171-0300] {logging_mixin.py:188} INFO - [2024-12-09T15:50:56.171-0300] {dagbag.py:540} INFO - Filling up the DagBag from /home/beatriz/Documentos/airflow/airflow_venv/lib/python3.10/site-packages/airflow/example_dags/example_external_task_marker_dag.py
[2024-12-09T15:50:56.178-0300] {processor.py:840} INFO - DAG(s) 'example_external_task_marker_child', 'example_external_task_marker_parent' retrieved from /home/beatriz/Documentos/airflow/airflow_venv/lib/python3.10/site-packages/airflow/example_dags/example_external_task_marker_dag.py
[2024-12-09T15:50:56.298-0300] {logging_mixin.py:188} INFO - [2024-12-09T15:50:56.298-0300] {dag.py:3096} INFO - Sync 2 DAGs
[2024-12-09T15:50:56.307-0300] {logging_mixin.py:188} INFO - [2024-12-09T15:50:56.306-0300] {dag.py:3954} INFO - Setting next_dagrun for example_external_task_marker_child to None, run_after=None
[2024-12-09T15:50:56.310-0300] {logging_mixin.py:188} INFO - [2024-12-09T15:50:56.309-0300] {dag.py:3954} INFO - Setting next_dagrun for example_external_task_marker_parent to None, run_after=None
[2024-12-09T15:50:56.333-0300] {processor.py:183} INFO - Processing /home/beatriz/Documentos/airflow/airflow_venv/lib/python3.10/site-packages/airflow/example_dags/example_external_task_marker_dag.py took 0.169 seconds
[2024-12-09T15:51:58.246-0300] {processor.py:161} INFO - Started process (PID=8561) to work on /home/beatriz/Documentos/airflow/airflow_venv/lib/python3.10/site-packages/airflow/example_dags/example_external_task_marker_dag.py
[2024-12-09T15:51:58.248-0300] {processor.py:830} INFO - Processing file /home/beatriz/Documentos/airflow/airflow_venv/lib/python3.10/site-packages/airflow/example_dags/example_external_task_marker_dag.py for tasks to queue
[2024-12-09T15:51:58.252-0300] {logging_mixin.py:188} INFO - [2024-12-09T15:51:58.251-0300] {dagbag.py:540} INFO - Filling up the DagBag from /home/beatriz/Documentos/airflow/airflow_venv/lib/python3.10/site-packages/airflow/example_dags/example_external_task_marker_dag.py
[2024-12-09T15:51:58.263-0300] {processor.py:840} INFO - DAG(s) 'example_external_task_marker_child', 'example_external_task_marker_parent' retrieved from /home/beatriz/Documentos/airflow/airflow_venv/lib/python3.10/site-packages/airflow/example_dags/example_external_task_marker_dag.py
[2024-12-09T15:51:58.282-0300] {logging_mixin.py:188} INFO - [2024-12-09T15:51:58.281-0300] {dag.py:3096} INFO - Sync 2 DAGs
[2024-12-09T15:51:58.292-0300] {logging_mixin.py:188} INFO - [2024-12-09T15:51:58.291-0300] {dag.py:3954} INFO - Setting next_dagrun for example_external_task_marker_child to None, run_after=None
[2024-12-09T15:51:58.294-0300] {logging_mixin.py:188} INFO - [2024-12-09T15:51:58.294-0300] {dag.py:3954} INFO - Setting next_dagrun for example_external_task_marker_parent to None, run_after=None
[2024-12-09T15:51:58.311-0300] {processor.py:183} INFO - Processing /home/beatriz/Documentos/airflow/airflow_venv/lib/python3.10/site-packages/airflow/example_dags/example_external_task_marker_dag.py took 0.076 seconds
[2024-12-09T15:52:55.123-0300] {processor.py:161} INFO - Started process (PID=9019) to work on /home/beatriz/Documentos/airflow/airflow_venv/lib/python3.10/site-packages/airflow/example_dags/example_external_task_marker_dag.py
[2024-12-09T15:52:55.125-0300] {processor.py:830} INFO - Processing file /home/beatriz/Documentos/airflow/airflow_venv/lib/python3.10/site-packages/airflow/example_dags/example_external_task_marker_dag.py for tasks to queue
[2024-12-09T15:52:55.127-0300] {logging_mixin.py:188} INFO - [2024-12-09T15:52:55.126-0300] {dagbag.py:540} INFO - Filling up the DagBag from /home/beatriz/Documentos/airflow/airflow_venv/lib/python3.10/site-packages/airflow/example_dags/example_external_task_marker_dag.py
[2024-12-09T15:52:55.132-0300] {processor.py:840} INFO - DAG(s) 'example_external_task_marker_child', 'example_external_task_marker_parent' retrieved from /home/beatriz/Documentos/airflow/airflow_venv/lib/python3.10/site-packages/airflow/example_dags/example_external_task_marker_dag.py
[2024-12-09T15:52:55.148-0300] {logging_mixin.py:188} INFO - [2024-12-09T15:52:55.148-0300] {dag.py:3096} INFO - Sync 2 DAGs
[2024-12-09T15:52:55.157-0300] {logging_mixin.py:188} INFO - [2024-12-09T15:52:55.157-0300] {dag.py:3954} INFO - Setting next_dagrun for example_external_task_marker_child to None, run_after=None
[2024-12-09T15:52:55.160-0300] {logging_mixin.py:188} INFO - [2024-12-09T15:52:55.160-0300] {dag.py:3954} INFO - Setting next_dagrun for example_external_task_marker_parent to None, run_after=None
[2024-12-09T15:52:55.175-0300] {processor.py:183} INFO - Processing /home/beatriz/Documentos/airflow/airflow_venv/lib/python3.10/site-packages/airflow/example_dags/example_external_task_marker_dag.py took 0.056 seconds
[2024-12-09T15:53:54.467-0300] {processor.py:161} INFO - Started process (PID=9462) to work on /home/beatriz/Documentos/airflow/airflow_venv/lib/python3.10/site-packages/airflow/example_dags/example_external_task_marker_dag.py
[2024-12-09T15:53:54.470-0300] {processor.py:830} INFO - Processing file /home/beatriz/Documentos/airflow/airflow_venv/lib/python3.10/site-packages/airflow/example_dags/example_external_task_marker_dag.py for tasks to queue
[2024-12-09T15:53:54.473-0300] {logging_mixin.py:188} INFO - [2024-12-09T15:53:54.472-0300] {dagbag.py:540} INFO - Filling up the DagBag from /home/beatriz/Documentos/airflow/airflow_venv/lib/python3.10/site-packages/airflow/example_dags/example_external_task_marker_dag.py
[2024-12-09T15:53:54.483-0300] {processor.py:840} INFO - DAG(s) 'example_external_task_marker_child', 'example_external_task_marker_parent' retrieved from /home/beatriz/Documentos/airflow/airflow_venv/lib/python3.10/site-packages/airflow/example_dags/example_external_task_marker_dag.py
[2024-12-09T15:53:54.504-0300] {logging_mixin.py:188} INFO - [2024-12-09T15:53:54.504-0300] {dag.py:3096} INFO - Sync 2 DAGs
[2024-12-09T15:53:54.513-0300] {logging_mixin.py:188} INFO - [2024-12-09T15:53:54.513-0300] {dag.py:3954} INFO - Setting next_dagrun for example_external_task_marker_child to None, run_after=None
[2024-12-09T15:53:54.516-0300] {logging_mixin.py:188} INFO - [2024-12-09T15:53:54.515-0300] {dag.py:3954} INFO - Setting next_dagrun for example_external_task_marker_parent to None, run_after=None
[2024-12-09T15:53:54.531-0300] {processor.py:183} INFO - Processing /home/beatriz/Documentos/airflow/airflow_venv/lib/python3.10/site-packages/airflow/example_dags/example_external_task_marker_dag.py took 0.075 seconds
[2024-12-09T15:54:50.222-0300] {processor.py:161} INFO - Started process (PID=10036) to work on /home/beatriz/Documentos/airflow/airflow_venv/lib/python3.10/site-packages/airflow/example_dags/example_external_task_marker_dag.py
[2024-12-09T15:54:50.224-0300] {processor.py:830} INFO - Processing file /home/beatriz/Documentos/airflow/airflow_venv/lib/python3.10/site-packages/airflow/example_dags/example_external_task_marker_dag.py for tasks to queue
[2024-12-09T15:54:50.227-0300] {logging_mixin.py:188} INFO - [2024-12-09T15:54:50.226-0300] {dagbag.py:540} INFO - Filling up the DagBag from /home/beatriz/Documentos/airflow/airflow_venv/lib/python3.10/site-packages/airflow/example_dags/example_external_task_marker_dag.py
[2024-12-09T15:54:50.237-0300] {processor.py:840} INFO - DAG(s) 'example_external_task_marker_parent', 'example_external_task_marker_child' retrieved from /home/beatriz/Documentos/airflow/airflow_venv/lib/python3.10/site-packages/airflow/example_dags/example_external_task_marker_dag.py
[2024-12-09T15:54:50.256-0300] {logging_mixin.py:188} INFO - [2024-12-09T15:54:50.255-0300] {dag.py:3096} INFO - Sync 2 DAGs
[2024-12-09T15:54:50.265-0300] {logging_mixin.py:188} INFO - [2024-12-09T15:54:50.265-0300] {dag.py:3954} INFO - Setting next_dagrun for example_external_task_marker_child to None, run_after=None
[2024-12-09T15:54:50.267-0300] {logging_mixin.py:188} INFO - [2024-12-09T15:54:50.267-0300] {dag.py:3954} INFO - Setting next_dagrun for example_external_task_marker_parent to None, run_after=None
[2024-12-09T15:54:50.283-0300] {processor.py:183} INFO - Processing /home/beatriz/Documentos/airflow/airflow_venv/lib/python3.10/site-packages/airflow/example_dags/example_external_task_marker_dag.py took 0.073 seconds
[2024-12-09T15:57:03.967-0300] {processor.py:161} INFO - Started process (PID=12007) to work on /home/beatriz/Documentos/airflow/airflow_venv/lib/python3.10/site-packages/airflow/example_dags/example_external_task_marker_dag.py
[2024-12-09T15:57:03.969-0300] {processor.py:830} INFO - Processing file /home/beatriz/Documentos/airflow/airflow_venv/lib/python3.10/site-packages/airflow/example_dags/example_external_task_marker_dag.py for tasks to queue
[2024-12-09T15:57:03.970-0300] {logging_mixin.py:188} INFO - [2024-12-09T15:57:03.970-0300] {dagbag.py:540} INFO - Filling up the DagBag from /home/beatriz/Documentos/airflow/airflow_venv/lib/python3.10/site-packages/airflow/example_dags/example_external_task_marker_dag.py
[2024-12-09T15:57:03.975-0300] {processor.py:840} INFO - DAG(s) 'example_external_task_marker_child', 'example_external_task_marker_parent' retrieved from /home/beatriz/Documentos/airflow/airflow_venv/lib/python3.10/site-packages/airflow/example_dags/example_external_task_marker_dag.py
[2024-12-09T15:57:04.049-0300] {logging_mixin.py:188} INFO - [2024-12-09T15:57:04.049-0300] {dag.py:3096} INFO - Sync 2 DAGs
[2024-12-09T15:57:04.056-0300] {logging_mixin.py:188} INFO - [2024-12-09T15:57:04.056-0300] {dag.py:3954} INFO - Setting next_dagrun for example_external_task_marker_child to None, run_after=None
[2024-12-09T15:57:04.058-0300] {logging_mixin.py:188} INFO - [2024-12-09T15:57:04.058-0300] {dag.py:3954} INFO - Setting next_dagrun for example_external_task_marker_parent to None, run_after=None
[2024-12-09T15:57:04.075-0300] {processor.py:183} INFO - Processing /home/beatriz/Documentos/airflow/airflow_venv/lib/python3.10/site-packages/airflow/example_dags/example_external_task_marker_dag.py took 0.112 seconds
[2024-12-09T15:59:39.668-0300] {processor.py:161} INFO - Started process (PID=15669) to work on /home/beatriz/Documentos/airflow/airflow_venv/lib/python3.10/site-packages/airflow/example_dags/example_external_task_marker_dag.py
[2024-12-09T15:59:39.671-0300] {processor.py:830} INFO - Processing file /home/beatriz/Documentos/airflow/airflow_venv/lib/python3.10/site-packages/airflow/example_dags/example_external_task_marker_dag.py for tasks to queue
[2024-12-09T15:59:39.673-0300] {logging_mixin.py:188} INFO - [2024-12-09T15:59:39.672-0300] {dagbag.py:540} INFO - Filling up the DagBag from /home/beatriz/Documentos/airflow/airflow_venv/lib/python3.10/site-packages/airflow/example_dags/example_external_task_marker_dag.py
[2024-12-09T15:59:39.682-0300] {processor.py:840} INFO - DAG(s) 'example_external_task_marker_parent', 'example_external_task_marker_child' retrieved from /home/beatriz/Documentos/airflow/airflow_venv/lib/python3.10/site-packages/airflow/example_dags/example_external_task_marker_dag.py
[2024-12-09T15:59:39.702-0300] {logging_mixin.py:188} INFO - [2024-12-09T15:59:39.702-0300] {dag.py:3096} INFO - Sync 2 DAGs
[2024-12-09T15:59:39.712-0300] {logging_mixin.py:188} INFO - [2024-12-09T15:59:39.711-0300] {dag.py:3954} INFO - Setting next_dagrun for example_external_task_marker_child to None, run_after=None
[2024-12-09T15:59:39.714-0300] {logging_mixin.py:188} INFO - [2024-12-09T15:59:39.714-0300] {dag.py:3954} INFO - Setting next_dagrun for example_external_task_marker_parent to None, run_after=None
[2024-12-09T15:59:39.731-0300] {processor.py:183} INFO - Processing /home/beatriz/Documentos/airflow/airflow_venv/lib/python3.10/site-packages/airflow/example_dags/example_external_task_marker_dag.py took 0.072 seconds
[2024-12-09T16:00:39.953-0300] {processor.py:161} INFO - Started process (PID=16579) to work on /home/beatriz/Documentos/airflow/airflow_venv/lib/python3.10/site-packages/airflow/example_dags/example_external_task_marker_dag.py
[2024-12-09T16:00:39.955-0300] {processor.py:830} INFO - Processing file /home/beatriz/Documentos/airflow/airflow_venv/lib/python3.10/site-packages/airflow/example_dags/example_external_task_marker_dag.py for tasks to queue
[2024-12-09T16:00:39.956-0300] {logging_mixin.py:188} INFO - [2024-12-09T16:00:39.956-0300] {dagbag.py:540} INFO - Filling up the DagBag from /home/beatriz/Documentos/airflow/airflow_venv/lib/python3.10/site-packages/airflow/example_dags/example_external_task_marker_dag.py
[2024-12-09T16:00:39.961-0300] {processor.py:840} INFO - DAG(s) 'example_external_task_marker_child', 'example_external_task_marker_parent' retrieved from /home/beatriz/Documentos/airflow/airflow_venv/lib/python3.10/site-packages/airflow/example_dags/example_external_task_marker_dag.py
[2024-12-09T16:00:39.979-0300] {logging_mixin.py:188} INFO - [2024-12-09T16:00:39.979-0300] {dag.py:3096} INFO - Sync 2 DAGs
[2024-12-09T16:00:39.988-0300] {logging_mixin.py:188} INFO - [2024-12-09T16:00:39.988-0300] {dag.py:3954} INFO - Setting next_dagrun for example_external_task_marker_child to None, run_after=None
[2024-12-09T16:00:39.990-0300] {logging_mixin.py:188} INFO - [2024-12-09T16:00:39.990-0300] {dag.py:3954} INFO - Setting next_dagrun for example_external_task_marker_parent to None, run_after=None
[2024-12-09T16:00:40.007-0300] {processor.py:183} INFO - Processing /home/beatriz/Documentos/airflow/airflow_venv/lib/python3.10/site-packages/airflow/example_dags/example_external_task_marker_dag.py took 0.059 seconds
[2024-12-09T16:28:45.777-0300] {processor.py:161} INFO - Started process (PID=20494) to work on /home/beatriz/Documentos/airflow/airflow_venv/lib/python3.10/site-packages/airflow/example_dags/example_external_task_marker_dag.py
[2024-12-09T16:28:45.779-0300] {processor.py:830} INFO - Processing file /home/beatriz/Documentos/airflow/airflow_venv/lib/python3.10/site-packages/airflow/example_dags/example_external_task_marker_dag.py for tasks to queue
[2024-12-09T16:28:45.782-0300] {logging_mixin.py:188} INFO - [2024-12-09T16:28:45.781-0300] {dagbag.py:540} INFO - Filling up the DagBag from /home/beatriz/Documentos/airflow/airflow_venv/lib/python3.10/site-packages/airflow/example_dags/example_external_task_marker_dag.py
[2024-12-09T16:28:45.794-0300] {processor.py:840} INFO - DAG(s) 'example_external_task_marker_parent', 'example_external_task_marker_child' retrieved from /home/beatriz/Documentos/airflow/airflow_venv/lib/python3.10/site-packages/airflow/example_dags/example_external_task_marker_dag.py
[2024-12-09T16:28:45.886-0300] {logging_mixin.py:188} INFO - [2024-12-09T16:28:45.886-0300] {dag.py:3096} INFO - Sync 2 DAGs
[2024-12-09T16:28:45.895-0300] {logging_mixin.py:188} INFO - [2024-12-09T16:28:45.894-0300] {dag.py:3954} INFO - Setting next_dagrun for example_external_task_marker_child to None, run_after=None
[2024-12-09T16:28:45.897-0300] {logging_mixin.py:188} INFO - [2024-12-09T16:28:45.897-0300] {dag.py:3954} INFO - Setting next_dagrun for example_external_task_marker_parent to None, run_after=None
[2024-12-09T16:28:45.916-0300] {processor.py:183} INFO - Processing /home/beatriz/Documentos/airflow/airflow_venv/lib/python3.10/site-packages/airflow/example_dags/example_external_task_marker_dag.py took 0.149 seconds
[2024-12-09T16:29:56.065-0300] {processor.py:161} INFO - Started process (PID=21670) to work on /home/beatriz/Documentos/airflow/airflow_venv/lib/python3.10/site-packages/airflow/example_dags/example_external_task_marker_dag.py
[2024-12-09T16:29:56.067-0300] {processor.py:830} INFO - Processing file /home/beatriz/Documentos/airflow/airflow_venv/lib/python3.10/site-packages/airflow/example_dags/example_external_task_marker_dag.py for tasks to queue
[2024-12-09T16:29:56.068-0300] {logging_mixin.py:188} INFO - [2024-12-09T16:29:56.068-0300] {dagbag.py:540} INFO - Filling up the DagBag from /home/beatriz/Documentos/airflow/airflow_venv/lib/python3.10/site-packages/airflow/example_dags/example_external_task_marker_dag.py
[2024-12-09T16:29:56.074-0300] {processor.py:840} INFO - DAG(s) 'example_external_task_marker_child', 'example_external_task_marker_parent' retrieved from /home/beatriz/Documentos/airflow/airflow_venv/lib/python3.10/site-packages/airflow/example_dags/example_external_task_marker_dag.py
[2024-12-09T16:29:56.089-0300] {logging_mixin.py:188} INFO - [2024-12-09T16:29:56.089-0300] {dag.py:3096} INFO - Sync 2 DAGs
[2024-12-09T16:29:56.100-0300] {logging_mixin.py:188} INFO - [2024-12-09T16:29:56.099-0300] {dag.py:3954} INFO - Setting next_dagrun for example_external_task_marker_child to None, run_after=None
[2024-12-09T16:29:56.103-0300] {logging_mixin.py:188} INFO - [2024-12-09T16:29:56.103-0300] {dag.py:3954} INFO - Setting next_dagrun for example_external_task_marker_parent to None, run_after=None
[2024-12-09T16:29:56.121-0300] {processor.py:183} INFO - Processing /home/beatriz/Documentos/airflow/airflow_venv/lib/python3.10/site-packages/airflow/example_dags/example_external_task_marker_dag.py took 0.062 seconds
[2024-12-09T16:47:19.322-0300] {processor.py:161} INFO - Started process (PID=24249) to work on /home/beatriz/Documentos/airflow/airflow_venv/lib/python3.10/site-packages/airflow/example_dags/example_external_task_marker_dag.py
[2024-12-09T16:47:19.323-0300] {processor.py:830} INFO - Processing file /home/beatriz/Documentos/airflow/airflow_venv/lib/python3.10/site-packages/airflow/example_dags/example_external_task_marker_dag.py for tasks to queue
[2024-12-09T16:47:19.324-0300] {logging_mixin.py:188} INFO - [2024-12-09T16:47:19.324-0300] {dagbag.py:540} INFO - Filling up the DagBag from /home/beatriz/Documentos/airflow/airflow_venv/lib/python3.10/site-packages/airflow/example_dags/example_external_task_marker_dag.py
[2024-12-09T16:47:19.330-0300] {processor.py:840} INFO - DAG(s) 'example_external_task_marker_child', 'example_external_task_marker_parent' retrieved from /home/beatriz/Documentos/airflow/airflow_venv/lib/python3.10/site-packages/airflow/example_dags/example_external_task_marker_dag.py
[2024-12-09T16:47:19.410-0300] {logging_mixin.py:188} INFO - [2024-12-09T16:47:19.410-0300] {dag.py:3096} INFO - Sync 2 DAGs
[2024-12-09T16:47:19.419-0300] {logging_mixin.py:188} INFO - [2024-12-09T16:47:19.418-0300] {dag.py:3954} INFO - Setting next_dagrun for example_external_task_marker_child to None, run_after=None
[2024-12-09T16:47:19.421-0300] {logging_mixin.py:188} INFO - [2024-12-09T16:47:19.421-0300] {dag.py:3954} INFO - Setting next_dagrun for example_external_task_marker_parent to None, run_after=None
[2024-12-09T16:47:19.440-0300] {processor.py:183} INFO - Processing /home/beatriz/Documentos/airflow/airflow_venv/lib/python3.10/site-packages/airflow/example_dags/example_external_task_marker_dag.py took 0.123 seconds
[2024-12-09T16:48:17.303-0300] {processor.py:161} INFO - Started process (PID=24867) to work on /home/beatriz/Documentos/airflow/airflow_venv/lib/python3.10/site-packages/airflow/example_dags/example_external_task_marker_dag.py
[2024-12-09T16:48:17.305-0300] {processor.py:830} INFO - Processing file /home/beatriz/Documentos/airflow/airflow_venv/lib/python3.10/site-packages/airflow/example_dags/example_external_task_marker_dag.py for tasks to queue
[2024-12-09T16:48:17.307-0300] {logging_mixin.py:188} INFO - [2024-12-09T16:48:17.306-0300] {dagbag.py:540} INFO - Filling up the DagBag from /home/beatriz/Documentos/airflow/airflow_venv/lib/python3.10/site-packages/airflow/example_dags/example_external_task_marker_dag.py
[2024-12-09T16:48:17.314-0300] {processor.py:840} INFO - DAG(s) 'example_external_task_marker_parent', 'example_external_task_marker_child' retrieved from /home/beatriz/Documentos/airflow/airflow_venv/lib/python3.10/site-packages/airflow/example_dags/example_external_task_marker_dag.py
[2024-12-09T16:48:17.332-0300] {logging_mixin.py:188} INFO - [2024-12-09T16:48:17.332-0300] {dag.py:3096} INFO - Sync 2 DAGs
[2024-12-09T16:48:17.341-0300] {logging_mixin.py:188} INFO - [2024-12-09T16:48:17.341-0300] {dag.py:3954} INFO - Setting next_dagrun for example_external_task_marker_child to None, run_after=None
[2024-12-09T16:48:17.344-0300] {logging_mixin.py:188} INFO - [2024-12-09T16:48:17.344-0300] {dag.py:3954} INFO - Setting next_dagrun for example_external_task_marker_parent to None, run_after=None
[2024-12-09T16:48:17.360-0300] {processor.py:183} INFO - Processing /home/beatriz/Documentos/airflow/airflow_venv/lib/python3.10/site-packages/airflow/example_dags/example_external_task_marker_dag.py took 0.064 seconds
[2024-12-09T16:49:09.774-0300] {processor.py:161} INFO - Started process (PID=25144) to work on /home/beatriz/Documentos/airflow/airflow_venv/lib/python3.10/site-packages/airflow/example_dags/example_external_task_marker_dag.py
[2024-12-09T16:49:09.777-0300] {processor.py:830} INFO - Processing file /home/beatriz/Documentos/airflow/airflow_venv/lib/python3.10/site-packages/airflow/example_dags/example_external_task_marker_dag.py for tasks to queue
[2024-12-09T16:49:09.779-0300] {logging_mixin.py:188} INFO - [2024-12-09T16:49:09.778-0300] {dagbag.py:540} INFO - Filling up the DagBag from /home/beatriz/Documentos/airflow/airflow_venv/lib/python3.10/site-packages/airflow/example_dags/example_external_task_marker_dag.py
[2024-12-09T16:49:09.789-0300] {processor.py:840} INFO - DAG(s) 'example_external_task_marker_parent', 'example_external_task_marker_child' retrieved from /home/beatriz/Documentos/airflow/airflow_venv/lib/python3.10/site-packages/airflow/example_dags/example_external_task_marker_dag.py
[2024-12-09T16:49:09.807-0300] {logging_mixin.py:188} INFO - [2024-12-09T16:49:09.807-0300] {dag.py:3096} INFO - Sync 2 DAGs
[2024-12-09T16:49:09.816-0300] {logging_mixin.py:188} INFO - [2024-12-09T16:49:09.816-0300] {dag.py:3954} INFO - Setting next_dagrun for example_external_task_marker_child to None, run_after=None
[2024-12-09T16:49:09.819-0300] {logging_mixin.py:188} INFO - [2024-12-09T16:49:09.819-0300] {dag.py:3954} INFO - Setting next_dagrun for example_external_task_marker_parent to None, run_after=None
[2024-12-09T16:49:09.836-0300] {processor.py:183} INFO - Processing /home/beatriz/Documentos/airflow/airflow_venv/lib/python3.10/site-packages/airflow/example_dags/example_external_task_marker_dag.py took 0.076 seconds
[2024-12-09T16:50:01.280-0300] {processor.py:161} INFO - Started process (PID=25528) to work on /home/beatriz/Documentos/airflow/airflow_venv/lib/python3.10/site-packages/airflow/example_dags/example_external_task_marker_dag.py
[2024-12-09T16:50:01.282-0300] {processor.py:830} INFO - Processing file /home/beatriz/Documentos/airflow/airflow_venv/lib/python3.10/site-packages/airflow/example_dags/example_external_task_marker_dag.py for tasks to queue
[2024-12-09T16:50:01.282-0300] {logging_mixin.py:188} INFO - [2024-12-09T16:50:01.282-0300] {dagbag.py:540} INFO - Filling up the DagBag from /home/beatriz/Documentos/airflow/airflow_venv/lib/python3.10/site-packages/airflow/example_dags/example_external_task_marker_dag.py
[2024-12-09T16:50:01.287-0300] {processor.py:840} INFO - DAG(s) 'example_external_task_marker_parent', 'example_external_task_marker_child' retrieved from /home/beatriz/Documentos/airflow/airflow_venv/lib/python3.10/site-packages/airflow/example_dags/example_external_task_marker_dag.py
[2024-12-09T16:50:01.302-0300] {logging_mixin.py:188} INFO - [2024-12-09T16:50:01.302-0300] {dag.py:3096} INFO - Sync 2 DAGs
[2024-12-09T16:50:01.312-0300] {logging_mixin.py:188} INFO - [2024-12-09T16:50:01.312-0300] {dag.py:3954} INFO - Setting next_dagrun for example_external_task_marker_child to None, run_after=None
[2024-12-09T16:50:01.315-0300] {logging_mixin.py:188} INFO - [2024-12-09T16:50:01.315-0300] {dag.py:3954} INFO - Setting next_dagrun for example_external_task_marker_parent to None, run_after=None
[2024-12-09T16:50:01.331-0300] {processor.py:183} INFO - Processing /home/beatriz/Documentos/airflow/airflow_venv/lib/python3.10/site-packages/airflow/example_dags/example_external_task_marker_dag.py took 0.056 seconds
[2024-12-09T16:51:15.102-0300] {processor.py:161} INFO - Started process (PID=26176) to work on /home/beatriz/Documentos/airflow/airflow_venv/lib/python3.10/site-packages/airflow/example_dags/example_external_task_marker_dag.py
[2024-12-09T16:51:15.104-0300] {processor.py:830} INFO - Processing file /home/beatriz/Documentos/airflow/airflow_venv/lib/python3.10/site-packages/airflow/example_dags/example_external_task_marker_dag.py for tasks to queue
[2024-12-09T16:51:15.107-0300] {logging_mixin.py:188} INFO - [2024-12-09T16:51:15.106-0300] {dagbag.py:540} INFO - Filling up the DagBag from /home/beatriz/Documentos/airflow/airflow_venv/lib/python3.10/site-packages/airflow/example_dags/example_external_task_marker_dag.py
[2024-12-09T16:51:15.118-0300] {processor.py:840} INFO - DAG(s) 'example_external_task_marker_parent', 'example_external_task_marker_child' retrieved from /home/beatriz/Documentos/airflow/airflow_venv/lib/python3.10/site-packages/airflow/example_dags/example_external_task_marker_dag.py
[2024-12-09T16:51:15.137-0300] {logging_mixin.py:188} INFO - [2024-12-09T16:51:15.137-0300] {dag.py:3096} INFO - Sync 2 DAGs
[2024-12-09T16:51:15.147-0300] {logging_mixin.py:188} INFO - [2024-12-09T16:51:15.146-0300] {dag.py:3954} INFO - Setting next_dagrun for example_external_task_marker_child to None, run_after=None
[2024-12-09T16:51:15.149-0300] {logging_mixin.py:188} INFO - [2024-12-09T16:51:15.149-0300] {dag.py:3954} INFO - Setting next_dagrun for example_external_task_marker_parent to None, run_after=None
[2024-12-09T16:51:15.166-0300] {processor.py:183} INFO - Processing /home/beatriz/Documentos/airflow/airflow_venv/lib/python3.10/site-packages/airflow/example_dags/example_external_task_marker_dag.py took 0.078 seconds
[2024-12-09T16:52:16.074-0300] {processor.py:161} INFO - Started process (PID=27055) to work on /home/beatriz/Documentos/airflow/airflow_venv/lib/python3.10/site-packages/airflow/example_dags/example_external_task_marker_dag.py
[2024-12-09T16:52:16.075-0300] {processor.py:830} INFO - Processing file /home/beatriz/Documentos/airflow/airflow_venv/lib/python3.10/site-packages/airflow/example_dags/example_external_task_marker_dag.py for tasks to queue
[2024-12-09T16:52:16.076-0300] {logging_mixin.py:188} INFO - [2024-12-09T16:52:16.076-0300] {dagbag.py:540} INFO - Filling up the DagBag from /home/beatriz/Documentos/airflow/airflow_venv/lib/python3.10/site-packages/airflow/example_dags/example_external_task_marker_dag.py
[2024-12-09T16:52:16.082-0300] {processor.py:840} INFO - DAG(s) 'example_external_task_marker_child', 'example_external_task_marker_parent' retrieved from /home/beatriz/Documentos/airflow/airflow_venv/lib/python3.10/site-packages/airflow/example_dags/example_external_task_marker_dag.py
[2024-12-09T16:52:16.097-0300] {logging_mixin.py:188} INFO - [2024-12-09T16:52:16.097-0300] {dag.py:3096} INFO - Sync 2 DAGs
[2024-12-09T16:52:16.106-0300] {logging_mixin.py:188} INFO - [2024-12-09T16:52:16.106-0300] {dag.py:3954} INFO - Setting next_dagrun for example_external_task_marker_child to None, run_after=None
[2024-12-09T16:52:16.109-0300] {logging_mixin.py:188} INFO - [2024-12-09T16:52:16.109-0300] {dag.py:3954} INFO - Setting next_dagrun for example_external_task_marker_parent to None, run_after=None
[2024-12-09T16:52:16.124-0300] {processor.py:183} INFO - Processing /home/beatriz/Documentos/airflow/airflow_venv/lib/python3.10/site-packages/airflow/example_dags/example_external_task_marker_dag.py took 0.055 seconds
[2024-12-09T16:53:11.532-0300] {processor.py:161} INFO - Started process (PID=27459) to work on /home/beatriz/Documentos/airflow/airflow_venv/lib/python3.10/site-packages/airflow/example_dags/example_external_task_marker_dag.py
[2024-12-09T16:53:11.533-0300] {processor.py:830} INFO - Processing file /home/beatriz/Documentos/airflow/airflow_venv/lib/python3.10/site-packages/airflow/example_dags/example_external_task_marker_dag.py for tasks to queue
[2024-12-09T16:53:11.534-0300] {logging_mixin.py:188} INFO - [2024-12-09T16:53:11.534-0300] {dagbag.py:540} INFO - Filling up the DagBag from /home/beatriz/Documentos/airflow/airflow_venv/lib/python3.10/site-packages/airflow/example_dags/example_external_task_marker_dag.py
[2024-12-09T16:53:11.539-0300] {processor.py:840} INFO - DAG(s) 'example_external_task_marker_parent', 'example_external_task_marker_child' retrieved from /home/beatriz/Documentos/airflow/airflow_venv/lib/python3.10/site-packages/airflow/example_dags/example_external_task_marker_dag.py
[2024-12-09T16:53:11.555-0300] {logging_mixin.py:188} INFO - [2024-12-09T16:53:11.555-0300] {dag.py:3096} INFO - Sync 2 DAGs
[2024-12-09T16:53:11.564-0300] {logging_mixin.py:188} INFO - [2024-12-09T16:53:11.564-0300] {dag.py:3954} INFO - Setting next_dagrun for example_external_task_marker_child to None, run_after=None
[2024-12-09T16:53:11.567-0300] {logging_mixin.py:188} INFO - [2024-12-09T16:53:11.567-0300] {dag.py:3954} INFO - Setting next_dagrun for example_external_task_marker_parent to None, run_after=None
[2024-12-09T16:53:11.583-0300] {processor.py:183} INFO - Processing /home/beatriz/Documentos/airflow/airflow_venv/lib/python3.10/site-packages/airflow/example_dags/example_external_task_marker_dag.py took 0.055 seconds
[2024-12-09T16:54:07.938-0300] {processor.py:161} INFO - Started process (PID=27874) to work on /home/beatriz/Documentos/airflow/airflow_venv/lib/python3.10/site-packages/airflow/example_dags/example_external_task_marker_dag.py
[2024-12-09T16:54:07.939-0300] {processor.py:830} INFO - Processing file /home/beatriz/Documentos/airflow/airflow_venv/lib/python3.10/site-packages/airflow/example_dags/example_external_task_marker_dag.py for tasks to queue
[2024-12-09T16:54:07.940-0300] {logging_mixin.py:188} INFO - [2024-12-09T16:54:07.939-0300] {dagbag.py:540} INFO - Filling up the DagBag from /home/beatriz/Documentos/airflow/airflow_venv/lib/python3.10/site-packages/airflow/example_dags/example_external_task_marker_dag.py
[2024-12-09T16:54:07.946-0300] {processor.py:840} INFO - DAG(s) 'example_external_task_marker_child', 'example_external_task_marker_parent' retrieved from /home/beatriz/Documentos/airflow/airflow_venv/lib/python3.10/site-packages/airflow/example_dags/example_external_task_marker_dag.py
[2024-12-09T16:54:07.960-0300] {logging_mixin.py:188} INFO - [2024-12-09T16:54:07.960-0300] {dag.py:3096} INFO - Sync 2 DAGs
[2024-12-09T16:54:07.969-0300] {logging_mixin.py:188} INFO - [2024-12-09T16:54:07.969-0300] {dag.py:3954} INFO - Setting next_dagrun for example_external_task_marker_child to None, run_after=None
[2024-12-09T16:54:07.971-0300] {logging_mixin.py:188} INFO - [2024-12-09T16:54:07.971-0300] {dag.py:3954} INFO - Setting next_dagrun for example_external_task_marker_parent to None, run_after=None
[2024-12-09T16:54:07.989-0300] {processor.py:183} INFO - Processing /home/beatriz/Documentos/airflow/airflow_venv/lib/python3.10/site-packages/airflow/example_dags/example_external_task_marker_dag.py took 0.056 seconds
[2024-12-09T16:55:19.498-0300] {processor.py:161} INFO - Started process (PID=28495) to work on /home/beatriz/Documentos/airflow/airflow_venv/lib/python3.10/site-packages/airflow/example_dags/example_external_task_marker_dag.py
[2024-12-09T16:55:19.500-0300] {processor.py:830} INFO - Processing file /home/beatriz/Documentos/airflow/airflow_venv/lib/python3.10/site-packages/airflow/example_dags/example_external_task_marker_dag.py for tasks to queue
[2024-12-09T16:55:19.502-0300] {logging_mixin.py:188} INFO - [2024-12-09T16:55:19.501-0300] {dagbag.py:540} INFO - Filling up the DagBag from /home/beatriz/Documentos/airflow/airflow_venv/lib/python3.10/site-packages/airflow/example_dags/example_external_task_marker_dag.py
[2024-12-09T16:55:19.517-0300] {processor.py:840} INFO - DAG(s) 'example_external_task_marker_parent', 'example_external_task_marker_child' retrieved from /home/beatriz/Documentos/airflow/airflow_venv/lib/python3.10/site-packages/airflow/example_dags/example_external_task_marker_dag.py
[2024-12-09T16:55:19.549-0300] {logging_mixin.py:188} INFO - [2024-12-09T16:55:19.549-0300] {dag.py:3096} INFO - Sync 2 DAGs
[2024-12-09T16:55:19.559-0300] {logging_mixin.py:188} INFO - [2024-12-09T16:55:19.559-0300] {dag.py:3954} INFO - Setting next_dagrun for example_external_task_marker_child to None, run_after=None
[2024-12-09T16:55:19.563-0300] {logging_mixin.py:188} INFO - [2024-12-09T16:55:19.562-0300] {dag.py:3954} INFO - Setting next_dagrun for example_external_task_marker_parent to None, run_after=None
[2024-12-09T16:55:19.581-0300] {processor.py:183} INFO - Processing /home/beatriz/Documentos/airflow/airflow_venv/lib/python3.10/site-packages/airflow/example_dags/example_external_task_marker_dag.py took 0.096 seconds
[2024-12-09T17:00:11.244-0300] {processor.py:161} INFO - Started process (PID=29469) to work on /home/beatriz/Documentos/airflow/airflow_venv/lib/python3.10/site-packages/airflow/example_dags/example_external_task_marker_dag.py
[2024-12-09T17:00:11.250-0300] {processor.py:830} INFO - Processing file /home/beatriz/Documentos/airflow/airflow_venv/lib/python3.10/site-packages/airflow/example_dags/example_external_task_marker_dag.py for tasks to queue
[2024-12-09T17:00:11.311-0300] {logging_mixin.py:188} INFO - [2024-12-09T17:00:11.251-0300] {dagbag.py:540} INFO - Filling up the DagBag from /home/beatriz/Documentos/airflow/airflow_venv/lib/python3.10/site-packages/airflow/example_dags/example_external_task_marker_dag.py
[2024-12-09T17:00:11.355-0300] {processor.py:840} INFO - DAG(s) 'example_external_task_marker_parent', 'example_external_task_marker_child' retrieved from /home/beatriz/Documentos/airflow/airflow_venv/lib/python3.10/site-packages/airflow/example_dags/example_external_task_marker_dag.py
[2024-12-09T17:00:11.470-0300] {logging_mixin.py:188} INFO - [2024-12-09T17:00:11.470-0300] {dag.py:3096} INFO - Sync 2 DAGs
[2024-12-09T17:00:11.487-0300] {logging_mixin.py:188} INFO - [2024-12-09T17:00:11.486-0300] {dag.py:3954} INFO - Setting next_dagrun for example_external_task_marker_child to None, run_after=None
[2024-12-09T17:00:11.491-0300] {logging_mixin.py:188} INFO - [2024-12-09T17:00:11.490-0300] {dag.py:3954} INFO - Setting next_dagrun for example_external_task_marker_parent to None, run_after=None
[2024-12-09T17:00:11.528-0300] {processor.py:183} INFO - Processing /home/beatriz/Documentos/airflow/airflow_venv/lib/python3.10/site-packages/airflow/example_dags/example_external_task_marker_dag.py took 0.297 seconds
[2024-12-09T17:04:03.918-0300] {processor.py:161} INFO - Started process (PID=29979) to work on /home/beatriz/Documentos/airflow/airflow_venv/lib/python3.10/site-packages/airflow/example_dags/example_external_task_marker_dag.py
[2024-12-09T17:04:03.919-0300] {processor.py:830} INFO - Processing file /home/beatriz/Documentos/airflow/airflow_venv/lib/python3.10/site-packages/airflow/example_dags/example_external_task_marker_dag.py for tasks to queue
[2024-12-09T17:04:03.920-0300] {logging_mixin.py:188} INFO - [2024-12-09T17:04:03.920-0300] {dagbag.py:540} INFO - Filling up the DagBag from /home/beatriz/Documentos/airflow/airflow_venv/lib/python3.10/site-packages/airflow/example_dags/example_external_task_marker_dag.py
[2024-12-09T17:04:03.925-0300] {processor.py:840} INFO - DAG(s) 'example_external_task_marker_child', 'example_external_task_marker_parent' retrieved from /home/beatriz/Documentos/airflow/airflow_venv/lib/python3.10/site-packages/airflow/example_dags/example_external_task_marker_dag.py
[2024-12-09T17:04:03.940-0300] {logging_mixin.py:188} INFO - [2024-12-09T17:04:03.939-0300] {dag.py:3096} INFO - Sync 2 DAGs
[2024-12-09T17:04:03.948-0300] {logging_mixin.py:188} INFO - [2024-12-09T17:04:03.948-0300] {dag.py:3954} INFO - Setting next_dagrun for example_external_task_marker_child to None, run_after=None
[2024-12-09T17:04:03.951-0300] {logging_mixin.py:188} INFO - [2024-12-09T17:04:03.950-0300] {dag.py:3954} INFO - Setting next_dagrun for example_external_task_marker_parent to None, run_after=None
[2024-12-09T17:04:03.968-0300] {processor.py:183} INFO - Processing /home/beatriz/Documentos/airflow/airflow_venv/lib/python3.10/site-packages/airflow/example_dags/example_external_task_marker_dag.py took 0.055 seconds
