[2024-12-09T15:00:37.099-0300] {processor.py:161} INFO - Started process (PID=28659) to work on /home/beatriz/Documentos/airflow/airflow_venv/lib/python3.10/site-packages/airflow/example_dags/example_branch_day_of_week_operator.py
[2024-12-09T15:00:37.100-0300] {processor.py:830} INFO - Processing file /home/beatriz/Documentos/airflow/airflow_venv/lib/python3.10/site-packages/airflow/example_dags/example_branch_day_of_week_operator.py for tasks to queue
[2024-12-09T15:00:37.102-0300] {logging_mixin.py:188} INFO - [2024-12-09T15:00:37.101-0300] {dagbag.py:540} INFO - Filling up the DagBag from /home/beatriz/Documentos/airflow/airflow_venv/lib/python3.10/site-packages/airflow/example_dags/example_branch_day_of_week_operator.py
[2024-12-09T15:00:37.115-0300] {processor.py:840} INFO - DAG(s) 'example_weekday_branch_operator' retrieved from /home/beatriz/Documentos/airflow/airflow_venv/lib/python3.10/site-packages/airflow/example_dags/example_branch_day_of_week_operator.py
[2024-12-09T15:00:37.196-0300] {logging_mixin.py:188} INFO - [2024-12-09T15:00:37.196-0300] {dag.py:3096} INFO - Sync 1 DAGs
[2024-12-09T15:00:37.210-0300] {logging_mixin.py:188} INFO - [2024-12-09T15:00:37.210-0300] {dag.py:3954} INFO - Setting next_dagrun for example_weekday_branch_operator to 2024-12-08 00:00:00+00:00, run_after=2024-12-09 00:00:00+00:00
[2024-12-09T15:00:37.230-0300] {processor.py:183} INFO - Processing /home/beatriz/Documentos/airflow/airflow_venv/lib/python3.10/site-packages/airflow/example_dags/example_branch_day_of_week_operator.py took 0.139 seconds
[2024-12-09T15:01:38.572-0300] {processor.py:161} INFO - Started process (PID=29235) to work on /home/beatriz/Documentos/airflow/airflow_venv/lib/python3.10/site-packages/airflow/example_dags/example_branch_day_of_week_operator.py
[2024-12-09T15:01:38.574-0300] {processor.py:830} INFO - Processing file /home/beatriz/Documentos/airflow/airflow_venv/lib/python3.10/site-packages/airflow/example_dags/example_branch_day_of_week_operator.py for tasks to queue
[2024-12-09T15:01:38.577-0300] {logging_mixin.py:188} INFO - [2024-12-09T15:01:38.576-0300] {dagbag.py:540} INFO - Filling up the DagBag from /home/beatriz/Documentos/airflow/airflow_venv/lib/python3.10/site-packages/airflow/example_dags/example_branch_day_of_week_operator.py
[2024-12-09T15:01:38.592-0300] {processor.py:840} INFO - DAG(s) 'example_weekday_branch_operator' retrieved from /home/beatriz/Documentos/airflow/airflow_venv/lib/python3.10/site-packages/airflow/example_dags/example_branch_day_of_week_operator.py
[2024-12-09T15:01:38.609-0300] {logging_mixin.py:188} INFO - [2024-12-09T15:01:38.609-0300] {dag.py:3096} INFO - Sync 1 DAGs
[2024-12-09T15:01:38.624-0300] {logging_mixin.py:188} INFO - [2024-12-09T15:01:38.624-0300] {dag.py:3954} INFO - Setting next_dagrun for example_weekday_branch_operator to 2024-12-08 00:00:00+00:00, run_after=2024-12-09 00:00:00+00:00
[2024-12-09T15:01:38.641-0300] {processor.py:183} INFO - Processing /home/beatriz/Documentos/airflow/airflow_venv/lib/python3.10/site-packages/airflow/example_dags/example_branch_day_of_week_operator.py took 0.079 seconds
[2024-12-09T15:02:36.285-0300] {processor.py:161} INFO - Started process (PID=29683) to work on /home/beatriz/Documentos/airflow/airflow_venv/lib/python3.10/site-packages/airflow/example_dags/example_branch_day_of_week_operator.py
[2024-12-09T15:02:36.286-0300] {processor.py:830} INFO - Processing file /home/beatriz/Documentos/airflow/airflow_venv/lib/python3.10/site-packages/airflow/example_dags/example_branch_day_of_week_operator.py for tasks to queue
[2024-12-09T15:02:36.287-0300] {logging_mixin.py:188} INFO - [2024-12-09T15:02:36.287-0300] {dagbag.py:540} INFO - Filling up the DagBag from /home/beatriz/Documentos/airflow/airflow_venv/lib/python3.10/site-packages/airflow/example_dags/example_branch_day_of_week_operator.py
[2024-12-09T15:02:36.295-0300] {processor.py:840} INFO - DAG(s) 'example_weekday_branch_operator' retrieved from /home/beatriz/Documentos/airflow/airflow_venv/lib/python3.10/site-packages/airflow/example_dags/example_branch_day_of_week_operator.py
[2024-12-09T15:02:36.309-0300] {logging_mixin.py:188} INFO - [2024-12-09T15:02:36.309-0300] {dag.py:3096} INFO - Sync 1 DAGs
[2024-12-09T15:02:36.399-0300] {logging_mixin.py:188} INFO - [2024-12-09T15:02:36.398-0300] {dag.py:3954} INFO - Setting next_dagrun for example_weekday_branch_operator to 2024-12-08 00:00:00+00:00, run_after=2024-12-09 00:00:00+00:00
[2024-12-09T15:02:36.426-0300] {processor.py:183} INFO - Processing /home/beatriz/Documentos/airflow/airflow_venv/lib/python3.10/site-packages/airflow/example_dags/example_branch_day_of_week_operator.py took 0.145 seconds
[2024-12-09T15:06:35.118-0300] {processor.py:161} INFO - Started process (PID=32502) to work on /home/beatriz/Documentos/airflow/airflow_venv/lib/python3.10/site-packages/airflow/example_dags/example_branch_day_of_week_operator.py
[2024-12-09T15:06:35.120-0300] {processor.py:830} INFO - Processing file /home/beatriz/Documentos/airflow/airflow_venv/lib/python3.10/site-packages/airflow/example_dags/example_branch_day_of_week_operator.py for tasks to queue
[2024-12-09T15:06:35.123-0300] {logging_mixin.py:188} INFO - [2024-12-09T15:06:35.122-0300] {dagbag.py:540} INFO - Filling up the DagBag from /home/beatriz/Documentos/airflow/airflow_venv/lib/python3.10/site-packages/airflow/example_dags/example_branch_day_of_week_operator.py
[2024-12-09T15:06:35.135-0300] {processor.py:840} INFO - DAG(s) 'example_weekday_branch_operator' retrieved from /home/beatriz/Documentos/airflow/airflow_venv/lib/python3.10/site-packages/airflow/example_dags/example_branch_day_of_week_operator.py
[2024-12-09T15:06:35.204-0300] {logging_mixin.py:188} INFO - [2024-12-09T15:06:35.204-0300] {dag.py:3096} INFO - Sync 1 DAGs
[2024-12-09T15:06:35.216-0300] {logging_mixin.py:188} INFO - [2024-12-09T15:06:35.216-0300] {dag.py:3954} INFO - Setting next_dagrun for example_weekday_branch_operator to 2024-12-08 00:00:00+00:00, run_after=2024-12-09 00:00:00+00:00
[2024-12-09T15:06:35.233-0300] {processor.py:183} INFO - Processing /home/beatriz/Documentos/airflow/airflow_venv/lib/python3.10/site-packages/airflow/example_dags/example_branch_day_of_week_operator.py took 0.127 seconds
[2024-12-09T15:07:40.086-0300] {processor.py:161} INFO - Started process (PID=32972) to work on /home/beatriz/Documentos/airflow/airflow_venv/lib/python3.10/site-packages/airflow/example_dags/example_branch_day_of_week_operator.py
[2024-12-09T15:07:40.086-0300] {processor.py:830} INFO - Processing file /home/beatriz/Documentos/airflow/airflow_venv/lib/python3.10/site-packages/airflow/example_dags/example_branch_day_of_week_operator.py for tasks to queue
[2024-12-09T15:07:40.087-0300] {logging_mixin.py:188} INFO - [2024-12-09T15:07:40.087-0300] {dagbag.py:540} INFO - Filling up the DagBag from /home/beatriz/Documentos/airflow/airflow_venv/lib/python3.10/site-packages/airflow/example_dags/example_branch_day_of_week_operator.py
[2024-12-09T15:07:40.095-0300] {processor.py:840} INFO - DAG(s) 'example_weekday_branch_operator' retrieved from /home/beatriz/Documentos/airflow/airflow_venv/lib/python3.10/site-packages/airflow/example_dags/example_branch_day_of_week_operator.py
[2024-12-09T15:07:40.109-0300] {logging_mixin.py:188} INFO - [2024-12-09T15:07:40.109-0300] {dag.py:3096} INFO - Sync 1 DAGs
[2024-12-09T15:07:40.124-0300] {logging_mixin.py:188} INFO - [2024-12-09T15:07:40.124-0300] {dag.py:3954} INFO - Setting next_dagrun for example_weekday_branch_operator to 2024-12-08 00:00:00+00:00, run_after=2024-12-09 00:00:00+00:00
[2024-12-09T15:07:40.142-0300] {processor.py:183} INFO - Processing /home/beatriz/Documentos/airflow/airflow_venv/lib/python3.10/site-packages/airflow/example_dags/example_branch_day_of_week_operator.py took 0.060 seconds
[2024-12-09T15:08:39.869-0300] {processor.py:161} INFO - Started process (PID=33398) to work on /home/beatriz/Documentos/airflow/airflow_venv/lib/python3.10/site-packages/airflow/example_dags/example_branch_day_of_week_operator.py
[2024-12-09T15:08:39.870-0300] {processor.py:830} INFO - Processing file /home/beatriz/Documentos/airflow/airflow_venv/lib/python3.10/site-packages/airflow/example_dags/example_branch_day_of_week_operator.py for tasks to queue
[2024-12-09T15:08:39.871-0300] {logging_mixin.py:188} INFO - [2024-12-09T15:08:39.871-0300] {dagbag.py:540} INFO - Filling up the DagBag from /home/beatriz/Documentos/airflow/airflow_venv/lib/python3.10/site-packages/airflow/example_dags/example_branch_day_of_week_operator.py
[2024-12-09T15:08:39.880-0300] {processor.py:840} INFO - DAG(s) 'example_weekday_branch_operator' retrieved from /home/beatriz/Documentos/airflow/airflow_venv/lib/python3.10/site-packages/airflow/example_dags/example_branch_day_of_week_operator.py
[2024-12-09T15:08:39.896-0300] {logging_mixin.py:188} INFO - [2024-12-09T15:08:39.896-0300] {dag.py:3096} INFO - Sync 1 DAGs
[2024-12-09T15:08:40.053-0300] {logging_mixin.py:188} INFO - [2024-12-09T15:08:40.044-0300] {dag.py:3954} INFO - Setting next_dagrun for example_weekday_branch_operator to 2024-12-08 00:00:00+00:00, run_after=2024-12-09 00:00:00+00:00
[2024-12-09T15:08:40.162-0300] {processor.py:183} INFO - Processing /home/beatriz/Documentos/airflow/airflow_venv/lib/python3.10/site-packages/airflow/example_dags/example_branch_day_of_week_operator.py took 0.301 seconds
[2024-12-09T15:11:19.250-0300] {processor.py:161} INFO - Started process (PID=34358) to work on /home/beatriz/Documentos/airflow/airflow_venv/lib/python3.10/site-packages/airflow/example_dags/example_branch_day_of_week_operator.py
[2024-12-09T15:11:19.251-0300] {processor.py:830} INFO - Processing file /home/beatriz/Documentos/airflow/airflow_venv/lib/python3.10/site-packages/airflow/example_dags/example_branch_day_of_week_operator.py for tasks to queue
[2024-12-09T15:11:19.251-0300] {logging_mixin.py:188} INFO - [2024-12-09T15:11:19.251-0300] {dagbag.py:540} INFO - Filling up the DagBag from /home/beatriz/Documentos/airflow/airflow_venv/lib/python3.10/site-packages/airflow/example_dags/example_branch_day_of_week_operator.py
[2024-12-09T15:11:19.260-0300] {processor.py:840} INFO - DAG(s) 'example_weekday_branch_operator' retrieved from /home/beatriz/Documentos/airflow/airflow_venv/lib/python3.10/site-packages/airflow/example_dags/example_branch_day_of_week_operator.py
[2024-12-09T15:11:19.276-0300] {logging_mixin.py:188} INFO - [2024-12-09T15:11:19.275-0300] {dag.py:3096} INFO - Sync 1 DAGs
[2024-12-09T15:11:19.295-0300] {logging_mixin.py:188} INFO - [2024-12-09T15:11:19.295-0300] {dag.py:3954} INFO - Setting next_dagrun for example_weekday_branch_operator to 2024-12-08 00:00:00+00:00, run_after=2024-12-09 00:00:00+00:00
[2024-12-09T15:11:19.313-0300] {processor.py:183} INFO - Processing /home/beatriz/Documentos/airflow/airflow_venv/lib/python3.10/site-packages/airflow/example_dags/example_branch_day_of_week_operator.py took 0.067 seconds
[2024-12-09T15:12:52.083-0300] {processor.py:161} INFO - Started process (PID=34913) to work on /home/beatriz/Documentos/airflow/airflow_venv/lib/python3.10/site-packages/airflow/example_dags/example_branch_day_of_week_operator.py
[2024-12-09T15:12:52.084-0300] {processor.py:830} INFO - Processing file /home/beatriz/Documentos/airflow/airflow_venv/lib/python3.10/site-packages/airflow/example_dags/example_branch_day_of_week_operator.py for tasks to queue
[2024-12-09T15:12:52.086-0300] {logging_mixin.py:188} INFO - [2024-12-09T15:12:52.085-0300] {dagbag.py:540} INFO - Filling up the DagBag from /home/beatriz/Documentos/airflow/airflow_venv/lib/python3.10/site-packages/airflow/example_dags/example_branch_day_of_week_operator.py
[2024-12-09T15:12:52.103-0300] {processor.py:840} INFO - DAG(s) 'example_weekday_branch_operator' retrieved from /home/beatriz/Documentos/airflow/airflow_venv/lib/python3.10/site-packages/airflow/example_dags/example_branch_day_of_week_operator.py
[2024-12-09T15:12:52.120-0300] {logging_mixin.py:188} INFO - [2024-12-09T15:12:52.120-0300] {dag.py:3096} INFO - Sync 1 DAGs
[2024-12-09T15:12:52.136-0300] {logging_mixin.py:188} INFO - [2024-12-09T15:12:52.136-0300] {dag.py:3954} INFO - Setting next_dagrun for example_weekday_branch_operator to 2024-12-08 00:00:00+00:00, run_after=2024-12-09 00:00:00+00:00
[2024-12-09T15:12:52.155-0300] {processor.py:183} INFO - Processing /home/beatriz/Documentos/airflow/airflow_venv/lib/python3.10/site-packages/airflow/example_dags/example_branch_day_of_week_operator.py took 0.084 seconds
[2024-12-09T15:14:24.674-0300] {processor.py:161} INFO - Started process (PID=36433) to work on /home/beatriz/Documentos/airflow/airflow_venv/lib/python3.10/site-packages/airflow/example_dags/example_branch_day_of_week_operator.py
[2024-12-09T15:14:24.676-0300] {processor.py:830} INFO - Processing file /home/beatriz/Documentos/airflow/airflow_venv/lib/python3.10/site-packages/airflow/example_dags/example_branch_day_of_week_operator.py for tasks to queue
[2024-12-09T15:14:24.677-0300] {logging_mixin.py:188} INFO - [2024-12-09T15:14:24.677-0300] {dagbag.py:540} INFO - Filling up the DagBag from /home/beatriz/Documentos/airflow/airflow_venv/lib/python3.10/site-packages/airflow/example_dags/example_branch_day_of_week_operator.py
[2024-12-09T15:14:24.683-0300] {processor.py:840} INFO - DAG(s) 'example_weekday_branch_operator' retrieved from /home/beatriz/Documentos/airflow/airflow_venv/lib/python3.10/site-packages/airflow/example_dags/example_branch_day_of_week_operator.py
[2024-12-09T15:14:24.750-0300] {logging_mixin.py:188} INFO - [2024-12-09T15:14:24.750-0300] {dag.py:3096} INFO - Sync 1 DAGs
[2024-12-09T15:14:24.762-0300] {logging_mixin.py:188} INFO - [2024-12-09T15:14:24.762-0300] {dag.py:3954} INFO - Setting next_dagrun for example_weekday_branch_operator to 2024-12-08 00:00:00+00:00, run_after=2024-12-09 00:00:00+00:00
[2024-12-09T15:14:24.849-0300] {processor.py:183} INFO - Processing /home/beatriz/Documentos/airflow/airflow_venv/lib/python3.10/site-packages/airflow/example_dags/example_branch_day_of_week_operator.py took 0.179 seconds
[2024-12-09T15:15:25.475-0300] {processor.py:161} INFO - Started process (PID=36967) to work on /home/beatriz/Documentos/airflow/airflow_venv/lib/python3.10/site-packages/airflow/example_dags/example_branch_day_of_week_operator.py
[2024-12-09T15:15:25.479-0300] {processor.py:830} INFO - Processing file /home/beatriz/Documentos/airflow/airflow_venv/lib/python3.10/site-packages/airflow/example_dags/example_branch_day_of_week_operator.py for tasks to queue
[2024-12-09T15:15:25.483-0300] {logging_mixin.py:188} INFO - [2024-12-09T15:15:25.482-0300] {dagbag.py:540} INFO - Filling up the DagBag from /home/beatriz/Documentos/airflow/airflow_venv/lib/python3.10/site-packages/airflow/example_dags/example_branch_day_of_week_operator.py
[2024-12-09T15:15:25.496-0300] {processor.py:840} INFO - DAG(s) 'example_weekday_branch_operator' retrieved from /home/beatriz/Documentos/airflow/airflow_venv/lib/python3.10/site-packages/airflow/example_dags/example_branch_day_of_week_operator.py
[2024-12-09T15:15:25.513-0300] {logging_mixin.py:188} INFO - [2024-12-09T15:15:25.512-0300] {dag.py:3096} INFO - Sync 1 DAGs
[2024-12-09T15:15:25.530-0300] {logging_mixin.py:188} INFO - [2024-12-09T15:15:25.529-0300] {dag.py:3954} INFO - Setting next_dagrun for example_weekday_branch_operator to 2024-12-08 00:00:00+00:00, run_after=2024-12-09 00:00:00+00:00
[2024-12-09T15:15:25.548-0300] {processor.py:183} INFO - Processing /home/beatriz/Documentos/airflow/airflow_venv/lib/python3.10/site-packages/airflow/example_dags/example_branch_day_of_week_operator.py took 0.085 seconds
[2024-12-09T15:16:21.498-0300] {processor.py:161} INFO - Started process (PID=37517) to work on /home/beatriz/Documentos/airflow/airflow_venv/lib/python3.10/site-packages/airflow/example_dags/example_branch_day_of_week_operator.py
[2024-12-09T15:16:21.501-0300] {processor.py:830} INFO - Processing file /home/beatriz/Documentos/airflow/airflow_venv/lib/python3.10/site-packages/airflow/example_dags/example_branch_day_of_week_operator.py for tasks to queue
[2024-12-09T15:16:21.503-0300] {logging_mixin.py:188} INFO - [2024-12-09T15:16:21.503-0300] {dagbag.py:540} INFO - Filling up the DagBag from /home/beatriz/Documentos/airflow/airflow_venv/lib/python3.10/site-packages/airflow/example_dags/example_branch_day_of_week_operator.py
[2024-12-09T15:16:21.517-0300] {processor.py:840} INFO - DAG(s) 'example_weekday_branch_operator' retrieved from /home/beatriz/Documentos/airflow/airflow_venv/lib/python3.10/site-packages/airflow/example_dags/example_branch_day_of_week_operator.py
[2024-12-09T15:16:21.533-0300] {logging_mixin.py:188} INFO - [2024-12-09T15:16:21.533-0300] {dag.py:3096} INFO - Sync 1 DAGs
[2024-12-09T15:16:21.619-0300] {logging_mixin.py:188} INFO - [2024-12-09T15:16:21.619-0300] {dag.py:3954} INFO - Setting next_dagrun for example_weekday_branch_operator to 2024-12-08 00:00:00+00:00, run_after=2024-12-09 00:00:00+00:00
[2024-12-09T15:16:21.639-0300] {processor.py:183} INFO - Processing /home/beatriz/Documentos/airflow/airflow_venv/lib/python3.10/site-packages/airflow/example_dags/example_branch_day_of_week_operator.py took 0.152 seconds
[2024-12-09T15:17:40.622-0300] {processor.py:161} INFO - Started process (PID=38373) to work on /home/beatriz/Documentos/airflow/airflow_venv/lib/python3.10/site-packages/airflow/example_dags/example_branch_day_of_week_operator.py
[2024-12-09T15:17:40.624-0300] {processor.py:830} INFO - Processing file /home/beatriz/Documentos/airflow/airflow_venv/lib/python3.10/site-packages/airflow/example_dags/example_branch_day_of_week_operator.py for tasks to queue
[2024-12-09T15:17:40.625-0300] {logging_mixin.py:188} INFO - [2024-12-09T15:17:40.625-0300] {dagbag.py:540} INFO - Filling up the DagBag from /home/beatriz/Documentos/airflow/airflow_venv/lib/python3.10/site-packages/airflow/example_dags/example_branch_day_of_week_operator.py
[2024-12-09T15:17:40.631-0300] {processor.py:840} INFO - DAG(s) 'example_weekday_branch_operator' retrieved from /home/beatriz/Documentos/airflow/airflow_venv/lib/python3.10/site-packages/airflow/example_dags/example_branch_day_of_week_operator.py
[2024-12-09T15:17:40.643-0300] {logging_mixin.py:188} INFO - [2024-12-09T15:17:40.643-0300] {dag.py:3096} INFO - Sync 1 DAGs
[2024-12-09T15:17:40.659-0300] {logging_mixin.py:188} INFO - [2024-12-09T15:17:40.659-0300] {dag.py:3954} INFO - Setting next_dagrun for example_weekday_branch_operator to 2024-12-08 00:00:00+00:00, run_after=2024-12-09 00:00:00+00:00
[2024-12-09T15:17:40.675-0300] {processor.py:183} INFO - Processing /home/beatriz/Documentos/airflow/airflow_venv/lib/python3.10/site-packages/airflow/example_dags/example_branch_day_of_week_operator.py took 0.058 seconds
[2024-12-09T15:19:30.450-0300] {processor.py:161} INFO - Started process (PID=39742) to work on /home/beatriz/Documentos/airflow/airflow_venv/lib/python3.10/site-packages/airflow/example_dags/example_branch_day_of_week_operator.py
[2024-12-09T15:19:30.453-0300] {processor.py:830} INFO - Processing file /home/beatriz/Documentos/airflow/airflow_venv/lib/python3.10/site-packages/airflow/example_dags/example_branch_day_of_week_operator.py for tasks to queue
[2024-12-09T15:19:30.456-0300] {logging_mixin.py:188} INFO - [2024-12-09T15:19:30.455-0300] {dagbag.py:540} INFO - Filling up the DagBag from /home/beatriz/Documentos/airflow/airflow_venv/lib/python3.10/site-packages/airflow/example_dags/example_branch_day_of_week_operator.py
[2024-12-09T15:19:30.468-0300] {processor.py:840} INFO - DAG(s) 'example_weekday_branch_operator' retrieved from /home/beatriz/Documentos/airflow/airflow_venv/lib/python3.10/site-packages/airflow/example_dags/example_branch_day_of_week_operator.py
[2024-12-09T15:19:30.553-0300] {logging_mixin.py:188} INFO - [2024-12-09T15:19:30.553-0300] {dag.py:3096} INFO - Sync 1 DAGs
[2024-12-09T15:19:30.566-0300] {logging_mixin.py:188} INFO - [2024-12-09T15:19:30.565-0300] {dag.py:3954} INFO - Setting next_dagrun for example_weekday_branch_operator to 2024-12-08 00:00:00+00:00, run_after=2024-12-09 00:00:00+00:00
[2024-12-09T15:19:30.583-0300] {processor.py:183} INFO - Processing /home/beatriz/Documentos/airflow/airflow_venv/lib/python3.10/site-packages/airflow/example_dags/example_branch_day_of_week_operator.py took 0.143 seconds
[2024-12-09T15:20:29.042-0300] {processor.py:161} INFO - Started process (PID=40392) to work on /home/beatriz/Documentos/airflow/airflow_venv/lib/python3.10/site-packages/airflow/example_dags/example_branch_day_of_week_operator.py
[2024-12-09T15:20:29.045-0300] {processor.py:830} INFO - Processing file /home/beatriz/Documentos/airflow/airflow_venv/lib/python3.10/site-packages/airflow/example_dags/example_branch_day_of_week_operator.py for tasks to queue
[2024-12-09T15:20:29.049-0300] {logging_mixin.py:188} INFO - [2024-12-09T15:20:29.048-0300] {dagbag.py:540} INFO - Filling up the DagBag from /home/beatriz/Documentos/airflow/airflow_venv/lib/python3.10/site-packages/airflow/example_dags/example_branch_day_of_week_operator.py
[2024-12-09T15:20:29.062-0300] {processor.py:840} INFO - DAG(s) 'example_weekday_branch_operator' retrieved from /home/beatriz/Documentos/airflow/airflow_venv/lib/python3.10/site-packages/airflow/example_dags/example_branch_day_of_week_operator.py
[2024-12-09T15:20:29.078-0300] {logging_mixin.py:188} INFO - [2024-12-09T15:20:29.078-0300] {dag.py:3096} INFO - Sync 1 DAGs
[2024-12-09T15:20:29.093-0300] {logging_mixin.py:188} INFO - [2024-12-09T15:20:29.093-0300] {dag.py:3954} INFO - Setting next_dagrun for example_weekday_branch_operator to 2024-12-08 00:00:00+00:00, run_after=2024-12-09 00:00:00+00:00
[2024-12-09T15:20:29.110-0300] {processor.py:183} INFO - Processing /home/beatriz/Documentos/airflow/airflow_venv/lib/python3.10/site-packages/airflow/example_dags/example_branch_day_of_week_operator.py took 0.081 seconds
[2024-12-09T15:21:47.366-0300] {processor.py:161} INFO - Started process (PID=41259) to work on /home/beatriz/Documentos/airflow/airflow_venv/lib/python3.10/site-packages/airflow/example_dags/example_branch_day_of_week_operator.py
[2024-12-09T15:21:47.369-0300] {processor.py:830} INFO - Processing file /home/beatriz/Documentos/airflow/airflow_venv/lib/python3.10/site-packages/airflow/example_dags/example_branch_day_of_week_operator.py for tasks to queue
[2024-12-09T15:21:47.373-0300] {logging_mixin.py:188} INFO - [2024-12-09T15:21:47.373-0300] {dagbag.py:540} INFO - Filling up the DagBag from /home/beatriz/Documentos/airflow/airflow_venv/lib/python3.10/site-packages/airflow/example_dags/example_branch_day_of_week_operator.py
[2024-12-09T15:21:47.386-0300] {processor.py:840} INFO - DAG(s) 'example_weekday_branch_operator' retrieved from /home/beatriz/Documentos/airflow/airflow_venv/lib/python3.10/site-packages/airflow/example_dags/example_branch_day_of_week_operator.py
[2024-12-09T15:21:47.403-0300] {logging_mixin.py:188} INFO - [2024-12-09T15:21:47.403-0300] {dag.py:3096} INFO - Sync 1 DAGs
[2024-12-09T15:21:47.492-0300] {logging_mixin.py:188} INFO - [2024-12-09T15:21:47.492-0300] {dag.py:3954} INFO - Setting next_dagrun for example_weekday_branch_operator to 2024-12-08 00:00:00+00:00, run_after=2024-12-09 00:00:00+00:00
[2024-12-09T15:21:47.509-0300] {processor.py:183} INFO - Processing /home/beatriz/Documentos/airflow/airflow_venv/lib/python3.10/site-packages/airflow/example_dags/example_branch_day_of_week_operator.py took 0.155 seconds
[2024-12-09T15:22:44.022-0300] {processor.py:161} INFO - Started process (PID=41962) to work on /home/beatriz/Documentos/airflow/airflow_venv/lib/python3.10/site-packages/airflow/example_dags/example_branch_day_of_week_operator.py
[2024-12-09T15:22:44.024-0300] {processor.py:830} INFO - Processing file /home/beatriz/Documentos/airflow/airflow_venv/lib/python3.10/site-packages/airflow/example_dags/example_branch_day_of_week_operator.py for tasks to queue
[2024-12-09T15:22:44.025-0300] {logging_mixin.py:188} INFO - [2024-12-09T15:22:44.025-0300] {dagbag.py:540} INFO - Filling up the DagBag from /home/beatriz/Documentos/airflow/airflow_venv/lib/python3.10/site-packages/airflow/example_dags/example_branch_day_of_week_operator.py
[2024-12-09T15:22:44.031-0300] {processor.py:840} INFO - DAG(s) 'example_weekday_branch_operator' retrieved from /home/beatriz/Documentos/airflow/airflow_venv/lib/python3.10/site-packages/airflow/example_dags/example_branch_day_of_week_operator.py
[2024-12-09T15:22:44.044-0300] {logging_mixin.py:188} INFO - [2024-12-09T15:22:44.044-0300] {dag.py:3096} INFO - Sync 1 DAGs
[2024-12-09T15:22:44.060-0300] {logging_mixin.py:188} INFO - [2024-12-09T15:22:44.060-0300] {dag.py:3954} INFO - Setting next_dagrun for example_weekday_branch_operator to 2024-12-08 00:00:00+00:00, run_after=2024-12-09 00:00:00+00:00
[2024-12-09T15:22:44.077-0300] {processor.py:183} INFO - Processing /home/beatriz/Documentos/airflow/airflow_venv/lib/python3.10/site-packages/airflow/example_dags/example_branch_day_of_week_operator.py took 0.059 seconds
[2024-12-09T15:23:56.167-0300] {processor.py:161} INFO - Started process (PID=42575) to work on /home/beatriz/Documentos/airflow/airflow_venv/lib/python3.10/site-packages/airflow/example_dags/example_branch_day_of_week_operator.py
[2024-12-09T15:23:56.169-0300] {processor.py:830} INFO - Processing file /home/beatriz/Documentos/airflow/airflow_venv/lib/python3.10/site-packages/airflow/example_dags/example_branch_day_of_week_operator.py for tasks to queue
[2024-12-09T15:23:56.170-0300] {logging_mixin.py:188} INFO - [2024-12-09T15:23:56.170-0300] {dagbag.py:540} INFO - Filling up the DagBag from /home/beatriz/Documentos/airflow/airflow_venv/lib/python3.10/site-packages/airflow/example_dags/example_branch_day_of_week_operator.py
[2024-12-09T15:23:56.176-0300] {processor.py:840} INFO - DAG(s) 'example_weekday_branch_operator' retrieved from /home/beatriz/Documentos/airflow/airflow_venv/lib/python3.10/site-packages/airflow/example_dags/example_branch_day_of_week_operator.py
[2024-12-09T15:23:56.189-0300] {logging_mixin.py:188} INFO - [2024-12-09T15:23:56.188-0300] {dag.py:3096} INFO - Sync 1 DAGs
[2024-12-09T15:23:56.205-0300] {logging_mixin.py:188} INFO - [2024-12-09T15:23:56.204-0300] {dag.py:3954} INFO - Setting next_dagrun for example_weekday_branch_operator to 2024-12-08 00:00:00+00:00, run_after=2024-12-09 00:00:00+00:00
[2024-12-09T15:23:56.221-0300] {processor.py:183} INFO - Processing /home/beatriz/Documentos/airflow/airflow_venv/lib/python3.10/site-packages/airflow/example_dags/example_branch_day_of_week_operator.py took 0.059 seconds
[2024-12-09T15:25:04.090-0300] {processor.py:161} INFO - Started process (PID=43462) to work on /home/beatriz/Documentos/airflow/airflow_venv/lib/python3.10/site-packages/airflow/example_dags/example_branch_day_of_week_operator.py
[2024-12-09T15:25:04.093-0300] {processor.py:830} INFO - Processing file /home/beatriz/Documentos/airflow/airflow_venv/lib/python3.10/site-packages/airflow/example_dags/example_branch_day_of_week_operator.py for tasks to queue
[2024-12-09T15:25:04.097-0300] {logging_mixin.py:188} INFO - [2024-12-09T15:25:04.096-0300] {dagbag.py:540} INFO - Filling up the DagBag from /home/beatriz/Documentos/airflow/airflow_venv/lib/python3.10/site-packages/airflow/example_dags/example_branch_day_of_week_operator.py
[2024-12-09T15:25:04.107-0300] {processor.py:840} INFO - DAG(s) 'example_weekday_branch_operator' retrieved from /home/beatriz/Documentos/airflow/airflow_venv/lib/python3.10/site-packages/airflow/example_dags/example_branch_day_of_week_operator.py
[2024-12-09T15:25:04.119-0300] {logging_mixin.py:188} INFO - [2024-12-09T15:25:04.119-0300] {dag.py:3096} INFO - Sync 1 DAGs
[2024-12-09T15:25:04.135-0300] {logging_mixin.py:188} INFO - [2024-12-09T15:25:04.134-0300] {dag.py:3954} INFO - Setting next_dagrun for example_weekday_branch_operator to 2024-12-08 00:00:00+00:00, run_after=2024-12-09 00:00:00+00:00
[2024-12-09T15:25:04.153-0300] {processor.py:183} INFO - Processing /home/beatriz/Documentos/airflow/airflow_venv/lib/python3.10/site-packages/airflow/example_dags/example_branch_day_of_week_operator.py took 0.076 seconds
[2024-12-09T15:26:15.266-0300] {processor.py:161} INFO - Started process (PID=43933) to work on /home/beatriz/Documentos/airflow/airflow_venv/lib/python3.10/site-packages/airflow/example_dags/example_branch_day_of_week_operator.py
[2024-12-09T15:26:15.267-0300] {processor.py:830} INFO - Processing file /home/beatriz/Documentos/airflow/airflow_venv/lib/python3.10/site-packages/airflow/example_dags/example_branch_day_of_week_operator.py for tasks to queue
[2024-12-09T15:26:15.268-0300] {logging_mixin.py:188} INFO - [2024-12-09T15:26:15.268-0300] {dagbag.py:540} INFO - Filling up the DagBag from /home/beatriz/Documentos/airflow/airflow_venv/lib/python3.10/site-packages/airflow/example_dags/example_branch_day_of_week_operator.py
[2024-12-09T15:26:15.277-0300] {processor.py:840} INFO - DAG(s) 'example_weekday_branch_operator' retrieved from /home/beatriz/Documentos/airflow/airflow_venv/lib/python3.10/site-packages/airflow/example_dags/example_branch_day_of_week_operator.py
[2024-12-09T15:26:15.294-0300] {logging_mixin.py:188} INFO - [2024-12-09T15:26:15.294-0300] {dag.py:3096} INFO - Sync 1 DAGs
[2024-12-09T15:26:15.318-0300] {logging_mixin.py:188} INFO - [2024-12-09T15:26:15.318-0300] {dag.py:3954} INFO - Setting next_dagrun for example_weekday_branch_operator to 2024-12-08 00:00:00+00:00, run_after=2024-12-09 00:00:00+00:00
[2024-12-09T15:26:15.343-0300] {processor.py:183} INFO - Processing /home/beatriz/Documentos/airflow/airflow_venv/lib/python3.10/site-packages/airflow/example_dags/example_branch_day_of_week_operator.py took 0.083 seconds
[2024-12-09T15:27:32.864-0300] {processor.py:161} INFO - Started process (PID=45126) to work on /home/beatriz/Documentos/airflow/airflow_venv/lib/python3.10/site-packages/airflow/example_dags/example_branch_day_of_week_operator.py
[2024-12-09T15:27:32.865-0300] {processor.py:830} INFO - Processing file /home/beatriz/Documentos/airflow/airflow_venv/lib/python3.10/site-packages/airflow/example_dags/example_branch_day_of_week_operator.py for tasks to queue
[2024-12-09T15:27:32.866-0300] {logging_mixin.py:188} INFO - [2024-12-09T15:27:32.866-0300] {dagbag.py:540} INFO - Filling up the DagBag from /home/beatriz/Documentos/airflow/airflow_venv/lib/python3.10/site-packages/airflow/example_dags/example_branch_day_of_week_operator.py
[2024-12-09T15:27:32.873-0300] {processor.py:840} INFO - DAG(s) 'example_weekday_branch_operator' retrieved from /home/beatriz/Documentos/airflow/airflow_venv/lib/python3.10/site-packages/airflow/example_dags/example_branch_day_of_week_operator.py
[2024-12-09T15:27:32.886-0300] {logging_mixin.py:188} INFO - [2024-12-09T15:27:32.885-0300] {dag.py:3096} INFO - Sync 1 DAGs
[2024-12-09T15:27:32.901-0300] {logging_mixin.py:188} INFO - [2024-12-09T15:27:32.901-0300] {dag.py:3954} INFO - Setting next_dagrun for example_weekday_branch_operator to 2024-12-08 00:00:00+00:00, run_after=2024-12-09 00:00:00+00:00
[2024-12-09T15:27:32.918-0300] {processor.py:183} INFO - Processing /home/beatriz/Documentos/airflow/airflow_venv/lib/python3.10/site-packages/airflow/example_dags/example_branch_day_of_week_operator.py took 0.058 seconds
[2024-12-09T15:28:48.917-0300] {processor.py:161} INFO - Started process (PID=46879) to work on /home/beatriz/Documentos/airflow/airflow_venv/lib/python3.10/site-packages/airflow/example_dags/example_branch_day_of_week_operator.py
[2024-12-09T15:28:48.919-0300] {processor.py:830} INFO - Processing file /home/beatriz/Documentos/airflow/airflow_venv/lib/python3.10/site-packages/airflow/example_dags/example_branch_day_of_week_operator.py for tasks to queue
[2024-12-09T15:28:48.920-0300] {logging_mixin.py:188} INFO - [2024-12-09T15:28:48.920-0300] {dagbag.py:540} INFO - Filling up the DagBag from /home/beatriz/Documentos/airflow/airflow_venv/lib/python3.10/site-packages/airflow/example_dags/example_branch_day_of_week_operator.py
[2024-12-09T15:28:48.926-0300] {processor.py:840} INFO - DAG(s) 'example_weekday_branch_operator' retrieved from /home/beatriz/Documentos/airflow/airflow_venv/lib/python3.10/site-packages/airflow/example_dags/example_branch_day_of_week_operator.py
[2024-12-09T15:28:48.939-0300] {logging_mixin.py:188} INFO - [2024-12-09T15:28:48.938-0300] {dag.py:3096} INFO - Sync 1 DAGs
[2024-12-09T15:28:48.954-0300] {logging_mixin.py:188} INFO - [2024-12-09T15:28:48.954-0300] {dag.py:3954} INFO - Setting next_dagrun for example_weekday_branch_operator to 2024-12-08 00:00:00+00:00, run_after=2024-12-09 00:00:00+00:00
[2024-12-09T15:28:48.970-0300] {processor.py:183} INFO - Processing /home/beatriz/Documentos/airflow/airflow_venv/lib/python3.10/site-packages/airflow/example_dags/example_branch_day_of_week_operator.py took 0.058 seconds
[2024-12-09T15:29:45.141-0300] {processor.py:161} INFO - Started process (PID=47987) to work on /home/beatriz/Documentos/airflow/airflow_venv/lib/python3.10/site-packages/airflow/example_dags/example_branch_day_of_week_operator.py
[2024-12-09T15:29:45.142-0300] {processor.py:830} INFO - Processing file /home/beatriz/Documentos/airflow/airflow_venv/lib/python3.10/site-packages/airflow/example_dags/example_branch_day_of_week_operator.py for tasks to queue
[2024-12-09T15:29:45.143-0300] {logging_mixin.py:188} INFO - [2024-12-09T15:29:45.143-0300] {dagbag.py:540} INFO - Filling up the DagBag from /home/beatriz/Documentos/airflow/airflow_venv/lib/python3.10/site-packages/airflow/example_dags/example_branch_day_of_week_operator.py
[2024-12-09T15:29:45.151-0300] {processor.py:840} INFO - DAG(s) 'example_weekday_branch_operator' retrieved from /home/beatriz/Documentos/airflow/airflow_venv/lib/python3.10/site-packages/airflow/example_dags/example_branch_day_of_week_operator.py
[2024-12-09T15:29:45.164-0300] {logging_mixin.py:188} INFO - [2024-12-09T15:29:45.164-0300] {dag.py:3096} INFO - Sync 1 DAGs
[2024-12-09T15:29:45.183-0300] {logging_mixin.py:188} INFO - [2024-12-09T15:29:45.183-0300] {dag.py:3954} INFO - Setting next_dagrun for example_weekday_branch_operator to 2024-12-08 00:00:00+00:00, run_after=2024-12-09 00:00:00+00:00
[2024-12-09T15:29:45.204-0300] {processor.py:183} INFO - Processing /home/beatriz/Documentos/airflow/airflow_venv/lib/python3.10/site-packages/airflow/example_dags/example_branch_day_of_week_operator.py took 0.068 seconds
[2024-12-09T15:31:03.650-0300] {processor.py:161} INFO - Started process (PID=48927) to work on /home/beatriz/Documentos/airflow/airflow_venv/lib/python3.10/site-packages/airflow/example_dags/example_branch_day_of_week_operator.py
[2024-12-09T15:31:03.651-0300] {processor.py:830} INFO - Processing file /home/beatriz/Documentos/airflow/airflow_venv/lib/python3.10/site-packages/airflow/example_dags/example_branch_day_of_week_operator.py for tasks to queue
[2024-12-09T15:31:03.652-0300] {logging_mixin.py:188} INFO - [2024-12-09T15:31:03.652-0300] {dagbag.py:540} INFO - Filling up the DagBag from /home/beatriz/Documentos/airflow/airflow_venv/lib/python3.10/site-packages/airflow/example_dags/example_branch_day_of_week_operator.py
[2024-12-09T15:31:03.658-0300] {processor.py:840} INFO - DAG(s) 'example_weekday_branch_operator' retrieved from /home/beatriz/Documentos/airflow/airflow_venv/lib/python3.10/site-packages/airflow/example_dags/example_branch_day_of_week_operator.py
[2024-12-09T15:31:03.671-0300] {logging_mixin.py:188} INFO - [2024-12-09T15:31:03.670-0300] {dag.py:3096} INFO - Sync 1 DAGs
[2024-12-09T15:31:03.686-0300] {logging_mixin.py:188} INFO - [2024-12-09T15:31:03.686-0300] {dag.py:3954} INFO - Setting next_dagrun for example_weekday_branch_operator to 2024-12-08 00:00:00+00:00, run_after=2024-12-09 00:00:00+00:00
[2024-12-09T15:31:03.703-0300] {processor.py:183} INFO - Processing /home/beatriz/Documentos/airflow/airflow_venv/lib/python3.10/site-packages/airflow/example_dags/example_branch_day_of_week_operator.py took 0.057 seconds
[2024-12-09T15:32:23.032-0300] {processor.py:161} INFO - Started process (PID=49250) to work on /home/beatriz/Documentos/airflow/airflow_venv/lib/python3.10/site-packages/airflow/example_dags/example_branch_day_of_week_operator.py
[2024-12-09T15:32:23.034-0300] {processor.py:830} INFO - Processing file /home/beatriz/Documentos/airflow/airflow_venv/lib/python3.10/site-packages/airflow/example_dags/example_branch_day_of_week_operator.py for tasks to queue
[2024-12-09T15:32:23.035-0300] {logging_mixin.py:188} INFO - [2024-12-09T15:32:23.035-0300] {dagbag.py:540} INFO - Filling up the DagBag from /home/beatriz/Documentos/airflow/airflow_venv/lib/python3.10/site-packages/airflow/example_dags/example_branch_day_of_week_operator.py
[2024-12-09T15:32:23.044-0300] {processor.py:840} INFO - DAG(s) 'example_weekday_branch_operator' retrieved from /home/beatriz/Documentos/airflow/airflow_venv/lib/python3.10/site-packages/airflow/example_dags/example_branch_day_of_week_operator.py
[2024-12-09T15:32:23.062-0300] {logging_mixin.py:188} INFO - [2024-12-09T15:32:23.061-0300] {dag.py:3096} INFO - Sync 1 DAGs
[2024-12-09T15:32:23.078-0300] {logging_mixin.py:188} INFO - [2024-12-09T15:32:23.077-0300] {dag.py:3954} INFO - Setting next_dagrun for example_weekday_branch_operator to 2024-12-08 00:00:00+00:00, run_after=2024-12-09 00:00:00+00:00
[2024-12-09T15:32:23.094-0300] {processor.py:183} INFO - Processing /home/beatriz/Documentos/airflow/airflow_venv/lib/python3.10/site-packages/airflow/example_dags/example_branch_day_of_week_operator.py took 0.067 seconds
[2024-12-09T15:33:49.341-0300] {processor.py:161} INFO - Started process (PID=50283) to work on /home/beatriz/Documentos/airflow/airflow_venv/lib/python3.10/site-packages/airflow/example_dags/example_branch_day_of_week_operator.py
[2024-12-09T15:33:49.344-0300] {processor.py:830} INFO - Processing file /home/beatriz/Documentos/airflow/airflow_venv/lib/python3.10/site-packages/airflow/example_dags/example_branch_day_of_week_operator.py for tasks to queue
[2024-12-09T15:33:49.347-0300] {logging_mixin.py:188} INFO - [2024-12-09T15:33:49.346-0300] {dagbag.py:540} INFO - Filling up the DagBag from /home/beatriz/Documentos/airflow/airflow_venv/lib/python3.10/site-packages/airflow/example_dags/example_branch_day_of_week_operator.py
[2024-12-09T15:33:49.360-0300] {processor.py:840} INFO - DAG(s) 'example_weekday_branch_operator' retrieved from /home/beatriz/Documentos/airflow/airflow_venv/lib/python3.10/site-packages/airflow/example_dags/example_branch_day_of_week_operator.py
[2024-12-09T15:33:49.431-0300] {logging_mixin.py:188} INFO - [2024-12-09T15:33:49.431-0300] {dag.py:3096} INFO - Sync 1 DAGs
[2024-12-09T15:33:49.450-0300] {logging_mixin.py:188} INFO - [2024-12-09T15:33:49.450-0300] {dag.py:3954} INFO - Setting next_dagrun for example_weekday_branch_operator to 2024-12-08 00:00:00+00:00, run_after=2024-12-09 00:00:00+00:00
[2024-12-09T15:33:49.469-0300] {processor.py:183} INFO - Processing /home/beatriz/Documentos/airflow/airflow_venv/lib/python3.10/site-packages/airflow/example_dags/example_branch_day_of_week_operator.py took 0.138 seconds
[2024-12-09T15:34:01.924-0300] {processor.py:161} INFO - Started process (PID=50311) to work on /home/beatriz/Documentos/airflow/airflow_venv/lib/python3.10/site-packages/airflow/example_dags/example_branch_day_of_week_operator.py
[2024-12-09T15:34:01.924-0300] {processor.py:830} INFO - Processing file /home/beatriz/Documentos/airflow/airflow_venv/lib/python3.10/site-packages/airflow/example_dags/example_branch_day_of_week_operator.py for tasks to queue
[2024-12-09T15:34:01.925-0300] {logging_mixin.py:188} INFO - [2024-12-09T15:34:01.925-0300] {dagbag.py:540} INFO - Filling up the DagBag from /home/beatriz/Documentos/airflow/airflow_venv/lib/python3.10/site-packages/airflow/example_dags/example_branch_day_of_week_operator.py
[2024-12-09T15:34:01.931-0300] {processor.py:840} INFO - DAG(s) 'example_weekday_branch_operator' retrieved from /home/beatriz/Documentos/airflow/airflow_venv/lib/python3.10/site-packages/airflow/example_dags/example_branch_day_of_week_operator.py
[2024-12-09T15:34:01.937-0300] {logging_mixin.py:188} INFO - [2024-12-09T15:34:01.937-0300] {dag.py:3096} INFO - Sync 1 DAGs
[2024-12-09T15:34:01.952-0300] {logging_mixin.py:188} INFO - [2024-12-09T15:34:01.952-0300] {dag.py:3954} INFO - Setting next_dagrun for example_weekday_branch_operator to 2024-12-08 00:00:00+00:00, run_after=2024-12-09 00:00:00+00:00
[2024-12-09T15:34:01.974-0300] {processor.py:183} INFO - Processing /home/beatriz/Documentos/airflow/airflow_venv/lib/python3.10/site-packages/airflow/example_dags/example_branch_day_of_week_operator.py took 0.055 seconds
[2024-12-09T15:35:07.648-0300] {processor.py:161} INFO - Started process (PID=50994) to work on /home/beatriz/Documentos/airflow/airflow_venv/lib/python3.10/site-packages/airflow/example_dags/example_branch_day_of_week_operator.py
[2024-12-09T15:35:07.650-0300] {processor.py:830} INFO - Processing file /home/beatriz/Documentos/airflow/airflow_venv/lib/python3.10/site-packages/airflow/example_dags/example_branch_day_of_week_operator.py for tasks to queue
[2024-12-09T15:35:07.651-0300] {logging_mixin.py:188} INFO - [2024-12-09T15:35:07.651-0300] {dagbag.py:540} INFO - Filling up the DagBag from /home/beatriz/Documentos/airflow/airflow_venv/lib/python3.10/site-packages/airflow/example_dags/example_branch_day_of_week_operator.py
[2024-12-09T15:35:07.657-0300] {processor.py:840} INFO - DAG(s) 'example_weekday_branch_operator' retrieved from /home/beatriz/Documentos/airflow/airflow_venv/lib/python3.10/site-packages/airflow/example_dags/example_branch_day_of_week_operator.py
[2024-12-09T15:35:07.669-0300] {logging_mixin.py:188} INFO - [2024-12-09T15:35:07.669-0300] {dag.py:3096} INFO - Sync 1 DAGs
[2024-12-09T15:35:07.685-0300] {logging_mixin.py:188} INFO - [2024-12-09T15:35:07.685-0300] {dag.py:3954} INFO - Setting next_dagrun for example_weekday_branch_operator to 2024-12-08 00:00:00+00:00, run_after=2024-12-09 00:00:00+00:00
[2024-12-09T15:35:07.702-0300] {processor.py:183} INFO - Processing /home/beatriz/Documentos/airflow/airflow_venv/lib/python3.10/site-packages/airflow/example_dags/example_branch_day_of_week_operator.py took 0.058 seconds
[2024-12-09T15:36:19.819-0300] {processor.py:161} INFO - Started process (PID=51410) to work on /home/beatriz/Documentos/airflow/airflow_venv/lib/python3.10/site-packages/airflow/example_dags/example_branch_day_of_week_operator.py
[2024-12-09T15:36:19.821-0300] {processor.py:830} INFO - Processing file /home/beatriz/Documentos/airflow/airflow_venv/lib/python3.10/site-packages/airflow/example_dags/example_branch_day_of_week_operator.py for tasks to queue
[2024-12-09T15:36:19.822-0300] {logging_mixin.py:188} INFO - [2024-12-09T15:36:19.822-0300] {dagbag.py:540} INFO - Filling up the DagBag from /home/beatriz/Documentos/airflow/airflow_venv/lib/python3.10/site-packages/airflow/example_dags/example_branch_day_of_week_operator.py
[2024-12-09T15:36:19.828-0300] {processor.py:840} INFO - DAG(s) 'example_weekday_branch_operator' retrieved from /home/beatriz/Documentos/airflow/airflow_venv/lib/python3.10/site-packages/airflow/example_dags/example_branch_day_of_week_operator.py
[2024-12-09T15:36:19.841-0300] {logging_mixin.py:188} INFO - [2024-12-09T15:36:19.841-0300] {dag.py:3096} INFO - Sync 1 DAGs
[2024-12-09T15:36:19.856-0300] {logging_mixin.py:188} INFO - [2024-12-09T15:36:19.856-0300] {dag.py:3954} INFO - Setting next_dagrun for example_weekday_branch_operator to 2024-12-08 00:00:00+00:00, run_after=2024-12-09 00:00:00+00:00
[2024-12-09T15:36:19.873-0300] {processor.py:183} INFO - Processing /home/beatriz/Documentos/airflow/airflow_venv/lib/python3.10/site-packages/airflow/example_dags/example_branch_day_of_week_operator.py took 0.058 seconds
[2024-12-09T15:43:52.092-0300] {processor.py:161} INFO - Started process (PID=6106) to work on /home/beatriz/Documentos/airflow/airflow_venv/lib/python3.10/site-packages/airflow/example_dags/example_branch_day_of_week_operator.py
[2024-12-09T15:43:52.094-0300] {processor.py:830} INFO - Processing file /home/beatriz/Documentos/airflow/airflow_venv/lib/python3.10/site-packages/airflow/example_dags/example_branch_day_of_week_operator.py for tasks to queue
[2024-12-09T15:43:52.096-0300] {logging_mixin.py:188} INFO - [2024-12-09T15:43:52.095-0300] {dagbag.py:540} INFO - Filling up the DagBag from /home/beatriz/Documentos/airflow/airflow_venv/lib/python3.10/site-packages/airflow/example_dags/example_branch_day_of_week_operator.py
[2024-12-09T15:43:52.101-0300] {processor.py:840} INFO - DAG(s) 'example_weekday_branch_operator' retrieved from /home/beatriz/Documentos/airflow/airflow_venv/lib/python3.10/site-packages/airflow/example_dags/example_branch_day_of_week_operator.py
[2024-12-09T15:43:52.188-0300] {logging_mixin.py:188} INFO - [2024-12-09T15:43:52.188-0300] {dag.py:3096} INFO - Sync 1 DAGs
[2024-12-09T15:43:52.206-0300] {logging_mixin.py:188} INFO - [2024-12-09T15:43:52.205-0300] {dag.py:3954} INFO - Setting next_dagrun for example_weekday_branch_operator to 2024-12-08 00:00:00+00:00, run_after=2024-12-09 00:00:00+00:00
[2024-12-09T15:43:52.316-0300] {processor.py:183} INFO - Processing /home/beatriz/Documentos/airflow/airflow_venv/lib/python3.10/site-packages/airflow/example_dags/example_branch_day_of_week_operator.py took 0.228 seconds
[2024-12-09T15:51:08.031-0300] {processor.py:161} INFO - Started process (PID=8215) to work on /home/beatriz/Documentos/airflow/airflow_venv/lib/python3.10/site-packages/airflow/example_dags/example_branch_day_of_week_operator.py
[2024-12-09T15:51:08.031-0300] {processor.py:830} INFO - Processing file /home/beatriz/Documentos/airflow/airflow_venv/lib/python3.10/site-packages/airflow/example_dags/example_branch_day_of_week_operator.py for tasks to queue
[2024-12-09T15:51:08.033-0300] {logging_mixin.py:188} INFO - [2024-12-09T15:51:08.032-0300] {dagbag.py:540} INFO - Filling up the DagBag from /home/beatriz/Documentos/airflow/airflow_venv/lib/python3.10/site-packages/airflow/example_dags/example_branch_day_of_week_operator.py
[2024-12-09T15:51:08.040-0300] {processor.py:840} INFO - DAG(s) 'example_weekday_branch_operator' retrieved from /home/beatriz/Documentos/airflow/airflow_venv/lib/python3.10/site-packages/airflow/example_dags/example_branch_day_of_week_operator.py
[2024-12-09T15:51:08.107-0300] {logging_mixin.py:188} INFO - [2024-12-09T15:51:08.107-0300] {dag.py:3096} INFO - Sync 1 DAGs
[2024-12-09T15:51:08.120-0300] {logging_mixin.py:188} INFO - [2024-12-09T15:51:08.119-0300] {dag.py:3954} INFO - Setting next_dagrun for example_weekday_branch_operator to 2024-12-08 00:00:00+00:00, run_after=2024-12-09 00:00:00+00:00
[2024-12-09T15:51:08.138-0300] {processor.py:183} INFO - Processing /home/beatriz/Documentos/airflow/airflow_venv/lib/python3.10/site-packages/airflow/example_dags/example_branch_day_of_week_operator.py took 0.112 seconds
[2024-12-09T15:52:09.270-0300] {processor.py:161} INFO - Started process (PID=8576) to work on /home/beatriz/Documentos/airflow/airflow_venv/lib/python3.10/site-packages/airflow/example_dags/example_branch_day_of_week_operator.py
[2024-12-09T15:52:09.272-0300] {processor.py:830} INFO - Processing file /home/beatriz/Documentos/airflow/airflow_venv/lib/python3.10/site-packages/airflow/example_dags/example_branch_day_of_week_operator.py for tasks to queue
[2024-12-09T15:52:09.274-0300] {logging_mixin.py:188} INFO - [2024-12-09T15:52:09.273-0300] {dagbag.py:540} INFO - Filling up the DagBag from /home/beatriz/Documentos/airflow/airflow_venv/lib/python3.10/site-packages/airflow/example_dags/example_branch_day_of_week_operator.py
[2024-12-09T15:52:09.280-0300] {processor.py:840} INFO - DAG(s) 'example_weekday_branch_operator' retrieved from /home/beatriz/Documentos/airflow/airflow_venv/lib/python3.10/site-packages/airflow/example_dags/example_branch_day_of_week_operator.py
[2024-12-09T15:52:09.293-0300] {logging_mixin.py:188} INFO - [2024-12-09T15:52:09.293-0300] {dag.py:3096} INFO - Sync 1 DAGs
[2024-12-09T15:52:09.308-0300] {logging_mixin.py:188} INFO - [2024-12-09T15:52:09.308-0300] {dag.py:3954} INFO - Setting next_dagrun for example_weekday_branch_operator to 2024-12-08 00:00:00+00:00, run_after=2024-12-09 00:00:00+00:00
[2024-12-09T15:52:09.324-0300] {processor.py:183} INFO - Processing /home/beatriz/Documentos/airflow/airflow_venv/lib/python3.10/site-packages/airflow/example_dags/example_branch_day_of_week_operator.py took 0.057 seconds
[2024-12-09T15:53:06.815-0300] {processor.py:161} INFO - Started process (PID=9033) to work on /home/beatriz/Documentos/airflow/airflow_venv/lib/python3.10/site-packages/airflow/example_dags/example_branch_day_of_week_operator.py
[2024-12-09T15:53:06.818-0300] {processor.py:830} INFO - Processing file /home/beatriz/Documentos/airflow/airflow_venv/lib/python3.10/site-packages/airflow/example_dags/example_branch_day_of_week_operator.py for tasks to queue
[2024-12-09T15:53:06.821-0300] {logging_mixin.py:188} INFO - [2024-12-09T15:53:06.820-0300] {dagbag.py:540} INFO - Filling up the DagBag from /home/beatriz/Documentos/airflow/airflow_venv/lib/python3.10/site-packages/airflow/example_dags/example_branch_day_of_week_operator.py
[2024-12-09T15:53:06.834-0300] {processor.py:840} INFO - DAG(s) 'example_weekday_branch_operator' retrieved from /home/beatriz/Documentos/airflow/airflow_venv/lib/python3.10/site-packages/airflow/example_dags/example_branch_day_of_week_operator.py
[2024-12-09T15:53:06.850-0300] {logging_mixin.py:188} INFO - [2024-12-09T15:53:06.850-0300] {dag.py:3096} INFO - Sync 1 DAGs
[2024-12-09T15:53:06.932-0300] {logging_mixin.py:188} INFO - [2024-12-09T15:53:06.932-0300] {dag.py:3954} INFO - Setting next_dagrun for example_weekday_branch_operator to 2024-12-08 00:00:00+00:00, run_after=2024-12-09 00:00:00+00:00
[2024-12-09T15:53:06.952-0300] {processor.py:183} INFO - Processing /home/beatriz/Documentos/airflow/airflow_venv/lib/python3.10/site-packages/airflow/example_dags/example_branch_day_of_week_operator.py took 0.147 seconds
[2024-12-09T15:54:05.316-0300] {processor.py:161} INFO - Started process (PID=9473) to work on /home/beatriz/Documentos/airflow/airflow_venv/lib/python3.10/site-packages/airflow/example_dags/example_branch_day_of_week_operator.py
[2024-12-09T15:54:05.319-0300] {processor.py:830} INFO - Processing file /home/beatriz/Documentos/airflow/airflow_venv/lib/python3.10/site-packages/airflow/example_dags/example_branch_day_of_week_operator.py for tasks to queue
[2024-12-09T15:54:05.322-0300] {logging_mixin.py:188} INFO - [2024-12-09T15:54:05.321-0300] {dagbag.py:540} INFO - Filling up the DagBag from /home/beatriz/Documentos/airflow/airflow_venv/lib/python3.10/site-packages/airflow/example_dags/example_branch_day_of_week_operator.py
[2024-12-09T15:54:05.335-0300] {processor.py:840} INFO - DAG(s) 'example_weekday_branch_operator' retrieved from /home/beatriz/Documentos/airflow/airflow_venv/lib/python3.10/site-packages/airflow/example_dags/example_branch_day_of_week_operator.py
[2024-12-09T15:54:05.350-0300] {logging_mixin.py:188} INFO - [2024-12-09T15:54:05.350-0300] {dag.py:3096} INFO - Sync 1 DAGs
[2024-12-09T15:54:05.365-0300] {logging_mixin.py:188} INFO - [2024-12-09T15:54:05.365-0300] {dag.py:3954} INFO - Setting next_dagrun for example_weekday_branch_operator to 2024-12-08 00:00:00+00:00, run_after=2024-12-09 00:00:00+00:00
[2024-12-09T15:54:05.382-0300] {processor.py:183} INFO - Processing /home/beatriz/Documentos/airflow/airflow_venv/lib/python3.10/site-packages/airflow/example_dags/example_branch_day_of_week_operator.py took 0.078 seconds
[2024-12-09T15:57:15.767-0300] {processor.py:161} INFO - Started process (PID=12018) to work on /home/beatriz/Documentos/airflow/airflow_venv/lib/python3.10/site-packages/airflow/example_dags/example_branch_day_of_week_operator.py
[2024-12-09T15:57:15.769-0300] {processor.py:830} INFO - Processing file /home/beatriz/Documentos/airflow/airflow_venv/lib/python3.10/site-packages/airflow/example_dags/example_branch_day_of_week_operator.py for tasks to queue
[2024-12-09T15:57:15.772-0300] {logging_mixin.py:188} INFO - [2024-12-09T15:57:15.771-0300] {dagbag.py:540} INFO - Filling up the DagBag from /home/beatriz/Documentos/airflow/airflow_venv/lib/python3.10/site-packages/airflow/example_dags/example_branch_day_of_week_operator.py
[2024-12-09T15:57:15.786-0300] {processor.py:840} INFO - DAG(s) 'example_weekday_branch_operator' retrieved from /home/beatriz/Documentos/airflow/airflow_venv/lib/python3.10/site-packages/airflow/example_dags/example_branch_day_of_week_operator.py
[2024-12-09T15:57:15.859-0300] {logging_mixin.py:188} INFO - [2024-12-09T15:57:15.859-0300] {dag.py:3096} INFO - Sync 1 DAGs
[2024-12-09T15:57:15.871-0300] {logging_mixin.py:188} INFO - [2024-12-09T15:57:15.871-0300] {dag.py:3954} INFO - Setting next_dagrun for example_weekday_branch_operator to 2024-12-08 00:00:00+00:00, run_after=2024-12-09 00:00:00+00:00
[2024-12-09T15:57:15.889-0300] {processor.py:183} INFO - Processing /home/beatriz/Documentos/airflow/airflow_venv/lib/python3.10/site-packages/airflow/example_dags/example_branch_day_of_week_operator.py took 0.133 seconds
[2024-12-09T15:59:50.968-0300] {processor.py:161} INFO - Started process (PID=15757) to work on /home/beatriz/Documentos/airflow/airflow_venv/lib/python3.10/site-packages/airflow/example_dags/example_branch_day_of_week_operator.py
[2024-12-09T15:59:50.971-0300] {processor.py:830} INFO - Processing file /home/beatriz/Documentos/airflow/airflow_venv/lib/python3.10/site-packages/airflow/example_dags/example_branch_day_of_week_operator.py for tasks to queue
[2024-12-09T15:59:50.974-0300] {logging_mixin.py:188} INFO - [2024-12-09T15:59:50.973-0300] {dagbag.py:540} INFO - Filling up the DagBag from /home/beatriz/Documentos/airflow/airflow_venv/lib/python3.10/site-packages/airflow/example_dags/example_branch_day_of_week_operator.py
[2024-12-09T15:59:50.988-0300] {processor.py:840} INFO - DAG(s) 'example_weekday_branch_operator' retrieved from /home/beatriz/Documentos/airflow/airflow_venv/lib/python3.10/site-packages/airflow/example_dags/example_branch_day_of_week_operator.py
[2024-12-09T15:59:51.004-0300] {logging_mixin.py:188} INFO - [2024-12-09T15:59:51.004-0300] {dag.py:3096} INFO - Sync 1 DAGs
[2024-12-09T15:59:51.020-0300] {logging_mixin.py:188} INFO - [2024-12-09T15:59:51.020-0300] {dag.py:3954} INFO - Setting next_dagrun for example_weekday_branch_operator to 2024-12-08 00:00:00+00:00, run_after=2024-12-09 00:00:00+00:00
[2024-12-09T15:59:51.039-0300] {processor.py:183} INFO - Processing /home/beatriz/Documentos/airflow/airflow_venv/lib/python3.10/site-packages/airflow/example_dags/example_branch_day_of_week_operator.py took 0.081 seconds
[2024-12-09T16:29:05.232-0300] {processor.py:161} INFO - Started process (PID=20853) to work on /home/beatriz/Documentos/airflow/airflow_venv/lib/python3.10/site-packages/airflow/example_dags/example_branch_day_of_week_operator.py
[2024-12-09T16:29:05.234-0300] {processor.py:830} INFO - Processing file /home/beatriz/Documentos/airflow/airflow_venv/lib/python3.10/site-packages/airflow/example_dags/example_branch_day_of_week_operator.py for tasks to queue
[2024-12-09T16:29:05.236-0300] {logging_mixin.py:188} INFO - [2024-12-09T16:29:05.235-0300] {dagbag.py:540} INFO - Filling up the DagBag from /home/beatriz/Documentos/airflow/airflow_venv/lib/python3.10/site-packages/airflow/example_dags/example_branch_day_of_week_operator.py
[2024-12-09T16:29:05.244-0300] {processor.py:840} INFO - DAG(s) 'example_weekday_branch_operator' retrieved from /home/beatriz/Documentos/airflow/airflow_venv/lib/python3.10/site-packages/airflow/example_dags/example_branch_day_of_week_operator.py
[2024-12-09T16:29:05.328-0300] {logging_mixin.py:188} INFO - [2024-12-09T16:29:05.328-0300] {dag.py:3096} INFO - Sync 1 DAGs
[2024-12-09T16:29:05.343-0300] {logging_mixin.py:188} INFO - [2024-12-09T16:29:05.343-0300] {dag.py:3954} INFO - Setting next_dagrun for example_weekday_branch_operator to 2024-12-08 00:00:00+00:00, run_after=2024-12-09 00:00:00+00:00
[2024-12-09T16:29:05.439-0300] {processor.py:183} INFO - Processing /home/beatriz/Documentos/airflow/airflow_venv/lib/python3.10/site-packages/airflow/example_dags/example_branch_day_of_week_operator.py took 0.212 seconds
[2024-12-09T16:30:06.338-0300] {processor.py:161} INFO - Started process (PID=21713) to work on /home/beatriz/Documentos/airflow/airflow_venv/lib/python3.10/site-packages/airflow/example_dags/example_branch_day_of_week_operator.py
[2024-12-09T16:30:06.340-0300] {processor.py:830} INFO - Processing file /home/beatriz/Documentos/airflow/airflow_venv/lib/python3.10/site-packages/airflow/example_dags/example_branch_day_of_week_operator.py for tasks to queue
[2024-12-09T16:30:06.341-0300] {logging_mixin.py:188} INFO - [2024-12-09T16:30:06.340-0300] {dagbag.py:540} INFO - Filling up the DagBag from /home/beatriz/Documentos/airflow/airflow_venv/lib/python3.10/site-packages/airflow/example_dags/example_branch_day_of_week_operator.py
[2024-12-09T16:30:06.346-0300] {processor.py:840} INFO - DAG(s) 'example_weekday_branch_operator' retrieved from /home/beatriz/Documentos/airflow/airflow_venv/lib/python3.10/site-packages/airflow/example_dags/example_branch_day_of_week_operator.py
[2024-12-09T16:30:06.359-0300] {logging_mixin.py:188} INFO - [2024-12-09T16:30:06.359-0300] {dag.py:3096} INFO - Sync 1 DAGs
[2024-12-09T16:30:06.374-0300] {logging_mixin.py:188} INFO - [2024-12-09T16:30:06.374-0300] {dag.py:3954} INFO - Setting next_dagrun for example_weekday_branch_operator to 2024-12-08 00:00:00+00:00, run_after=2024-12-09 00:00:00+00:00
[2024-12-09T16:30:06.391-0300] {processor.py:183} INFO - Processing /home/beatriz/Documentos/airflow/airflow_venv/lib/python3.10/site-packages/airflow/example_dags/example_branch_day_of_week_operator.py took 0.058 seconds
[2024-12-09T16:47:31.114-0300] {processor.py:161} INFO - Started process (PID=24309) to work on /home/beatriz/Documentos/airflow/airflow_venv/lib/python3.10/site-packages/airflow/example_dags/example_branch_day_of_week_operator.py
[2024-12-09T16:47:31.115-0300] {processor.py:830} INFO - Processing file /home/beatriz/Documentos/airflow/airflow_venv/lib/python3.10/site-packages/airflow/example_dags/example_branch_day_of_week_operator.py for tasks to queue
[2024-12-09T16:47:31.116-0300] {logging_mixin.py:188} INFO - [2024-12-09T16:47:31.116-0300] {dagbag.py:540} INFO - Filling up the DagBag from /home/beatriz/Documentos/airflow/airflow_venv/lib/python3.10/site-packages/airflow/example_dags/example_branch_day_of_week_operator.py
[2024-12-09T16:47:31.122-0300] {processor.py:840} INFO - DAG(s) 'example_weekday_branch_operator' retrieved from /home/beatriz/Documentos/airflow/airflow_venv/lib/python3.10/site-packages/airflow/example_dags/example_branch_day_of_week_operator.py
[2024-12-09T16:47:31.190-0300] {logging_mixin.py:188} INFO - [2024-12-09T16:47:31.190-0300] {dag.py:3096} INFO - Sync 1 DAGs
[2024-12-09T16:47:31.202-0300] {logging_mixin.py:188} INFO - [2024-12-09T16:47:31.202-0300] {dag.py:3954} INFO - Setting next_dagrun for example_weekday_branch_operator to 2024-12-08 00:00:00+00:00, run_after=2024-12-09 00:00:00+00:00
[2024-12-09T16:47:31.222-0300] {processor.py:183} INFO - Processing /home/beatriz/Documentos/airflow/airflow_venv/lib/python3.10/site-packages/airflow/example_dags/example_branch_day_of_week_operator.py took 0.113 seconds
[2024-12-09T16:48:28.735-0300] {processor.py:161} INFO - Started process (PID=24934) to work on /home/beatriz/Documentos/airflow/airflow_venv/lib/python3.10/site-packages/airflow/example_dags/example_branch_day_of_week_operator.py
[2024-12-09T16:48:28.736-0300] {processor.py:830} INFO - Processing file /home/beatriz/Documentos/airflow/airflow_venv/lib/python3.10/site-packages/airflow/example_dags/example_branch_day_of_week_operator.py for tasks to queue
[2024-12-09T16:48:28.738-0300] {logging_mixin.py:188} INFO - [2024-12-09T16:48:28.737-0300] {dagbag.py:540} INFO - Filling up the DagBag from /home/beatriz/Documentos/airflow/airflow_venv/lib/python3.10/site-packages/airflow/example_dags/example_branch_day_of_week_operator.py
[2024-12-09T16:48:28.751-0300] {processor.py:840} INFO - DAG(s) 'example_weekday_branch_operator' retrieved from /home/beatriz/Documentos/airflow/airflow_venv/lib/python3.10/site-packages/airflow/example_dags/example_branch_day_of_week_operator.py
[2024-12-09T16:48:28.768-0300] {logging_mixin.py:188} INFO - [2024-12-09T16:48:28.767-0300] {dag.py:3096} INFO - Sync 1 DAGs
[2024-12-09T16:48:28.783-0300] {logging_mixin.py:188} INFO - [2024-12-09T16:48:28.783-0300] {dag.py:3954} INFO - Setting next_dagrun for example_weekday_branch_operator to 2024-12-08 00:00:00+00:00, run_after=2024-12-09 00:00:00+00:00
[2024-12-09T16:48:28.801-0300] {processor.py:183} INFO - Processing /home/beatriz/Documentos/airflow/airflow_venv/lib/python3.10/site-packages/airflow/example_dags/example_branch_day_of_week_operator.py took 0.077 seconds
[2024-12-09T16:49:36.836-0300] {processor.py:161} INFO - Started process (PID=25204) to work on /home/beatriz/Documentos/airflow/airflow_venv/lib/python3.10/site-packages/airflow/example_dags/example_branch_day_of_week_operator.py
[2024-12-09T16:49:36.839-0300] {processor.py:830} INFO - Processing file /home/beatriz/Documentos/airflow/airflow_venv/lib/python3.10/site-packages/airflow/example_dags/example_branch_day_of_week_operator.py for tasks to queue
[2024-12-09T16:49:36.840-0300] {logging_mixin.py:188} INFO - [2024-12-09T16:49:36.840-0300] {dagbag.py:540} INFO - Filling up the DagBag from /home/beatriz/Documentos/airflow/airflow_venv/lib/python3.10/site-packages/airflow/example_dags/example_branch_day_of_week_operator.py
[2024-12-09T16:49:36.854-0300] {processor.py:840} INFO - DAG(s) 'example_weekday_branch_operator' retrieved from /home/beatriz/Documentos/airflow/airflow_venv/lib/python3.10/site-packages/airflow/example_dags/example_branch_day_of_week_operator.py
[2024-12-09T16:49:36.873-0300] {logging_mixin.py:188} INFO - [2024-12-09T16:49:36.872-0300] {dag.py:3096} INFO - Sync 1 DAGs
[2024-12-09T16:49:36.890-0300] {logging_mixin.py:188} INFO - [2024-12-09T16:49:36.890-0300] {dag.py:3954} INFO - Setting next_dagrun for example_weekday_branch_operator to 2024-12-08 00:00:00+00:00, run_after=2024-12-09 00:00:00+00:00
[2024-12-09T16:49:36.909-0300] {processor.py:183} INFO - Processing /home/beatriz/Documentos/airflow/airflow_venv/lib/python3.10/site-packages/airflow/example_dags/example_branch_day_of_week_operator.py took 0.082 seconds
[2024-12-09T16:50:52.275-0300] {processor.py:161} INFO - Started process (PID=26069) to work on /home/beatriz/Documentos/airflow/airflow_venv/lib/python3.10/site-packages/airflow/example_dags/example_branch_day_of_week_operator.py
[2024-12-09T16:50:52.277-0300] {processor.py:830} INFO - Processing file /home/beatriz/Documentos/airflow/airflow_venv/lib/python3.10/site-packages/airflow/example_dags/example_branch_day_of_week_operator.py for tasks to queue
[2024-12-09T16:50:52.278-0300] {logging_mixin.py:188} INFO - [2024-12-09T16:50:52.278-0300] {dagbag.py:540} INFO - Filling up the DagBag from /home/beatriz/Documentos/airflow/airflow_venv/lib/python3.10/site-packages/airflow/example_dags/example_branch_day_of_week_operator.py
[2024-12-09T16:50:52.291-0300] {processor.py:840} INFO - DAG(s) 'example_weekday_branch_operator' retrieved from /home/beatriz/Documentos/airflow/airflow_venv/lib/python3.10/site-packages/airflow/example_dags/example_branch_day_of_week_operator.py
[2024-12-09T16:50:52.307-0300] {logging_mixin.py:188} INFO - [2024-12-09T16:50:52.307-0300] {dag.py:3096} INFO - Sync 1 DAGs
[2024-12-09T16:50:52.324-0300] {logging_mixin.py:188} INFO - [2024-12-09T16:50:52.324-0300] {dag.py:3954} INFO - Setting next_dagrun for example_weekday_branch_operator to 2024-12-08 00:00:00+00:00, run_after=2024-12-09 00:00:00+00:00
[2024-12-09T16:50:52.344-0300] {processor.py:183} INFO - Processing /home/beatriz/Documentos/airflow/airflow_venv/lib/python3.10/site-packages/airflow/example_dags/example_branch_day_of_week_operator.py took 0.081 seconds
[2024-12-09T16:51:49.075-0300] {processor.py:161} INFO - Started process (PID=26659) to work on /home/beatriz/Documentos/airflow/airflow_venv/lib/python3.10/site-packages/airflow/example_dags/example_branch_day_of_week_operator.py
[2024-12-09T16:51:49.077-0300] {processor.py:830} INFO - Processing file /home/beatriz/Documentos/airflow/airflow_venv/lib/python3.10/site-packages/airflow/example_dags/example_branch_day_of_week_operator.py for tasks to queue
[2024-12-09T16:51:49.078-0300] {logging_mixin.py:188} INFO - [2024-12-09T16:51:49.078-0300] {dagbag.py:540} INFO - Filling up the DagBag from /home/beatriz/Documentos/airflow/airflow_venv/lib/python3.10/site-packages/airflow/example_dags/example_branch_day_of_week_operator.py
[2024-12-09T16:51:49.084-0300] {processor.py:840} INFO - DAG(s) 'example_weekday_branch_operator' retrieved from /home/beatriz/Documentos/airflow/airflow_venv/lib/python3.10/site-packages/airflow/example_dags/example_branch_day_of_week_operator.py
[2024-12-09T16:51:49.097-0300] {logging_mixin.py:188} INFO - [2024-12-09T16:51:49.097-0300] {dag.py:3096} INFO - Sync 1 DAGs
[2024-12-09T16:51:49.113-0300] {logging_mixin.py:188} INFO - [2024-12-09T16:51:49.113-0300] {dag.py:3954} INFO - Setting next_dagrun for example_weekday_branch_operator to 2024-12-08 00:00:00+00:00, run_after=2024-12-09 00:00:00+00:00
[2024-12-09T16:51:49.131-0300] {processor.py:183} INFO - Processing /home/beatriz/Documentos/airflow/airflow_venv/lib/python3.10/site-packages/airflow/example_dags/example_branch_day_of_week_operator.py took 0.060 seconds
[2024-12-09T16:52:45.219-0300] {processor.py:161} INFO - Started process (PID=27150) to work on /home/beatriz/Documentos/airflow/airflow_venv/lib/python3.10/site-packages/airflow/example_dags/example_branch_day_of_week_operator.py
[2024-12-09T16:52:45.220-0300] {processor.py:830} INFO - Processing file /home/beatriz/Documentos/airflow/airflow_venv/lib/python3.10/site-packages/airflow/example_dags/example_branch_day_of_week_operator.py for tasks to queue
[2024-12-09T16:52:45.220-0300] {logging_mixin.py:188} INFO - [2024-12-09T16:52:45.220-0300] {dagbag.py:540} INFO - Filling up the DagBag from /home/beatriz/Documentos/airflow/airflow_venv/lib/python3.10/site-packages/airflow/example_dags/example_branch_day_of_week_operator.py
[2024-12-09T16:52:45.227-0300] {processor.py:840} INFO - DAG(s) 'example_weekday_branch_operator' retrieved from /home/beatriz/Documentos/airflow/airflow_venv/lib/python3.10/site-packages/airflow/example_dags/example_branch_day_of_week_operator.py
[2024-12-09T16:52:45.241-0300] {logging_mixin.py:188} INFO - [2024-12-09T16:52:45.241-0300] {dag.py:3096} INFO - Sync 1 DAGs
[2024-12-09T16:52:45.257-0300] {logging_mixin.py:188} INFO - [2024-12-09T16:52:45.256-0300] {dag.py:3954} INFO - Setting next_dagrun for example_weekday_branch_operator to 2024-12-08 00:00:00+00:00, run_after=2024-12-09 00:00:00+00:00
[2024-12-09T16:52:45.273-0300] {processor.py:183} INFO - Processing /home/beatriz/Documentos/airflow/airflow_venv/lib/python3.10/site-packages/airflow/example_dags/example_branch_day_of_week_operator.py took 0.059 seconds
[2024-12-09T16:54:10.823-0300] {processor.py:161} INFO - Started process (PID=27877) to work on /home/beatriz/Documentos/airflow/airflow_venv/lib/python3.10/site-packages/airflow/example_dags/example_branch_day_of_week_operator.py
[2024-12-09T16:54:10.824-0300] {processor.py:830} INFO - Processing file /home/beatriz/Documentos/airflow/airflow_venv/lib/python3.10/site-packages/airflow/example_dags/example_branch_day_of_week_operator.py for tasks to queue
[2024-12-09T16:54:10.825-0300] {logging_mixin.py:188} INFO - [2024-12-09T16:54:10.825-0300] {dagbag.py:540} INFO - Filling up the DagBag from /home/beatriz/Documentos/airflow/airflow_venv/lib/python3.10/site-packages/airflow/example_dags/example_branch_day_of_week_operator.py
[2024-12-09T16:54:10.832-0300] {processor.py:840} INFO - DAG(s) 'example_weekday_branch_operator' retrieved from /home/beatriz/Documentos/airflow/airflow_venv/lib/python3.10/site-packages/airflow/example_dags/example_branch_day_of_week_operator.py
[2024-12-09T16:54:10.847-0300] {logging_mixin.py:188} INFO - [2024-12-09T16:54:10.847-0300] {dag.py:3096} INFO - Sync 1 DAGs
[2024-12-09T16:54:10.864-0300] {logging_mixin.py:188} INFO - [2024-12-09T16:54:10.864-0300] {dag.py:3954} INFO - Setting next_dagrun for example_weekday_branch_operator to 2024-12-08 00:00:00+00:00, run_after=2024-12-09 00:00:00+00:00
[2024-12-09T16:54:10.884-0300] {processor.py:183} INFO - Processing /home/beatriz/Documentos/airflow/airflow_venv/lib/python3.10/site-packages/airflow/example_dags/example_branch_day_of_week_operator.py took 0.066 seconds
[2024-12-09T16:55:49.267-0300] {processor.py:161} INFO - Started process (PID=28589) to work on /home/beatriz/Documentos/airflow/airflow_venv/lib/python3.10/site-packages/airflow/example_dags/example_branch_day_of_week_operator.py
[2024-12-09T16:55:49.269-0300] {processor.py:830} INFO - Processing file /home/beatriz/Documentos/airflow/airflow_venv/lib/python3.10/site-packages/airflow/example_dags/example_branch_day_of_week_operator.py for tasks to queue
[2024-12-09T16:55:49.271-0300] {logging_mixin.py:188} INFO - [2024-12-09T16:55:49.270-0300] {dagbag.py:540} INFO - Filling up the DagBag from /home/beatriz/Documentos/airflow/airflow_venv/lib/python3.10/site-packages/airflow/example_dags/example_branch_day_of_week_operator.py
[2024-12-09T16:55:49.287-0300] {processor.py:840} INFO - DAG(s) 'example_weekday_branch_operator' retrieved from /home/beatriz/Documentos/airflow/airflow_venv/lib/python3.10/site-packages/airflow/example_dags/example_branch_day_of_week_operator.py
[2024-12-09T16:55:49.307-0300] {logging_mixin.py:188} INFO - [2024-12-09T16:55:49.306-0300] {dag.py:3096} INFO - Sync 1 DAGs
[2024-12-09T16:55:49.322-0300] {logging_mixin.py:188} INFO - [2024-12-09T16:55:49.322-0300] {dag.py:3954} INFO - Setting next_dagrun for example_weekday_branch_operator to 2024-12-08 00:00:00+00:00, run_after=2024-12-09 00:00:00+00:00
[2024-12-09T16:55:49.345-0300] {processor.py:183} INFO - Processing /home/beatriz/Documentos/airflow/airflow_venv/lib/python3.10/site-packages/airflow/example_dags/example_branch_day_of_week_operator.py took 0.090 seconds
[2024-12-09T17:00:32.217-0300] {processor.py:161} INFO - Started process (PID=29481) to work on /home/beatriz/Documentos/airflow/airflow_venv/lib/python3.10/site-packages/airflow/example_dags/example_branch_day_of_week_operator.py
[2024-12-09T17:00:32.219-0300] {processor.py:830} INFO - Processing file /home/beatriz/Documentos/airflow/airflow_venv/lib/python3.10/site-packages/airflow/example_dags/example_branch_day_of_week_operator.py for tasks to queue
[2024-12-09T17:00:32.282-0300] {logging_mixin.py:188} INFO - [2024-12-09T17:00:32.221-0300] {dagbag.py:540} INFO - Filling up the DagBag from /home/beatriz/Documentos/airflow/airflow_venv/lib/python3.10/site-packages/airflow/example_dags/example_branch_day_of_week_operator.py
[2024-12-09T17:00:32.386-0300] {processor.py:840} INFO - DAG(s) 'example_weekday_branch_operator' retrieved from /home/beatriz/Documentos/airflow/airflow_venv/lib/python3.10/site-packages/airflow/example_dags/example_branch_day_of_week_operator.py
[2024-12-09T17:00:32.484-0300] {logging_mixin.py:188} INFO - [2024-12-09T17:00:32.483-0300] {dag.py:3096} INFO - Sync 1 DAGs
[2024-12-09T17:00:32.513-0300] {logging_mixin.py:188} INFO - [2024-12-09T17:00:32.513-0300] {dag.py:3954} INFO - Setting next_dagrun for example_weekday_branch_operator to 2024-12-08 00:00:00+00:00, run_after=2024-12-09 00:00:00+00:00
[2024-12-09T17:00:32.571-0300] {processor.py:183} INFO - Processing /home/beatriz/Documentos/airflow/airflow_venv/lib/python3.10/site-packages/airflow/example_dags/example_branch_day_of_week_operator.py took 0.406 seconds
[2024-12-09T17:04:15.898-0300] {processor.py:161} INFO - Started process (PID=30000) to work on /home/beatriz/Documentos/airflow/airflow_venv/lib/python3.10/site-packages/airflow/example_dags/example_branch_day_of_week_operator.py
[2024-12-09T17:04:15.899-0300] {processor.py:830} INFO - Processing file /home/beatriz/Documentos/airflow/airflow_venv/lib/python3.10/site-packages/airflow/example_dags/example_branch_day_of_week_operator.py for tasks to queue
[2024-12-09T17:04:15.901-0300] {logging_mixin.py:188} INFO - [2024-12-09T17:04:15.901-0300] {dagbag.py:540} INFO - Filling up the DagBag from /home/beatriz/Documentos/airflow/airflow_venv/lib/python3.10/site-packages/airflow/example_dags/example_branch_day_of_week_operator.py
[2024-12-09T17:04:15.913-0300] {processor.py:840} INFO - DAG(s) 'example_weekday_branch_operator' retrieved from /home/beatriz/Documentos/airflow/airflow_venv/lib/python3.10/site-packages/airflow/example_dags/example_branch_day_of_week_operator.py
[2024-12-09T17:04:15.946-0300] {logging_mixin.py:188} INFO - [2024-12-09T17:04:15.945-0300] {dag.py:3096} INFO - Sync 1 DAGs
[2024-12-09T17:04:15.965-0300] {logging_mixin.py:188} INFO - [2024-12-09T17:04:15.965-0300] {dag.py:3954} INFO - Setting next_dagrun for example_weekday_branch_operator to 2024-12-08 00:00:00+00:00, run_after=2024-12-09 00:00:00+00:00
[2024-12-09T17:04:15.984-0300] {processor.py:183} INFO - Processing /home/beatriz/Documentos/airflow/airflow_venv/lib/python3.10/site-packages/airflow/example_dags/example_branch_day_of_week_operator.py took 0.092 seconds
