[2024-12-09T15:00:17.758-0300] {processor.py:161} INFO - Started process (PID=28642) to work on /home/beatriz/Documentos/airflow/airflow_venv/lib/python3.10/site-packages/airflow/example_dags/example_params_trigger_ui.py
[2024-12-09T15:00:17.758-0300] {processor.py:830} INFO - Processing file /home/beatriz/Documentos/airflow/airflow_venv/lib/python3.10/site-packages/airflow/example_dags/example_params_trigger_ui.py for tasks to queue
[2024-12-09T15:00:17.759-0300] {logging_mixin.py:188} INFO - [2024-12-09T15:00:17.759-0300] {dagbag.py:540} INFO - Filling up the DagBag from /home/beatriz/Documentos/airflow/airflow_venv/lib/python3.10/site-packages/airflow/example_dags/example_params_trigger_ui.py
[2024-12-09T15:00:17.770-0300] {processor.py:840} INFO - DAG(s) 'example_params_trigger_ui' retrieved from /home/beatriz/Documentos/airflow/airflow_venv/lib/python3.10/site-packages/airflow/example_dags/example_params_trigger_ui.py
[2024-12-09T15:00:17.861-0300] {logging_mixin.py:188} INFO - [2024-12-09T15:00:17.861-0300] {dag.py:3096} INFO - Sync 1 DAGs
[2024-12-09T15:00:17.868-0300] {logging_mixin.py:188} INFO - [2024-12-09T15:00:17.868-0300] {dag.py:3954} INFO - Setting next_dagrun for example_params_trigger_ui to None, run_after=None
[2024-12-09T15:00:17.883-0300] {processor.py:183} INFO - Processing /home/beatriz/Documentos/airflow/airflow_venv/lib/python3.10/site-packages/airflow/example_dags/example_params_trigger_ui.py took 0.130 seconds
[2024-12-09T15:01:21.361-0300] {processor.py:161} INFO - Started process (PID=29176) to work on /home/beatriz/Documentos/airflow/airflow_venv/lib/python3.10/site-packages/airflow/example_dags/example_params_trigger_ui.py
[2024-12-09T15:01:21.363-0300] {processor.py:830} INFO - Processing file /home/beatriz/Documentos/airflow/airflow_venv/lib/python3.10/site-packages/airflow/example_dags/example_params_trigger_ui.py for tasks to queue
[2024-12-09T15:01:21.366-0300] {logging_mixin.py:188} INFO - [2024-12-09T15:01:21.365-0300] {dagbag.py:540} INFO - Filling up the DagBag from /home/beatriz/Documentos/airflow/airflow_venv/lib/python3.10/site-packages/airflow/example_dags/example_params_trigger_ui.py
[2024-12-09T15:01:21.390-0300] {processor.py:840} INFO - DAG(s) 'example_params_trigger_ui' retrieved from /home/beatriz/Documentos/airflow/airflow_venv/lib/python3.10/site-packages/airflow/example_dags/example_params_trigger_ui.py
[2024-12-09T15:01:21.425-0300] {logging_mixin.py:188} INFO - [2024-12-09T15:01:21.425-0300] {dag.py:3096} INFO - Sync 1 DAGs
[2024-12-09T15:01:21.433-0300] {logging_mixin.py:188} INFO - [2024-12-09T15:01:21.433-0300] {dag.py:3954} INFO - Setting next_dagrun for example_params_trigger_ui to None, run_after=None
[2024-12-09T15:01:21.454-0300] {processor.py:183} INFO - Processing /home/beatriz/Documentos/airflow/airflow_venv/lib/python3.10/site-packages/airflow/example_dags/example_params_trigger_ui.py took 0.105 seconds
[2024-12-09T15:02:18.865-0300] {processor.py:161} INFO - Started process (PID=29643) to work on /home/beatriz/Documentos/airflow/airflow_venv/lib/python3.10/site-packages/airflow/example_dags/example_params_trigger_ui.py
[2024-12-09T15:02:18.866-0300] {processor.py:830} INFO - Processing file /home/beatriz/Documentos/airflow/airflow_venv/lib/python3.10/site-packages/airflow/example_dags/example_params_trigger_ui.py for tasks to queue
[2024-12-09T15:02:18.868-0300] {logging_mixin.py:188} INFO - [2024-12-09T15:02:18.867-0300] {dagbag.py:540} INFO - Filling up the DagBag from /home/beatriz/Documentos/airflow/airflow_venv/lib/python3.10/site-packages/airflow/example_dags/example_params_trigger_ui.py
[2024-12-09T15:02:18.878-0300] {processor.py:840} INFO - DAG(s) 'example_params_trigger_ui' retrieved from /home/beatriz/Documentos/airflow/airflow_venv/lib/python3.10/site-packages/airflow/example_dags/example_params_trigger_ui.py
[2024-12-09T15:02:18.915-0300] {logging_mixin.py:188} INFO - [2024-12-09T15:02:18.914-0300] {dag.py:3096} INFO - Sync 1 DAGs
[2024-12-09T15:02:18.924-0300] {logging_mixin.py:188} INFO - [2024-12-09T15:02:18.923-0300] {dag.py:3954} INFO - Setting next_dagrun for example_params_trigger_ui to None, run_after=None
[2024-12-09T15:02:18.942-0300] {processor.py:183} INFO - Processing /home/beatriz/Documentos/airflow/airflow_venv/lib/python3.10/site-packages/airflow/example_dags/example_params_trigger_ui.py took 0.082 seconds
[2024-12-09T15:04:01.652-0300] {processor.py:161} INFO - Started process (PID=30962) to work on /home/beatriz/Documentos/airflow/airflow_venv/lib/python3.10/site-packages/airflow/example_dags/example_params_trigger_ui.py
[2024-12-09T15:04:01.653-0300] {processor.py:830} INFO - Processing file /home/beatriz/Documentos/airflow/airflow_venv/lib/python3.10/site-packages/airflow/example_dags/example_params_trigger_ui.py for tasks to queue
[2024-12-09T15:04:01.655-0300] {logging_mixin.py:188} INFO - [2024-12-09T15:04:01.655-0300] {dagbag.py:540} INFO - Filling up the DagBag from /home/beatriz/Documentos/airflow/airflow_venv/lib/python3.10/site-packages/airflow/example_dags/example_params_trigger_ui.py
[2024-12-09T15:04:01.670-0300] {processor.py:840} INFO - DAG(s) 'example_params_trigger_ui' retrieved from /home/beatriz/Documentos/airflow/airflow_venv/lib/python3.10/site-packages/airflow/example_dags/example_params_trigger_ui.py
[2024-12-09T15:04:01.775-0300] {logging_mixin.py:188} INFO - [2024-12-09T15:04:01.775-0300] {dag.py:3096} INFO - Sync 1 DAGs
[2024-12-09T15:04:01.784-0300] {logging_mixin.py:188} INFO - [2024-12-09T15:04:01.784-0300] {dag.py:3954} INFO - Setting next_dagrun for example_params_trigger_ui to None, run_after=None
[2024-12-09T15:04:01.806-0300] {processor.py:183} INFO - Processing /home/beatriz/Documentos/airflow/airflow_venv/lib/python3.10/site-packages/airflow/example_dags/example_params_trigger_ui.py took 0.161 seconds
[2024-12-09T15:05:03.203-0300] {processor.py:161} INFO - Started process (PID=31685) to work on /home/beatriz/Documentos/airflow/airflow_venv/lib/python3.10/site-packages/airflow/example_dags/example_params_trigger_ui.py
[2024-12-09T15:05:03.204-0300] {processor.py:830} INFO - Processing file /home/beatriz/Documentos/airflow/airflow_venv/lib/python3.10/site-packages/airflow/example_dags/example_params_trigger_ui.py for tasks to queue
[2024-12-09T15:05:03.205-0300] {logging_mixin.py:188} INFO - [2024-12-09T15:05:03.204-0300] {dagbag.py:540} INFO - Filling up the DagBag from /home/beatriz/Documentos/airflow/airflow_venv/lib/python3.10/site-packages/airflow/example_dags/example_params_trigger_ui.py
[2024-12-09T15:05:03.215-0300] {processor.py:840} INFO - DAG(s) 'example_params_trigger_ui' retrieved from /home/beatriz/Documentos/airflow/airflow_venv/lib/python3.10/site-packages/airflow/example_dags/example_params_trigger_ui.py
[2024-12-09T15:05:03.304-0300] {logging_mixin.py:188} INFO - [2024-12-09T15:05:03.304-0300] {dag.py:3096} INFO - Sync 1 DAGs
[2024-12-09T15:05:03.311-0300] {logging_mixin.py:188} INFO - [2024-12-09T15:05:03.310-0300] {dag.py:3954} INFO - Setting next_dagrun for example_params_trigger_ui to None, run_after=None
[2024-12-09T15:05:03.327-0300] {processor.py:183} INFO - Processing /home/beatriz/Documentos/airflow/airflow_venv/lib/python3.10/site-packages/airflow/example_dags/example_params_trigger_ui.py took 0.129 seconds
[2024-12-09T15:06:17.654-0300] {processor.py:161} INFO - Started process (PID=32442) to work on /home/beatriz/Documentos/airflow/airflow_venv/lib/python3.10/site-packages/airflow/example_dags/example_params_trigger_ui.py
[2024-12-09T15:06:17.656-0300] {processor.py:830} INFO - Processing file /home/beatriz/Documentos/airflow/airflow_venv/lib/python3.10/site-packages/airflow/example_dags/example_params_trigger_ui.py for tasks to queue
[2024-12-09T15:06:17.657-0300] {logging_mixin.py:188} INFO - [2024-12-09T15:06:17.657-0300] {dagbag.py:540} INFO - Filling up the DagBag from /home/beatriz/Documentos/airflow/airflow_venv/lib/python3.10/site-packages/airflow/example_dags/example_params_trigger_ui.py
[2024-12-09T15:06:17.668-0300] {processor.py:840} INFO - DAG(s) 'example_params_trigger_ui' retrieved from /home/beatriz/Documentos/airflow/airflow_venv/lib/python3.10/site-packages/airflow/example_dags/example_params_trigger_ui.py
[2024-12-09T15:06:17.754-0300] {logging_mixin.py:188} INFO - [2024-12-09T15:06:17.754-0300] {dag.py:3096} INFO - Sync 1 DAGs
[2024-12-09T15:06:17.761-0300] {logging_mixin.py:188} INFO - [2024-12-09T15:06:17.761-0300] {dag.py:3954} INFO - Setting next_dagrun for example_params_trigger_ui to None, run_after=None
[2024-12-09T15:06:17.778-0300] {processor.py:183} INFO - Processing /home/beatriz/Documentos/airflow/airflow_venv/lib/python3.10/site-packages/airflow/example_dags/example_params_trigger_ui.py took 0.128 seconds
[2024-12-09T15:07:22.927-0300] {processor.py:161} INFO - Started process (PID=32954) to work on /home/beatriz/Documentos/airflow/airflow_venv/lib/python3.10/site-packages/airflow/example_dags/example_params_trigger_ui.py
[2024-12-09T15:07:22.928-0300] {processor.py:830} INFO - Processing file /home/beatriz/Documentos/airflow/airflow_venv/lib/python3.10/site-packages/airflow/example_dags/example_params_trigger_ui.py for tasks to queue
[2024-12-09T15:07:22.929-0300] {logging_mixin.py:188} INFO - [2024-12-09T15:07:22.929-0300] {dagbag.py:540} INFO - Filling up the DagBag from /home/beatriz/Documentos/airflow/airflow_venv/lib/python3.10/site-packages/airflow/example_dags/example_params_trigger_ui.py
[2024-12-09T15:07:22.940-0300] {processor.py:840} INFO - DAG(s) 'example_params_trigger_ui' retrieved from /home/beatriz/Documentos/airflow/airflow_venv/lib/python3.10/site-packages/airflow/example_dags/example_params_trigger_ui.py
[2024-12-09T15:07:22.973-0300] {logging_mixin.py:188} INFO - [2024-12-09T15:07:22.973-0300] {dag.py:3096} INFO - Sync 1 DAGs
[2024-12-09T15:07:22.981-0300] {logging_mixin.py:188} INFO - [2024-12-09T15:07:22.981-0300] {dag.py:3954} INFO - Setting next_dagrun for example_params_trigger_ui to None, run_after=None
[2024-12-09T15:07:22.997-0300] {processor.py:183} INFO - Processing /home/beatriz/Documentos/airflow/airflow_venv/lib/python3.10/site-packages/airflow/example_dags/example_params_trigger_ui.py took 0.074 seconds
[2024-12-09T15:08:21.407-0300] {processor.py:161} INFO - Started process (PID=33366) to work on /home/beatriz/Documentos/airflow/airflow_venv/lib/python3.10/site-packages/airflow/example_dags/example_params_trigger_ui.py
[2024-12-09T15:08:21.412-0300] {processor.py:830} INFO - Processing file /home/beatriz/Documentos/airflow/airflow_venv/lib/python3.10/site-packages/airflow/example_dags/example_params_trigger_ui.py for tasks to queue
[2024-12-09T15:08:21.415-0300] {logging_mixin.py:188} INFO - [2024-12-09T15:08:21.414-0300] {dagbag.py:540} INFO - Filling up the DagBag from /home/beatriz/Documentos/airflow/airflow_venv/lib/python3.10/site-packages/airflow/example_dags/example_params_trigger_ui.py
[2024-12-09T15:08:21.439-0300] {processor.py:840} INFO - DAG(s) 'example_params_trigger_ui' retrieved from /home/beatriz/Documentos/airflow/airflow_venv/lib/python3.10/site-packages/airflow/example_dags/example_params_trigger_ui.py
[2024-12-09T15:08:21.492-0300] {logging_mixin.py:188} INFO - [2024-12-09T15:08:21.492-0300] {dag.py:3096} INFO - Sync 1 DAGs
[2024-12-09T15:08:21.506-0300] {logging_mixin.py:188} INFO - [2024-12-09T15:08:21.505-0300] {dag.py:3954} INFO - Setting next_dagrun for example_params_trigger_ui to None, run_after=None
[2024-12-09T15:08:21.545-0300] {processor.py:183} INFO - Processing /home/beatriz/Documentos/airflow/airflow_venv/lib/python3.10/site-packages/airflow/example_dags/example_params_trigger_ui.py took 0.193 seconds
[2024-12-09T15:11:00.353-0300] {processor.py:161} INFO - Started process (PID=34322) to work on /home/beatriz/Documentos/airflow/airflow_venv/lib/python3.10/site-packages/airflow/example_dags/example_params_trigger_ui.py
[2024-12-09T15:11:00.354-0300] {processor.py:830} INFO - Processing file /home/beatriz/Documentos/airflow/airflow_venv/lib/python3.10/site-packages/airflow/example_dags/example_params_trigger_ui.py for tasks to queue
[2024-12-09T15:11:00.354-0300] {logging_mixin.py:188} INFO - [2024-12-09T15:11:00.354-0300] {dagbag.py:540} INFO - Filling up the DagBag from /home/beatriz/Documentos/airflow/airflow_venv/lib/python3.10/site-packages/airflow/example_dags/example_params_trigger_ui.py
[2024-12-09T15:11:00.367-0300] {processor.py:840} INFO - DAG(s) 'example_params_trigger_ui' retrieved from /home/beatriz/Documentos/airflow/airflow_venv/lib/python3.10/site-packages/airflow/example_dags/example_params_trigger_ui.py
[2024-12-09T15:11:00.402-0300] {logging_mixin.py:188} INFO - [2024-12-09T15:11:00.401-0300] {dag.py:3096} INFO - Sync 1 DAGs
[2024-12-09T15:11:00.409-0300] {logging_mixin.py:188} INFO - [2024-12-09T15:11:00.409-0300] {dag.py:3954} INFO - Setting next_dagrun for example_params_trigger_ui to None, run_after=None
[2024-12-09T15:11:00.426-0300] {processor.py:183} INFO - Processing /home/beatriz/Documentos/airflow/airflow_venv/lib/python3.10/site-packages/airflow/example_dags/example_params_trigger_ui.py took 0.077 seconds
[2024-12-09T15:12:35.029-0300] {processor.py:161} INFO - Started process (PID=34820) to work on /home/beatriz/Documentos/airflow/airflow_venv/lib/python3.10/site-packages/airflow/example_dags/example_params_trigger_ui.py
[2024-12-09T15:12:35.030-0300] {processor.py:830} INFO - Processing file /home/beatriz/Documentos/airflow/airflow_venv/lib/python3.10/site-packages/airflow/example_dags/example_params_trigger_ui.py for tasks to queue
[2024-12-09T15:12:35.031-0300] {logging_mixin.py:188} INFO - [2024-12-09T15:12:35.031-0300] {dagbag.py:540} INFO - Filling up the DagBag from /home/beatriz/Documentos/airflow/airflow_venv/lib/python3.10/site-packages/airflow/example_dags/example_params_trigger_ui.py
[2024-12-09T15:12:35.052-0300] {processor.py:840} INFO - DAG(s) 'example_params_trigger_ui' retrieved from /home/beatriz/Documentos/airflow/airflow_venv/lib/python3.10/site-packages/airflow/example_dags/example_params_trigger_ui.py
[2024-12-09T15:12:35.092-0300] {logging_mixin.py:188} INFO - [2024-12-09T15:12:35.092-0300] {dag.py:3096} INFO - Sync 1 DAGs
[2024-12-09T15:12:35.100-0300] {logging_mixin.py:188} INFO - [2024-12-09T15:12:35.100-0300] {dag.py:3954} INFO - Setting next_dagrun for example_params_trigger_ui to None, run_after=None
[2024-12-09T15:12:35.120-0300] {processor.py:183} INFO - Processing /home/beatriz/Documentos/airflow/airflow_venv/lib/python3.10/site-packages/airflow/example_dags/example_params_trigger_ui.py took 0.098 seconds
[2024-12-09T15:14:07.494-0300] {processor.py:161} INFO - Started process (PID=36313) to work on /home/beatriz/Documentos/airflow/airflow_venv/lib/python3.10/site-packages/airflow/example_dags/example_params_trigger_ui.py
[2024-12-09T15:14:07.495-0300] {processor.py:830} INFO - Processing file /home/beatriz/Documentos/airflow/airflow_venv/lib/python3.10/site-packages/airflow/example_dags/example_params_trigger_ui.py for tasks to queue
[2024-12-09T15:14:07.496-0300] {logging_mixin.py:188} INFO - [2024-12-09T15:14:07.496-0300] {dagbag.py:540} INFO - Filling up the DagBag from /home/beatriz/Documentos/airflow/airflow_venv/lib/python3.10/site-packages/airflow/example_dags/example_params_trigger_ui.py
[2024-12-09T15:14:07.506-0300] {processor.py:840} INFO - DAG(s) 'example_params_trigger_ui' retrieved from /home/beatriz/Documentos/airflow/airflow_venv/lib/python3.10/site-packages/airflow/example_dags/example_params_trigger_ui.py
[2024-12-09T15:14:07.617-0300] {logging_mixin.py:188} INFO - [2024-12-09T15:14:07.616-0300] {dag.py:3096} INFO - Sync 1 DAGs
[2024-12-09T15:14:07.624-0300] {logging_mixin.py:188} INFO - [2024-12-09T15:14:07.623-0300] {dag.py:3954} INFO - Setting next_dagrun for example_params_trigger_ui to None, run_after=None
[2024-12-09T15:14:07.648-0300] {processor.py:183} INFO - Processing /home/beatriz/Documentos/airflow/airflow_venv/lib/python3.10/site-packages/airflow/example_dags/example_params_trigger_ui.py took 0.158 seconds
[2024-12-09T15:15:08.279-0300] {processor.py:161} INFO - Started process (PID=36821) to work on /home/beatriz/Documentos/airflow/airflow_venv/lib/python3.10/site-packages/airflow/example_dags/example_params_trigger_ui.py
[2024-12-09T15:15:08.280-0300] {processor.py:830} INFO - Processing file /home/beatriz/Documentos/airflow/airflow_venv/lib/python3.10/site-packages/airflow/example_dags/example_params_trigger_ui.py for tasks to queue
[2024-12-09T15:15:08.282-0300] {logging_mixin.py:188} INFO - [2024-12-09T15:15:08.281-0300] {dagbag.py:540} INFO - Filling up the DagBag from /home/beatriz/Documentos/airflow/airflow_venv/lib/python3.10/site-packages/airflow/example_dags/example_params_trigger_ui.py
[2024-12-09T15:15:08.296-0300] {processor.py:840} INFO - DAG(s) 'example_params_trigger_ui' retrieved from /home/beatriz/Documentos/airflow/airflow_venv/lib/python3.10/site-packages/airflow/example_dags/example_params_trigger_ui.py
[2024-12-09T15:15:08.333-0300] {logging_mixin.py:188} INFO - [2024-12-09T15:15:08.333-0300] {dag.py:3096} INFO - Sync 1 DAGs
[2024-12-09T15:15:08.345-0300] {logging_mixin.py:188} INFO - [2024-12-09T15:15:08.345-0300] {dag.py:3954} INFO - Setting next_dagrun for example_params_trigger_ui to None, run_after=None
[2024-12-09T15:15:08.365-0300] {processor.py:183} INFO - Processing /home/beatriz/Documentos/airflow/airflow_venv/lib/python3.10/site-packages/airflow/example_dags/example_params_trigger_ui.py took 0.092 seconds
[2024-12-09T15:16:04.475-0300] {processor.py:161} INFO - Started process (PID=37436) to work on /home/beatriz/Documentos/airflow/airflow_venv/lib/python3.10/site-packages/airflow/example_dags/example_params_trigger_ui.py
[2024-12-09T15:16:04.477-0300] {processor.py:830} INFO - Processing file /home/beatriz/Documentos/airflow/airflow_venv/lib/python3.10/site-packages/airflow/example_dags/example_params_trigger_ui.py for tasks to queue
[2024-12-09T15:16:04.479-0300] {logging_mixin.py:188} INFO - [2024-12-09T15:16:04.478-0300] {dagbag.py:540} INFO - Filling up the DagBag from /home/beatriz/Documentos/airflow/airflow_venv/lib/python3.10/site-packages/airflow/example_dags/example_params_trigger_ui.py
[2024-12-09T15:16:04.489-0300] {processor.py:840} INFO - DAG(s) 'example_params_trigger_ui' retrieved from /home/beatriz/Documentos/airflow/airflow_venv/lib/python3.10/site-packages/airflow/example_dags/example_params_trigger_ui.py
[2024-12-09T15:16:04.522-0300] {logging_mixin.py:188} INFO - [2024-12-09T15:16:04.522-0300] {dag.py:3096} INFO - Sync 1 DAGs
[2024-12-09T15:16:04.530-0300] {logging_mixin.py:188} INFO - [2024-12-09T15:16:04.529-0300] {dag.py:3954} INFO - Setting next_dagrun for example_params_trigger_ui to None, run_after=None
[2024-12-09T15:16:04.545-0300] {processor.py:183} INFO - Processing /home/beatriz/Documentos/airflow/airflow_venv/lib/python3.10/site-packages/airflow/example_dags/example_params_trigger_ui.py took 0.073 seconds
[2024-12-09T15:17:02.168-0300] {processor.py:161} INFO - Started process (PID=37931) to work on /home/beatriz/Documentos/airflow/airflow_venv/lib/python3.10/site-packages/airflow/example_dags/example_params_trigger_ui.py
[2024-12-09T15:17:02.170-0300] {processor.py:830} INFO - Processing file /home/beatriz/Documentos/airflow/airflow_venv/lib/python3.10/site-packages/airflow/example_dags/example_params_trigger_ui.py for tasks to queue
[2024-12-09T15:17:02.172-0300] {logging_mixin.py:188} INFO - [2024-12-09T15:17:02.171-0300] {dagbag.py:540} INFO - Filling up the DagBag from /home/beatriz/Documentos/airflow/airflow_venv/lib/python3.10/site-packages/airflow/example_dags/example_params_trigger_ui.py
[2024-12-09T15:17:02.185-0300] {processor.py:840} INFO - DAG(s) 'example_params_trigger_ui' retrieved from /home/beatriz/Documentos/airflow/airflow_venv/lib/python3.10/site-packages/airflow/example_dags/example_params_trigger_ui.py
[2024-12-09T15:17:02.224-0300] {logging_mixin.py:188} INFO - [2024-12-09T15:17:02.223-0300] {dag.py:3096} INFO - Sync 1 DAGs
[2024-12-09T15:17:02.233-0300] {logging_mixin.py:188} INFO - [2024-12-09T15:17:02.232-0300] {dag.py:3954} INFO - Setting next_dagrun for example_params_trigger_ui to None, run_after=None
[2024-12-09T15:17:02.251-0300] {processor.py:183} INFO - Processing /home/beatriz/Documentos/airflow/airflow_venv/lib/python3.10/site-packages/airflow/example_dags/example_params_trigger_ui.py took 0.090 seconds
[2024-12-09T15:17:52.582-0300] {processor.py:161} INFO - Started process (PID=38450) to work on /home/beatriz/Documentos/airflow/airflow_venv/lib/python3.10/site-packages/airflow/example_dags/example_params_trigger_ui.py
[2024-12-09T15:17:52.584-0300] {processor.py:830} INFO - Processing file /home/beatriz/Documentos/airflow/airflow_venv/lib/python3.10/site-packages/airflow/example_dags/example_params_trigger_ui.py for tasks to queue
[2024-12-09T15:17:52.585-0300] {logging_mixin.py:188} INFO - [2024-12-09T15:17:52.585-0300] {dagbag.py:540} INFO - Filling up the DagBag from /home/beatriz/Documentos/airflow/airflow_venv/lib/python3.10/site-packages/airflow/example_dags/example_params_trigger_ui.py
[2024-12-09T15:17:52.595-0300] {processor.py:840} INFO - DAG(s) 'example_params_trigger_ui' retrieved from /home/beatriz/Documentos/airflow/airflow_venv/lib/python3.10/site-packages/airflow/example_dags/example_params_trigger_ui.py
[2024-12-09T15:17:52.628-0300] {logging_mixin.py:188} INFO - [2024-12-09T15:17:52.628-0300] {dag.py:3096} INFO - Sync 1 DAGs
[2024-12-09T15:17:52.636-0300] {logging_mixin.py:188} INFO - [2024-12-09T15:17:52.636-0300] {dag.py:3954} INFO - Setting next_dagrun for example_params_trigger_ui to None, run_after=None
[2024-12-09T15:17:52.652-0300] {processor.py:183} INFO - Processing /home/beatriz/Documentos/airflow/airflow_venv/lib/python3.10/site-packages/airflow/example_dags/example_params_trigger_ui.py took 0.074 seconds
[2024-12-09T15:19:12.346-0300] {processor.py:161} INFO - Started process (PID=39671) to work on /home/beatriz/Documentos/airflow/airflow_venv/lib/python3.10/site-packages/airflow/example_dags/example_params_trigger_ui.py
[2024-12-09T15:19:12.348-0300] {processor.py:830} INFO - Processing file /home/beatriz/Documentos/airflow/airflow_venv/lib/python3.10/site-packages/airflow/example_dags/example_params_trigger_ui.py for tasks to queue
[2024-12-09T15:19:12.349-0300] {logging_mixin.py:188} INFO - [2024-12-09T15:19:12.349-0300] {dagbag.py:540} INFO - Filling up the DagBag from /home/beatriz/Documentos/airflow/airflow_venv/lib/python3.10/site-packages/airflow/example_dags/example_params_trigger_ui.py
[2024-12-09T15:19:12.359-0300] {processor.py:840} INFO - DAG(s) 'example_params_trigger_ui' retrieved from /home/beatriz/Documentos/airflow/airflow_venv/lib/python3.10/site-packages/airflow/example_dags/example_params_trigger_ui.py
[2024-12-09T15:19:12.450-0300] {logging_mixin.py:188} INFO - [2024-12-09T15:19:12.450-0300] {dag.py:3096} INFO - Sync 1 DAGs
[2024-12-09T15:19:12.457-0300] {logging_mixin.py:188} INFO - [2024-12-09T15:19:12.456-0300] {dag.py:3954} INFO - Setting next_dagrun for example_params_trigger_ui to None, run_after=None
[2024-12-09T15:19:12.472-0300] {processor.py:183} INFO - Processing /home/beatriz/Documentos/airflow/airflow_venv/lib/python3.10/site-packages/airflow/example_dags/example_params_trigger_ui.py took 0.131 seconds
[2024-12-09T15:20:11.274-0300] {processor.py:161} INFO - Started process (PID=40326) to work on /home/beatriz/Documentos/airflow/airflow_venv/lib/python3.10/site-packages/airflow/example_dags/example_params_trigger_ui.py
[2024-12-09T15:20:11.276-0300] {processor.py:830} INFO - Processing file /home/beatriz/Documentos/airflow/airflow_venv/lib/python3.10/site-packages/airflow/example_dags/example_params_trigger_ui.py for tasks to queue
[2024-12-09T15:20:11.278-0300] {logging_mixin.py:188} INFO - [2024-12-09T15:20:11.278-0300] {dagbag.py:540} INFO - Filling up the DagBag from /home/beatriz/Documentos/airflow/airflow_venv/lib/python3.10/site-packages/airflow/example_dags/example_params_trigger_ui.py
[2024-12-09T15:20:11.303-0300] {processor.py:840} INFO - DAG(s) 'example_params_trigger_ui' retrieved from /home/beatriz/Documentos/airflow/airflow_venv/lib/python3.10/site-packages/airflow/example_dags/example_params_trigger_ui.py
[2024-12-09T15:20:11.342-0300] {logging_mixin.py:188} INFO - [2024-12-09T15:20:11.342-0300] {dag.py:3096} INFO - Sync 1 DAGs
[2024-12-09T15:20:11.350-0300] {logging_mixin.py:188} INFO - [2024-12-09T15:20:11.350-0300] {dag.py:3954} INFO - Setting next_dagrun for example_params_trigger_ui to None, run_after=None
[2024-12-09T15:20:11.366-0300] {processor.py:183} INFO - Processing /home/beatriz/Documentos/airflow/airflow_venv/lib/python3.10/site-packages/airflow/example_dags/example_params_trigger_ui.py took 0.100 seconds
[2024-12-09T15:21:07.087-0300] {processor.py:161} INFO - Started process (PID=40815) to work on /home/beatriz/Documentos/airflow/airflow_venv/lib/python3.10/site-packages/airflow/example_dags/example_params_trigger_ui.py
[2024-12-09T15:21:07.088-0300] {processor.py:830} INFO - Processing file /home/beatriz/Documentos/airflow/airflow_venv/lib/python3.10/site-packages/airflow/example_dags/example_params_trigger_ui.py for tasks to queue
[2024-12-09T15:21:07.090-0300] {logging_mixin.py:188} INFO - [2024-12-09T15:21:07.089-0300] {dagbag.py:540} INFO - Filling up the DagBag from /home/beatriz/Documentos/airflow/airflow_venv/lib/python3.10/site-packages/airflow/example_dags/example_params_trigger_ui.py
[2024-12-09T15:21:07.101-0300] {processor.py:840} INFO - DAG(s) 'example_params_trigger_ui' retrieved from /home/beatriz/Documentos/airflow/airflow_venv/lib/python3.10/site-packages/airflow/example_dags/example_params_trigger_ui.py
[2024-12-09T15:21:07.137-0300] {logging_mixin.py:188} INFO - [2024-12-09T15:21:07.137-0300] {dag.py:3096} INFO - Sync 1 DAGs
[2024-12-09T15:21:07.145-0300] {logging_mixin.py:188} INFO - [2024-12-09T15:21:07.145-0300] {dag.py:3954} INFO - Setting next_dagrun for example_params_trigger_ui to None, run_after=None
[2024-12-09T15:21:07.162-0300] {processor.py:183} INFO - Processing /home/beatriz/Documentos/airflow/airflow_venv/lib/python3.10/site-packages/airflow/example_dags/example_params_trigger_ui.py took 0.079 seconds
[2024-12-09T15:22:04.654-0300] {processor.py:161} INFO - Started process (PID=41482) to work on /home/beatriz/Documentos/airflow/airflow_venv/lib/python3.10/site-packages/airflow/example_dags/example_params_trigger_ui.py
[2024-12-09T15:22:04.657-0300] {processor.py:830} INFO - Processing file /home/beatriz/Documentos/airflow/airflow_venv/lib/python3.10/site-packages/airflow/example_dags/example_params_trigger_ui.py for tasks to queue
[2024-12-09T15:22:04.660-0300] {logging_mixin.py:188} INFO - [2024-12-09T15:22:04.659-0300] {dagbag.py:540} INFO - Filling up the DagBag from /home/beatriz/Documentos/airflow/airflow_venv/lib/python3.10/site-packages/airflow/example_dags/example_params_trigger_ui.py
[2024-12-09T15:22:04.756-0300] {processor.py:840} INFO - DAG(s) 'example_params_trigger_ui' retrieved from /home/beatriz/Documentos/airflow/airflow_venv/lib/python3.10/site-packages/airflow/example_dags/example_params_trigger_ui.py
[2024-12-09T15:22:04.791-0300] {logging_mixin.py:188} INFO - [2024-12-09T15:22:04.791-0300] {dag.py:3096} INFO - Sync 1 DAGs
[2024-12-09T15:22:04.799-0300] {logging_mixin.py:188} INFO - [2024-12-09T15:22:04.799-0300] {dag.py:3954} INFO - Setting next_dagrun for example_params_trigger_ui to None, run_after=None
[2024-12-09T15:22:04.816-0300] {processor.py:183} INFO - Processing /home/beatriz/Documentos/airflow/airflow_venv/lib/python3.10/site-packages/airflow/example_dags/example_params_trigger_ui.py took 0.173 seconds
[2024-12-09T15:22:59.073-0300] {processor.py:161} INFO - Started process (PID=41990) to work on /home/beatriz/Documentos/airflow/airflow_venv/lib/python3.10/site-packages/airflow/example_dags/example_params_trigger_ui.py
[2024-12-09T15:22:59.075-0300] {processor.py:830} INFO - Processing file /home/beatriz/Documentos/airflow/airflow_venv/lib/python3.10/site-packages/airflow/example_dags/example_params_trigger_ui.py for tasks to queue
[2024-12-09T15:22:59.077-0300] {logging_mixin.py:188} INFO - [2024-12-09T15:22:59.076-0300] {dagbag.py:540} INFO - Filling up the DagBag from /home/beatriz/Documentos/airflow/airflow_venv/lib/python3.10/site-packages/airflow/example_dags/example_params_trigger_ui.py
[2024-12-09T15:22:59.089-0300] {processor.py:840} INFO - DAG(s) 'example_params_trigger_ui' retrieved from /home/beatriz/Documentos/airflow/airflow_venv/lib/python3.10/site-packages/airflow/example_dags/example_params_trigger_ui.py
[2024-12-09T15:22:59.124-0300] {logging_mixin.py:188} INFO - [2024-12-09T15:22:59.124-0300] {dag.py:3096} INFO - Sync 1 DAGs
[2024-12-09T15:22:59.132-0300] {logging_mixin.py:188} INFO - [2024-12-09T15:22:59.132-0300] {dag.py:3954} INFO - Setting next_dagrun for example_params_trigger_ui to None, run_after=None
[2024-12-09T15:22:59.149-0300] {processor.py:183} INFO - Processing /home/beatriz/Documentos/airflow/airflow_venv/lib/python3.10/site-packages/airflow/example_dags/example_params_trigger_ui.py took 0.081 seconds
[2024-12-09T15:23:47.666-0300] {processor.py:161} INFO - Started process (PID=42528) to work on /home/beatriz/Documentos/airflow/airflow_venv/lib/python3.10/site-packages/airflow/example_dags/example_params_trigger_ui.py
[2024-12-09T15:23:47.669-0300] {processor.py:830} INFO - Processing file /home/beatriz/Documentos/airflow/airflow_venv/lib/python3.10/site-packages/airflow/example_dags/example_params_trigger_ui.py for tasks to queue
[2024-12-09T15:23:47.672-0300] {logging_mixin.py:188} INFO - [2024-12-09T15:23:47.671-0300] {dagbag.py:540} INFO - Filling up the DagBag from /home/beatriz/Documentos/airflow/airflow_venv/lib/python3.10/site-packages/airflow/example_dags/example_params_trigger_ui.py
[2024-12-09T15:23:47.693-0300] {processor.py:840} INFO - DAG(s) 'example_params_trigger_ui' retrieved from /home/beatriz/Documentos/airflow/airflow_venv/lib/python3.10/site-packages/airflow/example_dags/example_params_trigger_ui.py
[2024-12-09T15:23:47.727-0300] {logging_mixin.py:188} INFO - [2024-12-09T15:23:47.727-0300] {dag.py:3096} INFO - Sync 1 DAGs
[2024-12-09T15:23:47.735-0300] {logging_mixin.py:188} INFO - [2024-12-09T15:23:47.735-0300] {dag.py:3954} INFO - Setting next_dagrun for example_params_trigger_ui to None, run_after=None
[2024-12-09T15:23:47.751-0300] {processor.py:183} INFO - Processing /home/beatriz/Documentos/airflow/airflow_venv/lib/python3.10/site-packages/airflow/example_dags/example_params_trigger_ui.py took 0.097 seconds
[2024-12-09T15:24:37.908-0300] {processor.py:161} INFO - Started process (PID=43020) to work on /home/beatriz/Documentos/airflow/airflow_venv/lib/python3.10/site-packages/airflow/example_dags/example_params_trigger_ui.py
[2024-12-09T15:24:37.910-0300] {processor.py:830} INFO - Processing file /home/beatriz/Documentos/airflow/airflow_venv/lib/python3.10/site-packages/airflow/example_dags/example_params_trigger_ui.py for tasks to queue
[2024-12-09T15:24:37.911-0300] {logging_mixin.py:188} INFO - [2024-12-09T15:24:37.910-0300] {dagbag.py:540} INFO - Filling up the DagBag from /home/beatriz/Documentos/airflow/airflow_venv/lib/python3.10/site-packages/airflow/example_dags/example_params_trigger_ui.py
[2024-12-09T15:24:37.921-0300] {processor.py:840} INFO - DAG(s) 'example_params_trigger_ui' retrieved from /home/beatriz/Documentos/airflow/airflow_venv/lib/python3.10/site-packages/airflow/example_dags/example_params_trigger_ui.py
[2024-12-09T15:24:37.954-0300] {logging_mixin.py:188} INFO - [2024-12-09T15:24:37.954-0300] {dag.py:3096} INFO - Sync 1 DAGs
[2024-12-09T15:24:37.962-0300] {logging_mixin.py:188} INFO - [2024-12-09T15:24:37.962-0300] {dag.py:3954} INFO - Setting next_dagrun for example_params_trigger_ui to None, run_after=None
[2024-12-09T15:24:37.978-0300] {processor.py:183} INFO - Processing /home/beatriz/Documentos/airflow/airflow_venv/lib/python3.10/site-packages/airflow/example_dags/example_params_trigger_ui.py took 0.075 seconds
[2024-12-09T15:25:46.732-0300] {processor.py:161} INFO - Started process (PID=43884) to work on /home/beatriz/Documentos/airflow/airflow_venv/lib/python3.10/site-packages/airflow/example_dags/example_params_trigger_ui.py
[2024-12-09T15:25:46.735-0300] {processor.py:830} INFO - Processing file /home/beatriz/Documentos/airflow/airflow_venv/lib/python3.10/site-packages/airflow/example_dags/example_params_trigger_ui.py for tasks to queue
[2024-12-09T15:25:46.736-0300] {logging_mixin.py:188} INFO - [2024-12-09T15:25:46.736-0300] {dagbag.py:540} INFO - Filling up the DagBag from /home/beatriz/Documentos/airflow/airflow_venv/lib/python3.10/site-packages/airflow/example_dags/example_params_trigger_ui.py
[2024-12-09T15:25:46.746-0300] {processor.py:840} INFO - DAG(s) 'example_params_trigger_ui' retrieved from /home/beatriz/Documentos/airflow/airflow_venv/lib/python3.10/site-packages/airflow/example_dags/example_params_trigger_ui.py
[2024-12-09T15:25:46.780-0300] {logging_mixin.py:188} INFO - [2024-12-09T15:25:46.780-0300] {dag.py:3096} INFO - Sync 1 DAGs
[2024-12-09T15:25:46.788-0300] {logging_mixin.py:188} INFO - [2024-12-09T15:25:46.788-0300] {dag.py:3954} INFO - Setting next_dagrun for example_params_trigger_ui to None, run_after=None
[2024-12-09T15:25:46.806-0300] {processor.py:183} INFO - Processing /home/beatriz/Documentos/airflow/airflow_venv/lib/python3.10/site-packages/airflow/example_dags/example_params_trigger_ui.py took 0.078 seconds
[2024-12-09T15:26:34.653-0300] {processor.py:161} INFO - Started process (PID=44256) to work on /home/beatriz/Documentos/airflow/airflow_venv/lib/python3.10/site-packages/airflow/example_dags/example_params_trigger_ui.py
[2024-12-09T15:26:34.656-0300] {processor.py:830} INFO - Processing file /home/beatriz/Documentos/airflow/airflow_venv/lib/python3.10/site-packages/airflow/example_dags/example_params_trigger_ui.py for tasks to queue
[2024-12-09T15:26:34.660-0300] {logging_mixin.py:188} INFO - [2024-12-09T15:26:34.659-0300] {dagbag.py:540} INFO - Filling up the DagBag from /home/beatriz/Documentos/airflow/airflow_venv/lib/python3.10/site-packages/airflow/example_dags/example_params_trigger_ui.py
[2024-12-09T15:26:34.681-0300] {processor.py:840} INFO - DAG(s) 'example_params_trigger_ui' retrieved from /home/beatriz/Documentos/airflow/airflow_venv/lib/python3.10/site-packages/airflow/example_dags/example_params_trigger_ui.py
[2024-12-09T15:26:34.717-0300] {logging_mixin.py:188} INFO - [2024-12-09T15:26:34.717-0300] {dag.py:3096} INFO - Sync 1 DAGs
[2024-12-09T15:26:34.724-0300] {logging_mixin.py:188} INFO - [2024-12-09T15:26:34.724-0300] {dag.py:3954} INFO - Setting next_dagrun for example_params_trigger_ui to None, run_after=None
[2024-12-09T15:26:34.740-0300] {processor.py:183} INFO - Processing /home/beatriz/Documentos/airflow/airflow_venv/lib/python3.10/site-packages/airflow/example_dags/example_params_trigger_ui.py took 0.098 seconds
[2024-12-09T15:27:26.292-0300] {processor.py:161} INFO - Started process (PID=45117) to work on /home/beatriz/Documentos/airflow/airflow_venv/lib/python3.10/site-packages/airflow/example_dags/example_params_trigger_ui.py
[2024-12-09T15:27:26.293-0300] {processor.py:830} INFO - Processing file /home/beatriz/Documentos/airflow/airflow_venv/lib/python3.10/site-packages/airflow/example_dags/example_params_trigger_ui.py for tasks to queue
[2024-12-09T15:27:26.294-0300] {logging_mixin.py:188} INFO - [2024-12-09T15:27:26.294-0300] {dagbag.py:540} INFO - Filling up the DagBag from /home/beatriz/Documentos/airflow/airflow_venv/lib/python3.10/site-packages/airflow/example_dags/example_params_trigger_ui.py
[2024-12-09T15:27:26.310-0300] {processor.py:840} INFO - DAG(s) 'example_params_trigger_ui' retrieved from /home/beatriz/Documentos/airflow/airflow_venv/lib/python3.10/site-packages/airflow/example_dags/example_params_trigger_ui.py
[2024-12-09T15:27:26.349-0300] {logging_mixin.py:188} INFO - [2024-12-09T15:27:26.349-0300] {dag.py:3096} INFO - Sync 1 DAGs
[2024-12-09T15:27:26.357-0300] {logging_mixin.py:188} INFO - [2024-12-09T15:27:26.357-0300] {dag.py:3954} INFO - Setting next_dagrun for example_params_trigger_ui to None, run_after=None
[2024-12-09T15:27:26.374-0300] {processor.py:183} INFO - Processing /home/beatriz/Documentos/airflow/airflow_venv/lib/python3.10/site-packages/airflow/example_dags/example_params_trigger_ui.py took 0.087 seconds
[2024-12-09T15:28:19.096-0300] {processor.py:161} INFO - Started process (PID=46345) to work on /home/beatriz/Documentos/airflow/airflow_venv/lib/python3.10/site-packages/airflow/example_dags/example_params_trigger_ui.py
[2024-12-09T15:28:19.097-0300] {processor.py:830} INFO - Processing file /home/beatriz/Documentos/airflow/airflow_venv/lib/python3.10/site-packages/airflow/example_dags/example_params_trigger_ui.py for tasks to queue
[2024-12-09T15:28:19.098-0300] {logging_mixin.py:188} INFO - [2024-12-09T15:28:19.098-0300] {dagbag.py:540} INFO - Filling up the DagBag from /home/beatriz/Documentos/airflow/airflow_venv/lib/python3.10/site-packages/airflow/example_dags/example_params_trigger_ui.py
[2024-12-09T15:28:19.108-0300] {processor.py:840} INFO - DAG(s) 'example_params_trigger_ui' retrieved from /home/beatriz/Documentos/airflow/airflow_venv/lib/python3.10/site-packages/airflow/example_dags/example_params_trigger_ui.py
[2024-12-09T15:28:19.140-0300] {logging_mixin.py:188} INFO - [2024-12-09T15:28:19.140-0300] {dag.py:3096} INFO - Sync 1 DAGs
[2024-12-09T15:28:19.153-0300] {logging_mixin.py:188} INFO - [2024-12-09T15:28:19.153-0300] {dag.py:3954} INFO - Setting next_dagrun for example_params_trigger_ui to None, run_after=None
[2024-12-09T15:28:19.176-0300] {processor.py:183} INFO - Processing /home/beatriz/Documentos/airflow/airflow_venv/lib/python3.10/site-packages/airflow/example_dags/example_params_trigger_ui.py took 0.084 seconds
[2024-12-09T15:29:11.681-0300] {processor.py:161} INFO - Started process (PID=47399) to work on /home/beatriz/Documentos/airflow/airflow_venv/lib/python3.10/site-packages/airflow/example_dags/example_params_trigger_ui.py
[2024-12-09T15:29:11.682-0300] {processor.py:830} INFO - Processing file /home/beatriz/Documentos/airflow/airflow_venv/lib/python3.10/site-packages/airflow/example_dags/example_params_trigger_ui.py for tasks to queue
[2024-12-09T15:29:11.683-0300] {logging_mixin.py:188} INFO - [2024-12-09T15:29:11.683-0300] {dagbag.py:540} INFO - Filling up the DagBag from /home/beatriz/Documentos/airflow/airflow_venv/lib/python3.10/site-packages/airflow/example_dags/example_params_trigger_ui.py
[2024-12-09T15:29:11.699-0300] {processor.py:840} INFO - DAG(s) 'example_params_trigger_ui' retrieved from /home/beatriz/Documentos/airflow/airflow_venv/lib/python3.10/site-packages/airflow/example_dags/example_params_trigger_ui.py
[2024-12-09T15:29:11.745-0300] {logging_mixin.py:188} INFO - [2024-12-09T15:29:11.745-0300] {dag.py:3096} INFO - Sync 1 DAGs
[2024-12-09T15:29:11.754-0300] {logging_mixin.py:188} INFO - [2024-12-09T15:29:11.754-0300] {dag.py:3954} INFO - Setting next_dagrun for example_params_trigger_ui to None, run_after=None
[2024-12-09T15:29:11.778-0300] {processor.py:183} INFO - Processing /home/beatriz/Documentos/airflow/airflow_venv/lib/python3.10/site-packages/airflow/example_dags/example_params_trigger_ui.py took 0.103 seconds
[2024-12-09T15:30:05.893-0300] {processor.py:161} INFO - Started process (PID=48576) to work on /home/beatriz/Documentos/airflow/airflow_venv/lib/python3.10/site-packages/airflow/example_dags/example_params_trigger_ui.py
[2024-12-09T15:30:05.894-0300] {processor.py:830} INFO - Processing file /home/beatriz/Documentos/airflow/airflow_venv/lib/python3.10/site-packages/airflow/example_dags/example_params_trigger_ui.py for tasks to queue
[2024-12-09T15:30:05.896-0300] {logging_mixin.py:188} INFO - [2024-12-09T15:30:05.896-0300] {dagbag.py:540} INFO - Filling up the DagBag from /home/beatriz/Documentos/airflow/airflow_venv/lib/python3.10/site-packages/airflow/example_dags/example_params_trigger_ui.py
[2024-12-09T15:30:05.923-0300] {processor.py:840} INFO - DAG(s) 'example_params_trigger_ui' retrieved from /home/beatriz/Documentos/airflow/airflow_venv/lib/python3.10/site-packages/airflow/example_dags/example_params_trigger_ui.py
[2024-12-09T15:30:05.961-0300] {logging_mixin.py:188} INFO - [2024-12-09T15:30:05.961-0300] {dag.py:3096} INFO - Sync 1 DAGs
[2024-12-09T15:30:05.970-0300] {logging_mixin.py:188} INFO - [2024-12-09T15:30:05.969-0300] {dag.py:3954} INFO - Setting next_dagrun for example_params_trigger_ui to None, run_after=None
[2024-12-09T15:30:05.988-0300] {processor.py:183} INFO - Processing /home/beatriz/Documentos/airflow/airflow_venv/lib/python3.10/site-packages/airflow/example_dags/example_params_trigger_ui.py took 0.104 seconds
[2024-12-09T15:30:57.878-0300] {processor.py:161} INFO - Started process (PID=48921) to work on /home/beatriz/Documentos/airflow/airflow_venv/lib/python3.10/site-packages/airflow/example_dags/example_params_trigger_ui.py
[2024-12-09T15:30:57.879-0300] {processor.py:830} INFO - Processing file /home/beatriz/Documentos/airflow/airflow_venv/lib/python3.10/site-packages/airflow/example_dags/example_params_trigger_ui.py for tasks to queue
[2024-12-09T15:30:57.882-0300] {logging_mixin.py:188} INFO - [2024-12-09T15:30:57.881-0300] {dagbag.py:540} INFO - Filling up the DagBag from /home/beatriz/Documentos/airflow/airflow_venv/lib/python3.10/site-packages/airflow/example_dags/example_params_trigger_ui.py
[2024-12-09T15:30:57.904-0300] {processor.py:840} INFO - DAG(s) 'example_params_trigger_ui' retrieved from /home/beatriz/Documentos/airflow/airflow_venv/lib/python3.10/site-packages/airflow/example_dags/example_params_trigger_ui.py
[2024-12-09T15:30:57.942-0300] {logging_mixin.py:188} INFO - [2024-12-09T15:30:57.941-0300] {dag.py:3096} INFO - Sync 1 DAGs
[2024-12-09T15:30:57.955-0300] {logging_mixin.py:188} INFO - [2024-12-09T15:30:57.954-0300] {dag.py:3954} INFO - Setting next_dagrun for example_params_trigger_ui to None, run_after=None
[2024-12-09T15:30:57.974-0300] {processor.py:183} INFO - Processing /home/beatriz/Documentos/airflow/airflow_venv/lib/python3.10/site-packages/airflow/example_dags/example_params_trigger_ui.py took 0.106 seconds
[2024-12-09T15:31:50.400-0300] {processor.py:161} INFO - Started process (PID=49184) to work on /home/beatriz/Documentos/airflow/airflow_venv/lib/python3.10/site-packages/airflow/example_dags/example_params_trigger_ui.py
[2024-12-09T15:31:50.402-0300] {processor.py:830} INFO - Processing file /home/beatriz/Documentos/airflow/airflow_venv/lib/python3.10/site-packages/airflow/example_dags/example_params_trigger_ui.py for tasks to queue
[2024-12-09T15:31:50.405-0300] {logging_mixin.py:188} INFO - [2024-12-09T15:31:50.404-0300] {dagbag.py:540} INFO - Filling up the DagBag from /home/beatriz/Documentos/airflow/airflow_venv/lib/python3.10/site-packages/airflow/example_dags/example_params_trigger_ui.py
[2024-12-09T15:31:50.426-0300] {processor.py:840} INFO - DAG(s) 'example_params_trigger_ui' retrieved from /home/beatriz/Documentos/airflow/airflow_venv/lib/python3.10/site-packages/airflow/example_dags/example_params_trigger_ui.py
[2024-12-09T15:31:50.465-0300] {logging_mixin.py:188} INFO - [2024-12-09T15:31:50.465-0300] {dag.py:3096} INFO - Sync 1 DAGs
[2024-12-09T15:31:50.474-0300] {logging_mixin.py:188} INFO - [2024-12-09T15:31:50.474-0300] {dag.py:3954} INFO - Setting next_dagrun for example_params_trigger_ui to None, run_after=None
[2024-12-09T15:31:50.491-0300] {processor.py:183} INFO - Processing /home/beatriz/Documentos/airflow/airflow_venv/lib/python3.10/site-packages/airflow/example_dags/example_params_trigger_ui.py took 0.101 seconds
[2024-12-09T15:32:42.417-0300] {processor.py:161} INFO - Started process (PID=49512) to work on /home/beatriz/Documentos/airflow/airflow_venv/lib/python3.10/site-packages/airflow/example_dags/example_params_trigger_ui.py
[2024-12-09T15:32:42.420-0300] {processor.py:830} INFO - Processing file /home/beatriz/Documentos/airflow/airflow_venv/lib/python3.10/site-packages/airflow/example_dags/example_params_trigger_ui.py for tasks to queue
[2024-12-09T15:32:42.421-0300] {logging_mixin.py:188} INFO - [2024-12-09T15:32:42.420-0300] {dagbag.py:540} INFO - Filling up the DagBag from /home/beatriz/Documentos/airflow/airflow_venv/lib/python3.10/site-packages/airflow/example_dags/example_params_trigger_ui.py
[2024-12-09T15:32:42.431-0300] {processor.py:840} INFO - DAG(s) 'example_params_trigger_ui' retrieved from /home/beatriz/Documentos/airflow/airflow_venv/lib/python3.10/site-packages/airflow/example_dags/example_params_trigger_ui.py
[2024-12-09T15:32:42.466-0300] {logging_mixin.py:188} INFO - [2024-12-09T15:32:42.465-0300] {dag.py:3096} INFO - Sync 1 DAGs
[2024-12-09T15:32:42.474-0300] {logging_mixin.py:188} INFO - [2024-12-09T15:32:42.474-0300] {dag.py:3954} INFO - Setting next_dagrun for example_params_trigger_ui to None, run_after=None
[2024-12-09T15:32:42.490-0300] {processor.py:183} INFO - Processing /home/beatriz/Documentos/airflow/airflow_venv/lib/python3.10/site-packages/airflow/example_dags/example_params_trigger_ui.py took 0.077 seconds
[2024-12-09T15:33:40.389-0300] {processor.py:161} INFO - Started process (PID=50263) to work on /home/beatriz/Documentos/airflow/airflow_venv/lib/python3.10/site-packages/airflow/example_dags/example_params_trigger_ui.py
[2024-12-09T15:33:40.391-0300] {processor.py:830} INFO - Processing file /home/beatriz/Documentos/airflow/airflow_venv/lib/python3.10/site-packages/airflow/example_dags/example_params_trigger_ui.py for tasks to queue
[2024-12-09T15:33:40.392-0300] {logging_mixin.py:188} INFO - [2024-12-09T15:33:40.392-0300] {dagbag.py:540} INFO - Filling up the DagBag from /home/beatriz/Documentos/airflow/airflow_venv/lib/python3.10/site-packages/airflow/example_dags/example_params_trigger_ui.py
[2024-12-09T15:33:40.405-0300] {processor.py:840} INFO - DAG(s) 'example_params_trigger_ui' retrieved from /home/beatriz/Documentos/airflow/airflow_venv/lib/python3.10/site-packages/airflow/example_dags/example_params_trigger_ui.py
[2024-12-09T15:33:40.492-0300] {logging_mixin.py:188} INFO - [2024-12-09T15:33:40.492-0300] {dag.py:3096} INFO - Sync 1 DAGs
[2024-12-09T15:33:40.499-0300] {logging_mixin.py:188} INFO - [2024-12-09T15:33:40.499-0300] {dag.py:3954} INFO - Setting next_dagrun for example_params_trigger_ui to None, run_after=None
[2024-12-09T15:33:40.516-0300] {processor.py:183} INFO - Processing /home/beatriz/Documentos/airflow/airflow_venv/lib/python3.10/site-packages/airflow/example_dags/example_params_trigger_ui.py took 0.132 seconds
[2024-12-09T15:33:44.910-0300] {processor.py:161} INFO - Started process (PID=50273) to work on /home/beatriz/Documentos/airflow/airflow_venv/lib/python3.10/site-packages/airflow/example_dags/example_params_trigger_ui.py
[2024-12-09T15:33:44.911-0300] {processor.py:830} INFO - Processing file /home/beatriz/Documentos/airflow/airflow_venv/lib/python3.10/site-packages/airflow/example_dags/example_params_trigger_ui.py for tasks to queue
[2024-12-09T15:33:44.913-0300] {logging_mixin.py:188} INFO - [2024-12-09T15:33:44.912-0300] {dagbag.py:540} INFO - Filling up the DagBag from /home/beatriz/Documentos/airflow/airflow_venv/lib/python3.10/site-packages/airflow/example_dags/example_params_trigger_ui.py
[2024-12-09T15:33:44.926-0300] {processor.py:840} INFO - DAG(s) 'example_params_trigger_ui' retrieved from /home/beatriz/Documentos/airflow/airflow_venv/lib/python3.10/site-packages/airflow/example_dags/example_params_trigger_ui.py
[2024-12-09T15:33:44.935-0300] {logging_mixin.py:188} INFO - [2024-12-09T15:33:44.935-0300] {dag.py:3096} INFO - Sync 1 DAGs
[2024-12-09T15:33:44.949-0300] {logging_mixin.py:188} INFO - [2024-12-09T15:33:44.949-0300] {dag.py:3954} INFO - Setting next_dagrun for example_params_trigger_ui to None, run_after=None
[2024-12-09T15:33:44.971-0300] {processor.py:183} INFO - Processing /home/beatriz/Documentos/airflow/airflow_venv/lib/python3.10/site-packages/airflow/example_dags/example_params_trigger_ui.py took 0.069 seconds
[2024-12-09T15:34:35.449-0300] {processor.py:161} INFO - Started process (PID=50888) to work on /home/beatriz/Documentos/airflow/airflow_venv/lib/python3.10/site-packages/airflow/example_dags/example_params_trigger_ui.py
[2024-12-09T15:34:35.451-0300] {processor.py:830} INFO - Processing file /home/beatriz/Documentos/airflow/airflow_venv/lib/python3.10/site-packages/airflow/example_dags/example_params_trigger_ui.py for tasks to queue
[2024-12-09T15:34:35.453-0300] {logging_mixin.py:188} INFO - [2024-12-09T15:34:35.453-0300] {dagbag.py:540} INFO - Filling up the DagBag from /home/beatriz/Documentos/airflow/airflow_venv/lib/python3.10/site-packages/airflow/example_dags/example_params_trigger_ui.py
[2024-12-09T15:34:35.469-0300] {processor.py:840} INFO - DAG(s) 'example_params_trigger_ui' retrieved from /home/beatriz/Documentos/airflow/airflow_venv/lib/python3.10/site-packages/airflow/example_dags/example_params_trigger_ui.py
[2024-12-09T15:34:35.505-0300] {logging_mixin.py:188} INFO - [2024-12-09T15:34:35.505-0300] {dag.py:3096} INFO - Sync 1 DAGs
[2024-12-09T15:34:35.513-0300] {logging_mixin.py:188} INFO - [2024-12-09T15:34:35.513-0300] {dag.py:3954} INFO - Setting next_dagrun for example_params_trigger_ui to None, run_after=None
[2024-12-09T15:34:35.531-0300] {processor.py:183} INFO - Processing /home/beatriz/Documentos/airflow/airflow_venv/lib/python3.10/site-packages/airflow/example_dags/example_params_trigger_ui.py took 0.088 seconds
[2024-12-09T15:35:28.200-0300] {processor.py:161} INFO - Started process (PID=51185) to work on /home/beatriz/Documentos/airflow/airflow_venv/lib/python3.10/site-packages/airflow/example_dags/example_params_trigger_ui.py
[2024-12-09T15:35:28.202-0300] {processor.py:830} INFO - Processing file /home/beatriz/Documentos/airflow/airflow_venv/lib/python3.10/site-packages/airflow/example_dags/example_params_trigger_ui.py for tasks to queue
[2024-12-09T15:35:28.204-0300] {logging_mixin.py:188} INFO - [2024-12-09T15:35:28.203-0300] {dagbag.py:540} INFO - Filling up the DagBag from /home/beatriz/Documentos/airflow/airflow_venv/lib/python3.10/site-packages/airflow/example_dags/example_params_trigger_ui.py
[2024-12-09T15:35:28.215-0300] {processor.py:840} INFO - DAG(s) 'example_params_trigger_ui' retrieved from /home/beatriz/Documentos/airflow/airflow_venv/lib/python3.10/site-packages/airflow/example_dags/example_params_trigger_ui.py
[2024-12-09T15:35:28.267-0300] {logging_mixin.py:188} INFO - [2024-12-09T15:35:28.266-0300] {dag.py:3096} INFO - Sync 1 DAGs
[2024-12-09T15:35:28.274-0300] {logging_mixin.py:188} INFO - [2024-12-09T15:35:28.274-0300] {dag.py:3954} INFO - Setting next_dagrun for example_params_trigger_ui to None, run_after=None
[2024-12-09T15:35:28.289-0300] {processor.py:183} INFO - Processing /home/beatriz/Documentos/airflow/airflow_venv/lib/python3.10/site-packages/airflow/example_dags/example_params_trigger_ui.py took 0.094 seconds
[2024-12-09T15:36:16.946-0300] {processor.py:161} INFO - Started process (PID=51406) to work on /home/beatriz/Documentos/airflow/airflow_venv/lib/python3.10/site-packages/airflow/example_dags/example_params_trigger_ui.py
[2024-12-09T15:36:16.948-0300] {processor.py:830} INFO - Processing file /home/beatriz/Documentos/airflow/airflow_venv/lib/python3.10/site-packages/airflow/example_dags/example_params_trigger_ui.py for tasks to queue
[2024-12-09T15:36:16.950-0300] {logging_mixin.py:188} INFO - [2024-12-09T15:36:16.950-0300] {dagbag.py:540} INFO - Filling up the DagBag from /home/beatriz/Documentos/airflow/airflow_venv/lib/python3.10/site-packages/airflow/example_dags/example_params_trigger_ui.py
[2024-12-09T15:36:16.963-0300] {processor.py:840} INFO - DAG(s) 'example_params_trigger_ui' retrieved from /home/beatriz/Documentos/airflow/airflow_venv/lib/python3.10/site-packages/airflow/example_dags/example_params_trigger_ui.py
[2024-12-09T15:36:17.003-0300] {logging_mixin.py:188} INFO - [2024-12-09T15:36:17.003-0300] {dag.py:3096} INFO - Sync 1 DAGs
[2024-12-09T15:36:17.012-0300] {logging_mixin.py:188} INFO - [2024-12-09T15:36:17.012-0300] {dag.py:3954} INFO - Setting next_dagrun for example_params_trigger_ui to None, run_after=None
[2024-12-09T15:36:17.033-0300] {processor.py:183} INFO - Processing /home/beatriz/Documentos/airflow/airflow_venv/lib/python3.10/site-packages/airflow/example_dags/example_params_trigger_ui.py took 0.092 seconds
[2024-12-09T15:43:32.644-0300] {processor.py:161} INFO - Started process (PID=6082) to work on /home/beatriz/Documentos/airflow/airflow_venv/lib/python3.10/site-packages/airflow/example_dags/example_params_trigger_ui.py
[2024-12-09T15:43:32.646-0300] {processor.py:830} INFO - Processing file /home/beatriz/Documentos/airflow/airflow_venv/lib/python3.10/site-packages/airflow/example_dags/example_params_trigger_ui.py for tasks to queue
[2024-12-09T15:43:32.649-0300] {logging_mixin.py:188} INFO - [2024-12-09T15:43:32.648-0300] {dagbag.py:540} INFO - Filling up the DagBag from /home/beatriz/Documentos/airflow/airflow_venv/lib/python3.10/site-packages/airflow/example_dags/example_params_trigger_ui.py
[2024-12-09T15:43:32.670-0300] {processor.py:840} INFO - DAG(s) 'example_params_trigger_ui' retrieved from /home/beatriz/Documentos/airflow/airflow_venv/lib/python3.10/site-packages/airflow/example_dags/example_params_trigger_ui.py
[2024-12-09T15:43:32.765-0300] {logging_mixin.py:188} INFO - [2024-12-09T15:43:32.765-0300] {dag.py:3096} INFO - Sync 1 DAGs
[2024-12-09T15:43:32.772-0300] {logging_mixin.py:188} INFO - [2024-12-09T15:43:32.772-0300] {dag.py:3954} INFO - Setting next_dagrun for example_params_trigger_ui to None, run_after=None
[2024-12-09T15:43:32.793-0300] {processor.py:183} INFO - Processing /home/beatriz/Documentos/airflow/airflow_venv/lib/python3.10/site-packages/airflow/example_dags/example_params_trigger_ui.py took 0.160 seconds
[2024-12-09T15:50:50.673-0300] {processor.py:161} INFO - Started process (PID=7877) to work on /home/beatriz/Documentos/airflow/airflow_venv/lib/python3.10/site-packages/airflow/example_dags/example_params_trigger_ui.py
[2024-12-09T15:50:50.675-0300] {processor.py:830} INFO - Processing file /home/beatriz/Documentos/airflow/airflow_venv/lib/python3.10/site-packages/airflow/example_dags/example_params_trigger_ui.py for tasks to queue
[2024-12-09T15:50:50.677-0300] {logging_mixin.py:188} INFO - [2024-12-09T15:50:50.676-0300] {dagbag.py:540} INFO - Filling up the DagBag from /home/beatriz/Documentos/airflow/airflow_venv/lib/python3.10/site-packages/airflow/example_dags/example_params_trigger_ui.py
[2024-12-09T15:50:50.691-0300] {processor.py:840} INFO - DAG(s) 'example_params_trigger_ui' retrieved from /home/beatriz/Documentos/airflow/airflow_venv/lib/python3.10/site-packages/airflow/example_dags/example_params_trigger_ui.py
[2024-12-09T15:50:50.799-0300] {logging_mixin.py:188} INFO - [2024-12-09T15:50:50.799-0300] {dag.py:3096} INFO - Sync 1 DAGs
[2024-12-09T15:50:50.807-0300] {logging_mixin.py:188} INFO - [2024-12-09T15:50:50.807-0300] {dag.py:3954} INFO - Setting next_dagrun for example_params_trigger_ui to None, run_after=None
[2024-12-09T15:50:50.829-0300] {processor.py:183} INFO - Processing /home/beatriz/Documentos/airflow/airflow_venv/lib/python3.10/site-packages/airflow/example_dags/example_params_trigger_ui.py took 0.162 seconds
[2024-12-09T15:51:51.976-0300] {processor.py:161} INFO - Started process (PID=8553) to work on /home/beatriz/Documentos/airflow/airflow_venv/lib/python3.10/site-packages/airflow/example_dags/example_params_trigger_ui.py
[2024-12-09T15:51:51.978-0300] {processor.py:830} INFO - Processing file /home/beatriz/Documentos/airflow/airflow_venv/lib/python3.10/site-packages/airflow/example_dags/example_params_trigger_ui.py for tasks to queue
[2024-12-09T15:51:51.979-0300] {logging_mixin.py:188} INFO - [2024-12-09T15:51:51.979-0300] {dagbag.py:540} INFO - Filling up the DagBag from /home/beatriz/Documentos/airflow/airflow_venv/lib/python3.10/site-packages/airflow/example_dags/example_params_trigger_ui.py
[2024-12-09T15:51:51.989-0300] {processor.py:840} INFO - DAG(s) 'example_params_trigger_ui' retrieved from /home/beatriz/Documentos/airflow/airflow_venv/lib/python3.10/site-packages/airflow/example_dags/example_params_trigger_ui.py
[2024-12-09T15:51:52.022-0300] {logging_mixin.py:188} INFO - [2024-12-09T15:51:52.022-0300] {dag.py:3096} INFO - Sync 1 DAGs
[2024-12-09T15:51:52.030-0300] {logging_mixin.py:188} INFO - [2024-12-09T15:51:52.030-0300] {dag.py:3954} INFO - Setting next_dagrun for example_params_trigger_ui to None, run_after=None
[2024-12-09T15:51:52.047-0300] {processor.py:183} INFO - Processing /home/beatriz/Documentos/airflow/airflow_venv/lib/python3.10/site-packages/airflow/example_dags/example_params_trigger_ui.py took 0.075 seconds
[2024-12-09T15:52:49.362-0300] {processor.py:161} INFO - Started process (PID=9013) to work on /home/beatriz/Documentos/airflow/airflow_venv/lib/python3.10/site-packages/airflow/example_dags/example_params_trigger_ui.py
[2024-12-09T15:52:49.363-0300] {processor.py:830} INFO - Processing file /home/beatriz/Documentos/airflow/airflow_venv/lib/python3.10/site-packages/airflow/example_dags/example_params_trigger_ui.py for tasks to queue
[2024-12-09T15:52:49.364-0300] {logging_mixin.py:188} INFO - [2024-12-09T15:52:49.364-0300] {dagbag.py:540} INFO - Filling up the DagBag from /home/beatriz/Documentos/airflow/airflow_venv/lib/python3.10/site-packages/airflow/example_dags/example_params_trigger_ui.py
[2024-12-09T15:52:49.377-0300] {processor.py:840} INFO - DAG(s) 'example_params_trigger_ui' retrieved from /home/beatriz/Documentos/airflow/airflow_venv/lib/python3.10/site-packages/airflow/example_dags/example_params_trigger_ui.py
[2024-12-09T15:52:49.410-0300] {logging_mixin.py:188} INFO - [2024-12-09T15:52:49.410-0300] {dag.py:3096} INFO - Sync 1 DAGs
[2024-12-09T15:52:49.418-0300] {logging_mixin.py:188} INFO - [2024-12-09T15:52:49.418-0300] {dag.py:3954} INFO - Setting next_dagrun for example_params_trigger_ui to None, run_after=None
[2024-12-09T15:52:49.433-0300] {processor.py:183} INFO - Processing /home/beatriz/Documentos/airflow/airflow_venv/lib/python3.10/site-packages/airflow/example_dags/example_params_trigger_ui.py took 0.076 seconds
[2024-12-09T15:53:48.920-0300] {processor.py:161} INFO - Started process (PID=9456) to work on /home/beatriz/Documentos/airflow/airflow_venv/lib/python3.10/site-packages/airflow/example_dags/example_params_trigger_ui.py
[2024-12-09T15:53:48.922-0300] {processor.py:830} INFO - Processing file /home/beatriz/Documentos/airflow/airflow_venv/lib/python3.10/site-packages/airflow/example_dags/example_params_trigger_ui.py for tasks to queue
[2024-12-09T15:53:48.923-0300] {logging_mixin.py:188} INFO - [2024-12-09T15:53:48.923-0300] {dagbag.py:540} INFO - Filling up the DagBag from /home/beatriz/Documentos/airflow/airflow_venv/lib/python3.10/site-packages/airflow/example_dags/example_params_trigger_ui.py
[2024-12-09T15:53:49.006-0300] {processor.py:840} INFO - DAG(s) 'example_params_trigger_ui' retrieved from /home/beatriz/Documentos/airflow/airflow_venv/lib/python3.10/site-packages/airflow/example_dags/example_params_trigger_ui.py
[2024-12-09T15:53:49.040-0300] {logging_mixin.py:188} INFO - [2024-12-09T15:53:49.040-0300] {dag.py:3096} INFO - Sync 1 DAGs
[2024-12-09T15:53:49.047-0300] {logging_mixin.py:188} INFO - [2024-12-09T15:53:49.047-0300] {dag.py:3954} INFO - Setting next_dagrun for example_params_trigger_ui to None, run_after=None
[2024-12-09T15:53:49.064-0300] {processor.py:183} INFO - Processing /home/beatriz/Documentos/airflow/airflow_venv/lib/python3.10/site-packages/airflow/example_dags/example_params_trigger_ui.py took 0.148 seconds
[2024-12-09T15:54:43.800-0300] {processor.py:161} INFO - Started process (PID=9968) to work on /home/beatriz/Documentos/airflow/airflow_venv/lib/python3.10/site-packages/airflow/example_dags/example_params_trigger_ui.py
[2024-12-09T15:54:43.801-0300] {processor.py:830} INFO - Processing file /home/beatriz/Documentos/airflow/airflow_venv/lib/python3.10/site-packages/airflow/example_dags/example_params_trigger_ui.py for tasks to queue
[2024-12-09T15:54:43.803-0300] {logging_mixin.py:188} INFO - [2024-12-09T15:54:43.802-0300] {dagbag.py:540} INFO - Filling up the DagBag from /home/beatriz/Documentos/airflow/airflow_venv/lib/python3.10/site-packages/airflow/example_dags/example_params_trigger_ui.py
[2024-12-09T15:54:43.813-0300] {processor.py:840} INFO - DAG(s) 'example_params_trigger_ui' retrieved from /home/beatriz/Documentos/airflow/airflow_venv/lib/python3.10/site-packages/airflow/example_dags/example_params_trigger_ui.py
[2024-12-09T15:54:43.846-0300] {logging_mixin.py:188} INFO - [2024-12-09T15:54:43.846-0300] {dag.py:3096} INFO - Sync 1 DAGs
[2024-12-09T15:54:43.853-0300] {logging_mixin.py:188} INFO - [2024-12-09T15:54:43.853-0300] {dag.py:3954} INFO - Setting next_dagrun for example_params_trigger_ui to None, run_after=None
[2024-12-09T15:54:43.870-0300] {processor.py:183} INFO - Processing /home/beatriz/Documentos/airflow/airflow_venv/lib/python3.10/site-packages/airflow/example_dags/example_params_trigger_ui.py took 0.075 seconds
[2024-12-09T15:56:57.575-0300] {processor.py:161} INFO - Started process (PID=11937) to work on /home/beatriz/Documentos/airflow/airflow_venv/lib/python3.10/site-packages/airflow/example_dags/example_params_trigger_ui.py
[2024-12-09T15:56:57.576-0300] {processor.py:830} INFO - Processing file /home/beatriz/Documentos/airflow/airflow_venv/lib/python3.10/site-packages/airflow/example_dags/example_params_trigger_ui.py for tasks to queue
[2024-12-09T15:56:57.578-0300] {logging_mixin.py:188} INFO - [2024-12-09T15:56:57.577-0300] {dagbag.py:540} INFO - Filling up the DagBag from /home/beatriz/Documentos/airflow/airflow_venv/lib/python3.10/site-packages/airflow/example_dags/example_params_trigger_ui.py
[2024-12-09T15:56:57.592-0300] {processor.py:840} INFO - DAG(s) 'example_params_trigger_ui' retrieved from /home/beatriz/Documentos/airflow/airflow_venv/lib/python3.10/site-packages/airflow/example_dags/example_params_trigger_ui.py
[2024-12-09T15:56:57.692-0300] {logging_mixin.py:188} INFO - [2024-12-09T15:56:57.692-0300] {dag.py:3096} INFO - Sync 1 DAGs
[2024-12-09T15:56:57.699-0300] {logging_mixin.py:188} INFO - [2024-12-09T15:56:57.699-0300] {dag.py:3954} INFO - Setting next_dagrun for example_params_trigger_ui to None, run_after=None
[2024-12-09T15:56:57.721-0300] {processor.py:183} INFO - Processing /home/beatriz/Documentos/airflow/airflow_venv/lib/python3.10/site-packages/airflow/example_dags/example_params_trigger_ui.py took 0.152 seconds
[2024-12-09T15:57:55.917-0300] {processor.py:161} INFO - Started process (PID=12416) to work on /home/beatriz/Documentos/airflow/airflow_venv/lib/python3.10/site-packages/airflow/example_dags/example_params_trigger_ui.py
[2024-12-09T15:57:55.919-0300] {processor.py:830} INFO - Processing file /home/beatriz/Documentos/airflow/airflow_venv/lib/python3.10/site-packages/airflow/example_dags/example_params_trigger_ui.py for tasks to queue
[2024-12-09T15:57:55.920-0300] {logging_mixin.py:188} INFO - [2024-12-09T15:57:55.920-0300] {dagbag.py:540} INFO - Filling up the DagBag from /home/beatriz/Documentos/airflow/airflow_venv/lib/python3.10/site-packages/airflow/example_dags/example_params_trigger_ui.py
[2024-12-09T15:57:55.930-0300] {processor.py:840} INFO - DAG(s) 'example_params_trigger_ui' retrieved from /home/beatriz/Documentos/airflow/airflow_venv/lib/python3.10/site-packages/airflow/example_dags/example_params_trigger_ui.py
[2024-12-09T15:57:55.963-0300] {logging_mixin.py:188} INFO - [2024-12-09T15:57:55.963-0300] {dag.py:3096} INFO - Sync 1 DAGs
[2024-12-09T15:57:55.971-0300] {logging_mixin.py:188} INFO - [2024-12-09T15:57:55.971-0300] {dag.py:3954} INFO - Setting next_dagrun for example_params_trigger_ui to None, run_after=None
[2024-12-09T15:57:55.987-0300] {processor.py:183} INFO - Processing /home/beatriz/Documentos/airflow/airflow_venv/lib/python3.10/site-packages/airflow/example_dags/example_params_trigger_ui.py took 0.074 seconds
[2024-12-09T16:00:28.081-0300] {processor.py:161} INFO - Started process (PID=16232) to work on /home/beatriz/Documentos/airflow/airflow_venv/lib/python3.10/site-packages/airflow/example_dags/example_params_trigger_ui.py
[2024-12-09T16:00:28.084-0300] {processor.py:830} INFO - Processing file /home/beatriz/Documentos/airflow/airflow_venv/lib/python3.10/site-packages/airflow/example_dags/example_params_trigger_ui.py for tasks to queue
[2024-12-09T16:00:28.087-0300] {logging_mixin.py:188} INFO - [2024-12-09T16:00:28.086-0300] {dagbag.py:540} INFO - Filling up the DagBag from /home/beatriz/Documentos/airflow/airflow_venv/lib/python3.10/site-packages/airflow/example_dags/example_params_trigger_ui.py
[2024-12-09T16:00:28.112-0300] {processor.py:840} INFO - DAG(s) 'example_params_trigger_ui' retrieved from /home/beatriz/Documentos/airflow/airflow_venv/lib/python3.10/site-packages/airflow/example_dags/example_params_trigger_ui.py
[2024-12-09T16:00:28.153-0300] {logging_mixin.py:188} INFO - [2024-12-09T16:00:28.152-0300] {dag.py:3096} INFO - Sync 1 DAGs
[2024-12-09T16:00:28.162-0300] {logging_mixin.py:188} INFO - [2024-12-09T16:00:28.161-0300] {dag.py:3954} INFO - Setting next_dagrun for example_params_trigger_ui to None, run_after=None
[2024-12-09T16:00:28.180-0300] {processor.py:183} INFO - Processing /home/beatriz/Documentos/airflow/airflow_venv/lib/python3.10/site-packages/airflow/example_dags/example_params_trigger_ui.py took 0.110 seconds
[2024-12-09T16:28:40.253-0300] {processor.py:161} INFO - Started process (PID=20394) to work on /home/beatriz/Documentos/airflow/airflow_venv/lib/python3.10/site-packages/airflow/example_dags/example_params_trigger_ui.py
[2024-12-09T16:28:40.255-0300] {processor.py:830} INFO - Processing file /home/beatriz/Documentos/airflow/airflow_venv/lib/python3.10/site-packages/airflow/example_dags/example_params_trigger_ui.py for tasks to queue
[2024-12-09T16:28:40.257-0300] {logging_mixin.py:188} INFO - [2024-12-09T16:28:40.257-0300] {dagbag.py:540} INFO - Filling up the DagBag from /home/beatriz/Documentos/airflow/airflow_venv/lib/python3.10/site-packages/airflow/example_dags/example_params_trigger_ui.py
[2024-12-09T16:28:40.277-0300] {processor.py:840} INFO - DAG(s) 'example_params_trigger_ui' retrieved from /home/beatriz/Documentos/airflow/airflow_venv/lib/python3.10/site-packages/airflow/example_dags/example_params_trigger_ui.py
[2024-12-09T16:28:40.388-0300] {logging_mixin.py:188} INFO - [2024-12-09T16:28:40.388-0300] {dag.py:3096} INFO - Sync 1 DAGs
[2024-12-09T16:28:40.396-0300] {logging_mixin.py:188} INFO - [2024-12-09T16:28:40.396-0300] {dag.py:3954} INFO - Setting next_dagrun for example_params_trigger_ui to None, run_after=None
[2024-12-09T16:28:40.426-0300] {processor.py:183} INFO - Processing /home/beatriz/Documentos/airflow/airflow_venv/lib/python3.10/site-packages/airflow/example_dags/example_params_trigger_ui.py took 0.182 seconds
[2024-12-09T16:29:50.903-0300] {processor.py:161} INFO - Started process (PID=21626) to work on /home/beatriz/Documentos/airflow/airflow_venv/lib/python3.10/site-packages/airflow/example_dags/example_params_trigger_ui.py
[2024-12-09T16:29:50.905-0300] {processor.py:830} INFO - Processing file /home/beatriz/Documentos/airflow/airflow_venv/lib/python3.10/site-packages/airflow/example_dags/example_params_trigger_ui.py for tasks to queue
[2024-12-09T16:29:50.908-0300] {logging_mixin.py:188} INFO - [2024-12-09T16:29:50.907-0300] {dagbag.py:540} INFO - Filling up the DagBag from /home/beatriz/Documentos/airflow/airflow_venv/lib/python3.10/site-packages/airflow/example_dags/example_params_trigger_ui.py
[2024-12-09T16:29:50.927-0300] {processor.py:840} INFO - DAG(s) 'example_params_trigger_ui' retrieved from /home/beatriz/Documentos/airflow/airflow_venv/lib/python3.10/site-packages/airflow/example_dags/example_params_trigger_ui.py
[2024-12-09T16:29:50.964-0300] {logging_mixin.py:188} INFO - [2024-12-09T16:29:50.964-0300] {dag.py:3096} INFO - Sync 1 DAGs
[2024-12-09T16:29:50.973-0300] {logging_mixin.py:188} INFO - [2024-12-09T16:29:50.973-0300] {dag.py:3954} INFO - Setting next_dagrun for example_params_trigger_ui to None, run_after=None
[2024-12-09T16:29:50.990-0300] {processor.py:183} INFO - Processing /home/beatriz/Documentos/airflow/airflow_venv/lib/python3.10/site-packages/airflow/example_dags/example_params_trigger_ui.py took 0.096 seconds
[2024-12-09T16:47:12.916-0300] {processor.py:161} INFO - Started process (PID=24194) to work on /home/beatriz/Documentos/airflow/airflow_venv/lib/python3.10/site-packages/airflow/example_dags/example_params_trigger_ui.py
[2024-12-09T16:47:12.917-0300] {processor.py:830} INFO - Processing file /home/beatriz/Documentos/airflow/airflow_venv/lib/python3.10/site-packages/airflow/example_dags/example_params_trigger_ui.py for tasks to queue
[2024-12-09T16:47:12.919-0300] {logging_mixin.py:188} INFO - [2024-12-09T16:47:12.918-0300] {dagbag.py:540} INFO - Filling up the DagBag from /home/beatriz/Documentos/airflow/airflow_venv/lib/python3.10/site-packages/airflow/example_dags/example_params_trigger_ui.py
[2024-12-09T16:47:12.929-0300] {processor.py:840} INFO - DAG(s) 'example_params_trigger_ui' retrieved from /home/beatriz/Documentos/airflow/airflow_venv/lib/python3.10/site-packages/airflow/example_dags/example_params_trigger_ui.py
[2024-12-09T16:47:13.016-0300] {logging_mixin.py:188} INFO - [2024-12-09T16:47:13.016-0300] {dag.py:3096} INFO - Sync 1 DAGs
[2024-12-09T16:47:13.022-0300] {logging_mixin.py:188} INFO - [2024-12-09T16:47:13.022-0300] {dag.py:3954} INFO - Setting next_dagrun for example_params_trigger_ui to None, run_after=None
[2024-12-09T16:47:13.042-0300] {processor.py:183} INFO - Processing /home/beatriz/Documentos/airflow/airflow_venv/lib/python3.10/site-packages/airflow/example_dags/example_params_trigger_ui.py took 0.130 seconds
[2024-12-09T16:48:10.997-0300] {processor.py:161} INFO - Started process (PID=24822) to work on /home/beatriz/Documentos/airflow/airflow_venv/lib/python3.10/site-packages/airflow/example_dags/example_params_trigger_ui.py
[2024-12-09T16:48:10.999-0300] {processor.py:830} INFO - Processing file /home/beatriz/Documentos/airflow/airflow_venv/lib/python3.10/site-packages/airflow/example_dags/example_params_trigger_ui.py for tasks to queue
[2024-12-09T16:48:11.000-0300] {logging_mixin.py:188} INFO - [2024-12-09T16:48:10.999-0300] {dagbag.py:540} INFO - Filling up the DagBag from /home/beatriz/Documentos/airflow/airflow_venv/lib/python3.10/site-packages/airflow/example_dags/example_params_trigger_ui.py
[2024-12-09T16:48:11.010-0300] {processor.py:840} INFO - DAG(s) 'example_params_trigger_ui' retrieved from /home/beatriz/Documentos/airflow/airflow_venv/lib/python3.10/site-packages/airflow/example_dags/example_params_trigger_ui.py
[2024-12-09T16:48:11.046-0300] {logging_mixin.py:188} INFO - [2024-12-09T16:48:11.046-0300] {dag.py:3096} INFO - Sync 1 DAGs
[2024-12-09T16:48:11.056-0300] {logging_mixin.py:188} INFO - [2024-12-09T16:48:11.055-0300] {dag.py:3954} INFO - Setting next_dagrun for example_params_trigger_ui to None, run_after=None
[2024-12-09T16:48:11.073-0300] {processor.py:183} INFO - Processing /home/beatriz/Documentos/airflow/airflow_venv/lib/python3.10/site-packages/airflow/example_dags/example_params_trigger_ui.py took 0.081 seconds
[2024-12-09T16:49:03.760-0300] {processor.py:161} INFO - Started process (PID=25138) to work on /home/beatriz/Documentos/airflow/airflow_venv/lib/python3.10/site-packages/airflow/example_dags/example_params_trigger_ui.py
[2024-12-09T16:49:03.763-0300] {processor.py:830} INFO - Processing file /home/beatriz/Documentos/airflow/airflow_venv/lib/python3.10/site-packages/airflow/example_dags/example_params_trigger_ui.py for tasks to queue
[2024-12-09T16:49:03.765-0300] {logging_mixin.py:188} INFO - [2024-12-09T16:49:03.764-0300] {dagbag.py:540} INFO - Filling up the DagBag from /home/beatriz/Documentos/airflow/airflow_venv/lib/python3.10/site-packages/airflow/example_dags/example_params_trigger_ui.py
[2024-12-09T16:49:03.787-0300] {processor.py:840} INFO - DAG(s) 'example_params_trigger_ui' retrieved from /home/beatriz/Documentos/airflow/airflow_venv/lib/python3.10/site-packages/airflow/example_dags/example_params_trigger_ui.py
[2024-12-09T16:49:03.824-0300] {logging_mixin.py:188} INFO - [2024-12-09T16:49:03.823-0300] {dag.py:3096} INFO - Sync 1 DAGs
[2024-12-09T16:49:03.831-0300] {logging_mixin.py:188} INFO - [2024-12-09T16:49:03.831-0300] {dag.py:3954} INFO - Setting next_dagrun for example_params_trigger_ui to None, run_after=None
[2024-12-09T16:49:03.849-0300] {processor.py:183} INFO - Processing /home/beatriz/Documentos/airflow/airflow_venv/lib/python3.10/site-packages/airflow/example_dags/example_params_trigger_ui.py took 0.102 seconds
[2024-12-09T16:49:55.217-0300] {processor.py:161} INFO - Started process (PID=25495) to work on /home/beatriz/Documentos/airflow/airflow_venv/lib/python3.10/site-packages/airflow/example_dags/example_params_trigger_ui.py
[2024-12-09T16:49:55.220-0300] {processor.py:830} INFO - Processing file /home/beatriz/Documentos/airflow/airflow_venv/lib/python3.10/site-packages/airflow/example_dags/example_params_trigger_ui.py for tasks to queue
[2024-12-09T16:49:55.222-0300] {logging_mixin.py:188} INFO - [2024-12-09T16:49:55.221-0300] {dagbag.py:540} INFO - Filling up the DagBag from /home/beatriz/Documentos/airflow/airflow_venv/lib/python3.10/site-packages/airflow/example_dags/example_params_trigger_ui.py
[2024-12-09T16:49:55.244-0300] {processor.py:840} INFO - DAG(s) 'example_params_trigger_ui' retrieved from /home/beatriz/Documentos/airflow/airflow_venv/lib/python3.10/site-packages/airflow/example_dags/example_params_trigger_ui.py
[2024-12-09T16:49:55.281-0300] {logging_mixin.py:188} INFO - [2024-12-09T16:49:55.281-0300] {dag.py:3096} INFO - Sync 1 DAGs
[2024-12-09T16:49:55.289-0300] {logging_mixin.py:188} INFO - [2024-12-09T16:49:55.289-0300] {dag.py:3954} INFO - Setting next_dagrun for example_params_trigger_ui to None, run_after=None
[2024-12-09T16:49:55.308-0300] {processor.py:183} INFO - Processing /home/beatriz/Documentos/airflow/airflow_venv/lib/python3.10/site-packages/airflow/example_dags/example_params_trigger_ui.py took 0.101 seconds
[2024-12-09T16:50:49.398-0300] {processor.py:161} INFO - Started process (PID=26065) to work on /home/beatriz/Documentos/airflow/airflow_venv/lib/python3.10/site-packages/airflow/example_dags/example_params_trigger_ui.py
[2024-12-09T16:50:49.399-0300] {processor.py:830} INFO - Processing file /home/beatriz/Documentos/airflow/airflow_venv/lib/python3.10/site-packages/airflow/example_dags/example_params_trigger_ui.py for tasks to queue
[2024-12-09T16:50:49.400-0300] {logging_mixin.py:188} INFO - [2024-12-09T16:50:49.400-0300] {dagbag.py:540} INFO - Filling up the DagBag from /home/beatriz/Documentos/airflow/airflow_venv/lib/python3.10/site-packages/airflow/example_dags/example_params_trigger_ui.py
[2024-12-09T16:50:49.415-0300] {processor.py:840} INFO - DAG(s) 'example_params_trigger_ui' retrieved from /home/beatriz/Documentos/airflow/airflow_venv/lib/python3.10/site-packages/airflow/example_dags/example_params_trigger_ui.py
[2024-12-09T16:50:49.450-0300] {logging_mixin.py:188} INFO - [2024-12-09T16:50:49.450-0300] {dag.py:3096} INFO - Sync 1 DAGs
[2024-12-09T16:50:49.459-0300] {logging_mixin.py:188} INFO - [2024-12-09T16:50:49.458-0300] {dag.py:3954} INFO - Setting next_dagrun for example_params_trigger_ui to None, run_after=None
[2024-12-09T16:50:49.478-0300] {processor.py:183} INFO - Processing /home/beatriz/Documentos/airflow/airflow_venv/lib/python3.10/site-packages/airflow/example_dags/example_params_trigger_ui.py took 0.085 seconds
[2024-12-09T16:51:45.076-0300] {processor.py:161} INFO - Started process (PID=26654) to work on /home/beatriz/Documentos/airflow/airflow_venv/lib/python3.10/site-packages/airflow/example_dags/example_params_trigger_ui.py
[2024-12-09T16:51:45.078-0300] {processor.py:830} INFO - Processing file /home/beatriz/Documentos/airflow/airflow_venv/lib/python3.10/site-packages/airflow/example_dags/example_params_trigger_ui.py for tasks to queue
[2024-12-09T16:51:45.079-0300] {logging_mixin.py:188} INFO - [2024-12-09T16:51:45.079-0300] {dagbag.py:540} INFO - Filling up the DagBag from /home/beatriz/Documentos/airflow/airflow_venv/lib/python3.10/site-packages/airflow/example_dags/example_params_trigger_ui.py
[2024-12-09T16:51:45.094-0300] {processor.py:840} INFO - DAG(s) 'example_params_trigger_ui' retrieved from /home/beatriz/Documentos/airflow/airflow_venv/lib/python3.10/site-packages/airflow/example_dags/example_params_trigger_ui.py
[2024-12-09T16:51:45.137-0300] {logging_mixin.py:188} INFO - [2024-12-09T16:51:45.137-0300] {dag.py:3096} INFO - Sync 1 DAGs
[2024-12-09T16:51:45.148-0300] {logging_mixin.py:188} INFO - [2024-12-09T16:51:45.148-0300] {dag.py:3954} INFO - Setting next_dagrun for example_params_trigger_ui to None, run_after=None
[2024-12-09T16:51:45.169-0300] {processor.py:183} INFO - Processing /home/beatriz/Documentos/airflow/airflow_venv/lib/python3.10/site-packages/airflow/example_dags/example_params_trigger_ui.py took 0.097 seconds
[2024-12-09T16:52:37.708-0300] {processor.py:161} INFO - Started process (PID=27106) to work on /home/beatriz/Documentos/airflow/airflow_venv/lib/python3.10/site-packages/airflow/example_dags/example_params_trigger_ui.py
[2024-12-09T16:52:37.710-0300] {processor.py:830} INFO - Processing file /home/beatriz/Documentos/airflow/airflow_venv/lib/python3.10/site-packages/airflow/example_dags/example_params_trigger_ui.py for tasks to queue
[2024-12-09T16:52:37.713-0300] {logging_mixin.py:188} INFO - [2024-12-09T16:52:37.712-0300] {dagbag.py:540} INFO - Filling up the DagBag from /home/beatriz/Documentos/airflow/airflow_venv/lib/python3.10/site-packages/airflow/example_dags/example_params_trigger_ui.py
[2024-12-09T16:52:37.737-0300] {processor.py:840} INFO - DAG(s) 'example_params_trigger_ui' retrieved from /home/beatriz/Documentos/airflow/airflow_venv/lib/python3.10/site-packages/airflow/example_dags/example_params_trigger_ui.py
[2024-12-09T16:52:37.771-0300] {logging_mixin.py:188} INFO - [2024-12-09T16:52:37.770-0300] {dag.py:3096} INFO - Sync 1 DAGs
[2024-12-09T16:52:37.779-0300] {logging_mixin.py:188} INFO - [2024-12-09T16:52:37.779-0300] {dag.py:3954} INFO - Setting next_dagrun for example_params_trigger_ui to None, run_after=None
[2024-12-09T16:52:37.801-0300] {processor.py:183} INFO - Processing /home/beatriz/Documentos/airflow/airflow_venv/lib/python3.10/site-packages/airflow/example_dags/example_params_trigger_ui.py took 0.106 seconds
[2024-12-09T16:53:29.962-0300] {processor.py:161} INFO - Started process (PID=27480) to work on /home/beatriz/Documentos/airflow/airflow_venv/lib/python3.10/site-packages/airflow/example_dags/example_params_trigger_ui.py
[2024-12-09T16:53:29.962-0300] {processor.py:830} INFO - Processing file /home/beatriz/Documentos/airflow/airflow_venv/lib/python3.10/site-packages/airflow/example_dags/example_params_trigger_ui.py for tasks to queue
[2024-12-09T16:53:29.963-0300] {logging_mixin.py:188} INFO - [2024-12-09T16:53:29.963-0300] {dagbag.py:540} INFO - Filling up the DagBag from /home/beatriz/Documentos/airflow/airflow_venv/lib/python3.10/site-packages/airflow/example_dags/example_params_trigger_ui.py
[2024-12-09T16:53:29.976-0300] {processor.py:840} INFO - DAG(s) 'example_params_trigger_ui' retrieved from /home/beatriz/Documentos/airflow/airflow_venv/lib/python3.10/site-packages/airflow/example_dags/example_params_trigger_ui.py
[2024-12-09T16:53:30.023-0300] {logging_mixin.py:188} INFO - [2024-12-09T16:53:30.023-0300] {dag.py:3096} INFO - Sync 1 DAGs
[2024-12-09T16:53:30.032-0300] {logging_mixin.py:188} INFO - [2024-12-09T16:53:30.032-0300] {dag.py:3954} INFO - Setting next_dagrun for example_params_trigger_ui to None, run_after=None
[2024-12-09T16:53:30.061-0300] {processor.py:183} INFO - Processing /home/beatriz/Documentos/airflow/airflow_venv/lib/python3.10/site-packages/airflow/example_dags/example_params_trigger_ui.py took 0.104 seconds
[2024-12-09T16:54:28.589-0300] {processor.py:161} INFO - Started process (PID=27925) to work on /home/beatriz/Documentos/airflow/airflow_venv/lib/python3.10/site-packages/airflow/example_dags/example_params_trigger_ui.py
[2024-12-09T16:54:28.590-0300] {processor.py:830} INFO - Processing file /home/beatriz/Documentos/airflow/airflow_venv/lib/python3.10/site-packages/airflow/example_dags/example_params_trigger_ui.py for tasks to queue
[2024-12-09T16:54:28.592-0300] {logging_mixin.py:188} INFO - [2024-12-09T16:54:28.591-0300] {dagbag.py:540} INFO - Filling up the DagBag from /home/beatriz/Documentos/airflow/airflow_venv/lib/python3.10/site-packages/airflow/example_dags/example_params_trigger_ui.py
[2024-12-09T16:54:28.613-0300] {processor.py:840} INFO - DAG(s) 'example_params_trigger_ui' retrieved from /home/beatriz/Documentos/airflow/airflow_venv/lib/python3.10/site-packages/airflow/example_dags/example_params_trigger_ui.py
[2024-12-09T16:54:28.652-0300] {logging_mixin.py:188} INFO - [2024-12-09T16:54:28.651-0300] {dag.py:3096} INFO - Sync 1 DAGs
[2024-12-09T16:54:28.661-0300] {logging_mixin.py:188} INFO - [2024-12-09T16:54:28.660-0300] {dag.py:3954} INFO - Setting next_dagrun for example_params_trigger_ui to None, run_after=None
[2024-12-09T16:54:28.683-0300] {processor.py:183} INFO - Processing /home/beatriz/Documentos/airflow/airflow_venv/lib/python3.10/site-packages/airflow/example_dags/example_params_trigger_ui.py took 0.104 seconds
[2024-12-09T16:55:38.928-0300] {processor.py:161} INFO - Started process (PID=28577) to work on /home/beatriz/Documentos/airflow/airflow_venv/lib/python3.10/site-packages/airflow/example_dags/example_params_trigger_ui.py
[2024-12-09T16:55:38.929-0300] {processor.py:830} INFO - Processing file /home/beatriz/Documentos/airflow/airflow_venv/lib/python3.10/site-packages/airflow/example_dags/example_params_trigger_ui.py for tasks to queue
[2024-12-09T16:55:38.930-0300] {logging_mixin.py:188} INFO - [2024-12-09T16:55:38.929-0300] {dagbag.py:540} INFO - Filling up the DagBag from /home/beatriz/Documentos/airflow/airflow_venv/lib/python3.10/site-packages/airflow/example_dags/example_params_trigger_ui.py
[2024-12-09T16:55:38.940-0300] {processor.py:840} INFO - DAG(s) 'example_params_trigger_ui' retrieved from /home/beatriz/Documentos/airflow/airflow_venv/lib/python3.10/site-packages/airflow/example_dags/example_params_trigger_ui.py
[2024-12-09T16:55:38.974-0300] {logging_mixin.py:188} INFO - [2024-12-09T16:55:38.974-0300] {dag.py:3096} INFO - Sync 1 DAGs
[2024-12-09T16:55:38.982-0300] {logging_mixin.py:188} INFO - [2024-12-09T16:55:38.981-0300] {dag.py:3954} INFO - Setting next_dagrun for example_params_trigger_ui to None, run_after=None
[2024-12-09T16:55:38.999-0300] {processor.py:183} INFO - Processing /home/beatriz/Documentos/airflow/airflow_venv/lib/python3.10/site-packages/airflow/example_dags/example_params_trigger_ui.py took 0.075 seconds
[2024-12-09T17:00:00.145-0300] {processor.py:161} INFO - Started process (PID=29459) to work on /home/beatriz/Documentos/airflow/airflow_venv/lib/python3.10/site-packages/airflow/example_dags/example_params_trigger_ui.py
[2024-12-09T17:00:00.206-0300] {processor.py:830} INFO - Processing file /home/beatriz/Documentos/airflow/airflow_venv/lib/python3.10/site-packages/airflow/example_dags/example_params_trigger_ui.py for tasks to queue
[2024-12-09T17:00:00.376-0300] {logging_mixin.py:188} INFO - [2024-12-09T17:00:00.245-0300] {dagbag.py:540} INFO - Filling up the DagBag from /home/beatriz/Documentos/airflow/airflow_venv/lib/python3.10/site-packages/airflow/example_dags/example_params_trigger_ui.py
[2024-12-09T17:00:00.565-0300] {processor.py:840} INFO - DAG(s) 'example_params_trigger_ui' retrieved from /home/beatriz/Documentos/airflow/airflow_venv/lib/python3.10/site-packages/airflow/example_dags/example_params_trigger_ui.py
[2024-12-09T17:00:00.686-0300] {logging_mixin.py:188} INFO - [2024-12-09T17:00:00.686-0300] {dag.py:3096} INFO - Sync 1 DAGs
[2024-12-09T17:00:00.703-0300] {logging_mixin.py:188} INFO - [2024-12-09T17:00:00.703-0300] {dag.py:3954} INFO - Setting next_dagrun for example_params_trigger_ui to None, run_after=None
[2024-12-09T17:00:00.788-0300] {processor.py:183} INFO - Processing /home/beatriz/Documentos/airflow/airflow_venv/lib/python3.10/site-packages/airflow/example_dags/example_params_trigger_ui.py took 0.724 seconds
[2024-12-09T17:02:56.356-0300] {processor.py:161} INFO - Started process (PID=29731) to work on /home/beatriz/Documentos/airflow/airflow_venv/lib/python3.10/site-packages/airflow/example_dags/example_params_trigger_ui.py
[2024-12-09T17:02:56.367-0300] {processor.py:830} INFO - Processing file /home/beatriz/Documentos/airflow/airflow_venv/lib/python3.10/site-packages/airflow/example_dags/example_params_trigger_ui.py for tasks to queue
[2024-12-09T17:02:56.422-0300] {logging_mixin.py:188} INFO - [2024-12-09T17:02:56.370-0300] {dagbag.py:540} INFO - Filling up the DagBag from /home/beatriz/Documentos/airflow/airflow_venv/lib/python3.10/site-packages/airflow/example_dags/example_params_trigger_ui.py
[2024-12-09T17:02:56.556-0300] {processor.py:840} INFO - DAG(s) 'example_params_trigger_ui' retrieved from /home/beatriz/Documentos/airflow/airflow_venv/lib/python3.10/site-packages/airflow/example_dags/example_params_trigger_ui.py
[2024-12-09T17:02:56.723-0300] {logging_mixin.py:188} INFO - [2024-12-09T17:02:56.723-0300] {dag.py:3096} INFO - Sync 1 DAGs
[2024-12-09T17:02:56.793-0300] {logging_mixin.py:188} INFO - [2024-12-09T17:02:56.792-0300] {dag.py:3954} INFO - Setting next_dagrun for example_params_trigger_ui to None, run_after=None
[2024-12-09T17:02:56.842-0300] {processor.py:183} INFO - Processing /home/beatriz/Documentos/airflow/airflow_venv/lib/python3.10/site-packages/airflow/example_dags/example_params_trigger_ui.py took 0.517 seconds
[2024-12-09T17:05:24.256-0300] {processor.py:161} INFO - Started process (PID=30469) to work on /home/beatriz/Documentos/airflow/airflow_venv/lib/python3.10/site-packages/airflow/example_dags/example_params_trigger_ui.py
[2024-12-09T17:05:24.257-0300] {processor.py:830} INFO - Processing file /home/beatriz/Documentos/airflow/airflow_venv/lib/python3.10/site-packages/airflow/example_dags/example_params_trigger_ui.py for tasks to queue
[2024-12-09T17:05:24.259-0300] {logging_mixin.py:188} INFO - [2024-12-09T17:05:24.258-0300] {dagbag.py:540} INFO - Filling up the DagBag from /home/beatriz/Documentos/airflow/airflow_venv/lib/python3.10/site-packages/airflow/example_dags/example_params_trigger_ui.py
[2024-12-09T17:05:24.270-0300] {processor.py:840} INFO - DAG(s) 'example_params_trigger_ui' retrieved from /home/beatriz/Documentos/airflow/airflow_venv/lib/python3.10/site-packages/airflow/example_dags/example_params_trigger_ui.py
[2024-12-09T17:05:24.305-0300] {logging_mixin.py:188} INFO - [2024-12-09T17:05:24.304-0300] {dag.py:3096} INFO - Sync 1 DAGs
[2024-12-09T17:05:24.313-0300] {logging_mixin.py:188} INFO - [2024-12-09T17:05:24.312-0300] {dag.py:3954} INFO - Setting next_dagrun for example_params_trigger_ui to None, run_after=None
[2024-12-09T17:05:24.331-0300] {processor.py:183} INFO - Processing /home/beatriz/Documentos/airflow/airflow_venv/lib/python3.10/site-packages/airflow/example_dags/example_params_trigger_ui.py took 0.079 seconds
