[2024-12-09T15:00:19.015-0300] {processor.py:161} INFO - Started process (PID=28643) to work on /home/beatriz/Documentos/airflow/airflow_venv/lib/python3.10/site-packages/airflow/example_dags/example_nested_branch_dag.py
[2024-12-09T15:00:19.017-0300] {processor.py:830} INFO - Processing file /home/beatriz/Documentos/airflow/airflow_venv/lib/python3.10/site-packages/airflow/example_dags/example_nested_branch_dag.py for tasks to queue
[2024-12-09T15:00:19.020-0300] {logging_mixin.py:188} INFO - [2024-12-09T15:00:19.019-0300] {dagbag.py:540} INFO - Filling up the DagBag from /home/beatriz/Documentos/airflow/airflow_venv/lib/python3.10/site-packages/airflow/example_dags/example_nested_branch_dag.py
[2024-12-09T15:00:19.033-0300] {processor.py:840} INFO - DAG(s) 'example_nested_branch_dag' retrieved from /home/beatriz/Documentos/airflow/airflow_venv/lib/python3.10/site-packages/airflow/example_dags/example_nested_branch_dag.py
[2024-12-09T15:00:19.106-0300] {logging_mixin.py:188} INFO - [2024-12-09T15:00:19.106-0300] {dag.py:3096} INFO - Sync 1 DAGs
[2024-12-09T15:00:19.118-0300] {logging_mixin.py:188} INFO - [2024-12-09T15:00:19.118-0300] {dag.py:3954} INFO - Setting next_dagrun for example_nested_branch_dag to 2024-12-08 00:00:00+00:00, run_after=2024-12-09 00:00:00+00:00
[2024-12-09T15:00:19.139-0300] {processor.py:183} INFO - Processing /home/beatriz/Documentos/airflow/airflow_venv/lib/python3.10/site-packages/airflow/example_dags/example_nested_branch_dag.py took 0.137 seconds
[2024-12-09T15:01:21.689-0300] {processor.py:161} INFO - Started process (PID=29177) to work on /home/beatriz/Documentos/airflow/airflow_venv/lib/python3.10/site-packages/airflow/example_dags/example_nested_branch_dag.py
[2024-12-09T15:01:21.690-0300] {processor.py:830} INFO - Processing file /home/beatriz/Documentos/airflow/airflow_venv/lib/python3.10/site-packages/airflow/example_dags/example_nested_branch_dag.py for tasks to queue
[2024-12-09T15:01:21.691-0300] {logging_mixin.py:188} INFO - [2024-12-09T15:01:21.691-0300] {dagbag.py:540} INFO - Filling up the DagBag from /home/beatriz/Documentos/airflow/airflow_venv/lib/python3.10/site-packages/airflow/example_dags/example_nested_branch_dag.py
[2024-12-09T15:01:21.700-0300] {processor.py:840} INFO - DAG(s) 'example_nested_branch_dag' retrieved from /home/beatriz/Documentos/airflow/airflow_venv/lib/python3.10/site-packages/airflow/example_dags/example_nested_branch_dag.py
[2024-12-09T15:01:21.716-0300] {logging_mixin.py:188} INFO - [2024-12-09T15:01:21.716-0300] {dag.py:3096} INFO - Sync 1 DAGs
[2024-12-09T15:01:21.732-0300] {logging_mixin.py:188} INFO - [2024-12-09T15:01:21.732-0300] {dag.py:3954} INFO - Setting next_dagrun for example_nested_branch_dag to 2024-12-08 00:00:00+00:00, run_after=2024-12-09 00:00:00+00:00
[2024-12-09T15:01:21.748-0300] {processor.py:183} INFO - Processing /home/beatriz/Documentos/airflow/airflow_venv/lib/python3.10/site-packages/airflow/example_dags/example_nested_branch_dag.py took 0.064 seconds
[2024-12-09T15:02:19.318-0300] {processor.py:161} INFO - Started process (PID=29644) to work on /home/beatriz/Documentos/airflow/airflow_venv/lib/python3.10/site-packages/airflow/example_dags/example_nested_branch_dag.py
[2024-12-09T15:02:19.319-0300] {processor.py:830} INFO - Processing file /home/beatriz/Documentos/airflow/airflow_venv/lib/python3.10/site-packages/airflow/example_dags/example_nested_branch_dag.py for tasks to queue
[2024-12-09T15:02:19.320-0300] {logging_mixin.py:188} INFO - [2024-12-09T15:02:19.320-0300] {dagbag.py:540} INFO - Filling up the DagBag from /home/beatriz/Documentos/airflow/airflow_venv/lib/python3.10/site-packages/airflow/example_dags/example_nested_branch_dag.py
[2024-12-09T15:02:19.329-0300] {processor.py:840} INFO - DAG(s) 'example_nested_branch_dag' retrieved from /home/beatriz/Documentos/airflow/airflow_venv/lib/python3.10/site-packages/airflow/example_dags/example_nested_branch_dag.py
[2024-12-09T15:02:19.344-0300] {logging_mixin.py:188} INFO - [2024-12-09T15:02:19.344-0300] {dag.py:3096} INFO - Sync 1 DAGs
[2024-12-09T15:02:19.360-0300] {logging_mixin.py:188} INFO - [2024-12-09T15:02:19.360-0300] {dag.py:3954} INFO - Setting next_dagrun for example_nested_branch_dag to 2024-12-08 00:00:00+00:00, run_after=2024-12-09 00:00:00+00:00
[2024-12-09T15:02:19.378-0300] {processor.py:183} INFO - Processing /home/beatriz/Documentos/airflow/airflow_venv/lib/python3.10/site-packages/airflow/example_dags/example_nested_branch_dag.py took 0.064 seconds
[2024-12-09T15:04:02.895-0300] {processor.py:161} INFO - Started process (PID=30963) to work on /home/beatriz/Documentos/airflow/airflow_venv/lib/python3.10/site-packages/airflow/example_dags/example_nested_branch_dag.py
[2024-12-09T15:04:02.896-0300] {processor.py:830} INFO - Processing file /home/beatriz/Documentos/airflow/airflow_venv/lib/python3.10/site-packages/airflow/example_dags/example_nested_branch_dag.py for tasks to queue
[2024-12-09T15:04:02.898-0300] {logging_mixin.py:188} INFO - [2024-12-09T15:04:02.897-0300] {dagbag.py:540} INFO - Filling up the DagBag from /home/beatriz/Documentos/airflow/airflow_venv/lib/python3.10/site-packages/airflow/example_dags/example_nested_branch_dag.py
[2024-12-09T15:04:02.907-0300] {processor.py:840} INFO - DAG(s) 'example_nested_branch_dag' retrieved from /home/beatriz/Documentos/airflow/airflow_venv/lib/python3.10/site-packages/airflow/example_dags/example_nested_branch_dag.py
[2024-12-09T15:04:02.994-0300] {logging_mixin.py:188} INFO - [2024-12-09T15:04:02.993-0300] {dag.py:3096} INFO - Sync 1 DAGs
[2024-12-09T15:04:03.010-0300] {logging_mixin.py:188} INFO - [2024-12-09T15:04:03.009-0300] {dag.py:3954} INFO - Setting next_dagrun for example_nested_branch_dag to 2024-12-08 00:00:00+00:00, run_after=2024-12-09 00:00:00+00:00
[2024-12-09T15:04:03.029-0300] {processor.py:183} INFO - Processing /home/beatriz/Documentos/airflow/airflow_venv/lib/python3.10/site-packages/airflow/example_dags/example_nested_branch_dag.py took 0.138 seconds
[2024-12-09T15:05:03.484-0300] {processor.py:161} INFO - Started process (PID=31686) to work on /home/beatriz/Documentos/airflow/airflow_venv/lib/python3.10/site-packages/airflow/example_dags/example_nested_branch_dag.py
[2024-12-09T15:05:03.485-0300] {processor.py:830} INFO - Processing file /home/beatriz/Documentos/airflow/airflow_venv/lib/python3.10/site-packages/airflow/example_dags/example_nested_branch_dag.py for tasks to queue
[2024-12-09T15:05:03.487-0300] {logging_mixin.py:188} INFO - [2024-12-09T15:05:03.487-0300] {dagbag.py:540} INFO - Filling up the DagBag from /home/beatriz/Documentos/airflow/airflow_venv/lib/python3.10/site-packages/airflow/example_dags/example_nested_branch_dag.py
[2024-12-09T15:05:03.504-0300] {processor.py:840} INFO - DAG(s) 'example_nested_branch_dag' retrieved from /home/beatriz/Documentos/airflow/airflow_venv/lib/python3.10/site-packages/airflow/example_dags/example_nested_branch_dag.py
[2024-12-09T15:05:03.576-0300] {logging_mixin.py:188} INFO - [2024-12-09T15:05:03.576-0300] {dag.py:3096} INFO - Sync 1 DAGs
[2024-12-09T15:05:03.588-0300] {logging_mixin.py:188} INFO - [2024-12-09T15:05:03.588-0300] {dag.py:3954} INFO - Setting next_dagrun for example_nested_branch_dag to 2024-12-08 00:00:00+00:00, run_after=2024-12-09 00:00:00+00:00
[2024-12-09T15:05:03.605-0300] {processor.py:183} INFO - Processing /home/beatriz/Documentos/airflow/airflow_venv/lib/python3.10/site-packages/airflow/example_dags/example_nested_branch_dag.py took 0.130 seconds
[2024-12-09T15:06:17.922-0300] {processor.py:161} INFO - Started process (PID=32443) to work on /home/beatriz/Documentos/airflow/airflow_venv/lib/python3.10/site-packages/airflow/example_dags/example_nested_branch_dag.py
[2024-12-09T15:06:17.924-0300] {processor.py:830} INFO - Processing file /home/beatriz/Documentos/airflow/airflow_venv/lib/python3.10/site-packages/airflow/example_dags/example_nested_branch_dag.py for tasks to queue
[2024-12-09T15:06:17.925-0300] {logging_mixin.py:188} INFO - [2024-12-09T15:06:17.925-0300] {dagbag.py:540} INFO - Filling up the DagBag from /home/beatriz/Documentos/airflow/airflow_venv/lib/python3.10/site-packages/airflow/example_dags/example_nested_branch_dag.py
[2024-12-09T15:06:17.933-0300] {processor.py:840} INFO - DAG(s) 'example_nested_branch_dag' retrieved from /home/beatriz/Documentos/airflow/airflow_venv/lib/python3.10/site-packages/airflow/example_dags/example_nested_branch_dag.py
[2024-12-09T15:06:18.001-0300] {logging_mixin.py:188} INFO - [2024-12-09T15:06:18.001-0300] {dag.py:3096} INFO - Sync 1 DAGs
[2024-12-09T15:06:18.013-0300] {logging_mixin.py:188} INFO - [2024-12-09T15:06:18.013-0300] {dag.py:3954} INFO - Setting next_dagrun for example_nested_branch_dag to 2024-12-08 00:00:00+00:00, run_after=2024-12-09 00:00:00+00:00
[2024-12-09T15:06:18.032-0300] {processor.py:183} INFO - Processing /home/beatriz/Documentos/airflow/airflow_venv/lib/python3.10/site-packages/airflow/example_dags/example_nested_branch_dag.py took 0.114 seconds
[2024-12-09T15:07:24.063-0300] {processor.py:161} INFO - Started process (PID=32955) to work on /home/beatriz/Documentos/airflow/airflow_venv/lib/python3.10/site-packages/airflow/example_dags/example_nested_branch_dag.py
[2024-12-09T15:07:24.064-0300] {processor.py:830} INFO - Processing file /home/beatriz/Documentos/airflow/airflow_venv/lib/python3.10/site-packages/airflow/example_dags/example_nested_branch_dag.py for tasks to queue
[2024-12-09T15:07:24.065-0300] {logging_mixin.py:188} INFO - [2024-12-09T15:07:24.065-0300] {dagbag.py:540} INFO - Filling up the DagBag from /home/beatriz/Documentos/airflow/airflow_venv/lib/python3.10/site-packages/airflow/example_dags/example_nested_branch_dag.py
[2024-12-09T15:07:24.074-0300] {processor.py:840} INFO - DAG(s) 'example_nested_branch_dag' retrieved from /home/beatriz/Documentos/airflow/airflow_venv/lib/python3.10/site-packages/airflow/example_dags/example_nested_branch_dag.py
[2024-12-09T15:07:24.088-0300] {logging_mixin.py:188} INFO - [2024-12-09T15:07:24.088-0300] {dag.py:3096} INFO - Sync 1 DAGs
[2024-12-09T15:07:24.104-0300] {logging_mixin.py:188} INFO - [2024-12-09T15:07:24.104-0300] {dag.py:3954} INFO - Setting next_dagrun for example_nested_branch_dag to 2024-12-08 00:00:00+00:00, run_after=2024-12-09 00:00:00+00:00
[2024-12-09T15:07:24.120-0300] {processor.py:183} INFO - Processing /home/beatriz/Documentos/airflow/airflow_venv/lib/python3.10/site-packages/airflow/example_dags/example_nested_branch_dag.py took 0.061 seconds
[2024-12-09T15:08:21.881-0300] {processor.py:161} INFO - Started process (PID=33377) to work on /home/beatriz/Documentos/airflow/airflow_venv/lib/python3.10/site-packages/airflow/example_dags/example_nested_branch_dag.py
[2024-12-09T15:08:21.882-0300] {processor.py:830} INFO - Processing file /home/beatriz/Documentos/airflow/airflow_venv/lib/python3.10/site-packages/airflow/example_dags/example_nested_branch_dag.py for tasks to queue
[2024-12-09T15:08:21.884-0300] {logging_mixin.py:188} INFO - [2024-12-09T15:08:21.884-0300] {dagbag.py:540} INFO - Filling up the DagBag from /home/beatriz/Documentos/airflow/airflow_venv/lib/python3.10/site-packages/airflow/example_dags/example_nested_branch_dag.py
[2024-12-09T15:08:21.901-0300] {processor.py:840} INFO - DAG(s) 'example_nested_branch_dag' retrieved from /home/beatriz/Documentos/airflow/airflow_venv/lib/python3.10/site-packages/airflow/example_dags/example_nested_branch_dag.py
[2024-12-09T15:08:21.923-0300] {logging_mixin.py:188} INFO - [2024-12-09T15:08:21.922-0300] {dag.py:3096} INFO - Sync 1 DAGs
[2024-12-09T15:08:21.941-0300] {logging_mixin.py:188} INFO - [2024-12-09T15:08:21.941-0300] {dag.py:3954} INFO - Setting next_dagrun for example_nested_branch_dag to 2024-12-08 00:00:00+00:00, run_after=2024-12-09 00:00:00+00:00
[2024-12-09T15:08:21.966-0300] {processor.py:183} INFO - Processing /home/beatriz/Documentos/airflow/airflow_venv/lib/python3.10/site-packages/airflow/example_dags/example_nested_branch_dag.py took 0.098 seconds
[2024-12-09T15:11:01.504-0300] {processor.py:161} INFO - Started process (PID=34323) to work on /home/beatriz/Documentos/airflow/airflow_venv/lib/python3.10/site-packages/airflow/example_dags/example_nested_branch_dag.py
[2024-12-09T15:11:01.505-0300] {processor.py:830} INFO - Processing file /home/beatriz/Documentos/airflow/airflow_venv/lib/python3.10/site-packages/airflow/example_dags/example_nested_branch_dag.py for tasks to queue
[2024-12-09T15:11:01.505-0300] {logging_mixin.py:188} INFO - [2024-12-09T15:11:01.505-0300] {dagbag.py:540} INFO - Filling up the DagBag from /home/beatriz/Documentos/airflow/airflow_venv/lib/python3.10/site-packages/airflow/example_dags/example_nested_branch_dag.py
[2024-12-09T15:11:01.514-0300] {processor.py:840} INFO - DAG(s) 'example_nested_branch_dag' retrieved from /home/beatriz/Documentos/airflow/airflow_venv/lib/python3.10/site-packages/airflow/example_dags/example_nested_branch_dag.py
[2024-12-09T15:11:01.527-0300] {logging_mixin.py:188} INFO - [2024-12-09T15:11:01.527-0300] {dag.py:3096} INFO - Sync 1 DAGs
[2024-12-09T15:11:01.544-0300] {logging_mixin.py:188} INFO - [2024-12-09T15:11:01.544-0300] {dag.py:3954} INFO - Setting next_dagrun for example_nested_branch_dag to 2024-12-08 00:00:00+00:00, run_after=2024-12-09 00:00:00+00:00
[2024-12-09T15:11:01.568-0300] {processor.py:183} INFO - Processing /home/beatriz/Documentos/airflow/airflow_venv/lib/python3.10/site-packages/airflow/example_dags/example_nested_branch_dag.py took 0.069 seconds
[2024-12-09T15:12:36.267-0300] {processor.py:161} INFO - Started process (PID=34821) to work on /home/beatriz/Documentos/airflow/airflow_venv/lib/python3.10/site-packages/airflow/example_dags/example_nested_branch_dag.py
[2024-12-09T15:12:36.270-0300] {processor.py:830} INFO - Processing file /home/beatriz/Documentos/airflow/airflow_venv/lib/python3.10/site-packages/airflow/example_dags/example_nested_branch_dag.py for tasks to queue
[2024-12-09T15:12:36.271-0300] {logging_mixin.py:188} INFO - [2024-12-09T15:12:36.270-0300] {dagbag.py:540} INFO - Filling up the DagBag from /home/beatriz/Documentos/airflow/airflow_venv/lib/python3.10/site-packages/airflow/example_dags/example_nested_branch_dag.py
[2024-12-09T15:12:36.300-0300] {processor.py:840} INFO - DAG(s) 'example_nested_branch_dag' retrieved from /home/beatriz/Documentos/airflow/airflow_venv/lib/python3.10/site-packages/airflow/example_dags/example_nested_branch_dag.py
[2024-12-09T15:12:36.325-0300] {logging_mixin.py:188} INFO - [2024-12-09T15:12:36.325-0300] {dag.py:3096} INFO - Sync 1 DAGs
[2024-12-09T15:12:36.343-0300] {logging_mixin.py:188} INFO - [2024-12-09T15:12:36.343-0300] {dag.py:3954} INFO - Setting next_dagrun for example_nested_branch_dag to 2024-12-08 00:00:00+00:00, run_after=2024-12-09 00:00:00+00:00
[2024-12-09T15:12:36.400-0300] {processor.py:183} INFO - Processing /home/beatriz/Documentos/airflow/airflow_venv/lib/python3.10/site-packages/airflow/example_dags/example_nested_branch_dag.py took 0.140 seconds
[2024-12-09T15:14:08.734-0300] {processor.py:161} INFO - Started process (PID=36314) to work on /home/beatriz/Documentos/airflow/airflow_venv/lib/python3.10/site-packages/airflow/example_dags/example_nested_branch_dag.py
[2024-12-09T15:14:08.736-0300] {processor.py:830} INFO - Processing file /home/beatriz/Documentos/airflow/airflow_venv/lib/python3.10/site-packages/airflow/example_dags/example_nested_branch_dag.py for tasks to queue
[2024-12-09T15:14:08.738-0300] {logging_mixin.py:188} INFO - [2024-12-09T15:14:08.737-0300] {dagbag.py:540} INFO - Filling up the DagBag from /home/beatriz/Documentos/airflow/airflow_venv/lib/python3.10/site-packages/airflow/example_dags/example_nested_branch_dag.py
[2024-12-09T15:14:08.748-0300] {processor.py:840} INFO - DAG(s) 'example_nested_branch_dag' retrieved from /home/beatriz/Documentos/airflow/airflow_venv/lib/python3.10/site-packages/airflow/example_dags/example_nested_branch_dag.py
[2024-12-09T15:14:08.833-0300] {logging_mixin.py:188} INFO - [2024-12-09T15:14:08.833-0300] {dag.py:3096} INFO - Sync 1 DAGs
[2024-12-09T15:14:08.845-0300] {logging_mixin.py:188} INFO - [2024-12-09T15:14:08.845-0300] {dag.py:3954} INFO - Setting next_dagrun for example_nested_branch_dag to 2024-12-08 00:00:00+00:00, run_after=2024-12-09 00:00:00+00:00
[2024-12-09T15:14:08.861-0300] {processor.py:183} INFO - Processing /home/beatriz/Documentos/airflow/airflow_venv/lib/python3.10/site-packages/airflow/example_dags/example_nested_branch_dag.py took 0.132 seconds
[2024-12-09T15:15:09.428-0300] {processor.py:161} INFO - Started process (PID=36822) to work on /home/beatriz/Documentos/airflow/airflow_venv/lib/python3.10/site-packages/airflow/example_dags/example_nested_branch_dag.py
[2024-12-09T15:15:09.429-0300] {processor.py:830} INFO - Processing file /home/beatriz/Documentos/airflow/airflow_venv/lib/python3.10/site-packages/airflow/example_dags/example_nested_branch_dag.py for tasks to queue
[2024-12-09T15:15:09.432-0300] {logging_mixin.py:188} INFO - [2024-12-09T15:15:09.431-0300] {dagbag.py:540} INFO - Filling up the DagBag from /home/beatriz/Documentos/airflow/airflow_venv/lib/python3.10/site-packages/airflow/example_dags/example_nested_branch_dag.py
[2024-12-09T15:15:09.452-0300] {processor.py:840} INFO - DAG(s) 'example_nested_branch_dag' retrieved from /home/beatriz/Documentos/airflow/airflow_venv/lib/python3.10/site-packages/airflow/example_dags/example_nested_branch_dag.py
[2024-12-09T15:15:09.470-0300] {logging_mixin.py:188} INFO - [2024-12-09T15:15:09.469-0300] {dag.py:3096} INFO - Sync 1 DAGs
[2024-12-09T15:15:09.488-0300] {logging_mixin.py:188} INFO - [2024-12-09T15:15:09.488-0300] {dag.py:3954} INFO - Setting next_dagrun for example_nested_branch_dag to 2024-12-08 00:00:00+00:00, run_after=2024-12-09 00:00:00+00:00
[2024-12-09T15:15:09.507-0300] {processor.py:183} INFO - Processing /home/beatriz/Documentos/airflow/airflow_venv/lib/python3.10/site-packages/airflow/example_dags/example_nested_branch_dag.py took 0.090 seconds
[2024-12-09T15:16:05.083-0300] {processor.py:161} INFO - Started process (PID=37437) to work on /home/beatriz/Documentos/airflow/airflow_venv/lib/python3.10/site-packages/airflow/example_dags/example_nested_branch_dag.py
[2024-12-09T15:16:05.085-0300] {processor.py:830} INFO - Processing file /home/beatriz/Documentos/airflow/airflow_venv/lib/python3.10/site-packages/airflow/example_dags/example_nested_branch_dag.py for tasks to queue
[2024-12-09T15:16:05.086-0300] {logging_mixin.py:188} INFO - [2024-12-09T15:16:05.085-0300] {dagbag.py:540} INFO - Filling up the DagBag from /home/beatriz/Documentos/airflow/airflow_venv/lib/python3.10/site-packages/airflow/example_dags/example_nested_branch_dag.py
[2024-12-09T15:16:05.094-0300] {processor.py:840} INFO - DAG(s) 'example_nested_branch_dag' retrieved from /home/beatriz/Documentos/airflow/airflow_venv/lib/python3.10/site-packages/airflow/example_dags/example_nested_branch_dag.py
[2024-12-09T15:16:05.108-0300] {logging_mixin.py:188} INFO - [2024-12-09T15:16:05.108-0300] {dag.py:3096} INFO - Sync 1 DAGs
[2024-12-09T15:16:05.133-0300] {logging_mixin.py:188} INFO - [2024-12-09T15:16:05.132-0300] {dag.py:3954} INFO - Setting next_dagrun for example_nested_branch_dag to 2024-12-08 00:00:00+00:00, run_after=2024-12-09 00:00:00+00:00
[2024-12-09T15:16:05.235-0300] {processor.py:183} INFO - Processing /home/beatriz/Documentos/airflow/airflow_venv/lib/python3.10/site-packages/airflow/example_dags/example_nested_branch_dag.py took 0.157 seconds
[2024-12-09T15:17:02.315-0300] {processor.py:161} INFO - Started process (PID=37932) to work on /home/beatriz/Documentos/airflow/airflow_venv/lib/python3.10/site-packages/airflow/example_dags/example_nested_branch_dag.py
[2024-12-09T15:17:02.317-0300] {processor.py:830} INFO - Processing file /home/beatriz/Documentos/airflow/airflow_venv/lib/python3.10/site-packages/airflow/example_dags/example_nested_branch_dag.py for tasks to queue
[2024-12-09T15:17:02.318-0300] {logging_mixin.py:188} INFO - [2024-12-09T15:17:02.318-0300] {dagbag.py:540} INFO - Filling up the DagBag from /home/beatriz/Documentos/airflow/airflow_venv/lib/python3.10/site-packages/airflow/example_dags/example_nested_branch_dag.py
[2024-12-09T15:17:02.326-0300] {processor.py:840} INFO - DAG(s) 'example_nested_branch_dag' retrieved from /home/beatriz/Documentos/airflow/airflow_venv/lib/python3.10/site-packages/airflow/example_dags/example_nested_branch_dag.py
[2024-12-09T15:17:02.339-0300] {logging_mixin.py:188} INFO - [2024-12-09T15:17:02.338-0300] {dag.py:3096} INFO - Sync 1 DAGs
[2024-12-09T15:17:02.354-0300] {logging_mixin.py:188} INFO - [2024-12-09T15:17:02.354-0300] {dag.py:3954} INFO - Setting next_dagrun for example_nested_branch_dag to 2024-12-08 00:00:00+00:00, run_after=2024-12-09 00:00:00+00:00
[2024-12-09T15:17:02.370-0300] {processor.py:183} INFO - Processing /home/beatriz/Documentos/airflow/airflow_venv/lib/python3.10/site-packages/airflow/example_dags/example_nested_branch_dag.py took 0.059 seconds
[2024-12-09T15:17:53.735-0300] {processor.py:161} INFO - Started process (PID=38451) to work on /home/beatriz/Documentos/airflow/airflow_venv/lib/python3.10/site-packages/airflow/example_dags/example_nested_branch_dag.py
[2024-12-09T15:17:53.737-0300] {processor.py:830} INFO - Processing file /home/beatriz/Documentos/airflow/airflow_venv/lib/python3.10/site-packages/airflow/example_dags/example_nested_branch_dag.py for tasks to queue
[2024-12-09T15:17:53.740-0300] {logging_mixin.py:188} INFO - [2024-12-09T15:17:53.739-0300] {dagbag.py:540} INFO - Filling up the DagBag from /home/beatriz/Documentos/airflow/airflow_venv/lib/python3.10/site-packages/airflow/example_dags/example_nested_branch_dag.py
[2024-12-09T15:17:53.755-0300] {processor.py:840} INFO - DAG(s) 'example_nested_branch_dag' retrieved from /home/beatriz/Documentos/airflow/airflow_venv/lib/python3.10/site-packages/airflow/example_dags/example_nested_branch_dag.py
[2024-12-09T15:17:53.770-0300] {logging_mixin.py:188} INFO - [2024-12-09T15:17:53.770-0300] {dag.py:3096} INFO - Sync 1 DAGs
[2024-12-09T15:17:53.785-0300] {logging_mixin.py:188} INFO - [2024-12-09T15:17:53.785-0300] {dag.py:3954} INFO - Setting next_dagrun for example_nested_branch_dag to 2024-12-08 00:00:00+00:00, run_after=2024-12-09 00:00:00+00:00
[2024-12-09T15:17:53.801-0300] {processor.py:183} INFO - Processing /home/beatriz/Documentos/airflow/airflow_venv/lib/python3.10/site-packages/airflow/example_dags/example_nested_branch_dag.py took 0.078 seconds
[2024-12-09T15:19:13.614-0300] {processor.py:161} INFO - Started process (PID=39673) to work on /home/beatriz/Documentos/airflow/airflow_venv/lib/python3.10/site-packages/airflow/example_dags/example_nested_branch_dag.py
[2024-12-09T15:19:13.616-0300] {processor.py:830} INFO - Processing file /home/beatriz/Documentos/airflow/airflow_venv/lib/python3.10/site-packages/airflow/example_dags/example_nested_branch_dag.py for tasks to queue
[2024-12-09T15:19:13.617-0300] {logging_mixin.py:188} INFO - [2024-12-09T15:19:13.617-0300] {dagbag.py:540} INFO - Filling up the DagBag from /home/beatriz/Documentos/airflow/airflow_venv/lib/python3.10/site-packages/airflow/example_dags/example_nested_branch_dag.py
[2024-12-09T15:19:13.625-0300] {processor.py:840} INFO - DAG(s) 'example_nested_branch_dag' retrieved from /home/beatriz/Documentos/airflow/airflow_venv/lib/python3.10/site-packages/airflow/example_dags/example_nested_branch_dag.py
[2024-12-09T15:19:13.694-0300] {logging_mixin.py:188} INFO - [2024-12-09T15:19:13.694-0300] {dag.py:3096} INFO - Sync 1 DAGs
[2024-12-09T15:19:13.706-0300] {logging_mixin.py:188} INFO - [2024-12-09T15:19:13.706-0300] {dag.py:3954} INFO - Setting next_dagrun for example_nested_branch_dag to 2024-12-08 00:00:00+00:00, run_after=2024-12-09 00:00:00+00:00
[2024-12-09T15:19:13.723-0300] {processor.py:183} INFO - Processing /home/beatriz/Documentos/airflow/airflow_venv/lib/python3.10/site-packages/airflow/example_dags/example_nested_branch_dag.py took 0.113 seconds
[2024-12-09T15:20:12.522-0300] {processor.py:161} INFO - Started process (PID=40328) to work on /home/beatriz/Documentos/airflow/airflow_venv/lib/python3.10/site-packages/airflow/example_dags/example_nested_branch_dag.py
[2024-12-09T15:20:12.524-0300] {processor.py:830} INFO - Processing file /home/beatriz/Documentos/airflow/airflow_venv/lib/python3.10/site-packages/airflow/example_dags/example_nested_branch_dag.py for tasks to queue
[2024-12-09T15:20:12.525-0300] {logging_mixin.py:188} INFO - [2024-12-09T15:20:12.525-0300] {dagbag.py:540} INFO - Filling up the DagBag from /home/beatriz/Documentos/airflow/airflow_venv/lib/python3.10/site-packages/airflow/example_dags/example_nested_branch_dag.py
[2024-12-09T15:20:12.532-0300] {processor.py:840} INFO - DAG(s) 'example_nested_branch_dag' retrieved from /home/beatriz/Documentos/airflow/airflow_venv/lib/python3.10/site-packages/airflow/example_dags/example_nested_branch_dag.py
[2024-12-09T15:20:12.545-0300] {logging_mixin.py:188} INFO - [2024-12-09T15:20:12.545-0300] {dag.py:3096} INFO - Sync 1 DAGs
[2024-12-09T15:20:12.560-0300] {logging_mixin.py:188} INFO - [2024-12-09T15:20:12.560-0300] {dag.py:3954} INFO - Setting next_dagrun for example_nested_branch_dag to 2024-12-08 00:00:00+00:00, run_after=2024-12-09 00:00:00+00:00
[2024-12-09T15:20:12.576-0300] {processor.py:183} INFO - Processing /home/beatriz/Documentos/airflow/airflow_venv/lib/python3.10/site-packages/airflow/example_dags/example_nested_branch_dag.py took 0.059 seconds
[2024-12-09T15:21:08.241-0300] {processor.py:161} INFO - Started process (PID=40816) to work on /home/beatriz/Documentos/airflow/airflow_venv/lib/python3.10/site-packages/airflow/example_dags/example_nested_branch_dag.py
[2024-12-09T15:21:08.243-0300] {processor.py:830} INFO - Processing file /home/beatriz/Documentos/airflow/airflow_venv/lib/python3.10/site-packages/airflow/example_dags/example_nested_branch_dag.py for tasks to queue
[2024-12-09T15:21:08.246-0300] {logging_mixin.py:188} INFO - [2024-12-09T15:21:08.245-0300] {dagbag.py:540} INFO - Filling up the DagBag from /home/beatriz/Documentos/airflow/airflow_venv/lib/python3.10/site-packages/airflow/example_dags/example_nested_branch_dag.py
[2024-12-09T15:21:08.261-0300] {processor.py:840} INFO - DAG(s) 'example_nested_branch_dag' retrieved from /home/beatriz/Documentos/airflow/airflow_venv/lib/python3.10/site-packages/airflow/example_dags/example_nested_branch_dag.py
[2024-12-09T15:21:08.278-0300] {logging_mixin.py:188} INFO - [2024-12-09T15:21:08.277-0300] {dag.py:3096} INFO - Sync 1 DAGs
[2024-12-09T15:21:08.294-0300] {logging_mixin.py:188} INFO - [2024-12-09T15:21:08.293-0300] {dag.py:3954} INFO - Setting next_dagrun for example_nested_branch_dag to 2024-12-08 00:00:00+00:00, run_after=2024-12-09 00:00:00+00:00
[2024-12-09T15:21:08.311-0300] {processor.py:183} INFO - Processing /home/beatriz/Documentos/airflow/airflow_venv/lib/python3.10/site-packages/airflow/example_dags/example_nested_branch_dag.py took 0.079 seconds
[2024-12-09T15:22:05.887-0300] {processor.py:161} INFO - Started process (PID=41488) to work on /home/beatriz/Documentos/airflow/airflow_venv/lib/python3.10/site-packages/airflow/example_dags/example_nested_branch_dag.py
[2024-12-09T15:22:05.889-0300] {processor.py:830} INFO - Processing file /home/beatriz/Documentos/airflow/airflow_venv/lib/python3.10/site-packages/airflow/example_dags/example_nested_branch_dag.py for tasks to queue
[2024-12-09T15:22:05.890-0300] {logging_mixin.py:188} INFO - [2024-12-09T15:22:05.890-0300] {dagbag.py:540} INFO - Filling up the DagBag from /home/beatriz/Documentos/airflow/airflow_venv/lib/python3.10/site-packages/airflow/example_dags/example_nested_branch_dag.py
[2024-12-09T15:22:05.968-0300] {processor.py:840} INFO - DAG(s) 'example_nested_branch_dag' retrieved from /home/beatriz/Documentos/airflow/airflow_venv/lib/python3.10/site-packages/airflow/example_dags/example_nested_branch_dag.py
[2024-12-09T15:22:05.978-0300] {logging_mixin.py:188} INFO - [2024-12-09T15:22:05.978-0300] {dag.py:3096} INFO - Sync 1 DAGs
[2024-12-09T15:22:05.992-0300] {logging_mixin.py:188} INFO - [2024-12-09T15:22:05.992-0300] {dag.py:3954} INFO - Setting next_dagrun for example_nested_branch_dag to 2024-12-08 00:00:00+00:00, run_after=2024-12-09 00:00:00+00:00
[2024-12-09T15:22:06.008-0300] {processor.py:183} INFO - Processing /home/beatriz/Documentos/airflow/airflow_venv/lib/python3.10/site-packages/airflow/example_dags/example_nested_branch_dag.py took 0.124 seconds
[2024-12-09T15:22:59.660-0300] {processor.py:161} INFO - Started process (PID=41991) to work on /home/beatriz/Documentos/airflow/airflow_venv/lib/python3.10/site-packages/airflow/example_dags/example_nested_branch_dag.py
[2024-12-09T15:22:59.661-0300] {processor.py:830} INFO - Processing file /home/beatriz/Documentos/airflow/airflow_venv/lib/python3.10/site-packages/airflow/example_dags/example_nested_branch_dag.py for tasks to queue
[2024-12-09T15:22:59.663-0300] {logging_mixin.py:188} INFO - [2024-12-09T15:22:59.662-0300] {dagbag.py:540} INFO - Filling up the DagBag from /home/beatriz/Documentos/airflow/airflow_venv/lib/python3.10/site-packages/airflow/example_dags/example_nested_branch_dag.py
[2024-12-09T15:22:59.677-0300] {processor.py:840} INFO - DAG(s) 'example_nested_branch_dag' retrieved from /home/beatriz/Documentos/airflow/airflow_venv/lib/python3.10/site-packages/airflow/example_dags/example_nested_branch_dag.py
[2024-12-09T15:22:59.696-0300] {logging_mixin.py:188} INFO - [2024-12-09T15:22:59.696-0300] {dag.py:3096} INFO - Sync 1 DAGs
[2024-12-09T15:22:59.725-0300] {logging_mixin.py:188} INFO - [2024-12-09T15:22:59.724-0300] {dag.py:3954} INFO - Setting next_dagrun for example_nested_branch_dag to 2024-12-08 00:00:00+00:00, run_after=2024-12-09 00:00:00+00:00
[2024-12-09T15:22:59.754-0300] {processor.py:183} INFO - Processing /home/beatriz/Documentos/airflow/airflow_venv/lib/python3.10/site-packages/airflow/example_dags/example_nested_branch_dag.py took 0.099 seconds
[2024-12-09T15:23:48.903-0300] {processor.py:161} INFO - Started process (PID=42529) to work on /home/beatriz/Documentos/airflow/airflow_venv/lib/python3.10/site-packages/airflow/example_dags/example_nested_branch_dag.py
[2024-12-09T15:23:48.904-0300] {processor.py:830} INFO - Processing file /home/beatriz/Documentos/airflow/airflow_venv/lib/python3.10/site-packages/airflow/example_dags/example_nested_branch_dag.py for tasks to queue
[2024-12-09T15:23:48.905-0300] {logging_mixin.py:188} INFO - [2024-12-09T15:23:48.905-0300] {dagbag.py:540} INFO - Filling up the DagBag from /home/beatriz/Documentos/airflow/airflow_venv/lib/python3.10/site-packages/airflow/example_dags/example_nested_branch_dag.py
[2024-12-09T15:23:48.913-0300] {processor.py:840} INFO - DAG(s) 'example_nested_branch_dag' retrieved from /home/beatriz/Documentos/airflow/airflow_venv/lib/python3.10/site-packages/airflow/example_dags/example_nested_branch_dag.py
[2024-12-09T15:23:48.927-0300] {logging_mixin.py:188} INFO - [2024-12-09T15:23:48.927-0300] {dag.py:3096} INFO - Sync 1 DAGs
[2024-12-09T15:23:48.944-0300] {logging_mixin.py:188} INFO - [2024-12-09T15:23:48.944-0300] {dag.py:3954} INFO - Setting next_dagrun for example_nested_branch_dag to 2024-12-08 00:00:00+00:00, run_after=2024-12-09 00:00:00+00:00
[2024-12-09T15:23:48.961-0300] {processor.py:183} INFO - Processing /home/beatriz/Documentos/airflow/airflow_venv/lib/python3.10/site-packages/airflow/example_dags/example_nested_branch_dag.py took 0.062 seconds
[2024-12-09T15:24:38.391-0300] {processor.py:161} INFO - Started process (PID=43021) to work on /home/beatriz/Documentos/airflow/airflow_venv/lib/python3.10/site-packages/airflow/example_dags/example_nested_branch_dag.py
[2024-12-09T15:24:38.397-0300] {processor.py:830} INFO - Processing file /home/beatriz/Documentos/airflow/airflow_venv/lib/python3.10/site-packages/airflow/example_dags/example_nested_branch_dag.py for tasks to queue
[2024-12-09T15:24:38.400-0300] {logging_mixin.py:188} INFO - [2024-12-09T15:24:38.399-0300] {dagbag.py:540} INFO - Filling up the DagBag from /home/beatriz/Documentos/airflow/airflow_venv/lib/python3.10/site-packages/airflow/example_dags/example_nested_branch_dag.py
[2024-12-09T15:24:38.418-0300] {processor.py:840} INFO - DAG(s) 'example_nested_branch_dag' retrieved from /home/beatriz/Documentos/airflow/airflow_venv/lib/python3.10/site-packages/airflow/example_dags/example_nested_branch_dag.py
[2024-12-09T15:24:38.434-0300] {logging_mixin.py:188} INFO - [2024-12-09T15:24:38.434-0300] {dag.py:3096} INFO - Sync 1 DAGs
[2024-12-09T15:24:38.449-0300] {logging_mixin.py:188} INFO - [2024-12-09T15:24:38.449-0300] {dag.py:3954} INFO - Setting next_dagrun for example_nested_branch_dag to 2024-12-08 00:00:00+00:00, run_after=2024-12-09 00:00:00+00:00
[2024-12-09T15:24:38.467-0300] {processor.py:183} INFO - Processing /home/beatriz/Documentos/airflow/airflow_venv/lib/python3.10/site-packages/airflow/example_dags/example_nested_branch_dag.py took 0.089 seconds
[2024-12-09T15:25:47.878-0300] {processor.py:161} INFO - Started process (PID=43885) to work on /home/beatriz/Documentos/airflow/airflow_venv/lib/python3.10/site-packages/airflow/example_dags/example_nested_branch_dag.py
[2024-12-09T15:25:47.881-0300] {processor.py:830} INFO - Processing file /home/beatriz/Documentos/airflow/airflow_venv/lib/python3.10/site-packages/airflow/example_dags/example_nested_branch_dag.py for tasks to queue
[2024-12-09T15:25:47.884-0300] {logging_mixin.py:188} INFO - [2024-12-09T15:25:47.883-0300] {dagbag.py:540} INFO - Filling up the DagBag from /home/beatriz/Documentos/airflow/airflow_venv/lib/python3.10/site-packages/airflow/example_dags/example_nested_branch_dag.py
[2024-12-09T15:25:47.900-0300] {processor.py:840} INFO - DAG(s) 'example_nested_branch_dag' retrieved from /home/beatriz/Documentos/airflow/airflow_venv/lib/python3.10/site-packages/airflow/example_dags/example_nested_branch_dag.py
[2024-12-09T15:25:47.917-0300] {logging_mixin.py:188} INFO - [2024-12-09T15:25:47.916-0300] {dag.py:3096} INFO - Sync 1 DAGs
[2024-12-09T15:25:47.932-0300] {logging_mixin.py:188} INFO - [2024-12-09T15:25:47.932-0300] {dag.py:3954} INFO - Setting next_dagrun for example_nested_branch_dag to 2024-12-08 00:00:00+00:00, run_after=2024-12-09 00:00:00+00:00
[2024-12-09T15:25:47.948-0300] {processor.py:183} INFO - Processing /home/beatriz/Documentos/airflow/airflow_venv/lib/python3.10/site-packages/airflow/example_dags/example_nested_branch_dag.py took 0.080 seconds
[2024-12-09T15:26:35.882-0300] {processor.py:161} INFO - Started process (PID=44257) to work on /home/beatriz/Documentos/airflow/airflow_venv/lib/python3.10/site-packages/airflow/example_dags/example_nested_branch_dag.py
[2024-12-09T15:26:35.884-0300] {processor.py:830} INFO - Processing file /home/beatriz/Documentos/airflow/airflow_venv/lib/python3.10/site-packages/airflow/example_dags/example_nested_branch_dag.py for tasks to queue
[2024-12-09T15:26:35.885-0300] {logging_mixin.py:188} INFO - [2024-12-09T15:26:35.885-0300] {dagbag.py:540} INFO - Filling up the DagBag from /home/beatriz/Documentos/airflow/airflow_venv/lib/python3.10/site-packages/airflow/example_dags/example_nested_branch_dag.py
[2024-12-09T15:26:35.892-0300] {processor.py:840} INFO - DAG(s) 'example_nested_branch_dag' retrieved from /home/beatriz/Documentos/airflow/airflow_venv/lib/python3.10/site-packages/airflow/example_dags/example_nested_branch_dag.py
[2024-12-09T15:26:35.905-0300] {logging_mixin.py:188} INFO - [2024-12-09T15:26:35.905-0300] {dag.py:3096} INFO - Sync 1 DAGs
[2024-12-09T15:26:35.920-0300] {logging_mixin.py:188} INFO - [2024-12-09T15:26:35.920-0300] {dag.py:3954} INFO - Setting next_dagrun for example_nested_branch_dag to 2024-12-08 00:00:00+00:00, run_after=2024-12-09 00:00:00+00:00
[2024-12-09T15:26:35.937-0300] {processor.py:183} INFO - Processing /home/beatriz/Documentos/airflow/airflow_venv/lib/python3.10/site-packages/airflow/example_dags/example_nested_branch_dag.py took 0.060 seconds
[2024-12-09T15:27:27.360-0300] {processor.py:161} INFO - Started process (PID=45118) to work on /home/beatriz/Documentos/airflow/airflow_venv/lib/python3.10/site-packages/airflow/example_dags/example_nested_branch_dag.py
[2024-12-09T15:27:27.361-0300] {processor.py:830} INFO - Processing file /home/beatriz/Documentos/airflow/airflow_venv/lib/python3.10/site-packages/airflow/example_dags/example_nested_branch_dag.py for tasks to queue
[2024-12-09T15:27:27.362-0300] {logging_mixin.py:188} INFO - [2024-12-09T15:27:27.362-0300] {dagbag.py:540} INFO - Filling up the DagBag from /home/beatriz/Documentos/airflow/airflow_venv/lib/python3.10/site-packages/airflow/example_dags/example_nested_branch_dag.py
[2024-12-09T15:27:27.371-0300] {processor.py:840} INFO - DAG(s) 'example_nested_branch_dag' retrieved from /home/beatriz/Documentos/airflow/airflow_venv/lib/python3.10/site-packages/airflow/example_dags/example_nested_branch_dag.py
[2024-12-09T15:27:27.385-0300] {logging_mixin.py:188} INFO - [2024-12-09T15:27:27.385-0300] {dag.py:3096} INFO - Sync 1 DAGs
[2024-12-09T15:27:27.402-0300] {logging_mixin.py:188} INFO - [2024-12-09T15:27:27.401-0300] {dag.py:3954} INFO - Setting next_dagrun for example_nested_branch_dag to 2024-12-08 00:00:00+00:00, run_after=2024-12-09 00:00:00+00:00
[2024-12-09T15:27:27.418-0300] {processor.py:183} INFO - Processing /home/beatriz/Documentos/airflow/airflow_venv/lib/python3.10/site-packages/airflow/example_dags/example_nested_branch_dag.py took 0.062 seconds
[2024-12-09T15:28:20.239-0300] {processor.py:161} INFO - Started process (PID=46452) to work on /home/beatriz/Documentos/airflow/airflow_venv/lib/python3.10/site-packages/airflow/example_dags/example_nested_branch_dag.py
[2024-12-09T15:28:20.240-0300] {processor.py:830} INFO - Processing file /home/beatriz/Documentos/airflow/airflow_venv/lib/python3.10/site-packages/airflow/example_dags/example_nested_branch_dag.py for tasks to queue
[2024-12-09T15:28:20.241-0300] {logging_mixin.py:188} INFO - [2024-12-09T15:28:20.241-0300] {dagbag.py:540} INFO - Filling up the DagBag from /home/beatriz/Documentos/airflow/airflow_venv/lib/python3.10/site-packages/airflow/example_dags/example_nested_branch_dag.py
[2024-12-09T15:28:20.253-0300] {processor.py:840} INFO - DAG(s) 'example_nested_branch_dag' retrieved from /home/beatriz/Documentos/airflow/airflow_venv/lib/python3.10/site-packages/airflow/example_dags/example_nested_branch_dag.py
[2024-12-09T15:28:20.271-0300] {logging_mixin.py:188} INFO - [2024-12-09T15:28:20.270-0300] {dag.py:3096} INFO - Sync 1 DAGs
[2024-12-09T15:28:20.294-0300] {logging_mixin.py:188} INFO - [2024-12-09T15:28:20.293-0300] {dag.py:3954} INFO - Setting next_dagrun for example_nested_branch_dag to 2024-12-08 00:00:00+00:00, run_after=2024-12-09 00:00:00+00:00
[2024-12-09T15:28:20.318-0300] {processor.py:183} INFO - Processing /home/beatriz/Documentos/airflow/airflow_venv/lib/python3.10/site-packages/airflow/example_dags/example_nested_branch_dag.py took 0.085 seconds
[2024-12-09T15:29:12.141-0300] {processor.py:161} INFO - Started process (PID=47421) to work on /home/beatriz/Documentos/airflow/airflow_venv/lib/python3.10/site-packages/airflow/example_dags/example_nested_branch_dag.py
[2024-12-09T15:29:12.164-0300] {processor.py:830} INFO - Processing file /home/beatriz/Documentos/airflow/airflow_venv/lib/python3.10/site-packages/airflow/example_dags/example_nested_branch_dag.py for tasks to queue
[2024-12-09T15:29:12.166-0300] {logging_mixin.py:188} INFO - [2024-12-09T15:29:12.165-0300] {dagbag.py:540} INFO - Filling up the DagBag from /home/beatriz/Documentos/airflow/airflow_venv/lib/python3.10/site-packages/airflow/example_dags/example_nested_branch_dag.py
[2024-12-09T15:29:12.173-0300] {processor.py:840} INFO - DAG(s) 'example_nested_branch_dag' retrieved from /home/beatriz/Documentos/airflow/airflow_venv/lib/python3.10/site-packages/airflow/example_dags/example_nested_branch_dag.py
[2024-12-09T15:29:12.186-0300] {logging_mixin.py:188} INFO - [2024-12-09T15:29:12.186-0300] {dag.py:3096} INFO - Sync 1 DAGs
[2024-12-09T15:29:12.202-0300] {logging_mixin.py:188} INFO - [2024-12-09T15:29:12.201-0300] {dag.py:3954} INFO - Setting next_dagrun for example_nested_branch_dag to 2024-12-08 00:00:00+00:00, run_after=2024-12-09 00:00:00+00:00
[2024-12-09T15:29:12.224-0300] {processor.py:183} INFO - Processing /home/beatriz/Documentos/airflow/airflow_venv/lib/python3.10/site-packages/airflow/example_dags/example_nested_branch_dag.py took 0.086 seconds
[2024-12-09T15:30:07.138-0300] {processor.py:161} INFO - Started process (PID=48577) to work on /home/beatriz/Documentos/airflow/airflow_venv/lib/python3.10/site-packages/airflow/example_dags/example_nested_branch_dag.py
[2024-12-09T15:30:07.140-0300] {processor.py:830} INFO - Processing file /home/beatriz/Documentos/airflow/airflow_venv/lib/python3.10/site-packages/airflow/example_dags/example_nested_branch_dag.py for tasks to queue
[2024-12-09T15:30:07.142-0300] {logging_mixin.py:188} INFO - [2024-12-09T15:30:07.142-0300] {dagbag.py:540} INFO - Filling up the DagBag from /home/beatriz/Documentos/airflow/airflow_venv/lib/python3.10/site-packages/airflow/example_dags/example_nested_branch_dag.py
[2024-12-09T15:30:07.159-0300] {processor.py:840} INFO - DAG(s) 'example_nested_branch_dag' retrieved from /home/beatriz/Documentos/airflow/airflow_venv/lib/python3.10/site-packages/airflow/example_dags/example_nested_branch_dag.py
[2024-12-09T15:30:07.177-0300] {logging_mixin.py:188} INFO - [2024-12-09T15:30:07.177-0300] {dag.py:3096} INFO - Sync 1 DAGs
[2024-12-09T15:30:07.193-0300] {logging_mixin.py:188} INFO - [2024-12-09T15:30:07.193-0300] {dag.py:3954} INFO - Setting next_dagrun for example_nested_branch_dag to 2024-12-08 00:00:00+00:00, run_after=2024-12-09 00:00:00+00:00
[2024-12-09T15:30:07.211-0300] {processor.py:183} INFO - Processing /home/beatriz/Documentos/airflow/airflow_venv/lib/python3.10/site-packages/airflow/example_dags/example_nested_branch_dag.py took 0.083 seconds
[2024-12-09T15:30:59.147-0300] {processor.py:161} INFO - Started process (PID=48922) to work on /home/beatriz/Documentos/airflow/airflow_venv/lib/python3.10/site-packages/airflow/example_dags/example_nested_branch_dag.py
[2024-12-09T15:30:59.149-0300] {processor.py:830} INFO - Processing file /home/beatriz/Documentos/airflow/airflow_venv/lib/python3.10/site-packages/airflow/example_dags/example_nested_branch_dag.py for tasks to queue
[2024-12-09T15:30:59.151-0300] {logging_mixin.py:188} INFO - [2024-12-09T15:30:59.151-0300] {dagbag.py:540} INFO - Filling up the DagBag from /home/beatriz/Documentos/airflow/airflow_venv/lib/python3.10/site-packages/airflow/example_dags/example_nested_branch_dag.py
[2024-12-09T15:30:59.168-0300] {processor.py:840} INFO - DAG(s) 'example_nested_branch_dag' retrieved from /home/beatriz/Documentos/airflow/airflow_venv/lib/python3.10/site-packages/airflow/example_dags/example_nested_branch_dag.py
[2024-12-09T15:30:59.185-0300] {logging_mixin.py:188} INFO - [2024-12-09T15:30:59.184-0300] {dag.py:3096} INFO - Sync 1 DAGs
[2024-12-09T15:30:59.201-0300] {logging_mixin.py:188} INFO - [2024-12-09T15:30:59.200-0300] {dag.py:3954} INFO - Setting next_dagrun for example_nested_branch_dag to 2024-12-08 00:00:00+00:00, run_after=2024-12-09 00:00:00+00:00
[2024-12-09T15:30:59.217-0300] {processor.py:183} INFO - Processing /home/beatriz/Documentos/airflow/airflow_venv/lib/python3.10/site-packages/airflow/example_dags/example_nested_branch_dag.py took 0.081 seconds
[2024-12-09T15:31:51.628-0300] {processor.py:161} INFO - Started process (PID=49189) to work on /home/beatriz/Documentos/airflow/airflow_venv/lib/python3.10/site-packages/airflow/example_dags/example_nested_branch_dag.py
[2024-12-09T15:31:51.629-0300] {processor.py:830} INFO - Processing file /home/beatriz/Documentos/airflow/airflow_venv/lib/python3.10/site-packages/airflow/example_dags/example_nested_branch_dag.py for tasks to queue
[2024-12-09T15:31:51.630-0300] {logging_mixin.py:188} INFO - [2024-12-09T15:31:51.630-0300] {dagbag.py:540} INFO - Filling up the DagBag from /home/beatriz/Documentos/airflow/airflow_venv/lib/python3.10/site-packages/airflow/example_dags/example_nested_branch_dag.py
[2024-12-09T15:31:51.639-0300] {processor.py:840} INFO - DAG(s) 'example_nested_branch_dag' retrieved from /home/beatriz/Documentos/airflow/airflow_venv/lib/python3.10/site-packages/airflow/example_dags/example_nested_branch_dag.py
[2024-12-09T15:31:51.653-0300] {logging_mixin.py:188} INFO - [2024-12-09T15:31:51.653-0300] {dag.py:3096} INFO - Sync 1 DAGs
[2024-12-09T15:31:51.673-0300] {logging_mixin.py:188} INFO - [2024-12-09T15:31:51.673-0300] {dag.py:3954} INFO - Setting next_dagrun for example_nested_branch_dag to 2024-12-08 00:00:00+00:00, run_after=2024-12-09 00:00:00+00:00
[2024-12-09T15:31:51.697-0300] {processor.py:183} INFO - Processing /home/beatriz/Documentos/airflow/airflow_venv/lib/python3.10/site-packages/airflow/example_dags/example_nested_branch_dag.py took 0.075 seconds
[2024-12-09T15:32:43.568-0300] {processor.py:161} INFO - Started process (PID=49518) to work on /home/beatriz/Documentos/airflow/airflow_venv/lib/python3.10/site-packages/airflow/example_dags/example_nested_branch_dag.py
[2024-12-09T15:32:43.571-0300] {processor.py:830} INFO - Processing file /home/beatriz/Documentos/airflow/airflow_venv/lib/python3.10/site-packages/airflow/example_dags/example_nested_branch_dag.py for tasks to queue
[2024-12-09T15:32:43.574-0300] {logging_mixin.py:188} INFO - [2024-12-09T15:32:43.573-0300] {dagbag.py:540} INFO - Filling up the DagBag from /home/beatriz/Documentos/airflow/airflow_venv/lib/python3.10/site-packages/airflow/example_dags/example_nested_branch_dag.py
[2024-12-09T15:32:43.592-0300] {processor.py:840} INFO - DAG(s) 'example_nested_branch_dag' retrieved from /home/beatriz/Documentos/airflow/airflow_venv/lib/python3.10/site-packages/airflow/example_dags/example_nested_branch_dag.py
[2024-12-09T15:32:43.609-0300] {logging_mixin.py:188} INFO - [2024-12-09T15:32:43.608-0300] {dag.py:3096} INFO - Sync 1 DAGs
[2024-12-09T15:32:43.624-0300] {logging_mixin.py:188} INFO - [2024-12-09T15:32:43.624-0300] {dag.py:3954} INFO - Setting next_dagrun for example_nested_branch_dag to 2024-12-08 00:00:00+00:00, run_after=2024-12-09 00:00:00+00:00
[2024-12-09T15:32:43.641-0300] {processor.py:183} INFO - Processing /home/beatriz/Documentos/airflow/airflow_venv/lib/python3.10/site-packages/airflow/example_dags/example_nested_branch_dag.py took 0.084 seconds
[2024-12-09T15:33:40.855-0300] {processor.py:161} INFO - Started process (PID=50264) to work on /home/beatriz/Documentos/airflow/airflow_venv/lib/python3.10/site-packages/airflow/example_dags/example_nested_branch_dag.py
[2024-12-09T15:33:40.858-0300] {processor.py:830} INFO - Processing file /home/beatriz/Documentos/airflow/airflow_venv/lib/python3.10/site-packages/airflow/example_dags/example_nested_branch_dag.py for tasks to queue
[2024-12-09T15:33:40.861-0300] {logging_mixin.py:188} INFO - [2024-12-09T15:33:40.860-0300] {dagbag.py:540} INFO - Filling up the DagBag from /home/beatriz/Documentos/airflow/airflow_venv/lib/python3.10/site-packages/airflow/example_dags/example_nested_branch_dag.py
[2024-12-09T15:33:40.876-0300] {processor.py:840} INFO - DAG(s) 'example_nested_branch_dag' retrieved from /home/beatriz/Documentos/airflow/airflow_venv/lib/python3.10/site-packages/airflow/example_dags/example_nested_branch_dag.py
[2024-12-09T15:33:40.948-0300] {logging_mixin.py:188} INFO - [2024-12-09T15:33:40.948-0300] {dag.py:3096} INFO - Sync 1 DAGs
[2024-12-09T15:33:40.962-0300] {logging_mixin.py:188} INFO - [2024-12-09T15:33:40.961-0300] {dag.py:3954} INFO - Setting next_dagrun for example_nested_branch_dag to 2024-12-08 00:00:00+00:00, run_after=2024-12-09 00:00:00+00:00
[2024-12-09T15:33:40.979-0300] {processor.py:183} INFO - Processing /home/beatriz/Documentos/airflow/airflow_venv/lib/python3.10/site-packages/airflow/example_dags/example_nested_branch_dag.py took 0.134 seconds
[2024-12-09T15:33:45.467-0300] {processor.py:161} INFO - Started process (PID=50274) to work on /home/beatriz/Documentos/airflow/airflow_venv/lib/python3.10/site-packages/airflow/example_dags/example_nested_branch_dag.py
[2024-12-09T15:33:45.468-0300] {processor.py:830} INFO - Processing file /home/beatriz/Documentos/airflow/airflow_venv/lib/python3.10/site-packages/airflow/example_dags/example_nested_branch_dag.py for tasks to queue
[2024-12-09T15:33:45.470-0300] {logging_mixin.py:188} INFO - [2024-12-09T15:33:45.469-0300] {dagbag.py:540} INFO - Filling up the DagBag from /home/beatriz/Documentos/airflow/airflow_venv/lib/python3.10/site-packages/airflow/example_dags/example_nested_branch_dag.py
[2024-12-09T15:33:45.485-0300] {processor.py:840} INFO - DAG(s) 'example_nested_branch_dag' retrieved from /home/beatriz/Documentos/airflow/airflow_venv/lib/python3.10/site-packages/airflow/example_dags/example_nested_branch_dag.py
[2024-12-09T15:33:45.492-0300] {logging_mixin.py:188} INFO - [2024-12-09T15:33:45.492-0300] {dag.py:3096} INFO - Sync 1 DAGs
[2024-12-09T15:33:45.510-0300] {logging_mixin.py:188} INFO - [2024-12-09T15:33:45.510-0300] {dag.py:3954} INFO - Setting next_dagrun for example_nested_branch_dag to 2024-12-08 00:00:00+00:00, run_after=2024-12-09 00:00:00+00:00
[2024-12-09T15:33:45.528-0300] {processor.py:183} INFO - Processing /home/beatriz/Documentos/airflow/airflow_venv/lib/python3.10/site-packages/airflow/example_dags/example_nested_branch_dag.py took 0.070 seconds
[2024-12-09T15:34:36.595-0300] {processor.py:161} INFO - Started process (PID=50893) to work on /home/beatriz/Documentos/airflow/airflow_venv/lib/python3.10/site-packages/airflow/example_dags/example_nested_branch_dag.py
[2024-12-09T15:34:36.597-0300] {processor.py:830} INFO - Processing file /home/beatriz/Documentos/airflow/airflow_venv/lib/python3.10/site-packages/airflow/example_dags/example_nested_branch_dag.py for tasks to queue
[2024-12-09T15:34:36.600-0300] {logging_mixin.py:188} INFO - [2024-12-09T15:34:36.600-0300] {dagbag.py:540} INFO - Filling up the DagBag from /home/beatriz/Documentos/airflow/airflow_venv/lib/python3.10/site-packages/airflow/example_dags/example_nested_branch_dag.py
[2024-12-09T15:34:36.617-0300] {processor.py:840} INFO - DAG(s) 'example_nested_branch_dag' retrieved from /home/beatriz/Documentos/airflow/airflow_venv/lib/python3.10/site-packages/airflow/example_dags/example_nested_branch_dag.py
[2024-12-09T15:34:36.633-0300] {logging_mixin.py:188} INFO - [2024-12-09T15:34:36.632-0300] {dag.py:3096} INFO - Sync 1 DAGs
[2024-12-09T15:34:36.648-0300] {logging_mixin.py:188} INFO - [2024-12-09T15:34:36.648-0300] {dag.py:3954} INFO - Setting next_dagrun for example_nested_branch_dag to 2024-12-08 00:00:00+00:00, run_after=2024-12-09 00:00:00+00:00
[2024-12-09T15:34:36.668-0300] {processor.py:183} INFO - Processing /home/beatriz/Documentos/airflow/airflow_venv/lib/python3.10/site-packages/airflow/example_dags/example_nested_branch_dag.py took 0.083 seconds
[2024-12-09T15:35:28.635-0300] {processor.py:161} INFO - Started process (PID=51186) to work on /home/beatriz/Documentos/airflow/airflow_venv/lib/python3.10/site-packages/airflow/example_dags/example_nested_branch_dag.py
[2024-12-09T15:35:28.637-0300] {processor.py:830} INFO - Processing file /home/beatriz/Documentos/airflow/airflow_venv/lib/python3.10/site-packages/airflow/example_dags/example_nested_branch_dag.py for tasks to queue
[2024-12-09T15:35:28.640-0300] {logging_mixin.py:188} INFO - [2024-12-09T15:35:28.639-0300] {dagbag.py:540} INFO - Filling up the DagBag from /home/beatriz/Documentos/airflow/airflow_venv/lib/python3.10/site-packages/airflow/example_dags/example_nested_branch_dag.py
[2024-12-09T15:35:28.657-0300] {processor.py:840} INFO - DAG(s) 'example_nested_branch_dag' retrieved from /home/beatriz/Documentos/airflow/airflow_venv/lib/python3.10/site-packages/airflow/example_dags/example_nested_branch_dag.py
[2024-12-09T15:35:28.673-0300] {logging_mixin.py:188} INFO - [2024-12-09T15:35:28.673-0300] {dag.py:3096} INFO - Sync 1 DAGs
[2024-12-09T15:35:28.689-0300] {logging_mixin.py:188} INFO - [2024-12-09T15:35:28.689-0300] {dag.py:3954} INFO - Setting next_dagrun for example_nested_branch_dag to 2024-12-08 00:00:00+00:00, run_after=2024-12-09 00:00:00+00:00
[2024-12-09T15:35:28.705-0300] {processor.py:183} INFO - Processing /home/beatriz/Documentos/airflow/airflow_venv/lib/python3.10/site-packages/airflow/example_dags/example_nested_branch_dag.py took 0.081 seconds
[2024-12-09T15:36:17.214-0300] {processor.py:161} INFO - Started process (PID=51407) to work on /home/beatriz/Documentos/airflow/airflow_venv/lib/python3.10/site-packages/airflow/example_dags/example_nested_branch_dag.py
[2024-12-09T15:36:17.217-0300] {processor.py:830} INFO - Processing file /home/beatriz/Documentos/airflow/airflow_venv/lib/python3.10/site-packages/airflow/example_dags/example_nested_branch_dag.py for tasks to queue
[2024-12-09T15:36:17.220-0300] {logging_mixin.py:188} INFO - [2024-12-09T15:36:17.220-0300] {dagbag.py:540} INFO - Filling up the DagBag from /home/beatriz/Documentos/airflow/airflow_venv/lib/python3.10/site-packages/airflow/example_dags/example_nested_branch_dag.py
[2024-12-09T15:36:17.238-0300] {processor.py:840} INFO - DAG(s) 'example_nested_branch_dag' retrieved from /home/beatriz/Documentos/airflow/airflow_venv/lib/python3.10/site-packages/airflow/example_dags/example_nested_branch_dag.py
[2024-12-09T15:36:17.254-0300] {logging_mixin.py:188} INFO - [2024-12-09T15:36:17.254-0300] {dag.py:3096} INFO - Sync 1 DAGs
[2024-12-09T15:36:17.272-0300] {logging_mixin.py:188} INFO - [2024-12-09T15:36:17.272-0300] {dag.py:3954} INFO - Setting next_dagrun for example_nested_branch_dag to 2024-12-08 00:00:00+00:00, run_after=2024-12-09 00:00:00+00:00
[2024-12-09T15:36:17.290-0300] {processor.py:183} INFO - Processing /home/beatriz/Documentos/airflow/airflow_venv/lib/python3.10/site-packages/airflow/example_dags/example_nested_branch_dag.py took 0.089 seconds
[2024-12-09T15:43:33.917-0300] {processor.py:161} INFO - Started process (PID=6083) to work on /home/beatriz/Documentos/airflow/airflow_venv/lib/python3.10/site-packages/airflow/example_dags/example_nested_branch_dag.py
[2024-12-09T15:43:33.921-0300] {processor.py:830} INFO - Processing file /home/beatriz/Documentos/airflow/airflow_venv/lib/python3.10/site-packages/airflow/example_dags/example_nested_branch_dag.py for tasks to queue
[2024-12-09T15:43:33.923-0300] {logging_mixin.py:188} INFO - [2024-12-09T15:43:33.923-0300] {dagbag.py:540} INFO - Filling up the DagBag from /home/beatriz/Documentos/airflow/airflow_venv/lib/python3.10/site-packages/airflow/example_dags/example_nested_branch_dag.py
[2024-12-09T15:43:33.940-0300] {processor.py:840} INFO - DAG(s) 'example_nested_branch_dag' retrieved from /home/beatriz/Documentos/airflow/airflow_venv/lib/python3.10/site-packages/airflow/example_dags/example_nested_branch_dag.py
[2024-12-09T15:43:34.019-0300] {logging_mixin.py:188} INFO - [2024-12-09T15:43:34.019-0300] {dag.py:3096} INFO - Sync 1 DAGs
[2024-12-09T15:43:34.033-0300] {logging_mixin.py:188} INFO - [2024-12-09T15:43:34.032-0300] {dag.py:3954} INFO - Setting next_dagrun for example_nested_branch_dag to 2024-12-08 00:00:00+00:00, run_after=2024-12-09 00:00:00+00:00
[2024-12-09T15:43:34.051-0300] {processor.py:183} INFO - Processing /home/beatriz/Documentos/airflow/airflow_venv/lib/python3.10/site-packages/airflow/example_dags/example_nested_branch_dag.py took 0.144 seconds
[2024-12-09T15:50:50.922-0300] {processor.py:161} INFO - Started process (PID=7878) to work on /home/beatriz/Documentos/airflow/airflow_venv/lib/python3.10/site-packages/airflow/example_dags/example_nested_branch_dag.py
[2024-12-09T15:50:50.924-0300] {processor.py:830} INFO - Processing file /home/beatriz/Documentos/airflow/airflow_venv/lib/python3.10/site-packages/airflow/example_dags/example_nested_branch_dag.py for tasks to queue
[2024-12-09T15:50:50.926-0300] {logging_mixin.py:188} INFO - [2024-12-09T15:50:50.925-0300] {dagbag.py:540} INFO - Filling up the DagBag from /home/beatriz/Documentos/airflow/airflow_venv/lib/python3.10/site-packages/airflow/example_dags/example_nested_branch_dag.py
[2024-12-09T15:50:50.939-0300] {processor.py:840} INFO - DAG(s) 'example_nested_branch_dag' retrieved from /home/beatriz/Documentos/airflow/airflow_venv/lib/python3.10/site-packages/airflow/example_dags/example_nested_branch_dag.py
[2024-12-09T15:50:51.024-0300] {logging_mixin.py:188} INFO - [2024-12-09T15:50:51.024-0300] {dag.py:3096} INFO - Sync 1 DAGs
[2024-12-09T15:50:51.039-0300] {logging_mixin.py:188} INFO - [2024-12-09T15:50:51.038-0300] {dag.py:3954} INFO - Setting next_dagrun for example_nested_branch_dag to 2024-12-08 00:00:00+00:00, run_after=2024-12-09 00:00:00+00:00
[2024-12-09T15:50:51.058-0300] {processor.py:183} INFO - Processing /home/beatriz/Documentos/airflow/airflow_venv/lib/python3.10/site-packages/airflow/example_dags/example_nested_branch_dag.py took 0.143 seconds
[2024-12-09T15:51:53.109-0300] {processor.py:161} INFO - Started process (PID=8554) to work on /home/beatriz/Documentos/airflow/airflow_venv/lib/python3.10/site-packages/airflow/example_dags/example_nested_branch_dag.py
[2024-12-09T15:51:53.110-0300] {processor.py:830} INFO - Processing file /home/beatriz/Documentos/airflow/airflow_venv/lib/python3.10/site-packages/airflow/example_dags/example_nested_branch_dag.py for tasks to queue
[2024-12-09T15:51:53.112-0300] {logging_mixin.py:188} INFO - [2024-12-09T15:51:53.111-0300] {dagbag.py:540} INFO - Filling up the DagBag from /home/beatriz/Documentos/airflow/airflow_venv/lib/python3.10/site-packages/airflow/example_dags/example_nested_branch_dag.py
[2024-12-09T15:51:53.121-0300] {processor.py:840} INFO - DAG(s) 'example_nested_branch_dag' retrieved from /home/beatriz/Documentos/airflow/airflow_venv/lib/python3.10/site-packages/airflow/example_dags/example_nested_branch_dag.py
[2024-12-09T15:51:53.137-0300] {logging_mixin.py:188} INFO - [2024-12-09T15:51:53.136-0300] {dag.py:3096} INFO - Sync 1 DAGs
[2024-12-09T15:51:53.157-0300] {logging_mixin.py:188} INFO - [2024-12-09T15:51:53.157-0300] {dag.py:3954} INFO - Setting next_dagrun for example_nested_branch_dag to 2024-12-08 00:00:00+00:00, run_after=2024-12-09 00:00:00+00:00
[2024-12-09T15:51:53.181-0300] {processor.py:183} INFO - Processing /home/beatriz/Documentos/airflow/airflow_venv/lib/python3.10/site-packages/airflow/example_dags/example_nested_branch_dag.py took 0.077 seconds
[2024-12-09T15:52:49.986-0300] {processor.py:161} INFO - Started process (PID=9014) to work on /home/beatriz/Documentos/airflow/airflow_venv/lib/python3.10/site-packages/airflow/example_dags/example_nested_branch_dag.py
[2024-12-09T15:52:49.989-0300] {processor.py:830} INFO - Processing file /home/beatriz/Documentos/airflow/airflow_venv/lib/python3.10/site-packages/airflow/example_dags/example_nested_branch_dag.py for tasks to queue
[2024-12-09T15:52:49.991-0300] {logging_mixin.py:188} INFO - [2024-12-09T15:52:49.991-0300] {dagbag.py:540} INFO - Filling up the DagBag from /home/beatriz/Documentos/airflow/airflow_venv/lib/python3.10/site-packages/airflow/example_dags/example_nested_branch_dag.py
[2024-12-09T15:52:50.002-0300] {processor.py:840} INFO - DAG(s) 'example_nested_branch_dag' retrieved from /home/beatriz/Documentos/airflow/airflow_venv/lib/python3.10/site-packages/airflow/example_dags/example_nested_branch_dag.py
[2024-12-09T15:52:50.015-0300] {logging_mixin.py:188} INFO - [2024-12-09T15:52:50.015-0300] {dag.py:3096} INFO - Sync 1 DAGs
[2024-12-09T15:52:50.029-0300] {logging_mixin.py:188} INFO - [2024-12-09T15:52:50.029-0300] {dag.py:3954} INFO - Setting next_dagrun for example_nested_branch_dag to 2024-12-08 00:00:00+00:00, run_after=2024-12-09 00:00:00+00:00
[2024-12-09T15:52:50.047-0300] {processor.py:183} INFO - Processing /home/beatriz/Documentos/airflow/airflow_venv/lib/python3.10/site-packages/airflow/example_dags/example_nested_branch_dag.py took 0.070 seconds
[2024-12-09T15:53:49.187-0300] {processor.py:161} INFO - Started process (PID=9457) to work on /home/beatriz/Documentos/airflow/airflow_venv/lib/python3.10/site-packages/airflow/example_dags/example_nested_branch_dag.py
[2024-12-09T15:53:49.189-0300] {processor.py:830} INFO - Processing file /home/beatriz/Documentos/airflow/airflow_venv/lib/python3.10/site-packages/airflow/example_dags/example_nested_branch_dag.py for tasks to queue
[2024-12-09T15:53:49.190-0300] {logging_mixin.py:188} INFO - [2024-12-09T15:53:49.190-0300] {dagbag.py:540} INFO - Filling up the DagBag from /home/beatriz/Documentos/airflow/airflow_venv/lib/python3.10/site-packages/airflow/example_dags/example_nested_branch_dag.py
[2024-12-09T15:53:49.267-0300] {processor.py:840} INFO - DAG(s) 'example_nested_branch_dag' retrieved from /home/beatriz/Documentos/airflow/airflow_venv/lib/python3.10/site-packages/airflow/example_dags/example_nested_branch_dag.py
[2024-12-09T15:53:49.279-0300] {logging_mixin.py:188} INFO - [2024-12-09T15:53:49.279-0300] {dag.py:3096} INFO - Sync 1 DAGs
[2024-12-09T15:53:49.293-0300] {logging_mixin.py:188} INFO - [2024-12-09T15:53:49.293-0300] {dag.py:3954} INFO - Setting next_dagrun for example_nested_branch_dag to 2024-12-08 00:00:00+00:00, run_after=2024-12-09 00:00:00+00:00
[2024-12-09T15:53:49.311-0300] {processor.py:183} INFO - Processing /home/beatriz/Documentos/airflow/airflow_venv/lib/python3.10/site-packages/airflow/example_dags/example_nested_branch_dag.py took 0.128 seconds
[2024-12-09T15:54:44.626-0300] {processor.py:161} INFO - Started process (PID=9974) to work on /home/beatriz/Documentos/airflow/airflow_venv/lib/python3.10/site-packages/airflow/example_dags/example_nested_branch_dag.py
[2024-12-09T15:54:44.629-0300] {processor.py:830} INFO - Processing file /home/beatriz/Documentos/airflow/airflow_venv/lib/python3.10/site-packages/airflow/example_dags/example_nested_branch_dag.py for tasks to queue
[2024-12-09T15:54:44.631-0300] {logging_mixin.py:188} INFO - [2024-12-09T15:54:44.631-0300] {dagbag.py:540} INFO - Filling up the DagBag from /home/beatriz/Documentos/airflow/airflow_venv/lib/python3.10/site-packages/airflow/example_dags/example_nested_branch_dag.py
[2024-12-09T15:54:44.647-0300] {processor.py:840} INFO - DAG(s) 'example_nested_branch_dag' retrieved from /home/beatriz/Documentos/airflow/airflow_venv/lib/python3.10/site-packages/airflow/example_dags/example_nested_branch_dag.py
[2024-12-09T15:54:44.662-0300] {logging_mixin.py:188} INFO - [2024-12-09T15:54:44.662-0300] {dag.py:3096} INFO - Sync 1 DAGs
[2024-12-09T15:54:44.676-0300] {logging_mixin.py:188} INFO - [2024-12-09T15:54:44.676-0300] {dag.py:3954} INFO - Setting next_dagrun for example_nested_branch_dag to 2024-12-08 00:00:00+00:00, run_after=2024-12-09 00:00:00+00:00
[2024-12-09T15:54:44.692-0300] {processor.py:183} INFO - Processing /home/beatriz/Documentos/airflow/airflow_venv/lib/python3.10/site-packages/airflow/example_dags/example_nested_branch_dag.py took 0.077 seconds
[2024-12-09T15:56:58.843-0300] {processor.py:161} INFO - Started process (PID=11939) to work on /home/beatriz/Documentos/airflow/airflow_venv/lib/python3.10/site-packages/airflow/example_dags/example_nested_branch_dag.py
[2024-12-09T15:56:58.845-0300] {processor.py:830} INFO - Processing file /home/beatriz/Documentos/airflow/airflow_venv/lib/python3.10/site-packages/airflow/example_dags/example_nested_branch_dag.py for tasks to queue
[2024-12-09T15:56:58.847-0300] {logging_mixin.py:188} INFO - [2024-12-09T15:56:58.847-0300] {dagbag.py:540} INFO - Filling up the DagBag from /home/beatriz/Documentos/airflow/airflow_venv/lib/python3.10/site-packages/airflow/example_dags/example_nested_branch_dag.py
[2024-12-09T15:56:58.857-0300] {processor.py:840} INFO - DAG(s) 'example_nested_branch_dag' retrieved from /home/beatriz/Documentos/airflow/airflow_venv/lib/python3.10/site-packages/airflow/example_dags/example_nested_branch_dag.py
[2024-12-09T15:56:58.935-0300] {logging_mixin.py:188} INFO - [2024-12-09T15:56:58.934-0300] {dag.py:3096} INFO - Sync 1 DAGs
[2024-12-09T15:56:58.950-0300] {logging_mixin.py:188} INFO - [2024-12-09T15:56:58.949-0300] {dag.py:3954} INFO - Setting next_dagrun for example_nested_branch_dag to 2024-12-08 00:00:00+00:00, run_after=2024-12-09 00:00:00+00:00
[2024-12-09T15:56:58.975-0300] {processor.py:183} INFO - Processing /home/beatriz/Documentos/airflow/airflow_venv/lib/python3.10/site-packages/airflow/example_dags/example_nested_branch_dag.py took 0.142 seconds
[2024-12-09T15:57:57.062-0300] {processor.py:161} INFO - Started process (PID=12417) to work on /home/beatriz/Documentos/airflow/airflow_venv/lib/python3.10/site-packages/airflow/example_dags/example_nested_branch_dag.py
[2024-12-09T15:57:57.062-0300] {processor.py:830} INFO - Processing file /home/beatriz/Documentos/airflow/airflow_venv/lib/python3.10/site-packages/airflow/example_dags/example_nested_branch_dag.py for tasks to queue
[2024-12-09T15:57:57.064-0300] {logging_mixin.py:188} INFO - [2024-12-09T15:57:57.064-0300] {dagbag.py:540} INFO - Filling up the DagBag from /home/beatriz/Documentos/airflow/airflow_venv/lib/python3.10/site-packages/airflow/example_dags/example_nested_branch_dag.py
[2024-12-09T15:57:57.074-0300] {processor.py:840} INFO - DAG(s) 'example_nested_branch_dag' retrieved from /home/beatriz/Documentos/airflow/airflow_venv/lib/python3.10/site-packages/airflow/example_dags/example_nested_branch_dag.py
[2024-12-09T15:57:57.092-0300] {logging_mixin.py:188} INFO - [2024-12-09T15:57:57.091-0300] {dag.py:3096} INFO - Sync 1 DAGs
[2024-12-09T15:57:57.114-0300] {logging_mixin.py:188} INFO - [2024-12-09T15:57:57.114-0300] {dag.py:3954} INFO - Setting next_dagrun for example_nested_branch_dag to 2024-12-08 00:00:00+00:00, run_after=2024-12-09 00:00:00+00:00
[2024-12-09T15:57:57.137-0300] {processor.py:183} INFO - Processing /home/beatriz/Documentos/airflow/airflow_venv/lib/python3.10/site-packages/airflow/example_dags/example_nested_branch_dag.py took 0.079 seconds
[2024-12-09T16:00:28.587-0300] {processor.py:161} INFO - Started process (PID=16233) to work on /home/beatriz/Documentos/airflow/airflow_venv/lib/python3.10/site-packages/airflow/example_dags/example_nested_branch_dag.py
[2024-12-09T16:00:28.590-0300] {processor.py:830} INFO - Processing file /home/beatriz/Documentos/airflow/airflow_venv/lib/python3.10/site-packages/airflow/example_dags/example_nested_branch_dag.py for tasks to queue
[2024-12-09T16:00:28.592-0300] {logging_mixin.py:188} INFO - [2024-12-09T16:00:28.591-0300] {dagbag.py:540} INFO - Filling up the DagBag from /home/beatriz/Documentos/airflow/airflow_venv/lib/python3.10/site-packages/airflow/example_dags/example_nested_branch_dag.py
[2024-12-09T16:00:28.608-0300] {processor.py:840} INFO - DAG(s) 'example_nested_branch_dag' retrieved from /home/beatriz/Documentos/airflow/airflow_venv/lib/python3.10/site-packages/airflow/example_dags/example_nested_branch_dag.py
[2024-12-09T16:00:28.625-0300] {logging_mixin.py:188} INFO - [2024-12-09T16:00:28.624-0300] {dag.py:3096} INFO - Sync 1 DAGs
[2024-12-09T16:00:28.641-0300] {logging_mixin.py:188} INFO - [2024-12-09T16:00:28.641-0300] {dag.py:3954} INFO - Setting next_dagrun for example_nested_branch_dag to 2024-12-08 00:00:00+00:00, run_after=2024-12-09 00:00:00+00:00
[2024-12-09T16:00:28.663-0300] {processor.py:183} INFO - Processing /home/beatriz/Documentos/airflow/airflow_venv/lib/python3.10/site-packages/airflow/example_dags/example_nested_branch_dag.py took 0.085 seconds
[2024-12-09T16:28:40.504-0300] {processor.py:161} INFO - Started process (PID=20395) to work on /home/beatriz/Documentos/airflow/airflow_venv/lib/python3.10/site-packages/airflow/example_dags/example_nested_branch_dag.py
[2024-12-09T16:28:40.505-0300] {processor.py:830} INFO - Processing file /home/beatriz/Documentos/airflow/airflow_venv/lib/python3.10/site-packages/airflow/example_dags/example_nested_branch_dag.py for tasks to queue
[2024-12-09T16:28:40.507-0300] {logging_mixin.py:188} INFO - [2024-12-09T16:28:40.507-0300] {dagbag.py:540} INFO - Filling up the DagBag from /home/beatriz/Documentos/airflow/airflow_venv/lib/python3.10/site-packages/airflow/example_dags/example_nested_branch_dag.py
[2024-12-09T16:28:40.519-0300] {processor.py:840} INFO - DAG(s) 'example_nested_branch_dag' retrieved from /home/beatriz/Documentos/airflow/airflow_venv/lib/python3.10/site-packages/airflow/example_dags/example_nested_branch_dag.py
[2024-12-09T16:28:40.602-0300] {logging_mixin.py:188} INFO - [2024-12-09T16:28:40.602-0300] {dag.py:3096} INFO - Sync 1 DAGs
[2024-12-09T16:28:40.619-0300] {logging_mixin.py:188} INFO - [2024-12-09T16:28:40.619-0300] {dag.py:3954} INFO - Setting next_dagrun for example_nested_branch_dag to 2024-12-08 00:00:00+00:00, run_after=2024-12-09 00:00:00+00:00
[2024-12-09T16:28:40.643-0300] {processor.py:183} INFO - Processing /home/beatriz/Documentos/airflow/airflow_venv/lib/python3.10/site-packages/airflow/example_dags/example_nested_branch_dag.py took 0.145 seconds
[2024-12-09T16:29:51.201-0300] {processor.py:161} INFO - Started process (PID=21664) to work on /home/beatriz/Documentos/airflow/airflow_venv/lib/python3.10/site-packages/airflow/example_dags/example_nested_branch_dag.py
[2024-12-09T16:29:51.203-0300] {processor.py:830} INFO - Processing file /home/beatriz/Documentos/airflow/airflow_venv/lib/python3.10/site-packages/airflow/example_dags/example_nested_branch_dag.py for tasks to queue
[2024-12-09T16:29:51.206-0300] {logging_mixin.py:188} INFO - [2024-12-09T16:29:51.205-0300] {dagbag.py:540} INFO - Filling up the DagBag from /home/beatriz/Documentos/airflow/airflow_venv/lib/python3.10/site-packages/airflow/example_dags/example_nested_branch_dag.py
[2024-12-09T16:29:51.221-0300] {processor.py:840} INFO - DAG(s) 'example_nested_branch_dag' retrieved from /home/beatriz/Documentos/airflow/airflow_venv/lib/python3.10/site-packages/airflow/example_dags/example_nested_branch_dag.py
[2024-12-09T16:29:51.237-0300] {logging_mixin.py:188} INFO - [2024-12-09T16:29:51.237-0300] {dag.py:3096} INFO - Sync 1 DAGs
[2024-12-09T16:29:51.254-0300] {logging_mixin.py:188} INFO - [2024-12-09T16:29:51.253-0300] {dag.py:3954} INFO - Setting next_dagrun for example_nested_branch_dag to 2024-12-08 00:00:00+00:00, run_after=2024-12-09 00:00:00+00:00
[2024-12-09T16:29:51.271-0300] {processor.py:183} INFO - Processing /home/beatriz/Documentos/airflow/airflow_venv/lib/python3.10/site-packages/airflow/example_dags/example_nested_branch_dag.py took 0.079 seconds
[2024-12-09T16:47:14.165-0300] {processor.py:161} INFO - Started process (PID=24219) to work on /home/beatriz/Documentos/airflow/airflow_venv/lib/python3.10/site-packages/airflow/example_dags/example_nested_branch_dag.py
[2024-12-09T16:47:14.167-0300] {processor.py:830} INFO - Processing file /home/beatriz/Documentos/airflow/airflow_venv/lib/python3.10/site-packages/airflow/example_dags/example_nested_branch_dag.py for tasks to queue
[2024-12-09T16:47:14.168-0300] {logging_mixin.py:188} INFO - [2024-12-09T16:47:14.168-0300] {dagbag.py:540} INFO - Filling up the DagBag from /home/beatriz/Documentos/airflow/airflow_venv/lib/python3.10/site-packages/airflow/example_dags/example_nested_branch_dag.py
[2024-12-09T16:47:14.180-0300] {processor.py:840} INFO - DAG(s) 'example_nested_branch_dag' retrieved from /home/beatriz/Documentos/airflow/airflow_venv/lib/python3.10/site-packages/airflow/example_dags/example_nested_branch_dag.py
[2024-12-09T16:47:14.259-0300] {logging_mixin.py:188} INFO - [2024-12-09T16:47:14.259-0300] {dag.py:3096} INFO - Sync 1 DAGs
[2024-12-09T16:47:14.271-0300] {logging_mixin.py:188} INFO - [2024-12-09T16:47:14.271-0300] {dag.py:3954} INFO - Setting next_dagrun for example_nested_branch_dag to 2024-12-08 00:00:00+00:00, run_after=2024-12-09 00:00:00+00:00
[2024-12-09T16:47:14.291-0300] {processor.py:183} INFO - Processing /home/beatriz/Documentos/airflow/airflow_venv/lib/python3.10/site-packages/airflow/example_dags/example_nested_branch_dag.py took 0.131 seconds
[2024-12-09T16:48:12.130-0300] {processor.py:161} INFO - Started process (PID=24826) to work on /home/beatriz/Documentos/airflow/airflow_venv/lib/python3.10/site-packages/airflow/example_dags/example_nested_branch_dag.py
[2024-12-09T16:48:12.131-0300] {processor.py:830} INFO - Processing file /home/beatriz/Documentos/airflow/airflow_venv/lib/python3.10/site-packages/airflow/example_dags/example_nested_branch_dag.py for tasks to queue
[2024-12-09T16:48:12.132-0300] {logging_mixin.py:188} INFO - [2024-12-09T16:48:12.132-0300] {dagbag.py:540} INFO - Filling up the DagBag from /home/beatriz/Documentos/airflow/airflow_venv/lib/python3.10/site-packages/airflow/example_dags/example_nested_branch_dag.py
[2024-12-09T16:48:12.146-0300] {processor.py:840} INFO - DAG(s) 'example_nested_branch_dag' retrieved from /home/beatriz/Documentos/airflow/airflow_venv/lib/python3.10/site-packages/airflow/example_dags/example_nested_branch_dag.py
[2024-12-09T16:48:12.168-0300] {logging_mixin.py:188} INFO - [2024-12-09T16:48:12.168-0300] {dag.py:3096} INFO - Sync 1 DAGs
[2024-12-09T16:48:12.193-0300] {logging_mixin.py:188} INFO - [2024-12-09T16:48:12.193-0300] {dag.py:3954} INFO - Setting next_dagrun for example_nested_branch_dag to 2024-12-08 00:00:00+00:00, run_after=2024-12-09 00:00:00+00:00
[2024-12-09T16:48:12.226-0300] {processor.py:183} INFO - Processing /home/beatriz/Documentos/airflow/airflow_venv/lib/python3.10/site-packages/airflow/example_dags/example_nested_branch_dag.py took 0.102 seconds
[2024-12-09T16:49:05.008-0300] {processor.py:161} INFO - Started process (PID=25139) to work on /home/beatriz/Documentos/airflow/airflow_venv/lib/python3.10/site-packages/airflow/example_dags/example_nested_branch_dag.py
[2024-12-09T16:49:05.011-0300] {processor.py:830} INFO - Processing file /home/beatriz/Documentos/airflow/airflow_venv/lib/python3.10/site-packages/airflow/example_dags/example_nested_branch_dag.py for tasks to queue
[2024-12-09T16:49:05.013-0300] {logging_mixin.py:188} INFO - [2024-12-09T16:49:05.013-0300] {dagbag.py:540} INFO - Filling up the DagBag from /home/beatriz/Documentos/airflow/airflow_venv/lib/python3.10/site-packages/airflow/example_dags/example_nested_branch_dag.py
[2024-12-09T16:49:05.030-0300] {processor.py:840} INFO - DAG(s) 'example_nested_branch_dag' retrieved from /home/beatriz/Documentos/airflow/airflow_venv/lib/python3.10/site-packages/airflow/example_dags/example_nested_branch_dag.py
[2024-12-09T16:49:05.046-0300] {logging_mixin.py:188} INFO - [2024-12-09T16:49:05.045-0300] {dag.py:3096} INFO - Sync 1 DAGs
[2024-12-09T16:49:05.061-0300] {logging_mixin.py:188} INFO - [2024-12-09T16:49:05.061-0300] {dag.py:3954} INFO - Setting next_dagrun for example_nested_branch_dag to 2024-12-08 00:00:00+00:00, run_after=2024-12-09 00:00:00+00:00
[2024-12-09T16:49:05.080-0300] {processor.py:183} INFO - Processing /home/beatriz/Documentos/airflow/airflow_venv/lib/python3.10/site-packages/airflow/example_dags/example_nested_branch_dag.py took 0.085 seconds
[2024-12-09T16:49:56.487-0300] {processor.py:161} INFO - Started process (PID=25496) to work on /home/beatriz/Documentos/airflow/airflow_venv/lib/python3.10/site-packages/airflow/example_dags/example_nested_branch_dag.py
[2024-12-09T16:49:56.490-0300] {processor.py:830} INFO - Processing file /home/beatriz/Documentos/airflow/airflow_venv/lib/python3.10/site-packages/airflow/example_dags/example_nested_branch_dag.py for tasks to queue
[2024-12-09T16:49:56.492-0300] {logging_mixin.py:188} INFO - [2024-12-09T16:49:56.492-0300] {dagbag.py:540} INFO - Filling up the DagBag from /home/beatriz/Documentos/airflow/airflow_venv/lib/python3.10/site-packages/airflow/example_dags/example_nested_branch_dag.py
[2024-12-09T16:49:56.510-0300] {processor.py:840} INFO - DAG(s) 'example_nested_branch_dag' retrieved from /home/beatriz/Documentos/airflow/airflow_venv/lib/python3.10/site-packages/airflow/example_dags/example_nested_branch_dag.py
[2024-12-09T16:49:56.525-0300] {logging_mixin.py:188} INFO - [2024-12-09T16:49:56.525-0300] {dag.py:3096} INFO - Sync 1 DAGs
[2024-12-09T16:49:56.541-0300] {logging_mixin.py:188} INFO - [2024-12-09T16:49:56.540-0300] {dag.py:3954} INFO - Setting next_dagrun for example_nested_branch_dag to 2024-12-08 00:00:00+00:00, run_after=2024-12-09 00:00:00+00:00
[2024-12-09T16:49:56.558-0300] {processor.py:183} INFO - Processing /home/beatriz/Documentos/airflow/airflow_venv/lib/python3.10/site-packages/airflow/example_dags/example_nested_branch_dag.py took 0.083 seconds
[2024-12-09T16:50:50.541-0300] {processor.py:161} INFO - Started process (PID=26066) to work on /home/beatriz/Documentos/airflow/airflow_venv/lib/python3.10/site-packages/airflow/example_dags/example_nested_branch_dag.py
[2024-12-09T16:50:50.542-0300] {processor.py:830} INFO - Processing file /home/beatriz/Documentos/airflow/airflow_venv/lib/python3.10/site-packages/airflow/example_dags/example_nested_branch_dag.py for tasks to queue
[2024-12-09T16:50:50.543-0300] {logging_mixin.py:188} INFO - [2024-12-09T16:50:50.543-0300] {dagbag.py:540} INFO - Filling up the DagBag from /home/beatriz/Documentos/airflow/airflow_venv/lib/python3.10/site-packages/airflow/example_dags/example_nested_branch_dag.py
[2024-12-09T16:50:50.551-0300] {processor.py:840} INFO - DAG(s) 'example_nested_branch_dag' retrieved from /home/beatriz/Documentos/airflow/airflow_venv/lib/python3.10/site-packages/airflow/example_dags/example_nested_branch_dag.py
[2024-12-09T16:50:50.565-0300] {logging_mixin.py:188} INFO - [2024-12-09T16:50:50.565-0300] {dag.py:3096} INFO - Sync 1 DAGs
[2024-12-09T16:50:50.580-0300] {logging_mixin.py:188} INFO - [2024-12-09T16:50:50.580-0300] {dag.py:3954} INFO - Setting next_dagrun for example_nested_branch_dag to 2024-12-08 00:00:00+00:00, run_after=2024-12-09 00:00:00+00:00
[2024-12-09T16:50:50.601-0300] {processor.py:183} INFO - Processing /home/beatriz/Documentos/airflow/airflow_venv/lib/python3.10/site-packages/airflow/example_dags/example_nested_branch_dag.py took 0.064 seconds
[2024-12-09T16:51:46.233-0300] {processor.py:161} INFO - Started process (PID=26656) to work on /home/beatriz/Documentos/airflow/airflow_venv/lib/python3.10/site-packages/airflow/example_dags/example_nested_branch_dag.py
[2024-12-09T16:51:46.235-0300] {processor.py:830} INFO - Processing file /home/beatriz/Documentos/airflow/airflow_venv/lib/python3.10/site-packages/airflow/example_dags/example_nested_branch_dag.py for tasks to queue
[2024-12-09T16:51:46.237-0300] {logging_mixin.py:188} INFO - [2024-12-09T16:51:46.237-0300] {dagbag.py:540} INFO - Filling up the DagBag from /home/beatriz/Documentos/airflow/airflow_venv/lib/python3.10/site-packages/airflow/example_dags/example_nested_branch_dag.py
[2024-12-09T16:51:46.254-0300] {processor.py:840} INFO - DAG(s) 'example_nested_branch_dag' retrieved from /home/beatriz/Documentos/airflow/airflow_venv/lib/python3.10/site-packages/airflow/example_dags/example_nested_branch_dag.py
[2024-12-09T16:51:46.270-0300] {logging_mixin.py:188} INFO - [2024-12-09T16:51:46.270-0300] {dag.py:3096} INFO - Sync 1 DAGs
[2024-12-09T16:51:46.286-0300] {logging_mixin.py:188} INFO - [2024-12-09T16:51:46.286-0300] {dag.py:3954} INFO - Setting next_dagrun for example_nested_branch_dag to 2024-12-08 00:00:00+00:00, run_after=2024-12-09 00:00:00+00:00
[2024-12-09T16:51:46.305-0300] {processor.py:183} INFO - Processing /home/beatriz/Documentos/airflow/airflow_venv/lib/python3.10/site-packages/airflow/example_dags/example_nested_branch_dag.py took 0.085 seconds
[2024-12-09T16:52:38.990-0300] {processor.py:161} INFO - Started process (PID=27144) to work on /home/beatriz/Documentos/airflow/airflow_venv/lib/python3.10/site-packages/airflow/example_dags/example_nested_branch_dag.py
[2024-12-09T16:52:38.992-0300] {processor.py:830} INFO - Processing file /home/beatriz/Documentos/airflow/airflow_venv/lib/python3.10/site-packages/airflow/example_dags/example_nested_branch_dag.py for tasks to queue
[2024-12-09T16:52:38.994-0300] {logging_mixin.py:188} INFO - [2024-12-09T16:52:38.993-0300] {dagbag.py:540} INFO - Filling up the DagBag from /home/beatriz/Documentos/airflow/airflow_venv/lib/python3.10/site-packages/airflow/example_dags/example_nested_branch_dag.py
[2024-12-09T16:52:39.011-0300] {processor.py:840} INFO - DAG(s) 'example_nested_branch_dag' retrieved from /home/beatriz/Documentos/airflow/airflow_venv/lib/python3.10/site-packages/airflow/example_dags/example_nested_branch_dag.py
[2024-12-09T16:52:39.026-0300] {logging_mixin.py:188} INFO - [2024-12-09T16:52:39.026-0300] {dag.py:3096} INFO - Sync 1 DAGs
[2024-12-09T16:52:39.043-0300] {logging_mixin.py:188} INFO - [2024-12-09T16:52:39.042-0300] {dag.py:3954} INFO - Setting next_dagrun for example_nested_branch_dag to 2024-12-08 00:00:00+00:00, run_after=2024-12-09 00:00:00+00:00
[2024-12-09T16:52:39.061-0300] {processor.py:183} INFO - Processing /home/beatriz/Documentos/airflow/airflow_venv/lib/python3.10/site-packages/airflow/example_dags/example_nested_branch_dag.py took 0.084 seconds
[2024-12-09T16:53:30.668-0300] {processor.py:161} INFO - Started process (PID=27481) to work on /home/beatriz/Documentos/airflow/airflow_venv/lib/python3.10/site-packages/airflow/example_dags/example_nested_branch_dag.py
[2024-12-09T16:53:30.670-0300] {processor.py:830} INFO - Processing file /home/beatriz/Documentos/airflow/airflow_venv/lib/python3.10/site-packages/airflow/example_dags/example_nested_branch_dag.py for tasks to queue
[2024-12-09T16:53:30.672-0300] {logging_mixin.py:188} INFO - [2024-12-09T16:53:30.671-0300] {dagbag.py:540} INFO - Filling up the DagBag from /home/beatriz/Documentos/airflow/airflow_venv/lib/python3.10/site-packages/airflow/example_dags/example_nested_branch_dag.py
[2024-12-09T16:53:30.693-0300] {processor.py:840} INFO - DAG(s) 'example_nested_branch_dag' retrieved from /home/beatriz/Documentos/airflow/airflow_venv/lib/python3.10/site-packages/airflow/example_dags/example_nested_branch_dag.py
[2024-12-09T16:53:30.715-0300] {logging_mixin.py:188} INFO - [2024-12-09T16:53:30.715-0300] {dag.py:3096} INFO - Sync 1 DAGs
[2024-12-09T16:53:30.734-0300] {logging_mixin.py:188} INFO - [2024-12-09T16:53:30.734-0300] {dag.py:3954} INFO - Setting next_dagrun for example_nested_branch_dag to 2024-12-08 00:00:00+00:00, run_after=2024-12-09 00:00:00+00:00
[2024-12-09T16:53:30.762-0300] {processor.py:183} INFO - Processing /home/beatriz/Documentos/airflow/airflow_venv/lib/python3.10/site-packages/airflow/example_dags/example_nested_branch_dag.py took 0.108 seconds
[2024-12-09T16:54:29.160-0300] {processor.py:161} INFO - Started process (PID=27926) to work on /home/beatriz/Documentos/airflow/airflow_venv/lib/python3.10/site-packages/airflow/example_dags/example_nested_branch_dag.py
[2024-12-09T16:54:29.162-0300] {processor.py:830} INFO - Processing file /home/beatriz/Documentos/airflow/airflow_venv/lib/python3.10/site-packages/airflow/example_dags/example_nested_branch_dag.py for tasks to queue
[2024-12-09T16:54:29.164-0300] {logging_mixin.py:188} INFO - [2024-12-09T16:54:29.163-0300] {dagbag.py:540} INFO - Filling up the DagBag from /home/beatriz/Documentos/airflow/airflow_venv/lib/python3.10/site-packages/airflow/example_dags/example_nested_branch_dag.py
[2024-12-09T16:54:29.182-0300] {processor.py:840} INFO - DAG(s) 'example_nested_branch_dag' retrieved from /home/beatriz/Documentos/airflow/airflow_venv/lib/python3.10/site-packages/airflow/example_dags/example_nested_branch_dag.py
[2024-12-09T16:54:29.201-0300] {logging_mixin.py:188} INFO - [2024-12-09T16:54:29.200-0300] {dag.py:3096} INFO - Sync 1 DAGs
[2024-12-09T16:54:29.217-0300] {logging_mixin.py:188} INFO - [2024-12-09T16:54:29.217-0300] {dag.py:3954} INFO - Setting next_dagrun for example_nested_branch_dag to 2024-12-08 00:00:00+00:00, run_after=2024-12-09 00:00:00+00:00
[2024-12-09T16:54:29.235-0300] {processor.py:183} INFO - Processing /home/beatriz/Documentos/airflow/airflow_venv/lib/python3.10/site-packages/airflow/example_dags/example_nested_branch_dag.py took 0.087 seconds
[2024-12-09T16:55:39.842-0300] {processor.py:161} INFO - Started process (PID=28580) to work on /home/beatriz/Documentos/airflow/airflow_venv/lib/python3.10/site-packages/airflow/example_dags/example_nested_branch_dag.py
[2024-12-09T16:55:39.843-0300] {processor.py:830} INFO - Processing file /home/beatriz/Documentos/airflow/airflow_venv/lib/python3.10/site-packages/airflow/example_dags/example_nested_branch_dag.py for tasks to queue
[2024-12-09T16:55:39.844-0300] {logging_mixin.py:188} INFO - [2024-12-09T16:55:39.844-0300] {dagbag.py:540} INFO - Filling up the DagBag from /home/beatriz/Documentos/airflow/airflow_venv/lib/python3.10/site-packages/airflow/example_dags/example_nested_branch_dag.py
[2024-12-09T16:55:39.853-0300] {processor.py:840} INFO - DAG(s) 'example_nested_branch_dag' retrieved from /home/beatriz/Documentos/airflow/airflow_venv/lib/python3.10/site-packages/airflow/example_dags/example_nested_branch_dag.py
[2024-12-09T16:55:39.867-0300] {logging_mixin.py:188} INFO - [2024-12-09T16:55:39.866-0300] {dag.py:3096} INFO - Sync 1 DAGs
[2024-12-09T16:55:39.882-0300] {logging_mixin.py:188} INFO - [2024-12-09T16:55:39.882-0300] {dag.py:3954} INFO - Setting next_dagrun for example_nested_branch_dag to 2024-12-08 00:00:00+00:00, run_after=2024-12-09 00:00:00+00:00
[2024-12-09T16:55:39.900-0300] {processor.py:183} INFO - Processing /home/beatriz/Documentos/airflow/airflow_venv/lib/python3.10/site-packages/airflow/example_dags/example_nested_branch_dag.py took 0.062 seconds
[2024-12-09T17:00:01.605-0300] {processor.py:161} INFO - Started process (PID=29461) to work on /home/beatriz/Documentos/airflow/airflow_venv/lib/python3.10/site-packages/airflow/example_dags/example_nested_branch_dag.py
[2024-12-09T17:00:01.623-0300] {processor.py:830} INFO - Processing file /home/beatriz/Documentos/airflow/airflow_venv/lib/python3.10/site-packages/airflow/example_dags/example_nested_branch_dag.py for tasks to queue
[2024-12-09T17:00:01.748-0300] {logging_mixin.py:188} INFO - [2024-12-09T17:00:01.624-0300] {dagbag.py:540} INFO - Filling up the DagBag from /home/beatriz/Documentos/airflow/airflow_venv/lib/python3.10/site-packages/airflow/example_dags/example_nested_branch_dag.py
[2024-12-09T17:00:01.860-0300] {processor.py:840} INFO - DAG(s) 'example_nested_branch_dag' retrieved from /home/beatriz/Documentos/airflow/airflow_venv/lib/python3.10/site-packages/airflow/example_dags/example_nested_branch_dag.py
[2024-12-09T17:00:01.951-0300] {logging_mixin.py:188} INFO - [2024-12-09T17:00:01.950-0300] {dag.py:3096} INFO - Sync 1 DAGs
[2024-12-09T17:00:01.984-0300] {logging_mixin.py:188} INFO - [2024-12-09T17:00:01.982-0300] {dag.py:3954} INFO - Setting next_dagrun for example_nested_branch_dag to 2024-12-08 00:00:00+00:00, run_after=2024-12-09 00:00:00+00:00
[2024-12-09T17:00:02.676-0300] {processor.py:183} INFO - Processing /home/beatriz/Documentos/airflow/airflow_venv/lib/python3.10/site-packages/airflow/example_dags/example_nested_branch_dag.py took 1.088 seconds
[2024-12-09T17:02:57.942-0300] {processor.py:161} INFO - Started process (PID=29732) to work on /home/beatriz/Documentos/airflow/airflow_venv/lib/python3.10/site-packages/airflow/example_dags/example_nested_branch_dag.py
[2024-12-09T17:02:57.950-0300] {processor.py:830} INFO - Processing file /home/beatriz/Documentos/airflow/airflow_venv/lib/python3.10/site-packages/airflow/example_dags/example_nested_branch_dag.py for tasks to queue
[2024-12-09T17:02:58.014-0300] {logging_mixin.py:188} INFO - [2024-12-09T17:02:57.952-0300] {dagbag.py:540} INFO - Filling up the DagBag from /home/beatriz/Documentos/airflow/airflow_venv/lib/python3.10/site-packages/airflow/example_dags/example_nested_branch_dag.py
[2024-12-09T17:02:58.081-0300] {processor.py:840} INFO - DAG(s) 'example_nested_branch_dag' retrieved from /home/beatriz/Documentos/airflow/airflow_venv/lib/python3.10/site-packages/airflow/example_dags/example_nested_branch_dag.py
[2024-12-09T17:02:58.207-0300] {logging_mixin.py:188} INFO - [2024-12-09T17:02:58.206-0300] {dag.py:3096} INFO - Sync 1 DAGs
[2024-12-09T17:02:58.255-0300] {logging_mixin.py:188} INFO - [2024-12-09T17:02:58.254-0300] {dag.py:3954} INFO - Setting next_dagrun for example_nested_branch_dag to 2024-12-08 00:00:00+00:00, run_after=2024-12-09 00:00:00+00:00
[2024-12-09T17:02:58.407-0300] {processor.py:183} INFO - Processing /home/beatriz/Documentos/airflow/airflow_venv/lib/python3.10/site-packages/airflow/example_dags/example_nested_branch_dag.py took 0.488 seconds
[2024-12-09T17:05:24.837-0300] {processor.py:161} INFO - Started process (PID=30470) to work on /home/beatriz/Documentos/airflow/airflow_venv/lib/python3.10/site-packages/airflow/example_dags/example_nested_branch_dag.py
[2024-12-09T17:05:24.839-0300] {processor.py:830} INFO - Processing file /home/beatriz/Documentos/airflow/airflow_venv/lib/python3.10/site-packages/airflow/example_dags/example_nested_branch_dag.py for tasks to queue
[2024-12-09T17:05:24.842-0300] {logging_mixin.py:188} INFO - [2024-12-09T17:05:24.841-0300] {dagbag.py:540} INFO - Filling up the DagBag from /home/beatriz/Documentos/airflow/airflow_venv/lib/python3.10/site-packages/airflow/example_dags/example_nested_branch_dag.py
[2024-12-09T17:05:24.857-0300] {processor.py:840} INFO - DAG(s) 'example_nested_branch_dag' retrieved from /home/beatriz/Documentos/airflow/airflow_venv/lib/python3.10/site-packages/airflow/example_dags/example_nested_branch_dag.py
[2024-12-09T17:05:24.871-0300] {logging_mixin.py:188} INFO - [2024-12-09T17:05:24.870-0300] {dag.py:3096} INFO - Sync 1 DAGs
[2024-12-09T17:05:24.886-0300] {logging_mixin.py:188} INFO - [2024-12-09T17:05:24.885-0300] {dag.py:3954} INFO - Setting next_dagrun for example_nested_branch_dag to 2024-12-08 00:00:00+00:00, run_after=2024-12-09 00:00:00+00:00
[2024-12-09T17:05:24.903-0300] {processor.py:183} INFO - Processing /home/beatriz/Documentos/airflow/airflow_venv/lib/python3.10/site-packages/airflow/example_dags/example_nested_branch_dag.py took 0.077 seconds
