[2024-12-09T15:00:21.046-0300] {processor.py:161} INFO - Started process (PID=28645) to work on /home/beatriz/Documentos/airflow/airflow_venv/lib/python3.10/site-packages/airflow/example_dags/example_latest_only_with_trigger.py
[2024-12-09T15:00:21.047-0300] {processor.py:830} INFO - Processing file /home/beatriz/Documentos/airflow/airflow_venv/lib/python3.10/site-packages/airflow/example_dags/example_latest_only_with_trigger.py for tasks to queue
[2024-12-09T15:00:21.050-0300] {logging_mixin.py:188} INFO - [2024-12-09T15:00:21.050-0300] {dagbag.py:540} INFO - Filling up the DagBag from /home/beatriz/Documentos/airflow/airflow_venv/lib/python3.10/site-packages/airflow/example_dags/example_latest_only_with_trigger.py
[2024-12-09T15:00:21.062-0300] {processor.py:840} INFO - DAG(s) 'latest_only_with_trigger' retrieved from /home/beatriz/Documentos/airflow/airflow_venv/lib/python3.10/site-packages/airflow/example_dags/example_latest_only_with_trigger.py
[2024-12-09T15:00:21.137-0300] {logging_mixin.py:188} INFO - [2024-12-09T15:00:21.137-0300] {dag.py:3096} INFO - Sync 1 DAGs
[2024-12-09T15:00:21.149-0300] {logging_mixin.py:188} INFO - [2024-12-09T15:00:21.149-0300] {dag.py:3954} INFO - Setting next_dagrun for latest_only_with_trigger to 2024-12-09 12:00:00+00:00, run_after=2024-12-09 16:00:00+00:00
[2024-12-09T15:00:21.164-0300] {processor.py:183} INFO - Processing /home/beatriz/Documentos/airflow/airflow_venv/lib/python3.10/site-packages/airflow/example_dags/example_latest_only_with_trigger.py took 0.129 seconds
[2024-12-09T15:01:23.983-0300] {processor.py:161} INFO - Started process (PID=29220) to work on /home/beatriz/Documentos/airflow/airflow_venv/lib/python3.10/site-packages/airflow/example_dags/example_latest_only_with_trigger.py
[2024-12-09T15:01:23.984-0300] {processor.py:830} INFO - Processing file /home/beatriz/Documentos/airflow/airflow_venv/lib/python3.10/site-packages/airflow/example_dags/example_latest_only_with_trigger.py for tasks to queue
[2024-12-09T15:01:23.985-0300] {logging_mixin.py:188} INFO - [2024-12-09T15:01:23.985-0300] {dagbag.py:540} INFO - Filling up the DagBag from /home/beatriz/Documentos/airflow/airflow_venv/lib/python3.10/site-packages/airflow/example_dags/example_latest_only_with_trigger.py
[2024-12-09T15:01:23.991-0300] {processor.py:840} INFO - DAG(s) 'latest_only_with_trigger' retrieved from /home/beatriz/Documentos/airflow/airflow_venv/lib/python3.10/site-packages/airflow/example_dags/example_latest_only_with_trigger.py
[2024-12-09T15:01:24.007-0300] {logging_mixin.py:188} INFO - [2024-12-09T15:01:24.007-0300] {dag.py:3096} INFO - Sync 1 DAGs
[2024-12-09T15:01:24.032-0300] {logging_mixin.py:188} INFO - [2024-12-09T15:01:24.031-0300] {dag.py:3954} INFO - Setting next_dagrun for latest_only_with_trigger to 2024-12-09 12:00:00+00:00, run_after=2024-12-09 16:00:00+00:00
[2024-12-09T15:01:24.050-0300] {processor.py:183} INFO - Processing /home/beatriz/Documentos/airflow/airflow_venv/lib/python3.10/site-packages/airflow/example_dags/example_latest_only_with_trigger.py took 0.071 seconds
[2024-12-09T15:02:21.635-0300] {processor.py:161} INFO - Started process (PID=29646) to work on /home/beatriz/Documentos/airflow/airflow_venv/lib/python3.10/site-packages/airflow/example_dags/example_latest_only_with_trigger.py
[2024-12-09T15:02:21.637-0300] {processor.py:830} INFO - Processing file /home/beatriz/Documentos/airflow/airflow_venv/lib/python3.10/site-packages/airflow/example_dags/example_latest_only_with_trigger.py for tasks to queue
[2024-12-09T15:02:21.640-0300] {logging_mixin.py:188} INFO - [2024-12-09T15:02:21.640-0300] {dagbag.py:540} INFO - Filling up the DagBag from /home/beatriz/Documentos/airflow/airflow_venv/lib/python3.10/site-packages/airflow/example_dags/example_latest_only_with_trigger.py
[2024-12-09T15:02:21.657-0300] {processor.py:840} INFO - DAG(s) 'latest_only_with_trigger' retrieved from /home/beatriz/Documentos/airflow/airflow_venv/lib/python3.10/site-packages/airflow/example_dags/example_latest_only_with_trigger.py
[2024-12-09T15:02:21.680-0300] {logging_mixin.py:188} INFO - [2024-12-09T15:02:21.680-0300] {dag.py:3096} INFO - Sync 1 DAGs
[2024-12-09T15:02:21.694-0300] {logging_mixin.py:188} INFO - [2024-12-09T15:02:21.694-0300] {dag.py:3954} INFO - Setting next_dagrun for latest_only_with_trigger to 2024-12-09 12:00:00+00:00, run_after=2024-12-09 16:00:00+00:00
[2024-12-09T15:02:21.711-0300] {processor.py:183} INFO - Processing /home/beatriz/Documentos/airflow/airflow_venv/lib/python3.10/site-packages/airflow/example_dags/example_latest_only_with_trigger.py took 0.088 seconds
[2024-12-09T15:04:05.302-0300] {processor.py:161} INFO - Started process (PID=30965) to work on /home/beatriz/Documentos/airflow/airflow_venv/lib/python3.10/site-packages/airflow/example_dags/example_latest_only_with_trigger.py
[2024-12-09T15:04:05.303-0300] {processor.py:830} INFO - Processing file /home/beatriz/Documentos/airflow/airflow_venv/lib/python3.10/site-packages/airflow/example_dags/example_latest_only_with_trigger.py for tasks to queue
[2024-12-09T15:04:05.305-0300] {logging_mixin.py:188} INFO - [2024-12-09T15:04:05.305-0300] {dagbag.py:540} INFO - Filling up the DagBag from /home/beatriz/Documentos/airflow/airflow_venv/lib/python3.10/site-packages/airflow/example_dags/example_latest_only_with_trigger.py
[2024-12-09T15:04:05.312-0300] {processor.py:840} INFO - DAG(s) 'latest_only_with_trigger' retrieved from /home/beatriz/Documentos/airflow/airflow_venv/lib/python3.10/site-packages/airflow/example_dags/example_latest_only_with_trigger.py
[2024-12-09T15:04:05.386-0300] {logging_mixin.py:188} INFO - [2024-12-09T15:04:05.386-0300] {dag.py:3096} INFO - Sync 1 DAGs
[2024-12-09T15:04:05.398-0300] {logging_mixin.py:188} INFO - [2024-12-09T15:04:05.397-0300] {dag.py:3954} INFO - Setting next_dagrun for latest_only_with_trigger to 2024-12-09 12:00:00+00:00, run_after=2024-12-09 16:00:00+00:00
[2024-12-09T15:04:05.417-0300] {processor.py:183} INFO - Processing /home/beatriz/Documentos/airflow/airflow_venv/lib/python3.10/site-packages/airflow/example_dags/example_latest_only_with_trigger.py took 0.120 seconds
[2024-12-09T15:05:05.895-0300] {processor.py:161} INFO - Started process (PID=31688) to work on /home/beatriz/Documentos/airflow/airflow_venv/lib/python3.10/site-packages/airflow/example_dags/example_latest_only_with_trigger.py
[2024-12-09T15:05:05.896-0300] {processor.py:830} INFO - Processing file /home/beatriz/Documentos/airflow/airflow_venv/lib/python3.10/site-packages/airflow/example_dags/example_latest_only_with_trigger.py for tasks to queue
[2024-12-09T15:05:05.897-0300] {logging_mixin.py:188} INFO - [2024-12-09T15:05:05.896-0300] {dagbag.py:540} INFO - Filling up the DagBag from /home/beatriz/Documentos/airflow/airflow_venv/lib/python3.10/site-packages/airflow/example_dags/example_latest_only_with_trigger.py
[2024-12-09T15:05:05.901-0300] {processor.py:840} INFO - DAG(s) 'latest_only_with_trigger' retrieved from /home/beatriz/Documentos/airflow/airflow_venv/lib/python3.10/site-packages/airflow/example_dags/example_latest_only_with_trigger.py
[2024-12-09T15:05:05.970-0300] {logging_mixin.py:188} INFO - [2024-12-09T15:05:05.969-0300] {dag.py:3096} INFO - Sync 1 DAGs
[2024-12-09T15:05:05.981-0300] {logging_mixin.py:188} INFO - [2024-12-09T15:05:05.981-0300] {dag.py:3954} INFO - Setting next_dagrun for latest_only_with_trigger to 2024-12-09 12:00:00+00:00, run_after=2024-12-09 16:00:00+00:00
[2024-12-09T15:05:05.997-0300] {processor.py:183} INFO - Processing /home/beatriz/Documentos/airflow/airflow_venv/lib/python3.10/site-packages/airflow/example_dags/example_latest_only_with_trigger.py took 0.106 seconds
[2024-12-09T15:06:20.343-0300] {processor.py:161} INFO - Started process (PID=32476) to work on /home/beatriz/Documentos/airflow/airflow_venv/lib/python3.10/site-packages/airflow/example_dags/example_latest_only_with_trigger.py
[2024-12-09T15:06:20.347-0300] {processor.py:830} INFO - Processing file /home/beatriz/Documentos/airflow/airflow_venv/lib/python3.10/site-packages/airflow/example_dags/example_latest_only_with_trigger.py for tasks to queue
[2024-12-09T15:06:20.348-0300] {logging_mixin.py:188} INFO - [2024-12-09T15:06:20.348-0300] {dagbag.py:540} INFO - Filling up the DagBag from /home/beatriz/Documentos/airflow/airflow_venv/lib/python3.10/site-packages/airflow/example_dags/example_latest_only_with_trigger.py
[2024-12-09T15:06:20.354-0300] {processor.py:840} INFO - DAG(s) 'latest_only_with_trigger' retrieved from /home/beatriz/Documentos/airflow/airflow_venv/lib/python3.10/site-packages/airflow/example_dags/example_latest_only_with_trigger.py
[2024-12-09T15:06:20.450-0300] {logging_mixin.py:188} INFO - [2024-12-09T15:06:20.449-0300] {dag.py:3096} INFO - Sync 1 DAGs
[2024-12-09T15:06:20.464-0300] {logging_mixin.py:188} INFO - [2024-12-09T15:06:20.464-0300] {dag.py:3954} INFO - Setting next_dagrun for latest_only_with_trigger to 2024-12-09 12:00:00+00:00, run_after=2024-12-09 16:00:00+00:00
[2024-12-09T15:06:20.512-0300] {processor.py:183} INFO - Processing /home/beatriz/Documentos/airflow/airflow_venv/lib/python3.10/site-packages/airflow/example_dags/example_latest_only_with_trigger.py took 0.173 seconds
[2024-12-09T15:07:25.789-0300] {processor.py:161} INFO - Started process (PID=32957) to work on /home/beatriz/Documentos/airflow/airflow_venv/lib/python3.10/site-packages/airflow/example_dags/example_latest_only_with_trigger.py
[2024-12-09T15:07:25.790-0300] {processor.py:830} INFO - Processing file /home/beatriz/Documentos/airflow/airflow_venv/lib/python3.10/site-packages/airflow/example_dags/example_latest_only_with_trigger.py for tasks to queue
[2024-12-09T15:07:25.792-0300] {logging_mixin.py:188} INFO - [2024-12-09T15:07:25.791-0300] {dagbag.py:540} INFO - Filling up the DagBag from /home/beatriz/Documentos/airflow/airflow_venv/lib/python3.10/site-packages/airflow/example_dags/example_latest_only_with_trigger.py
[2024-12-09T15:07:25.798-0300] {processor.py:840} INFO - DAG(s) 'latest_only_with_trigger' retrieved from /home/beatriz/Documentos/airflow/airflow_venv/lib/python3.10/site-packages/airflow/example_dags/example_latest_only_with_trigger.py
[2024-12-09T15:07:25.811-0300] {logging_mixin.py:188} INFO - [2024-12-09T15:07:25.810-0300] {dag.py:3096} INFO - Sync 1 DAGs
[2024-12-09T15:07:25.827-0300] {logging_mixin.py:188} INFO - [2024-12-09T15:07:25.826-0300] {dag.py:3954} INFO - Setting next_dagrun for latest_only_with_trigger to 2024-12-09 12:00:00+00:00, run_after=2024-12-09 16:00:00+00:00
[2024-12-09T15:07:25.843-0300] {processor.py:183} INFO - Processing /home/beatriz/Documentos/airflow/airflow_venv/lib/python3.10/site-packages/airflow/example_dags/example_latest_only_with_trigger.py took 0.058 seconds
[2024-12-09T15:08:24.316-0300] {processor.py:161} INFO - Started process (PID=33383) to work on /home/beatriz/Documentos/airflow/airflow_venv/lib/python3.10/site-packages/airflow/example_dags/example_latest_only_with_trigger.py
[2024-12-09T15:08:24.323-0300] {processor.py:830} INFO - Processing file /home/beatriz/Documentos/airflow/airflow_venv/lib/python3.10/site-packages/airflow/example_dags/example_latest_only_with_trigger.py for tasks to queue
[2024-12-09T15:08:24.384-0300] {logging_mixin.py:188} INFO - [2024-12-09T15:08:24.325-0300] {dagbag.py:540} INFO - Filling up the DagBag from /home/beatriz/Documentos/airflow/airflow_venv/lib/python3.10/site-packages/airflow/example_dags/example_latest_only_with_trigger.py
[2024-12-09T15:08:24.486-0300] {processor.py:840} INFO - DAG(s) 'latest_only_with_trigger' retrieved from /home/beatriz/Documentos/airflow/airflow_venv/lib/python3.10/site-packages/airflow/example_dags/example_latest_only_with_trigger.py
[2024-12-09T15:08:24.550-0300] {logging_mixin.py:188} INFO - [2024-12-09T15:08:24.550-0300] {dag.py:3096} INFO - Sync 1 DAGs
[2024-12-09T15:08:24.661-0300] {logging_mixin.py:188} INFO - [2024-12-09T15:08:24.660-0300] {dag.py:3954} INFO - Setting next_dagrun for latest_only_with_trigger to 2024-12-09 12:00:00+00:00, run_after=2024-12-09 16:00:00+00:00
[2024-12-09T15:08:24.875-0300] {processor.py:183} INFO - Processing /home/beatriz/Documentos/airflow/airflow_venv/lib/python3.10/site-packages/airflow/example_dags/example_latest_only_with_trigger.py took 0.569 seconds
[2024-12-09T15:11:03.809-0300] {processor.py:161} INFO - Started process (PID=34326) to work on /home/beatriz/Documentos/airflow/airflow_venv/lib/python3.10/site-packages/airflow/example_dags/example_latest_only_with_trigger.py
[2024-12-09T15:11:03.809-0300] {processor.py:830} INFO - Processing file /home/beatriz/Documentos/airflow/airflow_venv/lib/python3.10/site-packages/airflow/example_dags/example_latest_only_with_trigger.py for tasks to queue
[2024-12-09T15:11:03.810-0300] {logging_mixin.py:188} INFO - [2024-12-09T15:11:03.810-0300] {dagbag.py:540} INFO - Filling up the DagBag from /home/beatriz/Documentos/airflow/airflow_venv/lib/python3.10/site-packages/airflow/example_dags/example_latest_only_with_trigger.py
[2024-12-09T15:11:03.816-0300] {processor.py:840} INFO - DAG(s) 'latest_only_with_trigger' retrieved from /home/beatriz/Documentos/airflow/airflow_venv/lib/python3.10/site-packages/airflow/example_dags/example_latest_only_with_trigger.py
[2024-12-09T15:11:03.829-0300] {logging_mixin.py:188} INFO - [2024-12-09T15:11:03.828-0300] {dag.py:3096} INFO - Sync 1 DAGs
[2024-12-09T15:11:03.843-0300] {logging_mixin.py:188} INFO - [2024-12-09T15:11:03.843-0300] {dag.py:3954} INFO - Setting next_dagrun for latest_only_with_trigger to 2024-12-09 12:00:00+00:00, run_after=2024-12-09 16:00:00+00:00
[2024-12-09T15:11:03.860-0300] {processor.py:183} INFO - Processing /home/beatriz/Documentos/airflow/airflow_venv/lib/python3.10/site-packages/airflow/example_dags/example_latest_only_with_trigger.py took 0.056 seconds
[2024-12-09T15:12:38.713-0300] {processor.py:161} INFO - Started process (PID=34823) to work on /home/beatriz/Documentos/airflow/airflow_venv/lib/python3.10/site-packages/airflow/example_dags/example_latest_only_with_trigger.py
[2024-12-09T15:12:38.714-0300] {processor.py:830} INFO - Processing file /home/beatriz/Documentos/airflow/airflow_venv/lib/python3.10/site-packages/airflow/example_dags/example_latest_only_with_trigger.py for tasks to queue
[2024-12-09T15:12:38.715-0300] {logging_mixin.py:188} INFO - [2024-12-09T15:12:38.715-0300] {dagbag.py:540} INFO - Filling up the DagBag from /home/beatriz/Documentos/airflow/airflow_venv/lib/python3.10/site-packages/airflow/example_dags/example_latest_only_with_trigger.py
[2024-12-09T15:12:38.725-0300] {processor.py:840} INFO - DAG(s) 'latest_only_with_trigger' retrieved from /home/beatriz/Documentos/airflow/airflow_venv/lib/python3.10/site-packages/airflow/example_dags/example_latest_only_with_trigger.py
[2024-12-09T15:12:38.747-0300] {logging_mixin.py:188} INFO - [2024-12-09T15:12:38.746-0300] {dag.py:3096} INFO - Sync 1 DAGs
[2024-12-09T15:12:38.770-0300] {logging_mixin.py:188} INFO - [2024-12-09T15:12:38.769-0300] {dag.py:3954} INFO - Setting next_dagrun for latest_only_with_trigger to 2024-12-09 12:00:00+00:00, run_after=2024-12-09 16:00:00+00:00
[2024-12-09T15:12:38.792-0300] {processor.py:183} INFO - Processing /home/beatriz/Documentos/airflow/airflow_venv/lib/python3.10/site-packages/airflow/example_dags/example_latest_only_with_trigger.py took 0.088 seconds
[2024-12-09T15:14:10.173-0300] {processor.py:161} INFO - Started process (PID=36316) to work on /home/beatriz/Documentos/airflow/airflow_venv/lib/python3.10/site-packages/airflow/example_dags/example_latest_only_with_trigger.py
[2024-12-09T15:14:10.175-0300] {processor.py:830} INFO - Processing file /home/beatriz/Documentos/airflow/airflow_venv/lib/python3.10/site-packages/airflow/example_dags/example_latest_only_with_trigger.py for tasks to queue
[2024-12-09T15:14:10.176-0300] {logging_mixin.py:188} INFO - [2024-12-09T15:14:10.176-0300] {dagbag.py:540} INFO - Filling up the DagBag from /home/beatriz/Documentos/airflow/airflow_venv/lib/python3.10/site-packages/airflow/example_dags/example_latest_only_with_trigger.py
[2024-12-09T15:14:10.180-0300] {processor.py:840} INFO - DAG(s) 'latest_only_with_trigger' retrieved from /home/beatriz/Documentos/airflow/airflow_venv/lib/python3.10/site-packages/airflow/example_dags/example_latest_only_with_trigger.py
[2024-12-09T15:14:10.250-0300] {logging_mixin.py:188} INFO - [2024-12-09T15:14:10.250-0300] {dag.py:3096} INFO - Sync 1 DAGs
[2024-12-09T15:14:10.262-0300] {logging_mixin.py:188} INFO - [2024-12-09T15:14:10.261-0300] {dag.py:3954} INFO - Setting next_dagrun for latest_only_with_trigger to 2024-12-09 12:00:00+00:00, run_after=2024-12-09 16:00:00+00:00
[2024-12-09T15:14:10.279-0300] {processor.py:183} INFO - Processing /home/beatriz/Documentos/airflow/airflow_venv/lib/python3.10/site-packages/airflow/example_dags/example_latest_only_with_trigger.py took 0.111 seconds
[2024-12-09T15:15:11.058-0300] {processor.py:161} INFO - Started process (PID=36824) to work on /home/beatriz/Documentos/airflow/airflow_venv/lib/python3.10/site-packages/airflow/example_dags/example_latest_only_with_trigger.py
[2024-12-09T15:15:11.061-0300] {processor.py:830} INFO - Processing file /home/beatriz/Documentos/airflow/airflow_venv/lib/python3.10/site-packages/airflow/example_dags/example_latest_only_with_trigger.py for tasks to queue
[2024-12-09T15:15:11.064-0300] {logging_mixin.py:188} INFO - [2024-12-09T15:15:11.063-0300] {dagbag.py:540} INFO - Filling up the DagBag from /home/beatriz/Documentos/airflow/airflow_venv/lib/python3.10/site-packages/airflow/example_dags/example_latest_only_with_trigger.py
[2024-12-09T15:15:11.075-0300] {processor.py:840} INFO - DAG(s) 'latest_only_with_trigger' retrieved from /home/beatriz/Documentos/airflow/airflow_venv/lib/python3.10/site-packages/airflow/example_dags/example_latest_only_with_trigger.py
[2024-12-09T15:15:11.101-0300] {logging_mixin.py:188} INFO - [2024-12-09T15:15:11.101-0300] {dag.py:3096} INFO - Sync 1 DAGs
[2024-12-09T15:15:11.120-0300] {logging_mixin.py:188} INFO - [2024-12-09T15:15:11.120-0300] {dag.py:3954} INFO - Setting next_dagrun for latest_only_with_trigger to 2024-12-09 12:00:00+00:00, run_after=2024-12-09 16:00:00+00:00
[2024-12-09T15:15:11.137-0300] {processor.py:183} INFO - Processing /home/beatriz/Documentos/airflow/airflow_venv/lib/python3.10/site-packages/airflow/example_dags/example_latest_only_with_trigger.py took 0.091 seconds
[2024-12-09T15:16:07.486-0300] {processor.py:161} INFO - Started process (PID=37439) to work on /home/beatriz/Documentos/airflow/airflow_venv/lib/python3.10/site-packages/airflow/example_dags/example_latest_only_with_trigger.py
[2024-12-09T15:16:07.488-0300] {processor.py:830} INFO - Processing file /home/beatriz/Documentos/airflow/airflow_venv/lib/python3.10/site-packages/airflow/example_dags/example_latest_only_with_trigger.py for tasks to queue
[2024-12-09T15:16:07.490-0300] {logging_mixin.py:188} INFO - [2024-12-09T15:16:07.490-0300] {dagbag.py:540} INFO - Filling up the DagBag from /home/beatriz/Documentos/airflow/airflow_venv/lib/python3.10/site-packages/airflow/example_dags/example_latest_only_with_trigger.py
[2024-12-09T15:16:07.496-0300] {processor.py:840} INFO - DAG(s) 'latest_only_with_trigger' retrieved from /home/beatriz/Documentos/airflow/airflow_venv/lib/python3.10/site-packages/airflow/example_dags/example_latest_only_with_trigger.py
[2024-12-09T15:16:07.510-0300] {logging_mixin.py:188} INFO - [2024-12-09T15:16:07.510-0300] {dag.py:3096} INFO - Sync 1 DAGs
[2024-12-09T15:16:07.525-0300] {logging_mixin.py:188} INFO - [2024-12-09T15:16:07.525-0300] {dag.py:3954} INFO - Setting next_dagrun for latest_only_with_trigger to 2024-12-09 12:00:00+00:00, run_after=2024-12-09 16:00:00+00:00
[2024-12-09T15:16:07.611-0300] {processor.py:183} INFO - Processing /home/beatriz/Documentos/airflow/airflow_venv/lib/python3.10/site-packages/airflow/example_dags/example_latest_only_with_trigger.py took 0.134 seconds
[2024-12-09T15:17:04.618-0300] {processor.py:161} INFO - Started process (PID=37934) to work on /home/beatriz/Documentos/airflow/airflow_venv/lib/python3.10/site-packages/airflow/example_dags/example_latest_only_with_trigger.py
[2024-12-09T15:17:04.620-0300] {processor.py:830} INFO - Processing file /home/beatriz/Documentos/airflow/airflow_venv/lib/python3.10/site-packages/airflow/example_dags/example_latest_only_with_trigger.py for tasks to queue
[2024-12-09T15:17:04.624-0300] {logging_mixin.py:188} INFO - [2024-12-09T15:17:04.622-0300] {dagbag.py:540} INFO - Filling up the DagBag from /home/beatriz/Documentos/airflow/airflow_venv/lib/python3.10/site-packages/airflow/example_dags/example_latest_only_with_trigger.py
[2024-12-09T15:17:04.633-0300] {processor.py:840} INFO - DAG(s) 'latest_only_with_trigger' retrieved from /home/beatriz/Documentos/airflow/airflow_venv/lib/python3.10/site-packages/airflow/example_dags/example_latest_only_with_trigger.py
[2024-12-09T15:17:04.652-0300] {logging_mixin.py:188} INFO - [2024-12-09T15:17:04.652-0300] {dag.py:3096} INFO - Sync 1 DAGs
[2024-12-09T15:17:04.667-0300] {logging_mixin.py:188} INFO - [2024-12-09T15:17:04.667-0300] {dag.py:3954} INFO - Setting next_dagrun for latest_only_with_trigger to 2024-12-09 12:00:00+00:00, run_after=2024-12-09 16:00:00+00:00
[2024-12-09T15:17:04.684-0300] {processor.py:183} INFO - Processing /home/beatriz/Documentos/airflow/airflow_venv/lib/python3.10/site-packages/airflow/example_dags/example_latest_only_with_trigger.py took 0.077 seconds
[2024-12-09T15:17:56.008-0300] {processor.py:161} INFO - Started process (PID=38453) to work on /home/beatriz/Documentos/airflow/airflow_venv/lib/python3.10/site-packages/airflow/example_dags/example_latest_only_with_trigger.py
[2024-12-09T15:17:56.008-0300] {processor.py:830} INFO - Processing file /home/beatriz/Documentos/airflow/airflow_venv/lib/python3.10/site-packages/airflow/example_dags/example_latest_only_with_trigger.py for tasks to queue
[2024-12-09T15:17:56.010-0300] {logging_mixin.py:188} INFO - [2024-12-09T15:17:56.009-0300] {dagbag.py:540} INFO - Filling up the DagBag from /home/beatriz/Documentos/airflow/airflow_venv/lib/python3.10/site-packages/airflow/example_dags/example_latest_only_with_trigger.py
[2024-12-09T15:17:56.014-0300] {processor.py:840} INFO - DAG(s) 'latest_only_with_trigger' retrieved from /home/beatriz/Documentos/airflow/airflow_venv/lib/python3.10/site-packages/airflow/example_dags/example_latest_only_with_trigger.py
[2024-12-09T15:17:56.026-0300] {logging_mixin.py:188} INFO - [2024-12-09T15:17:56.026-0300] {dag.py:3096} INFO - Sync 1 DAGs
[2024-12-09T15:17:56.041-0300] {logging_mixin.py:188} INFO - [2024-12-09T15:17:56.041-0300] {dag.py:3954} INFO - Setting next_dagrun for latest_only_with_trigger to 2024-12-09 12:00:00+00:00, run_after=2024-12-09 16:00:00+00:00
[2024-12-09T15:17:56.057-0300] {processor.py:183} INFO - Processing /home/beatriz/Documentos/airflow/airflow_venv/lib/python3.10/site-packages/airflow/example_dags/example_latest_only_with_trigger.py took 0.054 seconds
[2024-12-09T15:19:16.004-0300] {processor.py:161} INFO - Started process (PID=39685) to work on /home/beatriz/Documentos/airflow/airflow_venv/lib/python3.10/site-packages/airflow/example_dags/example_latest_only_with_trigger.py
[2024-12-09T15:19:16.006-0300] {processor.py:830} INFO - Processing file /home/beatriz/Documentos/airflow/airflow_venv/lib/python3.10/site-packages/airflow/example_dags/example_latest_only_with_trigger.py for tasks to queue
[2024-12-09T15:19:16.007-0300] {logging_mixin.py:188} INFO - [2024-12-09T15:19:16.007-0300] {dagbag.py:540} INFO - Filling up the DagBag from /home/beatriz/Documentos/airflow/airflow_venv/lib/python3.10/site-packages/airflow/example_dags/example_latest_only_with_trigger.py
[2024-12-09T15:19:16.011-0300] {processor.py:840} INFO - DAG(s) 'latest_only_with_trigger' retrieved from /home/beatriz/Documentos/airflow/airflow_venv/lib/python3.10/site-packages/airflow/example_dags/example_latest_only_with_trigger.py
[2024-12-09T15:19:16.081-0300] {logging_mixin.py:188} INFO - [2024-12-09T15:19:16.081-0300] {dag.py:3096} INFO - Sync 1 DAGs
[2024-12-09T15:19:16.092-0300] {logging_mixin.py:188} INFO - [2024-12-09T15:19:16.092-0300] {dag.py:3954} INFO - Setting next_dagrun for latest_only_with_trigger to 2024-12-09 12:00:00+00:00, run_after=2024-12-09 16:00:00+00:00
[2024-12-09T15:19:16.109-0300] {processor.py:183} INFO - Processing /home/beatriz/Documentos/airflow/airflow_venv/lib/python3.10/site-packages/airflow/example_dags/example_latest_only_with_trigger.py took 0.109 seconds
[2024-12-09T15:20:14.832-0300] {processor.py:161} INFO - Started process (PID=40330) to work on /home/beatriz/Documentos/airflow/airflow_venv/lib/python3.10/site-packages/airflow/example_dags/example_latest_only_with_trigger.py
[2024-12-09T15:20:14.832-0300] {processor.py:830} INFO - Processing file /home/beatriz/Documentos/airflow/airflow_venv/lib/python3.10/site-packages/airflow/example_dags/example_latest_only_with_trigger.py for tasks to queue
[2024-12-09T15:20:14.834-0300] {logging_mixin.py:188} INFO - [2024-12-09T15:20:14.833-0300] {dagbag.py:540} INFO - Filling up the DagBag from /home/beatriz/Documentos/airflow/airflow_venv/lib/python3.10/site-packages/airflow/example_dags/example_latest_only_with_trigger.py
[2024-12-09T15:20:14.838-0300] {processor.py:840} INFO - DAG(s) 'latest_only_with_trigger' retrieved from /home/beatriz/Documentos/airflow/airflow_venv/lib/python3.10/site-packages/airflow/example_dags/example_latest_only_with_trigger.py
[2024-12-09T15:20:14.849-0300] {logging_mixin.py:188} INFO - [2024-12-09T15:20:14.849-0300] {dag.py:3096} INFO - Sync 1 DAGs
[2024-12-09T15:20:14.865-0300] {logging_mixin.py:188} INFO - [2024-12-09T15:20:14.865-0300] {dag.py:3954} INFO - Setting next_dagrun for latest_only_with_trigger to 2024-12-09 12:00:00+00:00, run_after=2024-12-09 16:00:00+00:00
[2024-12-09T15:20:14.893-0300] {processor.py:183} INFO - Processing /home/beatriz/Documentos/airflow/airflow_venv/lib/python3.10/site-packages/airflow/example_dags/example_latest_only_with_trigger.py took 0.065 seconds
[2024-12-09T15:21:09.643-0300] {processor.py:161} INFO - Started process (PID=40818) to work on /home/beatriz/Documentos/airflow/airflow_venv/lib/python3.10/site-packages/airflow/example_dags/example_latest_only_with_trigger.py
[2024-12-09T15:21:09.646-0300] {processor.py:830} INFO - Processing file /home/beatriz/Documentos/airflow/airflow_venv/lib/python3.10/site-packages/airflow/example_dags/example_latest_only_with_trigger.py for tasks to queue
[2024-12-09T15:21:09.649-0300] {logging_mixin.py:188} INFO - [2024-12-09T15:21:09.648-0300] {dagbag.py:540} INFO - Filling up the DagBag from /home/beatriz/Documentos/airflow/airflow_venv/lib/python3.10/site-packages/airflow/example_dags/example_latest_only_with_trigger.py
[2024-12-09T15:21:09.660-0300] {processor.py:840} INFO - DAG(s) 'latest_only_with_trigger' retrieved from /home/beatriz/Documentos/airflow/airflow_venv/lib/python3.10/site-packages/airflow/example_dags/example_latest_only_with_trigger.py
[2024-12-09T15:21:09.679-0300] {logging_mixin.py:188} INFO - [2024-12-09T15:21:09.679-0300] {dag.py:3096} INFO - Sync 1 DAGs
[2024-12-09T15:21:09.694-0300] {logging_mixin.py:188} INFO - [2024-12-09T15:21:09.694-0300] {dag.py:3954} INFO - Setting next_dagrun for latest_only_with_trigger to 2024-12-09 12:00:00+00:00, run_after=2024-12-09 16:00:00+00:00
[2024-12-09T15:21:09.711-0300] {processor.py:183} INFO - Processing /home/beatriz/Documentos/airflow/airflow_venv/lib/python3.10/site-packages/airflow/example_dags/example_latest_only_with_trigger.py took 0.078 seconds
[2024-12-09T15:22:08.276-0300] {processor.py:161} INFO - Started process (PID=41491) to work on /home/beatriz/Documentos/airflow/airflow_venv/lib/python3.10/site-packages/airflow/example_dags/example_latest_only_with_trigger.py
[2024-12-09T15:22:08.278-0300] {processor.py:830} INFO - Processing file /home/beatriz/Documentos/airflow/airflow_venv/lib/python3.10/site-packages/airflow/example_dags/example_latest_only_with_trigger.py for tasks to queue
[2024-12-09T15:22:08.279-0300] {logging_mixin.py:188} INFO - [2024-12-09T15:22:08.279-0300] {dagbag.py:540} INFO - Filling up the DagBag from /home/beatriz/Documentos/airflow/airflow_venv/lib/python3.10/site-packages/airflow/example_dags/example_latest_only_with_trigger.py
[2024-12-09T15:22:08.356-0300] {processor.py:840} INFO - DAG(s) 'latest_only_with_trigger' retrieved from /home/beatriz/Documentos/airflow/airflow_venv/lib/python3.10/site-packages/airflow/example_dags/example_latest_only_with_trigger.py
[2024-12-09T15:22:08.368-0300] {logging_mixin.py:188} INFO - [2024-12-09T15:22:08.368-0300] {dag.py:3096} INFO - Sync 1 DAGs
[2024-12-09T15:22:08.383-0300] {logging_mixin.py:188} INFO - [2024-12-09T15:22:08.383-0300] {dag.py:3954} INFO - Setting next_dagrun for latest_only_with_trigger to 2024-12-09 12:00:00+00:00, run_after=2024-12-09 16:00:00+00:00
[2024-12-09T15:22:08.400-0300] {processor.py:183} INFO - Processing /home/beatriz/Documentos/airflow/airflow_venv/lib/python3.10/site-packages/airflow/example_dags/example_latest_only_with_trigger.py took 0.128 seconds
[2024-12-09T15:23:02.085-0300] {processor.py:161} INFO - Started process (PID=41994) to work on /home/beatriz/Documentos/airflow/airflow_venv/lib/python3.10/site-packages/airflow/example_dags/example_latest_only_with_trigger.py
[2024-12-09T15:23:02.087-0300] {processor.py:830} INFO - Processing file /home/beatriz/Documentos/airflow/airflow_venv/lib/python3.10/site-packages/airflow/example_dags/example_latest_only_with_trigger.py for tasks to queue
[2024-12-09T15:23:02.088-0300] {logging_mixin.py:188} INFO - [2024-12-09T15:23:02.088-0300] {dagbag.py:540} INFO - Filling up the DagBag from /home/beatriz/Documentos/airflow/airflow_venv/lib/python3.10/site-packages/airflow/example_dags/example_latest_only_with_trigger.py
[2024-12-09T15:23:02.094-0300] {processor.py:840} INFO - DAG(s) 'latest_only_with_trigger' retrieved from /home/beatriz/Documentos/airflow/airflow_venv/lib/python3.10/site-packages/airflow/example_dags/example_latest_only_with_trigger.py
[2024-12-09T15:23:02.108-0300] {logging_mixin.py:188} INFO - [2024-12-09T15:23:02.108-0300] {dag.py:3096} INFO - Sync 1 DAGs
[2024-12-09T15:23:02.124-0300] {logging_mixin.py:188} INFO - [2024-12-09T15:23:02.124-0300] {dag.py:3954} INFO - Setting next_dagrun for latest_only_with_trigger to 2024-12-09 12:00:00+00:00, run_after=2024-12-09 16:00:00+00:00
[2024-12-09T15:23:02.141-0300] {processor.py:183} INFO - Processing /home/beatriz/Documentos/airflow/airflow_venv/lib/python3.10/site-packages/airflow/example_dags/example_latest_only_with_trigger.py took 0.060 seconds
[2024-12-09T15:23:51.167-0300] {processor.py:161} INFO - Started process (PID=42550) to work on /home/beatriz/Documentos/airflow/airflow_venv/lib/python3.10/site-packages/airflow/example_dags/example_latest_only_with_trigger.py
[2024-12-09T15:23:51.168-0300] {processor.py:830} INFO - Processing file /home/beatriz/Documentos/airflow/airflow_venv/lib/python3.10/site-packages/airflow/example_dags/example_latest_only_with_trigger.py for tasks to queue
[2024-12-09T15:23:51.169-0300] {logging_mixin.py:188} INFO - [2024-12-09T15:23:51.168-0300] {dagbag.py:540} INFO - Filling up the DagBag from /home/beatriz/Documentos/airflow/airflow_venv/lib/python3.10/site-packages/airflow/example_dags/example_latest_only_with_trigger.py
[2024-12-09T15:23:51.173-0300] {processor.py:840} INFO - DAG(s) 'latest_only_with_trigger' retrieved from /home/beatriz/Documentos/airflow/airflow_venv/lib/python3.10/site-packages/airflow/example_dags/example_latest_only_with_trigger.py
[2024-12-09T15:23:51.184-0300] {logging_mixin.py:188} INFO - [2024-12-09T15:23:51.184-0300] {dag.py:3096} INFO - Sync 1 DAGs
[2024-12-09T15:23:51.199-0300] {logging_mixin.py:188} INFO - [2024-12-09T15:23:51.198-0300] {dag.py:3954} INFO - Setting next_dagrun for latest_only_with_trigger to 2024-12-09 12:00:00+00:00, run_after=2024-12-09 16:00:00+00:00
[2024-12-09T15:23:51.214-0300] {processor.py:183} INFO - Processing /home/beatriz/Documentos/airflow/airflow_venv/lib/python3.10/site-packages/airflow/example_dags/example_latest_only_with_trigger.py took 0.051 seconds
[2024-12-09T15:24:39.724-0300] {processor.py:161} INFO - Started process (PID=43064) to work on /home/beatriz/Documentos/airflow/airflow_venv/lib/python3.10/site-packages/airflow/example_dags/example_latest_only_with_trigger.py
[2024-12-09T15:24:39.727-0300] {processor.py:830} INFO - Processing file /home/beatriz/Documentos/airflow/airflow_venv/lib/python3.10/site-packages/airflow/example_dags/example_latest_only_with_trigger.py for tasks to queue
[2024-12-09T15:24:39.729-0300] {logging_mixin.py:188} INFO - [2024-12-09T15:24:39.729-0300] {dagbag.py:540} INFO - Filling up the DagBag from /home/beatriz/Documentos/airflow/airflow_venv/lib/python3.10/site-packages/airflow/example_dags/example_latest_only_with_trigger.py
[2024-12-09T15:24:39.735-0300] {processor.py:840} INFO - DAG(s) 'latest_only_with_trigger' retrieved from /home/beatriz/Documentos/airflow/airflow_venv/lib/python3.10/site-packages/airflow/example_dags/example_latest_only_with_trigger.py
[2024-12-09T15:24:39.747-0300] {logging_mixin.py:188} INFO - [2024-12-09T15:24:39.747-0300] {dag.py:3096} INFO - Sync 1 DAGs
[2024-12-09T15:24:39.762-0300] {logging_mixin.py:188} INFO - [2024-12-09T15:24:39.762-0300] {dag.py:3954} INFO - Setting next_dagrun for latest_only_with_trigger to 2024-12-09 12:00:00+00:00, run_after=2024-12-09 16:00:00+00:00
[2024-12-09T15:24:39.779-0300] {processor.py:183} INFO - Processing /home/beatriz/Documentos/airflow/airflow_venv/lib/python3.10/site-packages/airflow/example_dags/example_latest_only_with_trigger.py took 0.062 seconds
[2024-12-09T15:25:49.523-0300] {processor.py:161} INFO - Started process (PID=43887) to work on /home/beatriz/Documentos/airflow/airflow_venv/lib/python3.10/site-packages/airflow/example_dags/example_latest_only_with_trigger.py
[2024-12-09T15:25:49.525-0300] {processor.py:830} INFO - Processing file /home/beatriz/Documentos/airflow/airflow_venv/lib/python3.10/site-packages/airflow/example_dags/example_latest_only_with_trigger.py for tasks to queue
[2024-12-09T15:25:49.526-0300] {logging_mixin.py:188} INFO - [2024-12-09T15:25:49.526-0300] {dagbag.py:540} INFO - Filling up the DagBag from /home/beatriz/Documentos/airflow/airflow_venv/lib/python3.10/site-packages/airflow/example_dags/example_latest_only_with_trigger.py
[2024-12-09T15:25:49.530-0300] {processor.py:840} INFO - DAG(s) 'latest_only_with_trigger' retrieved from /home/beatriz/Documentos/airflow/airflow_venv/lib/python3.10/site-packages/airflow/example_dags/example_latest_only_with_trigger.py
[2024-12-09T15:25:49.543-0300] {logging_mixin.py:188} INFO - [2024-12-09T15:25:49.542-0300] {dag.py:3096} INFO - Sync 1 DAGs
[2024-12-09T15:25:49.563-0300] {logging_mixin.py:188} INFO - [2024-12-09T15:25:49.562-0300] {dag.py:3954} INFO - Setting next_dagrun for latest_only_with_trigger to 2024-12-09 12:00:00+00:00, run_after=2024-12-09 16:00:00+00:00
[2024-12-09T15:25:49.585-0300] {processor.py:183} INFO - Processing /home/beatriz/Documentos/airflow/airflow_venv/lib/python3.10/site-packages/airflow/example_dags/example_latest_only_with_trigger.py took 0.067 seconds
[2024-12-09T15:27:00.598-0300] {processor.py:161} INFO - Started process (PID=44727) to work on /home/beatriz/Documentos/airflow/airflow_venv/lib/python3.10/site-packages/airflow/example_dags/example_latest_only_with_trigger.py
[2024-12-09T15:27:00.599-0300] {processor.py:830} INFO - Processing file /home/beatriz/Documentos/airflow/airflow_venv/lib/python3.10/site-packages/airflow/example_dags/example_latest_only_with_trigger.py for tasks to queue
[2024-12-09T15:27:00.650-0300] {logging_mixin.py:188} INFO - [2024-12-09T15:27:00.600-0300] {dagbag.py:540} INFO - Filling up the DagBag from /home/beatriz/Documentos/airflow/airflow_venv/lib/python3.10/site-packages/airflow/example_dags/example_latest_only_with_trigger.py
[2024-12-09T15:27:00.693-0300] {processor.py:840} INFO - DAG(s) 'latest_only_with_trigger' retrieved from /home/beatriz/Documentos/airflow/airflow_venv/lib/python3.10/site-packages/airflow/example_dags/example_latest_only_with_trigger.py
[2024-12-09T15:27:00.746-0300] {logging_mixin.py:188} INFO - [2024-12-09T15:27:00.745-0300] {dag.py:3096} INFO - Sync 1 DAGs
[2024-12-09T15:27:00.805-0300] {logging_mixin.py:188} INFO - [2024-12-09T15:27:00.804-0300] {dag.py:3954} INFO - Setting next_dagrun for latest_only_with_trigger to 2024-12-09 12:00:00+00:00, run_after=2024-12-09 16:00:00+00:00
[2024-12-09T15:27:00.855-0300] {processor.py:183} INFO - Processing /home/beatriz/Documentos/airflow/airflow_venv/lib/python3.10/site-packages/airflow/example_dags/example_latest_only_with_trigger.py took 0.271 seconds
[2024-12-09T15:27:53.335-0300] {processor.py:161} INFO - Started process (PID=45235) to work on /home/beatriz/Documentos/airflow/airflow_venv/lib/python3.10/site-packages/airflow/example_dags/example_latest_only_with_trigger.py
[2024-12-09T15:27:53.336-0300] {processor.py:830} INFO - Processing file /home/beatriz/Documentos/airflow/airflow_venv/lib/python3.10/site-packages/airflow/example_dags/example_latest_only_with_trigger.py for tasks to queue
[2024-12-09T15:27:53.339-0300] {logging_mixin.py:188} INFO - [2024-12-09T15:27:53.338-0300] {dagbag.py:540} INFO - Filling up the DagBag from /home/beatriz/Documentos/airflow/airflow_venv/lib/python3.10/site-packages/airflow/example_dags/example_latest_only_with_trigger.py
[2024-12-09T15:27:53.351-0300] {processor.py:840} INFO - DAG(s) 'latest_only_with_trigger' retrieved from /home/beatriz/Documentos/airflow/airflow_venv/lib/python3.10/site-packages/airflow/example_dags/example_latest_only_with_trigger.py
[2024-12-09T15:27:53.370-0300] {logging_mixin.py:188} INFO - [2024-12-09T15:27:53.369-0300] {dag.py:3096} INFO - Sync 1 DAGs
[2024-12-09T15:27:53.385-0300] {logging_mixin.py:188} INFO - [2024-12-09T15:27:53.385-0300] {dag.py:3954} INFO - Setting next_dagrun for latest_only_with_trigger to 2024-12-09 12:00:00+00:00, run_after=2024-12-09 16:00:00+00:00
[2024-12-09T15:27:53.402-0300] {processor.py:183} INFO - Processing /home/beatriz/Documentos/airflow/airflow_venv/lib/python3.10/site-packages/airflow/example_dags/example_latest_only_with_trigger.py took 0.077 seconds
[2024-12-09T15:28:43.198-0300] {processor.py:161} INFO - Started process (PID=46819) to work on /home/beatriz/Documentos/airflow/airflow_venv/lib/python3.10/site-packages/airflow/example_dags/example_latest_only_with_trigger.py
[2024-12-09T15:28:43.200-0300] {processor.py:830} INFO - Processing file /home/beatriz/Documentos/airflow/airflow_venv/lib/python3.10/site-packages/airflow/example_dags/example_latest_only_with_trigger.py for tasks to queue
[2024-12-09T15:28:43.201-0300] {logging_mixin.py:188} INFO - [2024-12-09T15:28:43.201-0300] {dagbag.py:540} INFO - Filling up the DagBag from /home/beatriz/Documentos/airflow/airflow_venv/lib/python3.10/site-packages/airflow/example_dags/example_latest_only_with_trigger.py
[2024-12-09T15:28:43.205-0300] {processor.py:840} INFO - DAG(s) 'latest_only_with_trigger' retrieved from /home/beatriz/Documentos/airflow/airflow_venv/lib/python3.10/site-packages/airflow/example_dags/example_latest_only_with_trigger.py
[2024-12-09T15:28:43.218-0300] {logging_mixin.py:188} INFO - [2024-12-09T15:28:43.218-0300] {dag.py:3096} INFO - Sync 1 DAGs
[2024-12-09T15:28:43.233-0300] {logging_mixin.py:188} INFO - [2024-12-09T15:28:43.233-0300] {dag.py:3954} INFO - Setting next_dagrun for latest_only_with_trigger to 2024-12-09 12:00:00+00:00, run_after=2024-12-09 16:00:00+00:00
[2024-12-09T15:28:43.250-0300] {processor.py:183} INFO - Processing /home/beatriz/Documentos/airflow/airflow_venv/lib/python3.10/site-packages/airflow/example_dags/example_latest_only_with_trigger.py took 0.056 seconds
[2024-12-09T15:29:37.710-0300] {processor.py:161} INFO - Started process (PID=47768) to work on /home/beatriz/Documentos/airflow/airflow_venv/lib/python3.10/site-packages/airflow/example_dags/example_latest_only_with_trigger.py
[2024-12-09T15:29:37.712-0300] {processor.py:830} INFO - Processing file /home/beatriz/Documentos/airflow/airflow_venv/lib/python3.10/site-packages/airflow/example_dags/example_latest_only_with_trigger.py for tasks to queue
[2024-12-09T15:29:37.715-0300] {logging_mixin.py:188} INFO - [2024-12-09T15:29:37.714-0300] {dagbag.py:540} INFO - Filling up the DagBag from /home/beatriz/Documentos/airflow/airflow_venv/lib/python3.10/site-packages/airflow/example_dags/example_latest_only_with_trigger.py
[2024-12-09T15:29:37.726-0300] {processor.py:840} INFO - DAG(s) 'latest_only_with_trigger' retrieved from /home/beatriz/Documentos/airflow/airflow_venv/lib/python3.10/site-packages/airflow/example_dags/example_latest_only_with_trigger.py
[2024-12-09T15:29:37.749-0300] {logging_mixin.py:188} INFO - [2024-12-09T15:29:37.749-0300] {dag.py:3096} INFO - Sync 1 DAGs
[2024-12-09T15:29:37.766-0300] {logging_mixin.py:188} INFO - [2024-12-09T15:29:37.766-0300] {dag.py:3954} INFO - Setting next_dagrun for latest_only_with_trigger to 2024-12-09 12:00:00+00:00, run_after=2024-12-09 16:00:00+00:00
[2024-12-09T15:29:37.782-0300] {processor.py:183} INFO - Processing /home/beatriz/Documentos/airflow/airflow_venv/lib/python3.10/site-packages/airflow/example_dags/example_latest_only_with_trigger.py took 0.077 seconds
[2024-12-09T15:30:32.160-0300] {processor.py:161} INFO - Started process (PID=48700) to work on /home/beatriz/Documentos/airflow/airflow_venv/lib/python3.10/site-packages/airflow/example_dags/example_latest_only_with_trigger.py
[2024-12-09T15:30:32.162-0300] {processor.py:830} INFO - Processing file /home/beatriz/Documentos/airflow/airflow_venv/lib/python3.10/site-packages/airflow/example_dags/example_latest_only_with_trigger.py for tasks to queue
[2024-12-09T15:30:32.165-0300] {logging_mixin.py:188} INFO - [2024-12-09T15:30:32.164-0300] {dagbag.py:540} INFO - Filling up the DagBag from /home/beatriz/Documentos/airflow/airflow_venv/lib/python3.10/site-packages/airflow/example_dags/example_latest_only_with_trigger.py
[2024-12-09T15:30:32.177-0300] {processor.py:840} INFO - DAG(s) 'latest_only_with_trigger' retrieved from /home/beatriz/Documentos/airflow/airflow_venv/lib/python3.10/site-packages/airflow/example_dags/example_latest_only_with_trigger.py
[2024-12-09T15:30:32.196-0300] {logging_mixin.py:188} INFO - [2024-12-09T15:30:32.196-0300] {dag.py:3096} INFO - Sync 1 DAGs
[2024-12-09T15:30:32.211-0300] {logging_mixin.py:188} INFO - [2024-12-09T15:30:32.211-0300] {dag.py:3954} INFO - Setting next_dagrun for latest_only_with_trigger to 2024-12-09 12:00:00+00:00, run_after=2024-12-09 16:00:00+00:00
[2024-12-09T15:30:32.227-0300] {processor.py:183} INFO - Processing /home/beatriz/Documentos/airflow/airflow_venv/lib/python3.10/site-packages/airflow/example_dags/example_latest_only_with_trigger.py took 0.079 seconds
[2024-12-09T15:31:23.679-0300] {processor.py:161} INFO - Started process (PID=48948) to work on /home/beatriz/Documentos/airflow/airflow_venv/lib/python3.10/site-packages/airflow/example_dags/example_latest_only_with_trigger.py
[2024-12-09T15:31:23.682-0300] {processor.py:830} INFO - Processing file /home/beatriz/Documentos/airflow/airflow_venv/lib/python3.10/site-packages/airflow/example_dags/example_latest_only_with_trigger.py for tasks to queue
[2024-12-09T15:31:23.685-0300] {logging_mixin.py:188} INFO - [2024-12-09T15:31:23.684-0300] {dagbag.py:540} INFO - Filling up the DagBag from /home/beatriz/Documentos/airflow/airflow_venv/lib/python3.10/site-packages/airflow/example_dags/example_latest_only_with_trigger.py
[2024-12-09T15:31:23.697-0300] {processor.py:840} INFO - DAG(s) 'latest_only_with_trigger' retrieved from /home/beatriz/Documentos/airflow/airflow_venv/lib/python3.10/site-packages/airflow/example_dags/example_latest_only_with_trigger.py
[2024-12-09T15:31:23.714-0300] {logging_mixin.py:188} INFO - [2024-12-09T15:31:23.714-0300] {dag.py:3096} INFO - Sync 1 DAGs
[2024-12-09T15:31:23.731-0300] {logging_mixin.py:188} INFO - [2024-12-09T15:31:23.730-0300] {dag.py:3954} INFO - Setting next_dagrun for latest_only_with_trigger to 2024-12-09 12:00:00+00:00, run_after=2024-12-09 16:00:00+00:00
[2024-12-09T15:31:23.757-0300] {processor.py:183} INFO - Processing /home/beatriz/Documentos/airflow/airflow_venv/lib/python3.10/site-packages/airflow/example_dags/example_latest_only_with_trigger.py took 0.089 seconds
[2024-12-09T15:32:17.108-0300] {processor.py:161} INFO - Started process (PID=49241) to work on /home/beatriz/Documentos/airflow/airflow_venv/lib/python3.10/site-packages/airflow/example_dags/example_latest_only_with_trigger.py
[2024-12-09T15:32:17.110-0300] {processor.py:830} INFO - Processing file /home/beatriz/Documentos/airflow/airflow_venv/lib/python3.10/site-packages/airflow/example_dags/example_latest_only_with_trigger.py for tasks to queue
[2024-12-09T15:32:17.112-0300] {logging_mixin.py:188} INFO - [2024-12-09T15:32:17.111-0300] {dagbag.py:540} INFO - Filling up the DagBag from /home/beatriz/Documentos/airflow/airflow_venv/lib/python3.10/site-packages/airflow/example_dags/example_latest_only_with_trigger.py
[2024-12-09T15:32:17.118-0300] {processor.py:840} INFO - DAG(s) 'latest_only_with_trigger' retrieved from /home/beatriz/Documentos/airflow/airflow_venv/lib/python3.10/site-packages/airflow/example_dags/example_latest_only_with_trigger.py
[2024-12-09T15:32:17.131-0300] {logging_mixin.py:188} INFO - [2024-12-09T15:32:17.130-0300] {dag.py:3096} INFO - Sync 1 DAGs
[2024-12-09T15:32:17.146-0300] {logging_mixin.py:188} INFO - [2024-12-09T15:32:17.146-0300] {dag.py:3954} INFO - Setting next_dagrun for latest_only_with_trigger to 2024-12-09 12:00:00+00:00, run_after=2024-12-09 16:00:00+00:00
[2024-12-09T15:32:17.165-0300] {processor.py:183} INFO - Processing /home/beatriz/Documentos/airflow/airflow_venv/lib/python3.10/site-packages/airflow/example_dags/example_latest_only_with_trigger.py took 0.066 seconds
[2024-12-09T15:33:14.282-0300] {processor.py:161} INFO - Started process (PID=50038) to work on /home/beatriz/Documentos/airflow/airflow_venv/lib/python3.10/site-packages/airflow/example_dags/example_latest_only_with_trigger.py
[2024-12-09T15:33:14.283-0300] {processor.py:830} INFO - Processing file /home/beatriz/Documentos/airflow/airflow_venv/lib/python3.10/site-packages/airflow/example_dags/example_latest_only_with_trigger.py for tasks to queue
[2024-12-09T15:33:14.285-0300] {logging_mixin.py:188} INFO - [2024-12-09T15:33:14.284-0300] {dagbag.py:540} INFO - Filling up the DagBag from /home/beatriz/Documentos/airflow/airflow_venv/lib/python3.10/site-packages/airflow/example_dags/example_latest_only_with_trigger.py
[2024-12-09T15:33:14.289-0300] {processor.py:840} INFO - DAG(s) 'latest_only_with_trigger' retrieved from /home/beatriz/Documentos/airflow/airflow_venv/lib/python3.10/site-packages/airflow/example_dags/example_latest_only_with_trigger.py
[2024-12-09T15:33:14.295-0300] {logging_mixin.py:188} INFO - [2024-12-09T15:33:14.295-0300] {dag.py:3096} INFO - Sync 1 DAGs
[2024-12-09T15:33:14.312-0300] {logging_mixin.py:188} INFO - [2024-12-09T15:33:14.312-0300] {dag.py:3954} INFO - Setting next_dagrun for latest_only_with_trigger to 2024-12-09 12:00:00+00:00, run_after=2024-12-09 16:00:00+00:00
[2024-12-09T15:33:14.333-0300] {processor.py:183} INFO - Processing /home/beatriz/Documentos/airflow/airflow_venv/lib/python3.10/site-packages/airflow/example_dags/example_latest_only_with_trigger.py took 0.055 seconds
[2024-12-09T15:33:47.759-0300] {processor.py:161} INFO - Started process (PID=50279) to work on /home/beatriz/Documentos/airflow/airflow_venv/lib/python3.10/site-packages/airflow/example_dags/example_latest_only_with_trigger.py
[2024-12-09T15:33:47.760-0300] {processor.py:830} INFO - Processing file /home/beatriz/Documentos/airflow/airflow_venv/lib/python3.10/site-packages/airflow/example_dags/example_latest_only_with_trigger.py for tasks to queue
[2024-12-09T15:33:47.762-0300] {logging_mixin.py:188} INFO - [2024-12-09T15:33:47.761-0300] {dagbag.py:540} INFO - Filling up the DagBag from /home/beatriz/Documentos/airflow/airflow_venv/lib/python3.10/site-packages/airflow/example_dags/example_latest_only_with_trigger.py
[2024-12-09T15:33:47.769-0300] {processor.py:840} INFO - DAG(s) 'latest_only_with_trigger' retrieved from /home/beatriz/Documentos/airflow/airflow_venv/lib/python3.10/site-packages/airflow/example_dags/example_latest_only_with_trigger.py
[2024-12-09T15:33:47.864-0300] {logging_mixin.py:188} INFO - [2024-12-09T15:33:47.863-0300] {dag.py:3096} INFO - Sync 1 DAGs
[2024-12-09T15:33:47.878-0300] {logging_mixin.py:188} INFO - [2024-12-09T15:33:47.877-0300] {dag.py:3954} INFO - Setting next_dagrun for latest_only_with_trigger to 2024-12-09 12:00:00+00:00, run_after=2024-12-09 16:00:00+00:00
[2024-12-09T15:33:47.895-0300] {processor.py:183} INFO - Processing /home/beatriz/Documentos/airflow/airflow_venv/lib/python3.10/site-packages/airflow/example_dags/example_latest_only_with_trigger.py took 0.142 seconds
[2024-12-09T15:34:11.108-0300] {processor.py:161} INFO - Started process (PID=50542) to work on /home/beatriz/Documentos/airflow/airflow_venv/lib/python3.10/site-packages/airflow/example_dags/example_latest_only_with_trigger.py
[2024-12-09T15:34:11.108-0300] {processor.py:830} INFO - Processing file /home/beatriz/Documentos/airflow/airflow_venv/lib/python3.10/site-packages/airflow/example_dags/example_latest_only_with_trigger.py for tasks to queue
[2024-12-09T15:34:11.110-0300] {logging_mixin.py:188} INFO - [2024-12-09T15:34:11.109-0300] {dagbag.py:540} INFO - Filling up the DagBag from /home/beatriz/Documentos/airflow/airflow_venv/lib/python3.10/site-packages/airflow/example_dags/example_latest_only_with_trigger.py
[2024-12-09T15:34:11.114-0300] {processor.py:840} INFO - DAG(s) 'latest_only_with_trigger' retrieved from /home/beatriz/Documentos/airflow/airflow_venv/lib/python3.10/site-packages/airflow/example_dags/example_latest_only_with_trigger.py
[2024-12-09T15:34:11.121-0300] {logging_mixin.py:188} INFO - [2024-12-09T15:34:11.121-0300] {dag.py:3096} INFO - Sync 1 DAGs
[2024-12-09T15:34:11.137-0300] {logging_mixin.py:188} INFO - [2024-12-09T15:34:11.137-0300] {dag.py:3954} INFO - Setting next_dagrun for latest_only_with_trigger to 2024-12-09 12:00:00+00:00, run_after=2024-12-09 16:00:00+00:00
[2024-12-09T15:34:11.155-0300] {processor.py:183} INFO - Processing /home/beatriz/Documentos/airflow/airflow_venv/lib/python3.10/site-packages/airflow/example_dags/example_latest_only_with_trigger.py took 0.051 seconds
[2024-12-09T15:35:02.260-0300] {processor.py:161} INFO - Started process (PID=50988) to work on /home/beatriz/Documentos/airflow/airflow_venv/lib/python3.10/site-packages/airflow/example_dags/example_latest_only_with_trigger.py
[2024-12-09T15:35:02.262-0300] {processor.py:830} INFO - Processing file /home/beatriz/Documentos/airflow/airflow_venv/lib/python3.10/site-packages/airflow/example_dags/example_latest_only_with_trigger.py for tasks to queue
[2024-12-09T15:35:02.264-0300] {logging_mixin.py:188} INFO - [2024-12-09T15:35:02.263-0300] {dagbag.py:540} INFO - Filling up the DagBag from /home/beatriz/Documentos/airflow/airflow_venv/lib/python3.10/site-packages/airflow/example_dags/example_latest_only_with_trigger.py
[2024-12-09T15:35:02.269-0300] {processor.py:840} INFO - DAG(s) 'latest_only_with_trigger' retrieved from /home/beatriz/Documentos/airflow/airflow_venv/lib/python3.10/site-packages/airflow/example_dags/example_latest_only_with_trigger.py
[2024-12-09T15:35:02.282-0300] {logging_mixin.py:188} INFO - [2024-12-09T15:35:02.282-0300] {dag.py:3096} INFO - Sync 1 DAGs
[2024-12-09T15:35:02.300-0300] {logging_mixin.py:188} INFO - [2024-12-09T15:35:02.300-0300] {dag.py:3954} INFO - Setting next_dagrun for latest_only_with_trigger to 2024-12-09 12:00:00+00:00, run_after=2024-12-09 16:00:00+00:00
[2024-12-09T15:35:02.318-0300] {processor.py:183} INFO - Processing /home/beatriz/Documentos/airflow/airflow_venv/lib/python3.10/site-packages/airflow/example_dags/example_latest_only_with_trigger.py took 0.063 seconds
[2024-12-09T15:35:52.847-0300] {processor.py:161} INFO - Started process (PID=51213) to work on /home/beatriz/Documentos/airflow/airflow_venv/lib/python3.10/site-packages/airflow/example_dags/example_latest_only_with_trigger.py
[2024-12-09T15:35:52.849-0300] {processor.py:830} INFO - Processing file /home/beatriz/Documentos/airflow/airflow_venv/lib/python3.10/site-packages/airflow/example_dags/example_latest_only_with_trigger.py for tasks to queue
[2024-12-09T15:35:52.850-0300] {logging_mixin.py:188} INFO - [2024-12-09T15:35:52.850-0300] {dagbag.py:540} INFO - Filling up the DagBag from /home/beatriz/Documentos/airflow/airflow_venv/lib/python3.10/site-packages/airflow/example_dags/example_latest_only_with_trigger.py
[2024-12-09T15:35:52.855-0300] {processor.py:840} INFO - DAG(s) 'latest_only_with_trigger' retrieved from /home/beatriz/Documentos/airflow/airflow_venv/lib/python3.10/site-packages/airflow/example_dags/example_latest_only_with_trigger.py
[2024-12-09T15:35:52.870-0300] {logging_mixin.py:188} INFO - [2024-12-09T15:35:52.869-0300] {dag.py:3096} INFO - Sync 1 DAGs
[2024-12-09T15:35:52.885-0300] {logging_mixin.py:188} INFO - [2024-12-09T15:35:52.885-0300] {dag.py:3954} INFO - Setting next_dagrun for latest_only_with_trigger to 2024-12-09 12:00:00+00:00, run_after=2024-12-09 16:00:00+00:00
[2024-12-09T15:35:52.901-0300] {processor.py:183} INFO - Processing /home/beatriz/Documentos/airflow/airflow_venv/lib/python3.10/site-packages/airflow/example_dags/example_latest_only_with_trigger.py took 0.060 seconds
[2024-12-09T15:43:36.315-0300] {processor.py:161} INFO - Started process (PID=6086) to work on /home/beatriz/Documentos/airflow/airflow_venv/lib/python3.10/site-packages/airflow/example_dags/example_latest_only_with_trigger.py
[2024-12-09T15:43:36.317-0300] {processor.py:830} INFO - Processing file /home/beatriz/Documentos/airflow/airflow_venv/lib/python3.10/site-packages/airflow/example_dags/example_latest_only_with_trigger.py for tasks to queue
[2024-12-09T15:43:36.319-0300] {logging_mixin.py:188} INFO - [2024-12-09T15:43:36.318-0300] {dagbag.py:540} INFO - Filling up the DagBag from /home/beatriz/Documentos/airflow/airflow_venv/lib/python3.10/site-packages/airflow/example_dags/example_latest_only_with_trigger.py
[2024-12-09T15:43:36.326-0300] {processor.py:840} INFO - DAG(s) 'latest_only_with_trigger' retrieved from /home/beatriz/Documentos/airflow/airflow_venv/lib/python3.10/site-packages/airflow/example_dags/example_latest_only_with_trigger.py
[2024-12-09T15:43:36.405-0300] {logging_mixin.py:188} INFO - [2024-12-09T15:43:36.404-0300] {dag.py:3096} INFO - Sync 1 DAGs
[2024-12-09T15:43:36.417-0300] {logging_mixin.py:188} INFO - [2024-12-09T15:43:36.417-0300] {dag.py:3954} INFO - Setting next_dagrun for latest_only_with_trigger to 2024-12-09 12:00:00+00:00, run_after=2024-12-09 16:00:00+00:00
[2024-12-09T15:43:36.437-0300] {processor.py:183} INFO - Processing /home/beatriz/Documentos/airflow/airflow_venv/lib/python3.10/site-packages/airflow/example_dags/example_latest_only_with_trigger.py took 0.129 seconds
[2024-12-09T15:50:53.303-0300] {processor.py:161} INFO - Started process (PID=8090) to work on /home/beatriz/Documentos/airflow/airflow_venv/lib/python3.10/site-packages/airflow/example_dags/example_latest_only_with_trigger.py
[2024-12-09T15:50:53.304-0300] {processor.py:830} INFO - Processing file /home/beatriz/Documentos/airflow/airflow_venv/lib/python3.10/site-packages/airflow/example_dags/example_latest_only_with_trigger.py for tasks to queue
[2024-12-09T15:50:53.305-0300] {logging_mixin.py:188} INFO - [2024-12-09T15:50:53.305-0300] {dagbag.py:540} INFO - Filling up the DagBag from /home/beatriz/Documentos/airflow/airflow_venv/lib/python3.10/site-packages/airflow/example_dags/example_latest_only_with_trigger.py
[2024-12-09T15:50:53.309-0300] {processor.py:840} INFO - DAG(s) 'latest_only_with_trigger' retrieved from /home/beatriz/Documentos/airflow/airflow_venv/lib/python3.10/site-packages/airflow/example_dags/example_latest_only_with_trigger.py
[2024-12-09T15:50:53.401-0300] {logging_mixin.py:188} INFO - [2024-12-09T15:50:53.400-0300] {dag.py:3096} INFO - Sync 1 DAGs
[2024-12-09T15:50:53.415-0300] {logging_mixin.py:188} INFO - [2024-12-09T15:50:53.414-0300] {dag.py:3954} INFO - Setting next_dagrun for latest_only_with_trigger to 2024-12-09 12:00:00+00:00, run_after=2024-12-09 16:00:00+00:00
[2024-12-09T15:50:53.436-0300] {processor.py:183} INFO - Processing /home/beatriz/Documentos/airflow/airflow_venv/lib/python3.10/site-packages/airflow/example_dags/example_latest_only_with_trigger.py took 0.137 seconds
[2024-12-09T15:51:54.855-0300] {processor.py:161} INFO - Started process (PID=8556) to work on /home/beatriz/Documentos/airflow/airflow_venv/lib/python3.10/site-packages/airflow/example_dags/example_latest_only_with_trigger.py
[2024-12-09T15:51:54.857-0300] {processor.py:830} INFO - Processing file /home/beatriz/Documentos/airflow/airflow_venv/lib/python3.10/site-packages/airflow/example_dags/example_latest_only_with_trigger.py for tasks to queue
[2024-12-09T15:51:54.858-0300] {logging_mixin.py:188} INFO - [2024-12-09T15:51:54.857-0300] {dagbag.py:540} INFO - Filling up the DagBag from /home/beatriz/Documentos/airflow/airflow_venv/lib/python3.10/site-packages/airflow/example_dags/example_latest_only_with_trigger.py
[2024-12-09T15:51:54.862-0300] {processor.py:840} INFO - DAG(s) 'latest_only_with_trigger' retrieved from /home/beatriz/Documentos/airflow/airflow_venv/lib/python3.10/site-packages/airflow/example_dags/example_latest_only_with_trigger.py
[2024-12-09T15:51:54.874-0300] {logging_mixin.py:188} INFO - [2024-12-09T15:51:54.873-0300] {dag.py:3096} INFO - Sync 1 DAGs
[2024-12-09T15:51:54.888-0300] {logging_mixin.py:188} INFO - [2024-12-09T15:51:54.888-0300] {dag.py:3954} INFO - Setting next_dagrun for latest_only_with_trigger to 2024-12-09 12:00:00+00:00, run_after=2024-12-09 16:00:00+00:00
[2024-12-09T15:51:54.905-0300] {processor.py:183} INFO - Processing /home/beatriz/Documentos/airflow/airflow_venv/lib/python3.10/site-packages/airflow/example_dags/example_latest_only_with_trigger.py took 0.055 seconds
[2024-12-09T15:52:52.285-0300] {processor.py:161} INFO - Started process (PID=9016) to work on /home/beatriz/Documentos/airflow/airflow_venv/lib/python3.10/site-packages/airflow/example_dags/example_latest_only_with_trigger.py
[2024-12-09T15:52:52.287-0300] {processor.py:830} INFO - Processing file /home/beatriz/Documentos/airflow/airflow_venv/lib/python3.10/site-packages/airflow/example_dags/example_latest_only_with_trigger.py for tasks to queue
[2024-12-09T15:52:52.288-0300] {logging_mixin.py:188} INFO - [2024-12-09T15:52:52.288-0300] {dagbag.py:540} INFO - Filling up the DagBag from /home/beatriz/Documentos/airflow/airflow_venv/lib/python3.10/site-packages/airflow/example_dags/example_latest_only_with_trigger.py
[2024-12-09T15:52:52.295-0300] {processor.py:840} INFO - DAG(s) 'latest_only_with_trigger' retrieved from /home/beatriz/Documentos/airflow/airflow_venv/lib/python3.10/site-packages/airflow/example_dags/example_latest_only_with_trigger.py
[2024-12-09T15:52:52.311-0300] {logging_mixin.py:188} INFO - [2024-12-09T15:52:52.310-0300] {dag.py:3096} INFO - Sync 1 DAGs
[2024-12-09T15:52:52.327-0300] {logging_mixin.py:188} INFO - [2024-12-09T15:52:52.327-0300] {dag.py:3954} INFO - Setting next_dagrun for latest_only_with_trigger to 2024-12-09 12:00:00+00:00, run_after=2024-12-09 16:00:00+00:00
[2024-12-09T15:52:52.345-0300] {processor.py:183} INFO - Processing /home/beatriz/Documentos/airflow/airflow_venv/lib/python3.10/site-packages/airflow/example_dags/example_latest_only_with_trigger.py took 0.064 seconds
[2024-12-09T15:53:51.309-0300] {processor.py:161} INFO - Started process (PID=9459) to work on /home/beatriz/Documentos/airflow/airflow_venv/lib/python3.10/site-packages/airflow/example_dags/example_latest_only_with_trigger.py
[2024-12-09T15:53:51.311-0300] {processor.py:830} INFO - Processing file /home/beatriz/Documentos/airflow/airflow_venv/lib/python3.10/site-packages/airflow/example_dags/example_latest_only_with_trigger.py for tasks to queue
[2024-12-09T15:53:51.312-0300] {logging_mixin.py:188} INFO - [2024-12-09T15:53:51.312-0300] {dagbag.py:540} INFO - Filling up the DagBag from /home/beatriz/Documentos/airflow/airflow_venv/lib/python3.10/site-packages/airflow/example_dags/example_latest_only_with_trigger.py
[2024-12-09T15:53:51.386-0300] {processor.py:840} INFO - DAG(s) 'latest_only_with_trigger' retrieved from /home/beatriz/Documentos/airflow/airflow_venv/lib/python3.10/site-packages/airflow/example_dags/example_latest_only_with_trigger.py
[2024-12-09T15:53:51.399-0300] {logging_mixin.py:188} INFO - [2024-12-09T15:53:51.399-0300] {dag.py:3096} INFO - Sync 1 DAGs
[2024-12-09T15:53:51.414-0300] {logging_mixin.py:188} INFO - [2024-12-09T15:53:51.414-0300] {dag.py:3954} INFO - Setting next_dagrun for latest_only_with_trigger to 2024-12-09 12:00:00+00:00, run_after=2024-12-09 16:00:00+00:00
[2024-12-09T15:53:51.431-0300] {processor.py:183} INFO - Processing /home/beatriz/Documentos/airflow/airflow_venv/lib/python3.10/site-packages/airflow/example_dags/example_latest_only_with_trigger.py took 0.126 seconds
[2024-12-09T15:54:46.691-0300] {processor.py:161} INFO - Started process (PID=9979) to work on /home/beatriz/Documentos/airflow/airflow_venv/lib/python3.10/site-packages/airflow/example_dags/example_latest_only_with_trigger.py
[2024-12-09T15:54:46.692-0300] {processor.py:830} INFO - Processing file /home/beatriz/Documentos/airflow/airflow_venv/lib/python3.10/site-packages/airflow/example_dags/example_latest_only_with_trigger.py for tasks to queue
[2024-12-09T15:54:46.696-0300] {logging_mixin.py:188} INFO - [2024-12-09T15:54:46.695-0300] {dagbag.py:540} INFO - Filling up the DagBag from /home/beatriz/Documentos/airflow/airflow_venv/lib/python3.10/site-packages/airflow/example_dags/example_latest_only_with_trigger.py
[2024-12-09T15:54:46.711-0300] {processor.py:840} INFO - DAG(s) 'latest_only_with_trigger' retrieved from /home/beatriz/Documentos/airflow/airflow_venv/lib/python3.10/site-packages/airflow/example_dags/example_latest_only_with_trigger.py
[2024-12-09T15:54:46.731-0300] {logging_mixin.py:188} INFO - [2024-12-09T15:54:46.731-0300] {dag.py:3096} INFO - Sync 1 DAGs
[2024-12-09T15:54:46.754-0300] {logging_mixin.py:188} INFO - [2024-12-09T15:54:46.754-0300] {dag.py:3954} INFO - Setting next_dagrun for latest_only_with_trigger to 2024-12-09 12:00:00+00:00, run_after=2024-12-09 16:00:00+00:00
[2024-12-09T15:54:46.789-0300] {processor.py:183} INFO - Processing /home/beatriz/Documentos/airflow/airflow_venv/lib/python3.10/site-packages/airflow/example_dags/example_latest_only_with_trigger.py took 0.113 seconds
[2024-12-09T15:57:00.339-0300] {processor.py:161} INFO - Started process (PID=11967) to work on /home/beatriz/Documentos/airflow/airflow_venv/lib/python3.10/site-packages/airflow/example_dags/example_latest_only_with_trigger.py
[2024-12-09T15:57:00.342-0300] {processor.py:830} INFO - Processing file /home/beatriz/Documentos/airflow/airflow_venv/lib/python3.10/site-packages/airflow/example_dags/example_latest_only_with_trigger.py for tasks to queue
[2024-12-09T15:57:00.343-0300] {logging_mixin.py:188} INFO - [2024-12-09T15:57:00.343-0300] {dagbag.py:540} INFO - Filling up the DagBag from /home/beatriz/Documentos/airflow/airflow_venv/lib/python3.10/site-packages/airflow/example_dags/example_latest_only_with_trigger.py
[2024-12-09T15:57:00.347-0300] {processor.py:840} INFO - DAG(s) 'latest_only_with_trigger' retrieved from /home/beatriz/Documentos/airflow/airflow_venv/lib/python3.10/site-packages/airflow/example_dags/example_latest_only_with_trigger.py
[2024-12-09T15:57:00.416-0300] {logging_mixin.py:188} INFO - [2024-12-09T15:57:00.416-0300] {dag.py:3096} INFO - Sync 1 DAGs
[2024-12-09T15:57:00.427-0300] {logging_mixin.py:188} INFO - [2024-12-09T15:57:00.427-0300] {dag.py:3954} INFO - Setting next_dagrun for latest_only_with_trigger to 2024-12-09 12:00:00+00:00, run_after=2024-12-09 16:00:00+00:00
[2024-12-09T15:57:00.444-0300] {processor.py:183} INFO - Processing /home/beatriz/Documentos/airflow/airflow_venv/lib/python3.10/site-packages/airflow/example_dags/example_latest_only_with_trigger.py took 0.109 seconds
[2024-12-09T15:59:04.760-0300] {processor.py:161} INFO - Started process (PID=14664) to work on /home/beatriz/Documentos/airflow/airflow_venv/lib/python3.10/site-packages/airflow/example_dags/example_latest_only_with_trigger.py
[2024-12-09T15:59:04.761-0300] {processor.py:830} INFO - Processing file /home/beatriz/Documentos/airflow/airflow_venv/lib/python3.10/site-packages/airflow/example_dags/example_latest_only_with_trigger.py for tasks to queue
[2024-12-09T15:59:04.764-0300] {logging_mixin.py:188} INFO - [2024-12-09T15:59:04.763-0300] {dagbag.py:540} INFO - Filling up the DagBag from /home/beatriz/Documentos/airflow/airflow_venv/lib/python3.10/site-packages/airflow/example_dags/example_latest_only_with_trigger.py
[2024-12-09T15:59:04.778-0300] {processor.py:840} INFO - DAG(s) 'latest_only_with_trigger' retrieved from /home/beatriz/Documentos/airflow/airflow_venv/lib/python3.10/site-packages/airflow/example_dags/example_latest_only_with_trigger.py
[2024-12-09T15:59:04.812-0300] {logging_mixin.py:188} INFO - [2024-12-09T15:59:04.811-0300] {dag.py:3096} INFO - Sync 1 DAGs
[2024-12-09T15:59:04.848-0300] {logging_mixin.py:188} INFO - [2024-12-09T15:59:04.848-0300] {dag.py:3954} INFO - Setting next_dagrun for latest_only_with_trigger to 2024-12-09 12:00:00+00:00, run_after=2024-12-09 16:00:00+00:00
[2024-12-09T15:59:04.881-0300] {processor.py:183} INFO - Processing /home/beatriz/Documentos/airflow/airflow_venv/lib/python3.10/site-packages/airflow/example_dags/example_latest_only_with_trigger.py took 0.137 seconds
[2024-12-09T16:00:30.896-0300] {processor.py:161} INFO - Started process (PID=16235) to work on /home/beatriz/Documentos/airflow/airflow_venv/lib/python3.10/site-packages/airflow/example_dags/example_latest_only_with_trigger.py
[2024-12-09T16:00:30.898-0300] {processor.py:830} INFO - Processing file /home/beatriz/Documentos/airflow/airflow_venv/lib/python3.10/site-packages/airflow/example_dags/example_latest_only_with_trigger.py for tasks to queue
[2024-12-09T16:00:30.899-0300] {logging_mixin.py:188} INFO - [2024-12-09T16:00:30.899-0300] {dagbag.py:540} INFO - Filling up the DagBag from /home/beatriz/Documentos/airflow/airflow_venv/lib/python3.10/site-packages/airflow/example_dags/example_latest_only_with_trigger.py
[2024-12-09T16:00:30.903-0300] {processor.py:840} INFO - DAG(s) 'latest_only_with_trigger' retrieved from /home/beatriz/Documentos/airflow/airflow_venv/lib/python3.10/site-packages/airflow/example_dags/example_latest_only_with_trigger.py
[2024-12-09T16:00:30.915-0300] {logging_mixin.py:188} INFO - [2024-12-09T16:00:30.915-0300] {dag.py:3096} INFO - Sync 1 DAGs
[2024-12-09T16:00:30.929-0300] {logging_mixin.py:188} INFO - [2024-12-09T16:00:30.929-0300] {dag.py:3954} INFO - Setting next_dagrun for latest_only_with_trigger to 2024-12-09 12:00:00+00:00, run_after=2024-12-09 16:00:00+00:00
[2024-12-09T16:00:30.948-0300] {processor.py:183} INFO - Processing /home/beatriz/Documentos/airflow/airflow_venv/lib/python3.10/site-packages/airflow/example_dags/example_latest_only_with_trigger.py took 0.056 seconds
[2024-12-09T16:28:42.915-0300] {processor.py:161} INFO - Started process (PID=20462) to work on /home/beatriz/Documentos/airflow/airflow_venv/lib/python3.10/site-packages/airflow/example_dags/example_latest_only_with_trigger.py
[2024-12-09T16:28:42.916-0300] {processor.py:830} INFO - Processing file /home/beatriz/Documentos/airflow/airflow_venv/lib/python3.10/site-packages/airflow/example_dags/example_latest_only_with_trigger.py for tasks to queue
[2024-12-09T16:28:42.919-0300] {logging_mixin.py:188} INFO - [2024-12-09T16:28:42.918-0300] {dagbag.py:540} INFO - Filling up the DagBag from /home/beatriz/Documentos/airflow/airflow_venv/lib/python3.10/site-packages/airflow/example_dags/example_latest_only_with_trigger.py
[2024-12-09T16:28:42.930-0300] {processor.py:840} INFO - DAG(s) 'latest_only_with_trigger' retrieved from /home/beatriz/Documentos/airflow/airflow_venv/lib/python3.10/site-packages/airflow/example_dags/example_latest_only_with_trigger.py
[2024-12-09T16:28:43.012-0300] {logging_mixin.py:188} INFO - [2024-12-09T16:28:43.012-0300] {dag.py:3096} INFO - Sync 1 DAGs
[2024-12-09T16:28:43.026-0300] {logging_mixin.py:188} INFO - [2024-12-09T16:28:43.025-0300] {dag.py:3954} INFO - Setting next_dagrun for latest_only_with_trigger to 2024-12-09 12:00:00+00:00, run_after=2024-12-09 16:00:00+00:00
[2024-12-09T16:28:43.044-0300] {processor.py:183} INFO - Processing /home/beatriz/Documentos/airflow/airflow_venv/lib/python3.10/site-packages/airflow/example_dags/example_latest_only_with_trigger.py took 0.139 seconds
[2024-12-09T16:29:53.472-0300] {processor.py:161} INFO - Started process (PID=21666) to work on /home/beatriz/Documentos/airflow/airflow_venv/lib/python3.10/site-packages/airflow/example_dags/example_latest_only_with_trigger.py
[2024-12-09T16:29:53.474-0300] {processor.py:830} INFO - Processing file /home/beatriz/Documentos/airflow/airflow_venv/lib/python3.10/site-packages/airflow/example_dags/example_latest_only_with_trigger.py for tasks to queue
[2024-12-09T16:29:53.475-0300] {logging_mixin.py:188} INFO - [2024-12-09T16:29:53.475-0300] {dagbag.py:540} INFO - Filling up the DagBag from /home/beatriz/Documentos/airflow/airflow_venv/lib/python3.10/site-packages/airflow/example_dags/example_latest_only_with_trigger.py
[2024-12-09T16:29:53.480-0300] {processor.py:840} INFO - DAG(s) 'latest_only_with_trigger' retrieved from /home/beatriz/Documentos/airflow/airflow_venv/lib/python3.10/site-packages/airflow/example_dags/example_latest_only_with_trigger.py
[2024-12-09T16:29:53.495-0300] {logging_mixin.py:188} INFO - [2024-12-09T16:29:53.495-0300] {dag.py:3096} INFO - Sync 1 DAGs
[2024-12-09T16:29:53.513-0300] {logging_mixin.py:188} INFO - [2024-12-09T16:29:53.513-0300] {dag.py:3954} INFO - Setting next_dagrun for latest_only_with_trigger to 2024-12-09 12:00:00+00:00, run_after=2024-12-09 16:00:00+00:00
[2024-12-09T16:29:53.537-0300] {processor.py:183} INFO - Processing /home/beatriz/Documentos/airflow/airflow_venv/lib/python3.10/site-packages/airflow/example_dags/example_latest_only_with_trigger.py took 0.069 seconds
[2024-12-09T16:47:16.149-0300] {processor.py:161} INFO - Started process (PID=24221) to work on /home/beatriz/Documentos/airflow/airflow_venv/lib/python3.10/site-packages/airflow/example_dags/example_latest_only_with_trigger.py
[2024-12-09T16:47:16.151-0300] {processor.py:830} INFO - Processing file /home/beatriz/Documentos/airflow/airflow_venv/lib/python3.10/site-packages/airflow/example_dags/example_latest_only_with_trigger.py for tasks to queue
[2024-12-09T16:47:16.154-0300] {logging_mixin.py:188} INFO - [2024-12-09T16:47:16.153-0300] {dagbag.py:540} INFO - Filling up the DagBag from /home/beatriz/Documentos/airflow/airflow_venv/lib/python3.10/site-packages/airflow/example_dags/example_latest_only_with_trigger.py
[2024-12-09T16:47:16.165-0300] {processor.py:840} INFO - DAG(s) 'latest_only_with_trigger' retrieved from /home/beatriz/Documentos/airflow/airflow_venv/lib/python3.10/site-packages/airflow/example_dags/example_latest_only_with_trigger.py
[2024-12-09T16:47:16.245-0300] {logging_mixin.py:188} INFO - [2024-12-09T16:47:16.245-0300] {dag.py:3096} INFO - Sync 1 DAGs
[2024-12-09T16:47:16.257-0300] {logging_mixin.py:188} INFO - [2024-12-09T16:47:16.256-0300] {dag.py:3954} INFO - Setting next_dagrun for latest_only_with_trigger to 2024-12-09 12:00:00+00:00, run_after=2024-12-09 16:00:00+00:00
[2024-12-09T16:47:16.275-0300] {processor.py:183} INFO - Processing /home/beatriz/Documentos/airflow/airflow_venv/lib/python3.10/site-packages/airflow/example_dags/example_latest_only_with_trigger.py took 0.136 seconds
[2024-12-09T16:48:14.527-0300] {processor.py:161} INFO - Started process (PID=24836) to work on /home/beatriz/Documentos/airflow/airflow_venv/lib/python3.10/site-packages/airflow/example_dags/example_latest_only_with_trigger.py
[2024-12-09T16:48:14.528-0300] {processor.py:830} INFO - Processing file /home/beatriz/Documentos/airflow/airflow_venv/lib/python3.10/site-packages/airflow/example_dags/example_latest_only_with_trigger.py for tasks to queue
[2024-12-09T16:48:14.528-0300] {logging_mixin.py:188} INFO - [2024-12-09T16:48:14.528-0300] {dagbag.py:540} INFO - Filling up the DagBag from /home/beatriz/Documentos/airflow/airflow_venv/lib/python3.10/site-packages/airflow/example_dags/example_latest_only_with_trigger.py
[2024-12-09T16:48:14.533-0300] {processor.py:840} INFO - DAG(s) 'latest_only_with_trigger' retrieved from /home/beatriz/Documentos/airflow/airflow_venv/lib/python3.10/site-packages/airflow/example_dags/example_latest_only_with_trigger.py
[2024-12-09T16:48:14.545-0300] {logging_mixin.py:188} INFO - [2024-12-09T16:48:14.545-0300] {dag.py:3096} INFO - Sync 1 DAGs
[2024-12-09T16:48:14.563-0300] {logging_mixin.py:188} INFO - [2024-12-09T16:48:14.563-0300] {dag.py:3954} INFO - Setting next_dagrun for latest_only_with_trigger to 2024-12-09 12:00:00+00:00, run_after=2024-12-09 16:00:00+00:00
[2024-12-09T16:48:14.583-0300] {processor.py:183} INFO - Processing /home/beatriz/Documentos/airflow/airflow_venv/lib/python3.10/site-packages/airflow/example_dags/example_latest_only_with_trigger.py took 0.060 seconds
[2024-12-09T16:49:06.625-0300] {processor.py:161} INFO - Started process (PID=25141) to work on /home/beatriz/Documentos/airflow/airflow_venv/lib/python3.10/site-packages/airflow/example_dags/example_latest_only_with_trigger.py
[2024-12-09T16:49:06.627-0300] {processor.py:830} INFO - Processing file /home/beatriz/Documentos/airflow/airflow_venv/lib/python3.10/site-packages/airflow/example_dags/example_latest_only_with_trigger.py for tasks to queue
[2024-12-09T16:49:06.628-0300] {logging_mixin.py:188} INFO - [2024-12-09T16:49:06.628-0300] {dagbag.py:540} INFO - Filling up the DagBag from /home/beatriz/Documentos/airflow/airflow_venv/lib/python3.10/site-packages/airflow/example_dags/example_latest_only_with_trigger.py
[2024-12-09T16:49:06.635-0300] {processor.py:840} INFO - DAG(s) 'latest_only_with_trigger' retrieved from /home/beatriz/Documentos/airflow/airflow_venv/lib/python3.10/site-packages/airflow/example_dags/example_latest_only_with_trigger.py
[2024-12-09T16:49:06.650-0300] {logging_mixin.py:188} INFO - [2024-12-09T16:49:06.650-0300] {dag.py:3096} INFO - Sync 1 DAGs
[2024-12-09T16:49:06.671-0300] {logging_mixin.py:188} INFO - [2024-12-09T16:49:06.671-0300] {dag.py:3954} INFO - Setting next_dagrun for latest_only_with_trigger to 2024-12-09 12:00:00+00:00, run_after=2024-12-09 16:00:00+00:00
[2024-12-09T16:49:06.690-0300] {processor.py:183} INFO - Processing /home/beatriz/Documentos/airflow/airflow_venv/lib/python3.10/site-packages/airflow/example_dags/example_latest_only_with_trigger.py took 0.078 seconds
[2024-12-09T16:49:58.116-0300] {processor.py:161} INFO - Started process (PID=25498) to work on /home/beatriz/Documentos/airflow/airflow_venv/lib/python3.10/site-packages/airflow/example_dags/example_latest_only_with_trigger.py
[2024-12-09T16:49:58.119-0300] {processor.py:830} INFO - Processing file /home/beatriz/Documentos/airflow/airflow_venv/lib/python3.10/site-packages/airflow/example_dags/example_latest_only_with_trigger.py for tasks to queue
[2024-12-09T16:49:58.120-0300] {logging_mixin.py:188} INFO - [2024-12-09T16:49:58.120-0300] {dagbag.py:540} INFO - Filling up the DagBag from /home/beatriz/Documentos/airflow/airflow_venv/lib/python3.10/site-packages/airflow/example_dags/example_latest_only_with_trigger.py
[2024-12-09T16:49:58.127-0300] {processor.py:840} INFO - DAG(s) 'latest_only_with_trigger' retrieved from /home/beatriz/Documentos/airflow/airflow_venv/lib/python3.10/site-packages/airflow/example_dags/example_latest_only_with_trigger.py
[2024-12-09T16:49:58.143-0300] {logging_mixin.py:188} INFO - [2024-12-09T16:49:58.143-0300] {dag.py:3096} INFO - Sync 1 DAGs
[2024-12-09T16:49:58.163-0300] {logging_mixin.py:188} INFO - [2024-12-09T16:49:58.163-0300] {dag.py:3954} INFO - Setting next_dagrun for latest_only_with_trigger to 2024-12-09 12:00:00+00:00, run_after=2024-12-09 16:00:00+00:00
[2024-12-09T16:49:58.188-0300] {processor.py:183} INFO - Processing /home/beatriz/Documentos/airflow/airflow_venv/lib/python3.10/site-packages/airflow/example_dags/example_latest_only_with_trigger.py took 0.078 seconds
[2024-12-09T16:51:12.149-0300] {processor.py:161} INFO - Started process (PID=26173) to work on /home/beatriz/Documentos/airflow/airflow_venv/lib/python3.10/site-packages/airflow/example_dags/example_latest_only_with_trigger.py
[2024-12-09T16:51:12.150-0300] {processor.py:830} INFO - Processing file /home/beatriz/Documentos/airflow/airflow_venv/lib/python3.10/site-packages/airflow/example_dags/example_latest_only_with_trigger.py for tasks to queue
[2024-12-09T16:51:12.151-0300] {logging_mixin.py:188} INFO - [2024-12-09T16:51:12.151-0300] {dagbag.py:540} INFO - Filling up the DagBag from /home/beatriz/Documentos/airflow/airflow_venv/lib/python3.10/site-packages/airflow/example_dags/example_latest_only_with_trigger.py
[2024-12-09T16:51:12.158-0300] {processor.py:840} INFO - DAG(s) 'latest_only_with_trigger' retrieved from /home/beatriz/Documentos/airflow/airflow_venv/lib/python3.10/site-packages/airflow/example_dags/example_latest_only_with_trigger.py
[2024-12-09T16:51:12.170-0300] {logging_mixin.py:188} INFO - [2024-12-09T16:51:12.170-0300] {dag.py:3096} INFO - Sync 1 DAGs
[2024-12-09T16:51:12.185-0300] {logging_mixin.py:188} INFO - [2024-12-09T16:51:12.185-0300] {dag.py:3954} INFO - Setting next_dagrun for latest_only_with_trigger to 2024-12-09 12:00:00+00:00, run_after=2024-12-09 16:00:00+00:00
[2024-12-09T16:51:12.204-0300] {processor.py:183} INFO - Processing /home/beatriz/Documentos/airflow/airflow_venv/lib/python3.10/site-packages/airflow/example_dags/example_latest_only_with_trigger.py took 0.059 seconds
[2024-12-09T16:52:13.081-0300] {processor.py:161} INFO - Started process (PID=27052) to work on /home/beatriz/Documentos/airflow/airflow_venv/lib/python3.10/site-packages/airflow/example_dags/example_latest_only_with_trigger.py
[2024-12-09T16:52:13.082-0300] {processor.py:830} INFO - Processing file /home/beatriz/Documentos/airflow/airflow_venv/lib/python3.10/site-packages/airflow/example_dags/example_latest_only_with_trigger.py for tasks to queue
[2024-12-09T16:52:13.082-0300] {logging_mixin.py:188} INFO - [2024-12-09T16:52:13.082-0300] {dagbag.py:540} INFO - Filling up the DagBag from /home/beatriz/Documentos/airflow/airflow_venv/lib/python3.10/site-packages/airflow/example_dags/example_latest_only_with_trigger.py
[2024-12-09T16:52:13.089-0300] {processor.py:840} INFO - DAG(s) 'latest_only_with_trigger' retrieved from /home/beatriz/Documentos/airflow/airflow_venv/lib/python3.10/site-packages/airflow/example_dags/example_latest_only_with_trigger.py
[2024-12-09T16:52:13.101-0300] {logging_mixin.py:188} INFO - [2024-12-09T16:52:13.101-0300] {dag.py:3096} INFO - Sync 1 DAGs
[2024-12-09T16:52:13.117-0300] {logging_mixin.py:188} INFO - [2024-12-09T16:52:13.116-0300] {dag.py:3954} INFO - Setting next_dagrun for latest_only_with_trigger to 2024-12-09 12:00:00+00:00, run_after=2024-12-09 16:00:00+00:00
[2024-12-09T16:52:13.134-0300] {processor.py:183} INFO - Processing /home/beatriz/Documentos/airflow/airflow_venv/lib/python3.10/site-packages/airflow/example_dags/example_latest_only_with_trigger.py took 0.058 seconds
[2024-12-09T16:53:08.092-0300] {processor.py:161} INFO - Started process (PID=27456) to work on /home/beatriz/Documentos/airflow/airflow_venv/lib/python3.10/site-packages/airflow/example_dags/example_latest_only_with_trigger.py
[2024-12-09T16:53:08.094-0300] {processor.py:830} INFO - Processing file /home/beatriz/Documentos/airflow/airflow_venv/lib/python3.10/site-packages/airflow/example_dags/example_latest_only_with_trigger.py for tasks to queue
[2024-12-09T16:53:08.096-0300] {logging_mixin.py:188} INFO - [2024-12-09T16:53:08.095-0300] {dagbag.py:540} INFO - Filling up the DagBag from /home/beatriz/Documentos/airflow/airflow_venv/lib/python3.10/site-packages/airflow/example_dags/example_latest_only_with_trigger.py
[2024-12-09T16:53:08.105-0300] {processor.py:840} INFO - DAG(s) 'latest_only_with_trigger' retrieved from /home/beatriz/Documentos/airflow/airflow_venv/lib/python3.10/site-packages/airflow/example_dags/example_latest_only_with_trigger.py
[2024-12-09T16:53:08.120-0300] {logging_mixin.py:188} INFO - [2024-12-09T16:53:08.120-0300] {dag.py:3096} INFO - Sync 1 DAGs
[2024-12-09T16:53:08.135-0300] {logging_mixin.py:188} INFO - [2024-12-09T16:53:08.135-0300] {dag.py:3954} INFO - Setting next_dagrun for latest_only_with_trigger to 2024-12-09 12:00:00+00:00, run_after=2024-12-09 16:00:00+00:00
[2024-12-09T16:53:08.154-0300] {processor.py:183} INFO - Processing /home/beatriz/Documentos/airflow/airflow_venv/lib/python3.10/site-packages/airflow/example_dags/example_latest_only_with_trigger.py took 0.076 seconds
[2024-12-09T16:54:04.496-0300] {processor.py:161} INFO - Started process (PID=27871) to work on /home/beatriz/Documentos/airflow/airflow_venv/lib/python3.10/site-packages/airflow/example_dags/example_latest_only_with_trigger.py
[2024-12-09T16:54:04.497-0300] {processor.py:830} INFO - Processing file /home/beatriz/Documentos/airflow/airflow_venv/lib/python3.10/site-packages/airflow/example_dags/example_latest_only_with_trigger.py for tasks to queue
[2024-12-09T16:54:04.497-0300] {logging_mixin.py:188} INFO - [2024-12-09T16:54:04.497-0300] {dagbag.py:540} INFO - Filling up the DagBag from /home/beatriz/Documentos/airflow/airflow_venv/lib/python3.10/site-packages/airflow/example_dags/example_latest_only_with_trigger.py
[2024-12-09T16:54:04.504-0300] {processor.py:840} INFO - DAG(s) 'latest_only_with_trigger' retrieved from /home/beatriz/Documentos/airflow/airflow_venv/lib/python3.10/site-packages/airflow/example_dags/example_latest_only_with_trigger.py
[2024-12-09T16:54:04.518-0300] {logging_mixin.py:188} INFO - [2024-12-09T16:54:04.517-0300] {dag.py:3096} INFO - Sync 1 DAGs
[2024-12-09T16:54:04.532-0300] {logging_mixin.py:188} INFO - [2024-12-09T16:54:04.532-0300] {dag.py:3954} INFO - Setting next_dagrun for latest_only_with_trigger to 2024-12-09 12:00:00+00:00, run_after=2024-12-09 16:00:00+00:00
[2024-12-09T16:54:04.550-0300] {processor.py:183} INFO - Processing /home/beatriz/Documentos/airflow/airflow_venv/lib/python3.10/site-packages/airflow/example_dags/example_latest_only_with_trigger.py took 0.058 seconds
[2024-12-09T16:55:16.649-0300] {processor.py:161} INFO - Started process (PID=28492) to work on /home/beatriz/Documentos/airflow/airflow_venv/lib/python3.10/site-packages/airflow/example_dags/example_latest_only_with_trigger.py
[2024-12-09T16:55:16.651-0300] {processor.py:830} INFO - Processing file /home/beatriz/Documentos/airflow/airflow_venv/lib/python3.10/site-packages/airflow/example_dags/example_latest_only_with_trigger.py for tasks to queue
[2024-12-09T16:55:16.653-0300] {logging_mixin.py:188} INFO - [2024-12-09T16:55:16.652-0300] {dagbag.py:540} INFO - Filling up the DagBag from /home/beatriz/Documentos/airflow/airflow_venv/lib/python3.10/site-packages/airflow/example_dags/example_latest_only_with_trigger.py
[2024-12-09T16:55:16.671-0300] {processor.py:840} INFO - DAG(s) 'latest_only_with_trigger' retrieved from /home/beatriz/Documentos/airflow/airflow_venv/lib/python3.10/site-packages/airflow/example_dags/example_latest_only_with_trigger.py
[2024-12-09T16:55:16.701-0300] {logging_mixin.py:188} INFO - [2024-12-09T16:55:16.701-0300] {dag.py:3096} INFO - Sync 1 DAGs
[2024-12-09T16:55:16.722-0300] {logging_mixin.py:188} INFO - [2024-12-09T16:55:16.722-0300] {dag.py:3954} INFO - Setting next_dagrun for latest_only_with_trigger to 2024-12-09 12:00:00+00:00, run_after=2024-12-09 16:00:00+00:00
[2024-12-09T16:55:16.754-0300] {processor.py:183} INFO - Processing /home/beatriz/Documentos/airflow/airflow_venv/lib/python3.10/site-packages/airflow/example_dags/example_latest_only_with_trigger.py took 0.118 seconds
[2024-12-09T17:00:06.434-0300] {processor.py:161} INFO - Started process (PID=29466) to work on /home/beatriz/Documentos/airflow/airflow_venv/lib/python3.10/site-packages/airflow/example_dags/example_latest_only_with_trigger.py
[2024-12-09T17:00:06.446-0300] {processor.py:830} INFO - Processing file /home/beatriz/Documentos/airflow/airflow_venv/lib/python3.10/site-packages/airflow/example_dags/example_latest_only_with_trigger.py for tasks to queue
[2024-12-09T17:00:06.527-0300] {logging_mixin.py:188} INFO - [2024-12-09T17:00:06.447-0300] {dagbag.py:540} INFO - Filling up the DagBag from /home/beatriz/Documentos/airflow/airflow_venv/lib/python3.10/site-packages/airflow/example_dags/example_latest_only_with_trigger.py
[2024-12-09T17:00:06.578-0300] {processor.py:840} INFO - DAG(s) 'latest_only_with_trigger' retrieved from /home/beatriz/Documentos/airflow/airflow_venv/lib/python3.10/site-packages/airflow/example_dags/example_latest_only_with_trigger.py
[2024-12-09T17:00:06.693-0300] {logging_mixin.py:188} INFO - [2024-12-09T17:00:06.680-0300] {dag.py:3096} INFO - Sync 1 DAGs
[2024-12-09T17:00:06.771-0300] {logging_mixin.py:188} INFO - [2024-12-09T17:00:06.771-0300] {dag.py:3954} INFO - Setting next_dagrun for latest_only_with_trigger to 2024-12-09 16:00:00+00:00, run_after=2024-12-09 20:00:00+00:00
[2024-12-09T17:00:07.026-0300] {processor.py:183} INFO - Processing /home/beatriz/Documentos/airflow/airflow_venv/lib/python3.10/site-packages/airflow/example_dags/example_latest_only_with_trigger.py took 0.610 seconds
[2024-12-09T17:03:00.464-0300] {processor.py:161} INFO - Started process (PID=29735) to work on /home/beatriz/Documentos/airflow/airflow_venv/lib/python3.10/site-packages/airflow/example_dags/example_latest_only_with_trigger.py
[2024-12-09T17:03:00.470-0300] {processor.py:830} INFO - Processing file /home/beatriz/Documentos/airflow/airflow_venv/lib/python3.10/site-packages/airflow/example_dags/example_latest_only_with_trigger.py for tasks to queue
[2024-12-09T17:03:00.524-0300] {logging_mixin.py:188} INFO - [2024-12-09T17:03:00.472-0300] {dagbag.py:540} INFO - Filling up the DagBag from /home/beatriz/Documentos/airflow/airflow_venv/lib/python3.10/site-packages/airflow/example_dags/example_latest_only_with_trigger.py
[2024-12-09T17:03:00.569-0300] {processor.py:840} INFO - DAG(s) 'latest_only_with_trigger' retrieved from /home/beatriz/Documentos/airflow/airflow_venv/lib/python3.10/site-packages/airflow/example_dags/example_latest_only_with_trigger.py
[2024-12-09T17:03:00.626-0300] {logging_mixin.py:188} INFO - [2024-12-09T17:03:00.626-0300] {dag.py:3096} INFO - Sync 1 DAGs
[2024-12-09T17:03:00.679-0300] {logging_mixin.py:188} INFO - [2024-12-09T17:03:00.678-0300] {dag.py:3954} INFO - Setting next_dagrun for latest_only_with_trigger to 2024-12-09 16:00:00+00:00, run_after=2024-12-09 20:00:00+00:00
[2024-12-09T17:03:00.721-0300] {processor.py:183} INFO - Processing /home/beatriz/Documentos/airflow/airflow_venv/lib/python3.10/site-packages/airflow/example_dags/example_latest_only_with_trigger.py took 0.284 seconds
[2024-12-09T17:05:26.613-0300] {processor.py:161} INFO - Started process (PID=30497) to work on /home/beatriz/Documentos/airflow/airflow_venv/lib/python3.10/site-packages/airflow/example_dags/example_latest_only_with_trigger.py
[2024-12-09T17:05:26.614-0300] {processor.py:830} INFO - Processing file /home/beatriz/Documentos/airflow/airflow_venv/lib/python3.10/site-packages/airflow/example_dags/example_latest_only_with_trigger.py for tasks to queue
[2024-12-09T17:05:26.616-0300] {logging_mixin.py:188} INFO - [2024-12-09T17:05:26.615-0300] {dagbag.py:540} INFO - Filling up the DagBag from /home/beatriz/Documentos/airflow/airflow_venv/lib/python3.10/site-packages/airflow/example_dags/example_latest_only_with_trigger.py
[2024-12-09T17:05:26.622-0300] {processor.py:840} INFO - DAG(s) 'latest_only_with_trigger' retrieved from /home/beatriz/Documentos/airflow/airflow_venv/lib/python3.10/site-packages/airflow/example_dags/example_latest_only_with_trigger.py
[2024-12-09T17:05:26.635-0300] {logging_mixin.py:188} INFO - [2024-12-09T17:05:26.635-0300] {dag.py:3096} INFO - Sync 1 DAGs
[2024-12-09T17:05:26.649-0300] {logging_mixin.py:188} INFO - [2024-12-09T17:05:26.649-0300] {dag.py:3954} INFO - Setting next_dagrun for latest_only_with_trigger to 2024-12-09 16:00:00+00:00, run_after=2024-12-09 20:00:00+00:00
[2024-12-09T17:05:26.671-0300] {processor.py:183} INFO - Processing /home/beatriz/Documentos/airflow/airflow_venv/lib/python3.10/site-packages/airflow/example_dags/example_latest_only_with_trigger.py took 0.063 seconds
