[2024-12-09T15:00:15.149-0300] {processor.py:161} INFO - Started process (PID=28640) to work on /home/beatriz/Documentos/airflow/airflow_venv/lib/python3.10/site-packages/airflow/example_dags/example_params_ui_tutorial.py
[2024-12-09T15:00:15.151-0300] {processor.py:830} INFO - Processing file /home/beatriz/Documentos/airflow/airflow_venv/lib/python3.10/site-packages/airflow/example_dags/example_params_ui_tutorial.py for tasks to queue
[2024-12-09T15:00:15.155-0300] {logging_mixin.py:188} INFO - [2024-12-09T15:00:15.154-0300] {dagbag.py:540} INFO - Filling up the DagBag from /home/beatriz/Documentos/airflow/airflow_venv/lib/python3.10/site-packages/airflow/example_dags/example_params_ui_tutorial.py
[2024-12-09T15:00:15.177-0300] {processor.py:840} INFO - DAG(s) 'example_params_ui_tutorial' retrieved from /home/beatriz/Documentos/airflow/airflow_venv/lib/python3.10/site-packages/airflow/example_dags/example_params_ui_tutorial.py
[2024-12-09T15:00:15.303-0300] {logging_mixin.py:188} INFO - [2024-12-09T15:00:15.302-0300] {dag.py:3096} INFO - Sync 1 DAGs
[2024-12-09T15:00:15.314-0300] {logging_mixin.py:188} INFO - [2024-12-09T15:00:15.313-0300] {dag.py:3954} INFO - Setting next_dagrun for example_params_ui_tutorial to None, run_after=None
[2024-12-09T15:00:15.346-0300] {processor.py:183} INFO - Processing /home/beatriz/Documentos/airflow/airflow_venv/lib/python3.10/site-packages/airflow/example_dags/example_params_ui_tutorial.py took 0.209 seconds
[2024-12-09T15:01:18.849-0300] {processor.py:161} INFO - Started process (PID=29146) to work on /home/beatriz/Documentos/airflow/airflow_venv/lib/python3.10/site-packages/airflow/example_dags/example_params_ui_tutorial.py
[2024-12-09T15:01:18.851-0300] {processor.py:830} INFO - Processing file /home/beatriz/Documentos/airflow/airflow_venv/lib/python3.10/site-packages/airflow/example_dags/example_params_ui_tutorial.py for tasks to queue
[2024-12-09T15:01:18.854-0300] {logging_mixin.py:188} INFO - [2024-12-09T15:01:18.853-0300] {dagbag.py:540} INFO - Filling up the DagBag from /home/beatriz/Documentos/airflow/airflow_venv/lib/python3.10/site-packages/airflow/example_dags/example_params_ui_tutorial.py
[2024-12-09T15:01:18.879-0300] {processor.py:840} INFO - DAG(s) 'example_params_ui_tutorial' retrieved from /home/beatriz/Documentos/airflow/airflow_venv/lib/python3.10/site-packages/airflow/example_dags/example_params_ui_tutorial.py
[2024-12-09T15:01:18.929-0300] {logging_mixin.py:188} INFO - [2024-12-09T15:01:18.929-0300] {dag.py:3096} INFO - Sync 1 DAGs
[2024-12-09T15:01:18.938-0300] {logging_mixin.py:188} INFO - [2024-12-09T15:01:18.938-0300] {dag.py:3954} INFO - Setting next_dagrun for example_params_ui_tutorial to None, run_after=None
[2024-12-09T15:01:18.962-0300] {processor.py:183} INFO - Processing /home/beatriz/Documentos/airflow/airflow_venv/lib/python3.10/site-packages/airflow/example_dags/example_params_ui_tutorial.py took 0.124 seconds
[2024-12-09T15:02:17.711-0300] {processor.py:161} INFO - Started process (PID=29641) to work on /home/beatriz/Documentos/airflow/airflow_venv/lib/python3.10/site-packages/airflow/example_dags/example_params_ui_tutorial.py
[2024-12-09T15:02:17.712-0300] {processor.py:830} INFO - Processing file /home/beatriz/Documentos/airflow/airflow_venv/lib/python3.10/site-packages/airflow/example_dags/example_params_ui_tutorial.py for tasks to queue
[2024-12-09T15:02:17.713-0300] {logging_mixin.py:188} INFO - [2024-12-09T15:02:17.713-0300] {dagbag.py:540} INFO - Filling up the DagBag from /home/beatriz/Documentos/airflow/airflow_venv/lib/python3.10/site-packages/airflow/example_dags/example_params_ui_tutorial.py
[2024-12-09T15:02:17.726-0300] {processor.py:840} INFO - DAG(s) 'example_params_ui_tutorial' retrieved from /home/beatriz/Documentos/airflow/airflow_venv/lib/python3.10/site-packages/airflow/example_dags/example_params_ui_tutorial.py
[2024-12-09T15:02:17.770-0300] {logging_mixin.py:188} INFO - [2024-12-09T15:02:17.769-0300] {dag.py:3096} INFO - Sync 1 DAGs
[2024-12-09T15:02:17.778-0300] {logging_mixin.py:188} INFO - [2024-12-09T15:02:17.778-0300] {dag.py:3954} INFO - Setting next_dagrun for example_params_ui_tutorial to None, run_after=None
[2024-12-09T15:02:17.796-0300] {processor.py:183} INFO - Processing /home/beatriz/Documentos/airflow/airflow_venv/lib/python3.10/site-packages/airflow/example_dags/example_params_ui_tutorial.py took 0.090 seconds
[2024-12-09T15:04:00.138-0300] {processor.py:161} INFO - Started process (PID=30960) to work on /home/beatriz/Documentos/airflow/airflow_venv/lib/python3.10/site-packages/airflow/example_dags/example_params_ui_tutorial.py
[2024-12-09T15:04:00.139-0300] {processor.py:830} INFO - Processing file /home/beatriz/Documentos/airflow/airflow_venv/lib/python3.10/site-packages/airflow/example_dags/example_params_ui_tutorial.py for tasks to queue
[2024-12-09T15:04:00.140-0300] {logging_mixin.py:188} INFO - [2024-12-09T15:04:00.140-0300] {dagbag.py:540} INFO - Filling up the DagBag from /home/beatriz/Documentos/airflow/airflow_venv/lib/python3.10/site-packages/airflow/example_dags/example_params_ui_tutorial.py
[2024-12-09T15:04:00.152-0300] {processor.py:840} INFO - DAG(s) 'example_params_ui_tutorial' retrieved from /home/beatriz/Documentos/airflow/airflow_venv/lib/python3.10/site-packages/airflow/example_dags/example_params_ui_tutorial.py
[2024-12-09T15:04:00.266-0300] {logging_mixin.py:188} INFO - [2024-12-09T15:04:00.265-0300] {dag.py:3096} INFO - Sync 1 DAGs
[2024-12-09T15:04:00.273-0300] {logging_mixin.py:188} INFO - [2024-12-09T15:04:00.273-0300] {dag.py:3954} INFO - Setting next_dagrun for example_params_ui_tutorial to None, run_after=None
[2024-12-09T15:04:00.292-0300] {processor.py:183} INFO - Processing /home/beatriz/Documentos/airflow/airflow_venv/lib/python3.10/site-packages/airflow/example_dags/example_params_ui_tutorial.py took 0.158 seconds
[2024-12-09T15:05:00.713-0300] {processor.py:161} INFO - Started process (PID=31683) to work on /home/beatriz/Documentos/airflow/airflow_venv/lib/python3.10/site-packages/airflow/example_dags/example_params_ui_tutorial.py
[2024-12-09T15:05:00.714-0300] {processor.py:830} INFO - Processing file /home/beatriz/Documentos/airflow/airflow_venv/lib/python3.10/site-packages/airflow/example_dags/example_params_ui_tutorial.py for tasks to queue
[2024-12-09T15:05:00.715-0300] {logging_mixin.py:188} INFO - [2024-12-09T15:05:00.715-0300] {dagbag.py:540} INFO - Filling up the DagBag from /home/beatriz/Documentos/airflow/airflow_venv/lib/python3.10/site-packages/airflow/example_dags/example_params_ui_tutorial.py
[2024-12-09T15:05:00.725-0300] {processor.py:840} INFO - DAG(s) 'example_params_ui_tutorial' retrieved from /home/beatriz/Documentos/airflow/airflow_venv/lib/python3.10/site-packages/airflow/example_dags/example_params_ui_tutorial.py
[2024-12-09T15:05:00.828-0300] {logging_mixin.py:188} INFO - [2024-12-09T15:05:00.828-0300] {dag.py:3096} INFO - Sync 1 DAGs
[2024-12-09T15:05:00.836-0300] {logging_mixin.py:188} INFO - [2024-12-09T15:05:00.835-0300] {dag.py:3954} INFO - Setting next_dagrun for example_params_ui_tutorial to None, run_after=None
[2024-12-09T15:05:00.854-0300] {processor.py:183} INFO - Processing /home/beatriz/Documentos/airflow/airflow_venv/lib/python3.10/site-packages/airflow/example_dags/example_params_ui_tutorial.py took 0.146 seconds
[2024-12-09T15:06:15.180-0300] {processor.py:161} INFO - Started process (PID=32440) to work on /home/beatriz/Documentos/airflow/airflow_venv/lib/python3.10/site-packages/airflow/example_dags/example_params_ui_tutorial.py
[2024-12-09T15:06:15.182-0300] {processor.py:830} INFO - Processing file /home/beatriz/Documentos/airflow/airflow_venv/lib/python3.10/site-packages/airflow/example_dags/example_params_ui_tutorial.py for tasks to queue
[2024-12-09T15:06:15.184-0300] {logging_mixin.py:188} INFO - [2024-12-09T15:06:15.183-0300] {dagbag.py:540} INFO - Filling up the DagBag from /home/beatriz/Documentos/airflow/airflow_venv/lib/python3.10/site-packages/airflow/example_dags/example_params_ui_tutorial.py
[2024-12-09T15:06:15.192-0300] {processor.py:840} INFO - DAG(s) 'example_params_ui_tutorial' retrieved from /home/beatriz/Documentos/airflow/airflow_venv/lib/python3.10/site-packages/airflow/example_dags/example_params_ui_tutorial.py
[2024-12-09T15:06:15.281-0300] {logging_mixin.py:188} INFO - [2024-12-09T15:06:15.281-0300] {dag.py:3096} INFO - Sync 1 DAGs
[2024-12-09T15:06:15.287-0300] {logging_mixin.py:188} INFO - [2024-12-09T15:06:15.287-0300] {dag.py:3954} INFO - Setting next_dagrun for example_params_ui_tutorial to None, run_after=None
[2024-12-09T15:06:15.304-0300] {processor.py:183} INFO - Processing /home/beatriz/Documentos/airflow/airflow_venv/lib/python3.10/site-packages/airflow/example_dags/example_params_ui_tutorial.py took 0.128 seconds
[2024-12-09T15:07:20.649-0300] {processor.py:161} INFO - Started process (PID=32952) to work on /home/beatriz/Documentos/airflow/airflow_venv/lib/python3.10/site-packages/airflow/example_dags/example_params_ui_tutorial.py
[2024-12-09T15:07:20.649-0300] {processor.py:830} INFO - Processing file /home/beatriz/Documentos/airflow/airflow_venv/lib/python3.10/site-packages/airflow/example_dags/example_params_ui_tutorial.py for tasks to queue
[2024-12-09T15:07:20.650-0300] {logging_mixin.py:188} INFO - [2024-12-09T15:07:20.650-0300] {dagbag.py:540} INFO - Filling up the DagBag from /home/beatriz/Documentos/airflow/airflow_venv/lib/python3.10/site-packages/airflow/example_dags/example_params_ui_tutorial.py
[2024-12-09T15:07:20.663-0300] {processor.py:840} INFO - DAG(s) 'example_params_ui_tutorial' retrieved from /home/beatriz/Documentos/airflow/airflow_venv/lib/python3.10/site-packages/airflow/example_dags/example_params_ui_tutorial.py
[2024-12-09T15:07:20.702-0300] {logging_mixin.py:188} INFO - [2024-12-09T15:07:20.702-0300] {dag.py:3096} INFO - Sync 1 DAGs
[2024-12-09T15:07:20.710-0300] {logging_mixin.py:188} INFO - [2024-12-09T15:07:20.710-0300] {dag.py:3954} INFO - Setting next_dagrun for example_params_ui_tutorial to None, run_after=None
[2024-12-09T15:07:20.726-0300] {processor.py:183} INFO - Processing /home/beatriz/Documentos/airflow/airflow_venv/lib/python3.10/site-packages/airflow/example_dags/example_params_ui_tutorial.py took 0.084 seconds
[2024-12-09T15:08:19.246-0300] {processor.py:161} INFO - Started process (PID=33362) to work on /home/beatriz/Documentos/airflow/airflow_venv/lib/python3.10/site-packages/airflow/example_dags/example_params_ui_tutorial.py
[2024-12-09T15:08:19.249-0300] {processor.py:830} INFO - Processing file /home/beatriz/Documentos/airflow/airflow_venv/lib/python3.10/site-packages/airflow/example_dags/example_params_ui_tutorial.py for tasks to queue
[2024-12-09T15:08:19.250-0300] {logging_mixin.py:188} INFO - [2024-12-09T15:08:19.250-0300] {dagbag.py:540} INFO - Filling up the DagBag from /home/beatriz/Documentos/airflow/airflow_venv/lib/python3.10/site-packages/airflow/example_dags/example_params_ui_tutorial.py
[2024-12-09T15:08:19.297-0300] {processor.py:840} INFO - DAG(s) 'example_params_ui_tutorial' retrieved from /home/beatriz/Documentos/airflow/airflow_venv/lib/python3.10/site-packages/airflow/example_dags/example_params_ui_tutorial.py
[2024-12-09T15:08:19.365-0300] {logging_mixin.py:188} INFO - [2024-12-09T15:08:19.365-0300] {dag.py:3096} INFO - Sync 1 DAGs
[2024-12-09T15:08:19.381-0300] {logging_mixin.py:188} INFO - [2024-12-09T15:08:19.380-0300] {dag.py:3954} INFO - Setting next_dagrun for example_params_ui_tutorial to None, run_after=None
[2024-12-09T15:08:19.411-0300] {processor.py:183} INFO - Processing /home/beatriz/Documentos/airflow/airflow_venv/lib/python3.10/site-packages/airflow/example_dags/example_params_ui_tutorial.py took 0.179 seconds
[2024-12-09T15:10:58.811-0300] {processor.py:161} INFO - Started process (PID=34320) to work on /home/beatriz/Documentos/airflow/airflow_venv/lib/python3.10/site-packages/airflow/example_dags/example_params_ui_tutorial.py
[2024-12-09T15:10:58.812-0300] {processor.py:830} INFO - Processing file /home/beatriz/Documentos/airflow/airflow_venv/lib/python3.10/site-packages/airflow/example_dags/example_params_ui_tutorial.py for tasks to queue
[2024-12-09T15:10:58.861-0300] {logging_mixin.py:188} INFO - [2024-12-09T15:10:58.812-0300] {dagbag.py:540} INFO - Filling up the DagBag from /home/beatriz/Documentos/airflow/airflow_venv/lib/python3.10/site-packages/airflow/example_dags/example_params_ui_tutorial.py
[2024-12-09T15:10:58.888-0300] {processor.py:840} INFO - DAG(s) 'example_params_ui_tutorial' retrieved from /home/beatriz/Documentos/airflow/airflow_venv/lib/python3.10/site-packages/airflow/example_dags/example_params_ui_tutorial.py
[2024-12-09T15:10:58.945-0300] {logging_mixin.py:188} INFO - [2024-12-09T15:10:58.945-0300] {dag.py:3096} INFO - Sync 1 DAGs
[2024-12-09T15:10:58.953-0300] {logging_mixin.py:188} INFO - [2024-12-09T15:10:58.952-0300] {dag.py:3954} INFO - Setting next_dagrun for example_params_ui_tutorial to None, run_after=None
[2024-12-09T15:10:58.970-0300] {processor.py:183} INFO - Processing /home/beatriz/Documentos/airflow/airflow_venv/lib/python3.10/site-packages/airflow/example_dags/example_params_ui_tutorial.py took 0.165 seconds
[2024-12-09T15:12:32.905-0300] {processor.py:161} INFO - Started process (PID=34818) to work on /home/beatriz/Documentos/airflow/airflow_venv/lib/python3.10/site-packages/airflow/example_dags/example_params_ui_tutorial.py
[2024-12-09T15:12:32.907-0300] {processor.py:830} INFO - Processing file /home/beatriz/Documentos/airflow/airflow_venv/lib/python3.10/site-packages/airflow/example_dags/example_params_ui_tutorial.py for tasks to queue
[2024-12-09T15:12:32.909-0300] {logging_mixin.py:188} INFO - [2024-12-09T15:12:32.908-0300] {dagbag.py:540} INFO - Filling up the DagBag from /home/beatriz/Documentos/airflow/airflow_venv/lib/python3.10/site-packages/airflow/example_dags/example_params_ui_tutorial.py
[2024-12-09T15:12:32.934-0300] {processor.py:840} INFO - DAG(s) 'example_params_ui_tutorial' retrieved from /home/beatriz/Documentos/airflow/airflow_venv/lib/python3.10/site-packages/airflow/example_dags/example_params_ui_tutorial.py
[2024-12-09T15:12:32.990-0300] {logging_mixin.py:188} INFO - [2024-12-09T15:12:32.990-0300] {dag.py:3096} INFO - Sync 1 DAGs
[2024-12-09T15:12:32.998-0300] {logging_mixin.py:188} INFO - [2024-12-09T15:12:32.998-0300] {dag.py:3954} INFO - Setting next_dagrun for example_params_ui_tutorial to None, run_after=None
[2024-12-09T15:12:33.015-0300] {processor.py:183} INFO - Processing /home/beatriz/Documentos/airflow/airflow_venv/lib/python3.10/site-packages/airflow/example_dags/example_params_ui_tutorial.py took 0.122 seconds
[2024-12-09T15:14:05.000-0300] {processor.py:161} INFO - Started process (PID=36280) to work on /home/beatriz/Documentos/airflow/airflow_venv/lib/python3.10/site-packages/airflow/example_dags/example_params_ui_tutorial.py
[2024-12-09T15:14:05.001-0300] {processor.py:830} INFO - Processing file /home/beatriz/Documentos/airflow/airflow_venv/lib/python3.10/site-packages/airflow/example_dags/example_params_ui_tutorial.py for tasks to queue
[2024-12-09T15:14:05.002-0300] {logging_mixin.py:188} INFO - [2024-12-09T15:14:05.001-0300] {dagbag.py:540} INFO - Filling up the DagBag from /home/beatriz/Documentos/airflow/airflow_venv/lib/python3.10/site-packages/airflow/example_dags/example_params_ui_tutorial.py
[2024-12-09T15:14:05.010-0300] {processor.py:840} INFO - DAG(s) 'example_params_ui_tutorial' retrieved from /home/beatriz/Documentos/airflow/airflow_venv/lib/python3.10/site-packages/airflow/example_dags/example_params_ui_tutorial.py
[2024-12-09T15:14:05.099-0300] {logging_mixin.py:188} INFO - [2024-12-09T15:14:05.098-0300] {dag.py:3096} INFO - Sync 1 DAGs
[2024-12-09T15:14:05.105-0300] {logging_mixin.py:188} INFO - [2024-12-09T15:14:05.105-0300] {dag.py:3954} INFO - Setting next_dagrun for example_params_ui_tutorial to None, run_after=None
[2024-12-09T15:14:05.126-0300] {processor.py:183} INFO - Processing /home/beatriz/Documentos/airflow/airflow_venv/lib/python3.10/site-packages/airflow/example_dags/example_params_ui_tutorial.py took 0.130 seconds
[2024-12-09T15:15:05.879-0300] {processor.py:161} INFO - Started process (PID=36819) to work on /home/beatriz/Documentos/airflow/airflow_venv/lib/python3.10/site-packages/airflow/example_dags/example_params_ui_tutorial.py
[2024-12-09T15:15:05.882-0300] {processor.py:830} INFO - Processing file /home/beatriz/Documentos/airflow/airflow_venv/lib/python3.10/site-packages/airflow/example_dags/example_params_ui_tutorial.py for tasks to queue
[2024-12-09T15:15:05.884-0300] {logging_mixin.py:188} INFO - [2024-12-09T15:15:05.884-0300] {dagbag.py:540} INFO - Filling up the DagBag from /home/beatriz/Documentos/airflow/airflow_venv/lib/python3.10/site-packages/airflow/example_dags/example_params_ui_tutorial.py
[2024-12-09T15:15:05.900-0300] {processor.py:840} INFO - DAG(s) 'example_params_ui_tutorial' retrieved from /home/beatriz/Documentos/airflow/airflow_venv/lib/python3.10/site-packages/airflow/example_dags/example_params_ui_tutorial.py
[2024-12-09T15:15:05.944-0300] {logging_mixin.py:188} INFO - [2024-12-09T15:15:05.943-0300] {dag.py:3096} INFO - Sync 1 DAGs
[2024-12-09T15:15:05.954-0300] {logging_mixin.py:188} INFO - [2024-12-09T15:15:05.954-0300] {dag.py:3954} INFO - Setting next_dagrun for example_params_ui_tutorial to None, run_after=None
[2024-12-09T15:15:05.973-0300] {processor.py:183} INFO - Processing /home/beatriz/Documentos/airflow/airflow_venv/lib/python3.10/site-packages/airflow/example_dags/example_params_ui_tutorial.py took 0.102 seconds
[2024-12-09T15:16:02.751-0300] {processor.py:161} INFO - Started process (PID=37434) to work on /home/beatriz/Documentos/airflow/airflow_venv/lib/python3.10/site-packages/airflow/example_dags/example_params_ui_tutorial.py
[2024-12-09T15:16:02.753-0300] {processor.py:830} INFO - Processing file /home/beatriz/Documentos/airflow/airflow_venv/lib/python3.10/site-packages/airflow/example_dags/example_params_ui_tutorial.py for tasks to queue
[2024-12-09T15:16:02.755-0300] {logging_mixin.py:188} INFO - [2024-12-09T15:16:02.754-0300] {dagbag.py:540} INFO - Filling up the DagBag from /home/beatriz/Documentos/airflow/airflow_venv/lib/python3.10/site-packages/airflow/example_dags/example_params_ui_tutorial.py
[2024-12-09T15:16:02.763-0300] {processor.py:840} INFO - DAG(s) 'example_params_ui_tutorial' retrieved from /home/beatriz/Documentos/airflow/airflow_venv/lib/python3.10/site-packages/airflow/example_dags/example_params_ui_tutorial.py
[2024-12-09T15:16:02.797-0300] {logging_mixin.py:188} INFO - [2024-12-09T15:16:02.797-0300] {dag.py:3096} INFO - Sync 1 DAGs
[2024-12-09T15:16:02.804-0300] {logging_mixin.py:188} INFO - [2024-12-09T15:16:02.804-0300] {dag.py:3954} INFO - Setting next_dagrun for example_params_ui_tutorial to None, run_after=None
[2024-12-09T15:16:02.820-0300] {processor.py:183} INFO - Processing /home/beatriz/Documentos/airflow/airflow_venv/lib/python3.10/site-packages/airflow/example_dags/example_params_ui_tutorial.py took 0.073 seconds
[2024-12-09T15:16:59.580-0300] {processor.py:161} INFO - Started process (PID=37926) to work on /home/beatriz/Documentos/airflow/airflow_venv/lib/python3.10/site-packages/airflow/example_dags/example_params_ui_tutorial.py
[2024-12-09T15:16:59.582-0300] {processor.py:830} INFO - Processing file /home/beatriz/Documentos/airflow/airflow_venv/lib/python3.10/site-packages/airflow/example_dags/example_params_ui_tutorial.py for tasks to queue
[2024-12-09T15:16:59.583-0300] {logging_mixin.py:188} INFO - [2024-12-09T15:16:59.583-0300] {dagbag.py:540} INFO - Filling up the DagBag from /home/beatriz/Documentos/airflow/airflow_venv/lib/python3.10/site-packages/airflow/example_dags/example_params_ui_tutorial.py
[2024-12-09T15:16:59.663-0300] {processor.py:840} INFO - DAG(s) 'example_params_ui_tutorial' retrieved from /home/beatriz/Documentos/airflow/airflow_venv/lib/python3.10/site-packages/airflow/example_dags/example_params_ui_tutorial.py
[2024-12-09T15:16:59.699-0300] {logging_mixin.py:188} INFO - [2024-12-09T15:16:59.699-0300] {dag.py:3096} INFO - Sync 1 DAGs
[2024-12-09T15:16:59.707-0300] {logging_mixin.py:188} INFO - [2024-12-09T15:16:59.707-0300] {dag.py:3954} INFO - Setting next_dagrun for example_params_ui_tutorial to None, run_after=None
[2024-12-09T15:16:59.724-0300] {processor.py:183} INFO - Processing /home/beatriz/Documentos/airflow/airflow_venv/lib/python3.10/site-packages/airflow/example_dags/example_params_ui_tutorial.py took 0.149 seconds
[2024-12-09T15:17:50.932-0300] {processor.py:161} INFO - Started process (PID=38448) to work on /home/beatriz/Documentos/airflow/airflow_venv/lib/python3.10/site-packages/airflow/example_dags/example_params_ui_tutorial.py
[2024-12-09T15:17:50.935-0300] {processor.py:830} INFO - Processing file /home/beatriz/Documentos/airflow/airflow_venv/lib/python3.10/site-packages/airflow/example_dags/example_params_ui_tutorial.py for tasks to queue
[2024-12-09T15:17:50.936-0300] {logging_mixin.py:188} INFO - [2024-12-09T15:17:50.936-0300] {dagbag.py:540} INFO - Filling up the DagBag from /home/beatriz/Documentos/airflow/airflow_venv/lib/python3.10/site-packages/airflow/example_dags/example_params_ui_tutorial.py
[2024-12-09T15:17:50.947-0300] {processor.py:840} INFO - DAG(s) 'example_params_ui_tutorial' retrieved from /home/beatriz/Documentos/airflow/airflow_venv/lib/python3.10/site-packages/airflow/example_dags/example_params_ui_tutorial.py
[2024-12-09T15:17:50.987-0300] {logging_mixin.py:188} INFO - [2024-12-09T15:17:50.986-0300] {dag.py:3096} INFO - Sync 1 DAGs
[2024-12-09T15:17:50.994-0300] {logging_mixin.py:188} INFO - [2024-12-09T15:17:50.994-0300] {dag.py:3954} INFO - Setting next_dagrun for example_params_ui_tutorial to None, run_after=None
[2024-12-09T15:17:51.010-0300] {processor.py:183} INFO - Processing /home/beatriz/Documentos/airflow/airflow_venv/lib/python3.10/site-packages/airflow/example_dags/example_params_ui_tutorial.py took 0.083 seconds
[2024-12-09T15:19:09.852-0300] {processor.py:161} INFO - Started process (PID=39617) to work on /home/beatriz/Documentos/airflow/airflow_venv/lib/python3.10/site-packages/airflow/example_dags/example_params_ui_tutorial.py
[2024-12-09T15:19:09.854-0300] {processor.py:830} INFO - Processing file /home/beatriz/Documentos/airflow/airflow_venv/lib/python3.10/site-packages/airflow/example_dags/example_params_ui_tutorial.py for tasks to queue
[2024-12-09T15:19:09.856-0300] {logging_mixin.py:188} INFO - [2024-12-09T15:19:09.856-0300] {dagbag.py:540} INFO - Filling up the DagBag from /home/beatriz/Documentos/airflow/airflow_venv/lib/python3.10/site-packages/airflow/example_dags/example_params_ui_tutorial.py
[2024-12-09T15:19:09.869-0300] {processor.py:840} INFO - DAG(s) 'example_params_ui_tutorial' retrieved from /home/beatriz/Documentos/airflow/airflow_venv/lib/python3.10/site-packages/airflow/example_dags/example_params_ui_tutorial.py
[2024-12-09T15:19:09.969-0300] {logging_mixin.py:188} INFO - [2024-12-09T15:19:09.968-0300] {dag.py:3096} INFO - Sync 1 DAGs
[2024-12-09T15:19:09.976-0300] {logging_mixin.py:188} INFO - [2024-12-09T15:19:09.976-0300] {dag.py:3954} INFO - Setting next_dagrun for example_params_ui_tutorial to None, run_after=None
[2024-12-09T15:19:09.994-0300] {processor.py:183} INFO - Processing /home/beatriz/Documentos/airflow/airflow_venv/lib/python3.10/site-packages/airflow/example_dags/example_params_ui_tutorial.py took 0.152 seconds
[2024-12-09T15:20:09.418-0300] {processor.py:161} INFO - Started process (PID=40324) to work on /home/beatriz/Documentos/airflow/airflow_venv/lib/python3.10/site-packages/airflow/example_dags/example_params_ui_tutorial.py
[2024-12-09T15:20:09.419-0300] {processor.py:830} INFO - Processing file /home/beatriz/Documentos/airflow/airflow_venv/lib/python3.10/site-packages/airflow/example_dags/example_params_ui_tutorial.py for tasks to queue
[2024-12-09T15:20:09.420-0300] {logging_mixin.py:188} INFO - [2024-12-09T15:20:09.420-0300] {dagbag.py:540} INFO - Filling up the DagBag from /home/beatriz/Documentos/airflow/airflow_venv/lib/python3.10/site-packages/airflow/example_dags/example_params_ui_tutorial.py
[2024-12-09T15:20:09.431-0300] {processor.py:840} INFO - DAG(s) 'example_params_ui_tutorial' retrieved from /home/beatriz/Documentos/airflow/airflow_venv/lib/python3.10/site-packages/airflow/example_dags/example_params_ui_tutorial.py
[2024-12-09T15:20:09.472-0300] {logging_mixin.py:188} INFO - [2024-12-09T15:20:09.472-0300] {dag.py:3096} INFO - Sync 1 DAGs
[2024-12-09T15:20:09.480-0300] {logging_mixin.py:188} INFO - [2024-12-09T15:20:09.480-0300] {dag.py:3954} INFO - Setting next_dagrun for example_params_ui_tutorial to None, run_after=None
[2024-12-09T15:20:09.498-0300] {processor.py:183} INFO - Processing /home/beatriz/Documentos/airflow/airflow_venv/lib/python3.10/site-packages/airflow/example_dags/example_params_ui_tutorial.py took 0.086 seconds
[2024-12-09T15:21:05.371-0300] {processor.py:161} INFO - Started process (PID=40813) to work on /home/beatriz/Documentos/airflow/airflow_venv/lib/python3.10/site-packages/airflow/example_dags/example_params_ui_tutorial.py
[2024-12-09T15:21:05.373-0300] {processor.py:830} INFO - Processing file /home/beatriz/Documentos/airflow/airflow_venv/lib/python3.10/site-packages/airflow/example_dags/example_params_ui_tutorial.py for tasks to queue
[2024-12-09T15:21:05.374-0300] {logging_mixin.py:188} INFO - [2024-12-09T15:21:05.374-0300] {dagbag.py:540} INFO - Filling up the DagBag from /home/beatriz/Documentos/airflow/airflow_venv/lib/python3.10/site-packages/airflow/example_dags/example_params_ui_tutorial.py
[2024-12-09T15:21:05.383-0300] {processor.py:840} INFO - DAG(s) 'example_params_ui_tutorial' retrieved from /home/beatriz/Documentos/airflow/airflow_venv/lib/python3.10/site-packages/airflow/example_dags/example_params_ui_tutorial.py
[2024-12-09T15:21:05.421-0300] {logging_mixin.py:188} INFO - [2024-12-09T15:21:05.420-0300] {dag.py:3096} INFO - Sync 1 DAGs
[2024-12-09T15:21:05.429-0300] {logging_mixin.py:188} INFO - [2024-12-09T15:21:05.429-0300] {dag.py:3954} INFO - Setting next_dagrun for example_params_ui_tutorial to None, run_after=None
[2024-12-09T15:21:05.448-0300] {processor.py:183} INFO - Processing /home/beatriz/Documentos/airflow/airflow_venv/lib/python3.10/site-packages/airflow/example_dags/example_params_ui_tutorial.py took 0.081 seconds
[2024-12-09T15:22:02.768-0300] {processor.py:161} INFO - Started process (PID=41470) to work on /home/beatriz/Documentos/airflow/airflow_venv/lib/python3.10/site-packages/airflow/example_dags/example_params_ui_tutorial.py
[2024-12-09T15:22:02.769-0300] {processor.py:830} INFO - Processing file /home/beatriz/Documentos/airflow/airflow_venv/lib/python3.10/site-packages/airflow/example_dags/example_params_ui_tutorial.py for tasks to queue
[2024-12-09T15:22:02.771-0300] {logging_mixin.py:188} INFO - [2024-12-09T15:22:02.771-0300] {dagbag.py:540} INFO - Filling up the DagBag from /home/beatriz/Documentos/airflow/airflow_venv/lib/python3.10/site-packages/airflow/example_dags/example_params_ui_tutorial.py
[2024-12-09T15:22:02.782-0300] {processor.py:840} INFO - DAG(s) 'example_params_ui_tutorial' retrieved from /home/beatriz/Documentos/airflow/airflow_venv/lib/python3.10/site-packages/airflow/example_dags/example_params_ui_tutorial.py
[2024-12-09T15:22:02.898-0300] {logging_mixin.py:188} INFO - [2024-12-09T15:22:02.897-0300] {dag.py:3096} INFO - Sync 1 DAGs
[2024-12-09T15:22:02.905-0300] {logging_mixin.py:188} INFO - [2024-12-09T15:22:02.905-0300] {dag.py:3954} INFO - Setting next_dagrun for example_params_ui_tutorial to None, run_after=None
[2024-12-09T15:22:02.920-0300] {processor.py:183} INFO - Processing /home/beatriz/Documentos/airflow/airflow_venv/lib/python3.10/site-packages/airflow/example_dags/example_params_ui_tutorial.py took 0.158 seconds
[2024-12-09T15:22:56.804-0300] {processor.py:161} INFO - Started process (PID=41983) to work on /home/beatriz/Documentos/airflow/airflow_venv/lib/python3.10/site-packages/airflow/example_dags/example_params_ui_tutorial.py
[2024-12-09T15:22:56.806-0300] {processor.py:830} INFO - Processing file /home/beatriz/Documentos/airflow/airflow_venv/lib/python3.10/site-packages/airflow/example_dags/example_params_ui_tutorial.py for tasks to queue
[2024-12-09T15:22:56.807-0300] {logging_mixin.py:188} INFO - [2024-12-09T15:22:56.807-0300] {dagbag.py:540} INFO - Filling up the DagBag from /home/beatriz/Documentos/airflow/airflow_venv/lib/python3.10/site-packages/airflow/example_dags/example_params_ui_tutorial.py
[2024-12-09T15:22:56.816-0300] {processor.py:840} INFO - DAG(s) 'example_params_ui_tutorial' retrieved from /home/beatriz/Documentos/airflow/airflow_venv/lib/python3.10/site-packages/airflow/example_dags/example_params_ui_tutorial.py
[2024-12-09T15:22:56.853-0300] {logging_mixin.py:188} INFO - [2024-12-09T15:22:56.852-0300] {dag.py:3096} INFO - Sync 1 DAGs
[2024-12-09T15:22:56.860-0300] {logging_mixin.py:188} INFO - [2024-12-09T15:22:56.860-0300] {dag.py:3954} INFO - Setting next_dagrun for example_params_ui_tutorial to None, run_after=None
[2024-12-09T15:22:56.875-0300] {processor.py:183} INFO - Processing /home/beatriz/Documentos/airflow/airflow_venv/lib/python3.10/site-packages/airflow/example_dags/example_params_ui_tutorial.py took 0.076 seconds
[2024-12-09T15:23:46.021-0300] {processor.py:161} INFO - Started process (PID=42526) to work on /home/beatriz/Documentos/airflow/airflow_venv/lib/python3.10/site-packages/airflow/example_dags/example_params_ui_tutorial.py
[2024-12-09T15:23:46.023-0300] {processor.py:830} INFO - Processing file /home/beatriz/Documentos/airflow/airflow_venv/lib/python3.10/site-packages/airflow/example_dags/example_params_ui_tutorial.py for tasks to queue
[2024-12-09T15:23:46.024-0300] {logging_mixin.py:188} INFO - [2024-12-09T15:23:46.024-0300] {dagbag.py:540} INFO - Filling up the DagBag from /home/beatriz/Documentos/airflow/airflow_venv/lib/python3.10/site-packages/airflow/example_dags/example_params_ui_tutorial.py
[2024-12-09T15:23:46.036-0300] {processor.py:840} INFO - DAG(s) 'example_params_ui_tutorial' retrieved from /home/beatriz/Documentos/airflow/airflow_venv/lib/python3.10/site-packages/airflow/example_dags/example_params_ui_tutorial.py
[2024-12-09T15:23:46.075-0300] {logging_mixin.py:188} INFO - [2024-12-09T15:23:46.075-0300] {dag.py:3096} INFO - Sync 1 DAGs
[2024-12-09T15:23:46.082-0300] {logging_mixin.py:188} INFO - [2024-12-09T15:23:46.082-0300] {dag.py:3954} INFO - Setting next_dagrun for example_params_ui_tutorial to None, run_after=None
[2024-12-09T15:23:46.099-0300] {processor.py:183} INFO - Processing /home/beatriz/Documentos/airflow/airflow_venv/lib/python3.10/site-packages/airflow/example_dags/example_params_ui_tutorial.py took 0.084 seconds
[2024-12-09T15:24:36.529-0300] {processor.py:161} INFO - Started process (PID=42990) to work on /home/beatriz/Documentos/airflow/airflow_venv/lib/python3.10/site-packages/airflow/example_dags/example_params_ui_tutorial.py
[2024-12-09T15:24:36.533-0300] {processor.py:830} INFO - Processing file /home/beatriz/Documentos/airflow/airflow_venv/lib/python3.10/site-packages/airflow/example_dags/example_params_ui_tutorial.py for tasks to queue
[2024-12-09T15:24:36.535-0300] {logging_mixin.py:188} INFO - [2024-12-09T15:24:36.534-0300] {dagbag.py:540} INFO - Filling up the DagBag from /home/beatriz/Documentos/airflow/airflow_venv/lib/python3.10/site-packages/airflow/example_dags/example_params_ui_tutorial.py
[2024-12-09T15:24:36.544-0300] {processor.py:840} INFO - DAG(s) 'example_params_ui_tutorial' retrieved from /home/beatriz/Documentos/airflow/airflow_venv/lib/python3.10/site-packages/airflow/example_dags/example_params_ui_tutorial.py
[2024-12-09T15:24:36.581-0300] {logging_mixin.py:188} INFO - [2024-12-09T15:24:36.581-0300] {dag.py:3096} INFO - Sync 1 DAGs
[2024-12-09T15:24:36.589-0300] {logging_mixin.py:188} INFO - [2024-12-09T15:24:36.588-0300] {dag.py:3954} INFO - Setting next_dagrun for example_params_ui_tutorial to None, run_after=None
[2024-12-09T15:24:36.604-0300] {processor.py:183} INFO - Processing /home/beatriz/Documentos/airflow/airflow_venv/lib/python3.10/site-packages/airflow/example_dags/example_params_ui_tutorial.py took 0.080 seconds
[2024-12-09T15:25:23.419-0300] {processor.py:161} INFO - Started process (PID=43494) to work on /home/beatriz/Documentos/airflow/airflow_venv/lib/python3.10/site-packages/airflow/example_dags/example_params_ui_tutorial.py
[2024-12-09T15:25:23.421-0300] {processor.py:830} INFO - Processing file /home/beatriz/Documentos/airflow/airflow_venv/lib/python3.10/site-packages/airflow/example_dags/example_params_ui_tutorial.py for tasks to queue
[2024-12-09T15:25:23.423-0300] {logging_mixin.py:188} INFO - [2024-12-09T15:25:23.422-0300] {dagbag.py:540} INFO - Filling up the DagBag from /home/beatriz/Documentos/airflow/airflow_venv/lib/python3.10/site-packages/airflow/example_dags/example_params_ui_tutorial.py
[2024-12-09T15:25:23.431-0300] {processor.py:840} INFO - DAG(s) 'example_params_ui_tutorial' retrieved from /home/beatriz/Documentos/airflow/airflow_venv/lib/python3.10/site-packages/airflow/example_dags/example_params_ui_tutorial.py
[2024-12-09T15:25:23.468-0300] {logging_mixin.py:188} INFO - [2024-12-09T15:25:23.468-0300] {dag.py:3096} INFO - Sync 1 DAGs
[2024-12-09T15:25:23.477-0300] {logging_mixin.py:188} INFO - [2024-12-09T15:25:23.476-0300] {dag.py:3954} INFO - Setting next_dagrun for example_params_ui_tutorial to None, run_after=None
[2024-12-09T15:25:23.493-0300] {processor.py:183} INFO - Processing /home/beatriz/Documentos/airflow/airflow_venv/lib/python3.10/site-packages/airflow/example_dags/example_params_ui_tutorial.py took 0.078 seconds
[2024-12-09T15:26:10.126-0300] {processor.py:161} INFO - Started process (PID=43927) to work on /home/beatriz/Documentos/airflow/airflow_venv/lib/python3.10/site-packages/airflow/example_dags/example_params_ui_tutorial.py
[2024-12-09T15:26:10.129-0300] {processor.py:830} INFO - Processing file /home/beatriz/Documentos/airflow/airflow_venv/lib/python3.10/site-packages/airflow/example_dags/example_params_ui_tutorial.py for tasks to queue
[2024-12-09T15:26:10.132-0300] {logging_mixin.py:188} INFO - [2024-12-09T15:26:10.131-0300] {dagbag.py:540} INFO - Filling up the DagBag from /home/beatriz/Documentos/airflow/airflow_venv/lib/python3.10/site-packages/airflow/example_dags/example_params_ui_tutorial.py
[2024-12-09T15:26:10.151-0300] {processor.py:840} INFO - DAG(s) 'example_params_ui_tutorial' retrieved from /home/beatriz/Documentos/airflow/airflow_venv/lib/python3.10/site-packages/airflow/example_dags/example_params_ui_tutorial.py
[2024-12-09T15:26:10.189-0300] {logging_mixin.py:188} INFO - [2024-12-09T15:26:10.189-0300] {dag.py:3096} INFO - Sync 1 DAGs
[2024-12-09T15:26:10.197-0300] {logging_mixin.py:188} INFO - [2024-12-09T15:26:10.197-0300] {dag.py:3954} INFO - Setting next_dagrun for example_params_ui_tutorial to None, run_after=None
[2024-12-09T15:26:10.213-0300] {processor.py:183} INFO - Processing /home/beatriz/Documentos/airflow/airflow_venv/lib/python3.10/site-packages/airflow/example_dags/example_params_ui_tutorial.py took 0.096 seconds
[2024-12-09T15:26:58.196-0300] {processor.py:161} INFO - Started process (PID=44725) to work on /home/beatriz/Documentos/airflow/airflow_venv/lib/python3.10/site-packages/airflow/example_dags/example_params_ui_tutorial.py
[2024-12-09T15:26:58.197-0300] {processor.py:830} INFO - Processing file /home/beatriz/Documentos/airflow/airflow_venv/lib/python3.10/site-packages/airflow/example_dags/example_params_ui_tutorial.py for tasks to queue
[2024-12-09T15:26:58.198-0300] {logging_mixin.py:188} INFO - [2024-12-09T15:26:58.198-0300] {dagbag.py:540} INFO - Filling up the DagBag from /home/beatriz/Documentos/airflow/airflow_venv/lib/python3.10/site-packages/airflow/example_dags/example_params_ui_tutorial.py
[2024-12-09T15:26:58.213-0300] {processor.py:840} INFO - DAG(s) 'example_params_ui_tutorial' retrieved from /home/beatriz/Documentos/airflow/airflow_venv/lib/python3.10/site-packages/airflow/example_dags/example_params_ui_tutorial.py
[2024-12-09T15:26:58.276-0300] {logging_mixin.py:188} INFO - [2024-12-09T15:26:58.275-0300] {dag.py:3096} INFO - Sync 1 DAGs
[2024-12-09T15:26:58.287-0300] {logging_mixin.py:188} INFO - [2024-12-09T15:26:58.287-0300] {dag.py:3954} INFO - Setting next_dagrun for example_params_ui_tutorial to None, run_after=None
[2024-12-09T15:26:58.308-0300] {processor.py:183} INFO - Processing /home/beatriz/Documentos/airflow/airflow_venv/lib/python3.10/site-packages/airflow/example_dags/example_params_ui_tutorial.py took 0.116 seconds
[2024-12-09T15:27:51.770-0300] {processor.py:161} INFO - Started process (PID=45231) to work on /home/beatriz/Documentos/airflow/airflow_venv/lib/python3.10/site-packages/airflow/example_dags/example_params_ui_tutorial.py
[2024-12-09T15:27:51.771-0300] {processor.py:830} INFO - Processing file /home/beatriz/Documentos/airflow/airflow_venv/lib/python3.10/site-packages/airflow/example_dags/example_params_ui_tutorial.py for tasks to queue
[2024-12-09T15:27:51.772-0300] {logging_mixin.py:188} INFO - [2024-12-09T15:27:51.772-0300] {dagbag.py:540} INFO - Filling up the DagBag from /home/beatriz/Documentos/airflow/airflow_venv/lib/python3.10/site-packages/airflow/example_dags/example_params_ui_tutorial.py
[2024-12-09T15:27:51.782-0300] {processor.py:840} INFO - DAG(s) 'example_params_ui_tutorial' retrieved from /home/beatriz/Documentos/airflow/airflow_venv/lib/python3.10/site-packages/airflow/example_dags/example_params_ui_tutorial.py
[2024-12-09T15:27:51.819-0300] {logging_mixin.py:188} INFO - [2024-12-09T15:27:51.819-0300] {dag.py:3096} INFO - Sync 1 DAGs
[2024-12-09T15:27:51.827-0300] {logging_mixin.py:188} INFO - [2024-12-09T15:27:51.827-0300] {dag.py:3954} INFO - Setting next_dagrun for example_params_ui_tutorial to None, run_after=None
[2024-12-09T15:27:51.845-0300] {processor.py:183} INFO - Processing /home/beatriz/Documentos/airflow/airflow_venv/lib/python3.10/site-packages/airflow/example_dags/example_params_ui_tutorial.py took 0.079 seconds
[2024-12-09T15:28:41.343-0300] {processor.py:161} INFO - Started process (PID=46787) to work on /home/beatriz/Documentos/airflow/airflow_venv/lib/python3.10/site-packages/airflow/example_dags/example_params_ui_tutorial.py
[2024-12-09T15:28:41.346-0300] {processor.py:830} INFO - Processing file /home/beatriz/Documentos/airflow/airflow_venv/lib/python3.10/site-packages/airflow/example_dags/example_params_ui_tutorial.py for tasks to queue
[2024-12-09T15:28:41.348-0300] {logging_mixin.py:188} INFO - [2024-12-09T15:28:41.347-0300] {dagbag.py:540} INFO - Filling up the DagBag from /home/beatriz/Documentos/airflow/airflow_venv/lib/python3.10/site-packages/airflow/example_dags/example_params_ui_tutorial.py
[2024-12-09T15:28:41.368-0300] {processor.py:840} INFO - DAG(s) 'example_params_ui_tutorial' retrieved from /home/beatriz/Documentos/airflow/airflow_venv/lib/python3.10/site-packages/airflow/example_dags/example_params_ui_tutorial.py
[2024-12-09T15:28:41.409-0300] {logging_mixin.py:188} INFO - [2024-12-09T15:28:41.409-0300] {dag.py:3096} INFO - Sync 1 DAGs
[2024-12-09T15:28:41.418-0300] {logging_mixin.py:188} INFO - [2024-12-09T15:28:41.418-0300] {dag.py:3954} INFO - Setting next_dagrun for example_params_ui_tutorial to None, run_after=None
[2024-12-09T15:28:41.434-0300] {processor.py:183} INFO - Processing /home/beatriz/Documentos/airflow/airflow_venv/lib/python3.10/site-packages/airflow/example_dags/example_params_ui_tutorial.py took 0.099 seconds
[2024-12-09T15:29:37.123-0300] {processor.py:161} INFO - Started process (PID=47766) to work on /home/beatriz/Documentos/airflow/airflow_venv/lib/python3.10/site-packages/airflow/example_dags/example_params_ui_tutorial.py
[2024-12-09T15:29:37.125-0300] {processor.py:830} INFO - Processing file /home/beatriz/Documentos/airflow/airflow_venv/lib/python3.10/site-packages/airflow/example_dags/example_params_ui_tutorial.py for tasks to queue
[2024-12-09T15:29:37.126-0300] {logging_mixin.py:188} INFO - [2024-12-09T15:29:37.126-0300] {dagbag.py:540} INFO - Filling up the DagBag from /home/beatriz/Documentos/airflow/airflow_venv/lib/python3.10/site-packages/airflow/example_dags/example_params_ui_tutorial.py
[2024-12-09T15:29:37.137-0300] {processor.py:840} INFO - DAG(s) 'example_params_ui_tutorial' retrieved from /home/beatriz/Documentos/airflow/airflow_venv/lib/python3.10/site-packages/airflow/example_dags/example_params_ui_tutorial.py
[2024-12-09T15:29:37.174-0300] {logging_mixin.py:188} INFO - [2024-12-09T15:29:37.173-0300] {dag.py:3096} INFO - Sync 1 DAGs
[2024-12-09T15:29:37.182-0300] {logging_mixin.py:188} INFO - [2024-12-09T15:29:37.182-0300] {dag.py:3954} INFO - Setting next_dagrun for example_params_ui_tutorial to None, run_after=None
[2024-12-09T15:29:37.197-0300] {processor.py:183} INFO - Processing /home/beatriz/Documentos/airflow/airflow_venv/lib/python3.10/site-packages/airflow/example_dags/example_params_ui_tutorial.py took 0.079 seconds
[2024-12-09T15:30:30.520-0300] {processor.py:161} INFO - Started process (PID=48698) to work on /home/beatriz/Documentos/airflow/airflow_venv/lib/python3.10/site-packages/airflow/example_dags/example_params_ui_tutorial.py
[2024-12-09T15:30:30.522-0300] {processor.py:830} INFO - Processing file /home/beatriz/Documentos/airflow/airflow_venv/lib/python3.10/site-packages/airflow/example_dags/example_params_ui_tutorial.py for tasks to queue
[2024-12-09T15:30:30.524-0300] {logging_mixin.py:188} INFO - [2024-12-09T15:30:30.524-0300] {dagbag.py:540} INFO - Filling up the DagBag from /home/beatriz/Documentos/airflow/airflow_venv/lib/python3.10/site-packages/airflow/example_dags/example_params_ui_tutorial.py
[2024-12-09T15:30:30.542-0300] {processor.py:840} INFO - DAG(s) 'example_params_ui_tutorial' retrieved from /home/beatriz/Documentos/airflow/airflow_venv/lib/python3.10/site-packages/airflow/example_dags/example_params_ui_tutorial.py
[2024-12-09T15:30:30.584-0300] {logging_mixin.py:188} INFO - [2024-12-09T15:30:30.583-0300] {dag.py:3096} INFO - Sync 1 DAGs
[2024-12-09T15:30:30.593-0300] {logging_mixin.py:188} INFO - [2024-12-09T15:30:30.592-0300] {dag.py:3954} INFO - Setting next_dagrun for example_params_ui_tutorial to None, run_after=None
[2024-12-09T15:30:30.617-0300] {processor.py:183} INFO - Processing /home/beatriz/Documentos/airflow/airflow_venv/lib/python3.10/site-packages/airflow/example_dags/example_params_ui_tutorial.py took 0.107 seconds
[2024-12-09T15:31:21.254-0300] {processor.py:161} INFO - Started process (PID=48946) to work on /home/beatriz/Documentos/airflow/airflow_venv/lib/python3.10/site-packages/airflow/example_dags/example_params_ui_tutorial.py
[2024-12-09T15:31:21.256-0300] {processor.py:830} INFO - Processing file /home/beatriz/Documentos/airflow/airflow_venv/lib/python3.10/site-packages/airflow/example_dags/example_params_ui_tutorial.py for tasks to queue
[2024-12-09T15:31:21.259-0300] {logging_mixin.py:188} INFO - [2024-12-09T15:31:21.259-0300] {dagbag.py:540} INFO - Filling up the DagBag from /home/beatriz/Documentos/airflow/airflow_venv/lib/python3.10/site-packages/airflow/example_dags/example_params_ui_tutorial.py
[2024-12-09T15:31:21.275-0300] {processor.py:840} INFO - DAG(s) 'example_params_ui_tutorial' retrieved from /home/beatriz/Documentos/airflow/airflow_venv/lib/python3.10/site-packages/airflow/example_dags/example_params_ui_tutorial.py
[2024-12-09T15:31:21.317-0300] {logging_mixin.py:188} INFO - [2024-12-09T15:31:21.317-0300] {dag.py:3096} INFO - Sync 1 DAGs
[2024-12-09T15:31:21.327-0300] {logging_mixin.py:188} INFO - [2024-12-09T15:31:21.327-0300] {dag.py:3954} INFO - Setting next_dagrun for example_params_ui_tutorial to None, run_after=None
[2024-12-09T15:31:21.345-0300] {processor.py:183} INFO - Processing /home/beatriz/Documentos/airflow/airflow_venv/lib/python3.10/site-packages/airflow/example_dags/example_params_ui_tutorial.py took 0.099 seconds
[2024-12-09T15:32:15.014-0300] {processor.py:161} INFO - Started process (PID=49239) to work on /home/beatriz/Documentos/airflow/airflow_venv/lib/python3.10/site-packages/airflow/example_dags/example_params_ui_tutorial.py
[2024-12-09T15:32:15.016-0300] {processor.py:830} INFO - Processing file /home/beatriz/Documentos/airflow/airflow_venv/lib/python3.10/site-packages/airflow/example_dags/example_params_ui_tutorial.py for tasks to queue
[2024-12-09T15:32:15.017-0300] {logging_mixin.py:188} INFO - [2024-12-09T15:32:15.017-0300] {dagbag.py:540} INFO - Filling up the DagBag from /home/beatriz/Documentos/airflow/airflow_venv/lib/python3.10/site-packages/airflow/example_dags/example_params_ui_tutorial.py
[2024-12-09T15:32:15.029-0300] {processor.py:840} INFO - DAG(s) 'example_params_ui_tutorial' retrieved from /home/beatriz/Documentos/airflow/airflow_venv/lib/python3.10/site-packages/airflow/example_dags/example_params_ui_tutorial.py
[2024-12-09T15:32:15.067-0300] {logging_mixin.py:188} INFO - [2024-12-09T15:32:15.067-0300] {dag.py:3096} INFO - Sync 1 DAGs
[2024-12-09T15:32:15.075-0300] {logging_mixin.py:188} INFO - [2024-12-09T15:32:15.074-0300] {dag.py:3954} INFO - Setting next_dagrun for example_params_ui_tutorial to None, run_after=None
[2024-12-09T15:32:15.090-0300] {processor.py:183} INFO - Processing /home/beatriz/Documentos/airflow/airflow_venv/lib/python3.10/site-packages/airflow/example_dags/example_params_ui_tutorial.py took 0.080 seconds
[2024-12-09T15:33:11.992-0300] {processor.py:161} INFO - Started process (PID=50008) to work on /home/beatriz/Documentos/airflow/airflow_venv/lib/python3.10/site-packages/airflow/example_dags/example_params_ui_tutorial.py
[2024-12-09T15:33:11.993-0300] {processor.py:830} INFO - Processing file /home/beatriz/Documentos/airflow/airflow_venv/lib/python3.10/site-packages/airflow/example_dags/example_params_ui_tutorial.py for tasks to queue
[2024-12-09T15:33:11.996-0300] {logging_mixin.py:188} INFO - [2024-12-09T15:33:11.995-0300] {dagbag.py:540} INFO - Filling up the DagBag from /home/beatriz/Documentos/airflow/airflow_venv/lib/python3.10/site-packages/airflow/example_dags/example_params_ui_tutorial.py
[2024-12-09T15:33:12.014-0300] {processor.py:840} INFO - DAG(s) 'example_params_ui_tutorial' retrieved from /home/beatriz/Documentos/airflow/airflow_venv/lib/python3.10/site-packages/airflow/example_dags/example_params_ui_tutorial.py
[2024-12-09T15:33:12.023-0300] {logging_mixin.py:188} INFO - [2024-12-09T15:33:12.023-0300] {dag.py:3096} INFO - Sync 1 DAGs
[2024-12-09T15:33:12.034-0300] {logging_mixin.py:188} INFO - [2024-12-09T15:33:12.033-0300] {dag.py:3954} INFO - Setting next_dagrun for example_params_ui_tutorial to None, run_after=None
[2024-12-09T15:33:12.057-0300] {processor.py:183} INFO - Processing /home/beatriz/Documentos/airflow/airflow_venv/lib/python3.10/site-packages/airflow/example_dags/example_params_ui_tutorial.py took 0.074 seconds
[2024-12-09T15:33:42.509-0300] {processor.py:161} INFO - Started process (PID=50269) to work on /home/beatriz/Documentos/airflow/airflow_venv/lib/python3.10/site-packages/airflow/example_dags/example_params_ui_tutorial.py
[2024-12-09T15:33:42.510-0300] {processor.py:830} INFO - Processing file /home/beatriz/Documentos/airflow/airflow_venv/lib/python3.10/site-packages/airflow/example_dags/example_params_ui_tutorial.py for tasks to queue
[2024-12-09T15:33:42.511-0300] {logging_mixin.py:188} INFO - [2024-12-09T15:33:42.511-0300] {dagbag.py:540} INFO - Filling up the DagBag from /home/beatriz/Documentos/airflow/airflow_venv/lib/python3.10/site-packages/airflow/example_dags/example_params_ui_tutorial.py
[2024-12-09T15:33:42.519-0300] {processor.py:840} INFO - DAG(s) 'example_params_ui_tutorial' retrieved from /home/beatriz/Documentos/airflow/airflow_venv/lib/python3.10/site-packages/airflow/example_dags/example_params_ui_tutorial.py
[2024-12-09T15:33:42.610-0300] {logging_mixin.py:188} INFO - [2024-12-09T15:33:42.610-0300] {dag.py:3096} INFO - Sync 1 DAGs
[2024-12-09T15:33:42.618-0300] {logging_mixin.py:188} INFO - [2024-12-09T15:33:42.617-0300] {dag.py:3954} INFO - Setting next_dagrun for example_params_ui_tutorial to None, run_after=None
[2024-12-09T15:33:42.634-0300] {processor.py:183} INFO - Processing /home/beatriz/Documentos/airflow/airflow_venv/lib/python3.10/site-packages/airflow/example_dags/example_params_ui_tutorial.py took 0.130 seconds
[2024-12-09T15:34:08.804-0300] {processor.py:161} INFO - Started process (PID=50474) to work on /home/beatriz/Documentos/airflow/airflow_venv/lib/python3.10/site-packages/airflow/example_dags/example_params_ui_tutorial.py
[2024-12-09T15:34:08.805-0300] {processor.py:830} INFO - Processing file /home/beatriz/Documentos/airflow/airflow_venv/lib/python3.10/site-packages/airflow/example_dags/example_params_ui_tutorial.py for tasks to queue
[2024-12-09T15:34:08.806-0300] {logging_mixin.py:188} INFO - [2024-12-09T15:34:08.806-0300] {dagbag.py:540} INFO - Filling up the DagBag from /home/beatriz/Documentos/airflow/airflow_venv/lib/python3.10/site-packages/airflow/example_dags/example_params_ui_tutorial.py
[2024-12-09T15:34:08.818-0300] {processor.py:840} INFO - DAG(s) 'example_params_ui_tutorial' retrieved from /home/beatriz/Documentos/airflow/airflow_venv/lib/python3.10/site-packages/airflow/example_dags/example_params_ui_tutorial.py
[2024-12-09T15:34:08.827-0300] {logging_mixin.py:188} INFO - [2024-12-09T15:34:08.827-0300] {dag.py:3096} INFO - Sync 1 DAGs
[2024-12-09T15:34:08.846-0300] {logging_mixin.py:188} INFO - [2024-12-09T15:34:08.846-0300] {dag.py:3954} INFO - Setting next_dagrun for example_params_ui_tutorial to None, run_after=None
[2024-12-09T15:34:08.874-0300] {processor.py:183} INFO - Processing /home/beatriz/Documentos/airflow/airflow_venv/lib/python3.10/site-packages/airflow/example_dags/example_params_ui_tutorial.py took 0.074 seconds
[2024-12-09T15:35:00.200-0300] {processor.py:161} INFO - Started process (PID=50986) to work on /home/beatriz/Documentos/airflow/airflow_venv/lib/python3.10/site-packages/airflow/example_dags/example_params_ui_tutorial.py
[2024-12-09T15:35:00.202-0300] {processor.py:830} INFO - Processing file /home/beatriz/Documentos/airflow/airflow_venv/lib/python3.10/site-packages/airflow/example_dags/example_params_ui_tutorial.py for tasks to queue
[2024-12-09T15:35:00.206-0300] {logging_mixin.py:188} INFO - [2024-12-09T15:35:00.205-0300] {dagbag.py:540} INFO - Filling up the DagBag from /home/beatriz/Documentos/airflow/airflow_venv/lib/python3.10/site-packages/airflow/example_dags/example_params_ui_tutorial.py
[2024-12-09T15:35:00.224-0300] {processor.py:840} INFO - DAG(s) 'example_params_ui_tutorial' retrieved from /home/beatriz/Documentos/airflow/airflow_venv/lib/python3.10/site-packages/airflow/example_dags/example_params_ui_tutorial.py
[2024-12-09T15:35:00.264-0300] {logging_mixin.py:188} INFO - [2024-12-09T15:35:00.263-0300] {dag.py:3096} INFO - Sync 1 DAGs
[2024-12-09T15:35:00.272-0300] {logging_mixin.py:188} INFO - [2024-12-09T15:35:00.272-0300] {dag.py:3954} INFO - Setting next_dagrun for example_params_ui_tutorial to None, run_after=None
[2024-12-09T15:35:00.290-0300] {processor.py:183} INFO - Processing /home/beatriz/Documentos/airflow/airflow_venv/lib/python3.10/site-packages/airflow/example_dags/example_params_ui_tutorial.py took 0.103 seconds
[2024-12-09T15:35:50.465-0300] {processor.py:161} INFO - Started process (PID=51211) to work on /home/beatriz/Documentos/airflow/airflow_venv/lib/python3.10/site-packages/airflow/example_dags/example_params_ui_tutorial.py
[2024-12-09T15:35:50.468-0300] {processor.py:830} INFO - Processing file /home/beatriz/Documentos/airflow/airflow_venv/lib/python3.10/site-packages/airflow/example_dags/example_params_ui_tutorial.py for tasks to queue
[2024-12-09T15:35:50.471-0300] {logging_mixin.py:188} INFO - [2024-12-09T15:35:50.470-0300] {dagbag.py:540} INFO - Filling up the DagBag from /home/beatriz/Documentos/airflow/airflow_venv/lib/python3.10/site-packages/airflow/example_dags/example_params_ui_tutorial.py
[2024-12-09T15:35:50.485-0300] {processor.py:840} INFO - DAG(s) 'example_params_ui_tutorial' retrieved from /home/beatriz/Documentos/airflow/airflow_venv/lib/python3.10/site-packages/airflow/example_dags/example_params_ui_tutorial.py
[2024-12-09T15:35:50.528-0300] {logging_mixin.py:188} INFO - [2024-12-09T15:35:50.528-0300] {dag.py:3096} INFO - Sync 1 DAGs
[2024-12-09T15:35:50.537-0300] {logging_mixin.py:188} INFO - [2024-12-09T15:35:50.537-0300] {dag.py:3954} INFO - Setting next_dagrun for example_params_ui_tutorial to None, run_after=None
[2024-12-09T15:35:50.559-0300] {processor.py:183} INFO - Processing /home/beatriz/Documentos/airflow/airflow_venv/lib/python3.10/site-packages/airflow/example_dags/example_params_ui_tutorial.py took 0.106 seconds
[2024-12-09T15:36:39.285-0300] {processor.py:161} INFO - Started process (PID=51440) to work on /home/beatriz/Documentos/airflow/airflow_venv/lib/python3.10/site-packages/airflow/example_dags/example_params_ui_tutorial.py
[2024-12-09T15:36:39.287-0300] {processor.py:830} INFO - Processing file /home/beatriz/Documentos/airflow/airflow_venv/lib/python3.10/site-packages/airflow/example_dags/example_params_ui_tutorial.py for tasks to queue
[2024-12-09T15:36:39.288-0300] {logging_mixin.py:188} INFO - [2024-12-09T15:36:39.288-0300] {dagbag.py:540} INFO - Filling up the DagBag from /home/beatriz/Documentos/airflow/airflow_venv/lib/python3.10/site-packages/airflow/example_dags/example_params_ui_tutorial.py
[2024-12-09T15:36:39.297-0300] {processor.py:840} INFO - DAG(s) 'example_params_ui_tutorial' retrieved from /home/beatriz/Documentos/airflow/airflow_venv/lib/python3.10/site-packages/airflow/example_dags/example_params_ui_tutorial.py
[2024-12-09T15:36:39.336-0300] {logging_mixin.py:188} INFO - [2024-12-09T15:36:39.335-0300] {dag.py:3096} INFO - Sync 1 DAGs
[2024-12-09T15:36:39.344-0300] {logging_mixin.py:188} INFO - [2024-12-09T15:36:39.344-0300] {dag.py:3954} INFO - Setting next_dagrun for example_params_ui_tutorial to None, run_after=None
[2024-12-09T15:36:39.362-0300] {processor.py:183} INFO - Processing /home/beatriz/Documentos/airflow/airflow_venv/lib/python3.10/site-packages/airflow/example_dags/example_params_ui_tutorial.py took 0.081 seconds
[2024-12-09T15:43:30.154-0300] {processor.py:161} INFO - Started process (PID=6076) to work on /home/beatriz/Documentos/airflow/airflow_venv/lib/python3.10/site-packages/airflow/example_dags/example_params_ui_tutorial.py
[2024-12-09T15:43:30.156-0300] {processor.py:830} INFO - Processing file /home/beatriz/Documentos/airflow/airflow_venv/lib/python3.10/site-packages/airflow/example_dags/example_params_ui_tutorial.py for tasks to queue
[2024-12-09T15:43:30.159-0300] {logging_mixin.py:188} INFO - [2024-12-09T15:43:30.158-0300] {dagbag.py:540} INFO - Filling up the DagBag from /home/beatriz/Documentos/airflow/airflow_venv/lib/python3.10/site-packages/airflow/example_dags/example_params_ui_tutorial.py
[2024-12-09T15:43:30.170-0300] {processor.py:840} INFO - DAG(s) 'example_params_ui_tutorial' retrieved from /home/beatriz/Documentos/airflow/airflow_venv/lib/python3.10/site-packages/airflow/example_dags/example_params_ui_tutorial.py
[2024-12-09T15:43:30.266-0300] {logging_mixin.py:188} INFO - [2024-12-09T15:43:30.266-0300] {dag.py:3096} INFO - Sync 1 DAGs
[2024-12-09T15:43:30.275-0300] {logging_mixin.py:188} INFO - [2024-12-09T15:43:30.275-0300] {dag.py:3954} INFO - Setting next_dagrun for example_params_ui_tutorial to None, run_after=None
[2024-12-09T15:43:30.295-0300] {processor.py:183} INFO - Processing /home/beatriz/Documentos/airflow/airflow_venv/lib/python3.10/site-packages/airflow/example_dags/example_params_ui_tutorial.py took 0.150 seconds
[2024-12-09T15:50:48.196-0300] {processor.py:161} INFO - Started process (PID=7874) to work on /home/beatriz/Documentos/airflow/airflow_venv/lib/python3.10/site-packages/airflow/example_dags/example_params_ui_tutorial.py
[2024-12-09T15:50:48.199-0300] {processor.py:830} INFO - Processing file /home/beatriz/Documentos/airflow/airflow_venv/lib/python3.10/site-packages/airflow/example_dags/example_params_ui_tutorial.py for tasks to queue
[2024-12-09T15:50:48.202-0300] {logging_mixin.py:188} INFO - [2024-12-09T15:50:48.201-0300] {dagbag.py:540} INFO - Filling up the DagBag from /home/beatriz/Documentos/airflow/airflow_venv/lib/python3.10/site-packages/airflow/example_dags/example_params_ui_tutorial.py
[2024-12-09T15:50:48.219-0300] {processor.py:840} INFO - DAG(s) 'example_params_ui_tutorial' retrieved from /home/beatriz/Documentos/airflow/airflow_venv/lib/python3.10/site-packages/airflow/example_dags/example_params_ui_tutorial.py
[2024-12-09T15:50:48.313-0300] {logging_mixin.py:188} INFO - [2024-12-09T15:50:48.312-0300] {dag.py:3096} INFO - Sync 1 DAGs
[2024-12-09T15:50:48.319-0300] {logging_mixin.py:188} INFO - [2024-12-09T15:50:48.319-0300] {dag.py:3954} INFO - Setting next_dagrun for example_params_ui_tutorial to None, run_after=None
[2024-12-09T15:50:48.337-0300] {processor.py:183} INFO - Processing /home/beatriz/Documentos/airflow/airflow_venv/lib/python3.10/site-packages/airflow/example_dags/example_params_ui_tutorial.py took 0.153 seconds
[2024-12-09T15:51:49.685-0300] {processor.py:161} INFO - Started process (PID=8547) to work on /home/beatriz/Documentos/airflow/airflow_venv/lib/python3.10/site-packages/airflow/example_dags/example_params_ui_tutorial.py
[2024-12-09T15:51:49.687-0300] {processor.py:830} INFO - Processing file /home/beatriz/Documentos/airflow/airflow_venv/lib/python3.10/site-packages/airflow/example_dags/example_params_ui_tutorial.py for tasks to queue
[2024-12-09T15:51:49.689-0300] {logging_mixin.py:188} INFO - [2024-12-09T15:51:49.688-0300] {dagbag.py:540} INFO - Filling up the DagBag from /home/beatriz/Documentos/airflow/airflow_venv/lib/python3.10/site-packages/airflow/example_dags/example_params_ui_tutorial.py
[2024-12-09T15:51:49.698-0300] {processor.py:840} INFO - DAG(s) 'example_params_ui_tutorial' retrieved from /home/beatriz/Documentos/airflow/airflow_venv/lib/python3.10/site-packages/airflow/example_dags/example_params_ui_tutorial.py
[2024-12-09T15:51:49.738-0300] {logging_mixin.py:188} INFO - [2024-12-09T15:51:49.738-0300] {dag.py:3096} INFO - Sync 1 DAGs
[2024-12-09T15:51:49.747-0300] {logging_mixin.py:188} INFO - [2024-12-09T15:51:49.747-0300] {dag.py:3954} INFO - Setting next_dagrun for example_params_ui_tutorial to None, run_after=None
[2024-12-09T15:51:49.770-0300] {processor.py:183} INFO - Processing /home/beatriz/Documentos/airflow/airflow_venv/lib/python3.10/site-packages/airflow/example_dags/example_params_ui_tutorial.py took 0.091 seconds
[2024-12-09T15:52:47.115-0300] {processor.py:161} INFO - Started process (PID=9011) to work on /home/beatriz/Documentos/airflow/airflow_venv/lib/python3.10/site-packages/airflow/example_dags/example_params_ui_tutorial.py
[2024-12-09T15:52:47.117-0300] {processor.py:830} INFO - Processing file /home/beatriz/Documentos/airflow/airflow_venv/lib/python3.10/site-packages/airflow/example_dags/example_params_ui_tutorial.py for tasks to queue
[2024-12-09T15:52:47.119-0300] {logging_mixin.py:188} INFO - [2024-12-09T15:52:47.118-0300] {dagbag.py:540} INFO - Filling up the DagBag from /home/beatriz/Documentos/airflow/airflow_venv/lib/python3.10/site-packages/airflow/example_dags/example_params_ui_tutorial.py
[2024-12-09T15:52:47.128-0300] {processor.py:840} INFO - DAG(s) 'example_params_ui_tutorial' retrieved from /home/beatriz/Documentos/airflow/airflow_venv/lib/python3.10/site-packages/airflow/example_dags/example_params_ui_tutorial.py
[2024-12-09T15:52:47.164-0300] {logging_mixin.py:188} INFO - [2024-12-09T15:52:47.164-0300] {dag.py:3096} INFO - Sync 1 DAGs
[2024-12-09T15:52:47.172-0300] {logging_mixin.py:188} INFO - [2024-12-09T15:52:47.171-0300] {dag.py:3954} INFO - Setting next_dagrun for example_params_ui_tutorial to None, run_after=None
[2024-12-09T15:52:47.188-0300] {processor.py:183} INFO - Processing /home/beatriz/Documentos/airflow/airflow_venv/lib/python3.10/site-packages/airflow/example_dags/example_params_ui_tutorial.py took 0.077 seconds
[2024-12-09T15:53:46.450-0300] {processor.py:161} INFO - Started process (PID=9454) to work on /home/beatriz/Documentos/airflow/airflow_venv/lib/python3.10/site-packages/airflow/example_dags/example_params_ui_tutorial.py
[2024-12-09T15:53:46.453-0300] {processor.py:830} INFO - Processing file /home/beatriz/Documentos/airflow/airflow_venv/lib/python3.10/site-packages/airflow/example_dags/example_params_ui_tutorial.py for tasks to queue
[2024-12-09T15:53:46.456-0300] {logging_mixin.py:188} INFO - [2024-12-09T15:53:46.455-0300] {dagbag.py:540} INFO - Filling up the DagBag from /home/beatriz/Documentos/airflow/airflow_venv/lib/python3.10/site-packages/airflow/example_dags/example_params_ui_tutorial.py
[2024-12-09T15:53:46.476-0300] {processor.py:840} INFO - DAG(s) 'example_params_ui_tutorial' retrieved from /home/beatriz/Documentos/airflow/airflow_venv/lib/python3.10/site-packages/airflow/example_dags/example_params_ui_tutorial.py
[2024-12-09T15:53:46.588-0300] {logging_mixin.py:188} INFO - [2024-12-09T15:53:46.588-0300] {dag.py:3096} INFO - Sync 1 DAGs
[2024-12-09T15:53:46.597-0300] {logging_mixin.py:188} INFO - [2024-12-09T15:53:46.597-0300] {dag.py:3954} INFO - Setting next_dagrun for example_params_ui_tutorial to None, run_after=None
[2024-12-09T15:53:46.615-0300] {processor.py:183} INFO - Processing /home/beatriz/Documentos/airflow/airflow_venv/lib/python3.10/site-packages/airflow/example_dags/example_params_ui_tutorial.py took 0.177 seconds
[2024-12-09T15:54:41.518-0300] {processor.py:161} INFO - Started process (PID=9966) to work on /home/beatriz/Documentos/airflow/airflow_venv/lib/python3.10/site-packages/airflow/example_dags/example_params_ui_tutorial.py
[2024-12-09T15:54:41.520-0300] {processor.py:830} INFO - Processing file /home/beatriz/Documentos/airflow/airflow_venv/lib/python3.10/site-packages/airflow/example_dags/example_params_ui_tutorial.py for tasks to queue
[2024-12-09T15:54:41.521-0300] {logging_mixin.py:188} INFO - [2024-12-09T15:54:41.521-0300] {dagbag.py:540} INFO - Filling up the DagBag from /home/beatriz/Documentos/airflow/airflow_venv/lib/python3.10/site-packages/airflow/example_dags/example_params_ui_tutorial.py
[2024-12-09T15:54:41.531-0300] {processor.py:840} INFO - DAG(s) 'example_params_ui_tutorial' retrieved from /home/beatriz/Documentos/airflow/airflow_venv/lib/python3.10/site-packages/airflow/example_dags/example_params_ui_tutorial.py
[2024-12-09T15:54:41.573-0300] {logging_mixin.py:188} INFO - [2024-12-09T15:54:41.573-0300] {dag.py:3096} INFO - Sync 1 DAGs
[2024-12-09T15:54:41.583-0300] {logging_mixin.py:188} INFO - [2024-12-09T15:54:41.583-0300] {dag.py:3954} INFO - Setting next_dagrun for example_params_ui_tutorial to None, run_after=None
[2024-12-09T15:54:41.602-0300] {processor.py:183} INFO - Processing /home/beatriz/Documentos/airflow/airflow_venv/lib/python3.10/site-packages/airflow/example_dags/example_params_ui_tutorial.py took 0.089 seconds
[2024-12-09T15:56:55.069-0300] {processor.py:161} INFO - Started process (PID=11898) to work on /home/beatriz/Documentos/airflow/airflow_venv/lib/python3.10/site-packages/airflow/example_dags/example_params_ui_tutorial.py
[2024-12-09T15:56:55.071-0300] {processor.py:830} INFO - Processing file /home/beatriz/Documentos/airflow/airflow_venv/lib/python3.10/site-packages/airflow/example_dags/example_params_ui_tutorial.py for tasks to queue
[2024-12-09T15:56:55.073-0300] {logging_mixin.py:188} INFO - [2024-12-09T15:56:55.073-0300] {dagbag.py:540} INFO - Filling up the DagBag from /home/beatriz/Documentos/airflow/airflow_venv/lib/python3.10/site-packages/airflow/example_dags/example_params_ui_tutorial.py
[2024-12-09T15:56:55.089-0300] {processor.py:840} INFO - DAG(s) 'example_params_ui_tutorial' retrieved from /home/beatriz/Documentos/airflow/airflow_venv/lib/python3.10/site-packages/airflow/example_dags/example_params_ui_tutorial.py
[2024-12-09T15:56:55.182-0300] {logging_mixin.py:188} INFO - [2024-12-09T15:56:55.182-0300] {dag.py:3096} INFO - Sync 1 DAGs
[2024-12-09T15:56:55.189-0300] {logging_mixin.py:188} INFO - [2024-12-09T15:56:55.188-0300] {dag.py:3954} INFO - Setting next_dagrun for example_params_ui_tutorial to None, run_after=None
[2024-12-09T15:56:55.210-0300] {processor.py:183} INFO - Processing /home/beatriz/Documentos/airflow/airflow_venv/lib/python3.10/site-packages/airflow/example_dags/example_params_ui_tutorial.py took 0.149 seconds
[2024-12-09T15:57:54.888-0300] {processor.py:161} INFO - Started process (PID=12414) to work on /home/beatriz/Documentos/airflow/airflow_venv/lib/python3.10/site-packages/airflow/example_dags/example_params_ui_tutorial.py
[2024-12-09T15:57:54.890-0300] {processor.py:830} INFO - Processing file /home/beatriz/Documentos/airflow/airflow_venv/lib/python3.10/site-packages/airflow/example_dags/example_params_ui_tutorial.py for tasks to queue
[2024-12-09T15:57:54.891-0300] {logging_mixin.py:188} INFO - [2024-12-09T15:57:54.891-0300] {dagbag.py:540} INFO - Filling up the DagBag from /home/beatriz/Documentos/airflow/airflow_venv/lib/python3.10/site-packages/airflow/example_dags/example_params_ui_tutorial.py
[2024-12-09T15:57:54.900-0300] {processor.py:840} INFO - DAG(s) 'example_params_ui_tutorial' retrieved from /home/beatriz/Documentos/airflow/airflow_venv/lib/python3.10/site-packages/airflow/example_dags/example_params_ui_tutorial.py
[2024-12-09T15:57:54.936-0300] {logging_mixin.py:188} INFO - [2024-12-09T15:57:54.936-0300] {dag.py:3096} INFO - Sync 1 DAGs
[2024-12-09T15:57:54.944-0300] {logging_mixin.py:188} INFO - [2024-12-09T15:57:54.944-0300] {dag.py:3954} INFO - Setting next_dagrun for example_params_ui_tutorial to None, run_after=None
[2024-12-09T15:57:54.961-0300] {processor.py:183} INFO - Processing /home/beatriz/Documentos/airflow/airflow_venv/lib/python3.10/site-packages/airflow/example_dags/example_params_ui_tutorial.py took 0.077 seconds
[2024-12-09T16:00:25.707-0300] {processor.py:161} INFO - Started process (PID=16167) to work on /home/beatriz/Documentos/airflow/airflow_venv/lib/python3.10/site-packages/airflow/example_dags/example_params_ui_tutorial.py
[2024-12-09T16:00:25.709-0300] {processor.py:830} INFO - Processing file /home/beatriz/Documentos/airflow/airflow_venv/lib/python3.10/site-packages/airflow/example_dags/example_params_ui_tutorial.py for tasks to queue
[2024-12-09T16:00:25.711-0300] {logging_mixin.py:188} INFO - [2024-12-09T16:00:25.711-0300] {dagbag.py:540} INFO - Filling up the DagBag from /home/beatriz/Documentos/airflow/airflow_venv/lib/python3.10/site-packages/airflow/example_dags/example_params_ui_tutorial.py
[2024-12-09T16:00:25.720-0300] {processor.py:840} INFO - DAG(s) 'example_params_ui_tutorial' retrieved from /home/beatriz/Documentos/airflow/airflow_venv/lib/python3.10/site-packages/airflow/example_dags/example_params_ui_tutorial.py
[2024-12-09T16:00:25.757-0300] {logging_mixin.py:188} INFO - [2024-12-09T16:00:25.756-0300] {dag.py:3096} INFO - Sync 1 DAGs
[2024-12-09T16:00:25.765-0300] {logging_mixin.py:188} INFO - [2024-12-09T16:00:25.764-0300] {dag.py:3954} INFO - Setting next_dagrun for example_params_ui_tutorial to None, run_after=None
[2024-12-09T16:00:25.783-0300] {processor.py:183} INFO - Processing /home/beatriz/Documentos/airflow/airflow_venv/lib/python3.10/site-packages/airflow/example_dags/example_params_ui_tutorial.py took 0.080 seconds
[2024-12-09T16:28:37.752-0300] {processor.py:161} INFO - Started process (PID=20392) to work on /home/beatriz/Documentos/airflow/airflow_venv/lib/python3.10/site-packages/airflow/example_dags/example_params_ui_tutorial.py
[2024-12-09T16:28:37.753-0300] {processor.py:830} INFO - Processing file /home/beatriz/Documentos/airflow/airflow_venv/lib/python3.10/site-packages/airflow/example_dags/example_params_ui_tutorial.py for tasks to queue
[2024-12-09T16:28:37.755-0300] {logging_mixin.py:188} INFO - [2024-12-09T16:28:37.754-0300] {dagbag.py:540} INFO - Filling up the DagBag from /home/beatriz/Documentos/airflow/airflow_venv/lib/python3.10/site-packages/airflow/example_dags/example_params_ui_tutorial.py
[2024-12-09T16:28:37.764-0300] {processor.py:840} INFO - DAG(s) 'example_params_ui_tutorial' retrieved from /home/beatriz/Documentos/airflow/airflow_venv/lib/python3.10/site-packages/airflow/example_dags/example_params_ui_tutorial.py
[2024-12-09T16:28:37.877-0300] {logging_mixin.py:188} INFO - [2024-12-09T16:28:37.877-0300] {dag.py:3096} INFO - Sync 1 DAGs
[2024-12-09T16:28:37.886-0300] {logging_mixin.py:188} INFO - [2024-12-09T16:28:37.885-0300] {dag.py:3954} INFO - Setting next_dagrun for example_params_ui_tutorial to None, run_after=None
[2024-12-09T16:28:37.905-0300] {processor.py:183} INFO - Processing /home/beatriz/Documentos/airflow/airflow_venv/lib/python3.10/site-packages/airflow/example_dags/example_params_ui_tutorial.py took 0.157 seconds
[2024-12-09T16:29:43.996-0300] {processor.py:161} INFO - Started process (PID=21374) to work on /home/beatriz/Documentos/airflow/airflow_venv/lib/python3.10/site-packages/airflow/example_dags/example_params_ui_tutorial.py
[2024-12-09T16:29:44.000-0300] {processor.py:830} INFO - Processing file /home/beatriz/Documentos/airflow/airflow_venv/lib/python3.10/site-packages/airflow/example_dags/example_params_ui_tutorial.py for tasks to queue
[2024-12-09T16:29:44.002-0300] {logging_mixin.py:188} INFO - [2024-12-09T16:29:44.002-0300] {dagbag.py:540} INFO - Filling up the DagBag from /home/beatriz/Documentos/airflow/airflow_venv/lib/python3.10/site-packages/airflow/example_dags/example_params_ui_tutorial.py
[2024-12-09T16:29:44.016-0300] {processor.py:840} INFO - DAG(s) 'example_params_ui_tutorial' retrieved from /home/beatriz/Documentos/airflow/airflow_venv/lib/python3.10/site-packages/airflow/example_dags/example_params_ui_tutorial.py
[2024-12-09T16:29:44.063-0300] {logging_mixin.py:188} INFO - [2024-12-09T16:29:44.062-0300] {dag.py:3096} INFO - Sync 1 DAGs
[2024-12-09T16:29:44.074-0300] {logging_mixin.py:188} INFO - [2024-12-09T16:29:44.073-0300] {dag.py:3954} INFO - Setting next_dagrun for example_params_ui_tutorial to None, run_after=None
[2024-12-09T16:29:44.097-0300] {processor.py:183} INFO - Processing /home/beatriz/Documentos/airflow/airflow_venv/lib/python3.10/site-packages/airflow/example_dags/example_params_ui_tutorial.py took 0.107 seconds
[2024-12-09T16:47:10.390-0300] {processor.py:161} INFO - Started process (PID=24192) to work on /home/beatriz/Documentos/airflow/airflow_venv/lib/python3.10/site-packages/airflow/example_dags/example_params_ui_tutorial.py
[2024-12-09T16:47:10.391-0300] {processor.py:830} INFO - Processing file /home/beatriz/Documentos/airflow/airflow_venv/lib/python3.10/site-packages/airflow/example_dags/example_params_ui_tutorial.py for tasks to queue
[2024-12-09T16:47:10.392-0300] {logging_mixin.py:188} INFO - [2024-12-09T16:47:10.391-0300] {dagbag.py:540} INFO - Filling up the DagBag from /home/beatriz/Documentos/airflow/airflow_venv/lib/python3.10/site-packages/airflow/example_dags/example_params_ui_tutorial.py
[2024-12-09T16:47:10.401-0300] {processor.py:840} INFO - DAG(s) 'example_params_ui_tutorial' retrieved from /home/beatriz/Documentos/airflow/airflow_venv/lib/python3.10/site-packages/airflow/example_dags/example_params_ui_tutorial.py
[2024-12-09T16:47:10.492-0300] {logging_mixin.py:188} INFO - [2024-12-09T16:47:10.492-0300] {dag.py:3096} INFO - Sync 1 DAGs
[2024-12-09T16:47:10.499-0300] {logging_mixin.py:188} INFO - [2024-12-09T16:47:10.499-0300] {dag.py:3954} INFO - Setting next_dagrun for example_params_ui_tutorial to None, run_after=None
[2024-12-09T16:47:10.517-0300] {processor.py:183} INFO - Processing /home/beatriz/Documentos/airflow/airflow_venv/lib/python3.10/site-packages/airflow/example_dags/example_params_ui_tutorial.py took 0.132 seconds
[2024-12-09T16:48:09.419-0300] {processor.py:161} INFO - Started process (PID=24796) to work on /home/beatriz/Documentos/airflow/airflow_venv/lib/python3.10/site-packages/airflow/example_dags/example_params_ui_tutorial.py
[2024-12-09T16:48:09.422-0300] {processor.py:830} INFO - Processing file /home/beatriz/Documentos/airflow/airflow_venv/lib/python3.10/site-packages/airflow/example_dags/example_params_ui_tutorial.py for tasks to queue
[2024-12-09T16:48:09.424-0300] {logging_mixin.py:188} INFO - [2024-12-09T16:48:09.423-0300] {dagbag.py:540} INFO - Filling up the DagBag from /home/beatriz/Documentos/airflow/airflow_venv/lib/python3.10/site-packages/airflow/example_dags/example_params_ui_tutorial.py
[2024-12-09T16:48:09.440-0300] {processor.py:840} INFO - DAG(s) 'example_params_ui_tutorial' retrieved from /home/beatriz/Documentos/airflow/airflow_venv/lib/python3.10/site-packages/airflow/example_dags/example_params_ui_tutorial.py
[2024-12-09T16:48:09.480-0300] {logging_mixin.py:188} INFO - [2024-12-09T16:48:09.480-0300] {dag.py:3096} INFO - Sync 1 DAGs
[2024-12-09T16:48:09.490-0300] {logging_mixin.py:188} INFO - [2024-12-09T16:48:09.489-0300] {dag.py:3954} INFO - Setting next_dagrun for example_params_ui_tutorial to None, run_after=None
[2024-12-09T16:48:09.508-0300] {processor.py:183} INFO - Processing /home/beatriz/Documentos/airflow/airflow_venv/lib/python3.10/site-packages/airflow/example_dags/example_params_ui_tutorial.py took 0.103 seconds
[2024-12-09T16:49:01.459-0300] {processor.py:161} INFO - Started process (PID=25136) to work on /home/beatriz/Documentos/airflow/airflow_venv/lib/python3.10/site-packages/airflow/example_dags/example_params_ui_tutorial.py
[2024-12-09T16:49:01.461-0300] {processor.py:830} INFO - Processing file /home/beatriz/Documentos/airflow/airflow_venv/lib/python3.10/site-packages/airflow/example_dags/example_params_ui_tutorial.py for tasks to queue
[2024-12-09T16:49:01.463-0300] {logging_mixin.py:188} INFO - [2024-12-09T16:49:01.462-0300] {dagbag.py:540} INFO - Filling up the DagBag from /home/beatriz/Documentos/airflow/airflow_venv/lib/python3.10/site-packages/airflow/example_dags/example_params_ui_tutorial.py
[2024-12-09T16:49:01.473-0300] {processor.py:840} INFO - DAG(s) 'example_params_ui_tutorial' retrieved from /home/beatriz/Documentos/airflow/airflow_venv/lib/python3.10/site-packages/airflow/example_dags/example_params_ui_tutorial.py
[2024-12-09T16:49:01.513-0300] {logging_mixin.py:188} INFO - [2024-12-09T16:49:01.513-0300] {dag.py:3096} INFO - Sync 1 DAGs
[2024-12-09T16:49:01.523-0300] {logging_mixin.py:188} INFO - [2024-12-09T16:49:01.523-0300] {dag.py:3954} INFO - Setting next_dagrun for example_params_ui_tutorial to None, run_after=None
[2024-12-09T16:49:01.542-0300] {processor.py:183} INFO - Processing /home/beatriz/Documentos/airflow/airflow_venv/lib/python3.10/site-packages/airflow/example_dags/example_params_ui_tutorial.py took 0.088 seconds
[2024-12-09T16:49:52.858-0300] {processor.py:161} INFO - Started process (PID=25493) to work on /home/beatriz/Documentos/airflow/airflow_venv/lib/python3.10/site-packages/airflow/example_dags/example_params_ui_tutorial.py
[2024-12-09T16:49:52.861-0300] {processor.py:830} INFO - Processing file /home/beatriz/Documentos/airflow/airflow_venv/lib/python3.10/site-packages/airflow/example_dags/example_params_ui_tutorial.py for tasks to queue
[2024-12-09T16:49:52.863-0300] {logging_mixin.py:188} INFO - [2024-12-09T16:49:52.862-0300] {dagbag.py:540} INFO - Filling up the DagBag from /home/beatriz/Documentos/airflow/airflow_venv/lib/python3.10/site-packages/airflow/example_dags/example_params_ui_tutorial.py
[2024-12-09T16:49:52.881-0300] {processor.py:840} INFO - DAG(s) 'example_params_ui_tutorial' retrieved from /home/beatriz/Documentos/airflow/airflow_venv/lib/python3.10/site-packages/airflow/example_dags/example_params_ui_tutorial.py
[2024-12-09T16:49:52.923-0300] {logging_mixin.py:188} INFO - [2024-12-09T16:49:52.923-0300] {dag.py:3096} INFO - Sync 1 DAGs
[2024-12-09T16:49:52.932-0300] {logging_mixin.py:188} INFO - [2024-12-09T16:49:52.932-0300] {dag.py:3954} INFO - Setting next_dagrun for example_params_ui_tutorial to None, run_after=None
[2024-12-09T16:49:52.953-0300] {processor.py:183} INFO - Processing /home/beatriz/Documentos/airflow/airflow_venv/lib/python3.10/site-packages/airflow/example_dags/example_params_ui_tutorial.py took 0.108 seconds
[2024-12-09T16:50:46.999-0300] {processor.py:161} INFO - Started process (PID=26063) to work on /home/beatriz/Documentos/airflow/airflow_venv/lib/python3.10/site-packages/airflow/example_dags/example_params_ui_tutorial.py
[2024-12-09T16:50:47.002-0300] {processor.py:830} INFO - Processing file /home/beatriz/Documentos/airflow/airflow_venv/lib/python3.10/site-packages/airflow/example_dags/example_params_ui_tutorial.py for tasks to queue
[2024-12-09T16:50:47.004-0300] {logging_mixin.py:188} INFO - [2024-12-09T16:50:47.003-0300] {dagbag.py:540} INFO - Filling up the DagBag from /home/beatriz/Documentos/airflow/airflow_venv/lib/python3.10/site-packages/airflow/example_dags/example_params_ui_tutorial.py
[2024-12-09T16:50:47.025-0300] {processor.py:840} INFO - DAG(s) 'example_params_ui_tutorial' retrieved from /home/beatriz/Documentos/airflow/airflow_venv/lib/python3.10/site-packages/airflow/example_dags/example_params_ui_tutorial.py
[2024-12-09T16:50:47.068-0300] {logging_mixin.py:188} INFO - [2024-12-09T16:50:47.068-0300] {dag.py:3096} INFO - Sync 1 DAGs
[2024-12-09T16:50:47.079-0300] {logging_mixin.py:188} INFO - [2024-12-09T16:50:47.079-0300] {dag.py:3954} INFO - Setting next_dagrun for example_params_ui_tutorial to None, run_after=None
[2024-12-09T16:50:47.097-0300] {processor.py:183} INFO - Processing /home/beatriz/Documentos/airflow/airflow_venv/lib/python3.10/site-packages/airflow/example_dags/example_params_ui_tutorial.py took 0.111 seconds
[2024-12-09T16:51:43.708-0300] {processor.py:161} INFO - Started process (PID=26652) to work on /home/beatriz/Documentos/airflow/airflow_venv/lib/python3.10/site-packages/airflow/example_dags/example_params_ui_tutorial.py
[2024-12-09T16:51:43.711-0300] {processor.py:830} INFO - Processing file /home/beatriz/Documentos/airflow/airflow_venv/lib/python3.10/site-packages/airflow/example_dags/example_params_ui_tutorial.py for tasks to queue
[2024-12-09T16:51:43.711-0300] {logging_mixin.py:188} INFO - [2024-12-09T16:51:43.711-0300] {dagbag.py:540} INFO - Filling up the DagBag from /home/beatriz/Documentos/airflow/airflow_venv/lib/python3.10/site-packages/airflow/example_dags/example_params_ui_tutorial.py
[2024-12-09T16:51:43.722-0300] {processor.py:840} INFO - DAG(s) 'example_params_ui_tutorial' retrieved from /home/beatriz/Documentos/airflow/airflow_venv/lib/python3.10/site-packages/airflow/example_dags/example_params_ui_tutorial.py
[2024-12-09T16:51:43.760-0300] {logging_mixin.py:188} INFO - [2024-12-09T16:51:43.759-0300] {dag.py:3096} INFO - Sync 1 DAGs
[2024-12-09T16:51:43.767-0300] {logging_mixin.py:188} INFO - [2024-12-09T16:51:43.767-0300] {dag.py:3954} INFO - Setting next_dagrun for example_params_ui_tutorial to None, run_after=None
[2024-12-09T16:51:43.791-0300] {processor.py:183} INFO - Processing /home/beatriz/Documentos/airflow/airflow_venv/lib/python3.10/site-packages/airflow/example_dags/example_params_ui_tutorial.py took 0.087 seconds
[2024-12-09T16:52:36.221-0300] {processor.py:161} INFO - Started process (PID=27078) to work on /home/beatriz/Documentos/airflow/airflow_venv/lib/python3.10/site-packages/airflow/example_dags/example_params_ui_tutorial.py
[2024-12-09T16:52:36.223-0300] {processor.py:830} INFO - Processing file /home/beatriz/Documentos/airflow/airflow_venv/lib/python3.10/site-packages/airflow/example_dags/example_params_ui_tutorial.py for tasks to queue
[2024-12-09T16:52:36.224-0300] {logging_mixin.py:188} INFO - [2024-12-09T16:52:36.224-0300] {dagbag.py:540} INFO - Filling up the DagBag from /home/beatriz/Documentos/airflow/airflow_venv/lib/python3.10/site-packages/airflow/example_dags/example_params_ui_tutorial.py
[2024-12-09T16:52:36.241-0300] {processor.py:840} INFO - DAG(s) 'example_params_ui_tutorial' retrieved from /home/beatriz/Documentos/airflow/airflow_venv/lib/python3.10/site-packages/airflow/example_dags/example_params_ui_tutorial.py
[2024-12-09T16:52:36.280-0300] {logging_mixin.py:188} INFO - [2024-12-09T16:52:36.280-0300] {dag.py:3096} INFO - Sync 1 DAGs
[2024-12-09T16:52:36.289-0300] {logging_mixin.py:188} INFO - [2024-12-09T16:52:36.289-0300] {dag.py:3954} INFO - Setting next_dagrun for example_params_ui_tutorial to None, run_after=None
[2024-12-09T16:52:36.309-0300] {processor.py:183} INFO - Processing /home/beatriz/Documentos/airflow/airflow_venv/lib/python3.10/site-packages/airflow/example_dags/example_params_ui_tutorial.py took 0.098 seconds
[2024-12-09T16:53:27.554-0300] {processor.py:161} INFO - Started process (PID=27477) to work on /home/beatriz/Documentos/airflow/airflow_venv/lib/python3.10/site-packages/airflow/example_dags/example_params_ui_tutorial.py
[2024-12-09T16:53:27.556-0300] {processor.py:830} INFO - Processing file /home/beatriz/Documentos/airflow/airflow_venv/lib/python3.10/site-packages/airflow/example_dags/example_params_ui_tutorial.py for tasks to queue
[2024-12-09T16:53:27.557-0300] {logging_mixin.py:188} INFO - [2024-12-09T16:53:27.557-0300] {dagbag.py:540} INFO - Filling up the DagBag from /home/beatriz/Documentos/airflow/airflow_venv/lib/python3.10/site-packages/airflow/example_dags/example_params_ui_tutorial.py
[2024-12-09T16:53:27.577-0300] {processor.py:840} INFO - DAG(s) 'example_params_ui_tutorial' retrieved from /home/beatriz/Documentos/airflow/airflow_venv/lib/python3.10/site-packages/airflow/example_dags/example_params_ui_tutorial.py
[2024-12-09T16:53:27.616-0300] {logging_mixin.py:188} INFO - [2024-12-09T16:53:27.616-0300] {dag.py:3096} INFO - Sync 1 DAGs
[2024-12-09T16:53:27.624-0300] {logging_mixin.py:188} INFO - [2024-12-09T16:53:27.624-0300] {dag.py:3954} INFO - Setting next_dagrun for example_params_ui_tutorial to None, run_after=None
[2024-12-09T16:53:27.642-0300] {processor.py:183} INFO - Processing /home/beatriz/Documentos/airflow/airflow_venv/lib/python3.10/site-packages/airflow/example_dags/example_params_ui_tutorial.py took 0.100 seconds
[2024-12-09T16:54:26.280-0300] {processor.py:161} INFO - Started process (PID=27921) to work on /home/beatriz/Documentos/airflow/airflow_venv/lib/python3.10/site-packages/airflow/example_dags/example_params_ui_tutorial.py
[2024-12-09T16:54:26.281-0300] {processor.py:830} INFO - Processing file /home/beatriz/Documentos/airflow/airflow_venv/lib/python3.10/site-packages/airflow/example_dags/example_params_ui_tutorial.py for tasks to queue
[2024-12-09T16:54:26.282-0300] {logging_mixin.py:188} INFO - [2024-12-09T16:54:26.281-0300] {dagbag.py:540} INFO - Filling up the DagBag from /home/beatriz/Documentos/airflow/airflow_venv/lib/python3.10/site-packages/airflow/example_dags/example_params_ui_tutorial.py
[2024-12-09T16:54:26.296-0300] {processor.py:840} INFO - DAG(s) 'example_params_ui_tutorial' retrieved from /home/beatriz/Documentos/airflow/airflow_venv/lib/python3.10/site-packages/airflow/example_dags/example_params_ui_tutorial.py
[2024-12-09T16:54:26.336-0300] {logging_mixin.py:188} INFO - [2024-12-09T16:54:26.336-0300] {dag.py:3096} INFO - Sync 1 DAGs
[2024-12-09T16:54:26.344-0300] {logging_mixin.py:188} INFO - [2024-12-09T16:54:26.344-0300] {dag.py:3954} INFO - Setting next_dagrun for example_params_ui_tutorial to None, run_after=None
[2024-12-09T16:54:26.363-0300] {processor.py:183} INFO - Processing /home/beatriz/Documentos/airflow/airflow_venv/lib/python3.10/site-packages/airflow/example_dags/example_params_ui_tutorial.py took 0.088 seconds
[2024-12-09T16:55:37.206-0300] {processor.py:161} INFO - Started process (PID=28512) to work on /home/beatriz/Documentos/airflow/airflow_venv/lib/python3.10/site-packages/airflow/example_dags/example_params_ui_tutorial.py
[2024-12-09T16:55:37.207-0300] {processor.py:830} INFO - Processing file /home/beatriz/Documentos/airflow/airflow_venv/lib/python3.10/site-packages/airflow/example_dags/example_params_ui_tutorial.py for tasks to queue
[2024-12-09T16:55:37.208-0300] {logging_mixin.py:188} INFO - [2024-12-09T16:55:37.207-0300] {dagbag.py:540} INFO - Filling up the DagBag from /home/beatriz/Documentos/airflow/airflow_venv/lib/python3.10/site-packages/airflow/example_dags/example_params_ui_tutorial.py
[2024-12-09T16:55:37.223-0300] {processor.py:840} INFO - DAG(s) 'example_params_ui_tutorial' retrieved from /home/beatriz/Documentos/airflow/airflow_venv/lib/python3.10/site-packages/airflow/example_dags/example_params_ui_tutorial.py
[2024-12-09T16:55:37.261-0300] {logging_mixin.py:188} INFO - [2024-12-09T16:55:37.261-0300] {dag.py:3096} INFO - Sync 1 DAGs
[2024-12-09T16:55:37.268-0300] {logging_mixin.py:188} INFO - [2024-12-09T16:55:37.268-0300] {dag.py:3954} INFO - Setting next_dagrun for example_params_ui_tutorial to None, run_after=None
[2024-12-09T16:55:37.286-0300] {processor.py:183} INFO - Processing /home/beatriz/Documentos/airflow/airflow_venv/lib/python3.10/site-packages/airflow/example_dags/example_params_ui_tutorial.py took 0.085 seconds
[2024-12-09T16:59:56.048-0300] {processor.py:161} INFO - Started process (PID=29454) to work on /home/beatriz/Documentos/airflow/airflow_venv/lib/python3.10/site-packages/airflow/example_dags/example_params_ui_tutorial.py
[2024-12-09T16:59:56.061-0300] {processor.py:830} INFO - Processing file /home/beatriz/Documentos/airflow/airflow_venv/lib/python3.10/site-packages/airflow/example_dags/example_params_ui_tutorial.py for tasks to queue
[2024-12-09T16:59:56.157-0300] {logging_mixin.py:188} INFO - [2024-12-09T16:59:56.063-0300] {dagbag.py:540} INFO - Filling up the DagBag from /home/beatriz/Documentos/airflow/airflow_venv/lib/python3.10/site-packages/airflow/example_dags/example_params_ui_tutorial.py
[2024-12-09T16:59:56.239-0300] {processor.py:840} INFO - DAG(s) 'example_params_ui_tutorial' retrieved from /home/beatriz/Documentos/airflow/airflow_venv/lib/python3.10/site-packages/airflow/example_dags/example_params_ui_tutorial.py
[2024-12-09T16:59:56.394-0300] {logging_mixin.py:188} INFO - [2024-12-09T16:59:56.393-0300] {dag.py:3096} INFO - Sync 1 DAGs
[2024-12-09T16:59:56.408-0300] {logging_mixin.py:188} INFO - [2024-12-09T16:59:56.408-0300] {dag.py:3954} INFO - Setting next_dagrun for example_params_ui_tutorial to None, run_after=None
[2024-12-09T16:59:56.523-0300] {processor.py:183} INFO - Processing /home/beatriz/Documentos/airflow/airflow_venv/lib/python3.10/site-packages/airflow/example_dags/example_params_ui_tutorial.py took 0.508 seconds
[2024-12-09T17:02:52.904-0300] {processor.py:161} INFO - Started process (PID=29729) to work on /home/beatriz/Documentos/airflow/airflow_venv/lib/python3.10/site-packages/airflow/example_dags/example_params_ui_tutorial.py
[2024-12-09T17:02:52.916-0300] {processor.py:830} INFO - Processing file /home/beatriz/Documentos/airflow/airflow_venv/lib/python3.10/site-packages/airflow/example_dags/example_params_ui_tutorial.py for tasks to queue
[2024-12-09T17:02:53.021-0300] {logging_mixin.py:188} INFO - [2024-12-09T17:02:52.918-0300] {dagbag.py:540} INFO - Filling up the DagBag from /home/beatriz/Documentos/airflow/airflow_venv/lib/python3.10/site-packages/airflow/example_dags/example_params_ui_tutorial.py
[2024-12-09T17:02:53.242-0300] {processor.py:840} INFO - DAG(s) 'example_params_ui_tutorial' retrieved from /home/beatriz/Documentos/airflow/airflow_venv/lib/python3.10/site-packages/airflow/example_dags/example_params_ui_tutorial.py
[2024-12-09T17:02:53.399-0300] {logging_mixin.py:188} INFO - [2024-12-09T17:02:53.398-0300] {dag.py:3096} INFO - Sync 1 DAGs
[2024-12-09T17:02:53.417-0300] {logging_mixin.py:188} INFO - [2024-12-09T17:02:53.417-0300] {dag.py:3954} INFO - Setting next_dagrun for example_params_ui_tutorial to None, run_after=None
[2024-12-09T17:02:53.500-0300] {processor.py:183} INFO - Processing /home/beatriz/Documentos/airflow/airflow_venv/lib/python3.10/site-packages/airflow/example_dags/example_params_ui_tutorial.py took 0.625 seconds
[2024-12-09T17:05:21.971-0300] {processor.py:161} INFO - Started process (PID=30467) to work on /home/beatriz/Documentos/airflow/airflow_venv/lib/python3.10/site-packages/airflow/example_dags/example_params_ui_tutorial.py
[2024-12-09T17:05:21.972-0300] {processor.py:830} INFO - Processing file /home/beatriz/Documentos/airflow/airflow_venv/lib/python3.10/site-packages/airflow/example_dags/example_params_ui_tutorial.py for tasks to queue
[2024-12-09T17:05:21.974-0300] {logging_mixin.py:188} INFO - [2024-12-09T17:05:21.973-0300] {dagbag.py:540} INFO - Filling up the DagBag from /home/beatriz/Documentos/airflow/airflow_venv/lib/python3.10/site-packages/airflow/example_dags/example_params_ui_tutorial.py
[2024-12-09T17:05:21.987-0300] {processor.py:840} INFO - DAG(s) 'example_params_ui_tutorial' retrieved from /home/beatriz/Documentos/airflow/airflow_venv/lib/python3.10/site-packages/airflow/example_dags/example_params_ui_tutorial.py
[2024-12-09T17:05:22.033-0300] {logging_mixin.py:188} INFO - [2024-12-09T17:05:22.032-0300] {dag.py:3096} INFO - Sync 1 DAGs
[2024-12-09T17:05:22.041-0300] {logging_mixin.py:188} INFO - [2024-12-09T17:05:22.041-0300] {dag.py:3954} INFO - Setting next_dagrun for example_params_ui_tutorial to None, run_after=None
[2024-12-09T17:05:22.062-0300] {processor.py:183} INFO - Processing /home/beatriz/Documentos/airflow/airflow_venv/lib/python3.10/site-packages/airflow/example_dags/example_params_ui_tutorial.py took 0.096 seconds
