[2024-12-09T15:00:28.286-0300] {processor.py:161} INFO - Started process (PID=28652) to work on /home/beatriz/Documentos/airflow/airflow_venv/lib/python3.10/site-packages/airflow/example_dags/example_complex.py
[2024-12-09T15:00:28.287-0300] {processor.py:830} INFO - Processing file /home/beatriz/Documentos/airflow/airflow_venv/lib/python3.10/site-packages/airflow/example_dags/example_complex.py for tasks to queue
[2024-12-09T15:00:28.290-0300] {logging_mixin.py:188} INFO - [2024-12-09T15:00:28.289-0300] {dagbag.py:540} INFO - Filling up the DagBag from /home/beatriz/Documentos/airflow/airflow_venv/lib/python3.10/site-packages/airflow/example_dags/example_complex.py
[2024-12-09T15:00:28.312-0300] {processor.py:840} INFO - DAG(s) 'example_complex' retrieved from /home/beatriz/Documentos/airflow/airflow_venv/lib/python3.10/site-packages/airflow/example_dags/example_complex.py
[2024-12-09T15:00:28.388-0300] {logging_mixin.py:188} INFO - [2024-12-09T15:00:28.388-0300] {dag.py:3096} INFO - Sync 1 DAGs
[2024-12-09T15:00:28.396-0300] {logging_mixin.py:188} INFO - [2024-12-09T15:00:28.396-0300] {dag.py:3954} INFO - Setting next_dagrun for example_complex to None, run_after=None
[2024-12-09T15:00:28.415-0300] {processor.py:183} INFO - Processing /home/beatriz/Documentos/airflow/airflow_venv/lib/python3.10/site-packages/airflow/example_dags/example_complex.py took 0.140 seconds
[2024-12-09T15:01:31.105-0300] {processor.py:161} INFO - Started process (PID=29227) to work on /home/beatriz/Documentos/airflow/airflow_venv/lib/python3.10/site-packages/airflow/example_dags/example_complex.py
[2024-12-09T15:01:31.105-0300] {processor.py:830} INFO - Processing file /home/beatriz/Documentos/airflow/airflow_venv/lib/python3.10/site-packages/airflow/example_dags/example_complex.py for tasks to queue
[2024-12-09T15:01:31.106-0300] {logging_mixin.py:188} INFO - [2024-12-09T15:01:31.106-0300] {dagbag.py:540} INFO - Filling up the DagBag from /home/beatriz/Documentos/airflow/airflow_venv/lib/python3.10/site-packages/airflow/example_dags/example_complex.py
[2024-12-09T15:01:31.116-0300] {processor.py:840} INFO - DAG(s) 'example_complex' retrieved from /home/beatriz/Documentos/airflow/airflow_venv/lib/python3.10/site-packages/airflow/example_dags/example_complex.py
[2024-12-09T15:01:31.139-0300] {logging_mixin.py:188} INFO - [2024-12-09T15:01:31.139-0300] {dag.py:3096} INFO - Sync 1 DAGs
[2024-12-09T15:01:31.147-0300] {logging_mixin.py:188} INFO - [2024-12-09T15:01:31.147-0300] {dag.py:3954} INFO - Setting next_dagrun for example_complex to None, run_after=None
[2024-12-09T15:01:31.163-0300] {processor.py:183} INFO - Processing /home/beatriz/Documentos/airflow/airflow_venv/lib/python3.10/site-packages/airflow/example_dags/example_complex.py took 0.063 seconds
[2024-12-09T15:02:29.006-0300] {processor.py:161} INFO - Started process (PID=29672) to work on /home/beatriz/Documentos/airflow/airflow_venv/lib/python3.10/site-packages/airflow/example_dags/example_complex.py
[2024-12-09T15:02:29.008-0300] {processor.py:830} INFO - Processing file /home/beatriz/Documentos/airflow/airflow_venv/lib/python3.10/site-packages/airflow/example_dags/example_complex.py for tasks to queue
[2024-12-09T15:02:29.009-0300] {logging_mixin.py:188} INFO - [2024-12-09T15:02:29.009-0300] {dagbag.py:540} INFO - Filling up the DagBag from /home/beatriz/Documentos/airflow/airflow_venv/lib/python3.10/site-packages/airflow/example_dags/example_complex.py
[2024-12-09T15:02:29.022-0300] {processor.py:840} INFO - DAG(s) 'example_complex' retrieved from /home/beatriz/Documentos/airflow/airflow_venv/lib/python3.10/site-packages/airflow/example_dags/example_complex.py
[2024-12-09T15:02:29.052-0300] {logging_mixin.py:188} INFO - [2024-12-09T15:02:29.052-0300] {dag.py:3096} INFO - Sync 1 DAGs
[2024-12-09T15:02:29.067-0300] {logging_mixin.py:188} INFO - [2024-12-09T15:02:29.066-0300] {dag.py:3954} INFO - Setting next_dagrun for example_complex to None, run_after=None
[2024-12-09T15:02:29.096-0300] {processor.py:183} INFO - Processing /home/beatriz/Documentos/airflow/airflow_venv/lib/python3.10/site-packages/airflow/example_dags/example_complex.py took 0.097 seconds
[2024-12-09T15:05:12.972-0300] {processor.py:161} INFO - Started process (PID=31697) to work on /home/beatriz/Documentos/airflow/airflow_venv/lib/python3.10/site-packages/airflow/example_dags/example_complex.py
[2024-12-09T15:05:12.973-0300] {processor.py:830} INFO - Processing file /home/beatriz/Documentos/airflow/airflow_venv/lib/python3.10/site-packages/airflow/example_dags/example_complex.py for tasks to queue
[2024-12-09T15:05:12.974-0300] {logging_mixin.py:188} INFO - [2024-12-09T15:05:12.974-0300] {dagbag.py:540} INFO - Filling up the DagBag from /home/beatriz/Documentos/airflow/airflow_venv/lib/python3.10/site-packages/airflow/example_dags/example_complex.py
[2024-12-09T15:05:12.997-0300] {processor.py:840} INFO - DAG(s) 'example_complex' retrieved from /home/beatriz/Documentos/airflow/airflow_venv/lib/python3.10/site-packages/airflow/example_dags/example_complex.py
[2024-12-09T15:05:13.079-0300] {logging_mixin.py:188} INFO - [2024-12-09T15:05:13.079-0300] {dag.py:3096} INFO - Sync 1 DAGs
[2024-12-09T15:05:13.086-0300] {logging_mixin.py:188} INFO - [2024-12-09T15:05:13.085-0300] {dag.py:3954} INFO - Setting next_dagrun for example_complex to None, run_after=None
[2024-12-09T15:05:13.102-0300] {processor.py:183} INFO - Processing /home/beatriz/Documentos/airflow/airflow_venv/lib/python3.10/site-packages/airflow/example_dags/example_complex.py took 0.135 seconds
[2024-12-09T15:06:27.964-0300] {processor.py:161} INFO - Started process (PID=32495) to work on /home/beatriz/Documentos/airflow/airflow_venv/lib/python3.10/site-packages/airflow/example_dags/example_complex.py
[2024-12-09T15:06:27.965-0300] {processor.py:830} INFO - Processing file /home/beatriz/Documentos/airflow/airflow_venv/lib/python3.10/site-packages/airflow/example_dags/example_complex.py for tasks to queue
[2024-12-09T15:06:27.966-0300] {logging_mixin.py:188} INFO - [2024-12-09T15:06:27.966-0300] {dagbag.py:540} INFO - Filling up the DagBag from /home/beatriz/Documentos/airflow/airflow_venv/lib/python3.10/site-packages/airflow/example_dags/example_complex.py
[2024-12-09T15:06:27.977-0300] {processor.py:840} INFO - DAG(s) 'example_complex' retrieved from /home/beatriz/Documentos/airflow/airflow_venv/lib/python3.10/site-packages/airflow/example_dags/example_complex.py
[2024-12-09T15:06:28.051-0300] {logging_mixin.py:188} INFO - [2024-12-09T15:06:28.051-0300] {dag.py:3096} INFO - Sync 1 DAGs
[2024-12-09T15:06:28.059-0300] {logging_mixin.py:188} INFO - [2024-12-09T15:06:28.058-0300] {dag.py:3954} INFO - Setting next_dagrun for example_complex to None, run_after=None
[2024-12-09T15:06:28.078-0300] {processor.py:183} INFO - Processing /home/beatriz/Documentos/airflow/airflow_venv/lib/python3.10/site-packages/airflow/example_dags/example_complex.py took 0.118 seconds
[2024-12-09T15:07:33.218-0300] {processor.py:161} INFO - Started process (PID=32965) to work on /home/beatriz/Documentos/airflow/airflow_venv/lib/python3.10/site-packages/airflow/example_dags/example_complex.py
[2024-12-09T15:07:33.218-0300] {processor.py:830} INFO - Processing file /home/beatriz/Documentos/airflow/airflow_venv/lib/python3.10/site-packages/airflow/example_dags/example_complex.py for tasks to queue
[2024-12-09T15:07:33.220-0300] {logging_mixin.py:188} INFO - [2024-12-09T15:07:33.219-0300] {dagbag.py:540} INFO - Filling up the DagBag from /home/beatriz/Documentos/airflow/airflow_venv/lib/python3.10/site-packages/airflow/example_dags/example_complex.py
[2024-12-09T15:07:33.230-0300] {processor.py:840} INFO - DAG(s) 'example_complex' retrieved from /home/beatriz/Documentos/airflow/airflow_venv/lib/python3.10/site-packages/airflow/example_dags/example_complex.py
[2024-12-09T15:07:33.254-0300] {logging_mixin.py:188} INFO - [2024-12-09T15:07:33.254-0300] {dag.py:3096} INFO - Sync 1 DAGs
[2024-12-09T15:07:33.263-0300] {logging_mixin.py:188} INFO - [2024-12-09T15:07:33.262-0300] {dag.py:3954} INFO - Setting next_dagrun for example_complex to None, run_after=None
[2024-12-09T15:07:33.279-0300] {processor.py:183} INFO - Processing /home/beatriz/Documentos/airflow/airflow_venv/lib/python3.10/site-packages/airflow/example_dags/example_complex.py took 0.066 seconds
[2024-12-09T15:08:32.328-0300] {processor.py:161} INFO - Started process (PID=33391) to work on /home/beatriz/Documentos/airflow/airflow_venv/lib/python3.10/site-packages/airflow/example_dags/example_complex.py
[2024-12-09T15:08:32.329-0300] {processor.py:830} INFO - Processing file /home/beatriz/Documentos/airflow/airflow_venv/lib/python3.10/site-packages/airflow/example_dags/example_complex.py for tasks to queue
[2024-12-09T15:08:32.332-0300] {logging_mixin.py:188} INFO - [2024-12-09T15:08:32.331-0300] {dagbag.py:540} INFO - Filling up the DagBag from /home/beatriz/Documentos/airflow/airflow_venv/lib/python3.10/site-packages/airflow/example_dags/example_complex.py
[2024-12-09T15:08:32.351-0300] {processor.py:840} INFO - DAG(s) 'example_complex' retrieved from /home/beatriz/Documentos/airflow/airflow_venv/lib/python3.10/site-packages/airflow/example_dags/example_complex.py
[2024-12-09T15:08:32.376-0300] {logging_mixin.py:188} INFO - [2024-12-09T15:08:32.375-0300] {dag.py:3096} INFO - Sync 1 DAGs
[2024-12-09T15:08:32.384-0300] {logging_mixin.py:188} INFO - [2024-12-09T15:08:32.384-0300] {dag.py:3954} INFO - Setting next_dagrun for example_complex to None, run_after=None
[2024-12-09T15:08:32.402-0300] {processor.py:183} INFO - Processing /home/beatriz/Documentos/airflow/airflow_venv/lib/python3.10/site-packages/airflow/example_dags/example_complex.py took 0.087 seconds
[2024-12-09T15:11:10.681-0300] {processor.py:161} INFO - Started process (PID=34339) to work on /home/beatriz/Documentos/airflow/airflow_venv/lib/python3.10/site-packages/airflow/example_dags/example_complex.py
[2024-12-09T15:11:10.683-0300] {processor.py:830} INFO - Processing file /home/beatriz/Documentos/airflow/airflow_venv/lib/python3.10/site-packages/airflow/example_dags/example_complex.py for tasks to queue
[2024-12-09T15:11:10.685-0300] {logging_mixin.py:188} INFO - [2024-12-09T15:11:10.684-0300] {dagbag.py:540} INFO - Filling up the DagBag from /home/beatriz/Documentos/airflow/airflow_venv/lib/python3.10/site-packages/airflow/example_dags/example_complex.py
[2024-12-09T15:11:10.704-0300] {processor.py:840} INFO - DAG(s) 'example_complex' retrieved from /home/beatriz/Documentos/airflow/airflow_venv/lib/python3.10/site-packages/airflow/example_dags/example_complex.py
[2024-12-09T15:11:10.728-0300] {logging_mixin.py:188} INFO - [2024-12-09T15:11:10.728-0300] {dag.py:3096} INFO - Sync 1 DAGs
[2024-12-09T15:11:10.737-0300] {logging_mixin.py:188} INFO - [2024-12-09T15:11:10.736-0300] {dag.py:3954} INFO - Setting next_dagrun for example_complex to None, run_after=None
[2024-12-09T15:11:10.753-0300] {processor.py:183} INFO - Processing /home/beatriz/Documentos/airflow/airflow_venv/lib/python3.10/site-packages/airflow/example_dags/example_complex.py took 0.085 seconds
[2024-12-09T15:12:45.341-0300] {processor.py:161} INFO - Started process (PID=34868) to work on /home/beatriz/Documentos/airflow/airflow_venv/lib/python3.10/site-packages/airflow/example_dags/example_complex.py
[2024-12-09T15:12:45.343-0300] {processor.py:830} INFO - Processing file /home/beatriz/Documentos/airflow/airflow_venv/lib/python3.10/site-packages/airflow/example_dags/example_complex.py for tasks to queue
[2024-12-09T15:12:45.345-0300] {logging_mixin.py:188} INFO - [2024-12-09T15:12:45.344-0300] {dagbag.py:540} INFO - Filling up the DagBag from /home/beatriz/Documentos/airflow/airflow_venv/lib/python3.10/site-packages/airflow/example_dags/example_complex.py
[2024-12-09T15:12:45.365-0300] {processor.py:840} INFO - DAG(s) 'example_complex' retrieved from /home/beatriz/Documentos/airflow/airflow_venv/lib/python3.10/site-packages/airflow/example_dags/example_complex.py
[2024-12-09T15:12:45.392-0300] {logging_mixin.py:188} INFO - [2024-12-09T15:12:45.391-0300] {dag.py:3096} INFO - Sync 1 DAGs
[2024-12-09T15:12:45.400-0300] {logging_mixin.py:188} INFO - [2024-12-09T15:12:45.400-0300] {dag.py:3954} INFO - Setting next_dagrun for example_complex to None, run_after=None
[2024-12-09T15:12:45.417-0300] {processor.py:183} INFO - Processing /home/beatriz/Documentos/airflow/airflow_venv/lib/python3.10/site-packages/airflow/example_dags/example_complex.py took 0.088 seconds
[2024-12-09T15:14:17.920-0300] {processor.py:161} INFO - Started process (PID=36409) to work on /home/beatriz/Documentos/airflow/airflow_venv/lib/python3.10/site-packages/airflow/example_dags/example_complex.py
[2024-12-09T15:14:17.923-0300] {processor.py:830} INFO - Processing file /home/beatriz/Documentos/airflow/airflow_venv/lib/python3.10/site-packages/airflow/example_dags/example_complex.py for tasks to queue
[2024-12-09T15:14:17.925-0300] {logging_mixin.py:188} INFO - [2024-12-09T15:14:17.924-0300] {dagbag.py:540} INFO - Filling up the DagBag from /home/beatriz/Documentos/airflow/airflow_venv/lib/python3.10/site-packages/airflow/example_dags/example_complex.py
[2024-12-09T15:14:17.941-0300] {processor.py:840} INFO - DAG(s) 'example_complex' retrieved from /home/beatriz/Documentos/airflow/airflow_venv/lib/python3.10/site-packages/airflow/example_dags/example_complex.py
[2024-12-09T15:14:18.020-0300] {logging_mixin.py:188} INFO - [2024-12-09T15:14:18.020-0300] {dag.py:3096} INFO - Sync 1 DAGs
[2024-12-09T15:14:18.027-0300] {logging_mixin.py:188} INFO - [2024-12-09T15:14:18.027-0300] {dag.py:3954} INFO - Setting next_dagrun for example_complex to None, run_after=None
[2024-12-09T15:14:18.044-0300] {processor.py:183} INFO - Processing /home/beatriz/Documentos/airflow/airflow_venv/lib/python3.10/site-packages/airflow/example_dags/example_complex.py took 0.131 seconds
[2024-12-09T15:15:18.468-0300] {processor.py:161} INFO - Started process (PID=36848) to work on /home/beatriz/Documentos/airflow/airflow_venv/lib/python3.10/site-packages/airflow/example_dags/example_complex.py
[2024-12-09T15:15:18.469-0300] {processor.py:830} INFO - Processing file /home/beatriz/Documentos/airflow/airflow_venv/lib/python3.10/site-packages/airflow/example_dags/example_complex.py for tasks to queue
[2024-12-09T15:15:18.471-0300] {logging_mixin.py:188} INFO - [2024-12-09T15:15:18.470-0300] {dagbag.py:540} INFO - Filling up the DagBag from /home/beatriz/Documentos/airflow/airflow_venv/lib/python3.10/site-packages/airflow/example_dags/example_complex.py
[2024-12-09T15:15:18.480-0300] {processor.py:840} INFO - DAG(s) 'example_complex' retrieved from /home/beatriz/Documentos/airflow/airflow_venv/lib/python3.10/site-packages/airflow/example_dags/example_complex.py
[2024-12-09T15:15:18.518-0300] {logging_mixin.py:188} INFO - [2024-12-09T15:15:18.517-0300] {dag.py:3096} INFO - Sync 1 DAGs
[2024-12-09T15:15:18.537-0300] {logging_mixin.py:188} INFO - [2024-12-09T15:15:18.537-0300] {dag.py:3954} INFO - Setting next_dagrun for example_complex to None, run_after=None
[2024-12-09T15:15:18.565-0300] {processor.py:183} INFO - Processing /home/beatriz/Documentos/airflow/airflow_venv/lib/python3.10/site-packages/airflow/example_dags/example_complex.py took 0.102 seconds
[2024-12-09T15:16:14.767-0300] {processor.py:161} INFO - Started process (PID=37446) to work on /home/beatriz/Documentos/airflow/airflow_venv/lib/python3.10/site-packages/airflow/example_dags/example_complex.py
[2024-12-09T15:16:14.769-0300] {processor.py:830} INFO - Processing file /home/beatriz/Documentos/airflow/airflow_venv/lib/python3.10/site-packages/airflow/example_dags/example_complex.py for tasks to queue
[2024-12-09T15:16:14.770-0300] {logging_mixin.py:188} INFO - [2024-12-09T15:16:14.770-0300] {dagbag.py:540} INFO - Filling up the DagBag from /home/beatriz/Documentos/airflow/airflow_venv/lib/python3.10/site-packages/airflow/example_dags/example_complex.py
[2024-12-09T15:16:14.780-0300] {processor.py:840} INFO - DAG(s) 'example_complex' retrieved from /home/beatriz/Documentos/airflow/airflow_venv/lib/python3.10/site-packages/airflow/example_dags/example_complex.py
[2024-12-09T15:16:14.803-0300] {logging_mixin.py:188} INFO - [2024-12-09T15:16:14.803-0300] {dag.py:3096} INFO - Sync 1 DAGs
[2024-12-09T15:16:14.813-0300] {logging_mixin.py:188} INFO - [2024-12-09T15:16:14.812-0300] {dag.py:3954} INFO - Setting next_dagrun for example_complex to None, run_after=None
[2024-12-09T15:16:14.905-0300] {processor.py:183} INFO - Processing /home/beatriz/Documentos/airflow/airflow_venv/lib/python3.10/site-packages/airflow/example_dags/example_complex.py took 0.143 seconds
[2024-12-09T15:17:10.896-0300] {processor.py:161} INFO - Started process (PID=37941) to work on /home/beatriz/Documentos/airflow/airflow_venv/lib/python3.10/site-packages/airflow/example_dags/example_complex.py
[2024-12-09T15:17:10.899-0300] {processor.py:830} INFO - Processing file /home/beatriz/Documentos/airflow/airflow_venv/lib/python3.10/site-packages/airflow/example_dags/example_complex.py for tasks to queue
[2024-12-09T15:17:10.900-0300] {logging_mixin.py:188} INFO - [2024-12-09T15:17:10.900-0300] {dagbag.py:540} INFO - Filling up the DagBag from /home/beatriz/Documentos/airflow/airflow_venv/lib/python3.10/site-packages/airflow/example_dags/example_complex.py
[2024-12-09T15:17:10.911-0300] {processor.py:840} INFO - DAG(s) 'example_complex' retrieved from /home/beatriz/Documentos/airflow/airflow_venv/lib/python3.10/site-packages/airflow/example_dags/example_complex.py
[2024-12-09T15:17:10.940-0300] {logging_mixin.py:188} INFO - [2024-12-09T15:17:10.940-0300] {dag.py:3096} INFO - Sync 1 DAGs
[2024-12-09T15:17:10.954-0300] {logging_mixin.py:188} INFO - [2024-12-09T15:17:10.954-0300] {dag.py:3954} INFO - Setting next_dagrun for example_complex to None, run_after=None
[2024-12-09T15:17:10.977-0300] {processor.py:183} INFO - Processing /home/beatriz/Documentos/airflow/airflow_venv/lib/python3.10/site-packages/airflow/example_dags/example_complex.py took 0.087 seconds
[2024-12-09T15:18:02.330-0300] {processor.py:161} INFO - Started process (PID=38460) to work on /home/beatriz/Documentos/airflow/airflow_venv/lib/python3.10/site-packages/airflow/example_dags/example_complex.py
[2024-12-09T15:18:02.332-0300] {processor.py:830} INFO - Processing file /home/beatriz/Documentos/airflow/airflow_venv/lib/python3.10/site-packages/airflow/example_dags/example_complex.py for tasks to queue
[2024-12-09T15:18:02.333-0300] {logging_mixin.py:188} INFO - [2024-12-09T15:18:02.333-0300] {dagbag.py:540} INFO - Filling up the DagBag from /home/beatriz/Documentos/airflow/airflow_venv/lib/python3.10/site-packages/airflow/example_dags/example_complex.py
[2024-12-09T15:18:02.342-0300] {processor.py:840} INFO - DAG(s) 'example_complex' retrieved from /home/beatriz/Documentos/airflow/airflow_venv/lib/python3.10/site-packages/airflow/example_dags/example_complex.py
[2024-12-09T15:18:02.363-0300] {logging_mixin.py:188} INFO - [2024-12-09T15:18:02.363-0300] {dag.py:3096} INFO - Sync 1 DAGs
[2024-12-09T15:18:02.371-0300] {logging_mixin.py:188} INFO - [2024-12-09T15:18:02.371-0300] {dag.py:3954} INFO - Setting next_dagrun for example_complex to None, run_after=None
[2024-12-09T15:18:02.387-0300] {processor.py:183} INFO - Processing /home/beatriz/Documentos/airflow/airflow_venv/lib/python3.10/site-packages/airflow/example_dags/example_complex.py took 0.061 seconds
[2024-12-09T15:19:22.781-0300] {processor.py:161} INFO - Started process (PID=39707) to work on /home/beatriz/Documentos/airflow/airflow_venv/lib/python3.10/site-packages/airflow/example_dags/example_complex.py
[2024-12-09T15:19:22.784-0300] {processor.py:830} INFO - Processing file /home/beatriz/Documentos/airflow/airflow_venv/lib/python3.10/site-packages/airflow/example_dags/example_complex.py for tasks to queue
[2024-12-09T15:19:22.788-0300] {logging_mixin.py:188} INFO - [2024-12-09T15:19:22.787-0300] {dagbag.py:540} INFO - Filling up the DagBag from /home/beatriz/Documentos/airflow/airflow_venv/lib/python3.10/site-packages/airflow/example_dags/example_complex.py
[2024-12-09T15:19:22.819-0300] {processor.py:840} INFO - DAG(s) 'example_complex' retrieved from /home/beatriz/Documentos/airflow/airflow_venv/lib/python3.10/site-packages/airflow/example_dags/example_complex.py
[2024-12-09T15:19:22.921-0300] {logging_mixin.py:188} INFO - [2024-12-09T15:19:22.921-0300] {dag.py:3096} INFO - Sync 1 DAGs
[2024-12-09T15:19:22.928-0300] {logging_mixin.py:188} INFO - [2024-12-09T15:19:22.928-0300] {dag.py:3954} INFO - Setting next_dagrun for example_complex to None, run_after=None
[2024-12-09T15:19:22.945-0300] {processor.py:183} INFO - Processing /home/beatriz/Documentos/airflow/airflow_venv/lib/python3.10/site-packages/airflow/example_dags/example_complex.py took 0.178 seconds
[2024-12-09T15:20:21.570-0300] {processor.py:161} INFO - Started process (PID=40385) to work on /home/beatriz/Documentos/airflow/airflow_venv/lib/python3.10/site-packages/airflow/example_dags/example_complex.py
[2024-12-09T15:20:21.571-0300] {processor.py:830} INFO - Processing file /home/beatriz/Documentos/airflow/airflow_venv/lib/python3.10/site-packages/airflow/example_dags/example_complex.py for tasks to queue
[2024-12-09T15:20:21.572-0300] {logging_mixin.py:188} INFO - [2024-12-09T15:20:21.572-0300] {dagbag.py:540} INFO - Filling up the DagBag from /home/beatriz/Documentos/airflow/airflow_venv/lib/python3.10/site-packages/airflow/example_dags/example_complex.py
[2024-12-09T15:20:21.586-0300] {processor.py:840} INFO - DAG(s) 'example_complex' retrieved from /home/beatriz/Documentos/airflow/airflow_venv/lib/python3.10/site-packages/airflow/example_dags/example_complex.py
[2024-12-09T15:20:21.611-0300] {logging_mixin.py:188} INFO - [2024-12-09T15:20:21.611-0300] {dag.py:3096} INFO - Sync 1 DAGs
[2024-12-09T15:20:21.620-0300] {logging_mixin.py:188} INFO - [2024-12-09T15:20:21.620-0300] {dag.py:3954} INFO - Setting next_dagrun for example_complex to None, run_after=None
[2024-12-09T15:20:21.636-0300] {processor.py:183} INFO - Processing /home/beatriz/Documentos/airflow/airflow_venv/lib/python3.10/site-packages/airflow/example_dags/example_complex.py took 0.073 seconds
[2024-12-09T15:21:16.982-0300] {processor.py:161} INFO - Started process (PID=40825) to work on /home/beatriz/Documentos/airflow/airflow_venv/lib/python3.10/site-packages/airflow/example_dags/example_complex.py
[2024-12-09T15:21:16.984-0300] {processor.py:830} INFO - Processing file /home/beatriz/Documentos/airflow/airflow_venv/lib/python3.10/site-packages/airflow/example_dags/example_complex.py for tasks to queue
[2024-12-09T15:21:16.985-0300] {logging_mixin.py:188} INFO - [2024-12-09T15:21:16.985-0300] {dagbag.py:540} INFO - Filling up the DagBag from /home/beatriz/Documentos/airflow/airflow_venv/lib/python3.10/site-packages/airflow/example_dags/example_complex.py
[2024-12-09T15:21:16.997-0300] {processor.py:840} INFO - DAG(s) 'example_complex' retrieved from /home/beatriz/Documentos/airflow/airflow_venv/lib/python3.10/site-packages/airflow/example_dags/example_complex.py
[2024-12-09T15:21:17.027-0300] {logging_mixin.py:188} INFO - [2024-12-09T15:21:17.026-0300] {dag.py:3096} INFO - Sync 1 DAGs
[2024-12-09T15:21:17.040-0300] {logging_mixin.py:188} INFO - [2024-12-09T15:21:17.039-0300] {dag.py:3954} INFO - Setting next_dagrun for example_complex to None, run_after=None
[2024-12-09T15:21:17.071-0300] {processor.py:183} INFO - Processing /home/beatriz/Documentos/airflow/airflow_venv/lib/python3.10/site-packages/airflow/example_dags/example_complex.py took 0.095 seconds
[2024-12-09T15:22:14.958-0300] {processor.py:161} INFO - Started process (PID=41500) to work on /home/beatriz/Documentos/airflow/airflow_venv/lib/python3.10/site-packages/airflow/example_dags/example_complex.py
[2024-12-09T15:22:14.961-0300] {processor.py:830} INFO - Processing file /home/beatriz/Documentos/airflow/airflow_venv/lib/python3.10/site-packages/airflow/example_dags/example_complex.py for tasks to queue
[2024-12-09T15:22:14.964-0300] {logging_mixin.py:188} INFO - [2024-12-09T15:22:14.963-0300] {dagbag.py:540} INFO - Filling up the DagBag from /home/beatriz/Documentos/airflow/airflow_venv/lib/python3.10/site-packages/airflow/example_dags/example_complex.py
[2024-12-09T15:22:14.986-0300] {processor.py:840} INFO - DAG(s) 'example_complex' retrieved from /home/beatriz/Documentos/airflow/airflow_venv/lib/python3.10/site-packages/airflow/example_dags/example_complex.py
[2024-12-09T15:22:15.012-0300] {logging_mixin.py:188} INFO - [2024-12-09T15:22:15.011-0300] {dag.py:3096} INFO - Sync 1 DAGs
[2024-12-09T15:22:15.021-0300] {logging_mixin.py:188} INFO - [2024-12-09T15:22:15.020-0300] {dag.py:3954} INFO - Setting next_dagrun for example_complex to None, run_after=None
[2024-12-09T15:22:15.038-0300] {processor.py:183} INFO - Processing /home/beatriz/Documentos/airflow/airflow_venv/lib/python3.10/site-packages/airflow/example_dags/example_complex.py took 0.091 seconds
[2024-12-09T15:23:09.483-0300] {processor.py:161} INFO - Started process (PID=42043) to work on /home/beatriz/Documentos/airflow/airflow_venv/lib/python3.10/site-packages/airflow/example_dags/example_complex.py
[2024-12-09T15:23:09.485-0300] {processor.py:830} INFO - Processing file /home/beatriz/Documentos/airflow/airflow_venv/lib/python3.10/site-packages/airflow/example_dags/example_complex.py for tasks to queue
[2024-12-09T15:23:09.488-0300] {logging_mixin.py:188} INFO - [2024-12-09T15:23:09.487-0300] {dagbag.py:540} INFO - Filling up the DagBag from /home/beatriz/Documentos/airflow/airflow_venv/lib/python3.10/site-packages/airflow/example_dags/example_complex.py
[2024-12-09T15:23:09.507-0300] {processor.py:840} INFO - DAG(s) 'example_complex' retrieved from /home/beatriz/Documentos/airflow/airflow_venv/lib/python3.10/site-packages/airflow/example_dags/example_complex.py
[2024-12-09T15:23:09.535-0300] {logging_mixin.py:188} INFO - [2024-12-09T15:23:09.535-0300] {dag.py:3096} INFO - Sync 1 DAGs
[2024-12-09T15:23:09.543-0300] {logging_mixin.py:188} INFO - [2024-12-09T15:23:09.543-0300] {dag.py:3954} INFO - Setting next_dagrun for example_complex to None, run_after=None
[2024-12-09T15:23:09.560-0300] {processor.py:183} INFO - Processing /home/beatriz/Documentos/airflow/airflow_venv/lib/python3.10/site-packages/airflow/example_dags/example_complex.py took 0.081 seconds
[2024-12-09T15:24:18.906-0300] {processor.py:161} INFO - Started process (PID=42959) to work on /home/beatriz/Documentos/airflow/airflow_venv/lib/python3.10/site-packages/airflow/example_dags/example_complex.py
[2024-12-09T15:24:18.907-0300] {processor.py:830} INFO - Processing file /home/beatriz/Documentos/airflow/airflow_venv/lib/python3.10/site-packages/airflow/example_dags/example_complex.py for tasks to queue
[2024-12-09T15:24:18.908-0300] {logging_mixin.py:188} INFO - [2024-12-09T15:24:18.908-0300] {dagbag.py:540} INFO - Filling up the DagBag from /home/beatriz/Documentos/airflow/airflow_venv/lib/python3.10/site-packages/airflow/example_dags/example_complex.py
[2024-12-09T15:24:18.915-0300] {processor.py:840} INFO - DAG(s) 'example_complex' retrieved from /home/beatriz/Documentos/airflow/airflow_venv/lib/python3.10/site-packages/airflow/example_dags/example_complex.py
[2024-12-09T15:24:18.935-0300] {logging_mixin.py:188} INFO - [2024-12-09T15:24:18.935-0300] {dag.py:3096} INFO - Sync 1 DAGs
[2024-12-09T15:24:18.943-0300] {logging_mixin.py:188} INFO - [2024-12-09T15:24:18.943-0300] {dag.py:3954} INFO - Setting next_dagrun for example_complex to None, run_after=None
[2024-12-09T15:24:18.966-0300] {processor.py:183} INFO - Processing /home/beatriz/Documentos/airflow/airflow_venv/lib/python3.10/site-packages/airflow/example_dags/example_complex.py took 0.063 seconds
[2024-12-09T15:25:27.452-0300] {processor.py:161} INFO - Started process (PID=43498) to work on /home/beatriz/Documentos/airflow/airflow_venv/lib/python3.10/site-packages/airflow/example_dags/example_complex.py
[2024-12-09T15:25:27.455-0300] {processor.py:830} INFO - Processing file /home/beatriz/Documentos/airflow/airflow_venv/lib/python3.10/site-packages/airflow/example_dags/example_complex.py for tasks to queue
[2024-12-09T15:25:27.458-0300] {logging_mixin.py:188} INFO - [2024-12-09T15:25:27.458-0300] {dagbag.py:540} INFO - Filling up the DagBag from /home/beatriz/Documentos/airflow/airflow_venv/lib/python3.10/site-packages/airflow/example_dags/example_complex.py
[2024-12-09T15:25:27.478-0300] {processor.py:840} INFO - DAG(s) 'example_complex' retrieved from /home/beatriz/Documentos/airflow/airflow_venv/lib/python3.10/site-packages/airflow/example_dags/example_complex.py
[2024-12-09T15:25:27.502-0300] {logging_mixin.py:188} INFO - [2024-12-09T15:25:27.502-0300] {dag.py:3096} INFO - Sync 1 DAGs
[2024-12-09T15:25:27.510-0300] {logging_mixin.py:188} INFO - [2024-12-09T15:25:27.510-0300] {dag.py:3954} INFO - Setting next_dagrun for example_complex to None, run_after=None
[2024-12-09T15:25:27.527-0300] {processor.py:183} INFO - Processing /home/beatriz/Documentos/airflow/airflow_venv/lib/python3.10/site-packages/airflow/example_dags/example_complex.py took 0.087 seconds
[2024-12-09T15:26:37.502-0300] {processor.py:161} INFO - Started process (PID=44261) to work on /home/beatriz/Documentos/airflow/airflow_venv/lib/python3.10/site-packages/airflow/example_dags/example_complex.py
[2024-12-09T15:26:37.505-0300] {processor.py:830} INFO - Processing file /home/beatriz/Documentos/airflow/airflow_venv/lib/python3.10/site-packages/airflow/example_dags/example_complex.py for tasks to queue
[2024-12-09T15:26:37.508-0300] {logging_mixin.py:188} INFO - [2024-12-09T15:26:37.507-0300] {dagbag.py:540} INFO - Filling up the DagBag from /home/beatriz/Documentos/airflow/airflow_venv/lib/python3.10/site-packages/airflow/example_dags/example_complex.py
[2024-12-09T15:26:37.526-0300] {processor.py:840} INFO - DAG(s) 'example_complex' retrieved from /home/beatriz/Documentos/airflow/airflow_venv/lib/python3.10/site-packages/airflow/example_dags/example_complex.py
[2024-12-09T15:26:37.551-0300] {logging_mixin.py:188} INFO - [2024-12-09T15:26:37.551-0300] {dag.py:3096} INFO - Sync 1 DAGs
[2024-12-09T15:26:37.560-0300] {logging_mixin.py:188} INFO - [2024-12-09T15:26:37.560-0300] {dag.py:3954} INFO - Setting next_dagrun for example_complex to None, run_after=None
[2024-12-09T15:26:37.578-0300] {processor.py:183} INFO - Processing /home/beatriz/Documentos/airflow/airflow_venv/lib/python3.10/site-packages/airflow/example_dags/example_complex.py took 0.086 seconds
[2024-12-09T15:27:55.776-0300] {processor.py:161} INFO - Started process (PID=45239) to work on /home/beatriz/Documentos/airflow/airflow_venv/lib/python3.10/site-packages/airflow/example_dags/example_complex.py
[2024-12-09T15:27:55.777-0300] {processor.py:830} INFO - Processing file /home/beatriz/Documentos/airflow/airflow_venv/lib/python3.10/site-packages/airflow/example_dags/example_complex.py for tasks to queue
[2024-12-09T15:27:55.778-0300] {logging_mixin.py:188} INFO - [2024-12-09T15:27:55.778-0300] {dagbag.py:540} INFO - Filling up the DagBag from /home/beatriz/Documentos/airflow/airflow_venv/lib/python3.10/site-packages/airflow/example_dags/example_complex.py
[2024-12-09T15:27:55.788-0300] {processor.py:840} INFO - DAG(s) 'example_complex' retrieved from /home/beatriz/Documentos/airflow/airflow_venv/lib/python3.10/site-packages/airflow/example_dags/example_complex.py
[2024-12-09T15:27:55.811-0300] {logging_mixin.py:188} INFO - [2024-12-09T15:27:55.810-0300] {dag.py:3096} INFO - Sync 1 DAGs
[2024-12-09T15:27:55.819-0300] {logging_mixin.py:188} INFO - [2024-12-09T15:27:55.819-0300] {dag.py:3954} INFO - Setting next_dagrun for example_complex to None, run_after=None
[2024-12-09T15:27:55.837-0300] {processor.py:183} INFO - Processing /home/beatriz/Documentos/airflow/airflow_venv/lib/python3.10/site-packages/airflow/example_dags/example_complex.py took 0.065 seconds
[2024-12-09T15:28:46.660-0300] {processor.py:161} INFO - Started process (PID=46876) to work on /home/beatriz/Documentos/airflow/airflow_venv/lib/python3.10/site-packages/airflow/example_dags/example_complex.py
[2024-12-09T15:28:46.663-0300] {processor.py:830} INFO - Processing file /home/beatriz/Documentos/airflow/airflow_venv/lib/python3.10/site-packages/airflow/example_dags/example_complex.py for tasks to queue
[2024-12-09T15:28:46.665-0300] {logging_mixin.py:188} INFO - [2024-12-09T15:28:46.665-0300] {dagbag.py:540} INFO - Filling up the DagBag from /home/beatriz/Documentos/airflow/airflow_venv/lib/python3.10/site-packages/airflow/example_dags/example_complex.py
[2024-12-09T15:28:46.684-0300] {processor.py:840} INFO - DAG(s) 'example_complex' retrieved from /home/beatriz/Documentos/airflow/airflow_venv/lib/python3.10/site-packages/airflow/example_dags/example_complex.py
[2024-12-09T15:28:46.706-0300] {logging_mixin.py:188} INFO - [2024-12-09T15:28:46.706-0300] {dag.py:3096} INFO - Sync 1 DAGs
[2024-12-09T15:28:46.715-0300] {logging_mixin.py:188} INFO - [2024-12-09T15:28:46.714-0300] {dag.py:3954} INFO - Setting next_dagrun for example_complex to None, run_after=None
[2024-12-09T15:28:46.731-0300] {processor.py:183} INFO - Processing /home/beatriz/Documentos/airflow/airflow_venv/lib/python3.10/site-packages/airflow/example_dags/example_complex.py took 0.082 seconds
[2024-12-09T15:29:42.639-0300] {processor.py:161} INFO - Started process (PID=47774) to work on /home/beatriz/Documentos/airflow/airflow_venv/lib/python3.10/site-packages/airflow/example_dags/example_complex.py
[2024-12-09T15:29:42.642-0300] {processor.py:830} INFO - Processing file /home/beatriz/Documentos/airflow/airflow_venv/lib/python3.10/site-packages/airflow/example_dags/example_complex.py for tasks to queue
[2024-12-09T15:29:42.645-0300] {logging_mixin.py:188} INFO - [2024-12-09T15:29:42.644-0300] {dagbag.py:540} INFO - Filling up the DagBag from /home/beatriz/Documentos/airflow/airflow_venv/lib/python3.10/site-packages/airflow/example_dags/example_complex.py
[2024-12-09T15:29:42.666-0300] {processor.py:840} INFO - DAG(s) 'example_complex' retrieved from /home/beatriz/Documentos/airflow/airflow_venv/lib/python3.10/site-packages/airflow/example_dags/example_complex.py
[2024-12-09T15:29:42.691-0300] {logging_mixin.py:188} INFO - [2024-12-09T15:29:42.690-0300] {dag.py:3096} INFO - Sync 1 DAGs
[2024-12-09T15:29:42.699-0300] {logging_mixin.py:188} INFO - [2024-12-09T15:29:42.699-0300] {dag.py:3954} INFO - Setting next_dagrun for example_complex to None, run_after=None
[2024-12-09T15:29:42.715-0300] {processor.py:183} INFO - Processing /home/beatriz/Documentos/airflow/airflow_venv/lib/python3.10/site-packages/airflow/example_dags/example_complex.py took 0.088 seconds
[2024-12-09T15:30:36.826-0300] {processor.py:161} INFO - Started process (PID=48720) to work on /home/beatriz/Documentos/airflow/airflow_venv/lib/python3.10/site-packages/airflow/example_dags/example_complex.py
[2024-12-09T15:30:36.828-0300] {processor.py:830} INFO - Processing file /home/beatriz/Documentos/airflow/airflow_venv/lib/python3.10/site-packages/airflow/example_dags/example_complex.py for tasks to queue
[2024-12-09T15:30:36.831-0300] {logging_mixin.py:188} INFO - [2024-12-09T15:30:36.830-0300] {dagbag.py:540} INFO - Filling up the DagBag from /home/beatriz/Documentos/airflow/airflow_venv/lib/python3.10/site-packages/airflow/example_dags/example_complex.py
[2024-12-09T15:30:36.850-0300] {processor.py:840} INFO - DAG(s) 'example_complex' retrieved from /home/beatriz/Documentos/airflow/airflow_venv/lib/python3.10/site-packages/airflow/example_dags/example_complex.py
[2024-12-09T15:30:36.875-0300] {logging_mixin.py:188} INFO - [2024-12-09T15:30:36.874-0300] {dag.py:3096} INFO - Sync 1 DAGs
[2024-12-09T15:30:36.883-0300] {logging_mixin.py:188} INFO - [2024-12-09T15:30:36.883-0300] {dag.py:3954} INFO - Setting next_dagrun for example_complex to None, run_after=None
[2024-12-09T15:30:36.899-0300] {processor.py:183} INFO - Processing /home/beatriz/Documentos/airflow/airflow_venv/lib/python3.10/site-packages/airflow/example_dags/example_complex.py took 0.085 seconds
[2024-12-09T15:31:54.444-0300] {processor.py:161} INFO - Started process (PID=49202) to work on /home/beatriz/Documentos/airflow/airflow_venv/lib/python3.10/site-packages/airflow/example_dags/example_complex.py
[2024-12-09T15:31:54.445-0300] {processor.py:830} INFO - Processing file /home/beatriz/Documentos/airflow/airflow_venv/lib/python3.10/site-packages/airflow/example_dags/example_complex.py for tasks to queue
[2024-12-09T15:31:54.446-0300] {logging_mixin.py:188} INFO - [2024-12-09T15:31:54.446-0300] {dagbag.py:540} INFO - Filling up the DagBag from /home/beatriz/Documentos/airflow/airflow_venv/lib/python3.10/site-packages/airflow/example_dags/example_complex.py
[2024-12-09T15:31:54.455-0300] {processor.py:840} INFO - DAG(s) 'example_complex' retrieved from /home/beatriz/Documentos/airflow/airflow_venv/lib/python3.10/site-packages/airflow/example_dags/example_complex.py
[2024-12-09T15:31:54.479-0300] {logging_mixin.py:188} INFO - [2024-12-09T15:31:54.479-0300] {dag.py:3096} INFO - Sync 1 DAGs
[2024-12-09T15:31:54.488-0300] {logging_mixin.py:188} INFO - [2024-12-09T15:31:54.488-0300] {dag.py:3954} INFO - Setting next_dagrun for example_complex to None, run_after=None
[2024-12-09T15:31:54.505-0300] {processor.py:183} INFO - Processing /home/beatriz/Documentos/airflow/airflow_venv/lib/python3.10/site-packages/airflow/example_dags/example_complex.py took 0.065 seconds
[2024-12-09T15:32:47.598-0300] {processor.py:161} INFO - Started process (PID=49535) to work on /home/beatriz/Documentos/airflow/airflow_venv/lib/python3.10/site-packages/airflow/example_dags/example_complex.py
[2024-12-09T15:32:47.600-0300] {processor.py:830} INFO - Processing file /home/beatriz/Documentos/airflow/airflow_venv/lib/python3.10/site-packages/airflow/example_dags/example_complex.py for tasks to queue
[2024-12-09T15:32:47.603-0300] {logging_mixin.py:188} INFO - [2024-12-09T15:32:47.602-0300] {dagbag.py:540} INFO - Filling up the DagBag from /home/beatriz/Documentos/airflow/airflow_venv/lib/python3.10/site-packages/airflow/example_dags/example_complex.py
[2024-12-09T15:32:47.618-0300] {processor.py:840} INFO - DAG(s) 'example_complex' retrieved from /home/beatriz/Documentos/airflow/airflow_venv/lib/python3.10/site-packages/airflow/example_dags/example_complex.py
[2024-12-09T15:32:47.643-0300] {logging_mixin.py:188} INFO - [2024-12-09T15:32:47.643-0300] {dag.py:3096} INFO - Sync 1 DAGs
[2024-12-09T15:32:47.652-0300] {logging_mixin.py:188} INFO - [2024-12-09T15:32:47.652-0300] {dag.py:3954} INFO - Setting next_dagrun for example_complex to None, run_after=None
[2024-12-09T15:32:47.670-0300] {processor.py:183} INFO - Processing /home/beatriz/Documentos/airflow/airflow_venv/lib/python3.10/site-packages/airflow/example_dags/example_complex.py took 0.082 seconds
[2024-12-09T15:33:44.324-0300] {processor.py:161} INFO - Started process (PID=50272) to work on /home/beatriz/Documentos/airflow/airflow_venv/lib/python3.10/site-packages/airflow/example_dags/example_complex.py
[2024-12-09T15:33:44.327-0300] {processor.py:830} INFO - Processing file /home/beatriz/Documentos/airflow/airflow_venv/lib/python3.10/site-packages/airflow/example_dags/example_complex.py for tasks to queue
[2024-12-09T15:33:44.330-0300] {logging_mixin.py:188} INFO - [2024-12-09T15:33:44.329-0300] {dagbag.py:540} INFO - Filling up the DagBag from /home/beatriz/Documentos/airflow/airflow_venv/lib/python3.10/site-packages/airflow/example_dags/example_complex.py
[2024-12-09T15:33:44.346-0300] {processor.py:840} INFO - DAG(s) 'example_complex' retrieved from /home/beatriz/Documentos/airflow/airflow_venv/lib/python3.10/site-packages/airflow/example_dags/example_complex.py
[2024-12-09T15:33:44.432-0300] {logging_mixin.py:188} INFO - [2024-12-09T15:33:44.432-0300] {dag.py:3096} INFO - Sync 1 DAGs
[2024-12-09T15:33:44.440-0300] {logging_mixin.py:188} INFO - [2024-12-09T15:33:44.440-0300] {dag.py:3954} INFO - Setting next_dagrun for example_complex to None, run_after=None
[2024-12-09T15:33:44.458-0300] {processor.py:183} INFO - Processing /home/beatriz/Documentos/airflow/airflow_venv/lib/python3.10/site-packages/airflow/example_dags/example_complex.py took 0.145 seconds
[2024-12-09T15:33:55.432-0300] {processor.py:161} INFO - Started process (PID=50296) to work on /home/beatriz/Documentos/airflow/airflow_venv/lib/python3.10/site-packages/airflow/example_dags/example_complex.py
[2024-12-09T15:33:55.432-0300] {processor.py:830} INFO - Processing file /home/beatriz/Documentos/airflow/airflow_venv/lib/python3.10/site-packages/airflow/example_dags/example_complex.py for tasks to queue
[2024-12-09T15:33:55.434-0300] {logging_mixin.py:188} INFO - [2024-12-09T15:33:55.433-0300] {dagbag.py:540} INFO - Filling up the DagBag from /home/beatriz/Documentos/airflow/airflow_venv/lib/python3.10/site-packages/airflow/example_dags/example_complex.py
[2024-12-09T15:33:55.443-0300] {processor.py:840} INFO - DAG(s) 'example_complex' retrieved from /home/beatriz/Documentos/airflow/airflow_venv/lib/python3.10/site-packages/airflow/example_dags/example_complex.py
[2024-12-09T15:33:55.448-0300] {logging_mixin.py:188} INFO - [2024-12-09T15:33:55.448-0300] {dag.py:3096} INFO - Sync 1 DAGs
[2024-12-09T15:33:55.457-0300] {logging_mixin.py:188} INFO - [2024-12-09T15:33:55.457-0300] {dag.py:3954} INFO - Setting next_dagrun for example_complex to None, run_after=None
[2024-12-09T15:33:55.474-0300] {processor.py:183} INFO - Processing /home/beatriz/Documentos/airflow/airflow_venv/lib/python3.10/site-packages/airflow/example_dags/example_complex.py took 0.046 seconds
[2024-12-09T15:34:40.639-0300] {processor.py:161} INFO - Started process (PID=50897) to work on /home/beatriz/Documentos/airflow/airflow_venv/lib/python3.10/site-packages/airflow/example_dags/example_complex.py
[2024-12-09T15:34:40.640-0300] {processor.py:830} INFO - Processing file /home/beatriz/Documentos/airflow/airflow_venv/lib/python3.10/site-packages/airflow/example_dags/example_complex.py for tasks to queue
[2024-12-09T15:34:40.643-0300] {logging_mixin.py:188} INFO - [2024-12-09T15:34:40.642-0300] {dagbag.py:540} INFO - Filling up the DagBag from /home/beatriz/Documentos/airflow/airflow_venv/lib/python3.10/site-packages/airflow/example_dags/example_complex.py
[2024-12-09T15:34:40.660-0300] {processor.py:840} INFO - DAG(s) 'example_complex' retrieved from /home/beatriz/Documentos/airflow/airflow_venv/lib/python3.10/site-packages/airflow/example_dags/example_complex.py
[2024-12-09T15:34:40.684-0300] {logging_mixin.py:188} INFO - [2024-12-09T15:34:40.683-0300] {dag.py:3096} INFO - Sync 1 DAGs
[2024-12-09T15:34:40.692-0300] {logging_mixin.py:188} INFO - [2024-12-09T15:34:40.692-0300] {dag.py:3954} INFO - Setting next_dagrun for example_complex to None, run_after=None
[2024-12-09T15:34:40.709-0300] {processor.py:183} INFO - Processing /home/beatriz/Documentos/airflow/airflow_venv/lib/python3.10/site-packages/airflow/example_dags/example_complex.py took 0.082 seconds
[2024-12-09T15:35:55.613-0300] {processor.py:161} INFO - Started process (PID=51216) to work on /home/beatriz/Documentos/airflow/airflow_venv/lib/python3.10/site-packages/airflow/example_dags/example_complex.py
[2024-12-09T15:35:55.616-0300] {processor.py:830} INFO - Processing file /home/beatriz/Documentos/airflow/airflow_venv/lib/python3.10/site-packages/airflow/example_dags/example_complex.py for tasks to queue
[2024-12-09T15:35:55.620-0300] {logging_mixin.py:188} INFO - [2024-12-09T15:35:55.619-0300] {dagbag.py:540} INFO - Filling up the DagBag from /home/beatriz/Documentos/airflow/airflow_venv/lib/python3.10/site-packages/airflow/example_dags/example_complex.py
[2024-12-09T15:35:55.640-0300] {processor.py:840} INFO - DAG(s) 'example_complex' retrieved from /home/beatriz/Documentos/airflow/airflow_venv/lib/python3.10/site-packages/airflow/example_dags/example_complex.py
[2024-12-09T15:35:55.664-0300] {logging_mixin.py:188} INFO - [2024-12-09T15:35:55.664-0300] {dag.py:3096} INFO - Sync 1 DAGs
[2024-12-09T15:35:55.672-0300] {logging_mixin.py:188} INFO - [2024-12-09T15:35:55.672-0300] {dag.py:3954} INFO - Setting next_dagrun for example_complex to None, run_after=None
[2024-12-09T15:35:55.689-0300] {processor.py:183} INFO - Processing /home/beatriz/Documentos/airflow/airflow_venv/lib/python3.10/site-packages/airflow/example_dags/example_complex.py took 0.089 seconds
[2024-12-09T15:43:43.451-0300] {processor.py:161} INFO - Started process (PID=6094) to work on /home/beatriz/Documentos/airflow/airflow_venv/lib/python3.10/site-packages/airflow/example_dags/example_complex.py
[2024-12-09T15:43:43.453-0300] {processor.py:830} INFO - Processing file /home/beatriz/Documentos/airflow/airflow_venv/lib/python3.10/site-packages/airflow/example_dags/example_complex.py for tasks to queue
[2024-12-09T15:43:43.456-0300] {logging_mixin.py:188} INFO - [2024-12-09T15:43:43.456-0300] {dagbag.py:540} INFO - Filling up the DagBag from /home/beatriz/Documentos/airflow/airflow_venv/lib/python3.10/site-packages/airflow/example_dags/example_complex.py
[2024-12-09T15:43:43.478-0300] {processor.py:840} INFO - DAG(s) 'example_complex' retrieved from /home/beatriz/Documentos/airflow/airflow_venv/lib/python3.10/site-packages/airflow/example_dags/example_complex.py
[2024-12-09T15:43:43.562-0300] {logging_mixin.py:188} INFO - [2024-12-09T15:43:43.562-0300] {dag.py:3096} INFO - Sync 1 DAGs
[2024-12-09T15:43:43.569-0300] {logging_mixin.py:188} INFO - [2024-12-09T15:43:43.569-0300] {dag.py:3954} INFO - Setting next_dagrun for example_complex to None, run_after=None
[2024-12-09T15:43:43.589-0300] {processor.py:183} INFO - Processing /home/beatriz/Documentos/airflow/airflow_venv/lib/python3.10/site-packages/airflow/example_dags/example_complex.py took 0.148 seconds
[2024-12-09T15:51:00.619-0300] {processor.py:161} INFO - Started process (PID=8181) to work on /home/beatriz/Documentos/airflow/airflow_venv/lib/python3.10/site-packages/airflow/example_dags/example_complex.py
[2024-12-09T15:51:00.621-0300] {processor.py:830} INFO - Processing file /home/beatriz/Documentos/airflow/airflow_venv/lib/python3.10/site-packages/airflow/example_dags/example_complex.py for tasks to queue
[2024-12-09T15:51:00.624-0300] {logging_mixin.py:188} INFO - [2024-12-09T15:51:00.624-0300] {dagbag.py:540} INFO - Filling up the DagBag from /home/beatriz/Documentos/airflow/airflow_venv/lib/python3.10/site-packages/airflow/example_dags/example_complex.py
[2024-12-09T15:51:00.644-0300] {processor.py:840} INFO - DAG(s) 'example_complex' retrieved from /home/beatriz/Documentos/airflow/airflow_venv/lib/python3.10/site-packages/airflow/example_dags/example_complex.py
[2024-12-09T15:51:00.733-0300] {logging_mixin.py:188} INFO - [2024-12-09T15:51:00.733-0300] {dag.py:3096} INFO - Sync 1 DAGs
[2024-12-09T15:51:00.742-0300] {logging_mixin.py:188} INFO - [2024-12-09T15:51:00.741-0300] {dag.py:3954} INFO - Setting next_dagrun for example_complex to None, run_after=None
[2024-12-09T15:51:00.763-0300] {processor.py:183} INFO - Processing /home/beatriz/Documentos/airflow/airflow_venv/lib/python3.10/site-packages/airflow/example_dags/example_complex.py took 0.151 seconds
[2024-12-09T15:52:02.080-0300] {processor.py:161} INFO - Started process (PID=8565) to work on /home/beatriz/Documentos/airflow/airflow_venv/lib/python3.10/site-packages/airflow/example_dags/example_complex.py
[2024-12-09T15:52:02.082-0300] {processor.py:830} INFO - Processing file /home/beatriz/Documentos/airflow/airflow_venv/lib/python3.10/site-packages/airflow/example_dags/example_complex.py for tasks to queue
[2024-12-09T15:52:02.085-0300] {logging_mixin.py:188} INFO - [2024-12-09T15:52:02.084-0300] {dagbag.py:540} INFO - Filling up the DagBag from /home/beatriz/Documentos/airflow/airflow_venv/lib/python3.10/site-packages/airflow/example_dags/example_complex.py
[2024-12-09T15:52:02.096-0300] {processor.py:840} INFO - DAG(s) 'example_complex' retrieved from /home/beatriz/Documentos/airflow/airflow_venv/lib/python3.10/site-packages/airflow/example_dags/example_complex.py
[2024-12-09T15:52:02.124-0300] {logging_mixin.py:188} INFO - [2024-12-09T15:52:02.123-0300] {dag.py:3096} INFO - Sync 1 DAGs
[2024-12-09T15:52:02.136-0300] {logging_mixin.py:188} INFO - [2024-12-09T15:52:02.135-0300] {dag.py:3954} INFO - Setting next_dagrun for example_complex to None, run_after=None
[2024-12-09T15:52:02.163-0300] {processor.py:183} INFO - Processing /home/beatriz/Documentos/airflow/airflow_venv/lib/python3.10/site-packages/airflow/example_dags/example_complex.py took 0.088 seconds
[2024-12-09T15:52:59.518-0300] {processor.py:161} INFO - Started process (PID=9023) to work on /home/beatriz/Documentos/airflow/airflow_venv/lib/python3.10/site-packages/airflow/example_dags/example_complex.py
[2024-12-09T15:52:59.521-0300] {processor.py:830} INFO - Processing file /home/beatriz/Documentos/airflow/airflow_venv/lib/python3.10/site-packages/airflow/example_dags/example_complex.py for tasks to queue
[2024-12-09T15:52:59.524-0300] {logging_mixin.py:188} INFO - [2024-12-09T15:52:59.523-0300] {dagbag.py:540} INFO - Filling up the DagBag from /home/beatriz/Documentos/airflow/airflow_venv/lib/python3.10/site-packages/airflow/example_dags/example_complex.py
[2024-12-09T15:52:59.544-0300] {processor.py:840} INFO - DAG(s) 'example_complex' retrieved from /home/beatriz/Documentos/airflow/airflow_venv/lib/python3.10/site-packages/airflow/example_dags/example_complex.py
[2024-12-09T15:52:59.567-0300] {logging_mixin.py:188} INFO - [2024-12-09T15:52:59.567-0300] {dag.py:3096} INFO - Sync 1 DAGs
[2024-12-09T15:52:59.574-0300] {logging_mixin.py:188} INFO - [2024-12-09T15:52:59.574-0300] {dag.py:3954} INFO - Setting next_dagrun for example_complex to None, run_after=None
[2024-12-09T15:52:59.591-0300] {processor.py:183} INFO - Processing /home/beatriz/Documentos/airflow/airflow_venv/lib/python3.10/site-packages/airflow/example_dags/example_complex.py took 0.084 seconds
[2024-12-09T15:53:59.037-0300] {processor.py:161} INFO - Started process (PID=9466) to work on /home/beatriz/Documentos/airflow/airflow_venv/lib/python3.10/site-packages/airflow/example_dags/example_complex.py
[2024-12-09T15:53:59.039-0300] {processor.py:830} INFO - Processing file /home/beatriz/Documentos/airflow/airflow_venv/lib/python3.10/site-packages/airflow/example_dags/example_complex.py for tasks to queue
[2024-12-09T15:53:59.040-0300] {logging_mixin.py:188} INFO - [2024-12-09T15:53:59.040-0300] {dagbag.py:540} INFO - Filling up the DagBag from /home/beatriz/Documentos/airflow/airflow_venv/lib/python3.10/site-packages/airflow/example_dags/example_complex.py
[2024-12-09T15:53:59.049-0300] {processor.py:840} INFO - DAG(s) 'example_complex' retrieved from /home/beatriz/Documentos/airflow/airflow_venv/lib/python3.10/site-packages/airflow/example_dags/example_complex.py
[2024-12-09T15:53:59.070-0300] {logging_mixin.py:188} INFO - [2024-12-09T15:53:59.070-0300] {dag.py:3096} INFO - Sync 1 DAGs
[2024-12-09T15:53:59.078-0300] {logging_mixin.py:188} INFO - [2024-12-09T15:53:59.078-0300] {dag.py:3954} INFO - Setting next_dagrun for example_complex to None, run_after=None
[2024-12-09T15:53:59.094-0300] {processor.py:183} INFO - Processing /home/beatriz/Documentos/airflow/airflow_venv/lib/python3.10/site-packages/airflow/example_dags/example_complex.py took 0.061 seconds
[2024-12-09T15:54:54.098-0300] {processor.py:161} INFO - Started process (PID=10128) to work on /home/beatriz/Documentos/airflow/airflow_venv/lib/python3.10/site-packages/airflow/example_dags/example_complex.py
[2024-12-09T15:54:54.100-0300] {processor.py:830} INFO - Processing file /home/beatriz/Documentos/airflow/airflow_venv/lib/python3.10/site-packages/airflow/example_dags/example_complex.py for tasks to queue
[2024-12-09T15:54:54.103-0300] {logging_mixin.py:188} INFO - [2024-12-09T15:54:54.102-0300] {dagbag.py:540} INFO - Filling up the DagBag from /home/beatriz/Documentos/airflow/airflow_venv/lib/python3.10/site-packages/airflow/example_dags/example_complex.py
[2024-12-09T15:54:54.125-0300] {processor.py:840} INFO - DAG(s) 'example_complex' retrieved from /home/beatriz/Documentos/airflow/airflow_venv/lib/python3.10/site-packages/airflow/example_dags/example_complex.py
[2024-12-09T15:54:54.150-0300] {logging_mixin.py:188} INFO - [2024-12-09T15:54:54.150-0300] {dag.py:3096} INFO - Sync 1 DAGs
[2024-12-09T15:54:54.159-0300] {logging_mixin.py:188} INFO - [2024-12-09T15:54:54.159-0300] {dag.py:3954} INFO - Setting next_dagrun for example_complex to None, run_after=None
[2024-12-09T15:54:54.179-0300] {processor.py:183} INFO - Processing /home/beatriz/Documentos/airflow/airflow_venv/lib/python3.10/site-packages/airflow/example_dags/example_complex.py took 0.094 seconds
[2024-12-09T15:57:08.097-0300] {processor.py:161} INFO - Started process (PID=12011) to work on /home/beatriz/Documentos/airflow/airflow_venv/lib/python3.10/site-packages/airflow/example_dags/example_complex.py
[2024-12-09T15:57:08.098-0300] {processor.py:830} INFO - Processing file /home/beatriz/Documentos/airflow/airflow_venv/lib/python3.10/site-packages/airflow/example_dags/example_complex.py for tasks to queue
[2024-12-09T15:57:08.100-0300] {logging_mixin.py:188} INFO - [2024-12-09T15:57:08.099-0300] {dagbag.py:540} INFO - Filling up the DagBag from /home/beatriz/Documentos/airflow/airflow_venv/lib/python3.10/site-packages/airflow/example_dags/example_complex.py
[2024-12-09T15:57:08.109-0300] {processor.py:840} INFO - DAG(s) 'example_complex' retrieved from /home/beatriz/Documentos/airflow/airflow_venv/lib/python3.10/site-packages/airflow/example_dags/example_complex.py
[2024-12-09T15:57:08.182-0300] {logging_mixin.py:188} INFO - [2024-12-09T15:57:08.182-0300] {dag.py:3096} INFO - Sync 1 DAGs
[2024-12-09T15:57:08.189-0300] {logging_mixin.py:188} INFO - [2024-12-09T15:57:08.188-0300] {dag.py:3954} INFO - Setting next_dagrun for example_complex to None, run_after=None
[2024-12-09T15:57:08.206-0300] {processor.py:183} INFO - Processing /home/beatriz/Documentos/airflow/airflow_venv/lib/python3.10/site-packages/airflow/example_dags/example_complex.py took 0.113 seconds
[2024-12-09T15:59:43.503-0300] {processor.py:161} INFO - Started process (PID=15703) to work on /home/beatriz/Documentos/airflow/airflow_venv/lib/python3.10/site-packages/airflow/example_dags/example_complex.py
[2024-12-09T15:59:43.504-0300] {processor.py:830} INFO - Processing file /home/beatriz/Documentos/airflow/airflow_venv/lib/python3.10/site-packages/airflow/example_dags/example_complex.py for tasks to queue
[2024-12-09T15:59:43.506-0300] {logging_mixin.py:188} INFO - [2024-12-09T15:59:43.506-0300] {dagbag.py:540} INFO - Filling up the DagBag from /home/beatriz/Documentos/airflow/airflow_venv/lib/python3.10/site-packages/airflow/example_dags/example_complex.py
[2024-12-09T15:59:43.516-0300] {processor.py:840} INFO - DAG(s) 'example_complex' retrieved from /home/beatriz/Documentos/airflow/airflow_venv/lib/python3.10/site-packages/airflow/example_dags/example_complex.py
[2024-12-09T15:59:43.540-0300] {logging_mixin.py:188} INFO - [2024-12-09T15:59:43.540-0300] {dag.py:3096} INFO - Sync 1 DAGs
[2024-12-09T15:59:43.549-0300] {logging_mixin.py:188} INFO - [2024-12-09T15:59:43.549-0300] {dag.py:3954} INFO - Setting next_dagrun for example_complex to None, run_after=None
[2024-12-09T15:59:43.566-0300] {processor.py:183} INFO - Processing /home/beatriz/Documentos/airflow/airflow_venv/lib/python3.10/site-packages/airflow/example_dags/example_complex.py took 0.068 seconds
[2024-12-09T16:00:44.716-0300] {processor.py:161} INFO - Started process (PID=16644) to work on /home/beatriz/Documentos/airflow/airflow_venv/lib/python3.10/site-packages/airflow/example_dags/example_complex.py
[2024-12-09T16:00:44.718-0300] {processor.py:830} INFO - Processing file /home/beatriz/Documentos/airflow/airflow_venv/lib/python3.10/site-packages/airflow/example_dags/example_complex.py for tasks to queue
[2024-12-09T16:00:44.719-0300] {logging_mixin.py:188} INFO - [2024-12-09T16:00:44.719-0300] {dagbag.py:540} INFO - Filling up the DagBag from /home/beatriz/Documentos/airflow/airflow_venv/lib/python3.10/site-packages/airflow/example_dags/example_complex.py
[2024-12-09T16:00:44.729-0300] {processor.py:840} INFO - DAG(s) 'example_complex' retrieved from /home/beatriz/Documentos/airflow/airflow_venv/lib/python3.10/site-packages/airflow/example_dags/example_complex.py
[2024-12-09T16:00:44.754-0300] {logging_mixin.py:188} INFO - [2024-12-09T16:00:44.754-0300] {dag.py:3096} INFO - Sync 1 DAGs
[2024-12-09T16:00:44.762-0300] {logging_mixin.py:188} INFO - [2024-12-09T16:00:44.762-0300] {dag.py:3954} INFO - Setting next_dagrun for example_complex to None, run_after=None
[2024-12-09T16:00:44.849-0300] {processor.py:183} INFO - Processing /home/beatriz/Documentos/airflow/airflow_venv/lib/python3.10/site-packages/airflow/example_dags/example_complex.py took 0.137 seconds
[2024-12-09T16:28:50.043-0300] {processor.py:161} INFO - Started process (PID=20535) to work on /home/beatriz/Documentos/airflow/airflow_venv/lib/python3.10/site-packages/airflow/example_dags/example_complex.py
[2024-12-09T16:28:50.048-0300] {processor.py:830} INFO - Processing file /home/beatriz/Documentos/airflow/airflow_venv/lib/python3.10/site-packages/airflow/example_dags/example_complex.py for tasks to queue
[2024-12-09T16:28:50.050-0300] {logging_mixin.py:188} INFO - [2024-12-09T16:28:50.049-0300] {dagbag.py:540} INFO - Filling up the DagBag from /home/beatriz/Documentos/airflow/airflow_venv/lib/python3.10/site-packages/airflow/example_dags/example_complex.py
[2024-12-09T16:28:50.068-0300] {processor.py:840} INFO - DAG(s) 'example_complex' retrieved from /home/beatriz/Documentos/airflow/airflow_venv/lib/python3.10/site-packages/airflow/example_dags/example_complex.py
[2024-12-09T16:28:50.157-0300] {logging_mixin.py:188} INFO - [2024-12-09T16:28:50.157-0300] {dag.py:3096} INFO - Sync 1 DAGs
[2024-12-09T16:28:50.164-0300] {logging_mixin.py:188} INFO - [2024-12-09T16:28:50.163-0300] {dag.py:3954} INFO - Setting next_dagrun for example_complex to None, run_after=None
[2024-12-09T16:28:50.181-0300] {processor.py:183} INFO - Processing /home/beatriz/Documentos/airflow/airflow_venv/lib/python3.10/site-packages/airflow/example_dags/example_complex.py took 0.151 seconds
[2024-12-09T16:30:00.082-0300] {processor.py:161} INFO - Started process (PID=21676) to work on /home/beatriz/Documentos/airflow/airflow_venv/lib/python3.10/site-packages/airflow/example_dags/example_complex.py
[2024-12-09T16:30:00.085-0300] {processor.py:830} INFO - Processing file /home/beatriz/Documentos/airflow/airflow_venv/lib/python3.10/site-packages/airflow/example_dags/example_complex.py for tasks to queue
[2024-12-09T16:30:00.087-0300] {logging_mixin.py:188} INFO - [2024-12-09T16:30:00.087-0300] {dagbag.py:540} INFO - Filling up the DagBag from /home/beatriz/Documentos/airflow/airflow_venv/lib/python3.10/site-packages/airflow/example_dags/example_complex.py
[2024-12-09T16:30:00.106-0300] {processor.py:840} INFO - DAG(s) 'example_complex' retrieved from /home/beatriz/Documentos/airflow/airflow_venv/lib/python3.10/site-packages/airflow/example_dags/example_complex.py
[2024-12-09T16:30:00.131-0300] {logging_mixin.py:188} INFO - [2024-12-09T16:30:00.130-0300] {dag.py:3096} INFO - Sync 1 DAGs
[2024-12-09T16:30:00.139-0300] {logging_mixin.py:188} INFO - [2024-12-09T16:30:00.139-0300] {dag.py:3954} INFO - Setting next_dagrun for example_complex to None, run_after=None
[2024-12-09T16:30:00.156-0300] {processor.py:183} INFO - Processing /home/beatriz/Documentos/airflow/airflow_venv/lib/python3.10/site-packages/airflow/example_dags/example_complex.py took 0.085 seconds
[2024-12-09T16:47:23.455-0300] {processor.py:161} INFO - Started process (PID=24253) to work on /home/beatriz/Documentos/airflow/airflow_venv/lib/python3.10/site-packages/airflow/example_dags/example_complex.py
[2024-12-09T16:47:23.456-0300] {processor.py:830} INFO - Processing file /home/beatriz/Documentos/airflow/airflow_venv/lib/python3.10/site-packages/airflow/example_dags/example_complex.py for tasks to queue
[2024-12-09T16:47:23.457-0300] {logging_mixin.py:188} INFO - [2024-12-09T16:47:23.457-0300] {dagbag.py:540} INFO - Filling up the DagBag from /home/beatriz/Documentos/airflow/airflow_venv/lib/python3.10/site-packages/airflow/example_dags/example_complex.py
[2024-12-09T16:47:23.467-0300] {processor.py:840} INFO - DAG(s) 'example_complex' retrieved from /home/beatriz/Documentos/airflow/airflow_venv/lib/python3.10/site-packages/airflow/example_dags/example_complex.py
[2024-12-09T16:47:23.544-0300] {logging_mixin.py:188} INFO - [2024-12-09T16:47:23.544-0300] {dag.py:3096} INFO - Sync 1 DAGs
[2024-12-09T16:47:23.551-0300] {logging_mixin.py:188} INFO - [2024-12-09T16:47:23.551-0300] {dag.py:3954} INFO - Setting next_dagrun for example_complex to None, run_after=None
[2024-12-09T16:47:23.568-0300] {processor.py:183} INFO - Processing /home/beatriz/Documentos/airflow/airflow_venv/lib/python3.10/site-packages/airflow/example_dags/example_complex.py took 0.118 seconds
[2024-12-09T16:48:21.289-0300] {processor.py:161} INFO - Started process (PID=24898) to work on /home/beatriz/Documentos/airflow/airflow_venv/lib/python3.10/site-packages/airflow/example_dags/example_complex.py
[2024-12-09T16:48:21.291-0300] {processor.py:830} INFO - Processing file /home/beatriz/Documentos/airflow/airflow_venv/lib/python3.10/site-packages/airflow/example_dags/example_complex.py for tasks to queue
[2024-12-09T16:48:21.292-0300] {logging_mixin.py:188} INFO - [2024-12-09T16:48:21.292-0300] {dagbag.py:540} INFO - Filling up the DagBag from /home/beatriz/Documentos/airflow/airflow_venv/lib/python3.10/site-packages/airflow/example_dags/example_complex.py
[2024-12-09T16:48:21.305-0300] {processor.py:840} INFO - DAG(s) 'example_complex' retrieved from /home/beatriz/Documentos/airflow/airflow_venv/lib/python3.10/site-packages/airflow/example_dags/example_complex.py
[2024-12-09T16:48:21.329-0300] {logging_mixin.py:188} INFO - [2024-12-09T16:48:21.329-0300] {dag.py:3096} INFO - Sync 1 DAGs
[2024-12-09T16:48:21.337-0300] {logging_mixin.py:188} INFO - [2024-12-09T16:48:21.337-0300] {dag.py:3954} INFO - Setting next_dagrun for example_complex to None, run_after=None
[2024-12-09T16:48:21.356-0300] {processor.py:183} INFO - Processing /home/beatriz/Documentos/airflow/airflow_venv/lib/python3.10/site-packages/airflow/example_dags/example_complex.py took 0.073 seconds
[2024-12-09T16:49:12.908-0300] {processor.py:161} INFO - Started process (PID=25148) to work on /home/beatriz/Documentos/airflow/airflow_venv/lib/python3.10/site-packages/airflow/example_dags/example_complex.py
[2024-12-09T16:49:12.908-0300] {processor.py:830} INFO - Processing file /home/beatriz/Documentos/airflow/airflow_venv/lib/python3.10/site-packages/airflow/example_dags/example_complex.py for tasks to queue
[2024-12-09T16:49:12.909-0300] {logging_mixin.py:188} INFO - [2024-12-09T16:49:12.909-0300] {dagbag.py:540} INFO - Filling up the DagBag from /home/beatriz/Documentos/airflow/airflow_venv/lib/python3.10/site-packages/airflow/example_dags/example_complex.py
[2024-12-09T16:49:12.923-0300] {processor.py:840} INFO - DAG(s) 'example_complex' retrieved from /home/beatriz/Documentos/airflow/airflow_venv/lib/python3.10/site-packages/airflow/example_dags/example_complex.py
[2024-12-09T16:49:12.960-0300] {logging_mixin.py:188} INFO - [2024-12-09T16:49:12.959-0300] {dag.py:3096} INFO - Sync 1 DAGs
[2024-12-09T16:49:12.975-0300] {logging_mixin.py:188} INFO - [2024-12-09T16:49:12.975-0300] {dag.py:3954} INFO - Setting next_dagrun for example_complex to None, run_after=None
[2024-12-09T16:49:13.016-0300] {processor.py:183} INFO - Processing /home/beatriz/Documentos/airflow/airflow_venv/lib/python3.10/site-packages/airflow/example_dags/example_complex.py took 0.113 seconds
[2024-12-09T16:50:21.561-0300] {processor.py:161} INFO - Started process (PID=25650) to work on /home/beatriz/Documentos/airflow/airflow_venv/lib/python3.10/site-packages/airflow/example_dags/example_complex.py
[2024-12-09T16:50:21.562-0300] {processor.py:830} INFO - Processing file /home/beatriz/Documentos/airflow/airflow_venv/lib/python3.10/site-packages/airflow/example_dags/example_complex.py for tasks to queue
[2024-12-09T16:50:21.563-0300] {logging_mixin.py:188} INFO - [2024-12-09T16:50:21.562-0300] {dagbag.py:540} INFO - Filling up the DagBag from /home/beatriz/Documentos/airflow/airflow_venv/lib/python3.10/site-packages/airflow/example_dags/example_complex.py
[2024-12-09T16:50:21.574-0300] {processor.py:840} INFO - DAG(s) 'example_complex' retrieved from /home/beatriz/Documentos/airflow/airflow_venv/lib/python3.10/site-packages/airflow/example_dags/example_complex.py
[2024-12-09T16:50:21.600-0300] {logging_mixin.py:188} INFO - [2024-12-09T16:50:21.600-0300] {dag.py:3096} INFO - Sync 1 DAGs
[2024-12-09T16:50:21.611-0300] {logging_mixin.py:188} INFO - [2024-12-09T16:50:21.611-0300] {dag.py:3954} INFO - Setting next_dagrun for example_complex to None, run_after=None
[2024-12-09T16:50:21.631-0300] {processor.py:183} INFO - Processing /home/beatriz/Documentos/airflow/airflow_venv/lib/python3.10/site-packages/airflow/example_dags/example_complex.py took 0.075 seconds
[2024-12-09T16:51:19.100-0300] {processor.py:161} INFO - Started process (PID=26180) to work on /home/beatriz/Documentos/airflow/airflow_venv/lib/python3.10/site-packages/airflow/example_dags/example_complex.py
[2024-12-09T16:51:19.101-0300] {processor.py:830} INFO - Processing file /home/beatriz/Documentos/airflow/airflow_venv/lib/python3.10/site-packages/airflow/example_dags/example_complex.py for tasks to queue
[2024-12-09T16:51:19.103-0300] {logging_mixin.py:188} INFO - [2024-12-09T16:51:19.102-0300] {dagbag.py:540} INFO - Filling up the DagBag from /home/beatriz/Documentos/airflow/airflow_venv/lib/python3.10/site-packages/airflow/example_dags/example_complex.py
[2024-12-09T16:51:19.124-0300] {processor.py:840} INFO - DAG(s) 'example_complex' retrieved from /home/beatriz/Documentos/airflow/airflow_venv/lib/python3.10/site-packages/airflow/example_dags/example_complex.py
[2024-12-09T16:51:19.149-0300] {logging_mixin.py:188} INFO - [2024-12-09T16:51:19.149-0300] {dag.py:3096} INFO - Sync 1 DAGs
[2024-12-09T16:51:19.157-0300] {logging_mixin.py:188} INFO - [2024-12-09T16:51:19.157-0300] {dag.py:3954} INFO - Setting next_dagrun for example_complex to None, run_after=None
[2024-12-09T16:51:19.175-0300] {processor.py:183} INFO - Processing /home/beatriz/Documentos/airflow/airflow_venv/lib/python3.10/site-packages/airflow/example_dags/example_complex.py took 0.087 seconds
[2024-12-09T16:52:19.399-0300] {processor.py:161} INFO - Started process (PID=27059) to work on /home/beatriz/Documentos/airflow/airflow_venv/lib/python3.10/site-packages/airflow/example_dags/example_complex.py
[2024-12-09T16:52:19.400-0300] {processor.py:830} INFO - Processing file /home/beatriz/Documentos/airflow/airflow_venv/lib/python3.10/site-packages/airflow/example_dags/example_complex.py for tasks to queue
[2024-12-09T16:52:19.402-0300] {logging_mixin.py:188} INFO - [2024-12-09T16:52:19.401-0300] {dagbag.py:540} INFO - Filling up the DagBag from /home/beatriz/Documentos/airflow/airflow_venv/lib/python3.10/site-packages/airflow/example_dags/example_complex.py
[2024-12-09T16:52:19.422-0300] {processor.py:840} INFO - DAG(s) 'example_complex' retrieved from /home/beatriz/Documentos/airflow/airflow_venv/lib/python3.10/site-packages/airflow/example_dags/example_complex.py
[2024-12-09T16:52:19.447-0300] {logging_mixin.py:188} INFO - [2024-12-09T16:52:19.447-0300] {dag.py:3096} INFO - Sync 1 DAGs
[2024-12-09T16:52:19.455-0300] {logging_mixin.py:188} INFO - [2024-12-09T16:52:19.455-0300] {dag.py:3954} INFO - Setting next_dagrun for example_complex to None, run_after=None
[2024-12-09T16:52:19.478-0300] {processor.py:183} INFO - Processing /home/beatriz/Documentos/airflow/airflow_venv/lib/python3.10/site-packages/airflow/example_dags/example_complex.py took 0.090 seconds
[2024-12-09T16:53:33.973-0300] {processor.py:161} INFO - Started process (PID=27484) to work on /home/beatriz/Documentos/airflow/airflow_venv/lib/python3.10/site-packages/airflow/example_dags/example_complex.py
[2024-12-09T16:53:33.975-0300] {processor.py:830} INFO - Processing file /home/beatriz/Documentos/airflow/airflow_venv/lib/python3.10/site-packages/airflow/example_dags/example_complex.py for tasks to queue
[2024-12-09T16:53:33.977-0300] {logging_mixin.py:188} INFO - [2024-12-09T16:53:33.976-0300] {dagbag.py:540} INFO - Filling up the DagBag from /home/beatriz/Documentos/airflow/airflow_venv/lib/python3.10/site-packages/airflow/example_dags/example_complex.py
[2024-12-09T16:53:33.998-0300] {processor.py:840} INFO - DAG(s) 'example_complex' retrieved from /home/beatriz/Documentos/airflow/airflow_venv/lib/python3.10/site-packages/airflow/example_dags/example_complex.py
[2024-12-09T16:53:34.023-0300] {logging_mixin.py:188} INFO - [2024-12-09T16:53:34.023-0300] {dag.py:3096} INFO - Sync 1 DAGs
[2024-12-09T16:53:34.032-0300] {logging_mixin.py:188} INFO - [2024-12-09T16:53:34.031-0300] {dag.py:3954} INFO - Setting next_dagrun for example_complex to None, run_after=None
[2024-12-09T16:53:34.051-0300] {processor.py:183} INFO - Processing /home/beatriz/Documentos/airflow/airflow_venv/lib/python3.10/site-packages/airflow/example_dags/example_complex.py took 0.088 seconds
[2024-12-09T16:54:32.607-0300] {processor.py:161} INFO - Started process (PID=27930) to work on /home/beatriz/Documentos/airflow/airflow_venv/lib/python3.10/site-packages/airflow/example_dags/example_complex.py
[2024-12-09T16:54:32.608-0300] {processor.py:830} INFO - Processing file /home/beatriz/Documentos/airflow/airflow_venv/lib/python3.10/site-packages/airflow/example_dags/example_complex.py for tasks to queue
[2024-12-09T16:54:32.609-0300] {logging_mixin.py:188} INFO - [2024-12-09T16:54:32.608-0300] {dagbag.py:540} INFO - Filling up the DagBag from /home/beatriz/Documentos/airflow/airflow_venv/lib/python3.10/site-packages/airflow/example_dags/example_complex.py
[2024-12-09T16:54:32.619-0300] {processor.py:840} INFO - DAG(s) 'example_complex' retrieved from /home/beatriz/Documentos/airflow/airflow_venv/lib/python3.10/site-packages/airflow/example_dags/example_complex.py
[2024-12-09T16:54:32.643-0300] {logging_mixin.py:188} INFO - [2024-12-09T16:54:32.642-0300] {dag.py:3096} INFO - Sync 1 DAGs
[2024-12-09T16:54:32.652-0300] {logging_mixin.py:188} INFO - [2024-12-09T16:54:32.652-0300] {dag.py:3954} INFO - Setting next_dagrun for example_complex to None, run_after=None
[2024-12-09T16:54:32.670-0300] {processor.py:183} INFO - Processing /home/beatriz/Documentos/airflow/airflow_venv/lib/python3.10/site-packages/airflow/example_dags/example_complex.py took 0.068 seconds
[2024-12-09T16:55:42.961-0300] {processor.py:161} INFO - Started process (PID=28583) to work on /home/beatriz/Documentos/airflow/airflow_venv/lib/python3.10/site-packages/airflow/example_dags/example_complex.py
[2024-12-09T16:55:42.962-0300] {processor.py:830} INFO - Processing file /home/beatriz/Documentos/airflow/airflow_venv/lib/python3.10/site-packages/airflow/example_dags/example_complex.py for tasks to queue
[2024-12-09T16:55:42.963-0300] {logging_mixin.py:188} INFO - [2024-12-09T16:55:42.963-0300] {dagbag.py:540} INFO - Filling up the DagBag from /home/beatriz/Documentos/airflow/airflow_venv/lib/python3.10/site-packages/airflow/example_dags/example_complex.py
[2024-12-09T16:55:42.974-0300] {processor.py:840} INFO - DAG(s) 'example_complex' retrieved from /home/beatriz/Documentos/airflow/airflow_venv/lib/python3.10/site-packages/airflow/example_dags/example_complex.py
[2024-12-09T16:55:42.998-0300] {logging_mixin.py:188} INFO - [2024-12-09T16:55:42.998-0300] {dag.py:3096} INFO - Sync 1 DAGs
[2024-12-09T16:55:43.006-0300] {logging_mixin.py:188} INFO - [2024-12-09T16:55:43.006-0300] {dag.py:3954} INFO - Setting next_dagrun for example_complex to None, run_after=None
[2024-12-09T16:55:43.031-0300] {processor.py:183} INFO - Processing /home/beatriz/Documentos/airflow/airflow_venv/lib/python3.10/site-packages/airflow/example_dags/example_complex.py took 0.074 seconds
[2024-12-09T17:00:19.212-0300] {processor.py:161} INFO - Started process (PID=29473) to work on /home/beatriz/Documentos/airflow/airflow_venv/lib/python3.10/site-packages/airflow/example_dags/example_complex.py
[2024-12-09T17:00:19.226-0300] {processor.py:830} INFO - Processing file /home/beatriz/Documentos/airflow/airflow_venv/lib/python3.10/site-packages/airflow/example_dags/example_complex.py for tasks to queue
[2024-12-09T17:00:19.316-0300] {logging_mixin.py:188} INFO - [2024-12-09T17:00:19.228-0300] {dagbag.py:540} INFO - Filling up the DagBag from /home/beatriz/Documentos/airflow/airflow_venv/lib/python3.10/site-packages/airflow/example_dags/example_complex.py
[2024-12-09T17:00:19.411-0300] {processor.py:840} INFO - DAG(s) 'example_complex' retrieved from /home/beatriz/Documentos/airflow/airflow_venv/lib/python3.10/site-packages/airflow/example_dags/example_complex.py
[2024-12-09T17:00:19.492-0300] {logging_mixin.py:188} INFO - [2024-12-09T17:00:19.492-0300] {dag.py:3096} INFO - Sync 1 DAGs
[2024-12-09T17:00:19.510-0300] {logging_mixin.py:188} INFO - [2024-12-09T17:00:19.510-0300] {dag.py:3954} INFO - Setting next_dagrun for example_complex to None, run_after=None
[2024-12-09T17:00:19.566-0300] {processor.py:183} INFO - Processing /home/beatriz/Documentos/airflow/airflow_venv/lib/python3.10/site-packages/airflow/example_dags/example_complex.py took 0.405 seconds
[2024-12-09T17:04:07.953-0300] {processor.py:161} INFO - Started process (PID=29983) to work on /home/beatriz/Documentos/airflow/airflow_venv/lib/python3.10/site-packages/airflow/example_dags/example_complex.py
[2024-12-09T17:04:07.954-0300] {processor.py:830} INFO - Processing file /home/beatriz/Documentos/airflow/airflow_venv/lib/python3.10/site-packages/airflow/example_dags/example_complex.py for tasks to queue
[2024-12-09T17:04:07.955-0300] {logging_mixin.py:188} INFO - [2024-12-09T17:04:07.955-0300] {dagbag.py:540} INFO - Filling up the DagBag from /home/beatriz/Documentos/airflow/airflow_venv/lib/python3.10/site-packages/airflow/example_dags/example_complex.py
[2024-12-09T17:04:07.965-0300] {processor.py:840} INFO - DAG(s) 'example_complex' retrieved from /home/beatriz/Documentos/airflow/airflow_venv/lib/python3.10/site-packages/airflow/example_dags/example_complex.py
[2024-12-09T17:04:07.988-0300] {logging_mixin.py:188} INFO - [2024-12-09T17:04:07.988-0300] {dag.py:3096} INFO - Sync 1 DAGs
[2024-12-09T17:04:07.997-0300] {logging_mixin.py:188} INFO - [2024-12-09T17:04:07.996-0300] {dag.py:3954} INFO - Setting next_dagrun for example_complex to None, run_after=None
[2024-12-09T17:04:08.015-0300] {processor.py:183} INFO - Processing /home/beatriz/Documentos/airflow/airflow_venv/lib/python3.10/site-packages/airflow/example_dags/example_complex.py took 0.066 seconds
