[2024-12-09T15:00:34.692-0300] {processor.py:161} INFO - Started process (PID=28657) to work on /home/beatriz/Documentos/airflow/airflow_venv/lib/python3.10/site-packages/airflow/example_dags/example_branch_labels.py
[2024-12-09T15:00:34.693-0300] {processor.py:830} INFO - Processing file /home/beatriz/Documentos/airflow/airflow_venv/lib/python3.10/site-packages/airflow/example_dags/example_branch_labels.py for tasks to queue
[2024-12-09T15:00:34.694-0300] {logging_mixin.py:188} INFO - [2024-12-09T15:00:34.694-0300] {dagbag.py:540} INFO - Filling up the DagBag from /home/beatriz/Documentos/airflow/airflow_venv/lib/python3.10/site-packages/airflow/example_dags/example_branch_labels.py
[2024-12-09T15:00:34.700-0300] {processor.py:840} INFO - DAG(s) 'example_branch_labels' retrieved from /home/beatriz/Documentos/airflow/airflow_venv/lib/python3.10/site-packages/airflow/example_dags/example_branch_labels.py
[2024-12-09T15:00:34.766-0300] {logging_mixin.py:188} INFO - [2024-12-09T15:00:34.766-0300] {dag.py:3096} INFO - Sync 1 DAGs
[2024-12-09T15:00:34.778-0300] {logging_mixin.py:188} INFO - [2024-12-09T15:00:34.778-0300] {dag.py:3954} INFO - Setting next_dagrun for example_branch_labels to 2024-12-08 00:00:00+00:00, run_after=2024-12-09 00:00:00+00:00
[2024-12-09T15:00:34.793-0300] {processor.py:183} INFO - Processing /home/beatriz/Documentos/airflow/airflow_venv/lib/python3.10/site-packages/airflow/example_dags/example_branch_labels.py took 0.106 seconds
[2024-12-09T15:01:36.248-0300] {processor.py:161} INFO - Started process (PID=29232) to work on /home/beatriz/Documentos/airflow/airflow_venv/lib/python3.10/site-packages/airflow/example_dags/example_branch_labels.py
[2024-12-09T15:01:36.249-0300] {processor.py:830} INFO - Processing file /home/beatriz/Documentos/airflow/airflow_venv/lib/python3.10/site-packages/airflow/example_dags/example_branch_labels.py for tasks to queue
[2024-12-09T15:01:36.250-0300] {logging_mixin.py:188} INFO - [2024-12-09T15:01:36.250-0300] {dagbag.py:540} INFO - Filling up the DagBag from /home/beatriz/Documentos/airflow/airflow_venv/lib/python3.10/site-packages/airflow/example_dags/example_branch_labels.py
[2024-12-09T15:01:36.258-0300] {processor.py:840} INFO - DAG(s) 'example_branch_labels' retrieved from /home/beatriz/Documentos/airflow/airflow_venv/lib/python3.10/site-packages/airflow/example_dags/example_branch_labels.py
[2024-12-09T15:01:36.273-0300] {logging_mixin.py:188} INFO - [2024-12-09T15:01:36.273-0300] {dag.py:3096} INFO - Sync 1 DAGs
[2024-12-09T15:01:36.289-0300] {logging_mixin.py:188} INFO - [2024-12-09T15:01:36.289-0300] {dag.py:3954} INFO - Setting next_dagrun for example_branch_labels to 2024-12-08 00:00:00+00:00, run_after=2024-12-09 00:00:00+00:00
[2024-12-09T15:01:36.304-0300] {processor.py:183} INFO - Processing /home/beatriz/Documentos/airflow/airflow_venv/lib/python3.10/site-packages/airflow/example_dags/example_branch_labels.py took 0.060 seconds
[2024-12-09T15:02:33.880-0300] {processor.py:161} INFO - Started process (PID=29681) to work on /home/beatriz/Documentos/airflow/airflow_venv/lib/python3.10/site-packages/airflow/example_dags/example_branch_labels.py
[2024-12-09T15:02:33.882-0300] {processor.py:830} INFO - Processing file /home/beatriz/Documentos/airflow/airflow_venv/lib/python3.10/site-packages/airflow/example_dags/example_branch_labels.py for tasks to queue
[2024-12-09T15:02:33.884-0300] {logging_mixin.py:188} INFO - [2024-12-09T15:02:33.884-0300] {dagbag.py:540} INFO - Filling up the DagBag from /home/beatriz/Documentos/airflow/airflow_venv/lib/python3.10/site-packages/airflow/example_dags/example_branch_labels.py
[2024-12-09T15:02:33.899-0300] {processor.py:840} INFO - DAG(s) 'example_branch_labels' retrieved from /home/beatriz/Documentos/airflow/airflow_venv/lib/python3.10/site-packages/airflow/example_dags/example_branch_labels.py
[2024-12-09T15:02:33.917-0300] {logging_mixin.py:188} INFO - [2024-12-09T15:02:33.916-0300] {dag.py:3096} INFO - Sync 1 DAGs
[2024-12-09T15:02:33.932-0300] {logging_mixin.py:188} INFO - [2024-12-09T15:02:33.932-0300] {dag.py:3954} INFO - Setting next_dagrun for example_branch_labels to 2024-12-08 00:00:00+00:00, run_after=2024-12-09 00:00:00+00:00
[2024-12-09T15:02:34.019-0300] {processor.py:183} INFO - Processing /home/beatriz/Documentos/airflow/airflow_venv/lib/python3.10/site-packages/airflow/example_dags/example_branch_labels.py took 0.148 seconds
[2024-12-09T15:06:33.091-0300] {processor.py:161} INFO - Started process (PID=32500) to work on /home/beatriz/Documentos/airflow/airflow_venv/lib/python3.10/site-packages/airflow/example_dags/example_branch_labels.py
[2024-12-09T15:06:33.092-0300] {processor.py:830} INFO - Processing file /home/beatriz/Documentos/airflow/airflow_venv/lib/python3.10/site-packages/airflow/example_dags/example_branch_labels.py for tasks to queue
[2024-12-09T15:06:33.093-0300] {logging_mixin.py:188} INFO - [2024-12-09T15:06:33.093-0300] {dagbag.py:540} INFO - Filling up the DagBag from /home/beatriz/Documentos/airflow/airflow_venv/lib/python3.10/site-packages/airflow/example_dags/example_branch_labels.py
[2024-12-09T15:06:33.107-0300] {processor.py:840} INFO - DAG(s) 'example_branch_labels' retrieved from /home/beatriz/Documentos/airflow/airflow_venv/lib/python3.10/site-packages/airflow/example_dags/example_branch_labels.py
[2024-12-09T15:06:33.192-0300] {logging_mixin.py:188} INFO - [2024-12-09T15:06:33.192-0300] {dag.py:3096} INFO - Sync 1 DAGs
[2024-12-09T15:06:33.207-0300] {logging_mixin.py:188} INFO - [2024-12-09T15:06:33.207-0300] {dag.py:3954} INFO - Setting next_dagrun for example_branch_labels to 2024-12-08 00:00:00+00:00, run_after=2024-12-09 00:00:00+00:00
[2024-12-09T15:06:33.224-0300] {processor.py:183} INFO - Processing /home/beatriz/Documentos/airflow/airflow_venv/lib/python3.10/site-packages/airflow/example_dags/example_branch_labels.py took 0.138 seconds
[2024-12-09T15:07:38.377-0300] {processor.py:161} INFO - Started process (PID=32970) to work on /home/beatriz/Documentos/airflow/airflow_venv/lib/python3.10/site-packages/airflow/example_dags/example_branch_labels.py
[2024-12-09T15:07:38.378-0300] {processor.py:830} INFO - Processing file /home/beatriz/Documentos/airflow/airflow_venv/lib/python3.10/site-packages/airflow/example_dags/example_branch_labels.py for tasks to queue
[2024-12-09T15:07:38.379-0300] {logging_mixin.py:188} INFO - [2024-12-09T15:07:38.378-0300] {dagbag.py:540} INFO - Filling up the DagBag from /home/beatriz/Documentos/airflow/airflow_venv/lib/python3.10/site-packages/airflow/example_dags/example_branch_labels.py
[2024-12-09T15:07:38.385-0300] {processor.py:840} INFO - DAG(s) 'example_branch_labels' retrieved from /home/beatriz/Documentos/airflow/airflow_venv/lib/python3.10/site-packages/airflow/example_dags/example_branch_labels.py
[2024-12-09T15:07:38.398-0300] {logging_mixin.py:188} INFO - [2024-12-09T15:07:38.397-0300] {dag.py:3096} INFO - Sync 1 DAGs
[2024-12-09T15:07:38.413-0300] {logging_mixin.py:188} INFO - [2024-12-09T15:07:38.412-0300] {dag.py:3954} INFO - Setting next_dagrun for example_branch_labels to 2024-12-08 00:00:00+00:00, run_after=2024-12-09 00:00:00+00:00
[2024-12-09T15:07:38.429-0300] {processor.py:183} INFO - Processing /home/beatriz/Documentos/airflow/airflow_venv/lib/python3.10/site-packages/airflow/example_dags/example_branch_labels.py took 0.056 seconds
[2024-12-09T15:08:37.465-0300] {processor.py:161} INFO - Started process (PID=33396) to work on /home/beatriz/Documentos/airflow/airflow_venv/lib/python3.10/site-packages/airflow/example_dags/example_branch_labels.py
[2024-12-09T15:08:37.466-0300] {processor.py:830} INFO - Processing file /home/beatriz/Documentos/airflow/airflow_venv/lib/python3.10/site-packages/airflow/example_dags/example_branch_labels.py for tasks to queue
[2024-12-09T15:08:37.468-0300] {logging_mixin.py:188} INFO - [2024-12-09T15:08:37.467-0300] {dagbag.py:540} INFO - Filling up the DagBag from /home/beatriz/Documentos/airflow/airflow_venv/lib/python3.10/site-packages/airflow/example_dags/example_branch_labels.py
[2024-12-09T15:08:37.475-0300] {processor.py:840} INFO - DAG(s) 'example_branch_labels' retrieved from /home/beatriz/Documentos/airflow/airflow_venv/lib/python3.10/site-packages/airflow/example_dags/example_branch_labels.py
[2024-12-09T15:08:37.489-0300] {logging_mixin.py:188} INFO - [2024-12-09T15:08:37.488-0300] {dag.py:3096} INFO - Sync 1 DAGs
[2024-12-09T15:08:37.505-0300] {logging_mixin.py:188} INFO - [2024-12-09T15:08:37.505-0300] {dag.py:3954} INFO - Setting next_dagrun for example_branch_labels to 2024-12-08 00:00:00+00:00, run_after=2024-12-09 00:00:00+00:00
[2024-12-09T15:08:37.628-0300] {processor.py:183} INFO - Processing /home/beatriz/Documentos/airflow/airflow_venv/lib/python3.10/site-packages/airflow/example_dags/example_branch_labels.py took 0.168 seconds
[2024-12-09T15:11:16.944-0300] {processor.py:161} INFO - Started process (PID=34355) to work on /home/beatriz/Documentos/airflow/airflow_venv/lib/python3.10/site-packages/airflow/example_dags/example_branch_labels.py
[2024-12-09T15:11:16.946-0300] {processor.py:830} INFO - Processing file /home/beatriz/Documentos/airflow/airflow_venv/lib/python3.10/site-packages/airflow/example_dags/example_branch_labels.py for tasks to queue
[2024-12-09T15:11:16.948-0300] {logging_mixin.py:188} INFO - [2024-12-09T15:11:16.947-0300] {dagbag.py:540} INFO - Filling up the DagBag from /home/beatriz/Documentos/airflow/airflow_venv/lib/python3.10/site-packages/airflow/example_dags/example_branch_labels.py
[2024-12-09T15:11:16.963-0300] {processor.py:840} INFO - DAG(s) 'example_branch_labels' retrieved from /home/beatriz/Documentos/airflow/airflow_venv/lib/python3.10/site-packages/airflow/example_dags/example_branch_labels.py
[2024-12-09T15:11:16.980-0300] {logging_mixin.py:188} INFO - [2024-12-09T15:11:16.979-0300] {dag.py:3096} INFO - Sync 1 DAGs
[2024-12-09T15:11:16.995-0300] {logging_mixin.py:188} INFO - [2024-12-09T15:11:16.995-0300] {dag.py:3954} INFO - Setting next_dagrun for example_branch_labels to 2024-12-08 00:00:00+00:00, run_after=2024-12-09 00:00:00+00:00
[2024-12-09T15:11:17.012-0300] {processor.py:183} INFO - Processing /home/beatriz/Documentos/airflow/airflow_venv/lib/python3.10/site-packages/airflow/example_dags/example_branch_labels.py took 0.081 seconds
[2024-12-09T15:12:49.792-0300] {processor.py:161} INFO - Started process (PID=34911) to work on /home/beatriz/Documentos/airflow/airflow_venv/lib/python3.10/site-packages/airflow/example_dags/example_branch_labels.py
[2024-12-09T15:12:49.794-0300] {processor.py:830} INFO - Processing file /home/beatriz/Documentos/airflow/airflow_venv/lib/python3.10/site-packages/airflow/example_dags/example_branch_labels.py for tasks to queue
[2024-12-09T15:12:49.795-0300] {logging_mixin.py:188} INFO - [2024-12-09T15:12:49.795-0300] {dagbag.py:540} INFO - Filling up the DagBag from /home/beatriz/Documentos/airflow/airflow_venv/lib/python3.10/site-packages/airflow/example_dags/example_branch_labels.py
[2024-12-09T15:12:49.807-0300] {processor.py:840} INFO - DAG(s) 'example_branch_labels' retrieved from /home/beatriz/Documentos/airflow/airflow_venv/lib/python3.10/site-packages/airflow/example_dags/example_branch_labels.py
[2024-12-09T15:12:49.822-0300] {logging_mixin.py:188} INFO - [2024-12-09T15:12:49.822-0300] {dag.py:3096} INFO - Sync 1 DAGs
[2024-12-09T15:12:49.839-0300] {logging_mixin.py:188} INFO - [2024-12-09T15:12:49.838-0300] {dag.py:3954} INFO - Setting next_dagrun for example_branch_labels to 2024-12-08 00:00:00+00:00, run_after=2024-12-09 00:00:00+00:00
[2024-12-09T15:12:49.856-0300] {processor.py:183} INFO - Processing /home/beatriz/Documentos/airflow/airflow_venv/lib/python3.10/site-packages/airflow/example_dags/example_branch_labels.py took 0.074 seconds
[2024-12-09T15:14:23.252-0300] {processor.py:161} INFO - Started process (PID=36431) to work on /home/beatriz/Documentos/airflow/airflow_venv/lib/python3.10/site-packages/airflow/example_dags/example_branch_labels.py
[2024-12-09T15:14:23.253-0300] {processor.py:830} INFO - Processing file /home/beatriz/Documentos/airflow/airflow_venv/lib/python3.10/site-packages/airflow/example_dags/example_branch_labels.py for tasks to queue
[2024-12-09T15:14:23.254-0300] {logging_mixin.py:188} INFO - [2024-12-09T15:14:23.254-0300] {dagbag.py:540} INFO - Filling up the DagBag from /home/beatriz/Documentos/airflow/airflow_venv/lib/python3.10/site-packages/airflow/example_dags/example_branch_labels.py
[2024-12-09T15:14:23.260-0300] {processor.py:840} INFO - DAG(s) 'example_branch_labels' retrieved from /home/beatriz/Documentos/airflow/airflow_venv/lib/python3.10/site-packages/airflow/example_dags/example_branch_labels.py
[2024-12-09T15:14:23.325-0300] {logging_mixin.py:188} INFO - [2024-12-09T15:14:23.325-0300] {dag.py:3096} INFO - Sync 1 DAGs
[2024-12-09T15:14:23.337-0300] {logging_mixin.py:188} INFO - [2024-12-09T15:14:23.337-0300] {dag.py:3954} INFO - Setting next_dagrun for example_branch_labels to 2024-12-08 00:00:00+00:00, run_after=2024-12-09 00:00:00+00:00
[2024-12-09T15:14:23.355-0300] {processor.py:183} INFO - Processing /home/beatriz/Documentos/airflow/airflow_venv/lib/python3.10/site-packages/airflow/example_dags/example_branch_labels.py took 0.107 seconds
[2024-12-09T15:15:23.888-0300] {processor.py:161} INFO - Started process (PID=36964) to work on /home/beatriz/Documentos/airflow/airflow_venv/lib/python3.10/site-packages/airflow/example_dags/example_branch_labels.py
[2024-12-09T15:15:23.890-0300] {processor.py:830} INFO - Processing file /home/beatriz/Documentos/airflow/airflow_venv/lib/python3.10/site-packages/airflow/example_dags/example_branch_labels.py for tasks to queue
[2024-12-09T15:15:23.893-0300] {logging_mixin.py:188} INFO - [2024-12-09T15:15:23.892-0300] {dagbag.py:540} INFO - Filling up the DagBag from /home/beatriz/Documentos/airflow/airflow_venv/lib/python3.10/site-packages/airflow/example_dags/example_branch_labels.py
[2024-12-09T15:15:23.906-0300] {processor.py:840} INFO - DAG(s) 'example_branch_labels' retrieved from /home/beatriz/Documentos/airflow/airflow_venv/lib/python3.10/site-packages/airflow/example_dags/example_branch_labels.py
[2024-12-09T15:15:23.922-0300] {logging_mixin.py:188} INFO - [2024-12-09T15:15:23.922-0300] {dag.py:3096} INFO - Sync 1 DAGs
[2024-12-09T15:15:23.940-0300] {logging_mixin.py:188} INFO - [2024-12-09T15:15:23.939-0300] {dag.py:3954} INFO - Setting next_dagrun for example_branch_labels to 2024-12-08 00:00:00+00:00, run_after=2024-12-09 00:00:00+00:00
[2024-12-09T15:15:23.957-0300] {processor.py:183} INFO - Processing /home/beatriz/Documentos/airflow/airflow_venv/lib/python3.10/site-packages/airflow/example_dags/example_branch_labels.py took 0.081 seconds
[2024-12-09T15:16:20.034-0300] {processor.py:161} INFO - Started process (PID=37515) to work on /home/beatriz/Documentos/airflow/airflow_venv/lib/python3.10/site-packages/airflow/example_dags/example_branch_labels.py
[2024-12-09T15:16:20.036-0300] {processor.py:830} INFO - Processing file /home/beatriz/Documentos/airflow/airflow_venv/lib/python3.10/site-packages/airflow/example_dags/example_branch_labels.py for tasks to queue
[2024-12-09T15:16:20.037-0300] {logging_mixin.py:188} INFO - [2024-12-09T15:16:20.036-0300] {dagbag.py:540} INFO - Filling up the DagBag from /home/beatriz/Documentos/airflow/airflow_venv/lib/python3.10/site-packages/airflow/example_dags/example_branch_labels.py
[2024-12-09T15:16:20.043-0300] {processor.py:840} INFO - DAG(s) 'example_branch_labels' retrieved from /home/beatriz/Documentos/airflow/airflow_venv/lib/python3.10/site-packages/airflow/example_dags/example_branch_labels.py
[2024-12-09T15:16:20.055-0300] {logging_mixin.py:188} INFO - [2024-12-09T15:16:20.055-0300] {dag.py:3096} INFO - Sync 1 DAGs
[2024-12-09T15:16:20.139-0300] {logging_mixin.py:188} INFO - [2024-12-09T15:16:20.139-0300] {dag.py:3954} INFO - Setting next_dagrun for example_branch_labels to 2024-12-08 00:00:00+00:00, run_after=2024-12-09 00:00:00+00:00
[2024-12-09T15:16:20.158-0300] {processor.py:183} INFO - Processing /home/beatriz/Documentos/airflow/airflow_venv/lib/python3.10/site-packages/airflow/example_dags/example_branch_labels.py took 0.128 seconds
[2024-12-09T15:17:16.175-0300] {processor.py:161} INFO - Started process (PID=37946) to work on /home/beatriz/Documentos/airflow/airflow_venv/lib/python3.10/site-packages/airflow/example_dags/example_branch_labels.py
[2024-12-09T15:17:16.177-0300] {processor.py:830} INFO - Processing file /home/beatriz/Documentos/airflow/airflow_venv/lib/python3.10/site-packages/airflow/example_dags/example_branch_labels.py for tasks to queue
[2024-12-09T15:17:16.179-0300] {logging_mixin.py:188} INFO - [2024-12-09T15:17:16.178-0300] {dagbag.py:540} INFO - Filling up the DagBag from /home/beatriz/Documentos/airflow/airflow_venv/lib/python3.10/site-packages/airflow/example_dags/example_branch_labels.py
[2024-12-09T15:17:16.185-0300] {processor.py:840} INFO - DAG(s) 'example_branch_labels' retrieved from /home/beatriz/Documentos/airflow/airflow_venv/lib/python3.10/site-packages/airflow/example_dags/example_branch_labels.py
[2024-12-09T15:17:16.199-0300] {logging_mixin.py:188} INFO - [2024-12-09T15:17:16.199-0300] {dag.py:3096} INFO - Sync 1 DAGs
[2024-12-09T15:17:16.217-0300] {logging_mixin.py:188} INFO - [2024-12-09T15:17:16.217-0300] {dag.py:3954} INFO - Setting next_dagrun for example_branch_labels to 2024-12-08 00:00:00+00:00, run_after=2024-12-09 00:00:00+00:00
[2024-12-09T15:17:16.234-0300] {processor.py:183} INFO - Processing /home/beatriz/Documentos/airflow/airflow_venv/lib/python3.10/site-packages/airflow/example_dags/example_branch_labels.py took 0.064 seconds
[2024-12-09T15:19:28.027-0300] {processor.py:161} INFO - Started process (PID=39714) to work on /home/beatriz/Documentos/airflow/airflow_venv/lib/python3.10/site-packages/airflow/example_dags/example_branch_labels.py
[2024-12-09T15:19:28.030-0300] {processor.py:830} INFO - Processing file /home/beatriz/Documentos/airflow/airflow_venv/lib/python3.10/site-packages/airflow/example_dags/example_branch_labels.py for tasks to queue
[2024-12-09T15:19:28.033-0300] {logging_mixin.py:188} INFO - [2024-12-09T15:19:28.032-0300] {dagbag.py:540} INFO - Filling up the DagBag from /home/beatriz/Documentos/airflow/airflow_venv/lib/python3.10/site-packages/airflow/example_dags/example_branch_labels.py
[2024-12-09T15:19:28.048-0300] {processor.py:840} INFO - DAG(s) 'example_branch_labels' retrieved from /home/beatriz/Documentos/airflow/airflow_venv/lib/python3.10/site-packages/airflow/example_dags/example_branch_labels.py
[2024-12-09T15:19:28.119-0300] {logging_mixin.py:188} INFO - [2024-12-09T15:19:28.119-0300] {dag.py:3096} INFO - Sync 1 DAGs
[2024-12-09T15:19:28.132-0300] {logging_mixin.py:188} INFO - [2024-12-09T15:19:28.131-0300] {dag.py:3954} INFO - Setting next_dagrun for example_branch_labels to 2024-12-08 00:00:00+00:00, run_after=2024-12-09 00:00:00+00:00
[2024-12-09T15:19:28.147-0300] {processor.py:183} INFO - Processing /home/beatriz/Documentos/airflow/airflow_venv/lib/python3.10/site-packages/airflow/example_dags/example_branch_labels.py took 0.131 seconds
[2024-12-09T15:20:26.740-0300] {processor.py:161} INFO - Started process (PID=40390) to work on /home/beatriz/Documentos/airflow/airflow_venv/lib/python3.10/site-packages/airflow/example_dags/example_branch_labels.py
[2024-12-09T15:20:26.743-0300] {processor.py:830} INFO - Processing file /home/beatriz/Documentos/airflow/airflow_venv/lib/python3.10/site-packages/airflow/example_dags/example_branch_labels.py for tasks to queue
[2024-12-09T15:20:26.747-0300] {logging_mixin.py:188} INFO - [2024-12-09T15:20:26.746-0300] {dagbag.py:540} INFO - Filling up the DagBag from /home/beatriz/Documentos/airflow/airflow_venv/lib/python3.10/site-packages/airflow/example_dags/example_branch_labels.py
[2024-12-09T15:20:26.765-0300] {processor.py:840} INFO - DAG(s) 'example_branch_labels' retrieved from /home/beatriz/Documentos/airflow/airflow_venv/lib/python3.10/site-packages/airflow/example_dags/example_branch_labels.py
[2024-12-09T15:20:26.786-0300] {logging_mixin.py:188} INFO - [2024-12-09T15:20:26.786-0300] {dag.py:3096} INFO - Sync 1 DAGs
[2024-12-09T15:20:26.804-0300] {logging_mixin.py:188} INFO - [2024-12-09T15:20:26.803-0300] {dag.py:3954} INFO - Setting next_dagrun for example_branch_labels to 2024-12-08 00:00:00+00:00, run_after=2024-12-09 00:00:00+00:00
[2024-12-09T15:20:26.822-0300] {processor.py:183} INFO - Processing /home/beatriz/Documentos/airflow/airflow_venv/lib/python3.10/site-packages/airflow/example_dags/example_branch_labels.py took 0.092 seconds
[2024-12-09T15:21:21.657-0300] {processor.py:161} INFO - Started process (PID=40833) to work on /home/beatriz/Documentos/airflow/airflow_venv/lib/python3.10/site-packages/airflow/example_dags/example_branch_labels.py
[2024-12-09T15:21:21.659-0300] {processor.py:830} INFO - Processing file /home/beatriz/Documentos/airflow/airflow_venv/lib/python3.10/site-packages/airflow/example_dags/example_branch_labels.py for tasks to queue
[2024-12-09T15:21:21.661-0300] {logging_mixin.py:188} INFO - [2024-12-09T15:21:21.660-0300] {dagbag.py:540} INFO - Filling up the DagBag from /home/beatriz/Documentos/airflow/airflow_venv/lib/python3.10/site-packages/airflow/example_dags/example_branch_labels.py
[2024-12-09T15:21:21.667-0300] {processor.py:840} INFO - DAG(s) 'example_branch_labels' retrieved from /home/beatriz/Documentos/airflow/airflow_venv/lib/python3.10/site-packages/airflow/example_dags/example_branch_labels.py
[2024-12-09T15:21:21.680-0300] {logging_mixin.py:188} INFO - [2024-12-09T15:21:21.679-0300] {dag.py:3096} INFO - Sync 1 DAGs
[2024-12-09T15:21:21.696-0300] {logging_mixin.py:188} INFO - [2024-12-09T15:21:21.695-0300] {dag.py:3954} INFO - Setting next_dagrun for example_branch_labels to 2024-12-08 00:00:00+00:00, run_after=2024-12-09 00:00:00+00:00
[2024-12-09T15:21:21.787-0300] {processor.py:183} INFO - Processing /home/beatriz/Documentos/airflow/airflow_venv/lib/python3.10/site-packages/airflow/example_dags/example_branch_labels.py took 0.134 seconds
[2024-12-09T15:22:41.723-0300] {processor.py:161} INFO - Started process (PID=41960) to work on /home/beatriz/Documentos/airflow/airflow_venv/lib/python3.10/site-packages/airflow/example_dags/example_branch_labels.py
[2024-12-09T15:22:41.725-0300] {processor.py:830} INFO - Processing file /home/beatriz/Documentos/airflow/airflow_venv/lib/python3.10/site-packages/airflow/example_dags/example_branch_labels.py for tasks to queue
[2024-12-09T15:22:41.726-0300] {logging_mixin.py:188} INFO - [2024-12-09T15:22:41.726-0300] {dagbag.py:540} INFO - Filling up the DagBag from /home/beatriz/Documentos/airflow/airflow_venv/lib/python3.10/site-packages/airflow/example_dags/example_branch_labels.py
[2024-12-09T15:22:41.735-0300] {processor.py:840} INFO - DAG(s) 'example_branch_labels' retrieved from /home/beatriz/Documentos/airflow/airflow_venv/lib/python3.10/site-packages/airflow/example_dags/example_branch_labels.py
[2024-12-09T15:22:41.749-0300] {logging_mixin.py:188} INFO - [2024-12-09T15:22:41.748-0300] {dag.py:3096} INFO - Sync 1 DAGs
[2024-12-09T15:22:41.767-0300] {logging_mixin.py:188} INFO - [2024-12-09T15:22:41.767-0300] {dag.py:3954} INFO - Setting next_dagrun for example_branch_labels to 2024-12-08 00:00:00+00:00, run_after=2024-12-09 00:00:00+00:00
[2024-12-09T15:22:41.786-0300] {processor.py:183} INFO - Processing /home/beatriz/Documentos/airflow/airflow_venv/lib/python3.10/site-packages/airflow/example_dags/example_branch_labels.py took 0.067 seconds
[2024-12-09T15:23:35.631-0300] {processor.py:161} INFO - Started process (PID=42376) to work on /home/beatriz/Documentos/airflow/airflow_venv/lib/python3.10/site-packages/airflow/example_dags/example_branch_labels.py
[2024-12-09T15:23:35.633-0300] {processor.py:830} INFO - Processing file /home/beatriz/Documentos/airflow/airflow_venv/lib/python3.10/site-packages/airflow/example_dags/example_branch_labels.py for tasks to queue
[2024-12-09T15:23:35.634-0300] {logging_mixin.py:188} INFO - [2024-12-09T15:23:35.634-0300] {dagbag.py:540} INFO - Filling up the DagBag from /home/beatriz/Documentos/airflow/airflow_venv/lib/python3.10/site-packages/airflow/example_dags/example_branch_labels.py
[2024-12-09T15:23:35.640-0300] {processor.py:840} INFO - DAG(s) 'example_branch_labels' retrieved from /home/beatriz/Documentos/airflow/airflow_venv/lib/python3.10/site-packages/airflow/example_dags/example_branch_labels.py
[2024-12-09T15:23:35.654-0300] {logging_mixin.py:188} INFO - [2024-12-09T15:23:35.654-0300] {dag.py:3096} INFO - Sync 1 DAGs
[2024-12-09T15:23:35.669-0300] {logging_mixin.py:188} INFO - [2024-12-09T15:23:35.669-0300] {dag.py:3954} INFO - Setting next_dagrun for example_branch_labels to 2024-12-08 00:00:00+00:00, run_after=2024-12-09 00:00:00+00:00
[2024-12-09T15:23:35.685-0300] {processor.py:183} INFO - Processing /home/beatriz/Documentos/airflow/airflow_venv/lib/python3.10/site-packages/airflow/example_dags/example_branch_labels.py took 0.059 seconds
[2024-12-09T15:24:44.673-0300] {processor.py:161} INFO - Started process (PID=43133) to work on /home/beatriz/Documentos/airflow/airflow_venv/lib/python3.10/site-packages/airflow/example_dags/example_branch_labels.py
[2024-12-09T15:24:44.674-0300] {processor.py:830} INFO - Processing file /home/beatriz/Documentos/airflow/airflow_venv/lib/python3.10/site-packages/airflow/example_dags/example_branch_labels.py for tasks to queue
[2024-12-09T15:24:44.675-0300] {logging_mixin.py:188} INFO - [2024-12-09T15:24:44.675-0300] {dagbag.py:540} INFO - Filling up the DagBag from /home/beatriz/Documentos/airflow/airflow_venv/lib/python3.10/site-packages/airflow/example_dags/example_branch_labels.py
[2024-12-09T15:24:44.681-0300] {processor.py:840} INFO - DAG(s) 'example_branch_labels' retrieved from /home/beatriz/Documentos/airflow/airflow_venv/lib/python3.10/site-packages/airflow/example_dags/example_branch_labels.py
[2024-12-09T15:24:44.694-0300] {logging_mixin.py:188} INFO - [2024-12-09T15:24:44.694-0300] {dag.py:3096} INFO - Sync 1 DAGs
[2024-12-09T15:24:44.711-0300] {logging_mixin.py:188} INFO - [2024-12-09T15:24:44.711-0300] {dag.py:3954} INFO - Setting next_dagrun for example_branch_labels to 2024-12-08 00:00:00+00:00, run_after=2024-12-09 00:00:00+00:00
[2024-12-09T15:24:44.748-0300] {processor.py:183} INFO - Processing /home/beatriz/Documentos/airflow/airflow_venv/lib/python3.10/site-packages/airflow/example_dags/example_branch_labels.py took 0.080 seconds
[2024-12-09T15:25:54.375-0300] {processor.py:161} INFO - Started process (PID=43895) to work on /home/beatriz/Documentos/airflow/airflow_venv/lib/python3.10/site-packages/airflow/example_dags/example_branch_labels.py
[2024-12-09T15:25:54.376-0300] {processor.py:830} INFO - Processing file /home/beatriz/Documentos/airflow/airflow_venv/lib/python3.10/site-packages/airflow/example_dags/example_branch_labels.py for tasks to queue
[2024-12-09T15:25:54.378-0300] {logging_mixin.py:188} INFO - [2024-12-09T15:25:54.377-0300] {dagbag.py:540} INFO - Filling up the DagBag from /home/beatriz/Documentos/airflow/airflow_venv/lib/python3.10/site-packages/airflow/example_dags/example_branch_labels.py
[2024-12-09T15:25:54.384-0300] {processor.py:840} INFO - DAG(s) 'example_branch_labels' retrieved from /home/beatriz/Documentos/airflow/airflow_venv/lib/python3.10/site-packages/airflow/example_dags/example_branch_labels.py
[2024-12-09T15:25:54.397-0300] {logging_mixin.py:188} INFO - [2024-12-09T15:25:54.397-0300] {dag.py:3096} INFO - Sync 1 DAGs
[2024-12-09T15:25:54.415-0300] {logging_mixin.py:188} INFO - [2024-12-09T15:25:54.414-0300] {dag.py:3954} INFO - Setting next_dagrun for example_branch_labels to 2024-12-08 00:00:00+00:00, run_after=2024-12-09 00:00:00+00:00
[2024-12-09T15:25:54.434-0300] {processor.py:183} INFO - Processing /home/beatriz/Documentos/airflow/airflow_venv/lib/python3.10/site-packages/airflow/example_dags/example_branch_labels.py took 0.063 seconds
[2024-12-09T15:27:05.753-0300] {processor.py:161} INFO - Started process (PID=44744) to work on /home/beatriz/Documentos/airflow/airflow_venv/lib/python3.10/site-packages/airflow/example_dags/example_branch_labels.py
[2024-12-09T15:27:05.755-0300] {processor.py:830} INFO - Processing file /home/beatriz/Documentos/airflow/airflow_venv/lib/python3.10/site-packages/airflow/example_dags/example_branch_labels.py for tasks to queue
[2024-12-09T15:27:05.757-0300] {logging_mixin.py:188} INFO - [2024-12-09T15:27:05.757-0300] {dagbag.py:540} INFO - Filling up the DagBag from /home/beatriz/Documentos/airflow/airflow_venv/lib/python3.10/site-packages/airflow/example_dags/example_branch_labels.py
[2024-12-09T15:27:05.768-0300] {processor.py:840} INFO - DAG(s) 'example_branch_labels' retrieved from /home/beatriz/Documentos/airflow/airflow_venv/lib/python3.10/site-packages/airflow/example_dags/example_branch_labels.py
[2024-12-09T15:27:05.800-0300] {logging_mixin.py:188} INFO - [2024-12-09T15:27:05.800-0300] {dag.py:3096} INFO - Sync 1 DAGs
[2024-12-09T15:27:05.822-0300] {logging_mixin.py:188} INFO - [2024-12-09T15:27:05.822-0300] {dag.py:3954} INFO - Setting next_dagrun for example_branch_labels to 2024-12-08 00:00:00+00:00, run_after=2024-12-09 00:00:00+00:00
[2024-12-09T15:27:05.841-0300] {processor.py:183} INFO - Processing /home/beatriz/Documentos/airflow/airflow_venv/lib/python3.10/site-packages/airflow/example_dags/example_branch_labels.py took 0.098 seconds
[2024-12-09T15:28:25.413-0300] {processor.py:161} INFO - Started process (PID=46485) to work on /home/beatriz/Documentos/airflow/airflow_venv/lib/python3.10/site-packages/airflow/example_dags/example_branch_labels.py
[2024-12-09T15:28:25.414-0300] {processor.py:830} INFO - Processing file /home/beatriz/Documentos/airflow/airflow_venv/lib/python3.10/site-packages/airflow/example_dags/example_branch_labels.py for tasks to queue
[2024-12-09T15:28:25.416-0300] {logging_mixin.py:188} INFO - [2024-12-09T15:28:25.416-0300] {dagbag.py:540} INFO - Filling up the DagBag from /home/beatriz/Documentos/airflow/airflow_venv/lib/python3.10/site-packages/airflow/example_dags/example_branch_labels.py
[2024-12-09T15:28:25.428-0300] {processor.py:840} INFO - DAG(s) 'example_branch_labels' retrieved from /home/beatriz/Documentos/airflow/airflow_venv/lib/python3.10/site-packages/airflow/example_dags/example_branch_labels.py
[2024-12-09T15:28:25.443-0300] {logging_mixin.py:188} INFO - [2024-12-09T15:28:25.443-0300] {dag.py:3096} INFO - Sync 1 DAGs
[2024-12-09T15:28:25.464-0300] {logging_mixin.py:188} INFO - [2024-12-09T15:28:25.464-0300] {dag.py:3954} INFO - Setting next_dagrun for example_branch_labels to 2024-12-08 00:00:00+00:00, run_after=2024-12-09 00:00:00+00:00
[2024-12-09T15:28:25.482-0300] {processor.py:183} INFO - Processing /home/beatriz/Documentos/airflow/airflow_venv/lib/python3.10/site-packages/airflow/example_dags/example_branch_labels.py took 0.076 seconds
[2024-12-09T15:29:42.864-0300] {processor.py:161} INFO - Started process (PID=47775) to work on /home/beatriz/Documentos/airflow/airflow_venv/lib/python3.10/site-packages/airflow/example_dags/example_branch_labels.py
[2024-12-09T15:29:42.867-0300] {processor.py:830} INFO - Processing file /home/beatriz/Documentos/airflow/airflow_venv/lib/python3.10/site-packages/airflow/example_dags/example_branch_labels.py for tasks to queue
[2024-12-09T15:29:42.868-0300] {logging_mixin.py:188} INFO - [2024-12-09T15:29:42.867-0300] {dagbag.py:540} INFO - Filling up the DagBag from /home/beatriz/Documentos/airflow/airflow_venv/lib/python3.10/site-packages/airflow/example_dags/example_branch_labels.py
[2024-12-09T15:29:42.874-0300] {processor.py:840} INFO - DAG(s) 'example_branch_labels' retrieved from /home/beatriz/Documentos/airflow/airflow_venv/lib/python3.10/site-packages/airflow/example_dags/example_branch_labels.py
[2024-12-09T15:29:42.886-0300] {logging_mixin.py:188} INFO - [2024-12-09T15:29:42.886-0300] {dag.py:3096} INFO - Sync 1 DAGs
[2024-12-09T15:29:42.902-0300] {logging_mixin.py:188} INFO - [2024-12-09T15:29:42.902-0300] {dag.py:3954} INFO - Setting next_dagrun for example_branch_labels to 2024-12-08 00:00:00+00:00, run_after=2024-12-09 00:00:00+00:00
[2024-12-09T15:29:42.918-0300] {processor.py:183} INFO - Processing /home/beatriz/Documentos/airflow/airflow_venv/lib/python3.10/site-packages/airflow/example_dags/example_branch_labels.py took 0.058 seconds
[2024-12-09T15:31:01.798-0300] {processor.py:161} INFO - Started process (PID=48925) to work on /home/beatriz/Documentos/airflow/airflow_venv/lib/python3.10/site-packages/airflow/example_dags/example_branch_labels.py
[2024-12-09T15:31:01.799-0300] {processor.py:830} INFO - Processing file /home/beatriz/Documentos/airflow/airflow_venv/lib/python3.10/site-packages/airflow/example_dags/example_branch_labels.py for tasks to queue
[2024-12-09T15:31:01.801-0300] {logging_mixin.py:188} INFO - [2024-12-09T15:31:01.800-0300] {dagbag.py:540} INFO - Filling up the DagBag from /home/beatriz/Documentos/airflow/airflow_venv/lib/python3.10/site-packages/airflow/example_dags/example_branch_labels.py
[2024-12-09T15:31:01.810-0300] {processor.py:840} INFO - DAG(s) 'example_branch_labels' retrieved from /home/beatriz/Documentos/airflow/airflow_venv/lib/python3.10/site-packages/airflow/example_dags/example_branch_labels.py
[2024-12-09T15:31:01.825-0300] {logging_mixin.py:188} INFO - [2024-12-09T15:31:01.825-0300] {dag.py:3096} INFO - Sync 1 DAGs
[2024-12-09T15:31:01.845-0300] {logging_mixin.py:188} INFO - [2024-12-09T15:31:01.845-0300] {dag.py:3954} INFO - Setting next_dagrun for example_branch_labels to 2024-12-08 00:00:00+00:00, run_after=2024-12-09 00:00:00+00:00
[2024-12-09T15:31:01.876-0300] {processor.py:183} INFO - Processing /home/beatriz/Documentos/airflow/airflow_venv/lib/python3.10/site-packages/airflow/example_dags/example_branch_labels.py took 0.085 seconds
[2024-12-09T15:32:21.339-0300] {processor.py:161} INFO - Started process (PID=49245) to work on /home/beatriz/Documentos/airflow/airflow_venv/lib/python3.10/site-packages/airflow/example_dags/example_branch_labels.py
[2024-12-09T15:32:21.340-0300] {processor.py:830} INFO - Processing file /home/beatriz/Documentos/airflow/airflow_venv/lib/python3.10/site-packages/airflow/example_dags/example_branch_labels.py for tasks to queue
[2024-12-09T15:32:21.343-0300] {logging_mixin.py:188} INFO - [2024-12-09T15:32:21.343-0300] {dagbag.py:540} INFO - Filling up the DagBag from /home/beatriz/Documentos/airflow/airflow_venv/lib/python3.10/site-packages/airflow/example_dags/example_branch_labels.py
[2024-12-09T15:32:21.354-0300] {processor.py:840} INFO - DAG(s) 'example_branch_labels' retrieved from /home/beatriz/Documentos/airflow/airflow_venv/lib/python3.10/site-packages/airflow/example_dags/example_branch_labels.py
[2024-12-09T15:32:21.368-0300] {logging_mixin.py:188} INFO - [2024-12-09T15:32:21.368-0300] {dag.py:3096} INFO - Sync 1 DAGs
[2024-12-09T15:32:21.385-0300] {logging_mixin.py:188} INFO - [2024-12-09T15:32:21.385-0300] {dag.py:3954} INFO - Setting next_dagrun for example_branch_labels to 2024-12-08 00:00:00+00:00, run_after=2024-12-09 00:00:00+00:00
[2024-12-09T15:32:21.403-0300] {processor.py:183} INFO - Processing /home/beatriz/Documentos/airflow/airflow_venv/lib/python3.10/site-packages/airflow/example_dags/example_branch_labels.py took 0.077 seconds
[2024-12-09T15:33:20.542-0300] {processor.py:161} INFO - Started process (PID=50070) to work on /home/beatriz/Documentos/airflow/airflow_venv/lib/python3.10/site-packages/airflow/example_dags/example_branch_labels.py
[2024-12-09T15:33:20.543-0300] {processor.py:830} INFO - Processing file /home/beatriz/Documentos/airflow/airflow_venv/lib/python3.10/site-packages/airflow/example_dags/example_branch_labels.py for tasks to queue
[2024-12-09T15:33:20.544-0300] {logging_mixin.py:188} INFO - [2024-12-09T15:33:20.543-0300] {dagbag.py:540} INFO - Filling up the DagBag from /home/beatriz/Documentos/airflow/airflow_venv/lib/python3.10/site-packages/airflow/example_dags/example_branch_labels.py
[2024-12-09T15:33:20.552-0300] {processor.py:840} INFO - DAG(s) 'example_branch_labels' retrieved from /home/beatriz/Documentos/airflow/airflow_venv/lib/python3.10/site-packages/airflow/example_dags/example_branch_labels.py
[2024-12-09T15:33:20.558-0300] {logging_mixin.py:188} INFO - [2024-12-09T15:33:20.558-0300] {dag.py:3096} INFO - Sync 1 DAGs
[2024-12-09T15:33:20.576-0300] {logging_mixin.py:188} INFO - [2024-12-09T15:33:20.575-0300] {dag.py:3954} INFO - Setting next_dagrun for example_branch_labels to 2024-12-08 00:00:00+00:00, run_after=2024-12-09 00:00:00+00:00
[2024-12-09T15:33:20.594-0300] {processor.py:183} INFO - Processing /home/beatriz/Documentos/airflow/airflow_venv/lib/python3.10/site-packages/airflow/example_dags/example_branch_labels.py took 0.057 seconds
[2024-12-09T15:33:59.545-0300] {processor.py:161} INFO - Started process (PID=50306) to work on /home/beatriz/Documentos/airflow/airflow_venv/lib/python3.10/site-packages/airflow/example_dags/example_branch_labels.py
[2024-12-09T15:33:59.548-0300] {processor.py:830} INFO - Processing file /home/beatriz/Documentos/airflow/airflow_venv/lib/python3.10/site-packages/airflow/example_dags/example_branch_labels.py for tasks to queue
[2024-12-09T15:33:59.550-0300] {logging_mixin.py:188} INFO - [2024-12-09T15:33:59.550-0300] {dagbag.py:540} INFO - Filling up the DagBag from /home/beatriz/Documentos/airflow/airflow_venv/lib/python3.10/site-packages/airflow/example_dags/example_branch_labels.py
[2024-12-09T15:33:59.565-0300] {processor.py:840} INFO - DAG(s) 'example_branch_labels' retrieved from /home/beatriz/Documentos/airflow/airflow_venv/lib/python3.10/site-packages/airflow/example_dags/example_branch_labels.py
[2024-12-09T15:33:59.639-0300] {logging_mixin.py:188} INFO - [2024-12-09T15:33:59.639-0300] {dag.py:3096} INFO - Sync 1 DAGs
[2024-12-09T15:33:59.651-0300] {logging_mixin.py:188} INFO - [2024-12-09T15:33:59.651-0300] {dag.py:3954} INFO - Setting next_dagrun for example_branch_labels to 2024-12-08 00:00:00+00:00, run_after=2024-12-09 00:00:00+00:00
[2024-12-09T15:33:59.671-0300] {processor.py:183} INFO - Processing /home/beatriz/Documentos/airflow/airflow_venv/lib/python3.10/site-packages/airflow/example_dags/example_branch_labels.py took 0.136 seconds
[2024-12-09T15:34:16.256-0300] {processor.py:161} INFO - Started process (PID=50591) to work on /home/beatriz/Documentos/airflow/airflow_venv/lib/python3.10/site-packages/airflow/example_dags/example_branch_labels.py
[2024-12-09T15:34:16.259-0300] {processor.py:830} INFO - Processing file /home/beatriz/Documentos/airflow/airflow_venv/lib/python3.10/site-packages/airflow/example_dags/example_branch_labels.py for tasks to queue
[2024-12-09T15:34:16.260-0300] {logging_mixin.py:188} INFO - [2024-12-09T15:34:16.260-0300] {dagbag.py:540} INFO - Filling up the DagBag from /home/beatriz/Documentos/airflow/airflow_venv/lib/python3.10/site-packages/airflow/example_dags/example_branch_labels.py
[2024-12-09T15:34:16.266-0300] {processor.py:840} INFO - DAG(s) 'example_branch_labels' retrieved from /home/beatriz/Documentos/airflow/airflow_venv/lib/python3.10/site-packages/airflow/example_dags/example_branch_labels.py
[2024-12-09T15:34:16.272-0300] {logging_mixin.py:188} INFO - [2024-12-09T15:34:16.271-0300] {dag.py:3096} INFO - Sync 1 DAGs
[2024-12-09T15:34:16.288-0300] {logging_mixin.py:188} INFO - [2024-12-09T15:34:16.287-0300] {dag.py:3954} INFO - Setting next_dagrun for example_branch_labels to 2024-12-08 00:00:00+00:00, run_after=2024-12-09 00:00:00+00:00
[2024-12-09T15:34:16.304-0300] {processor.py:183} INFO - Processing /home/beatriz/Documentos/airflow/airflow_venv/lib/python3.10/site-packages/airflow/example_dags/example_branch_labels.py took 0.052 seconds
[2024-12-09T15:35:33.793-0300] {processor.py:161} INFO - Started process (PID=51193) to work on /home/beatriz/Documentos/airflow/airflow_venv/lib/python3.10/site-packages/airflow/example_dags/example_branch_labels.py
[2024-12-09T15:35:33.795-0300] {processor.py:830} INFO - Processing file /home/beatriz/Documentos/airflow/airflow_venv/lib/python3.10/site-packages/airflow/example_dags/example_branch_labels.py for tasks to queue
[2024-12-09T15:35:33.796-0300] {logging_mixin.py:188} INFO - [2024-12-09T15:35:33.796-0300] {dagbag.py:540} INFO - Filling up the DagBag from /home/beatriz/Documentos/airflow/airflow_venv/lib/python3.10/site-packages/airflow/example_dags/example_branch_labels.py
[2024-12-09T15:35:33.802-0300] {processor.py:840} INFO - DAG(s) 'example_branch_labels' retrieved from /home/beatriz/Documentos/airflow/airflow_venv/lib/python3.10/site-packages/airflow/example_dags/example_branch_labels.py
[2024-12-09T15:35:33.815-0300] {logging_mixin.py:188} INFO - [2024-12-09T15:35:33.815-0300] {dag.py:3096} INFO - Sync 1 DAGs
[2024-12-09T15:35:33.830-0300] {logging_mixin.py:188} INFO - [2024-12-09T15:35:33.830-0300] {dag.py:3954} INFO - Setting next_dagrun for example_branch_labels to 2024-12-08 00:00:00+00:00, run_after=2024-12-09 00:00:00+00:00
[2024-12-09T15:35:33.847-0300] {processor.py:183} INFO - Processing /home/beatriz/Documentos/airflow/airflow_venv/lib/python3.10/site-packages/airflow/example_dags/example_branch_labels.py took 0.058 seconds
[2024-12-09T15:36:45.114-0300] {processor.py:161} INFO - Started process (PID=51456) to work on /home/beatriz/Documentos/airflow/airflow_venv/lib/python3.10/site-packages/airflow/example_dags/example_branch_labels.py
[2024-12-09T15:36:45.130-0300] {processor.py:830} INFO - Processing file /home/beatriz/Documentos/airflow/airflow_venv/lib/python3.10/site-packages/airflow/example_dags/example_branch_labels.py for tasks to queue
[2024-12-09T15:36:45.133-0300] {logging_mixin.py:188} INFO - [2024-12-09T15:36:45.133-0300] {dagbag.py:540} INFO - Filling up the DagBag from /home/beatriz/Documentos/airflow/airflow_venv/lib/python3.10/site-packages/airflow/example_dags/example_branch_labels.py
[2024-12-09T15:36:45.150-0300] {processor.py:840} INFO - DAG(s) 'example_branch_labels' retrieved from /home/beatriz/Documentos/airflow/airflow_venv/lib/python3.10/site-packages/airflow/example_dags/example_branch_labels.py
[2024-12-09T15:36:45.170-0300] {logging_mixin.py:188} INFO - [2024-12-09T15:36:45.170-0300] {dag.py:3096} INFO - Sync 1 DAGs
[2024-12-09T15:36:45.186-0300] {logging_mixin.py:188} INFO - [2024-12-09T15:36:45.186-0300] {dag.py:3954} INFO - Setting next_dagrun for example_branch_labels to 2024-12-08 00:00:00+00:00, run_after=2024-12-09 00:00:00+00:00
[2024-12-09T15:36:45.221-0300] {processor.py:183} INFO - Processing /home/beatriz/Documentos/airflow/airflow_venv/lib/python3.10/site-packages/airflow/example_dags/example_branch_labels.py took 0.116 seconds
[2024-12-09T15:43:49.666-0300] {processor.py:161} INFO - Started process (PID=6099) to work on /home/beatriz/Documentos/airflow/airflow_venv/lib/python3.10/site-packages/airflow/example_dags/example_branch_labels.py
[2024-12-09T15:43:49.669-0300] {processor.py:830} INFO - Processing file /home/beatriz/Documentos/airflow/airflow_venv/lib/python3.10/site-packages/airflow/example_dags/example_branch_labels.py for tasks to queue
[2024-12-09T15:43:49.671-0300] {logging_mixin.py:188} INFO - [2024-12-09T15:43:49.670-0300] {dagbag.py:540} INFO - Filling up the DagBag from /home/beatriz/Documentos/airflow/airflow_venv/lib/python3.10/site-packages/airflow/example_dags/example_branch_labels.py
[2024-12-09T15:43:49.679-0300] {processor.py:840} INFO - DAG(s) 'example_branch_labels' retrieved from /home/beatriz/Documentos/airflow/airflow_venv/lib/python3.10/site-packages/airflow/example_dags/example_branch_labels.py
[2024-12-09T15:43:49.762-0300] {logging_mixin.py:188} INFO - [2024-12-09T15:43:49.761-0300] {dag.py:3096} INFO - Sync 1 DAGs
[2024-12-09T15:43:49.779-0300] {logging_mixin.py:188} INFO - [2024-12-09T15:43:49.779-0300] {dag.py:3954} INFO - Setting next_dagrun for example_branch_labels to 2024-12-08 00:00:00+00:00, run_after=2024-12-09 00:00:00+00:00
[2024-12-09T15:43:49.799-0300] {processor.py:183} INFO - Processing /home/beatriz/Documentos/airflow/airflow_venv/lib/python3.10/site-packages/airflow/example_dags/example_branch_labels.py took 0.138 seconds
[2024-12-09T15:51:05.916-0300] {processor.py:161} INFO - Started process (PID=8212) to work on /home/beatriz/Documentos/airflow/airflow_venv/lib/python3.10/site-packages/airflow/example_dags/example_branch_labels.py
[2024-12-09T15:51:05.918-0300] {processor.py:830} INFO - Processing file /home/beatriz/Documentos/airflow/airflow_venv/lib/python3.10/site-packages/airflow/example_dags/example_branch_labels.py for tasks to queue
[2024-12-09T15:51:05.919-0300] {logging_mixin.py:188} INFO - [2024-12-09T15:51:05.919-0300] {dagbag.py:540} INFO - Filling up the DagBag from /home/beatriz/Documentos/airflow/airflow_venv/lib/python3.10/site-packages/airflow/example_dags/example_branch_labels.py
[2024-12-09T15:51:05.926-0300] {processor.py:840} INFO - DAG(s) 'example_branch_labels' retrieved from /home/beatriz/Documentos/airflow/airflow_venv/lib/python3.10/site-packages/airflow/example_dags/example_branch_labels.py
[2024-12-09T15:51:06.004-0300] {logging_mixin.py:188} INFO - [2024-12-09T15:51:06.004-0300] {dag.py:3096} INFO - Sync 1 DAGs
[2024-12-09T15:51:06.019-0300] {logging_mixin.py:188} INFO - [2024-12-09T15:51:06.018-0300] {dag.py:3954} INFO - Setting next_dagrun for example_branch_labels to 2024-12-08 00:00:00+00:00, run_after=2024-12-09 00:00:00+00:00
[2024-12-09T15:51:06.040-0300] {processor.py:183} INFO - Processing /home/beatriz/Documentos/airflow/airflow_venv/lib/python3.10/site-packages/airflow/example_dags/example_branch_labels.py took 0.130 seconds
[2024-12-09T15:52:07.231-0300] {processor.py:161} INFO - Started process (PID=8574) to work on /home/beatriz/Documentos/airflow/airflow_venv/lib/python3.10/site-packages/airflow/example_dags/example_branch_labels.py
[2024-12-09T15:52:07.232-0300] {processor.py:830} INFO - Processing file /home/beatriz/Documentos/airflow/airflow_venv/lib/python3.10/site-packages/airflow/example_dags/example_branch_labels.py for tasks to queue
[2024-12-09T15:52:07.233-0300] {logging_mixin.py:188} INFO - [2024-12-09T15:52:07.233-0300] {dagbag.py:540} INFO - Filling up the DagBag from /home/beatriz/Documentos/airflow/airflow_venv/lib/python3.10/site-packages/airflow/example_dags/example_branch_labels.py
[2024-12-09T15:52:07.239-0300] {processor.py:840} INFO - DAG(s) 'example_branch_labels' retrieved from /home/beatriz/Documentos/airflow/airflow_venv/lib/python3.10/site-packages/airflow/example_dags/example_branch_labels.py
[2024-12-09T15:52:07.251-0300] {logging_mixin.py:188} INFO - [2024-12-09T15:52:07.251-0300] {dag.py:3096} INFO - Sync 1 DAGs
[2024-12-09T15:52:07.266-0300] {logging_mixin.py:188} INFO - [2024-12-09T15:52:07.265-0300] {dag.py:3954} INFO - Setting next_dagrun for example_branch_labels to 2024-12-08 00:00:00+00:00, run_after=2024-12-09 00:00:00+00:00
[2024-12-09T15:52:07.282-0300] {processor.py:183} INFO - Processing /home/beatriz/Documentos/airflow/airflow_venv/lib/python3.10/site-packages/airflow/example_dags/example_branch_labels.py took 0.056 seconds
[2024-12-09T15:53:04.515-0300] {processor.py:161} INFO - Started process (PID=9029) to work on /home/beatriz/Documentos/airflow/airflow_venv/lib/python3.10/site-packages/airflow/example_dags/example_branch_labels.py
[2024-12-09T15:53:04.519-0300] {processor.py:830} INFO - Processing file /home/beatriz/Documentos/airflow/airflow_venv/lib/python3.10/site-packages/airflow/example_dags/example_branch_labels.py for tasks to queue
[2024-12-09T15:53:04.521-0300] {logging_mixin.py:188} INFO - [2024-12-09T15:53:04.521-0300] {dagbag.py:540} INFO - Filling up the DagBag from /home/beatriz/Documentos/airflow/airflow_venv/lib/python3.10/site-packages/airflow/example_dags/example_branch_labels.py
[2024-12-09T15:53:04.536-0300] {processor.py:840} INFO - DAG(s) 'example_branch_labels' retrieved from /home/beatriz/Documentos/airflow/airflow_venv/lib/python3.10/site-packages/airflow/example_dags/example_branch_labels.py
[2024-12-09T15:53:04.552-0300] {logging_mixin.py:188} INFO - [2024-12-09T15:53:04.552-0300] {dag.py:3096} INFO - Sync 1 DAGs
[2024-12-09T15:53:04.568-0300] {logging_mixin.py:188} INFO - [2024-12-09T15:53:04.568-0300] {dag.py:3954} INFO - Setting next_dagrun for example_branch_labels to 2024-12-08 00:00:00+00:00, run_after=2024-12-09 00:00:00+00:00
[2024-12-09T15:53:04.656-0300] {processor.py:183} INFO - Processing /home/beatriz/Documentos/airflow/airflow_venv/lib/python3.10/site-packages/airflow/example_dags/example_branch_labels.py took 0.153 seconds
[2024-12-09T15:54:04.038-0300] {processor.py:161} INFO - Started process (PID=9471) to work on /home/beatriz/Documentos/airflow/airflow_venv/lib/python3.10/site-packages/airflow/example_dags/example_branch_labels.py
[2024-12-09T15:54:04.041-0300] {processor.py:830} INFO - Processing file /home/beatriz/Documentos/airflow/airflow_venv/lib/python3.10/site-packages/airflow/example_dags/example_branch_labels.py for tasks to queue
[2024-12-09T15:54:04.044-0300] {logging_mixin.py:188} INFO - [2024-12-09T15:54:04.043-0300] {dagbag.py:540} INFO - Filling up the DagBag from /home/beatriz/Documentos/airflow/airflow_venv/lib/python3.10/site-packages/airflow/example_dags/example_branch_labels.py
[2024-12-09T15:54:04.057-0300] {processor.py:840} INFO - DAG(s) 'example_branch_labels' retrieved from /home/beatriz/Documentos/airflow/airflow_venv/lib/python3.10/site-packages/airflow/example_dags/example_branch_labels.py
[2024-12-09T15:54:04.073-0300] {logging_mixin.py:188} INFO - [2024-12-09T15:54:04.073-0300] {dag.py:3096} INFO - Sync 1 DAGs
[2024-12-09T15:54:04.088-0300] {logging_mixin.py:188} INFO - [2024-12-09T15:54:04.088-0300] {dag.py:3954} INFO - Setting next_dagrun for example_branch_labels to 2024-12-08 00:00:00+00:00, run_after=2024-12-09 00:00:00+00:00
[2024-12-09T15:54:04.104-0300] {processor.py:183} INFO - Processing /home/beatriz/Documentos/airflow/airflow_venv/lib/python3.10/site-packages/airflow/example_dags/example_branch_labels.py took 0.078 seconds
[2024-12-09T15:57:13.360-0300] {processor.py:161} INFO - Started process (PID=12016) to work on /home/beatriz/Documentos/airflow/airflow_venv/lib/python3.10/site-packages/airflow/example_dags/example_branch_labels.py
[2024-12-09T15:57:13.362-0300] {processor.py:830} INFO - Processing file /home/beatriz/Documentos/airflow/airflow_venv/lib/python3.10/site-packages/airflow/example_dags/example_branch_labels.py for tasks to queue
[2024-12-09T15:57:13.363-0300] {logging_mixin.py:188} INFO - [2024-12-09T15:57:13.363-0300] {dagbag.py:540} INFO - Filling up the DagBag from /home/beatriz/Documentos/airflow/airflow_venv/lib/python3.10/site-packages/airflow/example_dags/example_branch_labels.py
[2024-12-09T15:57:13.370-0300] {processor.py:840} INFO - DAG(s) 'example_branch_labels' retrieved from /home/beatriz/Documentos/airflow/airflow_venv/lib/python3.10/site-packages/airflow/example_dags/example_branch_labels.py
[2024-12-09T15:57:13.438-0300] {logging_mixin.py:188} INFO - [2024-12-09T15:57:13.437-0300] {dag.py:3096} INFO - Sync 1 DAGs
[2024-12-09T15:57:13.450-0300] {logging_mixin.py:188} INFO - [2024-12-09T15:57:13.450-0300] {dag.py:3954} INFO - Setting next_dagrun for example_branch_labels to 2024-12-08 00:00:00+00:00, run_after=2024-12-09 00:00:00+00:00
[2024-12-09T15:57:13.467-0300] {processor.py:183} INFO - Processing /home/beatriz/Documentos/airflow/airflow_venv/lib/python3.10/site-packages/airflow/example_dags/example_branch_labels.py took 0.112 seconds
[2024-12-09T15:59:48.664-0300] {processor.py:161} INFO - Started process (PID=15755) to work on /home/beatriz/Documentos/airflow/airflow_venv/lib/python3.10/site-packages/airflow/example_dags/example_branch_labels.py
[2024-12-09T15:59:48.666-0300] {processor.py:830} INFO - Processing file /home/beatriz/Documentos/airflow/airflow_venv/lib/python3.10/site-packages/airflow/example_dags/example_branch_labels.py for tasks to queue
[2024-12-09T15:59:48.668-0300] {logging_mixin.py:188} INFO - [2024-12-09T15:59:48.667-0300] {dagbag.py:540} INFO - Filling up the DagBag from /home/beatriz/Documentos/airflow/airflow_venv/lib/python3.10/site-packages/airflow/example_dags/example_branch_labels.py
[2024-12-09T15:59:48.678-0300] {processor.py:840} INFO - DAG(s) 'example_branch_labels' retrieved from /home/beatriz/Documentos/airflow/airflow_venv/lib/python3.10/site-packages/airflow/example_dags/example_branch_labels.py
[2024-12-09T15:59:48.695-0300] {logging_mixin.py:188} INFO - [2024-12-09T15:59:48.695-0300] {dag.py:3096} INFO - Sync 1 DAGs
[2024-12-09T15:59:48.713-0300] {logging_mixin.py:188} INFO - [2024-12-09T15:59:48.713-0300] {dag.py:3954} INFO - Setting next_dagrun for example_branch_labels to 2024-12-08 00:00:00+00:00, run_after=2024-12-09 00:00:00+00:00
[2024-12-09T15:59:48.732-0300] {processor.py:183} INFO - Processing /home/beatriz/Documentos/airflow/airflow_venv/lib/python3.10/site-packages/airflow/example_dags/example_branch_labels.py took 0.074 seconds
[2024-12-09T16:28:56.247-0300] {processor.py:161} INFO - Started process (PID=20595) to work on /home/beatriz/Documentos/airflow/airflow_venv/lib/python3.10/site-packages/airflow/example_dags/example_branch_labels.py
[2024-12-09T16:28:56.249-0300] {processor.py:830} INFO - Processing file /home/beatriz/Documentos/airflow/airflow_venv/lib/python3.10/site-packages/airflow/example_dags/example_branch_labels.py for tasks to queue
[2024-12-09T16:28:56.252-0300] {logging_mixin.py:188} INFO - [2024-12-09T16:28:56.251-0300] {dagbag.py:540} INFO - Filling up the DagBag from /home/beatriz/Documentos/airflow/airflow_venv/lib/python3.10/site-packages/airflow/example_dags/example_branch_labels.py
[2024-12-09T16:28:56.266-0300] {processor.py:840} INFO - DAG(s) 'example_branch_labels' retrieved from /home/beatriz/Documentos/airflow/airflow_venv/lib/python3.10/site-packages/airflow/example_dags/example_branch_labels.py
[2024-12-09T16:28:56.346-0300] {logging_mixin.py:188} INFO - [2024-12-09T16:28:56.346-0300] {dag.py:3096} INFO - Sync 1 DAGs
[2024-12-09T16:28:56.361-0300] {logging_mixin.py:188} INFO - [2024-12-09T16:28:56.360-0300] {dag.py:3954} INFO - Setting next_dagrun for example_branch_labels to 2024-12-08 00:00:00+00:00, run_after=2024-12-09 00:00:00+00:00
[2024-12-09T16:28:56.383-0300] {processor.py:183} INFO - Processing /home/beatriz/Documentos/airflow/airflow_venv/lib/python3.10/site-packages/airflow/example_dags/example_branch_labels.py took 0.148 seconds
[2024-12-09T16:30:04.798-0300] {processor.py:161} INFO - Started process (PID=21685) to work on /home/beatriz/Documentos/airflow/airflow_venv/lib/python3.10/site-packages/airflow/example_dags/example_branch_labels.py
[2024-12-09T16:30:04.801-0300] {processor.py:830} INFO - Processing file /home/beatriz/Documentos/airflow/airflow_venv/lib/python3.10/site-packages/airflow/example_dags/example_branch_labels.py for tasks to queue
[2024-12-09T16:30:04.802-0300] {logging_mixin.py:188} INFO - [2024-12-09T16:30:04.801-0300] {dagbag.py:540} INFO - Filling up the DagBag from /home/beatriz/Documentos/airflow/airflow_venv/lib/python3.10/site-packages/airflow/example_dags/example_branch_labels.py
[2024-12-09T16:30:04.809-0300] {processor.py:840} INFO - DAG(s) 'example_branch_labels' retrieved from /home/beatriz/Documentos/airflow/airflow_venv/lib/python3.10/site-packages/airflow/example_dags/example_branch_labels.py
[2024-12-09T16:30:04.822-0300] {logging_mixin.py:188} INFO - [2024-12-09T16:30:04.822-0300] {dag.py:3096} INFO - Sync 1 DAGs
[2024-12-09T16:30:04.840-0300] {logging_mixin.py:188} INFO - [2024-12-09T16:30:04.840-0300] {dag.py:3954} INFO - Setting next_dagrun for example_branch_labels to 2024-12-08 00:00:00+00:00, run_after=2024-12-09 00:00:00+00:00
[2024-12-09T16:30:04.859-0300] {processor.py:183} INFO - Processing /home/beatriz/Documentos/airflow/airflow_venv/lib/python3.10/site-packages/airflow/example_dags/example_branch_labels.py took 0.065 seconds
[2024-12-09T16:47:28.700-0300] {processor.py:161} INFO - Started process (PID=24283) to work on /home/beatriz/Documentos/airflow/airflow_venv/lib/python3.10/site-packages/airflow/example_dags/example_branch_labels.py
[2024-12-09T16:47:28.701-0300] {processor.py:830} INFO - Processing file /home/beatriz/Documentos/airflow/airflow_venv/lib/python3.10/site-packages/airflow/example_dags/example_branch_labels.py for tasks to queue
[2024-12-09T16:47:28.702-0300] {logging_mixin.py:188} INFO - [2024-12-09T16:47:28.702-0300] {dagbag.py:540} INFO - Filling up the DagBag from /home/beatriz/Documentos/airflow/airflow_venv/lib/python3.10/site-packages/airflow/example_dags/example_branch_labels.py
[2024-12-09T16:47:28.709-0300] {processor.py:840} INFO - DAG(s) 'example_branch_labels' retrieved from /home/beatriz/Documentos/airflow/airflow_venv/lib/python3.10/site-packages/airflow/example_dags/example_branch_labels.py
[2024-12-09T16:47:28.777-0300] {logging_mixin.py:188} INFO - [2024-12-09T16:47:28.777-0300] {dag.py:3096} INFO - Sync 1 DAGs
[2024-12-09T16:47:28.790-0300] {logging_mixin.py:188} INFO - [2024-12-09T16:47:28.789-0300] {dag.py:3954} INFO - Setting next_dagrun for example_branch_labels to 2024-12-08 00:00:00+00:00, run_after=2024-12-09 00:00:00+00:00
[2024-12-09T16:47:28.808-0300] {processor.py:183} INFO - Processing /home/beatriz/Documentos/airflow/airflow_venv/lib/python3.10/site-packages/airflow/example_dags/example_branch_labels.py took 0.112 seconds
[2024-12-09T16:48:26.427-0300] {processor.py:161} INFO - Started process (PID=24932) to work on /home/beatriz/Documentos/airflow/airflow_venv/lib/python3.10/site-packages/airflow/example_dags/example_branch_labels.py
[2024-12-09T16:48:26.428-0300] {processor.py:830} INFO - Processing file /home/beatriz/Documentos/airflow/airflow_venv/lib/python3.10/site-packages/airflow/example_dags/example_branch_labels.py for tasks to queue
[2024-12-09T16:48:26.429-0300] {logging_mixin.py:188} INFO - [2024-12-09T16:48:26.429-0300] {dagbag.py:540} INFO - Filling up the DagBag from /home/beatriz/Documentos/airflow/airflow_venv/lib/python3.10/site-packages/airflow/example_dags/example_branch_labels.py
[2024-12-09T16:48:26.437-0300] {processor.py:840} INFO - DAG(s) 'example_branch_labels' retrieved from /home/beatriz/Documentos/airflow/airflow_venv/lib/python3.10/site-packages/airflow/example_dags/example_branch_labels.py
[2024-12-09T16:48:26.452-0300] {logging_mixin.py:188} INFO - [2024-12-09T16:48:26.452-0300] {dag.py:3096} INFO - Sync 1 DAGs
[2024-12-09T16:48:26.477-0300] {logging_mixin.py:188} INFO - [2024-12-09T16:48:26.477-0300] {dag.py:3954} INFO - Setting next_dagrun for example_branch_labels to 2024-12-08 00:00:00+00:00, run_after=2024-12-09 00:00:00+00:00
[2024-12-09T16:48:26.503-0300] {processor.py:183} INFO - Processing /home/beatriz/Documentos/airflow/airflow_venv/lib/python3.10/site-packages/airflow/example_dags/example_branch_labels.py took 0.080 seconds
[2024-12-09T16:49:34.557-0300] {processor.py:161} INFO - Started process (PID=25202) to work on /home/beatriz/Documentos/airflow/airflow_venv/lib/python3.10/site-packages/airflow/example_dags/example_branch_labels.py
[2024-12-09T16:49:34.560-0300] {processor.py:830} INFO - Processing file /home/beatriz/Documentos/airflow/airflow_venv/lib/python3.10/site-packages/airflow/example_dags/example_branch_labels.py for tasks to queue
[2024-12-09T16:49:34.562-0300] {logging_mixin.py:188} INFO - [2024-12-09T16:49:34.561-0300] {dagbag.py:540} INFO - Filling up the DagBag from /home/beatriz/Documentos/airflow/airflow_venv/lib/python3.10/site-packages/airflow/example_dags/example_branch_labels.py
[2024-12-09T16:49:34.579-0300] {processor.py:840} INFO - DAG(s) 'example_branch_labels' retrieved from /home/beatriz/Documentos/airflow/airflow_venv/lib/python3.10/site-packages/airflow/example_dags/example_branch_labels.py
[2024-12-09T16:49:34.596-0300] {logging_mixin.py:188} INFO - [2024-12-09T16:49:34.596-0300] {dag.py:3096} INFO - Sync 1 DAGs
[2024-12-09T16:49:34.612-0300] {logging_mixin.py:188} INFO - [2024-12-09T16:49:34.612-0300] {dag.py:3954} INFO - Setting next_dagrun for example_branch_labels to 2024-12-08 00:00:00+00:00, run_after=2024-12-09 00:00:00+00:00
[2024-12-09T16:49:34.630-0300] {processor.py:183} INFO - Processing /home/beatriz/Documentos/airflow/airflow_venv/lib/python3.10/site-packages/airflow/example_dags/example_branch_labels.py took 0.086 seconds
[2024-12-09T16:50:51.688-0300] {processor.py:161} INFO - Started process (PID=26067) to work on /home/beatriz/Documentos/airflow/airflow_venv/lib/python3.10/site-packages/airflow/example_dags/example_branch_labels.py
[2024-12-09T16:50:51.689-0300] {processor.py:830} INFO - Processing file /home/beatriz/Documentos/airflow/airflow_venv/lib/python3.10/site-packages/airflow/example_dags/example_branch_labels.py for tasks to queue
[2024-12-09T16:50:51.690-0300] {logging_mixin.py:188} INFO - [2024-12-09T16:50:51.689-0300] {dagbag.py:540} INFO - Filling up the DagBag from /home/beatriz/Documentos/airflow/airflow_venv/lib/python3.10/site-packages/airflow/example_dags/example_branch_labels.py
[2024-12-09T16:50:51.699-0300] {processor.py:840} INFO - DAG(s) 'example_branch_labels' retrieved from /home/beatriz/Documentos/airflow/airflow_venv/lib/python3.10/site-packages/airflow/example_dags/example_branch_labels.py
[2024-12-09T16:50:51.714-0300] {logging_mixin.py:188} INFO - [2024-12-09T16:50:51.714-0300] {dag.py:3096} INFO - Sync 1 DAGs
[2024-12-09T16:50:51.732-0300] {logging_mixin.py:188} INFO - [2024-12-09T16:50:51.732-0300] {dag.py:3954} INFO - Setting next_dagrun for example_branch_labels to 2024-12-08 00:00:00+00:00, run_after=2024-12-09 00:00:00+00:00
[2024-12-09T16:50:51.756-0300] {processor.py:183} INFO - Processing /home/beatriz/Documentos/airflow/airflow_venv/lib/python3.10/site-packages/airflow/example_dags/example_branch_labels.py took 0.074 seconds
[2024-12-09T16:51:47.363-0300] {processor.py:161} INFO - Started process (PID=26657) to work on /home/beatriz/Documentos/airflow/airflow_venv/lib/python3.10/site-packages/airflow/example_dags/example_branch_labels.py
[2024-12-09T16:51:47.365-0300] {processor.py:830} INFO - Processing file /home/beatriz/Documentos/airflow/airflow_venv/lib/python3.10/site-packages/airflow/example_dags/example_branch_labels.py for tasks to queue
[2024-12-09T16:51:47.366-0300] {logging_mixin.py:188} INFO - [2024-12-09T16:51:47.366-0300] {dagbag.py:540} INFO - Filling up the DagBag from /home/beatriz/Documentos/airflow/airflow_venv/lib/python3.10/site-packages/airflow/example_dags/example_branch_labels.py
[2024-12-09T16:51:47.377-0300] {processor.py:840} INFO - DAG(s) 'example_branch_labels' retrieved from /home/beatriz/Documentos/airflow/airflow_venv/lib/python3.10/site-packages/airflow/example_dags/example_branch_labels.py
[2024-12-09T16:51:47.395-0300] {logging_mixin.py:188} INFO - [2024-12-09T16:51:47.394-0300] {dag.py:3096} INFO - Sync 1 DAGs
[2024-12-09T16:51:47.410-0300] {logging_mixin.py:188} INFO - [2024-12-09T16:51:47.410-0300] {dag.py:3954} INFO - Setting next_dagrun for example_branch_labels to 2024-12-08 00:00:00+00:00, run_after=2024-12-09 00:00:00+00:00
[2024-12-09T16:51:47.429-0300] {processor.py:183} INFO - Processing /home/beatriz/Documentos/airflow/airflow_venv/lib/python3.10/site-packages/airflow/example_dags/example_branch_labels.py took 0.074 seconds
[2024-12-09T16:52:42.968-0300] {processor.py:161} INFO - Started process (PID=27148) to work on /home/beatriz/Documentos/airflow/airflow_venv/lib/python3.10/site-packages/airflow/example_dags/example_branch_labels.py
[2024-12-09T16:52:42.969-0300] {processor.py:830} INFO - Processing file /home/beatriz/Documentos/airflow/airflow_venv/lib/python3.10/site-packages/airflow/example_dags/example_branch_labels.py for tasks to queue
[2024-12-09T16:52:42.970-0300] {logging_mixin.py:188} INFO - [2024-12-09T16:52:42.970-0300] {dagbag.py:540} INFO - Filling up the DagBag from /home/beatriz/Documentos/airflow/airflow_venv/lib/python3.10/site-packages/airflow/example_dags/example_branch_labels.py
[2024-12-09T16:52:42.978-0300] {processor.py:840} INFO - DAG(s) 'example_branch_labels' retrieved from /home/beatriz/Documentos/airflow/airflow_venv/lib/python3.10/site-packages/airflow/example_dags/example_branch_labels.py
[2024-12-09T16:52:42.993-0300] {logging_mixin.py:188} INFO - [2024-12-09T16:52:42.993-0300] {dag.py:3096} INFO - Sync 1 DAGs
[2024-12-09T16:52:43.008-0300] {logging_mixin.py:188} INFO - [2024-12-09T16:52:43.008-0300] {dag.py:3954} INFO - Setting next_dagrun for example_branch_labels to 2024-12-08 00:00:00+00:00, run_after=2024-12-09 00:00:00+00:00
[2024-12-09T16:52:43.025-0300] {processor.py:183} INFO - Processing /home/beatriz/Documentos/airflow/airflow_venv/lib/python3.10/site-packages/airflow/example_dags/example_branch_labels.py took 0.062 seconds
[2024-12-09T16:53:39.685-0300] {processor.py:161} INFO - Started process (PID=27553) to work on /home/beatriz/Documentos/airflow/airflow_venv/lib/python3.10/site-packages/airflow/example_dags/example_branch_labels.py
[2024-12-09T16:53:39.687-0300] {processor.py:830} INFO - Processing file /home/beatriz/Documentos/airflow/airflow_venv/lib/python3.10/site-packages/airflow/example_dags/example_branch_labels.py for tasks to queue
[2024-12-09T16:53:39.690-0300] {logging_mixin.py:188} INFO - [2024-12-09T16:53:39.689-0300] {dagbag.py:540} INFO - Filling up the DagBag from /home/beatriz/Documentos/airflow/airflow_venv/lib/python3.10/site-packages/airflow/example_dags/example_branch_labels.py
[2024-12-09T16:53:39.702-0300] {processor.py:840} INFO - DAG(s) 'example_branch_labels' retrieved from /home/beatriz/Documentos/airflow/airflow_venv/lib/python3.10/site-packages/airflow/example_dags/example_branch_labels.py
[2024-12-09T16:53:39.718-0300] {logging_mixin.py:188} INFO - [2024-12-09T16:53:39.717-0300] {dag.py:3096} INFO - Sync 1 DAGs
[2024-12-09T16:53:39.734-0300] {logging_mixin.py:188} INFO - [2024-12-09T16:53:39.733-0300] {dag.py:3954} INFO - Setting next_dagrun for example_branch_labels to 2024-12-08 00:00:00+00:00, run_after=2024-12-09 00:00:00+00:00
[2024-12-09T16:53:39.752-0300] {processor.py:183} INFO - Processing /home/beatriz/Documentos/airflow/airflow_venv/lib/python3.10/site-packages/airflow/example_dags/example_branch_labels.py took 0.080 seconds
[2024-12-09T16:54:37.727-0300] {processor.py:161} INFO - Started process (PID=28041) to work on /home/beatriz/Documentos/airflow/airflow_venv/lib/python3.10/site-packages/airflow/example_dags/example_branch_labels.py
[2024-12-09T16:54:37.728-0300] {processor.py:830} INFO - Processing file /home/beatriz/Documentos/airflow/airflow_venv/lib/python3.10/site-packages/airflow/example_dags/example_branch_labels.py for tasks to queue
[2024-12-09T16:54:37.729-0300] {logging_mixin.py:188} INFO - [2024-12-09T16:54:37.729-0300] {dagbag.py:540} INFO - Filling up the DagBag from /home/beatriz/Documentos/airflow/airflow_venv/lib/python3.10/site-packages/airflow/example_dags/example_branch_labels.py
[2024-12-09T16:54:37.741-0300] {processor.py:840} INFO - DAG(s) 'example_branch_labels' retrieved from /home/beatriz/Documentos/airflow/airflow_venv/lib/python3.10/site-packages/airflow/example_dags/example_branch_labels.py
[2024-12-09T16:54:37.760-0300] {logging_mixin.py:188} INFO - [2024-12-09T16:54:37.760-0300] {dag.py:3096} INFO - Sync 1 DAGs
[2024-12-09T16:54:37.797-0300] {logging_mixin.py:188} INFO - [2024-12-09T16:54:37.796-0300] {dag.py:3954} INFO - Setting next_dagrun for example_branch_labels to 2024-12-08 00:00:00+00:00, run_after=2024-12-09 00:00:00+00:00
[2024-12-09T16:54:37.842-0300] {processor.py:183} INFO - Processing /home/beatriz/Documentos/airflow/airflow_venv/lib/python3.10/site-packages/airflow/example_dags/example_branch_labels.py took 0.121 seconds
[2024-12-09T16:55:48.109-0300] {processor.py:161} INFO - Started process (PID=28588) to work on /home/beatriz/Documentos/airflow/airflow_venv/lib/python3.10/site-packages/airflow/example_dags/example_branch_labels.py
[2024-12-09T16:55:48.110-0300] {processor.py:830} INFO - Processing file /home/beatriz/Documentos/airflow/airflow_venv/lib/python3.10/site-packages/airflow/example_dags/example_branch_labels.py for tasks to queue
[2024-12-09T16:55:48.111-0300] {logging_mixin.py:188} INFO - [2024-12-09T16:55:48.111-0300] {dagbag.py:540} INFO - Filling up the DagBag from /home/beatriz/Documentos/airflow/airflow_venv/lib/python3.10/site-packages/airflow/example_dags/example_branch_labels.py
[2024-12-09T16:55:48.118-0300] {processor.py:840} INFO - DAG(s) 'example_branch_labels' retrieved from /home/beatriz/Documentos/airflow/airflow_venv/lib/python3.10/site-packages/airflow/example_dags/example_branch_labels.py
[2024-12-09T16:55:48.131-0300] {logging_mixin.py:188} INFO - [2024-12-09T16:55:48.131-0300] {dag.py:3096} INFO - Sync 1 DAGs
[2024-12-09T16:55:48.147-0300] {logging_mixin.py:188} INFO - [2024-12-09T16:55:48.147-0300] {dag.py:3954} INFO - Setting next_dagrun for example_branch_labels to 2024-12-08 00:00:00+00:00, run_after=2024-12-09 00:00:00+00:00
[2024-12-09T16:55:48.166-0300] {processor.py:183} INFO - Processing /home/beatriz/Documentos/airflow/airflow_venv/lib/python3.10/site-packages/airflow/example_dags/example_branch_labels.py took 0.062 seconds
[2024-12-09T17:00:28.462-0300] {processor.py:161} INFO - Started process (PID=29479) to work on /home/beatriz/Documentos/airflow/airflow_venv/lib/python3.10/site-packages/airflow/example_dags/example_branch_labels.py
[2024-12-09T17:00:28.489-0300] {processor.py:830} INFO - Processing file /home/beatriz/Documentos/airflow/airflow_venv/lib/python3.10/site-packages/airflow/example_dags/example_branch_labels.py for tasks to queue
[2024-12-09T17:00:28.581-0300] {logging_mixin.py:188} INFO - [2024-12-09T17:00:28.507-0300] {dagbag.py:540} INFO - Filling up the DagBag from /home/beatriz/Documentos/airflow/airflow_venv/lib/python3.10/site-packages/airflow/example_dags/example_branch_labels.py
[2024-12-09T17:00:28.655-0300] {processor.py:840} INFO - DAG(s) 'example_branch_labels' retrieved from /home/beatriz/Documentos/airflow/airflow_venv/lib/python3.10/site-packages/airflow/example_dags/example_branch_labels.py
[2024-12-09T17:00:28.773-0300] {logging_mixin.py:188} INFO - [2024-12-09T17:00:28.769-0300] {dag.py:3096} INFO - Sync 1 DAGs
[2024-12-09T17:00:28.876-0300] {logging_mixin.py:188} INFO - [2024-12-09T17:00:28.876-0300] {dag.py:3954} INFO - Setting next_dagrun for example_branch_labels to 2024-12-08 00:00:00+00:00, run_after=2024-12-09 00:00:00+00:00
[2024-12-09T17:00:29.029-0300] {processor.py:183} INFO - Processing /home/beatriz/Documentos/airflow/airflow_venv/lib/python3.10/site-packages/airflow/example_dags/example_branch_labels.py took 0.633 seconds
[2024-12-09T17:04:14.207-0300] {processor.py:161} INFO - Started process (PID=29988) to work on /home/beatriz/Documentos/airflow/airflow_venv/lib/python3.10/site-packages/airflow/example_dags/example_branch_labels.py
[2024-12-09T17:04:14.208-0300] {processor.py:830} INFO - Processing file /home/beatriz/Documentos/airflow/airflow_venv/lib/python3.10/site-packages/airflow/example_dags/example_branch_labels.py for tasks to queue
[2024-12-09T17:04:14.209-0300] {logging_mixin.py:188} INFO - [2024-12-09T17:04:14.209-0300] {dagbag.py:540} INFO - Filling up the DagBag from /home/beatriz/Documentos/airflow/airflow_venv/lib/python3.10/site-packages/airflow/example_dags/example_branch_labels.py
[2024-12-09T17:04:14.217-0300] {processor.py:840} INFO - DAG(s) 'example_branch_labels' retrieved from /home/beatriz/Documentos/airflow/airflow_venv/lib/python3.10/site-packages/airflow/example_dags/example_branch_labels.py
[2024-12-09T17:04:14.230-0300] {logging_mixin.py:188} INFO - [2024-12-09T17:04:14.230-0300] {dag.py:3096} INFO - Sync 1 DAGs
[2024-12-09T17:04:14.244-0300] {logging_mixin.py:188} INFO - [2024-12-09T17:04:14.244-0300] {dag.py:3954} INFO - Setting next_dagrun for example_branch_labels to 2024-12-08 00:00:00+00:00, run_after=2024-12-09 00:00:00+00:00
[2024-12-09T17:04:14.261-0300] {processor.py:183} INFO - Processing /home/beatriz/Documentos/airflow/airflow_venv/lib/python3.10/site-packages/airflow/example_dags/example_branch_labels.py took 0.058 seconds
