[2024-12-09T15:00:07.258-0300] {processor.py:161} INFO - Started process (PID=28589) to work on /home/beatriz/Documentos/airflow/airflow_venv/lib/python3.10/site-packages/airflow/example_dags/example_short_circuit_operator.py
[2024-12-09T15:00:07.258-0300] {processor.py:830} INFO - Processing file /home/beatriz/Documentos/airflow/airflow_venv/lib/python3.10/site-packages/airflow/example_dags/example_short_circuit_operator.py for tasks to queue
[2024-12-09T15:00:07.259-0300] {logging_mixin.py:188} INFO - [2024-12-09T15:00:07.259-0300] {dagbag.py:540} INFO - Filling up the DagBag from /home/beatriz/Documentos/airflow/airflow_venv/lib/python3.10/site-packages/airflow/example_dags/example_short_circuit_operator.py
[2024-12-09T15:00:07.266-0300] {processor.py:840} INFO - DAG(s) 'example_short_circuit_operator' retrieved from /home/beatriz/Documentos/airflow/airflow_venv/lib/python3.10/site-packages/airflow/example_dags/example_short_circuit_operator.py
[2024-12-09T15:00:07.272-0300] {logging_mixin.py:188} INFO - [2024-12-09T15:00:07.272-0300] {dag.py:3096} INFO - Sync 1 DAGs
[2024-12-09T15:00:07.287-0300] {logging_mixin.py:188} INFO - [2024-12-09T15:00:07.287-0300] {dag.py:3954} INFO - Setting next_dagrun for example_short_circuit_operator to 2024-12-08 00:00:00+00:00, run_after=2024-12-09 00:00:00+00:00
[2024-12-09T15:00:07.306-0300] {processor.py:183} INFO - Processing /home/beatriz/Documentos/airflow/airflow_venv/lib/python3.10/site-packages/airflow/example_dags/example_short_circuit_operator.py took 0.052 seconds
[2024-12-09T15:01:10.919-0300] {processor.py:161} INFO - Started process (PID=29066) to work on /home/beatriz/Documentos/airflow/airflow_venv/lib/python3.10/site-packages/airflow/example_dags/example_short_circuit_operator.py
[2024-12-09T15:01:10.921-0300] {processor.py:830} INFO - Processing file /home/beatriz/Documentos/airflow/airflow_venv/lib/python3.10/site-packages/airflow/example_dags/example_short_circuit_operator.py for tasks to queue
[2024-12-09T15:01:10.924-0300] {logging_mixin.py:188} INFO - [2024-12-09T15:01:10.923-0300] {dagbag.py:540} INFO - Filling up the DagBag from /home/beatriz/Documentos/airflow/airflow_venv/lib/python3.10/site-packages/airflow/example_dags/example_short_circuit_operator.py
[2024-12-09T15:01:10.936-0300] {processor.py:840} INFO - DAG(s) 'example_short_circuit_operator' retrieved from /home/beatriz/Documentos/airflow/airflow_venv/lib/python3.10/site-packages/airflow/example_dags/example_short_circuit_operator.py
[2024-12-09T15:01:11.019-0300] {logging_mixin.py:188} INFO - [2024-12-09T15:01:11.019-0300] {dag.py:3096} INFO - Sync 1 DAGs
[2024-12-09T15:01:11.103-0300] {logging_mixin.py:188} INFO - [2024-12-09T15:01:11.033-0300] {dag.py:3954} INFO - Setting next_dagrun for example_short_circuit_operator to 2024-12-08 00:00:00+00:00, run_after=2024-12-09 00:00:00+00:00
[2024-12-09T15:01:11.142-0300] {processor.py:183} INFO - Processing /home/beatriz/Documentos/airflow/airflow_venv/lib/python3.10/site-packages/airflow/example_dags/example_short_circuit_operator.py took 0.236 seconds
[2024-12-09T15:02:10.194-0300] {processor.py:161} INFO - Started process (PID=29630) to work on /home/beatriz/Documentos/airflow/airflow_venv/lib/python3.10/site-packages/airflow/example_dags/example_short_circuit_operator.py
[2024-12-09T15:02:10.196-0300] {processor.py:830} INFO - Processing file /home/beatriz/Documentos/airflow/airflow_venv/lib/python3.10/site-packages/airflow/example_dags/example_short_circuit_operator.py for tasks to queue
[2024-12-09T15:02:10.199-0300] {logging_mixin.py:188} INFO - [2024-12-09T15:02:10.199-0300] {dagbag.py:540} INFO - Filling up the DagBag from /home/beatriz/Documentos/airflow/airflow_venv/lib/python3.10/site-packages/airflow/example_dags/example_short_circuit_operator.py
[2024-12-09T15:02:10.213-0300] {processor.py:840} INFO - DAG(s) 'example_short_circuit_operator' retrieved from /home/beatriz/Documentos/airflow/airflow_venv/lib/python3.10/site-packages/airflow/example_dags/example_short_circuit_operator.py
[2024-12-09T15:02:10.231-0300] {logging_mixin.py:188} INFO - [2024-12-09T15:02:10.231-0300] {dag.py:3096} INFO - Sync 1 DAGs
[2024-12-09T15:02:10.245-0300] {logging_mixin.py:188} INFO - [2024-12-09T15:02:10.245-0300] {dag.py:3954} INFO - Setting next_dagrun for example_short_circuit_operator to 2024-12-08 00:00:00+00:00, run_after=2024-12-09 00:00:00+00:00
[2024-12-09T15:02:10.262-0300] {processor.py:183} INFO - Processing /home/beatriz/Documentos/airflow/airflow_venv/lib/python3.10/site-packages/airflow/example_dags/example_short_circuit_operator.py took 0.080 seconds
[2024-12-09T15:03:52.523-0300] {processor.py:161} INFO - Started process (PID=30953) to work on /home/beatriz/Documentos/airflow/airflow_venv/lib/python3.10/site-packages/airflow/example_dags/example_short_circuit_operator.py
[2024-12-09T15:03:52.524-0300] {processor.py:830} INFO - Processing file /home/beatriz/Documentos/airflow/airflow_venv/lib/python3.10/site-packages/airflow/example_dags/example_short_circuit_operator.py for tasks to queue
[2024-12-09T15:03:52.526-0300] {logging_mixin.py:188} INFO - [2024-12-09T15:03:52.526-0300] {dagbag.py:540} INFO - Filling up the DagBag from /home/beatriz/Documentos/airflow/airflow_venv/lib/python3.10/site-packages/airflow/example_dags/example_short_circuit_operator.py
[2024-12-09T15:03:52.533-0300] {processor.py:840} INFO - DAG(s) 'example_short_circuit_operator' retrieved from /home/beatriz/Documentos/airflow/airflow_venv/lib/python3.10/site-packages/airflow/example_dags/example_short_circuit_operator.py
[2024-12-09T15:03:52.541-0300] {logging_mixin.py:188} INFO - [2024-12-09T15:03:52.541-0300] {dag.py:3096} INFO - Sync 1 DAGs
[2024-12-09T15:03:52.559-0300] {logging_mixin.py:188} INFO - [2024-12-09T15:03:52.558-0300] {dag.py:3954} INFO - Setting next_dagrun for example_short_circuit_operator to 2024-12-08 00:00:00+00:00, run_after=2024-12-09 00:00:00+00:00
[2024-12-09T15:03:52.576-0300] {processor.py:183} INFO - Processing /home/beatriz/Documentos/airflow/airflow_venv/lib/python3.10/site-packages/airflow/example_dags/example_short_circuit_operator.py took 0.058 seconds
[2024-12-09T15:04:53.060-0300] {processor.py:161} INFO - Started process (PID=31654) to work on /home/beatriz/Documentos/airflow/airflow_venv/lib/python3.10/site-packages/airflow/example_dags/example_short_circuit_operator.py
[2024-12-09T15:04:53.061-0300] {processor.py:830} INFO - Processing file /home/beatriz/Documentos/airflow/airflow_venv/lib/python3.10/site-packages/airflow/example_dags/example_short_circuit_operator.py for tasks to queue
[2024-12-09T15:04:53.063-0300] {logging_mixin.py:188} INFO - [2024-12-09T15:04:53.062-0300] {dagbag.py:540} INFO - Filling up the DagBag from /home/beatriz/Documentos/airflow/airflow_venv/lib/python3.10/site-packages/airflow/example_dags/example_short_circuit_operator.py
[2024-12-09T15:04:53.072-0300] {processor.py:840} INFO - DAG(s) 'example_short_circuit_operator' retrieved from /home/beatriz/Documentos/airflow/airflow_venv/lib/python3.10/site-packages/airflow/example_dags/example_short_circuit_operator.py
[2024-12-09T15:04:53.081-0300] {logging_mixin.py:188} INFO - [2024-12-09T15:04:53.081-0300] {dag.py:3096} INFO - Sync 1 DAGs
[2024-12-09T15:04:53.098-0300] {logging_mixin.py:188} INFO - [2024-12-09T15:04:53.098-0300] {dag.py:3954} INFO - Setting next_dagrun for example_short_circuit_operator to 2024-12-08 00:00:00+00:00, run_after=2024-12-09 00:00:00+00:00
[2024-12-09T15:04:53.117-0300] {processor.py:183} INFO - Processing /home/beatriz/Documentos/airflow/airflow_venv/lib/python3.10/site-packages/airflow/example_dags/example_short_circuit_operator.py took 0.064 seconds
[2024-12-09T15:06:07.514-0300] {processor.py:161} INFO - Started process (PID=32402) to work on /home/beatriz/Documentos/airflow/airflow_venv/lib/python3.10/site-packages/airflow/example_dags/example_short_circuit_operator.py
[2024-12-09T15:06:07.517-0300] {processor.py:830} INFO - Processing file /home/beatriz/Documentos/airflow/airflow_venv/lib/python3.10/site-packages/airflow/example_dags/example_short_circuit_operator.py for tasks to queue
[2024-12-09T15:06:07.520-0300] {logging_mixin.py:188} INFO - [2024-12-09T15:06:07.519-0300] {dagbag.py:540} INFO - Filling up the DagBag from /home/beatriz/Documentos/airflow/airflow_venv/lib/python3.10/site-packages/airflow/example_dags/example_short_circuit_operator.py
[2024-12-09T15:06:07.534-0300] {processor.py:840} INFO - DAG(s) 'example_short_circuit_operator' retrieved from /home/beatriz/Documentos/airflow/airflow_venv/lib/python3.10/site-packages/airflow/example_dags/example_short_circuit_operator.py
[2024-12-09T15:06:07.543-0300] {logging_mixin.py:188} INFO - [2024-12-09T15:06:07.543-0300] {dag.py:3096} INFO - Sync 1 DAGs
[2024-12-09T15:06:07.559-0300] {logging_mixin.py:188} INFO - [2024-12-09T15:06:07.559-0300] {dag.py:3954} INFO - Setting next_dagrun for example_short_circuit_operator to 2024-12-08 00:00:00+00:00, run_after=2024-12-09 00:00:00+00:00
[2024-12-09T15:06:07.577-0300] {processor.py:183} INFO - Processing /home/beatriz/Documentos/airflow/airflow_venv/lib/python3.10/site-packages/airflow/example_dags/example_short_circuit_operator.py took 0.075 seconds
[2024-12-09T15:07:14.140-0300] {processor.py:161} INFO - Started process (PID=32940) to work on /home/beatriz/Documentos/airflow/airflow_venv/lib/python3.10/site-packages/airflow/example_dags/example_short_circuit_operator.py
[2024-12-09T15:07:14.141-0300] {processor.py:830} INFO - Processing file /home/beatriz/Documentos/airflow/airflow_venv/lib/python3.10/site-packages/airflow/example_dags/example_short_circuit_operator.py for tasks to queue
[2024-12-09T15:07:14.142-0300] {logging_mixin.py:188} INFO - [2024-12-09T15:07:14.142-0300] {dagbag.py:540} INFO - Filling up the DagBag from /home/beatriz/Documentos/airflow/airflow_venv/lib/python3.10/site-packages/airflow/example_dags/example_short_circuit_operator.py
[2024-12-09T15:07:14.151-0300] {processor.py:840} INFO - DAG(s) 'example_short_circuit_operator' retrieved from /home/beatriz/Documentos/airflow/airflow_venv/lib/python3.10/site-packages/airflow/example_dags/example_short_circuit_operator.py
[2024-12-09T15:07:14.252-0300] {logging_mixin.py:188} INFO - [2024-12-09T15:07:14.251-0300] {dag.py:3096} INFO - Sync 1 DAGs
[2024-12-09T15:07:14.358-0300] {logging_mixin.py:188} INFO - [2024-12-09T15:07:14.274-0300] {dag.py:3954} INFO - Setting next_dagrun for example_short_circuit_operator to 2024-12-08 00:00:00+00:00, run_after=2024-12-09 00:00:00+00:00
[2024-12-09T15:07:14.388-0300] {processor.py:183} INFO - Processing /home/beatriz/Documentos/airflow/airflow_venv/lib/python3.10/site-packages/airflow/example_dags/example_short_circuit_operator.py took 0.254 seconds
[2024-12-09T15:08:11.568-0300] {processor.py:161} INFO - Started process (PID=33353) to work on /home/beatriz/Documentos/airflow/airflow_venv/lib/python3.10/site-packages/airflow/example_dags/example_short_circuit_operator.py
[2024-12-09T15:08:11.570-0300] {processor.py:830} INFO - Processing file /home/beatriz/Documentos/airflow/airflow_venv/lib/python3.10/site-packages/airflow/example_dags/example_short_circuit_operator.py for tasks to queue
[2024-12-09T15:08:11.572-0300] {logging_mixin.py:188} INFO - [2024-12-09T15:08:11.572-0300] {dagbag.py:540} INFO - Filling up the DagBag from /home/beatriz/Documentos/airflow/airflow_venv/lib/python3.10/site-packages/airflow/example_dags/example_short_circuit_operator.py
[2024-12-09T15:08:11.585-0300] {processor.py:840} INFO - DAG(s) 'example_short_circuit_operator' retrieved from /home/beatriz/Documentos/airflow/airflow_venv/lib/python3.10/site-packages/airflow/example_dags/example_short_circuit_operator.py
[2024-12-09T15:08:11.607-0300] {logging_mixin.py:188} INFO - [2024-12-09T15:08:11.607-0300] {dag.py:3096} INFO - Sync 1 DAGs
[2024-12-09T15:08:11.621-0300] {logging_mixin.py:188} INFO - [2024-12-09T15:08:11.621-0300] {dag.py:3954} INFO - Setting next_dagrun for example_short_circuit_operator to 2024-12-08 00:00:00+00:00, run_after=2024-12-09 00:00:00+00:00
[2024-12-09T15:08:11.638-0300] {processor.py:183} INFO - Processing /home/beatriz/Documentos/airflow/airflow_venv/lib/python3.10/site-packages/airflow/example_dags/example_short_circuit_operator.py took 0.080 seconds
[2024-12-09T15:10:09.128-0300] {processor.py:161} INFO - Started process (PID=33867) to work on /home/beatriz/Documentos/airflow/airflow_venv/lib/python3.10/site-packages/airflow/example_dags/example_short_circuit_operator.py
[2024-12-09T15:10:09.129-0300] {processor.py:830} INFO - Processing file /home/beatriz/Documentos/airflow/airflow_venv/lib/python3.10/site-packages/airflow/example_dags/example_short_circuit_operator.py for tasks to queue
[2024-12-09T15:10:09.131-0300] {logging_mixin.py:188} INFO - [2024-12-09T15:10:09.130-0300] {dagbag.py:540} INFO - Filling up the DagBag from /home/beatriz/Documentos/airflow/airflow_venv/lib/python3.10/site-packages/airflow/example_dags/example_short_circuit_operator.py
[2024-12-09T15:10:09.145-0300] {processor.py:840} INFO - DAG(s) 'example_short_circuit_operator' retrieved from /home/beatriz/Documentos/airflow/airflow_venv/lib/python3.10/site-packages/airflow/example_dags/example_short_circuit_operator.py
[2024-12-09T15:10:09.163-0300] {logging_mixin.py:188} INFO - [2024-12-09T15:10:09.163-0300] {dag.py:3096} INFO - Sync 1 DAGs
[2024-12-09T15:10:09.255-0300] {logging_mixin.py:188} INFO - [2024-12-09T15:10:09.255-0300] {dag.py:3954} INFO - Setting next_dagrun for example_short_circuit_operator to 2024-12-08 00:00:00+00:00, run_after=2024-12-09 00:00:00+00:00
[2024-12-09T15:10:09.273-0300] {processor.py:183} INFO - Processing /home/beatriz/Documentos/airflow/airflow_venv/lib/python3.10/site-packages/airflow/example_dags/example_short_circuit_operator.py took 0.158 seconds
[2024-12-09T15:12:03.187-0300] {processor.py:161} INFO - Started process (PID=34768) to work on /home/beatriz/Documentos/airflow/airflow_venv/lib/python3.10/site-packages/airflow/example_dags/example_short_circuit_operator.py
[2024-12-09T15:12:03.191-0300] {processor.py:830} INFO - Processing file /home/beatriz/Documentos/airflow/airflow_venv/lib/python3.10/site-packages/airflow/example_dags/example_short_circuit_operator.py for tasks to queue
[2024-12-09T15:12:03.193-0300] {logging_mixin.py:188} INFO - [2024-12-09T15:12:03.192-0300] {dagbag.py:540} INFO - Filling up the DagBag from /home/beatriz/Documentos/airflow/airflow_venv/lib/python3.10/site-packages/airflow/example_dags/example_short_circuit_operator.py
[2024-12-09T15:12:03.208-0300] {processor.py:840} INFO - DAG(s) 'example_short_circuit_operator' retrieved from /home/beatriz/Documentos/airflow/airflow_venv/lib/python3.10/site-packages/airflow/example_dags/example_short_circuit_operator.py
[2024-12-09T15:12:03.230-0300] {logging_mixin.py:188} INFO - [2024-12-09T15:12:03.230-0300] {dag.py:3096} INFO - Sync 1 DAGs
[2024-12-09T15:12:03.250-0300] {logging_mixin.py:188} INFO - [2024-12-09T15:12:03.249-0300] {dag.py:3954} INFO - Setting next_dagrun for example_short_circuit_operator to 2024-12-08 00:00:00+00:00, run_after=2024-12-09 00:00:00+00:00
[2024-12-09T15:12:03.293-0300] {processor.py:183} INFO - Processing /home/beatriz/Documentos/airflow/airflow_venv/lib/python3.10/site-packages/airflow/example_dags/example_short_circuit_operator.py took 0.115 seconds
[2024-12-09T15:13:58.261-0300] {processor.py:161} INFO - Started process (PID=36193) to work on /home/beatriz/Documentos/airflow/airflow_venv/lib/python3.10/site-packages/airflow/example_dags/example_short_circuit_operator.py
[2024-12-09T15:13:58.262-0300] {processor.py:830} INFO - Processing file /home/beatriz/Documentos/airflow/airflow_venv/lib/python3.10/site-packages/airflow/example_dags/example_short_circuit_operator.py for tasks to queue
[2024-12-09T15:13:58.263-0300] {logging_mixin.py:188} INFO - [2024-12-09T15:13:58.263-0300] {dagbag.py:540} INFO - Filling up the DagBag from /home/beatriz/Documentos/airflow/airflow_venv/lib/python3.10/site-packages/airflow/example_dags/example_short_circuit_operator.py
[2024-12-09T15:13:58.271-0300] {processor.py:840} INFO - DAG(s) 'example_short_circuit_operator' retrieved from /home/beatriz/Documentos/airflow/airflow_venv/lib/python3.10/site-packages/airflow/example_dags/example_short_circuit_operator.py
[2024-12-09T15:13:58.280-0300] {logging_mixin.py:188} INFO - [2024-12-09T15:13:58.279-0300] {dag.py:3096} INFO - Sync 1 DAGs
[2024-12-09T15:13:58.310-0300] {logging_mixin.py:188} INFO - [2024-12-09T15:13:58.309-0300] {dag.py:3954} INFO - Setting next_dagrun for example_short_circuit_operator to 2024-12-08 00:00:00+00:00, run_after=2024-12-09 00:00:00+00:00
[2024-12-09T15:13:58.349-0300] {processor.py:183} INFO - Processing /home/beatriz/Documentos/airflow/airflow_venv/lib/python3.10/site-packages/airflow/example_dags/example_short_circuit_operator.py took 0.096 seconds
[2024-12-09T15:14:59.352-0300] {processor.py:161} INFO - Started process (PID=36812) to work on /home/beatriz/Documentos/airflow/airflow_venv/lib/python3.10/site-packages/airflow/example_dags/example_short_circuit_operator.py
[2024-12-09T15:14:59.354-0300] {processor.py:830} INFO - Processing file /home/beatriz/Documentos/airflow/airflow_venv/lib/python3.10/site-packages/airflow/example_dags/example_short_circuit_operator.py for tasks to queue
[2024-12-09T15:14:59.356-0300] {logging_mixin.py:188} INFO - [2024-12-09T15:14:59.356-0300] {dagbag.py:540} INFO - Filling up the DagBag from /home/beatriz/Documentos/airflow/airflow_venv/lib/python3.10/site-packages/airflow/example_dags/example_short_circuit_operator.py
[2024-12-09T15:14:59.369-0300] {processor.py:840} INFO - DAG(s) 'example_short_circuit_operator' retrieved from /home/beatriz/Documentos/airflow/airflow_venv/lib/python3.10/site-packages/airflow/example_dags/example_short_circuit_operator.py
[2024-12-09T15:14:59.452-0300] {logging_mixin.py:188} INFO - [2024-12-09T15:14:59.452-0300] {dag.py:3096} INFO - Sync 1 DAGs
[2024-12-09T15:14:59.537-0300] {logging_mixin.py:188} INFO - [2024-12-09T15:14:59.537-0300] {dag.py:3954} INFO - Setting next_dagrun for example_short_circuit_operator to 2024-12-08 00:00:00+00:00, run_after=2024-12-09 00:00:00+00:00
[2024-12-09T15:14:59.558-0300] {processor.py:183} INFO - Processing /home/beatriz/Documentos/airflow/airflow_venv/lib/python3.10/site-packages/airflow/example_dags/example_short_circuit_operator.py took 0.218 seconds
[2024-12-09T15:15:55.093-0300] {processor.py:161} INFO - Started process (PID=37427) to work on /home/beatriz/Documentos/airflow/airflow_venv/lib/python3.10/site-packages/airflow/example_dags/example_short_circuit_operator.py
[2024-12-09T15:15:55.095-0300] {processor.py:830} INFO - Processing file /home/beatriz/Documentos/airflow/airflow_venv/lib/python3.10/site-packages/airflow/example_dags/example_short_circuit_operator.py for tasks to queue
[2024-12-09T15:15:55.097-0300] {logging_mixin.py:188} INFO - [2024-12-09T15:15:55.096-0300] {dagbag.py:540} INFO - Filling up the DagBag from /home/beatriz/Documentos/airflow/airflow_venv/lib/python3.10/site-packages/airflow/example_dags/example_short_circuit_operator.py
[2024-12-09T15:15:55.103-0300] {processor.py:840} INFO - DAG(s) 'example_short_circuit_operator' retrieved from /home/beatriz/Documentos/airflow/airflow_venv/lib/python3.10/site-packages/airflow/example_dags/example_short_circuit_operator.py
[2024-12-09T15:15:55.119-0300] {logging_mixin.py:188} INFO - [2024-12-09T15:15:55.119-0300] {dag.py:3096} INFO - Sync 1 DAGs
[2024-12-09T15:15:55.135-0300] {logging_mixin.py:188} INFO - [2024-12-09T15:15:55.135-0300] {dag.py:3954} INFO - Setting next_dagrun for example_short_circuit_operator to 2024-12-08 00:00:00+00:00, run_after=2024-12-09 00:00:00+00:00
[2024-12-09T15:15:55.154-0300] {processor.py:183} INFO - Processing /home/beatriz/Documentos/airflow/airflow_venv/lib/python3.10/site-packages/airflow/example_dags/example_short_circuit_operator.py took 0.066 seconds
[2024-12-09T15:16:51.789-0300] {processor.py:161} INFO - Started process (PID=37919) to work on /home/beatriz/Documentos/airflow/airflow_venv/lib/python3.10/site-packages/airflow/example_dags/example_short_circuit_operator.py
[2024-12-09T15:16:51.791-0300] {processor.py:830} INFO - Processing file /home/beatriz/Documentos/airflow/airflow_venv/lib/python3.10/site-packages/airflow/example_dags/example_short_circuit_operator.py for tasks to queue
[2024-12-09T15:16:51.793-0300] {logging_mixin.py:188} INFO - [2024-12-09T15:16:51.792-0300] {dagbag.py:540} INFO - Filling up the DagBag from /home/beatriz/Documentos/airflow/airflow_venv/lib/python3.10/site-packages/airflow/example_dags/example_short_circuit_operator.py
[2024-12-09T15:16:51.799-0300] {processor.py:840} INFO - DAG(s) 'example_short_circuit_operator' retrieved from /home/beatriz/Documentos/airflow/airflow_venv/lib/python3.10/site-packages/airflow/example_dags/example_short_circuit_operator.py
[2024-12-09T15:16:51.899-0300] {logging_mixin.py:188} INFO - [2024-12-09T15:16:51.899-0300] {dag.py:3096} INFO - Sync 1 DAGs
[2024-12-09T15:16:51.916-0300] {logging_mixin.py:188} INFO - [2024-12-09T15:16:51.916-0300] {dag.py:3954} INFO - Setting next_dagrun for example_short_circuit_operator to 2024-12-08 00:00:00+00:00, run_after=2024-12-09 00:00:00+00:00
[2024-12-09T15:16:51.936-0300] {processor.py:183} INFO - Processing /home/beatriz/Documentos/airflow/airflow_venv/lib/python3.10/site-packages/airflow/example_dags/example_short_circuit_operator.py took 0.151 seconds
[2024-12-09T15:17:45.205-0300] {processor.py:161} INFO - Started process (PID=38377) to work on /home/beatriz/Documentos/airflow/airflow_venv/lib/python3.10/site-packages/airflow/example_dags/example_short_circuit_operator.py
[2024-12-09T15:17:45.206-0300] {processor.py:830} INFO - Processing file /home/beatriz/Documentos/airflow/airflow_venv/lib/python3.10/site-packages/airflow/example_dags/example_short_circuit_operator.py for tasks to queue
[2024-12-09T15:17:45.209-0300] {logging_mixin.py:188} INFO - [2024-12-09T15:17:45.208-0300] {dagbag.py:540} INFO - Filling up the DagBag from /home/beatriz/Documentos/airflow/airflow_venv/lib/python3.10/site-packages/airflow/example_dags/example_short_circuit_operator.py
[2024-12-09T15:17:45.221-0300] {processor.py:840} INFO - DAG(s) 'example_short_circuit_operator' retrieved from /home/beatriz/Documentos/airflow/airflow_venv/lib/python3.10/site-packages/airflow/example_dags/example_short_circuit_operator.py
[2024-12-09T15:17:45.239-0300] {logging_mixin.py:188} INFO - [2024-12-09T15:17:45.239-0300] {dag.py:3096} INFO - Sync 1 DAGs
[2024-12-09T15:17:45.255-0300] {logging_mixin.py:188} INFO - [2024-12-09T15:17:45.255-0300] {dag.py:3954} INFO - Setting next_dagrun for example_short_circuit_operator to 2024-12-08 00:00:00+00:00, run_after=2024-12-09 00:00:00+00:00
[2024-12-09T15:17:45.272-0300] {processor.py:183} INFO - Processing /home/beatriz/Documentos/airflow/airflow_venv/lib/python3.10/site-packages/airflow/example_dags/example_short_circuit_operator.py took 0.078 seconds
[2024-12-09T15:19:02.200-0300] {processor.py:161} INFO - Started process (PID=39493) to work on /home/beatriz/Documentos/airflow/airflow_venv/lib/python3.10/site-packages/airflow/example_dags/example_short_circuit_operator.py
[2024-12-09T15:19:02.204-0300] {processor.py:830} INFO - Processing file /home/beatriz/Documentos/airflow/airflow_venv/lib/python3.10/site-packages/airflow/example_dags/example_short_circuit_operator.py for tasks to queue
[2024-12-09T15:19:02.207-0300] {logging_mixin.py:188} INFO - [2024-12-09T15:19:02.206-0300] {dagbag.py:540} INFO - Filling up the DagBag from /home/beatriz/Documentos/airflow/airflow_venv/lib/python3.10/site-packages/airflow/example_dags/example_short_circuit_operator.py
[2024-12-09T15:19:02.219-0300] {processor.py:840} INFO - DAG(s) 'example_short_circuit_operator' retrieved from /home/beatriz/Documentos/airflow/airflow_venv/lib/python3.10/site-packages/airflow/example_dags/example_short_circuit_operator.py
[2024-12-09T15:19:02.227-0300] {logging_mixin.py:188} INFO - [2024-12-09T15:19:02.227-0300] {dag.py:3096} INFO - Sync 1 DAGs
[2024-12-09T15:19:02.244-0300] {logging_mixin.py:188} INFO - [2024-12-09T15:19:02.244-0300] {dag.py:3954} INFO - Setting next_dagrun for example_short_circuit_operator to 2024-12-08 00:00:00+00:00, run_after=2024-12-09 00:00:00+00:00
[2024-12-09T15:19:02.270-0300] {processor.py:183} INFO - Processing /home/beatriz/Documentos/airflow/airflow_venv/lib/python3.10/site-packages/airflow/example_dags/example_short_circuit_operator.py took 0.079 seconds
[2024-12-09T15:20:02.427-0300] {processor.py:161} INFO - Started process (PID=40308) to work on /home/beatriz/Documentos/airflow/airflow_venv/lib/python3.10/site-packages/airflow/example_dags/example_short_circuit_operator.py
[2024-12-09T15:20:02.430-0300] {processor.py:830} INFO - Processing file /home/beatriz/Documentos/airflow/airflow_venv/lib/python3.10/site-packages/airflow/example_dags/example_short_circuit_operator.py for tasks to queue
[2024-12-09T15:20:02.434-0300] {logging_mixin.py:188} INFO - [2024-12-09T15:20:02.434-0300] {dagbag.py:540} INFO - Filling up the DagBag from /home/beatriz/Documentos/airflow/airflow_venv/lib/python3.10/site-packages/airflow/example_dags/example_short_circuit_operator.py
[2024-12-09T15:20:02.447-0300] {processor.py:840} INFO - DAG(s) 'example_short_circuit_operator' retrieved from /home/beatriz/Documentos/airflow/airflow_venv/lib/python3.10/site-packages/airflow/example_dags/example_short_circuit_operator.py
[2024-12-09T15:20:02.535-0300] {logging_mixin.py:188} INFO - [2024-12-09T15:20:02.535-0300] {dag.py:3096} INFO - Sync 1 DAGs
[2024-12-09T15:20:02.616-0300] {logging_mixin.py:188} INFO - [2024-12-09T15:20:02.548-0300] {dag.py:3954} INFO - Setting next_dagrun for example_short_circuit_operator to 2024-12-08 00:00:00+00:00, run_after=2024-12-09 00:00:00+00:00
[2024-12-09T15:20:02.642-0300] {processor.py:183} INFO - Processing /home/beatriz/Documentos/airflow/airflow_venv/lib/python3.10/site-packages/airflow/example_dags/example_short_circuit_operator.py took 0.231 seconds
[2024-12-09T15:20:57.927-0300] {processor.py:161} INFO - Started process (PID=40806) to work on /home/beatriz/Documentos/airflow/airflow_venv/lib/python3.10/site-packages/airflow/example_dags/example_short_circuit_operator.py
[2024-12-09T15:20:57.929-0300] {processor.py:830} INFO - Processing file /home/beatriz/Documentos/airflow/airflow_venv/lib/python3.10/site-packages/airflow/example_dags/example_short_circuit_operator.py for tasks to queue
[2024-12-09T15:20:57.931-0300] {logging_mixin.py:188} INFO - [2024-12-09T15:20:57.930-0300] {dagbag.py:540} INFO - Filling up the DagBag from /home/beatriz/Documentos/airflow/airflow_venv/lib/python3.10/site-packages/airflow/example_dags/example_short_circuit_operator.py
[2024-12-09T15:20:57.941-0300] {processor.py:840} INFO - DAG(s) 'example_short_circuit_operator' retrieved from /home/beatriz/Documentos/airflow/airflow_venv/lib/python3.10/site-packages/airflow/example_dags/example_short_circuit_operator.py
[2024-12-09T15:20:57.963-0300] {logging_mixin.py:188} INFO - [2024-12-09T15:20:57.962-0300] {dag.py:3096} INFO - Sync 1 DAGs
[2024-12-09T15:20:57.981-0300] {logging_mixin.py:188} INFO - [2024-12-09T15:20:57.981-0300] {dag.py:3954} INFO - Setting next_dagrun for example_short_circuit_operator to 2024-12-08 00:00:00+00:00, run_after=2024-12-09 00:00:00+00:00
[2024-12-09T15:20:58.005-0300] {processor.py:183} INFO - Processing /home/beatriz/Documentos/airflow/airflow_venv/lib/python3.10/site-packages/airflow/example_dags/example_short_circuit_operator.py took 0.083 seconds
[2024-12-09T15:21:55.367-0300] {processor.py:161} INFO - Started process (PID=41282) to work on /home/beatriz/Documentos/airflow/airflow_venv/lib/python3.10/site-packages/airflow/example_dags/example_short_circuit_operator.py
[2024-12-09T15:21:55.368-0300] {processor.py:830} INFO - Processing file /home/beatriz/Documentos/airflow/airflow_venv/lib/python3.10/site-packages/airflow/example_dags/example_short_circuit_operator.py for tasks to queue
[2024-12-09T15:21:55.369-0300] {logging_mixin.py:188} INFO - [2024-12-09T15:21:55.369-0300] {dagbag.py:540} INFO - Filling up the DagBag from /home/beatriz/Documentos/airflow/airflow_venv/lib/python3.10/site-packages/airflow/example_dags/example_short_circuit_operator.py
[2024-12-09T15:21:55.375-0300] {processor.py:840} INFO - DAG(s) 'example_short_circuit_operator' retrieved from /home/beatriz/Documentos/airflow/airflow_venv/lib/python3.10/site-packages/airflow/example_dags/example_short_circuit_operator.py
[2024-12-09T15:21:55.395-0300] {logging_mixin.py:188} INFO - [2024-12-09T15:21:55.395-0300] {dag.py:3096} INFO - Sync 1 DAGs
[2024-12-09T15:21:55.502-0300] {logging_mixin.py:188} INFO - [2024-12-09T15:21:55.502-0300] {dag.py:3954} INFO - Setting next_dagrun for example_short_circuit_operator to 2024-12-08 00:00:00+00:00, run_after=2024-12-09 00:00:00+00:00
[2024-12-09T15:21:55.529-0300] {processor.py:183} INFO - Processing /home/beatriz/Documentos/airflow/airflow_venv/lib/python3.10/site-packages/airflow/example_dags/example_short_circuit_operator.py took 0.166 seconds
[2024-12-09T15:22:50.518-0300] {processor.py:161} INFO - Started process (PID=41973) to work on /home/beatriz/Documentos/airflow/airflow_venv/lib/python3.10/site-packages/airflow/example_dags/example_short_circuit_operator.py
[2024-12-09T15:22:50.520-0300] {processor.py:830} INFO - Processing file /home/beatriz/Documentos/airflow/airflow_venv/lib/python3.10/site-packages/airflow/example_dags/example_short_circuit_operator.py for tasks to queue
[2024-12-09T15:22:50.521-0300] {logging_mixin.py:188} INFO - [2024-12-09T15:22:50.521-0300] {dagbag.py:540} INFO - Filling up the DagBag from /home/beatriz/Documentos/airflow/airflow_venv/lib/python3.10/site-packages/airflow/example_dags/example_short_circuit_operator.py
[2024-12-09T15:22:50.527-0300] {processor.py:840} INFO - DAG(s) 'example_short_circuit_operator' retrieved from /home/beatriz/Documentos/airflow/airflow_venv/lib/python3.10/site-packages/airflow/example_dags/example_short_circuit_operator.py
[2024-12-09T15:22:50.542-0300] {logging_mixin.py:188} INFO - [2024-12-09T15:22:50.542-0300] {dag.py:3096} INFO - Sync 1 DAGs
[2024-12-09T15:22:50.557-0300] {logging_mixin.py:188} INFO - [2024-12-09T15:22:50.557-0300] {dag.py:3954} INFO - Setting next_dagrun for example_short_circuit_operator to 2024-12-08 00:00:00+00:00, run_after=2024-12-09 00:00:00+00:00
[2024-12-09T15:22:50.573-0300] {processor.py:183} INFO - Processing /home/beatriz/Documentos/airflow/airflow_venv/lib/python3.10/site-packages/airflow/example_dags/example_short_circuit_operator.py took 0.060 seconds
[2024-12-09T15:23:39.583-0300] {processor.py:161} INFO - Started process (PID=42450) to work on /home/beatriz/Documentos/airflow/airflow_venv/lib/python3.10/site-packages/airflow/example_dags/example_short_circuit_operator.py
[2024-12-09T15:23:39.585-0300] {processor.py:830} INFO - Processing file /home/beatriz/Documentos/airflow/airflow_venv/lib/python3.10/site-packages/airflow/example_dags/example_short_circuit_operator.py for tasks to queue
[2024-12-09T15:23:39.586-0300] {logging_mixin.py:188} INFO - [2024-12-09T15:23:39.586-0300] {dagbag.py:540} INFO - Filling up the DagBag from /home/beatriz/Documentos/airflow/airflow_venv/lib/python3.10/site-packages/airflow/example_dags/example_short_circuit_operator.py
[2024-12-09T15:23:39.592-0300] {processor.py:840} INFO - DAG(s) 'example_short_circuit_operator' retrieved from /home/beatriz/Documentos/airflow/airflow_venv/lib/python3.10/site-packages/airflow/example_dags/example_short_circuit_operator.py
[2024-12-09T15:23:39.608-0300] {logging_mixin.py:188} INFO - [2024-12-09T15:23:39.608-0300] {dag.py:3096} INFO - Sync 1 DAGs
[2024-12-09T15:23:39.623-0300] {logging_mixin.py:188} INFO - [2024-12-09T15:23:39.623-0300] {dag.py:3954} INFO - Setting next_dagrun for example_short_circuit_operator to 2024-12-08 00:00:00+00:00, run_after=2024-12-09 00:00:00+00:00
[2024-12-09T15:23:39.639-0300] {processor.py:183} INFO - Processing /home/beatriz/Documentos/airflow/airflow_venv/lib/python3.10/site-packages/airflow/example_dags/example_short_circuit_operator.py took 0.061 seconds
[2024-12-09T15:24:29.225-0300] {processor.py:161} INFO - Started process (PID=42980) to work on /home/beatriz/Documentos/airflow/airflow_venv/lib/python3.10/site-packages/airflow/example_dags/example_short_circuit_operator.py
[2024-12-09T15:24:29.228-0300] {processor.py:830} INFO - Processing file /home/beatriz/Documentos/airflow/airflow_venv/lib/python3.10/site-packages/airflow/example_dags/example_short_circuit_operator.py for tasks to queue
[2024-12-09T15:24:29.230-0300] {logging_mixin.py:188} INFO - [2024-12-09T15:24:29.230-0300] {dagbag.py:540} INFO - Filling up the DagBag from /home/beatriz/Documentos/airflow/airflow_venv/lib/python3.10/site-packages/airflow/example_dags/example_short_circuit_operator.py
[2024-12-09T15:24:29.241-0300] {processor.py:840} INFO - DAG(s) 'example_short_circuit_operator' retrieved from /home/beatriz/Documentos/airflow/airflow_venv/lib/python3.10/site-packages/airflow/example_dags/example_short_circuit_operator.py
[2024-12-09T15:24:29.259-0300] {logging_mixin.py:188} INFO - [2024-12-09T15:24:29.259-0300] {dag.py:3096} INFO - Sync 1 DAGs
[2024-12-09T15:24:29.273-0300] {logging_mixin.py:188} INFO - [2024-12-09T15:24:29.273-0300] {dag.py:3954} INFO - Setting next_dagrun for example_short_circuit_operator to 2024-12-08 00:00:00+00:00, run_after=2024-12-09 00:00:00+00:00
[2024-12-09T15:24:29.290-0300] {processor.py:183} INFO - Processing /home/beatriz/Documentos/airflow/airflow_venv/lib/python3.10/site-packages/airflow/example_dags/example_short_circuit_operator.py took 0.074 seconds
[2024-12-09T15:25:15.989-0300] {processor.py:161} INFO - Started process (PID=43483) to work on /home/beatriz/Documentos/airflow/airflow_venv/lib/python3.10/site-packages/airflow/example_dags/example_short_circuit_operator.py
[2024-12-09T15:25:15.991-0300] {processor.py:830} INFO - Processing file /home/beatriz/Documentos/airflow/airflow_venv/lib/python3.10/site-packages/airflow/example_dags/example_short_circuit_operator.py for tasks to queue
[2024-12-09T15:25:15.993-0300] {logging_mixin.py:188} INFO - [2024-12-09T15:25:15.993-0300] {dagbag.py:540} INFO - Filling up the DagBag from /home/beatriz/Documentos/airflow/airflow_venv/lib/python3.10/site-packages/airflow/example_dags/example_short_circuit_operator.py
[2024-12-09T15:25:15.998-0300] {processor.py:840} INFO - DAG(s) 'example_short_circuit_operator' retrieved from /home/beatriz/Documentos/airflow/airflow_venv/lib/python3.10/site-packages/airflow/example_dags/example_short_circuit_operator.py
[2024-12-09T15:25:16.013-0300] {logging_mixin.py:188} INFO - [2024-12-09T15:25:16.013-0300] {dag.py:3096} INFO - Sync 1 DAGs
[2024-12-09T15:25:16.028-0300] {logging_mixin.py:188} INFO - [2024-12-09T15:25:16.027-0300] {dag.py:3954} INFO - Setting next_dagrun for example_short_circuit_operator to 2024-12-08 00:00:00+00:00, run_after=2024-12-09 00:00:00+00:00
[2024-12-09T15:25:16.045-0300] {processor.py:183} INFO - Processing /home/beatriz/Documentos/airflow/airflow_venv/lib/python3.10/site-packages/airflow/example_dags/example_short_circuit_operator.py took 0.060 seconds
[2024-12-09T15:26:04.686-0300] {processor.py:161} INFO - Started process (PID=43913) to work on /home/beatriz/Documentos/airflow/airflow_venv/lib/python3.10/site-packages/airflow/example_dags/example_short_circuit_operator.py
[2024-12-09T15:26:04.689-0300] {processor.py:830} INFO - Processing file /home/beatriz/Documentos/airflow/airflow_venv/lib/python3.10/site-packages/airflow/example_dags/example_short_circuit_operator.py for tasks to queue
[2024-12-09T15:26:04.692-0300] {logging_mixin.py:188} INFO - [2024-12-09T15:26:04.692-0300] {dagbag.py:540} INFO - Filling up the DagBag from /home/beatriz/Documentos/airflow/airflow_venv/lib/python3.10/site-packages/airflow/example_dags/example_short_circuit_operator.py
[2024-12-09T15:26:04.704-0300] {processor.py:840} INFO - DAG(s) 'example_short_circuit_operator' retrieved from /home/beatriz/Documentos/airflow/airflow_venv/lib/python3.10/site-packages/airflow/example_dags/example_short_circuit_operator.py
[2024-12-09T15:26:04.723-0300] {logging_mixin.py:188} INFO - [2024-12-09T15:26:04.723-0300] {dag.py:3096} INFO - Sync 1 DAGs
[2024-12-09T15:26:04.737-0300] {logging_mixin.py:188} INFO - [2024-12-09T15:26:04.737-0300] {dag.py:3954} INFO - Setting next_dagrun for example_short_circuit_operator to 2024-12-08 00:00:00+00:00, run_after=2024-12-09 00:00:00+00:00
[2024-12-09T15:26:04.753-0300] {processor.py:183} INFO - Processing /home/beatriz/Documentos/airflow/airflow_venv/lib/python3.10/site-packages/airflow/example_dags/example_short_circuit_operator.py took 0.076 seconds
[2024-12-09T15:26:51.220-0300] {processor.py:161} INFO - Started process (PID=44475) to work on /home/beatriz/Documentos/airflow/airflow_venv/lib/python3.10/site-packages/airflow/example_dags/example_short_circuit_operator.py
[2024-12-09T15:26:51.226-0300] {processor.py:830} INFO - Processing file /home/beatriz/Documentos/airflow/airflow_venv/lib/python3.10/site-packages/airflow/example_dags/example_short_circuit_operator.py for tasks to queue
[2024-12-09T15:26:51.228-0300] {logging_mixin.py:188} INFO - [2024-12-09T15:26:51.227-0300] {dagbag.py:540} INFO - Filling up the DagBag from /home/beatriz/Documentos/airflow/airflow_venv/lib/python3.10/site-packages/airflow/example_dags/example_short_circuit_operator.py
[2024-12-09T15:26:51.235-0300] {processor.py:840} INFO - DAG(s) 'example_short_circuit_operator' retrieved from /home/beatriz/Documentos/airflow/airflow_venv/lib/python3.10/site-packages/airflow/example_dags/example_short_circuit_operator.py
[2024-12-09T15:26:51.251-0300] {logging_mixin.py:188} INFO - [2024-12-09T15:26:51.251-0300] {dag.py:3096} INFO - Sync 1 DAGs
[2024-12-09T15:26:51.267-0300] {logging_mixin.py:188} INFO - [2024-12-09T15:26:51.267-0300] {dag.py:3954} INFO - Setting next_dagrun for example_short_circuit_operator to 2024-12-08 00:00:00+00:00, run_after=2024-12-09 00:00:00+00:00
[2024-12-09T15:26:51.285-0300] {processor.py:183} INFO - Processing /home/beatriz/Documentos/airflow/airflow_venv/lib/python3.10/site-packages/airflow/example_dags/example_short_circuit_operator.py took 0.071 seconds
[2024-12-09T15:27:44.334-0300] {processor.py:161} INFO - Started process (PID=45217) to work on /home/beatriz/Documentos/airflow/airflow_venv/lib/python3.10/site-packages/airflow/example_dags/example_short_circuit_operator.py
[2024-12-09T15:27:44.335-0300] {processor.py:830} INFO - Processing file /home/beatriz/Documentos/airflow/airflow_venv/lib/python3.10/site-packages/airflow/example_dags/example_short_circuit_operator.py for tasks to queue
[2024-12-09T15:27:44.337-0300] {logging_mixin.py:188} INFO - [2024-12-09T15:27:44.337-0300] {dagbag.py:540} INFO - Filling up the DagBag from /home/beatriz/Documentos/airflow/airflow_venv/lib/python3.10/site-packages/airflow/example_dags/example_short_circuit_operator.py
[2024-12-09T15:27:44.343-0300] {processor.py:840} INFO - DAG(s) 'example_short_circuit_operator' retrieved from /home/beatriz/Documentos/airflow/airflow_venv/lib/python3.10/site-packages/airflow/example_dags/example_short_circuit_operator.py
[2024-12-09T15:27:44.359-0300] {logging_mixin.py:188} INFO - [2024-12-09T15:27:44.358-0300] {dag.py:3096} INFO - Sync 1 DAGs
[2024-12-09T15:27:44.374-0300] {logging_mixin.py:188} INFO - [2024-12-09T15:27:44.374-0300] {dag.py:3954} INFO - Setting next_dagrun for example_short_circuit_operator to 2024-12-08 00:00:00+00:00, run_after=2024-12-09 00:00:00+00:00
[2024-12-09T15:27:44.392-0300] {processor.py:183} INFO - Processing /home/beatriz/Documentos/airflow/airflow_venv/lib/python3.10/site-packages/airflow/example_dags/example_short_circuit_operator.py took 0.062 seconds
[2024-12-09T15:28:36.363-0300] {processor.py:161} INFO - Started process (PID=46621) to work on /home/beatriz/Documentos/airflow/airflow_venv/lib/python3.10/site-packages/airflow/example_dags/example_short_circuit_operator.py
[2024-12-09T15:28:36.369-0300] {processor.py:830} INFO - Processing file /home/beatriz/Documentos/airflow/airflow_venv/lib/python3.10/site-packages/airflow/example_dags/example_short_circuit_operator.py for tasks to queue
[2024-12-09T15:28:36.371-0300] {logging_mixin.py:188} INFO - [2024-12-09T15:28:36.370-0300] {dagbag.py:540} INFO - Filling up the DagBag from /home/beatriz/Documentos/airflow/airflow_venv/lib/python3.10/site-packages/airflow/example_dags/example_short_circuit_operator.py
[2024-12-09T15:28:36.380-0300] {processor.py:840} INFO - DAG(s) 'example_short_circuit_operator' retrieved from /home/beatriz/Documentos/airflow/airflow_venv/lib/python3.10/site-packages/airflow/example_dags/example_short_circuit_operator.py
[2024-12-09T15:28:36.402-0300] {logging_mixin.py:188} INFO - [2024-12-09T15:28:36.402-0300] {dag.py:3096} INFO - Sync 1 DAGs
[2024-12-09T15:28:36.428-0300] {logging_mixin.py:188} INFO - [2024-12-09T15:28:36.427-0300] {dag.py:3954} INFO - Setting next_dagrun for example_short_circuit_operator to 2024-12-08 00:00:00+00:00, run_after=2024-12-09 00:00:00+00:00
[2024-12-09T15:28:36.454-0300] {processor.py:183} INFO - Processing /home/beatriz/Documentos/airflow/airflow_venv/lib/python3.10/site-packages/airflow/example_dags/example_short_circuit_operator.py took 0.096 seconds
[2024-12-09T15:29:29.726-0300] {processor.py:161} INFO - Started process (PID=47756) to work on /home/beatriz/Documentos/airflow/airflow_venv/lib/python3.10/site-packages/airflow/example_dags/example_short_circuit_operator.py
[2024-12-09T15:29:29.727-0300] {processor.py:830} INFO - Processing file /home/beatriz/Documentos/airflow/airflow_venv/lib/python3.10/site-packages/airflow/example_dags/example_short_circuit_operator.py for tasks to queue
[2024-12-09T15:29:29.729-0300] {logging_mixin.py:188} INFO - [2024-12-09T15:29:29.728-0300] {dagbag.py:540} INFO - Filling up the DagBag from /home/beatriz/Documentos/airflow/airflow_venv/lib/python3.10/site-packages/airflow/example_dags/example_short_circuit_operator.py
[2024-12-09T15:29:29.734-0300] {processor.py:840} INFO - DAG(s) 'example_short_circuit_operator' retrieved from /home/beatriz/Documentos/airflow/airflow_venv/lib/python3.10/site-packages/airflow/example_dags/example_short_circuit_operator.py
[2024-12-09T15:29:29.748-0300] {logging_mixin.py:188} INFO - [2024-12-09T15:29:29.748-0300] {dag.py:3096} INFO - Sync 1 DAGs
[2024-12-09T15:29:29.763-0300] {logging_mixin.py:188} INFO - [2024-12-09T15:29:29.762-0300] {dag.py:3954} INFO - Setting next_dagrun for example_short_circuit_operator to 2024-12-08 00:00:00+00:00, run_after=2024-12-09 00:00:00+00:00
[2024-12-09T15:29:29.780-0300] {processor.py:183} INFO - Processing /home/beatriz/Documentos/airflow/airflow_venv/lib/python3.10/site-packages/airflow/example_dags/example_short_circuit_operator.py took 0.058 seconds
[2024-12-09T15:30:23.077-0300] {processor.py:161} INFO - Started process (PID=48626) to work on /home/beatriz/Documentos/airflow/airflow_venv/lib/python3.10/site-packages/airflow/example_dags/example_short_circuit_operator.py
[2024-12-09T15:30:23.079-0300] {processor.py:830} INFO - Processing file /home/beatriz/Documentos/airflow/airflow_venv/lib/python3.10/site-packages/airflow/example_dags/example_short_circuit_operator.py for tasks to queue
[2024-12-09T15:30:23.082-0300] {logging_mixin.py:188} INFO - [2024-12-09T15:30:23.082-0300] {dagbag.py:540} INFO - Filling up the DagBag from /home/beatriz/Documentos/airflow/airflow_venv/lib/python3.10/site-packages/airflow/example_dags/example_short_circuit_operator.py
[2024-12-09T15:30:23.095-0300] {processor.py:840} INFO - DAG(s) 'example_short_circuit_operator' retrieved from /home/beatriz/Documentos/airflow/airflow_venv/lib/python3.10/site-packages/airflow/example_dags/example_short_circuit_operator.py
[2024-12-09T15:30:23.114-0300] {logging_mixin.py:188} INFO - [2024-12-09T15:30:23.114-0300] {dag.py:3096} INFO - Sync 1 DAGs
[2024-12-09T15:30:23.129-0300] {logging_mixin.py:188} INFO - [2024-12-09T15:30:23.129-0300] {dag.py:3954} INFO - Setting next_dagrun for example_short_circuit_operator to 2024-12-08 00:00:00+00:00, run_after=2024-12-09 00:00:00+00:00
[2024-12-09T15:30:23.147-0300] {processor.py:183} INFO - Processing /home/beatriz/Documentos/airflow/airflow_venv/lib/python3.10/site-packages/airflow/example_dags/example_short_circuit_operator.py took 0.079 seconds
[2024-12-09T15:31:14.949-0300] {processor.py:161} INFO - Started process (PID=48939) to work on /home/beatriz/Documentos/airflow/airflow_venv/lib/python3.10/site-packages/airflow/example_dags/example_short_circuit_operator.py
[2024-12-09T15:31:14.951-0300] {processor.py:830} INFO - Processing file /home/beatriz/Documentos/airflow/airflow_venv/lib/python3.10/site-packages/airflow/example_dags/example_short_circuit_operator.py for tasks to queue
[2024-12-09T15:31:14.953-0300] {logging_mixin.py:188} INFO - [2024-12-09T15:31:14.953-0300] {dagbag.py:540} INFO - Filling up the DagBag from /home/beatriz/Documentos/airflow/airflow_venv/lib/python3.10/site-packages/airflow/example_dags/example_short_circuit_operator.py
[2024-12-09T15:31:14.959-0300] {processor.py:840} INFO - DAG(s) 'example_short_circuit_operator' retrieved from /home/beatriz/Documentos/airflow/airflow_venv/lib/python3.10/site-packages/airflow/example_dags/example_short_circuit_operator.py
[2024-12-09T15:31:14.974-0300] {logging_mixin.py:188} INFO - [2024-12-09T15:31:14.974-0300] {dag.py:3096} INFO - Sync 1 DAGs
[2024-12-09T15:31:14.989-0300] {logging_mixin.py:188} INFO - [2024-12-09T15:31:14.989-0300] {dag.py:3954} INFO - Setting next_dagrun for example_short_circuit_operator to 2024-12-08 00:00:00+00:00, run_after=2024-12-09 00:00:00+00:00
[2024-12-09T15:31:15.005-0300] {processor.py:183} INFO - Processing /home/beatriz/Documentos/airflow/airflow_venv/lib/python3.10/site-packages/airflow/example_dags/example_short_circuit_operator.py took 0.061 seconds
[2024-12-09T15:32:07.583-0300] {processor.py:161} INFO - Started process (PID=49232) to work on /home/beatriz/Documentos/airflow/airflow_venv/lib/python3.10/site-packages/airflow/example_dags/example_short_circuit_operator.py
[2024-12-09T15:32:07.584-0300] {processor.py:830} INFO - Processing file /home/beatriz/Documentos/airflow/airflow_venv/lib/python3.10/site-packages/airflow/example_dags/example_short_circuit_operator.py for tasks to queue
[2024-12-09T15:32:07.585-0300] {logging_mixin.py:188} INFO - [2024-12-09T15:32:07.585-0300] {dagbag.py:540} INFO - Filling up the DagBag from /home/beatriz/Documentos/airflow/airflow_venv/lib/python3.10/site-packages/airflow/example_dags/example_short_circuit_operator.py
[2024-12-09T15:32:07.591-0300] {processor.py:840} INFO - DAG(s) 'example_short_circuit_operator' retrieved from /home/beatriz/Documentos/airflow/airflow_venv/lib/python3.10/site-packages/airflow/example_dags/example_short_circuit_operator.py
[2024-12-09T15:32:07.605-0300] {logging_mixin.py:188} INFO - [2024-12-09T15:32:07.605-0300] {dag.py:3096} INFO - Sync 1 DAGs
[2024-12-09T15:32:07.620-0300] {logging_mixin.py:188} INFO - [2024-12-09T15:32:07.620-0300] {dag.py:3954} INFO - Setting next_dagrun for example_short_circuit_operator to 2024-12-08 00:00:00+00:00, run_after=2024-12-09 00:00:00+00:00
[2024-12-09T15:32:07.640-0300] {processor.py:183} INFO - Processing /home/beatriz/Documentos/airflow/airflow_venv/lib/python3.10/site-packages/airflow/example_dags/example_short_circuit_operator.py took 0.062 seconds
[2024-12-09T15:33:05.439-0300] {processor.py:161} INFO - Started process (PID=49823) to work on /home/beatriz/Documentos/airflow/airflow_venv/lib/python3.10/site-packages/airflow/example_dags/example_short_circuit_operator.py
[2024-12-09T15:33:05.442-0300] {processor.py:830} INFO - Processing file /home/beatriz/Documentos/airflow/airflow_venv/lib/python3.10/site-packages/airflow/example_dags/example_short_circuit_operator.py for tasks to queue
[2024-12-09T15:33:05.450-0300] {logging_mixin.py:188} INFO - [2024-12-09T15:33:05.449-0300] {dagbag.py:540} INFO - Filling up the DagBag from /home/beatriz/Documentos/airflow/airflow_venv/lib/python3.10/site-packages/airflow/example_dags/example_short_circuit_operator.py
[2024-12-09T15:33:05.464-0300] {processor.py:840} INFO - DAG(s) 'example_short_circuit_operator' retrieved from /home/beatriz/Documentos/airflow/airflow_venv/lib/python3.10/site-packages/airflow/example_dags/example_short_circuit_operator.py
[2024-12-09T15:33:05.499-0300] {logging_mixin.py:188} INFO - [2024-12-09T15:33:05.498-0300] {dag.py:3096} INFO - Sync 1 DAGs
[2024-12-09T15:33:05.518-0300] {logging_mixin.py:188} INFO - [2024-12-09T15:33:05.518-0300] {dag.py:3954} INFO - Setting next_dagrun for example_short_circuit_operator to 2024-12-08 00:00:00+00:00, run_after=2024-12-09 00:00:00+00:00
[2024-12-09T15:33:05.689-0300] {processor.py:183} INFO - Processing /home/beatriz/Documentos/airflow/airflow_venv/lib/python3.10/site-packages/airflow/example_dags/example_short_circuit_operator.py took 0.270 seconds
[2024-12-09T15:33:35.217-0300] {processor.py:161} INFO - Started process (PID=50253) to work on /home/beatriz/Documentos/airflow/airflow_venv/lib/python3.10/site-packages/airflow/example_dags/example_short_circuit_operator.py
[2024-12-09T15:33:35.218-0300] {processor.py:830} INFO - Processing file /home/beatriz/Documentos/airflow/airflow_venv/lib/python3.10/site-packages/airflow/example_dags/example_short_circuit_operator.py for tasks to queue
[2024-12-09T15:33:35.219-0300] {logging_mixin.py:188} INFO - [2024-12-09T15:33:35.219-0300] {dagbag.py:540} INFO - Filling up the DagBag from /home/beatriz/Documentos/airflow/airflow_venv/lib/python3.10/site-packages/airflow/example_dags/example_short_circuit_operator.py
[2024-12-09T15:33:35.225-0300] {processor.py:840} INFO - DAG(s) 'example_short_circuit_operator' retrieved from /home/beatriz/Documentos/airflow/airflow_venv/lib/python3.10/site-packages/airflow/example_dags/example_short_circuit_operator.py
[2024-12-09T15:33:35.297-0300] {logging_mixin.py:188} INFO - [2024-12-09T15:33:35.296-0300] {dag.py:3096} INFO - Sync 1 DAGs
[2024-12-09T15:33:35.308-0300] {logging_mixin.py:188} INFO - [2024-12-09T15:33:35.308-0300] {dag.py:3954} INFO - Setting next_dagrun for example_short_circuit_operator to 2024-12-08 00:00:00+00:00, run_after=2024-12-09 00:00:00+00:00
[2024-12-09T15:33:35.324-0300] {processor.py:183} INFO - Processing /home/beatriz/Documentos/airflow/airflow_venv/lib/python3.10/site-packages/airflow/example_dags/example_short_circuit_operator.py took 0.111 seconds
[2024-12-09T15:34:01.359-0300] {processor.py:161} INFO - Started process (PID=50310) to work on /home/beatriz/Documentos/airflow/airflow_venv/lib/python3.10/site-packages/airflow/example_dags/example_short_circuit_operator.py
[2024-12-09T15:34:01.359-0300] {processor.py:830} INFO - Processing file /home/beatriz/Documentos/airflow/airflow_venv/lib/python3.10/site-packages/airflow/example_dags/example_short_circuit_operator.py for tasks to queue
[2024-12-09T15:34:01.361-0300] {logging_mixin.py:188} INFO - [2024-12-09T15:34:01.361-0300] {dagbag.py:540} INFO - Filling up the DagBag from /home/beatriz/Documentos/airflow/airflow_venv/lib/python3.10/site-packages/airflow/example_dags/example_short_circuit_operator.py
[2024-12-09T15:34:01.366-0300] {processor.py:840} INFO - DAG(s) 'example_short_circuit_operator' retrieved from /home/beatriz/Documentos/airflow/airflow_venv/lib/python3.10/site-packages/airflow/example_dags/example_short_circuit_operator.py
[2024-12-09T15:34:01.372-0300] {logging_mixin.py:188} INFO - [2024-12-09T15:34:01.371-0300] {dag.py:3096} INFO - Sync 1 DAGs
[2024-12-09T15:34:01.387-0300] {logging_mixin.py:188} INFO - [2024-12-09T15:34:01.387-0300] {dag.py:3954} INFO - Setting next_dagrun for example_short_circuit_operator to 2024-12-08 00:00:00+00:00, run_after=2024-12-09 00:00:00+00:00
[2024-12-09T15:34:01.404-0300] {processor.py:183} INFO - Processing /home/beatriz/Documentos/airflow/airflow_venv/lib/python3.10/site-packages/airflow/example_dags/example_short_circuit_operator.py took 0.050 seconds
[2024-12-09T15:34:52.745-0300] {processor.py:161} INFO - Started process (PID=50975) to work on /home/beatriz/Documentos/airflow/airflow_venv/lib/python3.10/site-packages/airflow/example_dags/example_short_circuit_operator.py
[2024-12-09T15:34:52.749-0300] {processor.py:830} INFO - Processing file /home/beatriz/Documentos/airflow/airflow_venv/lib/python3.10/site-packages/airflow/example_dags/example_short_circuit_operator.py for tasks to queue
[2024-12-09T15:34:52.752-0300] {logging_mixin.py:188} INFO - [2024-12-09T15:34:52.751-0300] {dagbag.py:540} INFO - Filling up the DagBag from /home/beatriz/Documentos/airflow/airflow_venv/lib/python3.10/site-packages/airflow/example_dags/example_short_circuit_operator.py
[2024-12-09T15:34:52.765-0300] {processor.py:840} INFO - DAG(s) 'example_short_circuit_operator' retrieved from /home/beatriz/Documentos/airflow/airflow_venv/lib/python3.10/site-packages/airflow/example_dags/example_short_circuit_operator.py
[2024-12-09T15:34:52.784-0300] {logging_mixin.py:188} INFO - [2024-12-09T15:34:52.784-0300] {dag.py:3096} INFO - Sync 1 DAGs
[2024-12-09T15:34:52.799-0300] {logging_mixin.py:188} INFO - [2024-12-09T15:34:52.799-0300] {dag.py:3954} INFO - Setting next_dagrun for example_short_circuit_operator to 2024-12-08 00:00:00+00:00, run_after=2024-12-09 00:00:00+00:00
[2024-12-09T15:34:52.819-0300] {processor.py:183} INFO - Processing /home/beatriz/Documentos/airflow/airflow_venv/lib/python3.10/site-packages/airflow/example_dags/example_short_circuit_operator.py took 0.085 seconds
[2024-12-09T15:35:43.931-0300] {processor.py:161} INFO - Started process (PID=51204) to work on /home/beatriz/Documentos/airflow/airflow_venv/lib/python3.10/site-packages/airflow/example_dags/example_short_circuit_operator.py
[2024-12-09T15:35:43.933-0300] {processor.py:830} INFO - Processing file /home/beatriz/Documentos/airflow/airflow_venv/lib/python3.10/site-packages/airflow/example_dags/example_short_circuit_operator.py for tasks to queue
[2024-12-09T15:35:43.935-0300] {logging_mixin.py:188} INFO - [2024-12-09T15:35:43.935-0300] {dagbag.py:540} INFO - Filling up the DagBag from /home/beatriz/Documentos/airflow/airflow_venv/lib/python3.10/site-packages/airflow/example_dags/example_short_circuit_operator.py
[2024-12-09T15:35:43.942-0300] {processor.py:840} INFO - DAG(s) 'example_short_circuit_operator' retrieved from /home/beatriz/Documentos/airflow/airflow_venv/lib/python3.10/site-packages/airflow/example_dags/example_short_circuit_operator.py
[2024-12-09T15:35:43.959-0300] {logging_mixin.py:188} INFO - [2024-12-09T15:35:43.959-0300] {dag.py:3096} INFO - Sync 1 DAGs
[2024-12-09T15:35:43.974-0300] {logging_mixin.py:188} INFO - [2024-12-09T15:35:43.974-0300] {dag.py:3954} INFO - Setting next_dagrun for example_short_circuit_operator to 2024-12-08 00:00:00+00:00, run_after=2024-12-09 00:00:00+00:00
[2024-12-09T15:35:43.991-0300] {processor.py:183} INFO - Processing /home/beatriz/Documentos/airflow/airflow_venv/lib/python3.10/site-packages/airflow/example_dags/example_short_circuit_operator.py took 0.064 seconds
[2024-12-09T15:36:32.349-0300] {processor.py:161} INFO - Started process (PID=51427) to work on /home/beatriz/Documentos/airflow/airflow_venv/lib/python3.10/site-packages/airflow/example_dags/example_short_circuit_operator.py
[2024-12-09T15:36:32.351-0300] {processor.py:830} INFO - Processing file /home/beatriz/Documentos/airflow/airflow_venv/lib/python3.10/site-packages/airflow/example_dags/example_short_circuit_operator.py for tasks to queue
[2024-12-09T15:36:32.356-0300] {logging_mixin.py:188} INFO - [2024-12-09T15:36:32.355-0300] {dagbag.py:540} INFO - Filling up the DagBag from /home/beatriz/Documentos/airflow/airflow_venv/lib/python3.10/site-packages/airflow/example_dags/example_short_circuit_operator.py
[2024-12-09T15:36:32.369-0300] {processor.py:840} INFO - DAG(s) 'example_short_circuit_operator' retrieved from /home/beatriz/Documentos/airflow/airflow_venv/lib/python3.10/site-packages/airflow/example_dags/example_short_circuit_operator.py
[2024-12-09T15:36:32.391-0300] {logging_mixin.py:188} INFO - [2024-12-09T15:36:32.391-0300] {dag.py:3096} INFO - Sync 1 DAGs
[2024-12-09T15:36:32.407-0300] {logging_mixin.py:188} INFO - [2024-12-09T15:36:32.406-0300] {dag.py:3954} INFO - Setting next_dagrun for example_short_circuit_operator to 2024-12-08 00:00:00+00:00, run_after=2024-12-09 00:00:00+00:00
[2024-12-09T15:36:32.424-0300] {processor.py:183} INFO - Processing /home/beatriz/Documentos/airflow/airflow_venv/lib/python3.10/site-packages/airflow/example_dags/example_short_circuit_operator.py took 0.079 seconds
[2024-12-09T15:43:23.143-0300] {processor.py:161} INFO - Started process (PID=6064) to work on /home/beatriz/Documentos/airflow/airflow_venv/lib/python3.10/site-packages/airflow/example_dags/example_short_circuit_operator.py
[2024-12-09T15:43:23.147-0300] {processor.py:830} INFO - Processing file /home/beatriz/Documentos/airflow/airflow_venv/lib/python3.10/site-packages/airflow/example_dags/example_short_circuit_operator.py for tasks to queue
[2024-12-09T15:43:23.148-0300] {logging_mixin.py:188} INFO - [2024-12-09T15:43:23.148-0300] {dagbag.py:540} INFO - Filling up the DagBag from /home/beatriz/Documentos/airflow/airflow_venv/lib/python3.10/site-packages/airflow/example_dags/example_short_circuit_operator.py
[2024-12-09T15:43:23.153-0300] {processor.py:840} INFO - DAG(s) 'example_short_circuit_operator' retrieved from /home/beatriz/Documentos/airflow/airflow_venv/lib/python3.10/site-packages/airflow/example_dags/example_short_circuit_operator.py
[2024-12-09T15:43:23.159-0300] {logging_mixin.py:188} INFO - [2024-12-09T15:43:23.159-0300] {dag.py:3096} INFO - Sync 1 DAGs
[2024-12-09T15:43:23.174-0300] {logging_mixin.py:188} INFO - [2024-12-09T15:43:23.173-0300] {dag.py:3954} INFO - Setting next_dagrun for example_short_circuit_operator to 2024-12-08 00:00:00+00:00, run_after=2024-12-09 00:00:00+00:00
[2024-12-09T15:43:23.191-0300] {processor.py:183} INFO - Processing /home/beatriz/Documentos/airflow/airflow_venv/lib/python3.10/site-packages/airflow/example_dags/example_short_circuit_operator.py took 0.053 seconds
[2024-12-09T15:50:40.688-0300] {processor.py:161} INFO - Started process (PID=7814) to work on /home/beatriz/Documentos/airflow/airflow_venv/lib/python3.10/site-packages/airflow/example_dags/example_short_circuit_operator.py
[2024-12-09T15:50:40.691-0300] {processor.py:830} INFO - Processing file /home/beatriz/Documentos/airflow/airflow_venv/lib/python3.10/site-packages/airflow/example_dags/example_short_circuit_operator.py for tasks to queue
[2024-12-09T15:50:40.693-0300] {logging_mixin.py:188} INFO - [2024-12-09T15:50:40.693-0300] {dagbag.py:540} INFO - Filling up the DagBag from /home/beatriz/Documentos/airflow/airflow_venv/lib/python3.10/site-packages/airflow/example_dags/example_short_circuit_operator.py
[2024-12-09T15:50:40.705-0300] {processor.py:840} INFO - DAG(s) 'example_short_circuit_operator' retrieved from /home/beatriz/Documentos/airflow/airflow_venv/lib/python3.10/site-packages/airflow/example_dags/example_short_circuit_operator.py
[2024-12-09T15:50:40.715-0300] {logging_mixin.py:188} INFO - [2024-12-09T15:50:40.715-0300] {dag.py:3096} INFO - Sync 1 DAGs
[2024-12-09T15:50:40.739-0300] {logging_mixin.py:188} INFO - [2024-12-09T15:50:40.739-0300] {dag.py:3954} INFO - Setting next_dagrun for example_short_circuit_operator to 2024-12-08 00:00:00+00:00, run_after=2024-12-09 00:00:00+00:00
[2024-12-09T15:50:40.766-0300] {processor.py:183} INFO - Processing /home/beatriz/Documentos/airflow/airflow_venv/lib/python3.10/site-packages/airflow/example_dags/example_short_circuit_operator.py took 0.092 seconds
[2024-12-09T15:51:41.939-0300] {processor.py:161} INFO - Started process (PID=8539) to work on /home/beatriz/Documentos/airflow/airflow_venv/lib/python3.10/site-packages/airflow/example_dags/example_short_circuit_operator.py
[2024-12-09T15:51:41.940-0300] {processor.py:830} INFO - Processing file /home/beatriz/Documentos/airflow/airflow_venv/lib/python3.10/site-packages/airflow/example_dags/example_short_circuit_operator.py for tasks to queue
[2024-12-09T15:51:41.941-0300] {logging_mixin.py:188} INFO - [2024-12-09T15:51:41.941-0300] {dagbag.py:540} INFO - Filling up the DagBag from /home/beatriz/Documentos/airflow/airflow_venv/lib/python3.10/site-packages/airflow/example_dags/example_short_circuit_operator.py
[2024-12-09T15:51:41.947-0300] {processor.py:840} INFO - DAG(s) 'example_short_circuit_operator' retrieved from /home/beatriz/Documentos/airflow/airflow_venv/lib/python3.10/site-packages/airflow/example_dags/example_short_circuit_operator.py
[2024-12-09T15:51:42.014-0300] {logging_mixin.py:188} INFO - [2024-12-09T15:51:42.014-0300] {dag.py:3096} INFO - Sync 1 DAGs
[2024-12-09T15:51:42.091-0300] {logging_mixin.py:188} INFO - [2024-12-09T15:51:42.026-0300] {dag.py:3954} INFO - Setting next_dagrun for example_short_circuit_operator to 2024-12-08 00:00:00+00:00, run_after=2024-12-09 00:00:00+00:00
[2024-12-09T15:51:42.111-0300] {processor.py:183} INFO - Processing /home/beatriz/Documentos/airflow/airflow_venv/lib/python3.10/site-packages/airflow/example_dags/example_short_circuit_operator.py took 0.176 seconds
[2024-12-09T15:52:39.678-0300] {processor.py:161} INFO - Started process (PID=8991) to work on /home/beatriz/Documentos/airflow/airflow_venv/lib/python3.10/site-packages/airflow/example_dags/example_short_circuit_operator.py
[2024-12-09T15:52:39.681-0300] {processor.py:830} INFO - Processing file /home/beatriz/Documentos/airflow/airflow_venv/lib/python3.10/site-packages/airflow/example_dags/example_short_circuit_operator.py for tasks to queue
[2024-12-09T15:52:39.684-0300] {logging_mixin.py:188} INFO - [2024-12-09T15:52:39.683-0300] {dagbag.py:540} INFO - Filling up the DagBag from /home/beatriz/Documentos/airflow/airflow_venv/lib/python3.10/site-packages/airflow/example_dags/example_short_circuit_operator.py
[2024-12-09T15:52:39.696-0300] {processor.py:840} INFO - DAG(s) 'example_short_circuit_operator' retrieved from /home/beatriz/Documentos/airflow/airflow_venv/lib/python3.10/site-packages/airflow/example_dags/example_short_circuit_operator.py
[2024-12-09T15:52:39.718-0300] {logging_mixin.py:188} INFO - [2024-12-09T15:52:39.718-0300] {dag.py:3096} INFO - Sync 1 DAGs
[2024-12-09T15:52:39.733-0300] {logging_mixin.py:188} INFO - [2024-12-09T15:52:39.733-0300] {dag.py:3954} INFO - Setting next_dagrun for example_short_circuit_operator to 2024-12-08 00:00:00+00:00, run_after=2024-12-09 00:00:00+00:00
[2024-12-09T15:52:39.754-0300] {processor.py:183} INFO - Processing /home/beatriz/Documentos/airflow/airflow_venv/lib/python3.10/site-packages/airflow/example_dags/example_short_circuit_operator.py took 0.086 seconds
[2024-12-09T15:53:38.663-0300] {processor.py:161} INFO - Started process (PID=9446) to work on /home/beatriz/Documentos/airflow/airflow_venv/lib/python3.10/site-packages/airflow/example_dags/example_short_circuit_operator.py
[2024-12-09T15:53:38.665-0300] {processor.py:830} INFO - Processing file /home/beatriz/Documentos/airflow/airflow_venv/lib/python3.10/site-packages/airflow/example_dags/example_short_circuit_operator.py for tasks to queue
[2024-12-09T15:53:38.666-0300] {logging_mixin.py:188} INFO - [2024-12-09T15:53:38.666-0300] {dagbag.py:540} INFO - Filling up the DagBag from /home/beatriz/Documentos/airflow/airflow_venv/lib/python3.10/site-packages/airflow/example_dags/example_short_circuit_operator.py
[2024-12-09T15:53:38.672-0300] {processor.py:840} INFO - DAG(s) 'example_short_circuit_operator' retrieved from /home/beatriz/Documentos/airflow/airflow_venv/lib/python3.10/site-packages/airflow/example_dags/example_short_circuit_operator.py
[2024-12-09T15:53:38.687-0300] {logging_mixin.py:188} INFO - [2024-12-09T15:53:38.686-0300] {dag.py:3096} INFO - Sync 1 DAGs
[2024-12-09T15:53:38.769-0300] {logging_mixin.py:188} INFO - [2024-12-09T15:53:38.769-0300] {dag.py:3954} INFO - Setting next_dagrun for example_short_circuit_operator to 2024-12-08 00:00:00+00:00, run_after=2024-12-09 00:00:00+00:00
[2024-12-09T15:53:38.789-0300] {processor.py:183} INFO - Processing /home/beatriz/Documentos/airflow/airflow_venv/lib/python3.10/site-packages/airflow/example_dags/example_short_circuit_operator.py took 0.131 seconds
[2024-12-09T15:54:34.478-0300] {processor.py:161} INFO - Started process (PID=9935) to work on /home/beatriz/Documentos/airflow/airflow_venv/lib/python3.10/site-packages/airflow/example_dags/example_short_circuit_operator.py
[2024-12-09T15:54:34.481-0300] {processor.py:830} INFO - Processing file /home/beatriz/Documentos/airflow/airflow_venv/lib/python3.10/site-packages/airflow/example_dags/example_short_circuit_operator.py for tasks to queue
[2024-12-09T15:54:34.484-0300] {logging_mixin.py:188} INFO - [2024-12-09T15:54:34.483-0300] {dagbag.py:540} INFO - Filling up the DagBag from /home/beatriz/Documentos/airflow/airflow_venv/lib/python3.10/site-packages/airflow/example_dags/example_short_circuit_operator.py
[2024-12-09T15:54:34.495-0300] {processor.py:840} INFO - DAG(s) 'example_short_circuit_operator' retrieved from /home/beatriz/Documentos/airflow/airflow_venv/lib/python3.10/site-packages/airflow/example_dags/example_short_circuit_operator.py
[2024-12-09T15:54:34.513-0300] {logging_mixin.py:188} INFO - [2024-12-09T15:54:34.513-0300] {dag.py:3096} INFO - Sync 1 DAGs
[2024-12-09T15:54:34.528-0300] {logging_mixin.py:188} INFO - [2024-12-09T15:54:34.528-0300] {dag.py:3954} INFO - Setting next_dagrun for example_short_circuit_operator to 2024-12-08 00:00:00+00:00, run_after=2024-12-09 00:00:00+00:00
[2024-12-09T15:54:34.545-0300] {processor.py:183} INFO - Processing /home/beatriz/Documentos/airflow/airflow_venv/lib/python3.10/site-packages/airflow/example_dags/example_short_circuit_operator.py took 0.077 seconds
[2024-12-09T15:55:31.923-0300] {processor.py:161} INFO - Started process (PID=10769) to work on /home/beatriz/Documentos/airflow/airflow_venv/lib/python3.10/site-packages/airflow/example_dags/example_short_circuit_operator.py
[2024-12-09T15:55:31.924-0300] {processor.py:830} INFO - Processing file /home/beatriz/Documentos/airflow/airflow_venv/lib/python3.10/site-packages/airflow/example_dags/example_short_circuit_operator.py for tasks to queue
[2024-12-09T15:55:31.927-0300] {logging_mixin.py:188} INFO - [2024-12-09T15:55:31.926-0300] {dagbag.py:540} INFO - Filling up the DagBag from /home/beatriz/Documentos/airflow/airflow_venv/lib/python3.10/site-packages/airflow/example_dags/example_short_circuit_operator.py
[2024-12-09T15:55:31.939-0300] {processor.py:840} INFO - DAG(s) 'example_short_circuit_operator' retrieved from /home/beatriz/Documentos/airflow/airflow_venv/lib/python3.10/site-packages/airflow/example_dags/example_short_circuit_operator.py
[2024-12-09T15:55:31.949-0300] {logging_mixin.py:188} INFO - [2024-12-09T15:55:31.948-0300] {dag.py:3096} INFO - Sync 1 DAGs
[2024-12-09T15:55:31.966-0300] {logging_mixin.py:188} INFO - [2024-12-09T15:55:31.966-0300] {dag.py:3954} INFO - Setting next_dagrun for example_short_circuit_operator to 2024-12-08 00:00:00+00:00, run_after=2024-12-09 00:00:00+00:00
[2024-12-09T15:55:31.984-0300] {processor.py:183} INFO - Processing /home/beatriz/Documentos/airflow/airflow_venv/lib/python3.10/site-packages/airflow/example_dags/example_short_circuit_operator.py took 0.072 seconds
[2024-12-09T15:56:47.111-0300] {processor.py:161} INFO - Started process (PID=11797) to work on /home/beatriz/Documentos/airflow/airflow_venv/lib/python3.10/site-packages/airflow/example_dags/example_short_circuit_operator.py
[2024-12-09T15:56:47.112-0300] {processor.py:830} INFO - Processing file /home/beatriz/Documentos/airflow/airflow_venv/lib/python3.10/site-packages/airflow/example_dags/example_short_circuit_operator.py for tasks to queue
[2024-12-09T15:56:47.114-0300] {logging_mixin.py:188} INFO - [2024-12-09T15:56:47.114-0300] {dagbag.py:540} INFO - Filling up the DagBag from /home/beatriz/Documentos/airflow/airflow_venv/lib/python3.10/site-packages/airflow/example_dags/example_short_circuit_operator.py
[2024-12-09T15:56:47.124-0300] {processor.py:840} INFO - DAG(s) 'example_short_circuit_operator' retrieved from /home/beatriz/Documentos/airflow/airflow_venv/lib/python3.10/site-packages/airflow/example_dags/example_short_circuit_operator.py
[2024-12-09T15:56:47.270-0300] {logging_mixin.py:188} INFO - [2024-12-09T15:56:47.269-0300] {dag.py:3096} INFO - Sync 1 DAGs
[2024-12-09T15:56:47.302-0300] {logging_mixin.py:188} INFO - [2024-12-09T15:56:47.302-0300] {dag.py:3954} INFO - Setting next_dagrun for example_short_circuit_operator to 2024-12-08 00:00:00+00:00, run_after=2024-12-09 00:00:00+00:00
[2024-12-09T15:56:47.392-0300] {processor.py:183} INFO - Processing /home/beatriz/Documentos/airflow/airflow_venv/lib/python3.10/site-packages/airflow/example_dags/example_short_circuit_operator.py took 0.288 seconds
[2024-12-09T15:57:47.904-0300] {processor.py:161} INFO - Started process (PID=12407) to work on /home/beatriz/Documentos/airflow/airflow_venv/lib/python3.10/site-packages/airflow/example_dags/example_short_circuit_operator.py
[2024-12-09T15:57:47.906-0300] {processor.py:830} INFO - Processing file /home/beatriz/Documentos/airflow/airflow_venv/lib/python3.10/site-packages/airflow/example_dags/example_short_circuit_operator.py for tasks to queue
[2024-12-09T15:57:47.907-0300] {logging_mixin.py:188} INFO - [2024-12-09T15:57:47.907-0300] {dagbag.py:540} INFO - Filling up the DagBag from /home/beatriz/Documentos/airflow/airflow_venv/lib/python3.10/site-packages/airflow/example_dags/example_short_circuit_operator.py
[2024-12-09T15:57:47.913-0300] {processor.py:840} INFO - DAG(s) 'example_short_circuit_operator' retrieved from /home/beatriz/Documentos/airflow/airflow_venv/lib/python3.10/site-packages/airflow/example_dags/example_short_circuit_operator.py
[2024-12-09T15:57:47.928-0300] {logging_mixin.py:188} INFO - [2024-12-09T15:57:47.928-0300] {dag.py:3096} INFO - Sync 1 DAGs
[2024-12-09T15:57:47.942-0300] {logging_mixin.py:188} INFO - [2024-12-09T15:57:47.942-0300] {dag.py:3954} INFO - Setting next_dagrun for example_short_circuit_operator to 2024-12-08 00:00:00+00:00, run_after=2024-12-09 00:00:00+00:00
[2024-12-09T15:57:47.960-0300] {processor.py:183} INFO - Processing /home/beatriz/Documentos/airflow/airflow_venv/lib/python3.10/site-packages/airflow/example_dags/example_short_circuit_operator.py took 0.060 seconds
[2024-12-09T16:00:18.276-0300] {processor.py:161} INFO - Started process (PID=16097) to work on /home/beatriz/Documentos/airflow/airflow_venv/lib/python3.10/site-packages/airflow/example_dags/example_short_circuit_operator.py
[2024-12-09T16:00:18.278-0300] {processor.py:830} INFO - Processing file /home/beatriz/Documentos/airflow/airflow_venv/lib/python3.10/site-packages/airflow/example_dags/example_short_circuit_operator.py for tasks to queue
[2024-12-09T16:00:18.279-0300] {logging_mixin.py:188} INFO - [2024-12-09T16:00:18.279-0300] {dagbag.py:540} INFO - Filling up the DagBag from /home/beatriz/Documentos/airflow/airflow_venv/lib/python3.10/site-packages/airflow/example_dags/example_short_circuit_operator.py
[2024-12-09T16:00:18.286-0300] {processor.py:840} INFO - DAG(s) 'example_short_circuit_operator' retrieved from /home/beatriz/Documentos/airflow/airflow_venv/lib/python3.10/site-packages/airflow/example_dags/example_short_circuit_operator.py
[2024-12-09T16:00:18.303-0300] {logging_mixin.py:188} INFO - [2024-12-09T16:00:18.303-0300] {dag.py:3096} INFO - Sync 1 DAGs
[2024-12-09T16:00:18.319-0300] {logging_mixin.py:188} INFO - [2024-12-09T16:00:18.319-0300] {dag.py:3954} INFO - Setting next_dagrun for example_short_circuit_operator to 2024-12-08 00:00:00+00:00, run_after=2024-12-09 00:00:00+00:00
[2024-12-09T16:00:18.339-0300] {processor.py:183} INFO - Processing /home/beatriz/Documentos/airflow/airflow_venv/lib/python3.10/site-packages/airflow/example_dags/example_short_circuit_operator.py took 0.070 seconds
[2024-12-09T16:28:30.091-0300] {processor.py:161} INFO - Started process (PID=20258) to work on /home/beatriz/Documentos/airflow/airflow_venv/lib/python3.10/site-packages/airflow/example_dags/example_short_circuit_operator.py
[2024-12-09T16:28:30.093-0300] {processor.py:830} INFO - Processing file /home/beatriz/Documentos/airflow/airflow_venv/lib/python3.10/site-packages/airflow/example_dags/example_short_circuit_operator.py for tasks to queue
[2024-12-09T16:28:30.096-0300] {logging_mixin.py:188} INFO - [2024-12-09T16:28:30.095-0300] {dagbag.py:540} INFO - Filling up the DagBag from /home/beatriz/Documentos/airflow/airflow_venv/lib/python3.10/site-packages/airflow/example_dags/example_short_circuit_operator.py
[2024-12-09T16:28:30.105-0300] {processor.py:840} INFO - DAG(s) 'example_short_circuit_operator' retrieved from /home/beatriz/Documentos/airflow/airflow_venv/lib/python3.10/site-packages/airflow/example_dags/example_short_circuit_operator.py
[2024-12-09T16:28:30.114-0300] {logging_mixin.py:188} INFO - [2024-12-09T16:28:30.114-0300] {dag.py:3096} INFO - Sync 1 DAGs
[2024-12-09T16:28:30.137-0300] {logging_mixin.py:188} INFO - [2024-12-09T16:28:30.137-0300] {dag.py:3954} INFO - Setting next_dagrun for example_short_circuit_operator to 2024-12-08 00:00:00+00:00, run_after=2024-12-09 00:00:00+00:00
[2024-12-09T16:28:30.168-0300] {processor.py:183} INFO - Processing /home/beatriz/Documentos/airflow/airflow_venv/lib/python3.10/site-packages/airflow/example_dags/example_short_circuit_operator.py took 0.083 seconds
[2024-12-09T16:29:36.397-0300] {processor.py:161} INFO - Started process (PID=21342) to work on /home/beatriz/Documentos/airflow/airflow_venv/lib/python3.10/site-packages/airflow/example_dags/example_short_circuit_operator.py
[2024-12-09T16:29:36.418-0300] {processor.py:830} INFO - Processing file /home/beatriz/Documentos/airflow/airflow_venv/lib/python3.10/site-packages/airflow/example_dags/example_short_circuit_operator.py for tasks to queue
[2024-12-09T16:29:36.420-0300] {logging_mixin.py:188} INFO - [2024-12-09T16:29:36.420-0300] {dagbag.py:540} INFO - Filling up the DagBag from /home/beatriz/Documentos/airflow/airflow_venv/lib/python3.10/site-packages/airflow/example_dags/example_short_circuit_operator.py
[2024-12-09T16:29:36.434-0300] {processor.py:840} INFO - DAG(s) 'example_short_circuit_operator' retrieved from /home/beatriz/Documentos/airflow/airflow_venv/lib/python3.10/site-packages/airflow/example_dags/example_short_circuit_operator.py
[2024-12-09T16:29:36.513-0300] {logging_mixin.py:188} INFO - [2024-12-09T16:29:36.513-0300] {dag.py:3096} INFO - Sync 1 DAGs
[2024-12-09T16:29:36.597-0300] {logging_mixin.py:188} INFO - [2024-12-09T16:29:36.596-0300] {dag.py:3954} INFO - Setting next_dagrun for example_short_circuit_operator to 2024-12-08 00:00:00+00:00, run_after=2024-12-09 00:00:00+00:00
[2024-12-09T16:29:36.617-0300] {processor.py:183} INFO - Processing /home/beatriz/Documentos/airflow/airflow_venv/lib/python3.10/site-packages/airflow/example_dags/example_short_circuit_operator.py took 0.225 seconds
[2024-12-09T16:47:02.617-0300] {processor.py:161} INFO - Started process (PID=24097) to work on /home/beatriz/Documentos/airflow/airflow_venv/lib/python3.10/site-packages/airflow/example_dags/example_short_circuit_operator.py
[2024-12-09T16:47:02.619-0300] {processor.py:830} INFO - Processing file /home/beatriz/Documentos/airflow/airflow_venv/lib/python3.10/site-packages/airflow/example_dags/example_short_circuit_operator.py for tasks to queue
[2024-12-09T16:47:02.622-0300] {logging_mixin.py:188} INFO - [2024-12-09T16:47:02.621-0300] {dagbag.py:540} INFO - Filling up the DagBag from /home/beatriz/Documentos/airflow/airflow_venv/lib/python3.10/site-packages/airflow/example_dags/example_short_circuit_operator.py
[2024-12-09T16:47:02.634-0300] {processor.py:840} INFO - DAG(s) 'example_short_circuit_operator' retrieved from /home/beatriz/Documentos/airflow/airflow_venv/lib/python3.10/site-packages/airflow/example_dags/example_short_circuit_operator.py
[2024-12-09T16:47:02.643-0300] {logging_mixin.py:188} INFO - [2024-12-09T16:47:02.643-0300] {dag.py:3096} INFO - Sync 1 DAGs
[2024-12-09T16:47:02.660-0300] {logging_mixin.py:188} INFO - [2024-12-09T16:47:02.660-0300] {dag.py:3954} INFO - Setting next_dagrun for example_short_circuit_operator to 2024-12-08 00:00:00+00:00, run_after=2024-12-09 00:00:00+00:00
[2024-12-09T16:47:02.679-0300] {processor.py:183} INFO - Processing /home/beatriz/Documentos/airflow/airflow_venv/lib/python3.10/site-packages/airflow/example_dags/example_short_circuit_operator.py took 0.072 seconds
[2024-12-09T16:48:03.198-0300] {processor.py:161} INFO - Started process (PID=24765) to work on /home/beatriz/Documentos/airflow/airflow_venv/lib/python3.10/site-packages/airflow/example_dags/example_short_circuit_operator.py
[2024-12-09T16:48:03.200-0300] {processor.py:830} INFO - Processing file /home/beatriz/Documentos/airflow/airflow_venv/lib/python3.10/site-packages/airflow/example_dags/example_short_circuit_operator.py for tasks to queue
[2024-12-09T16:48:03.202-0300] {logging_mixin.py:188} INFO - [2024-12-09T16:48:03.201-0300] {dagbag.py:540} INFO - Filling up the DagBag from /home/beatriz/Documentos/airflow/airflow_venv/lib/python3.10/site-packages/airflow/example_dags/example_short_circuit_operator.py
[2024-12-09T16:48:03.217-0300] {processor.py:840} INFO - DAG(s) 'example_short_circuit_operator' retrieved from /home/beatriz/Documentos/airflow/airflow_venv/lib/python3.10/site-packages/airflow/example_dags/example_short_circuit_operator.py
[2024-12-09T16:48:03.303-0300] {logging_mixin.py:188} INFO - [2024-12-09T16:48:03.302-0300] {dag.py:3096} INFO - Sync 1 DAGs
[2024-12-09T16:48:03.318-0300] {logging_mixin.py:188} INFO - [2024-12-09T16:48:03.318-0300] {dag.py:3954} INFO - Setting next_dagrun for example_short_circuit_operator to 2024-12-08 00:00:00+00:00, run_after=2024-12-09 00:00:00+00:00
[2024-12-09T16:48:03.340-0300] {processor.py:183} INFO - Processing /home/beatriz/Documentos/airflow/airflow_venv/lib/python3.10/site-packages/airflow/example_dags/example_short_circuit_operator.py took 0.153 seconds
[2024-12-09T16:48:55.751-0300] {processor.py:161} INFO - Started process (PID=25128) to work on /home/beatriz/Documentos/airflow/airflow_venv/lib/python3.10/site-packages/airflow/example_dags/example_short_circuit_operator.py
[2024-12-09T16:48:55.754-0300] {processor.py:830} INFO - Processing file /home/beatriz/Documentos/airflow/airflow_venv/lib/python3.10/site-packages/airflow/example_dags/example_short_circuit_operator.py for tasks to queue
[2024-12-09T16:48:55.755-0300] {logging_mixin.py:188} INFO - [2024-12-09T16:48:55.754-0300] {dagbag.py:540} INFO - Filling up the DagBag from /home/beatriz/Documentos/airflow/airflow_venv/lib/python3.10/site-packages/airflow/example_dags/example_short_circuit_operator.py
[2024-12-09T16:48:55.762-0300] {processor.py:840} INFO - DAG(s) 'example_short_circuit_operator' retrieved from /home/beatriz/Documentos/airflow/airflow_venv/lib/python3.10/site-packages/airflow/example_dags/example_short_circuit_operator.py
[2024-12-09T16:48:55.780-0300] {logging_mixin.py:188} INFO - [2024-12-09T16:48:55.780-0300] {dag.py:3096} INFO - Sync 1 DAGs
[2024-12-09T16:48:55.798-0300] {logging_mixin.py:188} INFO - [2024-12-09T16:48:55.797-0300] {dag.py:3954} INFO - Setting next_dagrun for example_short_circuit_operator to 2024-12-08 00:00:00+00:00, run_after=2024-12-09 00:00:00+00:00
[2024-12-09T16:48:55.816-0300] {processor.py:183} INFO - Processing /home/beatriz/Documentos/airflow/airflow_venv/lib/python3.10/site-packages/airflow/example_dags/example_short_circuit_operator.py took 0.070 seconds
[2024-12-09T16:49:46.154-0300] {processor.py:161} INFO - Started process (PID=25382) to work on /home/beatriz/Documentos/airflow/airflow_venv/lib/python3.10/site-packages/airflow/example_dags/example_short_circuit_operator.py
[2024-12-09T16:49:46.156-0300] {processor.py:830} INFO - Processing file /home/beatriz/Documentos/airflow/airflow_venv/lib/python3.10/site-packages/airflow/example_dags/example_short_circuit_operator.py for tasks to queue
[2024-12-09T16:49:46.157-0300] {logging_mixin.py:188} INFO - [2024-12-09T16:49:46.156-0300] {dagbag.py:540} INFO - Filling up the DagBag from /home/beatriz/Documentos/airflow/airflow_venv/lib/python3.10/site-packages/airflow/example_dags/example_short_circuit_operator.py
[2024-12-09T16:49:46.164-0300] {processor.py:840} INFO - DAG(s) 'example_short_circuit_operator' retrieved from /home/beatriz/Documentos/airflow/airflow_venv/lib/python3.10/site-packages/airflow/example_dags/example_short_circuit_operator.py
[2024-12-09T16:49:46.183-0300] {logging_mixin.py:188} INFO - [2024-12-09T16:49:46.183-0300] {dag.py:3096} INFO - Sync 1 DAGs
[2024-12-09T16:49:46.204-0300] {logging_mixin.py:188} INFO - [2024-12-09T16:49:46.204-0300] {dag.py:3954} INFO - Setting next_dagrun for example_short_circuit_operator to 2024-12-08 00:00:00+00:00, run_after=2024-12-09 00:00:00+00:00
[2024-12-09T16:49:46.227-0300] {processor.py:183} INFO - Processing /home/beatriz/Documentos/airflow/airflow_venv/lib/python3.10/site-packages/airflow/example_dags/example_short_circuit_operator.py took 0.081 seconds
[2024-12-09T16:50:40.271-0300] {processor.py:161} INFO - Started process (PID=25993) to work on /home/beatriz/Documentos/airflow/airflow_venv/lib/python3.10/site-packages/airflow/example_dags/example_short_circuit_operator.py
[2024-12-09T16:50:40.273-0300] {processor.py:830} INFO - Processing file /home/beatriz/Documentos/airflow/airflow_venv/lib/python3.10/site-packages/airflow/example_dags/example_short_circuit_operator.py for tasks to queue
[2024-12-09T16:50:40.275-0300] {logging_mixin.py:188} INFO - [2024-12-09T16:50:40.274-0300] {dagbag.py:540} INFO - Filling up the DagBag from /home/beatriz/Documentos/airflow/airflow_venv/lib/python3.10/site-packages/airflow/example_dags/example_short_circuit_operator.py
[2024-12-09T16:50:40.290-0300] {processor.py:840} INFO - DAG(s) 'example_short_circuit_operator' retrieved from /home/beatriz/Documentos/airflow/airflow_venv/lib/python3.10/site-packages/airflow/example_dags/example_short_circuit_operator.py
[2024-12-09T16:50:40.308-0300] {logging_mixin.py:188} INFO - [2024-12-09T16:50:40.308-0300] {dag.py:3096} INFO - Sync 1 DAGs
[2024-12-09T16:50:40.324-0300] {logging_mixin.py:188} INFO - [2024-12-09T16:50:40.324-0300] {dag.py:3954} INFO - Setting next_dagrun for example_short_circuit_operator to 2024-12-08 00:00:00+00:00, run_after=2024-12-09 00:00:00+00:00
[2024-12-09T16:50:40.345-0300] {processor.py:183} INFO - Processing /home/beatriz/Documentos/airflow/airflow_venv/lib/python3.10/site-packages/airflow/example_dags/example_short_circuit_operator.py took 0.085 seconds
[2024-12-09T16:51:37.040-0300] {processor.py:161} INFO - Started process (PID=26552) to work on /home/beatriz/Documentos/airflow/airflow_venv/lib/python3.10/site-packages/airflow/example_dags/example_short_circuit_operator.py
[2024-12-09T16:51:37.041-0300] {processor.py:830} INFO - Processing file /home/beatriz/Documentos/airflow/airflow_venv/lib/python3.10/site-packages/airflow/example_dags/example_short_circuit_operator.py for tasks to queue
[2024-12-09T16:51:37.042-0300] {logging_mixin.py:188} INFO - [2024-12-09T16:51:37.041-0300] {dagbag.py:540} INFO - Filling up the DagBag from /home/beatriz/Documentos/airflow/airflow_venv/lib/python3.10/site-packages/airflow/example_dags/example_short_circuit_operator.py
[2024-12-09T16:51:37.048-0300] {processor.py:840} INFO - DAG(s) 'example_short_circuit_operator' retrieved from /home/beatriz/Documentos/airflow/airflow_venv/lib/python3.10/site-packages/airflow/example_dags/example_short_circuit_operator.py
[2024-12-09T16:51:37.062-0300] {logging_mixin.py:188} INFO - [2024-12-09T16:51:37.062-0300] {dag.py:3096} INFO - Sync 1 DAGs
[2024-12-09T16:51:37.076-0300] {logging_mixin.py:188} INFO - [2024-12-09T16:51:37.076-0300] {dag.py:3954} INFO - Setting next_dagrun for example_short_circuit_operator to 2024-12-08 00:00:00+00:00, run_after=2024-12-09 00:00:00+00:00
[2024-12-09T16:51:37.101-0300] {processor.py:183} INFO - Processing /home/beatriz/Documentos/airflow/airflow_venv/lib/python3.10/site-packages/airflow/example_dags/example_short_circuit_operator.py took 0.065 seconds
[2024-12-09T16:52:30.089-0300] {processor.py:161} INFO - Started process (PID=27071) to work on /home/beatriz/Documentos/airflow/airflow_venv/lib/python3.10/site-packages/airflow/example_dags/example_short_circuit_operator.py
[2024-12-09T16:52:30.091-0300] {processor.py:830} INFO - Processing file /home/beatriz/Documentos/airflow/airflow_venv/lib/python3.10/site-packages/airflow/example_dags/example_short_circuit_operator.py for tasks to queue
[2024-12-09T16:52:30.092-0300] {logging_mixin.py:188} INFO - [2024-12-09T16:52:30.092-0300] {dagbag.py:540} INFO - Filling up the DagBag from /home/beatriz/Documentos/airflow/airflow_venv/lib/python3.10/site-packages/airflow/example_dags/example_short_circuit_operator.py
[2024-12-09T16:52:30.104-0300] {processor.py:840} INFO - DAG(s) 'example_short_circuit_operator' retrieved from /home/beatriz/Documentos/airflow/airflow_venv/lib/python3.10/site-packages/airflow/example_dags/example_short_circuit_operator.py
[2024-12-09T16:52:30.122-0300] {logging_mixin.py:188} INFO - [2024-12-09T16:52:30.121-0300] {dag.py:3096} INFO - Sync 1 DAGs
[2024-12-09T16:52:30.136-0300] {logging_mixin.py:188} INFO - [2024-12-09T16:52:30.136-0300] {dag.py:3954} INFO - Setting next_dagrun for example_short_circuit_operator to 2024-12-08 00:00:00+00:00, run_after=2024-12-09 00:00:00+00:00
[2024-12-09T16:52:30.153-0300] {processor.py:183} INFO - Processing /home/beatriz/Documentos/airflow/airflow_venv/lib/python3.10/site-packages/airflow/example_dags/example_short_circuit_operator.py took 0.074 seconds
[2024-12-09T16:53:20.684-0300] {processor.py:161} INFO - Started process (PID=27470) to work on /home/beatriz/Documentos/airflow/airflow_venv/lib/python3.10/site-packages/airflow/example_dags/example_short_circuit_operator.py
[2024-12-09T16:53:20.686-0300] {processor.py:830} INFO - Processing file /home/beatriz/Documentos/airflow/airflow_venv/lib/python3.10/site-packages/airflow/example_dags/example_short_circuit_operator.py for tasks to queue
[2024-12-09T16:53:20.688-0300] {logging_mixin.py:188} INFO - [2024-12-09T16:53:20.687-0300] {dagbag.py:540} INFO - Filling up the DagBag from /home/beatriz/Documentos/airflow/airflow_venv/lib/python3.10/site-packages/airflow/example_dags/example_short_circuit_operator.py
[2024-12-09T16:53:20.700-0300] {processor.py:840} INFO - DAG(s) 'example_short_circuit_operator' retrieved from /home/beatriz/Documentos/airflow/airflow_venv/lib/python3.10/site-packages/airflow/example_dags/example_short_circuit_operator.py
[2024-12-09T16:53:20.718-0300] {logging_mixin.py:188} INFO - [2024-12-09T16:53:20.718-0300] {dag.py:3096} INFO - Sync 1 DAGs
[2024-12-09T16:53:20.734-0300] {logging_mixin.py:188} INFO - [2024-12-09T16:53:20.734-0300] {dag.py:3954} INFO - Setting next_dagrun for example_short_circuit_operator to 2024-12-08 00:00:00+00:00, run_after=2024-12-09 00:00:00+00:00
[2024-12-09T16:53:20.753-0300] {processor.py:183} INFO - Processing /home/beatriz/Documentos/airflow/airflow_venv/lib/python3.10/site-packages/airflow/example_dags/example_short_circuit_operator.py took 0.081 seconds
[2024-12-09T16:54:19.970-0300] {processor.py:161} INFO - Started process (PID=27914) to work on /home/beatriz/Documentos/airflow/airflow_venv/lib/python3.10/site-packages/airflow/example_dags/example_short_circuit_operator.py
[2024-12-09T16:54:19.970-0300] {processor.py:830} INFO - Processing file /home/beatriz/Documentos/airflow/airflow_venv/lib/python3.10/site-packages/airflow/example_dags/example_short_circuit_operator.py for tasks to queue
[2024-12-09T16:54:19.971-0300] {logging_mixin.py:188} INFO - [2024-12-09T16:54:19.971-0300] {dagbag.py:540} INFO - Filling up the DagBag from /home/beatriz/Documentos/airflow/airflow_venv/lib/python3.10/site-packages/airflow/example_dags/example_short_circuit_operator.py
[2024-12-09T16:54:19.978-0300] {processor.py:840} INFO - DAG(s) 'example_short_circuit_operator' retrieved from /home/beatriz/Documentos/airflow/airflow_venv/lib/python3.10/site-packages/airflow/example_dags/example_short_circuit_operator.py
[2024-12-09T16:54:19.993-0300] {logging_mixin.py:188} INFO - [2024-12-09T16:54:19.993-0300] {dag.py:3096} INFO - Sync 1 DAGs
[2024-12-09T16:54:20.008-0300] {logging_mixin.py:188} INFO - [2024-12-09T16:54:20.008-0300] {dag.py:3954} INFO - Setting next_dagrun for example_short_circuit_operator to 2024-12-08 00:00:00+00:00, run_after=2024-12-09 00:00:00+00:00
[2024-12-09T16:54:20.030-0300] {processor.py:183} INFO - Processing /home/beatriz/Documentos/airflow/airflow_venv/lib/python3.10/site-packages/airflow/example_dags/example_short_circuit_operator.py took 0.065 seconds
[2024-12-09T16:55:29.777-0300] {processor.py:161} INFO - Started process (PID=28505) to work on /home/beatriz/Documentos/airflow/airflow_venv/lib/python3.10/site-packages/airflow/example_dags/example_short_circuit_operator.py
[2024-12-09T16:55:29.778-0300] {processor.py:830} INFO - Processing file /home/beatriz/Documentos/airflow/airflow_venv/lib/python3.10/site-packages/airflow/example_dags/example_short_circuit_operator.py for tasks to queue
[2024-12-09T16:55:29.779-0300] {logging_mixin.py:188} INFO - [2024-12-09T16:55:29.779-0300] {dagbag.py:540} INFO - Filling up the DagBag from /home/beatriz/Documentos/airflow/airflow_venv/lib/python3.10/site-packages/airflow/example_dags/example_short_circuit_operator.py
[2024-12-09T16:55:29.786-0300] {processor.py:840} INFO - DAG(s) 'example_short_circuit_operator' retrieved from /home/beatriz/Documentos/airflow/airflow_venv/lib/python3.10/site-packages/airflow/example_dags/example_short_circuit_operator.py
[2024-12-09T16:55:29.802-0300] {logging_mixin.py:188} INFO - [2024-12-09T16:55:29.802-0300] {dag.py:3096} INFO - Sync 1 DAGs
[2024-12-09T16:55:29.817-0300] {logging_mixin.py:188} INFO - [2024-12-09T16:55:29.816-0300] {dag.py:3954} INFO - Setting next_dagrun for example_short_circuit_operator to 2024-12-08 00:00:00+00:00, run_after=2024-12-09 00:00:00+00:00
[2024-12-09T16:55:29.834-0300] {processor.py:183} INFO - Processing /home/beatriz/Documentos/airflow/airflow_venv/lib/python3.10/site-packages/airflow/example_dags/example_short_circuit_operator.py took 0.062 seconds
[2024-12-09T16:59:44.081-0300] {processor.py:161} INFO - Started process (PID=29445) to work on /home/beatriz/Documentos/airflow/airflow_venv/lib/python3.10/site-packages/airflow/example_dags/example_short_circuit_operator.py
[2024-12-09T16:59:44.102-0300] {processor.py:830} INFO - Processing file /home/beatriz/Documentos/airflow/airflow_venv/lib/python3.10/site-packages/airflow/example_dags/example_short_circuit_operator.py for tasks to queue
[2024-12-09T16:59:44.207-0300] {logging_mixin.py:188} INFO - [2024-12-09T16:59:44.105-0300] {dagbag.py:540} INFO - Filling up the DagBag from /home/beatriz/Documentos/airflow/airflow_venv/lib/python3.10/site-packages/airflow/example_dags/example_short_circuit_operator.py
[2024-12-09T16:59:44.255-0300] {processor.py:840} INFO - DAG(s) 'example_short_circuit_operator' retrieved from /home/beatriz/Documentos/airflow/airflow_venv/lib/python3.10/site-packages/airflow/example_dags/example_short_circuit_operator.py
[2024-12-09T16:59:44.359-0300] {logging_mixin.py:188} INFO - [2024-12-09T16:59:44.359-0300] {dag.py:3096} INFO - Sync 1 DAGs
[2024-12-09T16:59:44.455-0300] {logging_mixin.py:188} INFO - [2024-12-09T16:59:44.455-0300] {dag.py:3954} INFO - Setting next_dagrun for example_short_circuit_operator to 2024-12-08 00:00:00+00:00, run_after=2024-12-09 00:00:00+00:00
[2024-12-09T16:59:44.863-0300] {processor.py:183} INFO - Processing /home/beatriz/Documentos/airflow/airflow_venv/lib/python3.10/site-packages/airflow/example_dags/example_short_circuit_operator.py took 0.846 seconds
[2024-12-09T17:02:41.991-0300] {processor.py:161} INFO - Started process (PID=29706) to work on /home/beatriz/Documentos/airflow/airflow_venv/lib/python3.10/site-packages/airflow/example_dags/example_short_circuit_operator.py
[2024-12-09T17:02:41.993-0300] {processor.py:830} INFO - Processing file /home/beatriz/Documentos/airflow/airflow_venv/lib/python3.10/site-packages/airflow/example_dags/example_short_circuit_operator.py for tasks to queue
[2024-12-09T17:02:42.038-0300] {logging_mixin.py:188} INFO - [2024-12-09T17:02:41.995-0300] {dagbag.py:540} INFO - Filling up the DagBag from /home/beatriz/Documentos/airflow/airflow_venv/lib/python3.10/site-packages/airflow/example_dags/example_short_circuit_operator.py
[2024-12-09T17:02:42.213-0300] {processor.py:840} INFO - DAG(s) 'example_short_circuit_operator' retrieved from /home/beatriz/Documentos/airflow/airflow_venv/lib/python3.10/site-packages/airflow/example_dags/example_short_circuit_operator.py
[2024-12-09T17:02:42.487-0300] {logging_mixin.py:188} INFO - [2024-12-09T17:02:42.486-0300] {dag.py:3096} INFO - Sync 1 DAGs
[2024-12-09T17:02:42.546-0300] {logging_mixin.py:188} INFO - [2024-12-09T17:02:42.545-0300] {dag.py:3954} INFO - Setting next_dagrun for example_short_circuit_operator to 2024-12-08 00:00:00+00:00, run_after=2024-12-09 00:00:00+00:00
[2024-12-09T17:02:42.648-0300] {processor.py:183} INFO - Processing /home/beatriz/Documentos/airflow/airflow_venv/lib/python3.10/site-packages/airflow/example_dags/example_short_circuit_operator.py took 0.735 seconds
[2024-12-09T17:05:13.661-0300] {processor.py:161} INFO - Started process (PID=30375) to work on /home/beatriz/Documentos/airflow/airflow_venv/lib/python3.10/site-packages/airflow/example_dags/example_short_circuit_operator.py
[2024-12-09T17:05:13.671-0300] {processor.py:830} INFO - Processing file /home/beatriz/Documentos/airflow/airflow_venv/lib/python3.10/site-packages/airflow/example_dags/example_short_circuit_operator.py for tasks to queue
[2024-12-09T17:05:13.729-0300] {logging_mixin.py:188} INFO - [2024-12-09T17:05:13.706-0300] {dagbag.py:540} INFO - Filling up the DagBag from /home/beatriz/Documentos/airflow/airflow_venv/lib/python3.10/site-packages/airflow/example_dags/example_short_circuit_operator.py
[2024-12-09T17:05:14.081-0300] {processor.py:840} INFO - DAG(s) 'example_short_circuit_operator' retrieved from /home/beatriz/Documentos/airflow/airflow_venv/lib/python3.10/site-packages/airflow/example_dags/example_short_circuit_operator.py
[2024-12-09T17:05:14.392-0300] {logging_mixin.py:188} INFO - [2024-12-09T17:05:14.392-0300] {dag.py:3096} INFO - Sync 1 DAGs
[2024-12-09T17:05:14.425-0300] {logging_mixin.py:188} INFO - [2024-12-09T17:05:14.425-0300] {dag.py:3954} INFO - Setting next_dagrun for example_short_circuit_operator to 2024-12-08 00:00:00+00:00, run_after=2024-12-09 00:00:00+00:00
[2024-12-09T17:05:14.459-0300] {processor.py:183} INFO - Processing /home/beatriz/Documentos/airflow/airflow_venv/lib/python3.10/site-packages/airflow/example_dags/example_short_circuit_operator.py took 0.905 seconds
