[2024-10-21T08:39:05.670-0300] {processor.py:161} INFO - Started process (PID=7046) to work on /home/beatriz/Documentos/airflow/airflow_venv/lib/python3.10/site-packages/airflow/example_dags/example_python_decorator.py
[2024-10-21T08:39:05.672-0300] {processor.py:830} INFO - Processing file /home/beatriz/Documentos/airflow/airflow_venv/lib/python3.10/site-packages/airflow/example_dags/example_python_decorator.py for tasks to queue
[2024-10-21T08:39:05.675-0300] {logging_mixin.py:188} INFO - [2024-10-21T08:39:05.674-0300] {dagbag.py:540} INFO - Filling up the DagBag from /home/beatriz/Documentos/airflow/airflow_venv/lib/python3.10/site-packages/airflow/example_dags/example_python_decorator.py
[2024-10-21T08:39:05.687-0300] {logging_mixin.py:188} INFO - [2024-10-21T08:39:05.687-0300] {example_python_decorator.py:80} WARNING - The virtalenv_python example task requires virtualenv, please install it.
[2024-10-21T08:39:05.688-0300] {processor.py:840} INFO - DAG(s) 'example_python_decorator' retrieved from /home/beatriz/Documentos/airflow/airflow_venv/lib/python3.10/site-packages/airflow/example_dags/example_python_decorator.py
[2024-10-21T08:39:05.772-0300] {logging_mixin.py:188} INFO - [2024-10-21T08:39:05.771-0300] {dag.py:3096} INFO - Sync 1 DAGs
[2024-10-21T08:39:05.780-0300] {logging_mixin.py:188} INFO - [2024-10-21T08:39:05.780-0300] {dag.py:3954} INFO - Setting next_dagrun for example_python_decorator to None, run_after=None
[2024-10-21T08:39:05.799-0300] {processor.py:183} INFO - Processing /home/beatriz/Documentos/airflow/airflow_venv/lib/python3.10/site-packages/airflow/example_dags/example_python_decorator.py took 0.143 seconds
[2024-10-21T08:40:03.850-0300] {processor.py:161} INFO - Started process (PID=7226) to work on /home/beatriz/Documentos/airflow/airflow_venv/lib/python3.10/site-packages/airflow/example_dags/example_python_decorator.py
[2024-10-21T08:40:03.852-0300] {processor.py:830} INFO - Processing file /home/beatriz/Documentos/airflow/airflow_venv/lib/python3.10/site-packages/airflow/example_dags/example_python_decorator.py for tasks to queue
[2024-10-21T08:40:03.854-0300] {logging_mixin.py:188} INFO - [2024-10-21T08:40:03.853-0300] {dagbag.py:540} INFO - Filling up the DagBag from /home/beatriz/Documentos/airflow/airflow_venv/lib/python3.10/site-packages/airflow/example_dags/example_python_decorator.py
[2024-10-21T08:40:03.860-0300] {logging_mixin.py:188} INFO - [2024-10-21T08:40:03.860-0300] {example_python_decorator.py:80} WARNING - The virtalenv_python example task requires virtualenv, please install it.
[2024-10-21T08:40:03.861-0300] {processor.py:840} INFO - DAG(s) 'example_python_decorator' retrieved from /home/beatriz/Documentos/airflow/airflow_venv/lib/python3.10/site-packages/airflow/example_dags/example_python_decorator.py
[2024-10-21T08:40:03.873-0300] {logging_mixin.py:188} INFO - [2024-10-21T08:40:03.873-0300] {dag.py:3096} INFO - Sync 1 DAGs
[2024-10-21T08:40:03.881-0300] {logging_mixin.py:188} INFO - [2024-10-21T08:40:03.881-0300] {dag.py:3954} INFO - Setting next_dagrun for example_python_decorator to None, run_after=None
[2024-10-21T08:40:03.899-0300] {processor.py:183} INFO - Processing /home/beatriz/Documentos/airflow/airflow_venv/lib/python3.10/site-packages/airflow/example_dags/example_python_decorator.py took 0.053 seconds
[2024-10-21T08:40:56.296-0300] {processor.py:161} INFO - Started process (PID=7390) to work on /home/beatriz/Documentos/airflow/airflow_venv/lib/python3.10/site-packages/airflow/example_dags/example_python_decorator.py
[2024-10-21T08:40:56.299-0300] {processor.py:830} INFO - Processing file /home/beatriz/Documentos/airflow/airflow_venv/lib/python3.10/site-packages/airflow/example_dags/example_python_decorator.py for tasks to queue
[2024-10-21T08:40:56.300-0300] {logging_mixin.py:188} INFO - [2024-10-21T08:40:56.299-0300] {dagbag.py:540} INFO - Filling up the DagBag from /home/beatriz/Documentos/airflow/airflow_venv/lib/python3.10/site-packages/airflow/example_dags/example_python_decorator.py
[2024-10-21T08:40:56.306-0300] {logging_mixin.py:188} INFO - [2024-10-21T08:40:56.306-0300] {example_python_decorator.py:80} WARNING - The virtalenv_python example task requires virtualenv, please install it.
[2024-10-21T08:40:56.307-0300] {processor.py:840} INFO - DAG(s) 'example_python_decorator' retrieved from /home/beatriz/Documentos/airflow/airflow_venv/lib/python3.10/site-packages/airflow/example_dags/example_python_decorator.py
[2024-10-21T08:40:56.319-0300] {logging_mixin.py:188} INFO - [2024-10-21T08:40:56.319-0300] {dag.py:3096} INFO - Sync 1 DAGs
[2024-10-21T08:40:56.328-0300] {logging_mixin.py:188} INFO - [2024-10-21T08:40:56.327-0300] {dag.py:3954} INFO - Setting next_dagrun for example_python_decorator to None, run_after=None
[2024-10-21T08:40:56.345-0300] {processor.py:183} INFO - Processing /home/beatriz/Documentos/airflow/airflow_venv/lib/python3.10/site-packages/airflow/example_dags/example_python_decorator.py took 0.053 seconds
[2024-10-21T08:41:51.559-0300] {processor.py:161} INFO - Started process (PID=14197) to work on /home/beatriz/Documentos/airflow/airflow_venv/lib/python3.10/site-packages/airflow/example_dags/example_python_decorator.py
[2024-10-21T08:41:51.560-0300] {processor.py:830} INFO - Processing file /home/beatriz/Documentos/airflow/airflow_venv/lib/python3.10/site-packages/airflow/example_dags/example_python_decorator.py for tasks to queue
[2024-10-21T08:41:51.562-0300] {logging_mixin.py:188} INFO - [2024-10-21T08:41:51.561-0300] {dagbag.py:540} INFO - Filling up the DagBag from /home/beatriz/Documentos/airflow/airflow_venv/lib/python3.10/site-packages/airflow/example_dags/example_python_decorator.py
[2024-10-21T08:41:51.571-0300] {logging_mixin.py:188} INFO - [2024-10-21T08:41:51.570-0300] {example_python_decorator.py:80} WARNING - The virtalenv_python example task requires virtualenv, please install it.
[2024-10-21T08:41:51.571-0300] {processor.py:840} INFO - DAG(s) 'example_python_decorator' retrieved from /home/beatriz/Documentos/airflow/airflow_venv/lib/python3.10/site-packages/airflow/example_dags/example_python_decorator.py
[2024-10-21T08:41:51.665-0300] {logging_mixin.py:188} INFO - [2024-10-21T08:41:51.665-0300] {dag.py:3096} INFO - Sync 1 DAGs
[2024-10-21T08:41:51.675-0300] {logging_mixin.py:188} INFO - [2024-10-21T08:41:51.675-0300] {dag.py:3954} INFO - Setting next_dagrun for example_python_decorator to None, run_after=None
[2024-10-21T08:41:51.695-0300] {processor.py:183} INFO - Processing /home/beatriz/Documentos/airflow/airflow_venv/lib/python3.10/site-packages/airflow/example_dags/example_python_decorator.py took 0.142 seconds
[2024-10-21T08:42:43.646-0300] {processor.py:161} INFO - Started process (PID=14547) to work on /home/beatriz/Documentos/airflow/airflow_venv/lib/python3.10/site-packages/airflow/example_dags/example_python_decorator.py
[2024-10-21T08:42:43.649-0300] {processor.py:830} INFO - Processing file /home/beatriz/Documentos/airflow/airflow_venv/lib/python3.10/site-packages/airflow/example_dags/example_python_decorator.py for tasks to queue
[2024-10-21T08:42:43.653-0300] {logging_mixin.py:188} INFO - [2024-10-21T08:42:43.652-0300] {dagbag.py:540} INFO - Filling up the DagBag from /home/beatriz/Documentos/airflow/airflow_venv/lib/python3.10/site-packages/airflow/example_dags/example_python_decorator.py
[2024-10-21T08:42:43.667-0300] {logging_mixin.py:188} INFO - [2024-10-21T08:42:43.667-0300] {example_python_decorator.py:80} WARNING - The virtalenv_python example task requires virtualenv, please install it.
[2024-10-21T08:42:43.667-0300] {processor.py:840} INFO - DAG(s) 'example_python_decorator' retrieved from /home/beatriz/Documentos/airflow/airflow_venv/lib/python3.10/site-packages/airflow/example_dags/example_python_decorator.py
[2024-10-21T08:42:43.683-0300] {logging_mixin.py:188} INFO - [2024-10-21T08:42:43.683-0300] {dag.py:3096} INFO - Sync 1 DAGs
[2024-10-21T08:42:43.694-0300] {logging_mixin.py:188} INFO - [2024-10-21T08:42:43.693-0300] {dag.py:3954} INFO - Setting next_dagrun for example_python_decorator to None, run_after=None
[2024-10-21T08:42:43.713-0300] {processor.py:183} INFO - Processing /home/beatriz/Documentos/airflow/airflow_venv/lib/python3.10/site-packages/airflow/example_dags/example_python_decorator.py took 0.079 seconds
[2024-10-21T08:43:29.869-0300] {processor.py:161} INFO - Started process (PID=14769) to work on /home/beatriz/Documentos/airflow/airflow_venv/lib/python3.10/site-packages/airflow/example_dags/example_python_decorator.py
[2024-10-21T08:43:29.871-0300] {processor.py:830} INFO - Processing file /home/beatriz/Documentos/airflow/airflow_venv/lib/python3.10/site-packages/airflow/example_dags/example_python_decorator.py for tasks to queue
[2024-10-21T08:43:29.872-0300] {logging_mixin.py:188} INFO - [2024-10-21T08:43:29.872-0300] {dagbag.py:540} INFO - Filling up the DagBag from /home/beatriz/Documentos/airflow/airflow_venv/lib/python3.10/site-packages/airflow/example_dags/example_python_decorator.py
[2024-10-21T08:43:29.879-0300] {logging_mixin.py:188} INFO - [2024-10-21T08:43:29.879-0300] {example_python_decorator.py:80} WARNING - The virtalenv_python example task requires virtualenv, please install it.
[2024-10-21T08:43:29.879-0300] {processor.py:840} INFO - DAG(s) 'example_python_decorator' retrieved from /home/beatriz/Documentos/airflow/airflow_venv/lib/python3.10/site-packages/airflow/example_dags/example_python_decorator.py
[2024-10-21T08:43:29.891-0300] {logging_mixin.py:188} INFO - [2024-10-21T08:43:29.891-0300] {dag.py:3096} INFO - Sync 1 DAGs
[2024-10-21T08:43:29.900-0300] {logging_mixin.py:188} INFO - [2024-10-21T08:43:29.900-0300] {dag.py:3954} INFO - Setting next_dagrun for example_python_decorator to None, run_after=None
[2024-10-21T08:43:29.917-0300] {processor.py:183} INFO - Processing /home/beatriz/Documentos/airflow/airflow_venv/lib/python3.10/site-packages/airflow/example_dags/example_python_decorator.py took 0.053 seconds
[2024-10-21T08:45:01.289-0300] {processor.py:161} INFO - Started process (PID=15830) to work on /home/beatriz/Documentos/airflow/airflow_venv/lib/python3.10/site-packages/airflow/example_dags/example_python_decorator.py
[2024-10-21T08:45:01.292-0300] {processor.py:830} INFO - Processing file /home/beatriz/Documentos/airflow/airflow_venv/lib/python3.10/site-packages/airflow/example_dags/example_python_decorator.py for tasks to queue
[2024-10-21T08:45:01.293-0300] {logging_mixin.py:188} INFO - [2024-10-21T08:45:01.293-0300] {dagbag.py:540} INFO - Filling up the DagBag from /home/beatriz/Documentos/airflow/airflow_venv/lib/python3.10/site-packages/airflow/example_dags/example_python_decorator.py
[2024-10-21T08:45:01.301-0300] {logging_mixin.py:188} INFO - [2024-10-21T08:45:01.300-0300] {example_python_decorator.py:80} WARNING - The virtalenv_python example task requires virtualenv, please install it.
[2024-10-21T08:45:01.301-0300] {processor.py:840} INFO - DAG(s) 'example_python_decorator' retrieved from /home/beatriz/Documentos/airflow/airflow_venv/lib/python3.10/site-packages/airflow/example_dags/example_python_decorator.py
[2024-10-21T08:45:01.371-0300] {logging_mixin.py:188} INFO - [2024-10-21T08:45:01.371-0300] {dag.py:3096} INFO - Sync 1 DAGs
[2024-10-21T08:45:01.377-0300] {logging_mixin.py:188} INFO - [2024-10-21T08:45:01.377-0300] {dag.py:3954} INFO - Setting next_dagrun for example_python_decorator to None, run_after=None
[2024-10-21T08:45:01.394-0300] {processor.py:183} INFO - Processing /home/beatriz/Documentos/airflow/airflow_venv/lib/python3.10/site-packages/airflow/example_dags/example_python_decorator.py took 0.109 seconds
[2024-10-21T08:46:37.058-0300] {processor.py:161} INFO - Started process (PID=17692) to work on /home/beatriz/Documentos/airflow/airflow_venv/lib/python3.10/site-packages/airflow/example_dags/example_python_decorator.py
[2024-10-21T08:46:37.061-0300] {processor.py:830} INFO - Processing file /home/beatriz/Documentos/airflow/airflow_venv/lib/python3.10/site-packages/airflow/example_dags/example_python_decorator.py for tasks to queue
[2024-10-21T08:46:37.064-0300] {logging_mixin.py:188} INFO - [2024-10-21T08:46:37.063-0300] {dagbag.py:540} INFO - Filling up the DagBag from /home/beatriz/Documentos/airflow/airflow_venv/lib/python3.10/site-packages/airflow/example_dags/example_python_decorator.py
[2024-10-21T08:46:37.080-0300] {logging_mixin.py:188} INFO - [2024-10-21T08:46:37.079-0300] {example_python_decorator.py:80} WARNING - The virtalenv_python example task requires virtualenv, please install it.
[2024-10-21T08:46:37.080-0300] {processor.py:840} INFO - DAG(s) 'example_python_decorator' retrieved from /home/beatriz/Documentos/airflow/airflow_venv/lib/python3.10/site-packages/airflow/example_dags/example_python_decorator.py
[2024-10-21T08:46:37.096-0300] {logging_mixin.py:188} INFO - [2024-10-21T08:46:37.096-0300] {dag.py:3096} INFO - Sync 1 DAGs
[2024-10-21T08:46:37.105-0300] {logging_mixin.py:188} INFO - [2024-10-21T08:46:37.104-0300] {dag.py:3954} INFO - Setting next_dagrun for example_python_decorator to None, run_after=None
[2024-10-21T08:46:37.122-0300] {processor.py:183} INFO - Processing /home/beatriz/Documentos/airflow/airflow_venv/lib/python3.10/site-packages/airflow/example_dags/example_python_decorator.py took 0.074 seconds
[2024-10-21T09:36:35.294-0300] {processor.py:161} INFO - Started process (PID=21415) to work on /home/beatriz/Documentos/airflow/airflow_venv/lib/python3.10/site-packages/airflow/example_dags/example_python_decorator.py
[2024-10-21T09:36:35.296-0300] {processor.py:830} INFO - Processing file /home/beatriz/Documentos/airflow/airflow_venv/lib/python3.10/site-packages/airflow/example_dags/example_python_decorator.py for tasks to queue
[2024-10-21T09:36:35.297-0300] {logging_mixin.py:188} INFO - [2024-10-21T09:36:35.297-0300] {dagbag.py:540} INFO - Filling up the DagBag from /home/beatriz/Documentos/airflow/airflow_venv/lib/python3.10/site-packages/airflow/example_dags/example_python_decorator.py
[2024-10-21T09:36:35.304-0300] {logging_mixin.py:188} INFO - [2024-10-21T09:36:35.304-0300] {example_python_decorator.py:80} WARNING - The virtalenv_python example task requires virtualenv, please install it.
[2024-10-21T09:36:35.304-0300] {processor.py:840} INFO - DAG(s) 'example_python_decorator' retrieved from /home/beatriz/Documentos/airflow/airflow_venv/lib/python3.10/site-packages/airflow/example_dags/example_python_decorator.py
[2024-10-21T09:36:35.374-0300] {logging_mixin.py:188} INFO - [2024-10-21T09:36:35.373-0300] {dag.py:3096} INFO - Sync 1 DAGs
[2024-10-21T09:36:35.380-0300] {logging_mixin.py:188} INFO - [2024-10-21T09:36:35.380-0300] {dag.py:3954} INFO - Setting next_dagrun for example_python_decorator to None, run_after=None
[2024-10-21T09:36:35.396-0300] {processor.py:183} INFO - Processing /home/beatriz/Documentos/airflow/airflow_venv/lib/python3.10/site-packages/airflow/example_dags/example_python_decorator.py took 0.106 seconds
[2024-10-21T09:37:45.436-0300] {processor.py:161} INFO - Started process (PID=22287) to work on /home/beatriz/Documentos/airflow/airflow_venv/lib/python3.10/site-packages/airflow/example_dags/example_python_decorator.py
[2024-10-21T09:37:45.439-0300] {processor.py:830} INFO - Processing file /home/beatriz/Documentos/airflow/airflow_venv/lib/python3.10/site-packages/airflow/example_dags/example_python_decorator.py for tasks to queue
[2024-10-21T09:37:45.440-0300] {logging_mixin.py:188} INFO - [2024-10-21T09:37:45.440-0300] {dagbag.py:540} INFO - Filling up the DagBag from /home/beatriz/Documentos/airflow/airflow_venv/lib/python3.10/site-packages/airflow/example_dags/example_python_decorator.py
[2024-10-21T09:37:45.448-0300] {logging_mixin.py:188} INFO - [2024-10-21T09:37:45.447-0300] {example_python_decorator.py:80} WARNING - The virtalenv_python example task requires virtualenv, please install it.
[2024-10-21T09:37:45.448-0300] {processor.py:840} INFO - DAG(s) 'example_python_decorator' retrieved from /home/beatriz/Documentos/airflow/airflow_venv/lib/python3.10/site-packages/airflow/example_dags/example_python_decorator.py
[2024-10-21T09:37:45.464-0300] {logging_mixin.py:188} INFO - [2024-10-21T09:37:45.464-0300] {dag.py:3096} INFO - Sync 1 DAGs
[2024-10-21T09:37:45.476-0300] {logging_mixin.py:188} INFO - [2024-10-21T09:37:45.476-0300] {dag.py:3954} INFO - Setting next_dagrun for example_python_decorator to None, run_after=None
[2024-10-21T09:37:45.497-0300] {processor.py:183} INFO - Processing /home/beatriz/Documentos/airflow/airflow_venv/lib/python3.10/site-packages/airflow/example_dags/example_python_decorator.py took 0.065 seconds
[2024-10-21T09:39:32.070-0300] {processor.py:161} INFO - Started process (PID=24634) to work on /home/beatriz/Documentos/airflow/airflow_venv/lib/python3.10/site-packages/airflow/example_dags/example_python_decorator.py
[2024-10-21T09:39:32.072-0300] {processor.py:830} INFO - Processing file /home/beatriz/Documentos/airflow/airflow_venv/lib/python3.10/site-packages/airflow/example_dags/example_python_decorator.py for tasks to queue
[2024-10-21T09:39:32.073-0300] {logging_mixin.py:188} INFO - [2024-10-21T09:39:32.073-0300] {dagbag.py:540} INFO - Filling up the DagBag from /home/beatriz/Documentos/airflow/airflow_venv/lib/python3.10/site-packages/airflow/example_dags/example_python_decorator.py
[2024-10-21T09:39:32.081-0300] {logging_mixin.py:188} INFO - [2024-10-21T09:39:32.080-0300] {example_python_decorator.py:80} WARNING - The virtalenv_python example task requires virtualenv, please install it.
[2024-10-21T09:39:32.081-0300] {processor.py:840} INFO - DAG(s) 'example_python_decorator' retrieved from /home/beatriz/Documentos/airflow/airflow_venv/lib/python3.10/site-packages/airflow/example_dags/example_python_decorator.py
[2024-10-21T09:39:32.095-0300] {logging_mixin.py:188} INFO - [2024-10-21T09:39:32.094-0300] {dag.py:3096} INFO - Sync 1 DAGs
[2024-10-21T09:39:32.104-0300] {logging_mixin.py:188} INFO - [2024-10-21T09:39:32.103-0300] {dag.py:3954} INFO - Setting next_dagrun for example_python_decorator to None, run_after=None
[2024-10-21T09:39:32.120-0300] {processor.py:183} INFO - Processing /home/beatriz/Documentos/airflow/airflow_venv/lib/python3.10/site-packages/airflow/example_dags/example_python_decorator.py took 0.054 seconds
[2024-10-21T09:40:30.350-0300] {processor.py:161} INFO - Started process (PID=25084) to work on /home/beatriz/Documentos/airflow/airflow_venv/lib/python3.10/site-packages/airflow/example_dags/example_python_decorator.py
[2024-10-21T09:40:30.352-0300] {processor.py:830} INFO - Processing file /home/beatriz/Documentos/airflow/airflow_venv/lib/python3.10/site-packages/airflow/example_dags/example_python_decorator.py for tasks to queue
[2024-10-21T09:40:30.355-0300] {logging_mixin.py:188} INFO - [2024-10-21T09:40:30.354-0300] {dagbag.py:540} INFO - Filling up the DagBag from /home/beatriz/Documentos/airflow/airflow_venv/lib/python3.10/site-packages/airflow/example_dags/example_python_decorator.py
[2024-10-21T09:40:30.367-0300] {logging_mixin.py:188} INFO - [2024-10-21T09:40:30.367-0300] {example_python_decorator.py:80} WARNING - The virtalenv_python example task requires virtualenv, please install it.
[2024-10-21T09:40:30.368-0300] {processor.py:840} INFO - DAG(s) 'example_python_decorator' retrieved from /home/beatriz/Documentos/airflow/airflow_venv/lib/python3.10/site-packages/airflow/example_dags/example_python_decorator.py
[2024-10-21T09:40:30.382-0300] {logging_mixin.py:188} INFO - [2024-10-21T09:40:30.382-0300] {dag.py:3096} INFO - Sync 1 DAGs
[2024-10-21T09:40:30.392-0300] {logging_mixin.py:188} INFO - [2024-10-21T09:40:30.391-0300] {dag.py:3954} INFO - Setting next_dagrun for example_python_decorator to None, run_after=None
[2024-10-21T09:40:30.408-0300] {processor.py:183} INFO - Processing /home/beatriz/Documentos/airflow/airflow_venv/lib/python3.10/site-packages/airflow/example_dags/example_python_decorator.py took 0.073 seconds
[2024-10-21T09:41:24.429-0300] {processor.py:161} INFO - Started process (PID=25530) to work on /home/beatriz/Documentos/airflow/airflow_venv/lib/python3.10/site-packages/airflow/example_dags/example_python_decorator.py
[2024-10-21T09:41:24.432-0300] {processor.py:830} INFO - Processing file /home/beatriz/Documentos/airflow/airflow_venv/lib/python3.10/site-packages/airflow/example_dags/example_python_decorator.py for tasks to queue
[2024-10-21T09:41:24.434-0300] {logging_mixin.py:188} INFO - [2024-10-21T09:41:24.434-0300] {dagbag.py:540} INFO - Filling up the DagBag from /home/beatriz/Documentos/airflow/airflow_venv/lib/python3.10/site-packages/airflow/example_dags/example_python_decorator.py
[2024-10-21T09:41:24.450-0300] {logging_mixin.py:188} INFO - [2024-10-21T09:41:24.450-0300] {example_python_decorator.py:80} WARNING - The virtalenv_python example task requires virtualenv, please install it.
[2024-10-21T09:41:24.451-0300] {processor.py:840} INFO - DAG(s) 'example_python_decorator' retrieved from /home/beatriz/Documentos/airflow/airflow_venv/lib/python3.10/site-packages/airflow/example_dags/example_python_decorator.py
[2024-10-21T09:41:24.468-0300] {logging_mixin.py:188} INFO - [2024-10-21T09:41:24.467-0300] {dag.py:3096} INFO - Sync 1 DAGs
[2024-10-21T09:41:24.476-0300] {logging_mixin.py:188} INFO - [2024-10-21T09:41:24.476-0300] {dag.py:3954} INFO - Setting next_dagrun for example_python_decorator to None, run_after=None
[2024-10-21T09:41:24.492-0300] {processor.py:183} INFO - Processing /home/beatriz/Documentos/airflow/airflow_venv/lib/python3.10/site-packages/airflow/example_dags/example_python_decorator.py took 0.074 seconds
[2024-10-21T09:42:17.859-0300] {processor.py:161} INFO - Started process (PID=25983) to work on /home/beatriz/Documentos/airflow/airflow_venv/lib/python3.10/site-packages/airflow/example_dags/example_python_decorator.py
[2024-10-21T09:42:17.861-0300] {processor.py:830} INFO - Processing file /home/beatriz/Documentos/airflow/airflow_venv/lib/python3.10/site-packages/airflow/example_dags/example_python_decorator.py for tasks to queue
[2024-10-21T09:42:17.863-0300] {logging_mixin.py:188} INFO - [2024-10-21T09:42:17.862-0300] {dagbag.py:540} INFO - Filling up the DagBag from /home/beatriz/Documentos/airflow/airflow_venv/lib/python3.10/site-packages/airflow/example_dags/example_python_decorator.py
[2024-10-21T09:42:17.870-0300] {logging_mixin.py:188} INFO - [2024-10-21T09:42:17.870-0300] {example_python_decorator.py:80} WARNING - The virtalenv_python example task requires virtualenv, please install it.
[2024-10-21T09:42:17.871-0300] {processor.py:840} INFO - DAG(s) 'example_python_decorator' retrieved from /home/beatriz/Documentos/airflow/airflow_venv/lib/python3.10/site-packages/airflow/example_dags/example_python_decorator.py
[2024-10-21T09:42:17.884-0300] {logging_mixin.py:188} INFO - [2024-10-21T09:42:17.884-0300] {dag.py:3096} INFO - Sync 1 DAGs
[2024-10-21T09:42:17.894-0300] {logging_mixin.py:188} INFO - [2024-10-21T09:42:17.894-0300] {dag.py:3954} INFO - Setting next_dagrun for example_python_decorator to None, run_after=None
[2024-10-21T09:42:17.910-0300] {processor.py:183} INFO - Processing /home/beatriz/Documentos/airflow/airflow_venv/lib/python3.10/site-packages/airflow/example_dags/example_python_decorator.py took 0.056 seconds
[2024-10-21T09:43:07.204-0300] {processor.py:161} INFO - Started process (PID=26487) to work on /home/beatriz/Documentos/airflow/airflow_venv/lib/python3.10/site-packages/airflow/example_dags/example_python_decorator.py
[2024-10-21T09:43:07.206-0300] {processor.py:830} INFO - Processing file /home/beatriz/Documentos/airflow/airflow_venv/lib/python3.10/site-packages/airflow/example_dags/example_python_decorator.py for tasks to queue
[2024-10-21T09:43:07.208-0300] {logging_mixin.py:188} INFO - [2024-10-21T09:43:07.207-0300] {dagbag.py:540} INFO - Filling up the DagBag from /home/beatriz/Documentos/airflow/airflow_venv/lib/python3.10/site-packages/airflow/example_dags/example_python_decorator.py
[2024-10-21T09:43:07.215-0300] {logging_mixin.py:188} INFO - [2024-10-21T09:43:07.214-0300] {example_python_decorator.py:80} WARNING - The virtalenv_python example task requires virtualenv, please install it.
[2024-10-21T09:43:07.215-0300] {processor.py:840} INFO - DAG(s) 'example_python_decorator' retrieved from /home/beatriz/Documentos/airflow/airflow_venv/lib/python3.10/site-packages/airflow/example_dags/example_python_decorator.py
[2024-10-21T09:43:07.227-0300] {logging_mixin.py:188} INFO - [2024-10-21T09:43:07.227-0300] {dag.py:3096} INFO - Sync 1 DAGs
[2024-10-21T09:43:07.236-0300] {logging_mixin.py:188} INFO - [2024-10-21T09:43:07.236-0300] {dag.py:3954} INFO - Setting next_dagrun for example_python_decorator to None, run_after=None
[2024-10-21T09:43:07.252-0300] {processor.py:183} INFO - Processing /home/beatriz/Documentos/airflow/airflow_venv/lib/python3.10/site-packages/airflow/example_dags/example_python_decorator.py took 0.053 seconds
[2024-10-21T09:43:56.399-0300] {processor.py:161} INFO - Started process (PID=26862) to work on /home/beatriz/Documentos/airflow/airflow_venv/lib/python3.10/site-packages/airflow/example_dags/example_python_decorator.py
[2024-10-21T09:43:56.403-0300] {processor.py:830} INFO - Processing file /home/beatriz/Documentos/airflow/airflow_venv/lib/python3.10/site-packages/airflow/example_dags/example_python_decorator.py for tasks to queue
[2024-10-21T09:43:56.406-0300] {logging_mixin.py:188} INFO - [2024-10-21T09:43:56.405-0300] {dagbag.py:540} INFO - Filling up the DagBag from /home/beatriz/Documentos/airflow/airflow_venv/lib/python3.10/site-packages/airflow/example_dags/example_python_decorator.py
[2024-10-21T09:43:56.421-0300] {logging_mixin.py:188} INFO - [2024-10-21T09:43:56.421-0300] {example_python_decorator.py:80} WARNING - The virtalenv_python example task requires virtualenv, please install it.
[2024-10-21T09:43:56.422-0300] {processor.py:840} INFO - DAG(s) 'example_python_decorator' retrieved from /home/beatriz/Documentos/airflow/airflow_venv/lib/python3.10/site-packages/airflow/example_dags/example_python_decorator.py
[2024-10-21T09:43:56.437-0300] {logging_mixin.py:188} INFO - [2024-10-21T09:43:56.437-0300] {dag.py:3096} INFO - Sync 1 DAGs
[2024-10-21T09:43:56.446-0300] {logging_mixin.py:188} INFO - [2024-10-21T09:43:56.446-0300] {dag.py:3954} INFO - Setting next_dagrun for example_python_decorator to None, run_after=None
[2024-10-21T09:43:56.462-0300] {processor.py:183} INFO - Processing /home/beatriz/Documentos/airflow/airflow_venv/lib/python3.10/site-packages/airflow/example_dags/example_python_decorator.py took 0.073 seconds
