[2024-10-21T08:39:12.511-0300] {processor.py:161} INFO - Started process (PID=7060) to work on /home/beatriz/Documentos/airflow/airflow_venv/lib/python3.10/site-packages/airflow/example_dags/example_latest_only.py
[2024-10-21T08:39:12.513-0300] {processor.py:830} INFO - Processing file /home/beatriz/Documentos/airflow/airflow_venv/lib/python3.10/site-packages/airflow/example_dags/example_latest_only.py for tasks to queue
[2024-10-21T08:39:12.516-0300] {logging_mixin.py:188} INFO - [2024-10-21T08:39:12.515-0300] {dagbag.py:540} INFO - Filling up the DagBag from /home/beatriz/Documentos/airflow/airflow_venv/lib/python3.10/site-packages/airflow/example_dags/example_latest_only.py
[2024-10-21T08:39:12.524-0300] {processor.py:840} INFO - DAG(s) 'latest_only' retrieved from /home/beatriz/Documentos/airflow/airflow_venv/lib/python3.10/site-packages/airflow/example_dags/example_latest_only.py
[2024-10-21T08:39:12.604-0300] {logging_mixin.py:188} INFO - [2024-10-21T08:39:12.604-0300] {dag.py:3096} INFO - Sync 1 DAGs
[2024-10-21T08:39:12.618-0300] {logging_mixin.py:188} INFO - [2024-10-21T08:39:12.617-0300] {dag.py:3954} INFO - Setting next_dagrun for latest_only to 2024-10-21 04:00:00+00:00, run_after=2024-10-21 08:00:00+00:00
[2024-10-21T08:39:12.635-0300] {processor.py:183} INFO - Processing /home/beatriz/Documentos/airflow/airflow_venv/lib/python3.10/site-packages/airflow/example_dags/example_latest_only.py took 0.135 seconds
[2024-10-21T08:40:10.498-0300] {processor.py:161} INFO - Started process (PID=7242) to work on /home/beatriz/Documentos/airflow/airflow_venv/lib/python3.10/site-packages/airflow/example_dags/example_latest_only.py
[2024-10-21T08:40:10.499-0300] {processor.py:830} INFO - Processing file /home/beatriz/Documentos/airflow/airflow_venv/lib/python3.10/site-packages/airflow/example_dags/example_latest_only.py for tasks to queue
[2024-10-21T08:40:10.500-0300] {logging_mixin.py:188} INFO - [2024-10-21T08:40:10.500-0300] {dagbag.py:540} INFO - Filling up the DagBag from /home/beatriz/Documentos/airflow/airflow_venv/lib/python3.10/site-packages/airflow/example_dags/example_latest_only.py
[2024-10-21T08:40:10.503-0300] {processor.py:840} INFO - DAG(s) 'latest_only' retrieved from /home/beatriz/Documentos/airflow/airflow_venv/lib/python3.10/site-packages/airflow/example_dags/example_latest_only.py
[2024-10-21T08:40:10.514-0300] {logging_mixin.py:188} INFO - [2024-10-21T08:40:10.513-0300] {dag.py:3096} INFO - Sync 1 DAGs
[2024-10-21T08:40:10.528-0300] {logging_mixin.py:188} INFO - [2024-10-21T08:40:10.528-0300] {dag.py:3954} INFO - Setting next_dagrun for latest_only to 2024-10-21 04:00:00+00:00, run_after=2024-10-21 08:00:00+00:00
[2024-10-21T08:40:10.546-0300] {processor.py:183} INFO - Processing /home/beatriz/Documentos/airflow/airflow_venv/lib/python3.10/site-packages/airflow/example_dags/example_latest_only.py took 0.051 seconds
[2024-10-21T08:41:03.403-0300] {processor.py:161} INFO - Started process (PID=7405) to work on /home/beatriz/Documentos/airflow/airflow_venv/lib/python3.10/site-packages/airflow/example_dags/example_latest_only.py
[2024-10-21T08:41:03.405-0300] {processor.py:830} INFO - Processing file /home/beatriz/Documentos/airflow/airflow_venv/lib/python3.10/site-packages/airflow/example_dags/example_latest_only.py for tasks to queue
[2024-10-21T08:41:03.406-0300] {logging_mixin.py:188} INFO - [2024-10-21T08:41:03.406-0300] {dagbag.py:540} INFO - Filling up the DagBag from /home/beatriz/Documentos/airflow/airflow_venv/lib/python3.10/site-packages/airflow/example_dags/example_latest_only.py
[2024-10-21T08:41:03.410-0300] {processor.py:840} INFO - DAG(s) 'latest_only' retrieved from /home/beatriz/Documentos/airflow/airflow_venv/lib/python3.10/site-packages/airflow/example_dags/example_latest_only.py
[2024-10-21T08:41:03.422-0300] {logging_mixin.py:188} INFO - [2024-10-21T08:41:03.422-0300] {dag.py:3096} INFO - Sync 1 DAGs
[2024-10-21T08:41:03.441-0300] {logging_mixin.py:188} INFO - [2024-10-21T08:41:03.441-0300] {dag.py:3954} INFO - Setting next_dagrun for latest_only to 2024-10-21 04:00:00+00:00, run_after=2024-10-21 08:00:00+00:00
[2024-10-21T08:41:03.533-0300] {processor.py:183} INFO - Processing /home/beatriz/Documentos/airflow/airflow_venv/lib/python3.10/site-packages/airflow/example_dags/example_latest_only.py took 0.134 seconds
[2024-10-21T08:41:59.390-0300] {processor.py:161} INFO - Started process (PID=14268) to work on /home/beatriz/Documentos/airflow/airflow_venv/lib/python3.10/site-packages/airflow/example_dags/example_latest_only.py
[2024-10-21T08:41:59.393-0300] {processor.py:830} INFO - Processing file /home/beatriz/Documentos/airflow/airflow_venv/lib/python3.10/site-packages/airflow/example_dags/example_latest_only.py for tasks to queue
[2024-10-21T08:41:59.396-0300] {logging_mixin.py:188} INFO - [2024-10-21T08:41:59.395-0300] {dagbag.py:540} INFO - Filling up the DagBag from /home/beatriz/Documentos/airflow/airflow_venv/lib/python3.10/site-packages/airflow/example_dags/example_latest_only.py
[2024-10-21T08:41:59.482-0300] {processor.py:840} INFO - DAG(s) 'latest_only' retrieved from /home/beatriz/Documentos/airflow/airflow_venv/lib/python3.10/site-packages/airflow/example_dags/example_latest_only.py
[2024-10-21T08:41:59.493-0300] {logging_mixin.py:188} INFO - [2024-10-21T08:41:59.493-0300] {dag.py:3096} INFO - Sync 1 DAGs
[2024-10-21T08:41:59.510-0300] {logging_mixin.py:188} INFO - [2024-10-21T08:41:59.510-0300] {dag.py:3954} INFO - Setting next_dagrun for latest_only to 2024-10-21 04:00:00+00:00, run_after=2024-10-21 08:00:00+00:00
[2024-10-21T08:41:59.527-0300] {processor.py:183} INFO - Processing /home/beatriz/Documentos/airflow/airflow_venv/lib/python3.10/site-packages/airflow/example_dags/example_latest_only.py took 0.147 seconds
[2024-10-21T08:42:51.188-0300] {processor.py:161} INFO - Started process (PID=14565) to work on /home/beatriz/Documentos/airflow/airflow_venv/lib/python3.10/site-packages/airflow/example_dags/example_latest_only.py
[2024-10-21T08:42:51.191-0300] {processor.py:830} INFO - Processing file /home/beatriz/Documentos/airflow/airflow_venv/lib/python3.10/site-packages/airflow/example_dags/example_latest_only.py for tasks to queue
[2024-10-21T08:42:51.195-0300] {logging_mixin.py:188} INFO - [2024-10-21T08:42:51.194-0300] {dagbag.py:540} INFO - Filling up the DagBag from /home/beatriz/Documentos/airflow/airflow_venv/lib/python3.10/site-packages/airflow/example_dags/example_latest_only.py
[2024-10-21T08:42:51.204-0300] {processor.py:840} INFO - DAG(s) 'latest_only' retrieved from /home/beatriz/Documentos/airflow/airflow_venv/lib/python3.10/site-packages/airflow/example_dags/example_latest_only.py
[2024-10-21T08:42:51.220-0300] {logging_mixin.py:188} INFO - [2024-10-21T08:42:51.220-0300] {dag.py:3096} INFO - Sync 1 DAGs
[2024-10-21T08:42:51.236-0300] {logging_mixin.py:188} INFO - [2024-10-21T08:42:51.236-0300] {dag.py:3954} INFO - Setting next_dagrun for latest_only to 2024-10-21 04:00:00+00:00, run_after=2024-10-21 08:00:00+00:00
[2024-10-21T08:42:51.255-0300] {processor.py:183} INFO - Processing /home/beatriz/Documentos/airflow/airflow_venv/lib/python3.10/site-packages/airflow/example_dags/example_latest_only.py took 0.080 seconds
[2024-10-21T08:43:57.254-0300] {processor.py:161} INFO - Started process (PID=14951) to work on /home/beatriz/Documentos/airflow/airflow_venv/lib/python3.10/site-packages/airflow/example_dags/example_latest_only.py
[2024-10-21T08:43:57.257-0300] {processor.py:830} INFO - Processing file /home/beatriz/Documentos/airflow/airflow_venv/lib/python3.10/site-packages/airflow/example_dags/example_latest_only.py for tasks to queue
[2024-10-21T08:43:57.259-0300] {logging_mixin.py:188} INFO - [2024-10-21T08:43:57.258-0300] {dagbag.py:540} INFO - Filling up the DagBag from /home/beatriz/Documentos/airflow/airflow_venv/lib/python3.10/site-packages/airflow/example_dags/example_latest_only.py
[2024-10-21T08:43:57.264-0300] {processor.py:840} INFO - DAG(s) 'latest_only' retrieved from /home/beatriz/Documentos/airflow/airflow_venv/lib/python3.10/site-packages/airflow/example_dags/example_latest_only.py
[2024-10-21T08:43:57.276-0300] {logging_mixin.py:188} INFO - [2024-10-21T08:43:57.276-0300] {dag.py:3096} INFO - Sync 1 DAGs
[2024-10-21T08:43:57.292-0300] {logging_mixin.py:188} INFO - [2024-10-21T08:43:57.292-0300] {dag.py:3954} INFO - Setting next_dagrun for latest_only to 2024-10-21 04:00:00+00:00, run_after=2024-10-21 08:00:00+00:00
[2024-10-21T08:43:57.309-0300] {processor.py:183} INFO - Processing /home/beatriz/Documentos/airflow/airflow_venv/lib/python3.10/site-packages/airflow/example_dags/example_latest_only.py took 0.064 seconds
[2024-10-21T08:45:08.989-0300] {processor.py:161} INFO - Started process (PID=15848) to work on /home/beatriz/Documentos/airflow/airflow_venv/lib/python3.10/site-packages/airflow/example_dags/example_latest_only.py
[2024-10-21T08:45:08.990-0300] {processor.py:830} INFO - Processing file /home/beatriz/Documentos/airflow/airflow_venv/lib/python3.10/site-packages/airflow/example_dags/example_latest_only.py for tasks to queue
[2024-10-21T08:45:08.992-0300] {logging_mixin.py:188} INFO - [2024-10-21T08:45:08.992-0300] {dagbag.py:540} INFO - Filling up the DagBag from /home/beatriz/Documentos/airflow/airflow_venv/lib/python3.10/site-packages/airflow/example_dags/example_latest_only.py
[2024-10-21T08:45:09.000-0300] {processor.py:840} INFO - DAG(s) 'latest_only' retrieved from /home/beatriz/Documentos/airflow/airflow_venv/lib/python3.10/site-packages/airflow/example_dags/example_latest_only.py
[2024-10-21T08:45:09.082-0300] {logging_mixin.py:188} INFO - [2024-10-21T08:45:09.081-0300] {dag.py:3096} INFO - Sync 1 DAGs
[2024-10-21T08:45:09.095-0300] {logging_mixin.py:188} INFO - [2024-10-21T08:45:09.094-0300] {dag.py:3954} INFO - Setting next_dagrun for latest_only to 2024-10-21 04:00:00+00:00, run_after=2024-10-21 08:00:00+00:00
[2024-10-21T08:45:09.114-0300] {processor.py:183} INFO - Processing /home/beatriz/Documentos/airflow/airflow_venv/lib/python3.10/site-packages/airflow/example_dags/example_latest_only.py took 0.134 seconds
[2024-10-21T08:46:44.516-0300] {processor.py:161} INFO - Started process (PID=17707) to work on /home/beatriz/Documentos/airflow/airflow_venv/lib/python3.10/site-packages/airflow/example_dags/example_latest_only.py
[2024-10-21T08:46:44.518-0300] {processor.py:830} INFO - Processing file /home/beatriz/Documentos/airflow/airflow_venv/lib/python3.10/site-packages/airflow/example_dags/example_latest_only.py for tasks to queue
[2024-10-21T08:46:44.519-0300] {logging_mixin.py:188} INFO - [2024-10-21T08:46:44.519-0300] {dagbag.py:540} INFO - Filling up the DagBag from /home/beatriz/Documentos/airflow/airflow_venv/lib/python3.10/site-packages/airflow/example_dags/example_latest_only.py
[2024-10-21T08:46:44.522-0300] {processor.py:840} INFO - DAG(s) 'latest_only' retrieved from /home/beatriz/Documentos/airflow/airflow_venv/lib/python3.10/site-packages/airflow/example_dags/example_latest_only.py
[2024-10-21T08:46:44.533-0300] {logging_mixin.py:188} INFO - [2024-10-21T08:46:44.533-0300] {dag.py:3096} INFO - Sync 1 DAGs
[2024-10-21T08:46:44.550-0300] {logging_mixin.py:188} INFO - [2024-10-21T08:46:44.549-0300] {dag.py:3954} INFO - Setting next_dagrun for latest_only to 2024-10-21 04:00:00+00:00, run_after=2024-10-21 08:00:00+00:00
[2024-10-21T08:46:44.566-0300] {processor.py:183} INFO - Processing /home/beatriz/Documentos/airflow/airflow_venv/lib/python3.10/site-packages/airflow/example_dags/example_latest_only.py took 0.055 seconds
[2024-10-21T09:36:44.029-0300] {processor.py:161} INFO - Started process (PID=21584) to work on /home/beatriz/Documentos/airflow/airflow_venv/lib/python3.10/site-packages/airflow/example_dags/example_latest_only.py
[2024-10-21T09:36:44.032-0300] {processor.py:830} INFO - Processing file /home/beatriz/Documentos/airflow/airflow_venv/lib/python3.10/site-packages/airflow/example_dags/example_latest_only.py for tasks to queue
[2024-10-21T09:36:44.035-0300] {logging_mixin.py:188} INFO - [2024-10-21T09:36:44.034-0300] {dagbag.py:540} INFO - Filling up the DagBag from /home/beatriz/Documentos/airflow/airflow_venv/lib/python3.10/site-packages/airflow/example_dags/example_latest_only.py
[2024-10-21T09:36:44.043-0300] {processor.py:840} INFO - DAG(s) 'latest_only' retrieved from /home/beatriz/Documentos/airflow/airflow_venv/lib/python3.10/site-packages/airflow/example_dags/example_latest_only.py
[2024-10-21T09:36:44.131-0300] {logging_mixin.py:188} INFO - [2024-10-21T09:36:44.131-0300] {dag.py:3096} INFO - Sync 1 DAGs
[2024-10-21T09:36:44.145-0300] {logging_mixin.py:188} INFO - [2024-10-21T09:36:44.145-0300] {dag.py:3954} INFO - Setting next_dagrun for latest_only to 2024-10-21 08:00:00+00:00, run_after=2024-10-21 12:00:00+00:00
[2024-10-21T09:36:44.166-0300] {processor.py:183} INFO - Processing /home/beatriz/Documentos/airflow/airflow_venv/lib/python3.10/site-packages/airflow/example_dags/example_latest_only.py took 0.141 seconds
[2024-10-21T09:37:52.572-0300] {processor.py:161} INFO - Started process (PID=22365) to work on /home/beatriz/Documentos/airflow/airflow_venv/lib/python3.10/site-packages/airflow/example_dags/example_latest_only.py
[2024-10-21T09:37:52.574-0300] {processor.py:830} INFO - Processing file /home/beatriz/Documentos/airflow/airflow_venv/lib/python3.10/site-packages/airflow/example_dags/example_latest_only.py for tasks to queue
[2024-10-21T09:37:52.575-0300] {logging_mixin.py:188} INFO - [2024-10-21T09:37:52.575-0300] {dagbag.py:540} INFO - Filling up the DagBag from /home/beatriz/Documentos/airflow/airflow_venv/lib/python3.10/site-packages/airflow/example_dags/example_latest_only.py
[2024-10-21T09:37:52.579-0300] {processor.py:840} INFO - DAG(s) 'latest_only' retrieved from /home/beatriz/Documentos/airflow/airflow_venv/lib/python3.10/site-packages/airflow/example_dags/example_latest_only.py
[2024-10-21T09:37:52.592-0300] {logging_mixin.py:188} INFO - [2024-10-21T09:37:52.592-0300] {dag.py:3096} INFO - Sync 1 DAGs
[2024-10-21T09:37:52.609-0300] {logging_mixin.py:188} INFO - [2024-10-21T09:37:52.609-0300] {dag.py:3954} INFO - Setting next_dagrun for latest_only to 2024-10-21 08:00:00+00:00, run_after=2024-10-21 12:00:00+00:00
[2024-10-21T09:37:52.625-0300] {processor.py:183} INFO - Processing /home/beatriz/Documentos/airflow/airflow_venv/lib/python3.10/site-packages/airflow/example_dags/example_latest_only.py took 0.058 seconds
[2024-10-21T09:39:39.658-0300] {processor.py:161} INFO - Started process (PID=24647) to work on /home/beatriz/Documentos/airflow/airflow_venv/lib/python3.10/site-packages/airflow/example_dags/example_latest_only.py
[2024-10-21T09:39:39.661-0300] {processor.py:830} INFO - Processing file /home/beatriz/Documentos/airflow/airflow_venv/lib/python3.10/site-packages/airflow/example_dags/example_latest_only.py for tasks to queue
[2024-10-21T09:39:39.664-0300] {logging_mixin.py:188} INFO - [2024-10-21T09:39:39.663-0300] {dagbag.py:540} INFO - Filling up the DagBag from /home/beatriz/Documentos/airflow/airflow_venv/lib/python3.10/site-packages/airflow/example_dags/example_latest_only.py
[2024-10-21T09:39:39.673-0300] {processor.py:840} INFO - DAG(s) 'latest_only' retrieved from /home/beatriz/Documentos/airflow/airflow_venv/lib/python3.10/site-packages/airflow/example_dags/example_latest_only.py
[2024-10-21T09:39:39.691-0300] {logging_mixin.py:188} INFO - [2024-10-21T09:39:39.691-0300] {dag.py:3096} INFO - Sync 1 DAGs
[2024-10-21T09:39:39.708-0300] {logging_mixin.py:188} INFO - [2024-10-21T09:39:39.708-0300] {dag.py:3954} INFO - Setting next_dagrun for latest_only to 2024-10-21 08:00:00+00:00, run_after=2024-10-21 12:00:00+00:00
[2024-10-21T09:39:39.799-0300] {processor.py:183} INFO - Processing /home/beatriz/Documentos/airflow/airflow_venv/lib/python3.10/site-packages/airflow/example_dags/example_latest_only.py took 0.151 seconds
[2024-10-21T09:40:37.784-0300] {processor.py:161} INFO - Started process (PID=25100) to work on /home/beatriz/Documentos/airflow/airflow_venv/lib/python3.10/site-packages/airflow/example_dags/example_latest_only.py
[2024-10-21T09:40:37.785-0300] {processor.py:830} INFO - Processing file /home/beatriz/Documentos/airflow/airflow_venv/lib/python3.10/site-packages/airflow/example_dags/example_latest_only.py for tasks to queue
[2024-10-21T09:40:37.787-0300] {logging_mixin.py:188} INFO - [2024-10-21T09:40:37.787-0300] {dagbag.py:540} INFO - Filling up the DagBag from /home/beatriz/Documentos/airflow/airflow_venv/lib/python3.10/site-packages/airflow/example_dags/example_latest_only.py
[2024-10-21T09:40:37.792-0300] {processor.py:840} INFO - DAG(s) 'latest_only' retrieved from /home/beatriz/Documentos/airflow/airflow_venv/lib/python3.10/site-packages/airflow/example_dags/example_latest_only.py
[2024-10-21T09:40:37.806-0300] {logging_mixin.py:188} INFO - [2024-10-21T09:40:37.806-0300] {dag.py:3096} INFO - Sync 1 DAGs
[2024-10-21T09:40:37.822-0300] {logging_mixin.py:188} INFO - [2024-10-21T09:40:37.822-0300] {dag.py:3954} INFO - Setting next_dagrun for latest_only to 2024-10-21 08:00:00+00:00, run_after=2024-10-21 12:00:00+00:00
[2024-10-21T09:40:37.841-0300] {processor.py:183} INFO - Processing /home/beatriz/Documentos/airflow/airflow_venv/lib/python3.10/site-packages/airflow/example_dags/example_latest_only.py took 0.061 seconds
[2024-10-21T09:41:31.416-0300] {processor.py:161} INFO - Started process (PID=25547) to work on /home/beatriz/Documentos/airflow/airflow_venv/lib/python3.10/site-packages/airflow/example_dags/example_latest_only.py
[2024-10-21T09:41:31.418-0300] {processor.py:830} INFO - Processing file /home/beatriz/Documentos/airflow/airflow_venv/lib/python3.10/site-packages/airflow/example_dags/example_latest_only.py for tasks to queue
[2024-10-21T09:41:31.420-0300] {logging_mixin.py:188} INFO - [2024-10-21T09:41:31.419-0300] {dagbag.py:540} INFO - Filling up the DagBag from /home/beatriz/Documentos/airflow/airflow_venv/lib/python3.10/site-packages/airflow/example_dags/example_latest_only.py
[2024-10-21T09:41:31.425-0300] {processor.py:840} INFO - DAG(s) 'latest_only' retrieved from /home/beatriz/Documentos/airflow/airflow_venv/lib/python3.10/site-packages/airflow/example_dags/example_latest_only.py
[2024-10-21T09:41:31.446-0300] {logging_mixin.py:188} INFO - [2024-10-21T09:41:31.446-0300] {dag.py:3096} INFO - Sync 1 DAGs
[2024-10-21T09:41:31.461-0300] {logging_mixin.py:188} INFO - [2024-10-21T09:41:31.461-0300] {dag.py:3954} INFO - Setting next_dagrun for latest_only to 2024-10-21 08:00:00+00:00, run_after=2024-10-21 12:00:00+00:00
[2024-10-21T09:41:31.478-0300] {processor.py:183} INFO - Processing /home/beatriz/Documentos/airflow/airflow_venv/lib/python3.10/site-packages/airflow/example_dags/example_latest_only.py took 0.068 seconds
[2024-10-21T09:42:24.190-0300] {processor.py:161} INFO - Started process (PID=25999) to work on /home/beatriz/Documentos/airflow/airflow_venv/lib/python3.10/site-packages/airflow/example_dags/example_latest_only.py
[2024-10-21T09:42:24.193-0300] {processor.py:830} INFO - Processing file /home/beatriz/Documentos/airflow/airflow_venv/lib/python3.10/site-packages/airflow/example_dags/example_latest_only.py for tasks to queue
[2024-10-21T09:42:24.197-0300] {logging_mixin.py:188} INFO - [2024-10-21T09:42:24.196-0300] {dagbag.py:540} INFO - Filling up the DagBag from /home/beatriz/Documentos/airflow/airflow_venv/lib/python3.10/site-packages/airflow/example_dags/example_latest_only.py
[2024-10-21T09:42:24.207-0300] {processor.py:840} INFO - DAG(s) 'latest_only' retrieved from /home/beatriz/Documentos/airflow/airflow_venv/lib/python3.10/site-packages/airflow/example_dags/example_latest_only.py
[2024-10-21T09:42:24.226-0300] {logging_mixin.py:188} INFO - [2024-10-21T09:42:24.226-0300] {dag.py:3096} INFO - Sync 1 DAGs
[2024-10-21T09:42:24.245-0300] {logging_mixin.py:188} INFO - [2024-10-21T09:42:24.244-0300] {dag.py:3954} INFO - Setting next_dagrun for latest_only to 2024-10-21 08:00:00+00:00, run_after=2024-10-21 12:00:00+00:00
[2024-10-21T09:42:24.262-0300] {processor.py:183} INFO - Processing /home/beatriz/Documentos/airflow/airflow_venv/lib/python3.10/site-packages/airflow/example_dags/example_latest_only.py took 0.086 seconds
[2024-10-21T09:43:14.354-0300] {processor.py:161} INFO - Started process (PID=26495) to work on /home/beatriz/Documentos/airflow/airflow_venv/lib/python3.10/site-packages/airflow/example_dags/example_latest_only.py
[2024-10-21T09:43:14.356-0300] {processor.py:830} INFO - Processing file /home/beatriz/Documentos/airflow/airflow_venv/lib/python3.10/site-packages/airflow/example_dags/example_latest_only.py for tasks to queue
[2024-10-21T09:43:14.357-0300] {logging_mixin.py:188} INFO - [2024-10-21T09:43:14.357-0300] {dagbag.py:540} INFO - Filling up the DagBag from /home/beatriz/Documentos/airflow/airflow_venv/lib/python3.10/site-packages/airflow/example_dags/example_latest_only.py
[2024-10-21T09:43:14.361-0300] {processor.py:840} INFO - DAG(s) 'latest_only' retrieved from /home/beatriz/Documentos/airflow/airflow_venv/lib/python3.10/site-packages/airflow/example_dags/example_latest_only.py
[2024-10-21T09:43:14.374-0300] {logging_mixin.py:188} INFO - [2024-10-21T09:43:14.373-0300] {dag.py:3096} INFO - Sync 1 DAGs
[2024-10-21T09:43:14.390-0300] {logging_mixin.py:188} INFO - [2024-10-21T09:43:14.389-0300] {dag.py:3954} INFO - Setting next_dagrun for latest_only to 2024-10-21 08:00:00+00:00, run_after=2024-10-21 12:00:00+00:00
[2024-10-21T09:43:14.408-0300] {processor.py:183} INFO - Processing /home/beatriz/Documentos/airflow/airflow_venv/lib/python3.10/site-packages/airflow/example_dags/example_latest_only.py took 0.058 seconds
[2024-10-21T09:44:02.169-0300] {processor.py:161} INFO - Started process (PID=26951) to work on /home/beatriz/Documentos/airflow/airflow_venv/lib/python3.10/site-packages/airflow/example_dags/example_latest_only.py
[2024-10-21T09:44:02.171-0300] {processor.py:830} INFO - Processing file /home/beatriz/Documentos/airflow/airflow_venv/lib/python3.10/site-packages/airflow/example_dags/example_latest_only.py for tasks to queue
[2024-10-21T09:44:02.173-0300] {logging_mixin.py:188} INFO - [2024-10-21T09:44:02.173-0300] {dagbag.py:540} INFO - Filling up the DagBag from /home/beatriz/Documentos/airflow/airflow_venv/lib/python3.10/site-packages/airflow/example_dags/example_latest_only.py
[2024-10-21T09:44:02.182-0300] {processor.py:840} INFO - DAG(s) 'latest_only' retrieved from /home/beatriz/Documentos/airflow/airflow_venv/lib/python3.10/site-packages/airflow/example_dags/example_latest_only.py
[2024-10-21T09:44:02.207-0300] {logging_mixin.py:188} INFO - [2024-10-21T09:44:02.206-0300] {dag.py:3096} INFO - Sync 1 DAGs
[2024-10-21T09:44:02.238-0300] {logging_mixin.py:188} INFO - [2024-10-21T09:44:02.238-0300] {dag.py:3954} INFO - Setting next_dagrun for latest_only to 2024-10-21 08:00:00+00:00, run_after=2024-10-21 12:00:00+00:00
[2024-10-21T09:44:02.262-0300] {processor.py:183} INFO - Processing /home/beatriz/Documentos/airflow/airflow_venv/lib/python3.10/site-packages/airflow/example_dags/example_latest_only.py took 0.104 seconds
