[2024-10-21T08:39:20.282-0300] {processor.py:161} INFO - Started process (PID=7076) to work on /home/beatriz/Documentos/airflow/airflow_venv/lib/python3.10/site-packages/airflow/example_dags/example_dag_decorator.py
[2024-10-21T08:39:20.284-0300] {processor.py:830} INFO - Processing file /home/beatriz/Documentos/airflow/airflow_venv/lib/python3.10/site-packages/airflow/example_dags/example_dag_decorator.py for tasks to queue
[2024-10-21T08:39:20.286-0300] {logging_mixin.py:188} INFO - [2024-10-21T08:39:20.286-0300] {dagbag.py:540} INFO - Filling up the DagBag from /home/beatriz/Documentos/airflow/airflow_venv/lib/python3.10/site-packages/airflow/example_dags/example_dag_decorator.py
[2024-10-21T08:39:20.379-0300] {processor.py:840} INFO - DAG(s) 'example_dag_decorator' retrieved from /home/beatriz/Documentos/airflow/airflow_venv/lib/python3.10/site-packages/airflow/example_dags/example_dag_decorator.py
[2024-10-21T08:39:20.523-0300] {logging_mixin.py:188} INFO - [2024-10-21T08:39:20.523-0300] {dag.py:3096} INFO - Sync 1 DAGs
[2024-10-21T08:39:20.530-0300] {logging_mixin.py:188} INFO - [2024-10-21T08:39:20.530-0300] {dag.py:3954} INFO - Setting next_dagrun for example_dag_decorator to None, run_after=None
[2024-10-21T08:39:20.548-0300] {processor.py:183} INFO - Processing /home/beatriz/Documentos/airflow/airflow_venv/lib/python3.10/site-packages/airflow/example_dags/example_dag_decorator.py took 0.275 seconds
[2024-10-21T08:40:17.930-0300] {processor.py:161} INFO - Started process (PID=7257) to work on /home/beatriz/Documentos/airflow/airflow_venv/lib/python3.10/site-packages/airflow/example_dags/example_dag_decorator.py
[2024-10-21T08:40:17.932-0300] {processor.py:830} INFO - Processing file /home/beatriz/Documentos/airflow/airflow_venv/lib/python3.10/site-packages/airflow/example_dags/example_dag_decorator.py for tasks to queue
[2024-10-21T08:40:17.933-0300] {logging_mixin.py:188} INFO - [2024-10-21T08:40:17.933-0300] {dagbag.py:540} INFO - Filling up the DagBag from /home/beatriz/Documentos/airflow/airflow_venv/lib/python3.10/site-packages/airflow/example_dags/example_dag_decorator.py
[2024-10-21T08:40:17.998-0300] {processor.py:840} INFO - DAG(s) 'example_dag_decorator' retrieved from /home/beatriz/Documentos/airflow/airflow_venv/lib/python3.10/site-packages/airflow/example_dags/example_dag_decorator.py
[2024-10-21T08:40:18.139-0300] {logging_mixin.py:188} INFO - [2024-10-21T08:40:18.139-0300] {dag.py:3096} INFO - Sync 1 DAGs
[2024-10-21T08:40:18.146-0300] {logging_mixin.py:188} INFO - [2024-10-21T08:40:18.146-0300] {dag.py:3954} INFO - Setting next_dagrun for example_dag_decorator to None, run_after=None
[2024-10-21T08:40:18.165-0300] {processor.py:183} INFO - Processing /home/beatriz/Documentos/airflow/airflow_venv/lib/python3.10/site-packages/airflow/example_dags/example_dag_decorator.py took 0.240 seconds
[2024-10-21T08:41:09.425-0300] {processor.py:161} INFO - Started process (PID=7412) to work on /home/beatriz/Documentos/airflow/airflow_venv/lib/python3.10/site-packages/airflow/example_dags/example_dag_decorator.py
[2024-10-21T08:41:09.426-0300] {processor.py:830} INFO - Processing file /home/beatriz/Documentos/airflow/airflow_venv/lib/python3.10/site-packages/airflow/example_dags/example_dag_decorator.py for tasks to queue
[2024-10-21T08:41:09.428-0300] {logging_mixin.py:188} INFO - [2024-10-21T08:41:09.428-0300] {dagbag.py:540} INFO - Filling up the DagBag from /home/beatriz/Documentos/airflow/airflow_venv/lib/python3.10/site-packages/airflow/example_dags/example_dag_decorator.py
[2024-10-21T08:41:09.572-0300] {processor.py:840} INFO - DAG(s) 'example_dag_decorator' retrieved from /home/beatriz/Documentos/airflow/airflow_venv/lib/python3.10/site-packages/airflow/example_dags/example_dag_decorator.py
[2024-10-21T08:41:09.639-0300] {logging_mixin.py:188} INFO - [2024-10-21T08:41:09.638-0300] {dag.py:3096} INFO - Sync 1 DAGs
[2024-10-21T08:41:09.645-0300] {logging_mixin.py:188} INFO - [2024-10-21T08:41:09.644-0300] {dag.py:3954} INFO - Setting next_dagrun for example_dag_decorator to None, run_after=None
[2024-10-21T08:41:09.660-0300] {processor.py:183} INFO - Processing /home/beatriz/Documentos/airflow/airflow_venv/lib/python3.10/site-packages/airflow/example_dags/example_dag_decorator.py took 0.243 seconds
[2024-10-21T08:42:23.467-0300] {processor.py:161} INFO - Started process (PID=14318) to work on /home/beatriz/Documentos/airflow/airflow_venv/lib/python3.10/site-packages/airflow/example_dags/example_dag_decorator.py
[2024-10-21T08:42:23.469-0300] {processor.py:830} INFO - Processing file /home/beatriz/Documentos/airflow/airflow_venv/lib/python3.10/site-packages/airflow/example_dags/example_dag_decorator.py for tasks to queue
[2024-10-21T08:42:23.471-0300] {logging_mixin.py:188} INFO - [2024-10-21T08:42:23.471-0300] {dagbag.py:540} INFO - Filling up the DagBag from /home/beatriz/Documentos/airflow/airflow_venv/lib/python3.10/site-packages/airflow/example_dags/example_dag_decorator.py
[2024-10-21T08:42:23.576-0300] {processor.py:840} INFO - DAG(s) 'example_dag_decorator' retrieved from /home/beatriz/Documentos/airflow/airflow_venv/lib/python3.10/site-packages/airflow/example_dags/example_dag_decorator.py
[2024-10-21T08:42:23.686-0300] {logging_mixin.py:188} INFO - [2024-10-21T08:42:23.686-0300] {dag.py:3096} INFO - Sync 1 DAGs
[2024-10-21T08:42:23.699-0300] {logging_mixin.py:188} INFO - [2024-10-21T08:42:23.699-0300] {dag.py:3954} INFO - Setting next_dagrun for example_dag_decorator to None, run_after=None
[2024-10-21T08:42:23.735-0300] {processor.py:183} INFO - Processing /home/beatriz/Documentos/airflow/airflow_venv/lib/python3.10/site-packages/airflow/example_dags/example_dag_decorator.py took 0.276 seconds
[2024-10-21T08:43:14.409-0300] {processor.py:161} INFO - Started process (PID=14742) to work on /home/beatriz/Documentos/airflow/airflow_venv/lib/python3.10/site-packages/airflow/example_dags/example_dag_decorator.py
[2024-10-21T08:43:14.411-0300] {processor.py:830} INFO - Processing file /home/beatriz/Documentos/airflow/airflow_venv/lib/python3.10/site-packages/airflow/example_dags/example_dag_decorator.py for tasks to queue
[2024-10-21T08:43:14.413-0300] {logging_mixin.py:188} INFO - [2024-10-21T08:43:14.413-0300] {dagbag.py:540} INFO - Filling up the DagBag from /home/beatriz/Documentos/airflow/airflow_venv/lib/python3.10/site-packages/airflow/example_dags/example_dag_decorator.py
[2024-10-21T08:43:14.487-0300] {processor.py:840} INFO - DAG(s) 'example_dag_decorator' retrieved from /home/beatriz/Documentos/airflow/airflow_venv/lib/python3.10/site-packages/airflow/example_dags/example_dag_decorator.py
[2024-10-21T08:43:14.551-0300] {logging_mixin.py:188} INFO - [2024-10-21T08:43:14.551-0300] {dag.py:3096} INFO - Sync 1 DAGs
[2024-10-21T08:43:14.558-0300] {logging_mixin.py:188} INFO - [2024-10-21T08:43:14.558-0300] {dag.py:3954} INFO - Setting next_dagrun for example_dag_decorator to None, run_after=None
[2024-10-21T08:43:14.576-0300] {processor.py:183} INFO - Processing /home/beatriz/Documentos/airflow/airflow_venv/lib/python3.10/site-packages/airflow/example_dags/example_dag_decorator.py took 0.172 seconds
[2024-10-21T08:45:49.638-0300] {processor.py:161} INFO - Started process (PID=17117) to work on /home/beatriz/Documentos/airflow/airflow_venv/lib/python3.10/site-packages/airflow/example_dags/example_dag_decorator.py
[2024-10-21T08:45:49.640-0300] {processor.py:830} INFO - Processing file /home/beatriz/Documentos/airflow/airflow_venv/lib/python3.10/site-packages/airflow/example_dags/example_dag_decorator.py for tasks to queue
[2024-10-21T08:45:49.643-0300] {logging_mixin.py:188} INFO - [2024-10-21T08:45:49.642-0300] {dagbag.py:540} INFO - Filling up the DagBag from /home/beatriz/Documentos/airflow/airflow_venv/lib/python3.10/site-packages/airflow/example_dags/example_dag_decorator.py
[2024-10-21T08:45:49.725-0300] {processor.py:840} INFO - DAG(s) 'example_dag_decorator' retrieved from /home/beatriz/Documentos/airflow/airflow_venv/lib/python3.10/site-packages/airflow/example_dags/example_dag_decorator.py
[2024-10-21T08:45:49.874-0300] {logging_mixin.py:188} INFO - [2024-10-21T08:45:49.873-0300] {dag.py:3096} INFO - Sync 1 DAGs
[2024-10-21T08:45:49.881-0300] {logging_mixin.py:188} INFO - [2024-10-21T08:45:49.881-0300] {dag.py:3954} INFO - Setting next_dagrun for example_dag_decorator to None, run_after=None
[2024-10-21T08:45:49.902-0300] {processor.py:183} INFO - Processing /home/beatriz/Documentos/airflow/airflow_venv/lib/python3.10/site-packages/airflow/example_dags/example_dag_decorator.py took 0.271 seconds
[2024-10-21T08:47:08.918-0300] {processor.py:161} INFO - Started process (PID=18034) to work on /home/beatriz/Documentos/airflow/airflow_venv/lib/python3.10/site-packages/airflow/example_dags/example_dag_decorator.py
[2024-10-21T08:47:08.922-0300] {processor.py:830} INFO - Processing file /home/beatriz/Documentos/airflow/airflow_venv/lib/python3.10/site-packages/airflow/example_dags/example_dag_decorator.py for tasks to queue
[2024-10-21T08:47:08.924-0300] {logging_mixin.py:188} INFO - [2024-10-21T08:47:08.923-0300] {dagbag.py:540} INFO - Filling up the DagBag from /home/beatriz/Documentos/airflow/airflow_venv/lib/python3.10/site-packages/airflow/example_dags/example_dag_decorator.py
[2024-10-21T08:47:09.069-0300] {processor.py:840} INFO - DAG(s) 'example_dag_decorator' retrieved from /home/beatriz/Documentos/airflow/airflow_venv/lib/python3.10/site-packages/airflow/example_dags/example_dag_decorator.py
[2024-10-21T08:47:09.147-0300] {logging_mixin.py:188} INFO - [2024-10-21T08:47:09.146-0300] {dag.py:3096} INFO - Sync 1 DAGs
[2024-10-21T08:47:09.154-0300] {logging_mixin.py:188} INFO - [2024-10-21T08:47:09.154-0300] {dag.py:3954} INFO - Setting next_dagrun for example_dag_decorator to None, run_after=None
[2024-10-21T08:47:09.175-0300] {processor.py:183} INFO - Processing /home/beatriz/Documentos/airflow/airflow_venv/lib/python3.10/site-packages/airflow/example_dags/example_dag_decorator.py took 0.269 seconds
[2024-10-21T09:36:51.812-0300] {processor.py:161} INFO - Started process (PID=21598) to work on /home/beatriz/Documentos/airflow/airflow_venv/lib/python3.10/site-packages/airflow/example_dags/example_dag_decorator.py
[2024-10-21T09:36:51.813-0300] {processor.py:830} INFO - Processing file /home/beatriz/Documentos/airflow/airflow_venv/lib/python3.10/site-packages/airflow/example_dags/example_dag_decorator.py for tasks to queue
[2024-10-21T09:36:51.816-0300] {logging_mixin.py:188} INFO - [2024-10-21T09:36:51.815-0300] {dagbag.py:540} INFO - Filling up the DagBag from /home/beatriz/Documentos/airflow/airflow_venv/lib/python3.10/site-packages/airflow/example_dags/example_dag_decorator.py
[2024-10-21T09:36:51.892-0300] {processor.py:840} INFO - DAG(s) 'example_dag_decorator' retrieved from /home/beatriz/Documentos/airflow/airflow_venv/lib/python3.10/site-packages/airflow/example_dags/example_dag_decorator.py
[2024-10-21T09:36:52.044-0300] {logging_mixin.py:188} INFO - [2024-10-21T09:36:52.043-0300] {dag.py:3096} INFO - Sync 1 DAGs
[2024-10-21T09:36:52.051-0300] {logging_mixin.py:188} INFO - [2024-10-21T09:36:52.051-0300] {dag.py:3954} INFO - Setting next_dagrun for example_dag_decorator to None, run_after=None
[2024-10-21T09:36:52.070-0300] {processor.py:183} INFO - Processing /home/beatriz/Documentos/airflow/airflow_venv/lib/python3.10/site-packages/airflow/example_dags/example_dag_decorator.py took 0.268 seconds
[2024-10-21T09:37:59.750-0300] {processor.py:161} INFO - Started process (PID=22445) to work on /home/beatriz/Documentos/airflow/airflow_venv/lib/python3.10/site-packages/airflow/example_dags/example_dag_decorator.py
[2024-10-21T09:37:59.752-0300] {processor.py:830} INFO - Processing file /home/beatriz/Documentos/airflow/airflow_venv/lib/python3.10/site-packages/airflow/example_dags/example_dag_decorator.py for tasks to queue
[2024-10-21T09:37:59.755-0300] {logging_mixin.py:188} INFO - [2024-10-21T09:37:59.754-0300] {dagbag.py:540} INFO - Filling up the DagBag from /home/beatriz/Documentos/airflow/airflow_venv/lib/python3.10/site-packages/airflow/example_dags/example_dag_decorator.py
[2024-10-21T09:37:59.850-0300] {processor.py:840} INFO - DAG(s) 'example_dag_decorator' retrieved from /home/beatriz/Documentos/airflow/airflow_venv/lib/python3.10/site-packages/airflow/example_dags/example_dag_decorator.py
[2024-10-21T09:37:59.997-0300] {logging_mixin.py:188} INFO - [2024-10-21T09:37:59.996-0300] {dag.py:3096} INFO - Sync 1 DAGs
[2024-10-21T09:38:00.004-0300] {logging_mixin.py:188} INFO - [2024-10-21T09:38:00.004-0300] {dag.py:3954} INFO - Setting next_dagrun for example_dag_decorator to None, run_after=None
[2024-10-21T09:38:00.025-0300] {processor.py:183} INFO - Processing /home/beatriz/Documentos/airflow/airflow_venv/lib/python3.10/site-packages/airflow/example_dags/example_dag_decorator.py took 0.284 seconds
[2024-10-21T09:39:46.504-0300] {processor.py:161} INFO - Started process (PID=24656) to work on /home/beatriz/Documentos/airflow/airflow_venv/lib/python3.10/site-packages/airflow/example_dags/example_dag_decorator.py
[2024-10-21T09:39:46.505-0300] {processor.py:830} INFO - Processing file /home/beatriz/Documentos/airflow/airflow_venv/lib/python3.10/site-packages/airflow/example_dags/example_dag_decorator.py for tasks to queue
[2024-10-21T09:39:46.506-0300] {logging_mixin.py:188} INFO - [2024-10-21T09:39:46.506-0300] {dagbag.py:540} INFO - Filling up the DagBag from /home/beatriz/Documentos/airflow/airflow_venv/lib/python3.10/site-packages/airflow/example_dags/example_dag_decorator.py
[2024-10-21T09:39:46.644-0300] {processor.py:840} INFO - DAG(s) 'example_dag_decorator' retrieved from /home/beatriz/Documentos/airflow/airflow_venv/lib/python3.10/site-packages/airflow/example_dags/example_dag_decorator.py
[2024-10-21T09:39:46.706-0300] {logging_mixin.py:188} INFO - [2024-10-21T09:39:46.706-0300] {dag.py:3096} INFO - Sync 1 DAGs
[2024-10-21T09:39:46.712-0300] {logging_mixin.py:188} INFO - [2024-10-21T09:39:46.712-0300] {dag.py:3954} INFO - Setting next_dagrun for example_dag_decorator to None, run_after=None
[2024-10-21T09:39:46.729-0300] {processor.py:183} INFO - Processing /home/beatriz/Documentos/airflow/airflow_venv/lib/python3.10/site-packages/airflow/example_dags/example_dag_decorator.py took 0.229 seconds
[2024-10-21T09:40:44.803-0300] {processor.py:161} INFO - Started process (PID=25118) to work on /home/beatriz/Documentos/airflow/airflow_venv/lib/python3.10/site-packages/airflow/example_dags/example_dag_decorator.py
[2024-10-21T09:40:44.806-0300] {processor.py:830} INFO - Processing file /home/beatriz/Documentos/airflow/airflow_venv/lib/python3.10/site-packages/airflow/example_dags/example_dag_decorator.py for tasks to queue
[2024-10-21T09:40:44.807-0300] {logging_mixin.py:188} INFO - [2024-10-21T09:40:44.807-0300] {dagbag.py:540} INFO - Filling up the DagBag from /home/beatriz/Documentos/airflow/airflow_venv/lib/python3.10/site-packages/airflow/example_dags/example_dag_decorator.py
[2024-10-21T09:40:44.885-0300] {processor.py:840} INFO - DAG(s) 'example_dag_decorator' retrieved from /home/beatriz/Documentos/airflow/airflow_venv/lib/python3.10/site-packages/airflow/example_dags/example_dag_decorator.py
[2024-10-21T09:40:44.961-0300] {logging_mixin.py:188} INFO - [2024-10-21T09:40:44.960-0300] {dag.py:3096} INFO - Sync 1 DAGs
[2024-10-21T09:40:44.968-0300] {logging_mixin.py:188} INFO - [2024-10-21T09:40:44.968-0300] {dag.py:3954} INFO - Setting next_dagrun for example_dag_decorator to None, run_after=None
[2024-10-21T09:40:44.986-0300] {processor.py:183} INFO - Processing /home/beatriz/Documentos/airflow/airflow_venv/lib/python3.10/site-packages/airflow/example_dags/example_dag_decorator.py took 0.191 seconds
[2024-10-21T09:41:37.253-0300] {processor.py:161} INFO - Started process (PID=25561) to work on /home/beatriz/Documentos/airflow/airflow_venv/lib/python3.10/site-packages/airflow/example_dags/example_dag_decorator.py
[2024-10-21T09:41:37.256-0300] {processor.py:830} INFO - Processing file /home/beatriz/Documentos/airflow/airflow_venv/lib/python3.10/site-packages/airflow/example_dags/example_dag_decorator.py for tasks to queue
[2024-10-21T09:41:37.260-0300] {logging_mixin.py:188} INFO - [2024-10-21T09:41:37.259-0300] {dagbag.py:540} INFO - Filling up the DagBag from /home/beatriz/Documentos/airflow/airflow_venv/lib/python3.10/site-packages/airflow/example_dags/example_dag_decorator.py
[2024-10-21T09:41:37.332-0300] {processor.py:840} INFO - DAG(s) 'example_dag_decorator' retrieved from /home/beatriz/Documentos/airflow/airflow_venv/lib/python3.10/site-packages/airflow/example_dags/example_dag_decorator.py
[2024-10-21T09:41:37.398-0300] {logging_mixin.py:188} INFO - [2024-10-21T09:41:37.397-0300] {dag.py:3096} INFO - Sync 1 DAGs
[2024-10-21T09:41:37.405-0300] {logging_mixin.py:188} INFO - [2024-10-21T09:41:37.405-0300] {dag.py:3954} INFO - Setting next_dagrun for example_dag_decorator to None, run_after=None
[2024-10-21T09:41:37.421-0300] {processor.py:183} INFO - Processing /home/beatriz/Documentos/airflow/airflow_venv/lib/python3.10/site-packages/airflow/example_dags/example_dag_decorator.py took 0.182 seconds
[2024-10-21T09:42:51.822-0300] {processor.py:161} INFO - Started process (PID=26389) to work on /home/beatriz/Documentos/airflow/airflow_venv/lib/python3.10/site-packages/airflow/example_dags/example_dag_decorator.py
[2024-10-21T09:42:51.824-0300] {processor.py:830} INFO - Processing file /home/beatriz/Documentos/airflow/airflow_venv/lib/python3.10/site-packages/airflow/example_dags/example_dag_decorator.py for tasks to queue
[2024-10-21T09:42:51.827-0300] {logging_mixin.py:188} INFO - [2024-10-21T09:42:51.826-0300] {dagbag.py:540} INFO - Filling up the DagBag from /home/beatriz/Documentos/airflow/airflow_venv/lib/python3.10/site-packages/airflow/example_dags/example_dag_decorator.py
[2024-10-21T09:42:51.910-0300] {processor.py:840} INFO - DAG(s) 'example_dag_decorator' retrieved from /home/beatriz/Documentos/airflow/airflow_venv/lib/python3.10/site-packages/airflow/example_dags/example_dag_decorator.py
[2024-10-21T09:42:51.973-0300] {logging_mixin.py:188} INFO - [2024-10-21T09:42:51.973-0300] {dag.py:3096} INFO - Sync 1 DAGs
[2024-10-21T09:42:51.979-0300] {logging_mixin.py:188} INFO - [2024-10-21T09:42:51.979-0300] {dag.py:3954} INFO - Setting next_dagrun for example_dag_decorator to None, run_after=None
[2024-10-21T09:42:51.997-0300] {processor.py:183} INFO - Processing /home/beatriz/Documentos/airflow/airflow_venv/lib/python3.10/site-packages/airflow/example_dags/example_dag_decorator.py took 0.181 seconds
[2024-10-21T09:44:02.518-0300] {processor.py:161} INFO - Started process (PID=26954) to work on /home/beatriz/Documentos/airflow/airflow_venv/lib/python3.10/site-packages/airflow/example_dags/example_dag_decorator.py
[2024-10-21T09:44:02.521-0300] {processor.py:830} INFO - Processing file /home/beatriz/Documentos/airflow/airflow_venv/lib/python3.10/site-packages/airflow/example_dags/example_dag_decorator.py for tasks to queue
[2024-10-21T09:44:02.524-0300] {logging_mixin.py:188} INFO - [2024-10-21T09:44:02.524-0300] {dagbag.py:540} INFO - Filling up the DagBag from /home/beatriz/Documentos/airflow/airflow_venv/lib/python3.10/site-packages/airflow/example_dags/example_dag_decorator.py
[2024-10-21T09:44:02.613-0300] {processor.py:840} INFO - DAG(s) 'example_dag_decorator' retrieved from /home/beatriz/Documentos/airflow/airflow_venv/lib/python3.10/site-packages/airflow/example_dags/example_dag_decorator.py
[2024-10-21T09:44:02.627-0300] {logging_mixin.py:188} INFO - [2024-10-21T09:44:02.627-0300] {dag.py:3096} INFO - Sync 1 DAGs
[2024-10-21T09:44:02.635-0300] {logging_mixin.py:188} INFO - [2024-10-21T09:44:02.635-0300] {dag.py:3954} INFO - Setting next_dagrun for example_dag_decorator to None, run_after=None
[2024-10-21T09:44:02.652-0300] {processor.py:183} INFO - Processing /home/beatriz/Documentos/airflow/airflow_venv/lib/python3.10/site-packages/airflow/example_dags/example_dag_decorator.py took 0.148 seconds
