[2024-10-21T08:38:56.379-0300] {processor.py:161} INFO - Started process (PID=6857) to work on /home/beatriz/Documentos/airflow/airflow_venv/lib/python3.10/site-packages/airflow/example_dags/example_subdag_operator.py
[2024-10-21T08:38:56.381-0300] {processor.py:830} INFO - Processing file /home/beatriz/Documentos/airflow/airflow_venv/lib/python3.10/site-packages/airflow/example_dags/example_subdag_operator.py for tasks to queue
[2024-10-21T08:38:56.385-0300] {logging_mixin.py:188} INFO - [2024-10-21T08:38:56.384-0300] {dagbag.py:540} INFO - Filling up the DagBag from /home/beatriz/Documentos/airflow/airflow_venv/lib/python3.10/site-packages/airflow/example_dags/example_subdag_operator.py
[2024-10-21T08:38:56.410-0300] {processor.py:840} INFO - DAG(s) 'example_subdag_operator.section-1', 'example_subdag_operator.section-2', 'example_subdag_operator' retrieved from /home/beatriz/Documentos/airflow/airflow_venv/lib/python3.10/site-packages/airflow/example_dags/example_subdag_operator.py
[2024-10-21T08:38:56.413-0300] {logging_mixin.py:188} INFO - [2024-10-21T08:38:56.413-0300] {dag.py:3096} INFO - Sync 3 DAGs
[2024-10-21T08:38:56.428-0300] {logging_mixin.py:188} INFO - [2024-10-21T08:38:56.428-0300] {dag.py:3954} INFO - Setting next_dagrun for example_subdag_operator to 2022-01-01 00:00:00+00:00, run_after=2022-01-01 00:00:00+00:00
[2024-10-21T08:38:56.431-0300] {logging_mixin.py:188} INFO - [2024-10-21T08:38:56.431-0300] {dag.py:3954} INFO - Setting next_dagrun for example_subdag_operator.section-1 to None, run_after=None
[2024-10-21T08:38:56.432-0300] {logging_mixin.py:188} INFO - [2024-10-21T08:38:56.431-0300] {dag.py:3954} INFO - Setting next_dagrun for example_subdag_operator.section-2 to None, run_after=None
[2024-10-21T08:38:56.436-0300] {logging_mixin.py:188} INFO - [2024-10-21T08:38:56.436-0300] {dag.py:3096} INFO - Sync 2 DAGs
[2024-10-21T08:38:56.440-0300] {logging_mixin.py:188} INFO - [2024-10-21T08:38:56.440-0300] {dag.py:3954} INFO - Setting next_dagrun for example_subdag_operator.section-1 to None, run_after=None
[2024-10-21T08:38:56.441-0300] {logging_mixin.py:188} INFO - [2024-10-21T08:38:56.440-0300] {dag.py:3954} INFO - Setting next_dagrun for example_subdag_operator.section-2 to None, run_after=None
[2024-10-21T08:38:56.477-0300] {processor.py:183} INFO - Processing /home/beatriz/Documentos/airflow/airflow_venv/lib/python3.10/site-packages/airflow/example_dags/example_subdag_operator.py took 0.107 seconds
[2024-10-21T08:39:52.054-0300] {processor.py:161} INFO - Started process (PID=7205) to work on /home/beatriz/Documentos/airflow/airflow_venv/lib/python3.10/site-packages/airflow/example_dags/example_subdag_operator.py
[2024-10-21T08:39:52.055-0300] {processor.py:830} INFO - Processing file /home/beatriz/Documentos/airflow/airflow_venv/lib/python3.10/site-packages/airflow/example_dags/example_subdag_operator.py for tasks to queue
[2024-10-21T08:39:52.057-0300] {logging_mixin.py:188} INFO - [2024-10-21T08:39:52.057-0300] {dagbag.py:540} INFO - Filling up the DagBag from /home/beatriz/Documentos/airflow/airflow_venv/lib/python3.10/site-packages/airflow/example_dags/example_subdag_operator.py
[2024-10-21T08:39:52.073-0300] {processor.py:840} INFO - DAG(s) 'example_subdag_operator.section-1', 'example_subdag_operator.section-2', 'example_subdag_operator' retrieved from /home/beatriz/Documentos/airflow/airflow_venv/lib/python3.10/site-packages/airflow/example_dags/example_subdag_operator.py
[2024-10-21T08:39:52.161-0300] {logging_mixin.py:188} INFO - [2024-10-21T08:39:52.161-0300] {dag.py:3096} INFO - Sync 3 DAGs
[2024-10-21T08:39:52.294-0300] {logging_mixin.py:188} INFO - [2024-10-21T08:39:52.293-0300] {dag.py:3954} INFO - Setting next_dagrun for example_subdag_operator to 2022-01-01 00:00:00+00:00, run_after=2022-01-01 00:00:00+00:00
[2024-10-21T08:39:52.298-0300] {logging_mixin.py:188} INFO - [2024-10-21T08:39:52.297-0300] {dag.py:3954} INFO - Setting next_dagrun for example_subdag_operator.section-1 to None, run_after=None
[2024-10-21T08:39:52.299-0300] {logging_mixin.py:188} INFO - [2024-10-21T08:39:52.299-0300] {dag.py:3954} INFO - Setting next_dagrun for example_subdag_operator.section-2 to None, run_after=None
[2024-10-21T08:39:52.306-0300] {logging_mixin.py:188} INFO - [2024-10-21T08:39:52.305-0300] {dag.py:3096} INFO - Sync 2 DAGs
[2024-10-21T08:39:52.311-0300] {logging_mixin.py:188} INFO - [2024-10-21T08:39:52.310-0300] {dag.py:3954} INFO - Setting next_dagrun for example_subdag_operator.section-1 to None, run_after=None
[2024-10-21T08:39:52.312-0300] {logging_mixin.py:188} INFO - [2024-10-21T08:39:52.311-0300] {dag.py:3954} INFO - Setting next_dagrun for example_subdag_operator.section-2 to None, run_after=None
[2024-10-21T08:39:52.329-0300] {processor.py:183} INFO - Processing /home/beatriz/Documentos/airflow/airflow_venv/lib/python3.10/site-packages/airflow/example_dags/example_subdag_operator.py took 0.281 seconds
[2024-10-21T08:40:45.995-0300] {processor.py:161} INFO - Started process (PID=7373) to work on /home/beatriz/Documentos/airflow/airflow_venv/lib/python3.10/site-packages/airflow/example_dags/example_subdag_operator.py
[2024-10-21T08:40:45.998-0300] {processor.py:830} INFO - Processing file /home/beatriz/Documentos/airflow/airflow_venv/lib/python3.10/site-packages/airflow/example_dags/example_subdag_operator.py for tasks to queue
[2024-10-21T08:40:46.001-0300] {logging_mixin.py:188} INFO - [2024-10-21T08:40:46.001-0300] {dagbag.py:540} INFO - Filling up the DagBag from /home/beatriz/Documentos/airflow/airflow_venv/lib/python3.10/site-packages/airflow/example_dags/example_subdag_operator.py
[2024-10-21T08:40:46.028-0300] {processor.py:840} INFO - DAG(s) 'example_subdag_operator.section-1', 'example_subdag_operator.section-2', 'example_subdag_operator' retrieved from /home/beatriz/Documentos/airflow/airflow_venv/lib/python3.10/site-packages/airflow/example_dags/example_subdag_operator.py
[2024-10-21T08:40:46.040-0300] {logging_mixin.py:188} INFO - [2024-10-21T08:40:46.040-0300] {dag.py:3096} INFO - Sync 3 DAGs
[2024-10-21T08:40:46.054-0300] {logging_mixin.py:188} INFO - [2024-10-21T08:40:46.054-0300] {dag.py:3954} INFO - Setting next_dagrun for example_subdag_operator to 2022-01-01 00:00:00+00:00, run_after=2022-01-01 00:00:00+00:00
[2024-10-21T08:40:46.056-0300] {logging_mixin.py:188} INFO - [2024-10-21T08:40:46.056-0300] {dag.py:3954} INFO - Setting next_dagrun for example_subdag_operator.section-1 to None, run_after=None
[2024-10-21T08:40:46.057-0300] {logging_mixin.py:188} INFO - [2024-10-21T08:40:46.057-0300] {dag.py:3954} INFO - Setting next_dagrun for example_subdag_operator.section-2 to None, run_after=None
[2024-10-21T08:40:46.061-0300] {logging_mixin.py:188} INFO - [2024-10-21T08:40:46.061-0300] {dag.py:3096} INFO - Sync 2 DAGs
[2024-10-21T08:40:46.064-0300] {logging_mixin.py:188} INFO - [2024-10-21T08:40:46.064-0300] {dag.py:3954} INFO - Setting next_dagrun for example_subdag_operator.section-1 to None, run_after=None
[2024-10-21T08:40:46.065-0300] {logging_mixin.py:188} INFO - [2024-10-21T08:40:46.065-0300] {dag.py:3954} INFO - Setting next_dagrun for example_subdag_operator.section-2 to None, run_after=None
[2024-10-21T08:40:46.076-0300] {processor.py:183} INFO - Processing /home/beatriz/Documentos/airflow/airflow_venv/lib/python3.10/site-packages/airflow/example_dags/example_subdag_operator.py took 0.089 seconds
[2024-10-21T08:41:40.078-0300] {processor.py:161} INFO - Started process (PID=14112) to work on /home/beatriz/Documentos/airflow/airflow_venv/lib/python3.10/site-packages/airflow/example_dags/example_subdag_operator.py
[2024-10-21T08:41:40.080-0300] {processor.py:830} INFO - Processing file /home/beatriz/Documentos/airflow/airflow_venv/lib/python3.10/site-packages/airflow/example_dags/example_subdag_operator.py for tasks to queue
[2024-10-21T08:41:40.081-0300] {logging_mixin.py:188} INFO - [2024-10-21T08:41:40.081-0300] {dagbag.py:540} INFO - Filling up the DagBag from /home/beatriz/Documentos/airflow/airflow_venv/lib/python3.10/site-packages/airflow/example_dags/example_subdag_operator.py
[2024-10-21T08:41:40.098-0300] {processor.py:840} INFO - DAG(s) 'example_subdag_operator.section-1', 'example_subdag_operator.section-2', 'example_subdag_operator' retrieved from /home/beatriz/Documentos/airflow/airflow_venv/lib/python3.10/site-packages/airflow/example_dags/example_subdag_operator.py
[2024-10-21T08:41:40.110-0300] {logging_mixin.py:188} INFO - [2024-10-21T08:41:40.110-0300] {dag.py:3096} INFO - Sync 3 DAGs
[2024-10-21T08:41:40.195-0300] {logging_mixin.py:188} INFO - [2024-10-21T08:41:40.195-0300] {dag.py:3954} INFO - Setting next_dagrun for example_subdag_operator to 2022-01-01 00:00:00+00:00, run_after=2022-01-01 00:00:00+00:00
[2024-10-21T08:41:40.198-0300] {logging_mixin.py:188} INFO - [2024-10-21T08:41:40.198-0300] {dag.py:3954} INFO - Setting next_dagrun for example_subdag_operator.section-1 to None, run_after=None
[2024-10-21T08:41:40.199-0300] {logging_mixin.py:188} INFO - [2024-10-21T08:41:40.199-0300] {dag.py:3954} INFO - Setting next_dagrun for example_subdag_operator.section-2 to None, run_after=None
[2024-10-21T08:41:40.203-0300] {logging_mixin.py:188} INFO - [2024-10-21T08:41:40.203-0300] {dag.py:3096} INFO - Sync 2 DAGs
[2024-10-21T08:41:40.206-0300] {logging_mixin.py:188} INFO - [2024-10-21T08:41:40.206-0300] {dag.py:3954} INFO - Setting next_dagrun for example_subdag_operator.section-1 to None, run_after=None
[2024-10-21T08:41:40.206-0300] {logging_mixin.py:188} INFO - [2024-10-21T08:41:40.206-0300] {dag.py:3954} INFO - Setting next_dagrun for example_subdag_operator.section-2 to None, run_after=None
[2024-10-21T08:41:40.218-0300] {processor.py:183} INFO - Processing /home/beatriz/Documentos/airflow/airflow_venv/lib/python3.10/site-packages/airflow/example_dags/example_subdag_operator.py took 0.145 seconds
[2024-10-21T08:42:34.632-0300] {processor.py:161} INFO - Started process (PID=14407) to work on /home/beatriz/Documentos/airflow/airflow_venv/lib/python3.10/site-packages/airflow/example_dags/example_subdag_operator.py
[2024-10-21T08:42:34.635-0300] {processor.py:830} INFO - Processing file /home/beatriz/Documentos/airflow/airflow_venv/lib/python3.10/site-packages/airflow/example_dags/example_subdag_operator.py for tasks to queue
[2024-10-21T08:42:34.638-0300] {logging_mixin.py:188} INFO - [2024-10-21T08:42:34.637-0300] {dagbag.py:540} INFO - Filling up the DagBag from /home/beatriz/Documentos/airflow/airflow_venv/lib/python3.10/site-packages/airflow/example_dags/example_subdag_operator.py
[2024-10-21T08:42:34.663-0300] {processor.py:840} INFO - DAG(s) 'example_subdag_operator.section-1', 'example_subdag_operator.section-2', 'example_subdag_operator' retrieved from /home/beatriz/Documentos/airflow/airflow_venv/lib/python3.10/site-packages/airflow/example_dags/example_subdag_operator.py
[2024-10-21T08:42:34.675-0300] {logging_mixin.py:188} INFO - [2024-10-21T08:42:34.675-0300] {dag.py:3096} INFO - Sync 3 DAGs
[2024-10-21T08:42:34.690-0300] {logging_mixin.py:188} INFO - [2024-10-21T08:42:34.690-0300] {dag.py:3954} INFO - Setting next_dagrun for example_subdag_operator to 2022-01-01 00:00:00+00:00, run_after=2022-01-01 00:00:00+00:00
[2024-10-21T08:42:34.693-0300] {logging_mixin.py:188} INFO - [2024-10-21T08:42:34.692-0300] {dag.py:3954} INFO - Setting next_dagrun for example_subdag_operator.section-1 to None, run_after=None
[2024-10-21T08:42:34.693-0300] {logging_mixin.py:188} INFO - [2024-10-21T08:42:34.693-0300] {dag.py:3954} INFO - Setting next_dagrun for example_subdag_operator.section-2 to None, run_after=None
[2024-10-21T08:42:34.698-0300] {logging_mixin.py:188} INFO - [2024-10-21T08:42:34.697-0300] {dag.py:3096} INFO - Sync 2 DAGs
[2024-10-21T08:42:34.701-0300] {logging_mixin.py:188} INFO - [2024-10-21T08:42:34.701-0300] {dag.py:3954} INFO - Setting next_dagrun for example_subdag_operator.section-1 to None, run_after=None
[2024-10-21T08:42:34.701-0300] {logging_mixin.py:188} INFO - [2024-10-21T08:42:34.701-0300] {dag.py:3954} INFO - Setting next_dagrun for example_subdag_operator.section-2 to None, run_after=None
[2024-10-21T08:42:34.712-0300] {processor.py:183} INFO - Processing /home/beatriz/Documentos/airflow/airflow_venv/lib/python3.10/site-packages/airflow/example_dags/example_subdag_operator.py took 0.090 seconds
[2024-10-21T08:43:19.565-0300] {processor.py:161} INFO - Started process (PID=14750) to work on /home/beatriz/Documentos/airflow/airflow_venv/lib/python3.10/site-packages/airflow/example_dags/example_subdag_operator.py
[2024-10-21T08:43:19.568-0300] {processor.py:830} INFO - Processing file /home/beatriz/Documentos/airflow/airflow_venv/lib/python3.10/site-packages/airflow/example_dags/example_subdag_operator.py for tasks to queue
[2024-10-21T08:43:19.571-0300] {logging_mixin.py:188} INFO - [2024-10-21T08:43:19.571-0300] {dagbag.py:540} INFO - Filling up the DagBag from /home/beatriz/Documentos/airflow/airflow_venv/lib/python3.10/site-packages/airflow/example_dags/example_subdag_operator.py
[2024-10-21T08:43:19.604-0300] {processor.py:840} INFO - DAG(s) 'example_subdag_operator.section-1', 'example_subdag_operator.section-2', 'example_subdag_operator' retrieved from /home/beatriz/Documentos/airflow/airflow_venv/lib/python3.10/site-packages/airflow/example_dags/example_subdag_operator.py
[2024-10-21T08:43:19.625-0300] {logging_mixin.py:188} INFO - [2024-10-21T08:43:19.625-0300] {dag.py:3096} INFO - Sync 3 DAGs
[2024-10-21T08:43:19.649-0300] {logging_mixin.py:188} INFO - [2024-10-21T08:43:19.649-0300] {dag.py:3954} INFO - Setting next_dagrun for example_subdag_operator to 2022-01-01 00:00:00+00:00, run_after=2022-01-01 00:00:00+00:00
[2024-10-21T08:43:19.653-0300] {logging_mixin.py:188} INFO - [2024-10-21T08:43:19.653-0300] {dag.py:3954} INFO - Setting next_dagrun for example_subdag_operator.section-1 to None, run_after=None
[2024-10-21T08:43:19.654-0300] {logging_mixin.py:188} INFO - [2024-10-21T08:43:19.654-0300] {dag.py:3954} INFO - Setting next_dagrun for example_subdag_operator.section-2 to None, run_after=None
[2024-10-21T08:43:19.658-0300] {logging_mixin.py:188} INFO - [2024-10-21T08:43:19.658-0300] {dag.py:3096} INFO - Sync 2 DAGs
[2024-10-21T08:43:19.662-0300] {logging_mixin.py:188} INFO - [2024-10-21T08:43:19.661-0300] {dag.py:3954} INFO - Setting next_dagrun for example_subdag_operator.section-1 to None, run_after=None
[2024-10-21T08:43:19.662-0300] {logging_mixin.py:188} INFO - [2024-10-21T08:43:19.662-0300] {dag.py:3954} INFO - Setting next_dagrun for example_subdag_operator.section-2 to None, run_after=None
[2024-10-21T08:43:19.676-0300] {processor.py:183} INFO - Processing /home/beatriz/Documentos/airflow/airflow_venv/lib/python3.10/site-packages/airflow/example_dags/example_subdag_operator.py took 0.121 seconds
[2024-10-21T08:44:03.655-0300] {processor.py:161} INFO - Started process (PID=14971) to work on /home/beatriz/Documentos/airflow/airflow_venv/lib/python3.10/site-packages/airflow/example_dags/example_subdag_operator.py
[2024-10-21T08:44:03.659-0300] {processor.py:830} INFO - Processing file /home/beatriz/Documentos/airflow/airflow_venv/lib/python3.10/site-packages/airflow/example_dags/example_subdag_operator.py for tasks to queue
[2024-10-21T08:44:03.662-0300] {logging_mixin.py:188} INFO - [2024-10-21T08:44:03.661-0300] {dagbag.py:540} INFO - Filling up the DagBag from /home/beatriz/Documentos/airflow/airflow_venv/lib/python3.10/site-packages/airflow/example_dags/example_subdag_operator.py
[2024-10-21T08:44:03.689-0300] {processor.py:840} INFO - DAG(s) 'example_subdag_operator.section-1', 'example_subdag_operator.section-2', 'example_subdag_operator' retrieved from /home/beatriz/Documentos/airflow/airflow_venv/lib/python3.10/site-packages/airflow/example_dags/example_subdag_operator.py
[2024-10-21T08:44:03.701-0300] {logging_mixin.py:188} INFO - [2024-10-21T08:44:03.701-0300] {dag.py:3096} INFO - Sync 3 DAGs
[2024-10-21T08:44:03.717-0300] {logging_mixin.py:188} INFO - [2024-10-21T08:44:03.717-0300] {dag.py:3954} INFO - Setting next_dagrun for example_subdag_operator to 2022-01-01 00:00:00+00:00, run_after=2022-01-01 00:00:00+00:00
[2024-10-21T08:44:03.719-0300] {logging_mixin.py:188} INFO - [2024-10-21T08:44:03.719-0300] {dag.py:3954} INFO - Setting next_dagrun for example_subdag_operator.section-1 to None, run_after=None
[2024-10-21T08:44:03.720-0300] {logging_mixin.py:188} INFO - [2024-10-21T08:44:03.720-0300] {dag.py:3954} INFO - Setting next_dagrun for example_subdag_operator.section-2 to None, run_after=None
[2024-10-21T08:44:03.725-0300] {logging_mixin.py:188} INFO - [2024-10-21T08:44:03.725-0300] {dag.py:3096} INFO - Sync 2 DAGs
[2024-10-21T08:44:03.728-0300] {logging_mixin.py:188} INFO - [2024-10-21T08:44:03.728-0300] {dag.py:3954} INFO - Setting next_dagrun for example_subdag_operator.section-1 to None, run_after=None
[2024-10-21T08:44:03.729-0300] {logging_mixin.py:188} INFO - [2024-10-21T08:44:03.729-0300] {dag.py:3954} INFO - Setting next_dagrun for example_subdag_operator.section-2 to None, run_after=None
[2024-10-21T08:44:03.741-0300] {processor.py:183} INFO - Processing /home/beatriz/Documentos/airflow/airflow_venv/lib/python3.10/site-packages/airflow/example_dags/example_subdag_operator.py took 0.098 seconds
[2024-10-21T08:44:50.906-0300] {processor.py:161} INFO - Started process (PID=15750) to work on /home/beatriz/Documentos/airflow/airflow_venv/lib/python3.10/site-packages/airflow/example_dags/example_subdag_operator.py
[2024-10-21T08:44:50.908-0300] {processor.py:830} INFO - Processing file /home/beatriz/Documentos/airflow/airflow_venv/lib/python3.10/site-packages/airflow/example_dags/example_subdag_operator.py for tasks to queue
[2024-10-21T08:44:50.913-0300] {logging_mixin.py:188} INFO - [2024-10-21T08:44:50.912-0300] {dagbag.py:540} INFO - Filling up the DagBag from /home/beatriz/Documentos/airflow/airflow_venv/lib/python3.10/site-packages/airflow/example_dags/example_subdag_operator.py
[2024-10-21T08:44:50.939-0300] {processor.py:840} INFO - DAG(s) 'example_subdag_operator.section-1', 'example_subdag_operator.section-2', 'example_subdag_operator' retrieved from /home/beatriz/Documentos/airflow/airflow_venv/lib/python3.10/site-packages/airflow/example_dags/example_subdag_operator.py
[2024-10-21T08:44:50.943-0300] {logging_mixin.py:188} INFO - [2024-10-21T08:44:50.942-0300] {dag.py:3096} INFO - Sync 3 DAGs
[2024-10-21T08:44:50.961-0300] {logging_mixin.py:188} INFO - [2024-10-21T08:44:50.961-0300] {dag.py:3954} INFO - Setting next_dagrun for example_subdag_operator to 2022-01-01 00:00:00+00:00, run_after=2022-01-01 00:00:00+00:00
[2024-10-21T08:44:50.963-0300] {logging_mixin.py:188} INFO - [2024-10-21T08:44:50.963-0300] {dag.py:3954} INFO - Setting next_dagrun for example_subdag_operator.section-1 to None, run_after=None
[2024-10-21T08:44:50.964-0300] {logging_mixin.py:188} INFO - [2024-10-21T08:44:50.964-0300] {dag.py:3954} INFO - Setting next_dagrun for example_subdag_operator.section-2 to None, run_after=None
[2024-10-21T08:44:50.969-0300] {logging_mixin.py:188} INFO - [2024-10-21T08:44:50.969-0300] {dag.py:3096} INFO - Sync 2 DAGs
[2024-10-21T08:44:50.972-0300] {logging_mixin.py:188} INFO - [2024-10-21T08:44:50.972-0300] {dag.py:3954} INFO - Setting next_dagrun for example_subdag_operator.section-1 to None, run_after=None
[2024-10-21T08:44:50.973-0300] {logging_mixin.py:188} INFO - [2024-10-21T08:44:50.972-0300] {dag.py:3954} INFO - Setting next_dagrun for example_subdag_operator.section-2 to None, run_after=None
[2024-10-21T08:44:50.985-0300] {processor.py:183} INFO - Processing /home/beatriz/Documentos/airflow/airflow_venv/lib/python3.10/site-packages/airflow/example_dags/example_subdag_operator.py took 0.089 seconds
[2024-10-21T08:46:25.494-0300] {processor.py:161} INFO - Started process (PID=17605) to work on /home/beatriz/Documentos/airflow/airflow_venv/lib/python3.10/site-packages/airflow/example_dags/example_subdag_operator.py
[2024-10-21T08:46:25.496-0300] {processor.py:830} INFO - Processing file /home/beatriz/Documentos/airflow/airflow_venv/lib/python3.10/site-packages/airflow/example_dags/example_subdag_operator.py for tasks to queue
[2024-10-21T08:46:25.498-0300] {logging_mixin.py:188} INFO - [2024-10-21T08:46:25.498-0300] {dagbag.py:540} INFO - Filling up the DagBag from /home/beatriz/Documentos/airflow/airflow_venv/lib/python3.10/site-packages/airflow/example_dags/example_subdag_operator.py
[2024-10-21T08:46:25.517-0300] {processor.py:840} INFO - DAG(s) 'example_subdag_operator.section-1', 'example_subdag_operator.section-2', 'example_subdag_operator' retrieved from /home/beatriz/Documentos/airflow/airflow_venv/lib/python3.10/site-packages/airflow/example_dags/example_subdag_operator.py
[2024-10-21T08:46:25.612-0300] {logging_mixin.py:188} INFO - [2024-10-21T08:46:25.612-0300] {dag.py:3096} INFO - Sync 3 DAGs
[2024-10-21T08:46:25.703-0300] {logging_mixin.py:188} INFO - [2024-10-21T08:46:25.702-0300] {dag.py:3954} INFO - Setting next_dagrun for example_subdag_operator to 2022-01-01 00:00:00+00:00, run_after=2022-01-01 00:00:00+00:00
[2024-10-21T08:46:25.706-0300] {logging_mixin.py:188} INFO - [2024-10-21T08:46:25.705-0300] {dag.py:3954} INFO - Setting next_dagrun for example_subdag_operator.section-1 to None, run_after=None
[2024-10-21T08:46:25.707-0300] {logging_mixin.py:188} INFO - [2024-10-21T08:46:25.707-0300] {dag.py:3954} INFO - Setting next_dagrun for example_subdag_operator.section-2 to None, run_after=None
[2024-10-21T08:46:25.714-0300] {logging_mixin.py:188} INFO - [2024-10-21T08:46:25.713-0300] {dag.py:3096} INFO - Sync 2 DAGs
[2024-10-21T08:46:25.718-0300] {logging_mixin.py:188} INFO - [2024-10-21T08:46:25.717-0300] {dag.py:3954} INFO - Setting next_dagrun for example_subdag_operator.section-1 to None, run_after=None
[2024-10-21T08:46:25.718-0300] {logging_mixin.py:188} INFO - [2024-10-21T08:46:25.718-0300] {dag.py:3954} INFO - Setting next_dagrun for example_subdag_operator.section-2 to None, run_after=None
[2024-10-21T08:46:25.732-0300] {processor.py:183} INFO - Processing /home/beatriz/Documentos/airflow/airflow_venv/lib/python3.10/site-packages/airflow/example_dags/example_subdag_operator.py took 0.243 seconds
[2024-10-21T08:47:22.180-0300] {processor.py:161} INFO - Started process (PID=18151) to work on /home/beatriz/Documentos/airflow/airflow_venv/lib/python3.10/site-packages/airflow/example_dags/example_subdag_operator.py
[2024-10-21T08:47:22.183-0300] {processor.py:830} INFO - Processing file /home/beatriz/Documentos/airflow/airflow_venv/lib/python3.10/site-packages/airflow/example_dags/example_subdag_operator.py for tasks to queue
[2024-10-21T08:47:22.185-0300] {logging_mixin.py:188} INFO - [2024-10-21T08:47:22.184-0300] {dagbag.py:540} INFO - Filling up the DagBag from /home/beatriz/Documentos/airflow/airflow_venv/lib/python3.10/site-packages/airflow/example_dags/example_subdag_operator.py
[2024-10-21T08:47:22.213-0300] {processor.py:840} INFO - DAG(s) 'example_subdag_operator.section-1', 'example_subdag_operator.section-2', 'example_subdag_operator' retrieved from /home/beatriz/Documentos/airflow/airflow_venv/lib/python3.10/site-packages/airflow/example_dags/example_subdag_operator.py
[2024-10-21T08:47:22.226-0300] {logging_mixin.py:188} INFO - [2024-10-21T08:47:22.226-0300] {dag.py:3096} INFO - Sync 3 DAGs
[2024-10-21T08:47:22.240-0300] {logging_mixin.py:188} INFO - [2024-10-21T08:47:22.240-0300] {dag.py:3954} INFO - Setting next_dagrun for example_subdag_operator to 2022-01-01 00:00:00+00:00, run_after=2022-01-01 00:00:00+00:00
[2024-10-21T08:47:22.243-0300] {logging_mixin.py:188} INFO - [2024-10-21T08:47:22.243-0300] {dag.py:3954} INFO - Setting next_dagrun for example_subdag_operator.section-1 to None, run_after=None
[2024-10-21T08:47:22.244-0300] {logging_mixin.py:188} INFO - [2024-10-21T08:47:22.244-0300] {dag.py:3954} INFO - Setting next_dagrun for example_subdag_operator.section-2 to None, run_after=None
[2024-10-21T08:47:22.249-0300] {logging_mixin.py:188} INFO - [2024-10-21T08:47:22.249-0300] {dag.py:3096} INFO - Sync 2 DAGs
[2024-10-21T08:47:22.255-0300] {logging_mixin.py:188} INFO - [2024-10-21T08:47:22.254-0300] {dag.py:3954} INFO - Setting next_dagrun for example_subdag_operator.section-1 to None, run_after=None
[2024-10-21T08:47:22.255-0300] {logging_mixin.py:188} INFO - [2024-10-21T08:47:22.255-0300] {dag.py:3954} INFO - Setting next_dagrun for example_subdag_operator.section-2 to None, run_after=None
[2024-10-21T08:47:22.286-0300] {processor.py:183} INFO - Processing /home/beatriz/Documentos/airflow/airflow_venv/lib/python3.10/site-packages/airflow/example_dags/example_subdag_operator.py took 0.118 seconds
[2024-10-21T09:36:24.720-0300] {processor.py:161} INFO - Started process (PID=21395) to work on /home/beatriz/Documentos/airflow/airflow_venv/lib/python3.10/site-packages/airflow/example_dags/example_subdag_operator.py
[2024-10-21T09:36:24.722-0300] {processor.py:830} INFO - Processing file /home/beatriz/Documentos/airflow/airflow_venv/lib/python3.10/site-packages/airflow/example_dags/example_subdag_operator.py for tasks to queue
[2024-10-21T09:36:24.725-0300] {logging_mixin.py:188} INFO - [2024-10-21T09:36:24.724-0300] {dagbag.py:540} INFO - Filling up the DagBag from /home/beatriz/Documentos/airflow/airflow_venv/lib/python3.10/site-packages/airflow/example_dags/example_subdag_operator.py
[2024-10-21T09:36:24.743-0300] {processor.py:840} INFO - DAG(s) 'example_subdag_operator.section-1', 'example_subdag_operator.section-2', 'example_subdag_operator' retrieved from /home/beatriz/Documentos/airflow/airflow_venv/lib/python3.10/site-packages/airflow/example_dags/example_subdag_operator.py
[2024-10-21T09:36:24.746-0300] {logging_mixin.py:188} INFO - [2024-10-21T09:36:24.746-0300] {dag.py:3096} INFO - Sync 3 DAGs
[2024-10-21T09:36:24.762-0300] {logging_mixin.py:188} INFO - [2024-10-21T09:36:24.761-0300] {dag.py:3954} INFO - Setting next_dagrun for example_subdag_operator to 2022-01-01 00:00:00+00:00, run_after=2022-01-01 00:00:00+00:00
[2024-10-21T09:36:24.766-0300] {logging_mixin.py:188} INFO - [2024-10-21T09:36:24.766-0300] {dag.py:3954} INFO - Setting next_dagrun for example_subdag_operator.section-1 to None, run_after=None
[2024-10-21T09:36:24.767-0300] {logging_mixin.py:188} INFO - [2024-10-21T09:36:24.767-0300] {dag.py:3954} INFO - Setting next_dagrun for example_subdag_operator.section-2 to None, run_after=None
[2024-10-21T09:36:24.772-0300] {logging_mixin.py:188} INFO - [2024-10-21T09:36:24.771-0300] {dag.py:3096} INFO - Sync 2 DAGs
[2024-10-21T09:36:24.775-0300] {logging_mixin.py:188} INFO - [2024-10-21T09:36:24.775-0300] {dag.py:3954} INFO - Setting next_dagrun for example_subdag_operator.section-1 to None, run_after=None
[2024-10-21T09:36:24.775-0300] {logging_mixin.py:188} INFO - [2024-10-21T09:36:24.775-0300] {dag.py:3954} INFO - Setting next_dagrun for example_subdag_operator.section-2 to None, run_after=None
[2024-10-21T09:36:24.788-0300] {processor.py:183} INFO - Processing /home/beatriz/Documentos/airflow/airflow_venv/lib/python3.10/site-packages/airflow/example_dags/example_subdag_operator.py took 0.073 seconds
[2024-10-21T09:37:28.960-0300] {processor.py:161} INFO - Started process (PID=22043) to work on /home/beatriz/Documentos/airflow/airflow_venv/lib/python3.10/site-packages/airflow/example_dags/example_subdag_operator.py
[2024-10-21T09:37:28.963-0300] {processor.py:830} INFO - Processing file /home/beatriz/Documentos/airflow/airflow_venv/lib/python3.10/site-packages/airflow/example_dags/example_subdag_operator.py for tasks to queue
[2024-10-21T09:37:28.966-0300] {logging_mixin.py:188} INFO - [2024-10-21T09:37:28.965-0300] {dagbag.py:540} INFO - Filling up the DagBag from /home/beatriz/Documentos/airflow/airflow_venv/lib/python3.10/site-packages/airflow/example_dags/example_subdag_operator.py
[2024-10-21T09:37:28.996-0300] {processor.py:840} INFO - DAG(s) 'example_subdag_operator.section-1', 'example_subdag_operator.section-2', 'example_subdag_operator' retrieved from /home/beatriz/Documentos/airflow/airflow_venv/lib/python3.10/site-packages/airflow/example_dags/example_subdag_operator.py
[2024-10-21T09:37:29.070-0300] {logging_mixin.py:188} INFO - [2024-10-21T09:37:29.070-0300] {dag.py:3096} INFO - Sync 3 DAGs
[2024-10-21T09:37:29.152-0300] {logging_mixin.py:188} INFO - [2024-10-21T09:37:29.152-0300] {dag.py:3954} INFO - Setting next_dagrun for example_subdag_operator to 2022-01-01 00:00:00+00:00, run_after=2022-01-01 00:00:00+00:00
[2024-10-21T09:37:29.155-0300] {logging_mixin.py:188} INFO - [2024-10-21T09:37:29.155-0300] {dag.py:3954} INFO - Setting next_dagrun for example_subdag_operator.section-1 to None, run_after=None
[2024-10-21T09:37:29.156-0300] {logging_mixin.py:188} INFO - [2024-10-21T09:37:29.156-0300] {dag.py:3954} INFO - Setting next_dagrun for example_subdag_operator.section-2 to None, run_after=None
[2024-10-21T09:37:29.162-0300] {logging_mixin.py:188} INFO - [2024-10-21T09:37:29.162-0300] {dag.py:3096} INFO - Sync 2 DAGs
[2024-10-21T09:37:29.166-0300] {logging_mixin.py:188} INFO - [2024-10-21T09:37:29.166-0300] {dag.py:3954} INFO - Setting next_dagrun for example_subdag_operator.section-1 to None, run_after=None
[2024-10-21T09:37:29.166-0300] {logging_mixin.py:188} INFO - [2024-10-21T09:37:29.166-0300] {dag.py:3954} INFO - Setting next_dagrun for example_subdag_operator.section-2 to None, run_after=None
[2024-10-21T09:37:29.184-0300] {processor.py:183} INFO - Processing /home/beatriz/Documentos/airflow/airflow_venv/lib/python3.10/site-packages/airflow/example_dags/example_subdag_operator.py took 0.235 seconds
[2024-10-21T09:39:01.689-0300] {processor.py:161} INFO - Started process (PID=24161) to work on /home/beatriz/Documentos/airflow/airflow_venv/lib/python3.10/site-packages/airflow/example_dags/example_subdag_operator.py
[2024-10-21T09:39:01.692-0300] {processor.py:830} INFO - Processing file /home/beatriz/Documentos/airflow/airflow_venv/lib/python3.10/site-packages/airflow/example_dags/example_subdag_operator.py for tasks to queue
[2024-10-21T09:39:01.695-0300] {logging_mixin.py:188} INFO - [2024-10-21T09:39:01.694-0300] {dagbag.py:540} INFO - Filling up the DagBag from /home/beatriz/Documentos/airflow/airflow_venv/lib/python3.10/site-packages/airflow/example_dags/example_subdag_operator.py
[2024-10-21T09:39:01.730-0300] {processor.py:840} INFO - DAG(s) 'example_subdag_operator.section-1', 'example_subdag_operator.section-2', 'example_subdag_operator' retrieved from /home/beatriz/Documentos/airflow/airflow_venv/lib/python3.10/site-packages/airflow/example_dags/example_subdag_operator.py
[2024-10-21T09:39:01.758-0300] {logging_mixin.py:188} INFO - [2024-10-21T09:39:01.758-0300] {dag.py:3096} INFO - Sync 3 DAGs
[2024-10-21T09:39:01.787-0300] {logging_mixin.py:188} INFO - [2024-10-21T09:39:01.787-0300] {dag.py:3954} INFO - Setting next_dagrun for example_subdag_operator to 2022-01-01 00:00:00+00:00, run_after=2022-01-01 00:00:00+00:00
[2024-10-21T09:39:01.791-0300] {logging_mixin.py:188} INFO - [2024-10-21T09:39:01.791-0300] {dag.py:3954} INFO - Setting next_dagrun for example_subdag_operator.section-1 to None, run_after=None
[2024-10-21T09:39:01.792-0300] {logging_mixin.py:188} INFO - [2024-10-21T09:39:01.792-0300] {dag.py:3954} INFO - Setting next_dagrun for example_subdag_operator.section-2 to None, run_after=None
[2024-10-21T09:39:01.798-0300] {logging_mixin.py:188} INFO - [2024-10-21T09:39:01.798-0300] {dag.py:3096} INFO - Sync 2 DAGs
[2024-10-21T09:39:01.803-0300] {logging_mixin.py:188} INFO - [2024-10-21T09:39:01.802-0300] {dag.py:3954} INFO - Setting next_dagrun for example_subdag_operator.section-1 to None, run_after=None
[2024-10-21T09:39:01.803-0300] {logging_mixin.py:188} INFO - [2024-10-21T09:39:01.803-0300] {dag.py:3954} INFO - Setting next_dagrun for example_subdag_operator.section-2 to None, run_after=None
[2024-10-21T09:39:01.821-0300] {processor.py:183} INFO - Processing /home/beatriz/Documentos/airflow/airflow_venv/lib/python3.10/site-packages/airflow/example_dags/example_subdag_operator.py took 0.141 seconds
[2024-10-21T09:40:17.512-0300] {processor.py:161} INFO - Started process (PID=25059) to work on /home/beatriz/Documentos/airflow/airflow_venv/lib/python3.10/site-packages/airflow/example_dags/example_subdag_operator.py
[2024-10-21T09:40:17.514-0300] {processor.py:830} INFO - Processing file /home/beatriz/Documentos/airflow/airflow_venv/lib/python3.10/site-packages/airflow/example_dags/example_subdag_operator.py for tasks to queue
[2024-10-21T09:40:17.516-0300] {logging_mixin.py:188} INFO - [2024-10-21T09:40:17.516-0300] {dagbag.py:540} INFO - Filling up the DagBag from /home/beatriz/Documentos/airflow/airflow_venv/lib/python3.10/site-packages/airflow/example_dags/example_subdag_operator.py
[2024-10-21T09:40:17.604-0300] {processor.py:840} INFO - DAG(s) 'example_subdag_operator.section-1', 'example_subdag_operator.section-2', 'example_subdag_operator' retrieved from /home/beatriz/Documentos/airflow/airflow_venv/lib/python3.10/site-packages/airflow/example_dags/example_subdag_operator.py
[2024-10-21T09:40:17.616-0300] {logging_mixin.py:188} INFO - [2024-10-21T09:40:17.616-0300] {dag.py:3096} INFO - Sync 3 DAGs
[2024-10-21T09:40:17.630-0300] {logging_mixin.py:188} INFO - [2024-10-21T09:40:17.629-0300] {dag.py:3954} INFO - Setting next_dagrun for example_subdag_operator to 2022-01-01 00:00:00+00:00, run_after=2022-01-01 00:00:00+00:00
[2024-10-21T09:40:17.632-0300] {logging_mixin.py:188} INFO - [2024-10-21T09:40:17.632-0300] {dag.py:3954} INFO - Setting next_dagrun for example_subdag_operator.section-1 to None, run_after=None
[2024-10-21T09:40:17.633-0300] {logging_mixin.py:188} INFO - [2024-10-21T09:40:17.633-0300] {dag.py:3954} INFO - Setting next_dagrun for example_subdag_operator.section-2 to None, run_after=None
[2024-10-21T09:40:17.637-0300] {logging_mixin.py:188} INFO - [2024-10-21T09:40:17.636-0300] {dag.py:3096} INFO - Sync 2 DAGs
[2024-10-21T09:40:17.640-0300] {logging_mixin.py:188} INFO - [2024-10-21T09:40:17.640-0300] {dag.py:3954} INFO - Setting next_dagrun for example_subdag_operator.section-1 to None, run_after=None
[2024-10-21T09:40:17.640-0300] {logging_mixin.py:188} INFO - [2024-10-21T09:40:17.640-0300] {dag.py:3954} INFO - Setting next_dagrun for example_subdag_operator.section-2 to None, run_after=None
[2024-10-21T09:40:17.653-0300] {processor.py:183} INFO - Processing /home/beatriz/Documentos/airflow/airflow_venv/lib/python3.10/site-packages/airflow/example_dags/example_subdag_operator.py took 0.145 seconds
[2024-10-21T09:41:10.832-0300] {processor.py:161} INFO - Started process (PID=25507) to work on /home/beatriz/Documentos/airflow/airflow_venv/lib/python3.10/site-packages/airflow/example_dags/example_subdag_operator.py
[2024-10-21T09:41:10.834-0300] {processor.py:830} INFO - Processing file /home/beatriz/Documentos/airflow/airflow_venv/lib/python3.10/site-packages/airflow/example_dags/example_subdag_operator.py for tasks to queue
[2024-10-21T09:41:10.836-0300] {logging_mixin.py:188} INFO - [2024-10-21T09:41:10.835-0300] {dagbag.py:540} INFO - Filling up the DagBag from /home/beatriz/Documentos/airflow/airflow_venv/lib/python3.10/site-packages/airflow/example_dags/example_subdag_operator.py
[2024-10-21T09:41:10.861-0300] {processor.py:840} INFO - DAG(s) 'example_subdag_operator.section-1', 'example_subdag_operator.section-2', 'example_subdag_operator' retrieved from /home/beatriz/Documentos/airflow/airflow_venv/lib/python3.10/site-packages/airflow/example_dags/example_subdag_operator.py
[2024-10-21T09:41:10.874-0300] {logging_mixin.py:188} INFO - [2024-10-21T09:41:10.873-0300] {dag.py:3096} INFO - Sync 3 DAGs
[2024-10-21T09:41:10.887-0300] {logging_mixin.py:188} INFO - [2024-10-21T09:41:10.887-0300] {dag.py:3954} INFO - Setting next_dagrun for example_subdag_operator to 2022-01-01 00:00:00+00:00, run_after=2022-01-01 00:00:00+00:00
[2024-10-21T09:41:10.890-0300] {logging_mixin.py:188} INFO - [2024-10-21T09:41:10.890-0300] {dag.py:3954} INFO - Setting next_dagrun for example_subdag_operator.section-1 to None, run_after=None
[2024-10-21T09:41:10.890-0300] {logging_mixin.py:188} INFO - [2024-10-21T09:41:10.890-0300] {dag.py:3954} INFO - Setting next_dagrun for example_subdag_operator.section-2 to None, run_after=None
[2024-10-21T09:41:10.894-0300] {logging_mixin.py:188} INFO - [2024-10-21T09:41:10.894-0300] {dag.py:3096} INFO - Sync 2 DAGs
[2024-10-21T09:41:10.897-0300] {logging_mixin.py:188} INFO - [2024-10-21T09:41:10.897-0300] {dag.py:3954} INFO - Setting next_dagrun for example_subdag_operator.section-1 to None, run_after=None
[2024-10-21T09:41:10.897-0300] {logging_mixin.py:188} INFO - [2024-10-21T09:41:10.897-0300] {dag.py:3954} INFO - Setting next_dagrun for example_subdag_operator.section-2 to None, run_after=None
[2024-10-21T09:41:10.907-0300] {processor.py:183} INFO - Processing /home/beatriz/Documentos/airflow/airflow_venv/lib/python3.10/site-packages/airflow/example_dags/example_subdag_operator.py took 0.085 seconds
[2024-10-21T09:42:01.142-0300] {processor.py:161} INFO - Started process (PID=25889) to work on /home/beatriz/Documentos/airflow/airflow_venv/lib/python3.10/site-packages/airflow/example_dags/example_subdag_operator.py
[2024-10-21T09:42:01.145-0300] {processor.py:830} INFO - Processing file /home/beatriz/Documentos/airflow/airflow_venv/lib/python3.10/site-packages/airflow/example_dags/example_subdag_operator.py for tasks to queue
[2024-10-21T09:42:01.151-0300] {logging_mixin.py:188} INFO - [2024-10-21T09:42:01.150-0300] {dagbag.py:540} INFO - Filling up the DagBag from /home/beatriz/Documentos/airflow/airflow_venv/lib/python3.10/site-packages/airflow/example_dags/example_subdag_operator.py
[2024-10-21T09:42:01.175-0300] {processor.py:840} INFO - DAG(s) 'example_subdag_operator.section-1', 'example_subdag_operator.section-2', 'example_subdag_operator' retrieved from /home/beatriz/Documentos/airflow/airflow_venv/lib/python3.10/site-packages/airflow/example_dags/example_subdag_operator.py
[2024-10-21T09:42:01.188-0300] {logging_mixin.py:188} INFO - [2024-10-21T09:42:01.187-0300] {dag.py:3096} INFO - Sync 3 DAGs
[2024-10-21T09:42:01.204-0300] {logging_mixin.py:188} INFO - [2024-10-21T09:42:01.204-0300] {dag.py:3954} INFO - Setting next_dagrun for example_subdag_operator to 2022-01-01 00:00:00+00:00, run_after=2022-01-01 00:00:00+00:00
[2024-10-21T09:42:01.206-0300] {logging_mixin.py:188} INFO - [2024-10-21T09:42:01.206-0300] {dag.py:3954} INFO - Setting next_dagrun for example_subdag_operator.section-1 to None, run_after=None
[2024-10-21T09:42:01.207-0300] {logging_mixin.py:188} INFO - [2024-10-21T09:42:01.207-0300] {dag.py:3954} INFO - Setting next_dagrun for example_subdag_operator.section-2 to None, run_after=None
[2024-10-21T09:42:01.211-0300] {logging_mixin.py:188} INFO - [2024-10-21T09:42:01.211-0300] {dag.py:3096} INFO - Sync 2 DAGs
[2024-10-21T09:42:01.215-0300] {logging_mixin.py:188} INFO - [2024-10-21T09:42:01.215-0300] {dag.py:3954} INFO - Setting next_dagrun for example_subdag_operator.section-1 to None, run_after=None
[2024-10-21T09:42:01.215-0300] {logging_mixin.py:188} INFO - [2024-10-21T09:42:01.215-0300] {dag.py:3954} INFO - Setting next_dagrun for example_subdag_operator.section-2 to None, run_after=None
[2024-10-21T09:42:01.228-0300] {processor.py:183} INFO - Processing /home/beatriz/Documentos/airflow/airflow_venv/lib/python3.10/site-packages/airflow/example_dags/example_subdag_operator.py took 0.098 seconds
[2024-10-21T09:42:50.317-0300] {processor.py:161} INFO - Started process (PID=26385) to work on /home/beatriz/Documentos/airflow/airflow_venv/lib/python3.10/site-packages/airflow/example_dags/example_subdag_operator.py
[2024-10-21T09:42:50.320-0300] {processor.py:830} INFO - Processing file /home/beatriz/Documentos/airflow/airflow_venv/lib/python3.10/site-packages/airflow/example_dags/example_subdag_operator.py for tasks to queue
[2024-10-21T09:42:50.325-0300] {logging_mixin.py:188} INFO - [2024-10-21T09:42:50.324-0300] {dagbag.py:540} INFO - Filling up the DagBag from /home/beatriz/Documentos/airflow/airflow_venv/lib/python3.10/site-packages/airflow/example_dags/example_subdag_operator.py
[2024-10-21T09:42:50.351-0300] {processor.py:840} INFO - DAG(s) 'example_subdag_operator.section-1', 'example_subdag_operator.section-2', 'example_subdag_operator' retrieved from /home/beatriz/Documentos/airflow/airflow_venv/lib/python3.10/site-packages/airflow/example_dags/example_subdag_operator.py
[2024-10-21T09:42:50.364-0300] {logging_mixin.py:188} INFO - [2024-10-21T09:42:50.364-0300] {dag.py:3096} INFO - Sync 3 DAGs
[2024-10-21T09:42:50.381-0300] {logging_mixin.py:188} INFO - [2024-10-21T09:42:50.381-0300] {dag.py:3954} INFO - Setting next_dagrun for example_subdag_operator to 2022-01-01 00:00:00+00:00, run_after=2022-01-01 00:00:00+00:00
[2024-10-21T09:42:50.385-0300] {logging_mixin.py:188} INFO - [2024-10-21T09:42:50.384-0300] {dag.py:3954} INFO - Setting next_dagrun for example_subdag_operator.section-1 to None, run_after=None
[2024-10-21T09:42:50.386-0300] {logging_mixin.py:188} INFO - [2024-10-21T09:42:50.385-0300] {dag.py:3954} INFO - Setting next_dagrun for example_subdag_operator.section-2 to None, run_after=None
[2024-10-21T09:42:50.390-0300] {logging_mixin.py:188} INFO - [2024-10-21T09:42:50.390-0300] {dag.py:3096} INFO - Sync 2 DAGs
[2024-10-21T09:42:50.394-0300] {logging_mixin.py:188} INFO - [2024-10-21T09:42:50.393-0300] {dag.py:3954} INFO - Setting next_dagrun for example_subdag_operator.section-1 to None, run_after=None
[2024-10-21T09:42:50.394-0300] {logging_mixin.py:188} INFO - [2024-10-21T09:42:50.394-0300] {dag.py:3954} INFO - Setting next_dagrun for example_subdag_operator.section-2 to None, run_after=None
[2024-10-21T09:42:50.407-0300] {processor.py:183} INFO - Processing /home/beatriz/Documentos/airflow/airflow_venv/lib/python3.10/site-packages/airflow/example_dags/example_subdag_operator.py took 0.099 seconds
[2024-10-21T09:43:38.652-0300] {processor.py:161} INFO - Started process (PID=26831) to work on /home/beatriz/Documentos/airflow/airflow_venv/lib/python3.10/site-packages/airflow/example_dags/example_subdag_operator.py
[2024-10-21T09:43:38.654-0300] {processor.py:830} INFO - Processing file /home/beatriz/Documentos/airflow/airflow_venv/lib/python3.10/site-packages/airflow/example_dags/example_subdag_operator.py for tasks to queue
[2024-10-21T09:43:38.658-0300] {logging_mixin.py:188} INFO - [2024-10-21T09:43:38.657-0300] {dagbag.py:540} INFO - Filling up the DagBag from /home/beatriz/Documentos/airflow/airflow_venv/lib/python3.10/site-packages/airflow/example_dags/example_subdag_operator.py
[2024-10-21T09:43:38.684-0300] {processor.py:840} INFO - DAG(s) 'example_subdag_operator.section-1', 'example_subdag_operator.section-2', 'example_subdag_operator' retrieved from /home/beatriz/Documentos/airflow/airflow_venv/lib/python3.10/site-packages/airflow/example_dags/example_subdag_operator.py
[2024-10-21T09:43:38.696-0300] {logging_mixin.py:188} INFO - [2024-10-21T09:43:38.696-0300] {dag.py:3096} INFO - Sync 3 DAGs
[2024-10-21T09:43:38.711-0300] {logging_mixin.py:188} INFO - [2024-10-21T09:43:38.711-0300] {dag.py:3954} INFO - Setting next_dagrun for example_subdag_operator to 2022-01-01 00:00:00+00:00, run_after=2022-01-01 00:00:00+00:00
[2024-10-21T09:43:38.713-0300] {logging_mixin.py:188} INFO - [2024-10-21T09:43:38.713-0300] {dag.py:3954} INFO - Setting next_dagrun for example_subdag_operator.section-1 to None, run_after=None
[2024-10-21T09:43:38.714-0300] {logging_mixin.py:188} INFO - [2024-10-21T09:43:38.714-0300] {dag.py:3954} INFO - Setting next_dagrun for example_subdag_operator.section-2 to None, run_after=None
[2024-10-21T09:43:38.718-0300] {logging_mixin.py:188} INFO - [2024-10-21T09:43:38.718-0300] {dag.py:3096} INFO - Sync 2 DAGs
[2024-10-21T09:43:38.721-0300] {logging_mixin.py:188} INFO - [2024-10-21T09:43:38.721-0300] {dag.py:3954} INFO - Setting next_dagrun for example_subdag_operator.section-1 to None, run_after=None
[2024-10-21T09:43:38.721-0300] {logging_mixin.py:188} INFO - [2024-10-21T09:43:38.721-0300] {dag.py:3954} INFO - Setting next_dagrun for example_subdag_operator.section-2 to None, run_after=None
[2024-10-21T09:43:38.734-0300] {processor.py:183} INFO - Processing /home/beatriz/Documentos/airflow/airflow_venv/lib/python3.10/site-packages/airflow/example_dags/example_subdag_operator.py took 0.092 seconds
