[2024-10-21T08:39:09.749-0300] {processor.py:161} INFO - Started process (PID=7051) to work on /home/beatriz/Documentos/airflow/airflow_venv/lib/python3.10/site-packages/airflow/example_dags/example_nested_branch_dag.py
[2024-10-21T08:39:09.749-0300] {processor.py:830} INFO - Processing file /home/beatriz/Documentos/airflow/airflow_venv/lib/python3.10/site-packages/airflow/example_dags/example_nested_branch_dag.py for tasks to queue
[2024-10-21T08:39:09.751-0300] {logging_mixin.py:188} INFO - [2024-10-21T08:39:09.750-0300] {dagbag.py:540} INFO - Filling up the DagBag from /home/beatriz/Documentos/airflow/airflow_venv/lib/python3.10/site-packages/airflow/example_dags/example_nested_branch_dag.py
[2024-10-21T08:39:09.759-0300] {processor.py:840} INFO - DAG(s) 'example_nested_branch_dag' retrieved from /home/beatriz/Documentos/airflow/airflow_venv/lib/python3.10/site-packages/airflow/example_dags/example_nested_branch_dag.py
[2024-10-21T08:39:09.836-0300] {logging_mixin.py:188} INFO - [2024-10-21T08:39:09.836-0300] {dag.py:3096} INFO - Sync 1 DAGs
[2024-10-21T08:39:09.850-0300] {logging_mixin.py:188} INFO - [2024-10-21T08:39:09.849-0300] {dag.py:3954} INFO - Setting next_dagrun for example_nested_branch_dag to 2024-10-20 00:00:00+00:00, run_after=2024-10-21 00:00:00+00:00
[2024-10-21T08:39:09.871-0300] {processor.py:183} INFO - Processing /home/beatriz/Documentos/airflow/airflow_venv/lib/python3.10/site-packages/airflow/example_dags/example_nested_branch_dag.py took 0.127 seconds
[2024-10-21T08:40:07.416-0300] {processor.py:161} INFO - Started process (PID=7237) to work on /home/beatriz/Documentos/airflow/airflow_venv/lib/python3.10/site-packages/airflow/example_dags/example_nested_branch_dag.py
[2024-10-21T08:40:07.418-0300] {processor.py:830} INFO - Processing file /home/beatriz/Documentos/airflow/airflow_venv/lib/python3.10/site-packages/airflow/example_dags/example_nested_branch_dag.py for tasks to queue
[2024-10-21T08:40:07.419-0300] {logging_mixin.py:188} INFO - [2024-10-21T08:40:07.419-0300] {dagbag.py:540} INFO - Filling up the DagBag from /home/beatriz/Documentos/airflow/airflow_venv/lib/python3.10/site-packages/airflow/example_dags/example_nested_branch_dag.py
[2024-10-21T08:40:07.427-0300] {processor.py:840} INFO - DAG(s) 'example_nested_branch_dag' retrieved from /home/beatriz/Documentos/airflow/airflow_venv/lib/python3.10/site-packages/airflow/example_dags/example_nested_branch_dag.py
[2024-10-21T08:40:07.440-0300] {logging_mixin.py:188} INFO - [2024-10-21T08:40:07.439-0300] {dag.py:3096} INFO - Sync 1 DAGs
[2024-10-21T08:40:07.455-0300] {logging_mixin.py:188} INFO - [2024-10-21T08:40:07.455-0300] {dag.py:3954} INFO - Setting next_dagrun for example_nested_branch_dag to 2024-10-20 00:00:00+00:00, run_after=2024-10-21 00:00:00+00:00
[2024-10-21T08:40:07.471-0300] {processor.py:183} INFO - Processing /home/beatriz/Documentos/airflow/airflow_venv/lib/python3.10/site-packages/airflow/example_dags/example_nested_branch_dag.py took 0.059 seconds
[2024-10-21T08:41:00.430-0300] {processor.py:161} INFO - Started process (PID=7396) to work on /home/beatriz/Documentos/airflow/airflow_venv/lib/python3.10/site-packages/airflow/example_dags/example_nested_branch_dag.py
[2024-10-21T08:41:00.432-0300] {processor.py:830} INFO - Processing file /home/beatriz/Documentos/airflow/airflow_venv/lib/python3.10/site-packages/airflow/example_dags/example_nested_branch_dag.py for tasks to queue
[2024-10-21T08:41:00.433-0300] {logging_mixin.py:188} INFO - [2024-10-21T08:41:00.433-0300] {dagbag.py:540} INFO - Filling up the DagBag from /home/beatriz/Documentos/airflow/airflow_venv/lib/python3.10/site-packages/airflow/example_dags/example_nested_branch_dag.py
[2024-10-21T08:41:00.441-0300] {processor.py:840} INFO - DAG(s) 'example_nested_branch_dag' retrieved from /home/beatriz/Documentos/airflow/airflow_venv/lib/python3.10/site-packages/airflow/example_dags/example_nested_branch_dag.py
[2024-10-21T08:41:00.454-0300] {logging_mixin.py:188} INFO - [2024-10-21T08:41:00.453-0300] {dag.py:3096} INFO - Sync 1 DAGs
[2024-10-21T08:41:00.469-0300] {logging_mixin.py:188} INFO - [2024-10-21T08:41:00.469-0300] {dag.py:3954} INFO - Setting next_dagrun for example_nested_branch_dag to 2024-10-20 00:00:00+00:00, run_after=2024-10-21 00:00:00+00:00
[2024-10-21T08:41:00.566-0300] {processor.py:183} INFO - Processing /home/beatriz/Documentos/airflow/airflow_venv/lib/python3.10/site-packages/airflow/example_dags/example_nested_branch_dag.py took 0.140 seconds
[2024-10-21T08:41:55.624-0300] {processor.py:161} INFO - Started process (PID=14264) to work on /home/beatriz/Documentos/airflow/airflow_venv/lib/python3.10/site-packages/airflow/example_dags/example_nested_branch_dag.py
[2024-10-21T08:41:55.625-0300] {processor.py:830} INFO - Processing file /home/beatriz/Documentos/airflow/airflow_venv/lib/python3.10/site-packages/airflow/example_dags/example_nested_branch_dag.py for tasks to queue
[2024-10-21T08:41:55.627-0300] {logging_mixin.py:188} INFO - [2024-10-21T08:41:55.626-0300] {dagbag.py:540} INFO - Filling up the DagBag from /home/beatriz/Documentos/airflow/airflow_venv/lib/python3.10/site-packages/airflow/example_dags/example_nested_branch_dag.py
[2024-10-21T08:41:55.714-0300] {processor.py:840} INFO - DAG(s) 'example_nested_branch_dag' retrieved from /home/beatriz/Documentos/airflow/airflow_venv/lib/python3.10/site-packages/airflow/example_dags/example_nested_branch_dag.py
[2024-10-21T08:41:55.726-0300] {logging_mixin.py:188} INFO - [2024-10-21T08:41:55.726-0300] {dag.py:3096} INFO - Sync 1 DAGs
[2024-10-21T08:41:55.741-0300] {logging_mixin.py:188} INFO - [2024-10-21T08:41:55.741-0300] {dag.py:3954} INFO - Setting next_dagrun for example_nested_branch_dag to 2024-10-20 00:00:00+00:00, run_after=2024-10-21 00:00:00+00:00
[2024-10-21T08:41:55.760-0300] {processor.py:183} INFO - Processing /home/beatriz/Documentos/airflow/airflow_venv/lib/python3.10/site-packages/airflow/example_dags/example_nested_branch_dag.py took 0.142 seconds
[2024-10-21T08:42:48.423-0300] {processor.py:161} INFO - Started process (PID=14560) to work on /home/beatriz/Documentos/airflow/airflow_venv/lib/python3.10/site-packages/airflow/example_dags/example_nested_branch_dag.py
[2024-10-21T08:42:48.426-0300] {processor.py:830} INFO - Processing file /home/beatriz/Documentos/airflow/airflow_venv/lib/python3.10/site-packages/airflow/example_dags/example_nested_branch_dag.py for tasks to queue
[2024-10-21T08:42:48.428-0300] {logging_mixin.py:188} INFO - [2024-10-21T08:42:48.427-0300] {dagbag.py:540} INFO - Filling up the DagBag from /home/beatriz/Documentos/airflow/airflow_venv/lib/python3.10/site-packages/airflow/example_dags/example_nested_branch_dag.py
[2024-10-21T08:42:48.439-0300] {processor.py:840} INFO - DAG(s) 'example_nested_branch_dag' retrieved from /home/beatriz/Documentos/airflow/airflow_venv/lib/python3.10/site-packages/airflow/example_dags/example_nested_branch_dag.py
[2024-10-21T08:42:48.455-0300] {logging_mixin.py:188} INFO - [2024-10-21T08:42:48.454-0300] {dag.py:3096} INFO - Sync 1 DAGs
[2024-10-21T08:42:48.472-0300] {logging_mixin.py:188} INFO - [2024-10-21T08:42:48.472-0300] {dag.py:3954} INFO - Setting next_dagrun for example_nested_branch_dag to 2024-10-20 00:00:00+00:00, run_after=2024-10-21 00:00:00+00:00
[2024-10-21T08:42:48.491-0300] {processor.py:183} INFO - Processing /home/beatriz/Documentos/airflow/airflow_venv/lib/python3.10/site-packages/airflow/example_dags/example_nested_branch_dag.py took 0.073 seconds
[2024-10-21T08:43:54.586-0300] {processor.py:161} INFO - Started process (PID=14947) to work on /home/beatriz/Documentos/airflow/airflow_venv/lib/python3.10/site-packages/airflow/example_dags/example_nested_branch_dag.py
[2024-10-21T08:43:54.588-0300] {processor.py:830} INFO - Processing file /home/beatriz/Documentos/airflow/airflow_venv/lib/python3.10/site-packages/airflow/example_dags/example_nested_branch_dag.py for tasks to queue
[2024-10-21T08:43:54.589-0300] {logging_mixin.py:188} INFO - [2024-10-21T08:43:54.589-0300] {dagbag.py:540} INFO - Filling up the DagBag from /home/beatriz/Documentos/airflow/airflow_venv/lib/python3.10/site-packages/airflow/example_dags/example_nested_branch_dag.py
[2024-10-21T08:43:54.597-0300] {processor.py:840} INFO - DAG(s) 'example_nested_branch_dag' retrieved from /home/beatriz/Documentos/airflow/airflow_venv/lib/python3.10/site-packages/airflow/example_dags/example_nested_branch_dag.py
[2024-10-21T08:43:54.610-0300] {logging_mixin.py:188} INFO - [2024-10-21T08:43:54.610-0300] {dag.py:3096} INFO - Sync 1 DAGs
[2024-10-21T08:43:54.627-0300] {logging_mixin.py:188} INFO - [2024-10-21T08:43:54.626-0300] {dag.py:3954} INFO - Setting next_dagrun for example_nested_branch_dag to 2024-10-20 00:00:00+00:00, run_after=2024-10-21 00:00:00+00:00
[2024-10-21T08:43:54.643-0300] {processor.py:183} INFO - Processing /home/beatriz/Documentos/airflow/airflow_venv/lib/python3.10/site-packages/airflow/example_dags/example_nested_branch_dag.py took 0.063 seconds
[2024-10-21T08:45:05.288-0300] {processor.py:161} INFO - Started process (PID=15844) to work on /home/beatriz/Documentos/airflow/airflow_venv/lib/python3.10/site-packages/airflow/example_dags/example_nested_branch_dag.py
[2024-10-21T08:45:05.289-0300] {processor.py:830} INFO - Processing file /home/beatriz/Documentos/airflow/airflow_venv/lib/python3.10/site-packages/airflow/example_dags/example_nested_branch_dag.py for tasks to queue
[2024-10-21T08:45:05.291-0300] {logging_mixin.py:188} INFO - [2024-10-21T08:45:05.290-0300] {dagbag.py:540} INFO - Filling up the DagBag from /home/beatriz/Documentos/airflow/airflow_venv/lib/python3.10/site-packages/airflow/example_dags/example_nested_branch_dag.py
[2024-10-21T08:45:05.299-0300] {processor.py:840} INFO - DAG(s) 'example_nested_branch_dag' retrieved from /home/beatriz/Documentos/airflow/airflow_venv/lib/python3.10/site-packages/airflow/example_dags/example_nested_branch_dag.py
[2024-10-21T08:45:05.377-0300] {logging_mixin.py:188} INFO - [2024-10-21T08:45:05.377-0300] {dag.py:3096} INFO - Sync 1 DAGs
[2024-10-21T08:45:05.390-0300] {logging_mixin.py:188} INFO - [2024-10-21T08:45:05.390-0300] {dag.py:3954} INFO - Setting next_dagrun for example_nested_branch_dag to 2024-10-20 00:00:00+00:00, run_after=2024-10-21 00:00:00+00:00
[2024-10-21T08:45:05.410-0300] {processor.py:183} INFO - Processing /home/beatriz/Documentos/airflow/airflow_venv/lib/python3.10/site-packages/airflow/example_dags/example_nested_branch_dag.py took 0.128 seconds
[2024-10-21T08:46:41.766-0300] {processor.py:161} INFO - Started process (PID=17702) to work on /home/beatriz/Documentos/airflow/airflow_venv/lib/python3.10/site-packages/airflow/example_dags/example_nested_branch_dag.py
[2024-10-21T08:46:41.769-0300] {processor.py:830} INFO - Processing file /home/beatriz/Documentos/airflow/airflow_venv/lib/python3.10/site-packages/airflow/example_dags/example_nested_branch_dag.py for tasks to queue
[2024-10-21T08:46:41.772-0300] {logging_mixin.py:188} INFO - [2024-10-21T08:46:41.771-0300] {dagbag.py:540} INFO - Filling up the DagBag from /home/beatriz/Documentos/airflow/airflow_venv/lib/python3.10/site-packages/airflow/example_dags/example_nested_branch_dag.py
[2024-10-21T08:46:41.790-0300] {processor.py:840} INFO - DAG(s) 'example_nested_branch_dag' retrieved from /home/beatriz/Documentos/airflow/airflow_venv/lib/python3.10/site-packages/airflow/example_dags/example_nested_branch_dag.py
[2024-10-21T08:46:41.807-0300] {logging_mixin.py:188} INFO - [2024-10-21T08:46:41.807-0300] {dag.py:3096} INFO - Sync 1 DAGs
[2024-10-21T08:46:41.823-0300] {logging_mixin.py:188} INFO - [2024-10-21T08:46:41.823-0300] {dag.py:3954} INFO - Setting next_dagrun for example_nested_branch_dag to 2024-10-20 00:00:00+00:00, run_after=2024-10-21 00:00:00+00:00
[2024-10-21T08:46:41.842-0300] {processor.py:183} INFO - Processing /home/beatriz/Documentos/airflow/airflow_venv/lib/python3.10/site-packages/airflow/example_dags/example_nested_branch_dag.py took 0.087 seconds
[2024-10-21T09:36:40.404-0300] {processor.py:161} INFO - Started process (PID=21505) to work on /home/beatriz/Documentos/airflow/airflow_venv/lib/python3.10/site-packages/airflow/example_dags/example_nested_branch_dag.py
[2024-10-21T09:36:40.407-0300] {processor.py:830} INFO - Processing file /home/beatriz/Documentos/airflow/airflow_venv/lib/python3.10/site-packages/airflow/example_dags/example_nested_branch_dag.py for tasks to queue
[2024-10-21T09:36:40.410-0300] {logging_mixin.py:188} INFO - [2024-10-21T09:36:40.409-0300] {dagbag.py:540} INFO - Filling up the DagBag from /home/beatriz/Documentos/airflow/airflow_venv/lib/python3.10/site-packages/airflow/example_dags/example_nested_branch_dag.py
[2024-10-21T09:36:40.425-0300] {processor.py:840} INFO - DAG(s) 'example_nested_branch_dag' retrieved from /home/beatriz/Documentos/airflow/airflow_venv/lib/python3.10/site-packages/airflow/example_dags/example_nested_branch_dag.py
[2024-10-21T09:36:40.510-0300] {logging_mixin.py:188} INFO - [2024-10-21T09:36:40.510-0300] {dag.py:3096} INFO - Sync 1 DAGs
[2024-10-21T09:36:40.525-0300] {logging_mixin.py:188} INFO - [2024-10-21T09:36:40.525-0300] {dag.py:3954} INFO - Setting next_dagrun for example_nested_branch_dag to 2024-10-20 00:00:00+00:00, run_after=2024-10-21 00:00:00+00:00
[2024-10-21T09:36:40.543-0300] {processor.py:183} INFO - Processing /home/beatriz/Documentos/airflow/airflow_venv/lib/python3.10/site-packages/airflow/example_dags/example_nested_branch_dag.py took 0.150 seconds
[2024-10-21T09:37:49.424-0300] {processor.py:161} INFO - Started process (PID=22358) to work on /home/beatriz/Documentos/airflow/airflow_venv/lib/python3.10/site-packages/airflow/example_dags/example_nested_branch_dag.py
[2024-10-21T09:37:49.426-0300] {processor.py:830} INFO - Processing file /home/beatriz/Documentos/airflow/airflow_venv/lib/python3.10/site-packages/airflow/example_dags/example_nested_branch_dag.py for tasks to queue
[2024-10-21T09:37:49.428-0300] {logging_mixin.py:188} INFO - [2024-10-21T09:37:49.428-0300] {dagbag.py:540} INFO - Filling up the DagBag from /home/beatriz/Documentos/airflow/airflow_venv/lib/python3.10/site-packages/airflow/example_dags/example_nested_branch_dag.py
[2024-10-21T09:37:49.437-0300] {processor.py:840} INFO - DAG(s) 'example_nested_branch_dag' retrieved from /home/beatriz/Documentos/airflow/airflow_venv/lib/python3.10/site-packages/airflow/example_dags/example_nested_branch_dag.py
[2024-10-21T09:37:49.453-0300] {logging_mixin.py:188} INFO - [2024-10-21T09:37:49.452-0300] {dag.py:3096} INFO - Sync 1 DAGs
[2024-10-21T09:37:49.470-0300] {logging_mixin.py:188} INFO - [2024-10-21T09:37:49.470-0300] {dag.py:3954} INFO - Setting next_dagrun for example_nested_branch_dag to 2024-10-20 00:00:00+00:00, run_after=2024-10-21 00:00:00+00:00
[2024-10-21T09:37:49.496-0300] {processor.py:183} INFO - Processing /home/beatriz/Documentos/airflow/airflow_venv/lib/python3.10/site-packages/airflow/example_dags/example_nested_branch_dag.py took 0.077 seconds
[2024-10-21T09:39:35.976-0300] {processor.py:161} INFO - Started process (PID=24638) to work on /home/beatriz/Documentos/airflow/airflow_venv/lib/python3.10/site-packages/airflow/example_dags/example_nested_branch_dag.py
[2024-10-21T09:39:35.977-0300] {processor.py:830} INFO - Processing file /home/beatriz/Documentos/airflow/airflow_venv/lib/python3.10/site-packages/airflow/example_dags/example_nested_branch_dag.py for tasks to queue
[2024-10-21T09:39:35.978-0300] {logging_mixin.py:188} INFO - [2024-10-21T09:39:35.978-0300] {dagbag.py:540} INFO - Filling up the DagBag from /home/beatriz/Documentos/airflow/airflow_venv/lib/python3.10/site-packages/airflow/example_dags/example_nested_branch_dag.py
[2024-10-21T09:39:35.987-0300] {processor.py:840} INFO - DAG(s) 'example_nested_branch_dag' retrieved from /home/beatriz/Documentos/airflow/airflow_venv/lib/python3.10/site-packages/airflow/example_dags/example_nested_branch_dag.py
[2024-10-21T09:39:36.001-0300] {logging_mixin.py:188} INFO - [2024-10-21T09:39:36.000-0300] {dag.py:3096} INFO - Sync 1 DAGs
[2024-10-21T09:39:36.086-0300] {logging_mixin.py:188} INFO - [2024-10-21T09:39:36.086-0300] {dag.py:3954} INFO - Setting next_dagrun for example_nested_branch_dag to 2024-10-20 00:00:00+00:00, run_after=2024-10-21 00:00:00+00:00
[2024-10-21T09:39:36.106-0300] {processor.py:183} INFO - Processing /home/beatriz/Documentos/airflow/airflow_venv/lib/python3.10/site-packages/airflow/example_dags/example_nested_branch_dag.py took 0.134 seconds
[2024-10-21T09:40:34.328-0300] {processor.py:161} INFO - Started process (PID=25095) to work on /home/beatriz/Documentos/airflow/airflow_venv/lib/python3.10/site-packages/airflow/example_dags/example_nested_branch_dag.py
[2024-10-21T09:40:34.330-0300] {processor.py:830} INFO - Processing file /home/beatriz/Documentos/airflow/airflow_venv/lib/python3.10/site-packages/airflow/example_dags/example_nested_branch_dag.py for tasks to queue
[2024-10-21T09:40:34.332-0300] {logging_mixin.py:188} INFO - [2024-10-21T09:40:34.331-0300] {dagbag.py:540} INFO - Filling up the DagBag from /home/beatriz/Documentos/airflow/airflow_venv/lib/python3.10/site-packages/airflow/example_dags/example_nested_branch_dag.py
[2024-10-21T09:40:34.339-0300] {processor.py:840} INFO - DAG(s) 'example_nested_branch_dag' retrieved from /home/beatriz/Documentos/airflow/airflow_venv/lib/python3.10/site-packages/airflow/example_dags/example_nested_branch_dag.py
[2024-10-21T09:40:34.352-0300] {logging_mixin.py:188} INFO - [2024-10-21T09:40:34.352-0300] {dag.py:3096} INFO - Sync 1 DAGs
[2024-10-21T09:40:34.368-0300] {logging_mixin.py:188} INFO - [2024-10-21T09:40:34.368-0300] {dag.py:3954} INFO - Setting next_dagrun for example_nested_branch_dag to 2024-10-20 00:00:00+00:00, run_after=2024-10-21 00:00:00+00:00
[2024-10-21T09:40:34.385-0300] {processor.py:183} INFO - Processing /home/beatriz/Documentos/airflow/airflow_venv/lib/python3.10/site-packages/airflow/example_dags/example_nested_branch_dag.py took 0.061 seconds
[2024-10-21T09:41:27.984-0300] {processor.py:161} INFO - Started process (PID=25534) to work on /home/beatriz/Documentos/airflow/airflow_venv/lib/python3.10/site-packages/airflow/example_dags/example_nested_branch_dag.py
[2024-10-21T09:41:27.985-0300] {processor.py:830} INFO - Processing file /home/beatriz/Documentos/airflow/airflow_venv/lib/python3.10/site-packages/airflow/example_dags/example_nested_branch_dag.py for tasks to queue
[2024-10-21T09:41:27.988-0300] {logging_mixin.py:188} INFO - [2024-10-21T09:41:27.987-0300] {dagbag.py:540} INFO - Filling up the DagBag from /home/beatriz/Documentos/airflow/airflow_venv/lib/python3.10/site-packages/airflow/example_dags/example_nested_branch_dag.py
[2024-10-21T09:41:28.002-0300] {processor.py:840} INFO - DAG(s) 'example_nested_branch_dag' retrieved from /home/beatriz/Documentos/airflow/airflow_venv/lib/python3.10/site-packages/airflow/example_dags/example_nested_branch_dag.py
[2024-10-21T09:41:28.017-0300] {logging_mixin.py:188} INFO - [2024-10-21T09:41:28.016-0300] {dag.py:3096} INFO - Sync 1 DAGs
[2024-10-21T09:41:28.031-0300] {logging_mixin.py:188} INFO - [2024-10-21T09:41:28.031-0300] {dag.py:3954} INFO - Setting next_dagrun for example_nested_branch_dag to 2024-10-20 00:00:00+00:00, run_after=2024-10-21 00:00:00+00:00
[2024-10-21T09:41:28.047-0300] {processor.py:183} INFO - Processing /home/beatriz/Documentos/airflow/airflow_venv/lib/python3.10/site-packages/airflow/example_dags/example_nested_branch_dag.py took 0.071 seconds
[2024-10-21T09:42:21.531-0300] {processor.py:161} INFO - Started process (PID=25989) to work on /home/beatriz/Documentos/airflow/airflow_venv/lib/python3.10/site-packages/airflow/example_dags/example_nested_branch_dag.py
[2024-10-21T09:42:21.533-0300] {processor.py:830} INFO - Processing file /home/beatriz/Documentos/airflow/airflow_venv/lib/python3.10/site-packages/airflow/example_dags/example_nested_branch_dag.py for tasks to queue
[2024-10-21T09:42:21.535-0300] {logging_mixin.py:188} INFO - [2024-10-21T09:42:21.534-0300] {dagbag.py:540} INFO - Filling up the DagBag from /home/beatriz/Documentos/airflow/airflow_venv/lib/python3.10/site-packages/airflow/example_dags/example_nested_branch_dag.py
[2024-10-21T09:42:21.544-0300] {processor.py:840} INFO - DAG(s) 'example_nested_branch_dag' retrieved from /home/beatriz/Documentos/airflow/airflow_venv/lib/python3.10/site-packages/airflow/example_dags/example_nested_branch_dag.py
[2024-10-21T09:42:21.558-0300] {logging_mixin.py:188} INFO - [2024-10-21T09:42:21.557-0300] {dag.py:3096} INFO - Sync 1 DAGs
[2024-10-21T09:42:21.573-0300] {logging_mixin.py:188} INFO - [2024-10-21T09:42:21.573-0300] {dag.py:3954} INFO - Setting next_dagrun for example_nested_branch_dag to 2024-10-20 00:00:00+00:00, run_after=2024-10-21 00:00:00+00:00
[2024-10-21T09:42:21.589-0300] {processor.py:183} INFO - Processing /home/beatriz/Documentos/airflow/airflow_venv/lib/python3.10/site-packages/airflow/example_dags/example_nested_branch_dag.py took 0.067 seconds
[2024-10-21T09:43:10.917-0300] {processor.py:161} INFO - Started process (PID=26491) to work on /home/beatriz/Documentos/airflow/airflow_venv/lib/python3.10/site-packages/airflow/example_dags/example_nested_branch_dag.py
[2024-10-21T09:43:10.919-0300] {processor.py:830} INFO - Processing file /home/beatriz/Documentos/airflow/airflow_venv/lib/python3.10/site-packages/airflow/example_dags/example_nested_branch_dag.py for tasks to queue
[2024-10-21T09:43:10.920-0300] {logging_mixin.py:188} INFO - [2024-10-21T09:43:10.920-0300] {dagbag.py:540} INFO - Filling up the DagBag from /home/beatriz/Documentos/airflow/airflow_venv/lib/python3.10/site-packages/airflow/example_dags/example_nested_branch_dag.py
[2024-10-21T09:43:10.928-0300] {processor.py:840} INFO - DAG(s) 'example_nested_branch_dag' retrieved from /home/beatriz/Documentos/airflow/airflow_venv/lib/python3.10/site-packages/airflow/example_dags/example_nested_branch_dag.py
[2024-10-21T09:43:10.941-0300] {logging_mixin.py:188} INFO - [2024-10-21T09:43:10.940-0300] {dag.py:3096} INFO - Sync 1 DAGs
[2024-10-21T09:43:10.956-0300] {logging_mixin.py:188} INFO - [2024-10-21T09:43:10.956-0300] {dag.py:3954} INFO - Setting next_dagrun for example_nested_branch_dag to 2024-10-20 00:00:00+00:00, run_after=2024-10-21 00:00:00+00:00
[2024-10-21T09:43:10.972-0300] {processor.py:183} INFO - Processing /home/beatriz/Documentos/airflow/airflow_venv/lib/python3.10/site-packages/airflow/example_dags/example_nested_branch_dag.py took 0.060 seconds
[2024-10-21T09:44:00.081-0300] {processor.py:161} INFO - Started process (PID=26907) to work on /home/beatriz/Documentos/airflow/airflow_venv/lib/python3.10/site-packages/airflow/example_dags/example_nested_branch_dag.py
[2024-10-21T09:44:00.084-0300] {processor.py:830} INFO - Processing file /home/beatriz/Documentos/airflow/airflow_venv/lib/python3.10/site-packages/airflow/example_dags/example_nested_branch_dag.py for tasks to queue
[2024-10-21T09:44:00.087-0300] {logging_mixin.py:188} INFO - [2024-10-21T09:44:00.086-0300] {dagbag.py:540} INFO - Filling up the DagBag from /home/beatriz/Documentos/airflow/airflow_venv/lib/python3.10/site-packages/airflow/example_dags/example_nested_branch_dag.py
[2024-10-21T09:44:00.103-0300] {processor.py:840} INFO - DAG(s) 'example_nested_branch_dag' retrieved from /home/beatriz/Documentos/airflow/airflow_venv/lib/python3.10/site-packages/airflow/example_dags/example_nested_branch_dag.py
[2024-10-21T09:44:00.119-0300] {logging_mixin.py:188} INFO - [2024-10-21T09:44:00.119-0300] {dag.py:3096} INFO - Sync 1 DAGs
[2024-10-21T09:44:00.135-0300] {logging_mixin.py:188} INFO - [2024-10-21T09:44:00.135-0300] {dag.py:3954} INFO - Setting next_dagrun for example_nested_branch_dag to 2024-10-20 00:00:00+00:00, run_after=2024-10-21 00:00:00+00:00
[2024-10-21T09:44:00.153-0300] {processor.py:183} INFO - Processing /home/beatriz/Documentos/airflow/airflow_venv/lib/python3.10/site-packages/airflow/example_dags/example_nested_branch_dag.py took 0.083 seconds
