[2024-10-21T08:38:59.214-0300] {processor.py:161} INFO - Started process (PID=6910) to work on /home/beatriz/Documentos/airflow/airflow_venv/lib/python3.10/site-packages/airflow/example_dags/example_short_circuit_operator.py
[2024-10-21T08:38:59.215-0300] {processor.py:830} INFO - Processing file /home/beatriz/Documentos/airflow/airflow_venv/lib/python3.10/site-packages/airflow/example_dags/example_short_circuit_operator.py for tasks to queue
[2024-10-21T08:38:59.216-0300] {logging_mixin.py:188} INFO - [2024-10-21T08:38:59.216-0300] {dagbag.py:540} INFO - Filling up the DagBag from /home/beatriz/Documentos/airflow/airflow_venv/lib/python3.10/site-packages/airflow/example_dags/example_short_circuit_operator.py
[2024-10-21T08:38:59.223-0300] {processor.py:840} INFO - DAG(s) 'example_short_circuit_operator' retrieved from /home/beatriz/Documentos/airflow/airflow_venv/lib/python3.10/site-packages/airflow/example_dags/example_short_circuit_operator.py
[2024-10-21T08:38:59.232-0300] {logging_mixin.py:188} INFO - [2024-10-21T08:38:59.231-0300] {dag.py:3096} INFO - Sync 1 DAGs
[2024-10-21T08:38:59.251-0300] {logging_mixin.py:188} INFO - [2024-10-21T08:38:59.251-0300] {dag.py:3954} INFO - Setting next_dagrun for example_short_circuit_operator to 2024-10-20 00:00:00+00:00, run_after=2024-10-21 00:00:00+00:00
[2024-10-21T08:38:59.271-0300] {processor.py:183} INFO - Processing /home/beatriz/Documentos/airflow/airflow_venv/lib/python3.10/site-packages/airflow/example_dags/example_short_circuit_operator.py took 0.061 seconds
[2024-10-21T08:39:57.356-0300] {processor.py:161} INFO - Started process (PID=7217) to work on /home/beatriz/Documentos/airflow/airflow_venv/lib/python3.10/site-packages/airflow/example_dags/example_short_circuit_operator.py
[2024-10-21T08:39:57.359-0300] {processor.py:830} INFO - Processing file /home/beatriz/Documentos/airflow/airflow_venv/lib/python3.10/site-packages/airflow/example_dags/example_short_circuit_operator.py for tasks to queue
[2024-10-21T08:39:57.360-0300] {logging_mixin.py:188} INFO - [2024-10-21T08:39:57.360-0300] {dagbag.py:540} INFO - Filling up the DagBag from /home/beatriz/Documentos/airflow/airflow_venv/lib/python3.10/site-packages/airflow/example_dags/example_short_circuit_operator.py
[2024-10-21T08:39:57.370-0300] {processor.py:840} INFO - DAG(s) 'example_short_circuit_operator' retrieved from /home/beatriz/Documentos/airflow/airflow_venv/lib/python3.10/site-packages/airflow/example_dags/example_short_circuit_operator.py
[2024-10-21T08:39:57.471-0300] {logging_mixin.py:188} INFO - [2024-10-21T08:39:57.471-0300] {dag.py:3096} INFO - Sync 1 DAGs
[2024-10-21T08:39:57.614-0300] {logging_mixin.py:188} INFO - [2024-10-21T08:39:57.614-0300] {dag.py:3954} INFO - Setting next_dagrun for example_short_circuit_operator to 2024-10-20 00:00:00+00:00, run_after=2024-10-21 00:00:00+00:00
[2024-10-21T08:39:57.640-0300] {processor.py:183} INFO - Processing /home/beatriz/Documentos/airflow/airflow_venv/lib/python3.10/site-packages/airflow/example_dags/example_short_circuit_operator.py took 0.292 seconds
[2024-10-21T08:40:50.426-0300] {processor.py:161} INFO - Started process (PID=7384) to work on /home/beatriz/Documentos/airflow/airflow_venv/lib/python3.10/site-packages/airflow/example_dags/example_short_circuit_operator.py
[2024-10-21T08:40:50.428-0300] {processor.py:830} INFO - Processing file /home/beatriz/Documentos/airflow/airflow_venv/lib/python3.10/site-packages/airflow/example_dags/example_short_circuit_operator.py for tasks to queue
[2024-10-21T08:40:50.429-0300] {logging_mixin.py:188} INFO - [2024-10-21T08:40:50.429-0300] {dagbag.py:540} INFO - Filling up the DagBag from /home/beatriz/Documentos/airflow/airflow_venv/lib/python3.10/site-packages/airflow/example_dags/example_short_circuit_operator.py
[2024-10-21T08:40:50.435-0300] {processor.py:840} INFO - DAG(s) 'example_short_circuit_operator' retrieved from /home/beatriz/Documentos/airflow/airflow_venv/lib/python3.10/site-packages/airflow/example_dags/example_short_circuit_operator.py
[2024-10-21T08:40:50.451-0300] {logging_mixin.py:188} INFO - [2024-10-21T08:40:50.451-0300] {dag.py:3096} INFO - Sync 1 DAGs
[2024-10-21T08:40:50.465-0300] {logging_mixin.py:188} INFO - [2024-10-21T08:40:50.465-0300] {dag.py:3954} INFO - Setting next_dagrun for example_short_circuit_operator to 2024-10-20 00:00:00+00:00, run_after=2024-10-21 00:00:00+00:00
[2024-10-21T08:40:50.481-0300] {processor.py:183} INFO - Processing /home/beatriz/Documentos/airflow/airflow_venv/lib/python3.10/site-packages/airflow/example_dags/example_short_circuit_operator.py took 0.060 seconds
[2024-10-21T08:41:44.071-0300] {processor.py:161} INFO - Started process (PID=14122) to work on /home/beatriz/Documentos/airflow/airflow_venv/lib/python3.10/site-packages/airflow/example_dags/example_short_circuit_operator.py
[2024-10-21T08:41:44.072-0300] {processor.py:830} INFO - Processing file /home/beatriz/Documentos/airflow/airflow_venv/lib/python3.10/site-packages/airflow/example_dags/example_short_circuit_operator.py for tasks to queue
[2024-10-21T08:41:44.074-0300] {logging_mixin.py:188} INFO - [2024-10-21T08:41:44.074-0300] {dagbag.py:540} INFO - Filling up the DagBag from /home/beatriz/Documentos/airflow/airflow_venv/lib/python3.10/site-packages/airflow/example_dags/example_short_circuit_operator.py
[2024-10-21T08:41:44.081-0300] {processor.py:840} INFO - DAG(s) 'example_short_circuit_operator' retrieved from /home/beatriz/Documentos/airflow/airflow_venv/lib/python3.10/site-packages/airflow/example_dags/example_short_circuit_operator.py
[2024-10-21T08:41:44.097-0300] {logging_mixin.py:188} INFO - [2024-10-21T08:41:44.097-0300] {dag.py:3096} INFO - Sync 1 DAGs
[2024-10-21T08:41:44.180-0300] {logging_mixin.py:188} INFO - [2024-10-21T08:41:44.180-0300] {dag.py:3954} INFO - Setting next_dagrun for example_short_circuit_operator to 2024-10-20 00:00:00+00:00, run_after=2024-10-21 00:00:00+00:00
[2024-10-21T08:41:44.200-0300] {processor.py:183} INFO - Processing /home/beatriz/Documentos/airflow/airflow_venv/lib/python3.10/site-packages/airflow/example_dags/example_short_circuit_operator.py took 0.134 seconds
[2024-10-21T08:42:38.040-0300] {processor.py:161} INFO - Started process (PID=14479) to work on /home/beatriz/Documentos/airflow/airflow_venv/lib/python3.10/site-packages/airflow/example_dags/example_short_circuit_operator.py
[2024-10-21T08:42:38.042-0300] {processor.py:830} INFO - Processing file /home/beatriz/Documentos/airflow/airflow_venv/lib/python3.10/site-packages/airflow/example_dags/example_short_circuit_operator.py for tasks to queue
[2024-10-21T08:42:38.045-0300] {logging_mixin.py:188} INFO - [2024-10-21T08:42:38.044-0300] {dagbag.py:540} INFO - Filling up the DagBag from /home/beatriz/Documentos/airflow/airflow_venv/lib/python3.10/site-packages/airflow/example_dags/example_short_circuit_operator.py
[2024-10-21T08:42:38.052-0300] {processor.py:840} INFO - DAG(s) 'example_short_circuit_operator' retrieved from /home/beatriz/Documentos/airflow/airflow_venv/lib/python3.10/site-packages/airflow/example_dags/example_short_circuit_operator.py
[2024-10-21T08:42:38.070-0300] {logging_mixin.py:188} INFO - [2024-10-21T08:42:38.070-0300] {dag.py:3096} INFO - Sync 1 DAGs
[2024-10-21T08:42:38.088-0300] {logging_mixin.py:188} INFO - [2024-10-21T08:42:38.087-0300] {dag.py:3954} INFO - Setting next_dagrun for example_short_circuit_operator to 2024-10-20 00:00:00+00:00, run_after=2024-10-21 00:00:00+00:00
[2024-10-21T08:42:38.107-0300] {processor.py:183} INFO - Processing /home/beatriz/Documentos/airflow/airflow_venv/lib/python3.10/site-packages/airflow/example_dags/example_short_circuit_operator.py took 0.074 seconds
[2024-10-21T08:43:23.569-0300] {processor.py:161} INFO - Started process (PID=14759) to work on /home/beatriz/Documentos/airflow/airflow_venv/lib/python3.10/site-packages/airflow/example_dags/example_short_circuit_operator.py
[2024-10-21T08:43:23.571-0300] {processor.py:830} INFO - Processing file /home/beatriz/Documentos/airflow/airflow_venv/lib/python3.10/site-packages/airflow/example_dags/example_short_circuit_operator.py for tasks to queue
[2024-10-21T08:43:23.573-0300] {logging_mixin.py:188} INFO - [2024-10-21T08:43:23.573-0300] {dagbag.py:540} INFO - Filling up the DagBag from /home/beatriz/Documentos/airflow/airflow_venv/lib/python3.10/site-packages/airflow/example_dags/example_short_circuit_operator.py
[2024-10-21T08:43:23.578-0300] {processor.py:840} INFO - DAG(s) 'example_short_circuit_operator' retrieved from /home/beatriz/Documentos/airflow/airflow_venv/lib/python3.10/site-packages/airflow/example_dags/example_short_circuit_operator.py
[2024-10-21T08:43:23.593-0300] {logging_mixin.py:188} INFO - [2024-10-21T08:43:23.592-0300] {dag.py:3096} INFO - Sync 1 DAGs
[2024-10-21T08:43:23.607-0300] {logging_mixin.py:188} INFO - [2024-10-21T08:43:23.607-0300] {dag.py:3954} INFO - Setting next_dagrun for example_short_circuit_operator to 2024-10-20 00:00:00+00:00, run_after=2024-10-21 00:00:00+00:00
[2024-10-21T08:43:23.623-0300] {processor.py:183} INFO - Processing /home/beatriz/Documentos/airflow/airflow_venv/lib/python3.10/site-packages/airflow/example_dags/example_short_circuit_operator.py took 0.059 seconds
[2024-10-21T08:44:08.355-0300] {processor.py:161} INFO - Started process (PID=14976) to work on /home/beatriz/Documentos/airflow/airflow_venv/lib/python3.10/site-packages/airflow/example_dags/example_short_circuit_operator.py
[2024-10-21T08:44:08.357-0300] {processor.py:830} INFO - Processing file /home/beatriz/Documentos/airflow/airflow_venv/lib/python3.10/site-packages/airflow/example_dags/example_short_circuit_operator.py for tasks to queue
[2024-10-21T08:44:08.360-0300] {logging_mixin.py:188} INFO - [2024-10-21T08:44:08.359-0300] {dagbag.py:540} INFO - Filling up the DagBag from /home/beatriz/Documentos/airflow/airflow_venv/lib/python3.10/site-packages/airflow/example_dags/example_short_circuit_operator.py
[2024-10-21T08:44:08.372-0300] {processor.py:840} INFO - DAG(s) 'example_short_circuit_operator' retrieved from /home/beatriz/Documentos/airflow/airflow_venv/lib/python3.10/site-packages/airflow/example_dags/example_short_circuit_operator.py
[2024-10-21T08:44:08.389-0300] {logging_mixin.py:188} INFO - [2024-10-21T08:44:08.389-0300] {dag.py:3096} INFO - Sync 1 DAGs
[2024-10-21T08:44:08.404-0300] {logging_mixin.py:188} INFO - [2024-10-21T08:44:08.403-0300] {dag.py:3954} INFO - Setting next_dagrun for example_short_circuit_operator to 2024-10-20 00:00:00+00:00, run_after=2024-10-21 00:00:00+00:00
[2024-10-21T08:44:08.420-0300] {processor.py:183} INFO - Processing /home/beatriz/Documentos/airflow/airflow_venv/lib/python3.10/site-packages/airflow/example_dags/example_short_circuit_operator.py took 0.079 seconds
[2024-10-21T08:44:54.909-0300] {processor.py:161} INFO - Started process (PID=15823) to work on /home/beatriz/Documentos/airflow/airflow_venv/lib/python3.10/site-packages/airflow/example_dags/example_short_circuit_operator.py
[2024-10-21T08:44:54.912-0300] {processor.py:830} INFO - Processing file /home/beatriz/Documentos/airflow/airflow_venv/lib/python3.10/site-packages/airflow/example_dags/example_short_circuit_operator.py for tasks to queue
[2024-10-21T08:44:54.915-0300] {logging_mixin.py:188} INFO - [2024-10-21T08:44:54.914-0300] {dagbag.py:540} INFO - Filling up the DagBag from /home/beatriz/Documentos/airflow/airflow_venv/lib/python3.10/site-packages/airflow/example_dags/example_short_circuit_operator.py
[2024-10-21T08:44:54.926-0300] {processor.py:840} INFO - DAG(s) 'example_short_circuit_operator' retrieved from /home/beatriz/Documentos/airflow/airflow_venv/lib/python3.10/site-packages/airflow/example_dags/example_short_circuit_operator.py
[2024-10-21T08:44:54.934-0300] {logging_mixin.py:188} INFO - [2024-10-21T08:44:54.934-0300] {dag.py:3096} INFO - Sync 1 DAGs
[2024-10-21T08:44:54.952-0300] {logging_mixin.py:188} INFO - [2024-10-21T08:44:54.952-0300] {dag.py:3954} INFO - Setting next_dagrun for example_short_circuit_operator to 2024-10-20 00:00:00+00:00, run_after=2024-10-21 00:00:00+00:00
[2024-10-21T08:44:54.971-0300] {processor.py:183} INFO - Processing /home/beatriz/Documentos/airflow/airflow_venv/lib/python3.10/site-packages/airflow/example_dags/example_short_circuit_operator.py took 0.074 seconds
[2024-10-21T08:46:30.374-0300] {processor.py:161} INFO - Started process (PID=17646) to work on /home/beatriz/Documentos/airflow/airflow_venv/lib/python3.10/site-packages/airflow/example_dags/example_short_circuit_operator.py
[2024-10-21T08:46:30.376-0300] {processor.py:830} INFO - Processing file /home/beatriz/Documentos/airflow/airflow_venv/lib/python3.10/site-packages/airflow/example_dags/example_short_circuit_operator.py for tasks to queue
[2024-10-21T08:46:30.378-0300] {logging_mixin.py:188} INFO - [2024-10-21T08:46:30.377-0300] {dagbag.py:540} INFO - Filling up the DagBag from /home/beatriz/Documentos/airflow/airflow_venv/lib/python3.10/site-packages/airflow/example_dags/example_short_circuit_operator.py
[2024-10-21T08:46:30.384-0300] {processor.py:840} INFO - DAG(s) 'example_short_circuit_operator' retrieved from /home/beatriz/Documentos/airflow/airflow_venv/lib/python3.10/site-packages/airflow/example_dags/example_short_circuit_operator.py
[2024-10-21T08:46:30.463-0300] {logging_mixin.py:188} INFO - [2024-10-21T08:46:30.463-0300] {dag.py:3096} INFO - Sync 1 DAGs
[2024-10-21T08:46:30.560-0300] {logging_mixin.py:188} INFO - [2024-10-21T08:46:30.560-0300] {dag.py:3954} INFO - Setting next_dagrun for example_short_circuit_operator to 2024-10-20 00:00:00+00:00, run_after=2024-10-21 00:00:00+00:00
[2024-10-21T08:46:30.587-0300] {processor.py:183} INFO - Processing /home/beatriz/Documentos/airflow/airflow_venv/lib/python3.10/site-packages/airflow/example_dags/example_short_circuit_operator.py took 0.217 seconds
[2024-10-21T08:47:26.108-0300] {processor.py:161} INFO - Started process (PID=18166) to work on /home/beatriz/Documentos/airflow/airflow_venv/lib/python3.10/site-packages/airflow/example_dags/example_short_circuit_operator.py
[2024-10-21T08:47:26.110-0300] {processor.py:830} INFO - Processing file /home/beatriz/Documentos/airflow/airflow_venv/lib/python3.10/site-packages/airflow/example_dags/example_short_circuit_operator.py for tasks to queue
[2024-10-21T08:47:26.111-0300] {logging_mixin.py:188} INFO - [2024-10-21T08:47:26.111-0300] {dagbag.py:540} INFO - Filling up the DagBag from /home/beatriz/Documentos/airflow/airflow_venv/lib/python3.10/site-packages/airflow/example_dags/example_short_circuit_operator.py
[2024-10-21T08:47:26.117-0300] {processor.py:840} INFO - DAG(s) 'example_short_circuit_operator' retrieved from /home/beatriz/Documentos/airflow/airflow_venv/lib/python3.10/site-packages/airflow/example_dags/example_short_circuit_operator.py
[2024-10-21T08:47:26.131-0300] {logging_mixin.py:188} INFO - [2024-10-21T08:47:26.131-0300] {dag.py:3096} INFO - Sync 1 DAGs
[2024-10-21T08:47:26.145-0300] {logging_mixin.py:188} INFO - [2024-10-21T08:47:26.145-0300] {dag.py:3954} INFO - Setting next_dagrun for example_short_circuit_operator to 2024-10-20 00:00:00+00:00, run_after=2024-10-21 00:00:00+00:00
[2024-10-21T08:47:26.161-0300] {processor.py:183} INFO - Processing /home/beatriz/Documentos/airflow/airflow_venv/lib/python3.10/site-packages/airflow/example_dags/example_short_circuit_operator.py took 0.058 seconds
[2024-10-21T09:36:28.710-0300] {processor.py:161} INFO - Started process (PID=21405) to work on /home/beatriz/Documentos/airflow/airflow_venv/lib/python3.10/site-packages/airflow/example_dags/example_short_circuit_operator.py
[2024-10-21T09:36:28.712-0300] {processor.py:830} INFO - Processing file /home/beatriz/Documentos/airflow/airflow_venv/lib/python3.10/site-packages/airflow/example_dags/example_short_circuit_operator.py for tasks to queue
[2024-10-21T09:36:28.713-0300] {logging_mixin.py:188} INFO - [2024-10-21T09:36:28.713-0300] {dagbag.py:540} INFO - Filling up the DagBag from /home/beatriz/Documentos/airflow/airflow_venv/lib/python3.10/site-packages/airflow/example_dags/example_short_circuit_operator.py
[2024-10-21T09:36:28.719-0300] {processor.py:840} INFO - DAG(s) 'example_short_circuit_operator' retrieved from /home/beatriz/Documentos/airflow/airflow_venv/lib/python3.10/site-packages/airflow/example_dags/example_short_circuit_operator.py
[2024-10-21T09:36:28.792-0300] {logging_mixin.py:188} INFO - [2024-10-21T09:36:28.791-0300] {dag.py:3096} INFO - Sync 1 DAGs
[2024-10-21T09:36:28.803-0300] {logging_mixin.py:188} INFO - [2024-10-21T09:36:28.803-0300] {dag.py:3954} INFO - Setting next_dagrun for example_short_circuit_operator to 2024-10-20 00:00:00+00:00, run_after=2024-10-21 00:00:00+00:00
[2024-10-21T09:36:28.821-0300] {processor.py:183} INFO - Processing /home/beatriz/Documentos/airflow/airflow_venv/lib/python3.10/site-packages/airflow/example_dags/example_short_circuit_operator.py took 0.115 seconds
[2024-10-21T09:37:33.988-0300] {processor.py:161} INFO - Started process (PID=22053) to work on /home/beatriz/Documentos/airflow/airflow_venv/lib/python3.10/site-packages/airflow/example_dags/example_short_circuit_operator.py
[2024-10-21T09:37:33.990-0300] {processor.py:830} INFO - Processing file /home/beatriz/Documentos/airflow/airflow_venv/lib/python3.10/site-packages/airflow/example_dags/example_short_circuit_operator.py for tasks to queue
[2024-10-21T09:37:33.992-0300] {logging_mixin.py:188} INFO - [2024-10-21T09:37:33.992-0300] {dagbag.py:540} INFO - Filling up the DagBag from /home/beatriz/Documentos/airflow/airflow_venv/lib/python3.10/site-packages/airflow/example_dags/example_short_circuit_operator.py
[2024-10-21T09:37:34.000-0300] {processor.py:840} INFO - DAG(s) 'example_short_circuit_operator' retrieved from /home/beatriz/Documentos/airflow/airflow_venv/lib/python3.10/site-packages/airflow/example_dags/example_short_circuit_operator.py
[2024-10-21T09:37:34.018-0300] {logging_mixin.py:188} INFO - [2024-10-21T09:37:34.018-0300] {dag.py:3096} INFO - Sync 1 DAGs
[2024-10-21T09:37:34.035-0300] {logging_mixin.py:188} INFO - [2024-10-21T09:37:34.035-0300] {dag.py:3954} INFO - Setting next_dagrun for example_short_circuit_operator to 2024-10-20 00:00:00+00:00, run_after=2024-10-21 00:00:00+00:00
[2024-10-21T09:37:34.054-0300] {processor.py:183} INFO - Processing /home/beatriz/Documentos/airflow/airflow_venv/lib/python3.10/site-packages/airflow/example_dags/example_short_circuit_operator.py took 0.074 seconds
[2024-10-21T09:39:06.446-0300] {processor.py:161} INFO - Started process (PID=24257) to work on /home/beatriz/Documentos/airflow/airflow_venv/lib/python3.10/site-packages/airflow/example_dags/example_short_circuit_operator.py
[2024-10-21T09:39:06.448-0300] {processor.py:830} INFO - Processing file /home/beatriz/Documentos/airflow/airflow_venv/lib/python3.10/site-packages/airflow/example_dags/example_short_circuit_operator.py for tasks to queue
[2024-10-21T09:39:06.450-0300] {logging_mixin.py:188} INFO - [2024-10-21T09:39:06.449-0300] {dagbag.py:540} INFO - Filling up the DagBag from /home/beatriz/Documentos/airflow/airflow_venv/lib/python3.10/site-packages/airflow/example_dags/example_short_circuit_operator.py
[2024-10-21T09:39:06.456-0300] {processor.py:840} INFO - DAG(s) 'example_short_circuit_operator' retrieved from /home/beatriz/Documentos/airflow/airflow_venv/lib/python3.10/site-packages/airflow/example_dags/example_short_circuit_operator.py
[2024-10-21T09:39:06.471-0300] {logging_mixin.py:188} INFO - [2024-10-21T09:39:06.471-0300] {dag.py:3096} INFO - Sync 1 DAGs
[2024-10-21T09:39:06.486-0300] {logging_mixin.py:188} INFO - [2024-10-21T09:39:06.486-0300] {dag.py:3954} INFO - Setting next_dagrun for example_short_circuit_operator to 2024-10-20 00:00:00+00:00, run_after=2024-10-21 00:00:00+00:00
[2024-10-21T09:39:06.504-0300] {processor.py:183} INFO - Processing /home/beatriz/Documentos/airflow/airflow_venv/lib/python3.10/site-packages/airflow/example_dags/example_short_circuit_operator.py took 0.061 seconds
[2024-10-21T09:40:21.585-0300] {processor.py:161} INFO - Started process (PID=25063) to work on /home/beatriz/Documentos/airflow/airflow_venv/lib/python3.10/site-packages/airflow/example_dags/example_short_circuit_operator.py
[2024-10-21T09:40:21.588-0300] {processor.py:830} INFO - Processing file /home/beatriz/Documentos/airflow/airflow_venv/lib/python3.10/site-packages/airflow/example_dags/example_short_circuit_operator.py for tasks to queue
[2024-10-21T09:40:21.591-0300] {logging_mixin.py:188} INFO - [2024-10-21T09:40:21.591-0300] {dagbag.py:540} INFO - Filling up the DagBag from /home/beatriz/Documentos/airflow/airflow_venv/lib/python3.10/site-packages/airflow/example_dags/example_short_circuit_operator.py
[2024-10-21T09:40:21.678-0300] {processor.py:840} INFO - DAG(s) 'example_short_circuit_operator' retrieved from /home/beatriz/Documentos/airflow/airflow_venv/lib/python3.10/site-packages/airflow/example_dags/example_short_circuit_operator.py
[2024-10-21T09:40:21.692-0300] {logging_mixin.py:188} INFO - [2024-10-21T09:40:21.692-0300] {dag.py:3096} INFO - Sync 1 DAGs
[2024-10-21T09:40:21.706-0300] {logging_mixin.py:188} INFO - [2024-10-21T09:40:21.705-0300] {dag.py:3954} INFO - Setting next_dagrun for example_short_circuit_operator to 2024-10-20 00:00:00+00:00, run_after=2024-10-21 00:00:00+00:00
[2024-10-21T09:40:21.725-0300] {processor.py:183} INFO - Processing /home/beatriz/Documentos/airflow/airflow_venv/lib/python3.10/site-packages/airflow/example_dags/example_short_circuit_operator.py took 0.151 seconds
[2024-10-21T09:41:14.280-0300] {processor.py:161} INFO - Started process (PID=25511) to work on /home/beatriz/Documentos/airflow/airflow_venv/lib/python3.10/site-packages/airflow/example_dags/example_short_circuit_operator.py
[2024-10-21T09:41:14.283-0300] {processor.py:830} INFO - Processing file /home/beatriz/Documentos/airflow/airflow_venv/lib/python3.10/site-packages/airflow/example_dags/example_short_circuit_operator.py for tasks to queue
[2024-10-21T09:41:14.286-0300] {logging_mixin.py:188} INFO - [2024-10-21T09:41:14.285-0300] {dagbag.py:540} INFO - Filling up the DagBag from /home/beatriz/Documentos/airflow/airflow_venv/lib/python3.10/site-packages/airflow/example_dags/example_short_circuit_operator.py
[2024-10-21T09:41:14.299-0300] {processor.py:840} INFO - DAG(s) 'example_short_circuit_operator' retrieved from /home/beatriz/Documentos/airflow/airflow_venv/lib/python3.10/site-packages/airflow/example_dags/example_short_circuit_operator.py
[2024-10-21T09:41:14.319-0300] {logging_mixin.py:188} INFO - [2024-10-21T09:41:14.319-0300] {dag.py:3096} INFO - Sync 1 DAGs
[2024-10-21T09:41:14.334-0300] {logging_mixin.py:188} INFO - [2024-10-21T09:41:14.334-0300] {dag.py:3954} INFO - Setting next_dagrun for example_short_circuit_operator to 2024-10-20 00:00:00+00:00, run_after=2024-10-21 00:00:00+00:00
[2024-10-21T09:41:14.350-0300] {processor.py:183} INFO - Processing /home/beatriz/Documentos/airflow/airflow_venv/lib/python3.10/site-packages/airflow/example_dags/example_short_circuit_operator.py took 0.079 seconds
[2024-10-21T09:42:11.558-0300] {processor.py:161} INFO - Started process (PID=25972) to work on /home/beatriz/Documentos/airflow/airflow_venv/lib/python3.10/site-packages/airflow/example_dags/example_short_circuit_operator.py
[2024-10-21T09:42:11.560-0300] {processor.py:830} INFO - Processing file /home/beatriz/Documentos/airflow/airflow_venv/lib/python3.10/site-packages/airflow/example_dags/example_short_circuit_operator.py for tasks to queue
[2024-10-21T09:42:11.561-0300] {logging_mixin.py:188} INFO - [2024-10-21T09:42:11.561-0300] {dagbag.py:540} INFO - Filling up the DagBag from /home/beatriz/Documentos/airflow/airflow_venv/lib/python3.10/site-packages/airflow/example_dags/example_short_circuit_operator.py
[2024-10-21T09:42:11.567-0300] {processor.py:840} INFO - DAG(s) 'example_short_circuit_operator' retrieved from /home/beatriz/Documentos/airflow/airflow_venv/lib/python3.10/site-packages/airflow/example_dags/example_short_circuit_operator.py
[2024-10-21T09:42:11.581-0300] {logging_mixin.py:188} INFO - [2024-10-21T09:42:11.581-0300] {dag.py:3096} INFO - Sync 1 DAGs
[2024-10-21T09:42:11.597-0300] {logging_mixin.py:188} INFO - [2024-10-21T09:42:11.596-0300] {dag.py:3954} INFO - Setting next_dagrun for example_short_circuit_operator to 2024-10-20 00:00:00+00:00, run_after=2024-10-21 00:00:00+00:00
[2024-10-21T09:42:11.613-0300] {processor.py:183} INFO - Processing /home/beatriz/Documentos/airflow/airflow_venv/lib/python3.10/site-packages/airflow/example_dags/example_short_circuit_operator.py took 0.060 seconds
[2024-10-21T09:43:01.774-0300] {processor.py:161} INFO - Started process (PID=26436) to work on /home/beatriz/Documentos/airflow/airflow_venv/lib/python3.10/site-packages/airflow/example_dags/example_short_circuit_operator.py
[2024-10-21T09:43:01.776-0300] {processor.py:830} INFO - Processing file /home/beatriz/Documentos/airflow/airflow_venv/lib/python3.10/site-packages/airflow/example_dags/example_short_circuit_operator.py for tasks to queue
[2024-10-21T09:43:01.778-0300] {logging_mixin.py:188} INFO - [2024-10-21T09:43:01.777-0300] {dagbag.py:540} INFO - Filling up the DagBag from /home/beatriz/Documentos/airflow/airflow_venv/lib/python3.10/site-packages/airflow/example_dags/example_short_circuit_operator.py
[2024-10-21T09:43:01.783-0300] {processor.py:840} INFO - DAG(s) 'example_short_circuit_operator' retrieved from /home/beatriz/Documentos/airflow/airflow_venv/lib/python3.10/site-packages/airflow/example_dags/example_short_circuit_operator.py
[2024-10-21T09:43:01.798-0300] {logging_mixin.py:188} INFO - [2024-10-21T09:43:01.798-0300] {dag.py:3096} INFO - Sync 1 DAGs
[2024-10-21T09:43:01.812-0300] {logging_mixin.py:188} INFO - [2024-10-21T09:43:01.812-0300] {dag.py:3954} INFO - Setting next_dagrun for example_short_circuit_operator to 2024-10-20 00:00:00+00:00, run_after=2024-10-21 00:00:00+00:00
[2024-10-21T09:43:01.829-0300] {processor.py:183} INFO - Processing /home/beatriz/Documentos/airflow/airflow_venv/lib/python3.10/site-packages/airflow/example_dags/example_short_circuit_operator.py took 0.059 seconds
[2024-10-21T09:43:50.076-0300] {processor.py:161} INFO - Started process (PID=26854) to work on /home/beatriz/Documentos/airflow/airflow_venv/lib/python3.10/site-packages/airflow/example_dags/example_short_circuit_operator.py
[2024-10-21T09:43:50.077-0300] {processor.py:830} INFO - Processing file /home/beatriz/Documentos/airflow/airflow_venv/lib/python3.10/site-packages/airflow/example_dags/example_short_circuit_operator.py for tasks to queue
[2024-10-21T09:43:50.078-0300] {logging_mixin.py:188} INFO - [2024-10-21T09:43:50.078-0300] {dagbag.py:540} INFO - Filling up the DagBag from /home/beatriz/Documentos/airflow/airflow_venv/lib/python3.10/site-packages/airflow/example_dags/example_short_circuit_operator.py
[2024-10-21T09:43:50.085-0300] {processor.py:840} INFO - DAG(s) 'example_short_circuit_operator' retrieved from /home/beatriz/Documentos/airflow/airflow_venv/lib/python3.10/site-packages/airflow/example_dags/example_short_circuit_operator.py
[2024-10-21T09:43:50.099-0300] {logging_mixin.py:188} INFO - [2024-10-21T09:43:50.099-0300] {dag.py:3096} INFO - Sync 1 DAGs
[2024-10-21T09:43:50.114-0300] {logging_mixin.py:188} INFO - [2024-10-21T09:43:50.114-0300] {dag.py:3954} INFO - Setting next_dagrun for example_short_circuit_operator to 2024-10-20 00:00:00+00:00, run_after=2024-10-21 00:00:00+00:00
[2024-10-21T09:43:50.131-0300] {processor.py:183} INFO - Processing /home/beatriz/Documentos/airflow/airflow_venv/lib/python3.10/site-packages/airflow/example_dags/example_short_circuit_operator.py took 0.059 seconds
