[2024-10-21T08:39:08.497-0300] {processor.py:161} INFO - Started process (PID=7050) to work on /home/beatriz/Documentos/airflow/airflow_venv/lib/python3.10/site-packages/airflow/example_dags/example_params_trigger_ui.py
[2024-10-21T08:39:08.498-0300] {processor.py:830} INFO - Processing file /home/beatriz/Documentos/airflow/airflow_venv/lib/python3.10/site-packages/airflow/example_dags/example_params_trigger_ui.py for tasks to queue
[2024-10-21T08:39:08.499-0300] {logging_mixin.py:188} INFO - [2024-10-21T08:39:08.499-0300] {dagbag.py:540} INFO - Filling up the DagBag from /home/beatriz/Documentos/airflow/airflow_venv/lib/python3.10/site-packages/airflow/example_dags/example_params_trigger_ui.py
[2024-10-21T08:39:08.510-0300] {processor.py:840} INFO - DAG(s) 'example_params_trigger_ui' retrieved from /home/beatriz/Documentos/airflow/airflow_venv/lib/python3.10/site-packages/airflow/example_dags/example_params_trigger_ui.py
[2024-10-21T08:39:08.596-0300] {logging_mixin.py:188} INFO - [2024-10-21T08:39:08.595-0300] {dag.py:3096} INFO - Sync 1 DAGs
[2024-10-21T08:39:08.602-0300] {logging_mixin.py:188} INFO - [2024-10-21T08:39:08.602-0300] {dag.py:3954} INFO - Setting next_dagrun for example_params_trigger_ui to None, run_after=None
[2024-10-21T08:39:08.619-0300] {processor.py:183} INFO - Processing /home/beatriz/Documentos/airflow/airflow_venv/lib/python3.10/site-packages/airflow/example_dags/example_params_trigger_ui.py took 0.126 seconds
[2024-10-21T08:40:06.517-0300] {processor.py:161} INFO - Started process (PID=7236) to work on /home/beatriz/Documentos/airflow/airflow_venv/lib/python3.10/site-packages/airflow/example_dags/example_params_trigger_ui.py
[2024-10-21T08:40:06.519-0300] {processor.py:830} INFO - Processing file /home/beatriz/Documentos/airflow/airflow_venv/lib/python3.10/site-packages/airflow/example_dags/example_params_trigger_ui.py for tasks to queue
[2024-10-21T08:40:06.522-0300] {logging_mixin.py:188} INFO - [2024-10-21T08:40:06.521-0300] {dagbag.py:540} INFO - Filling up the DagBag from /home/beatriz/Documentos/airflow/airflow_venv/lib/python3.10/site-packages/airflow/example_dags/example_params_trigger_ui.py
[2024-10-21T08:40:06.541-0300] {processor.py:840} INFO - DAG(s) 'example_params_trigger_ui' retrieved from /home/beatriz/Documentos/airflow/airflow_venv/lib/python3.10/site-packages/airflow/example_dags/example_params_trigger_ui.py
[2024-10-21T08:40:06.577-0300] {logging_mixin.py:188} INFO - [2024-10-21T08:40:06.577-0300] {dag.py:3096} INFO - Sync 1 DAGs
[2024-10-21T08:40:06.585-0300] {logging_mixin.py:188} INFO - [2024-10-21T08:40:06.585-0300] {dag.py:3954} INFO - Setting next_dagrun for example_params_trigger_ui to None, run_after=None
[2024-10-21T08:40:06.600-0300] {processor.py:183} INFO - Processing /home/beatriz/Documentos/airflow/airflow_venv/lib/python3.10/site-packages/airflow/example_dags/example_params_trigger_ui.py took 0.094 seconds
[2024-10-21T08:40:59.290-0300] {processor.py:161} INFO - Started process (PID=7394) to work on /home/beatriz/Documentos/airflow/airflow_venv/lib/python3.10/site-packages/airflow/example_dags/example_params_trigger_ui.py
[2024-10-21T08:40:59.293-0300] {processor.py:830} INFO - Processing file /home/beatriz/Documentos/airflow/airflow_venv/lib/python3.10/site-packages/airflow/example_dags/example_params_trigger_ui.py for tasks to queue
[2024-10-21T08:40:59.295-0300] {logging_mixin.py:188} INFO - [2024-10-21T08:40:59.294-0300] {dagbag.py:540} INFO - Filling up the DagBag from /home/beatriz/Documentos/airflow/airflow_venv/lib/python3.10/site-packages/airflow/example_dags/example_params_trigger_ui.py
[2024-10-21T08:40:59.308-0300] {processor.py:840} INFO - DAG(s) 'example_params_trigger_ui' retrieved from /home/beatriz/Documentos/airflow/airflow_venv/lib/python3.10/site-packages/airflow/example_dags/example_params_trigger_ui.py
[2024-10-21T08:40:59.345-0300] {logging_mixin.py:188} INFO - [2024-10-21T08:40:59.344-0300] {dag.py:3096} INFO - Sync 1 DAGs
[2024-10-21T08:40:59.357-0300] {logging_mixin.py:188} INFO - [2024-10-21T08:40:59.356-0300] {dag.py:3954} INFO - Setting next_dagrun for example_params_trigger_ui to None, run_after=None
[2024-10-21T08:40:59.376-0300] {processor.py:183} INFO - Processing /home/beatriz/Documentos/airflow/airflow_venv/lib/python3.10/site-packages/airflow/example_dags/example_params_trigger_ui.py took 0.094 seconds
[2024-10-21T08:41:54.387-0300] {processor.py:161} INFO - Started process (PID=14263) to work on /home/beatriz/Documentos/airflow/airflow_venv/lib/python3.10/site-packages/airflow/example_dags/example_params_trigger_ui.py
[2024-10-21T08:41:54.389-0300] {processor.py:830} INFO - Processing file /home/beatriz/Documentos/airflow/airflow_venv/lib/python3.10/site-packages/airflow/example_dags/example_params_trigger_ui.py for tasks to queue
[2024-10-21T08:41:54.392-0300] {logging_mixin.py:188} INFO - [2024-10-21T08:41:54.391-0300] {dagbag.py:540} INFO - Filling up the DagBag from /home/beatriz/Documentos/airflow/airflow_venv/lib/python3.10/site-packages/airflow/example_dags/example_params_trigger_ui.py
[2024-10-21T08:41:54.484-0300] {processor.py:840} INFO - DAG(s) 'example_params_trigger_ui' retrieved from /home/beatriz/Documentos/airflow/airflow_venv/lib/python3.10/site-packages/airflow/example_dags/example_params_trigger_ui.py
[2024-10-21T08:41:54.520-0300] {logging_mixin.py:188} INFO - [2024-10-21T08:41:54.520-0300] {dag.py:3096} INFO - Sync 1 DAGs
[2024-10-21T08:41:54.527-0300] {logging_mixin.py:188} INFO - [2024-10-21T08:41:54.527-0300] {dag.py:3954} INFO - Setting next_dagrun for example_params_trigger_ui to None, run_after=None
[2024-10-21T08:41:54.548-0300] {processor.py:183} INFO - Processing /home/beatriz/Documentos/airflow/airflow_venv/lib/python3.10/site-packages/airflow/example_dags/example_params_trigger_ui.py took 0.171 seconds
[2024-10-21T08:42:47.170-0300] {processor.py:161} INFO - Started process (PID=14558) to work on /home/beatriz/Documentos/airflow/airflow_venv/lib/python3.10/site-packages/airflow/example_dags/example_params_trigger_ui.py
[2024-10-21T08:42:47.171-0300] {processor.py:830} INFO - Processing file /home/beatriz/Documentos/airflow/airflow_venv/lib/python3.10/site-packages/airflow/example_dags/example_params_trigger_ui.py for tasks to queue
[2024-10-21T08:42:47.173-0300] {logging_mixin.py:188} INFO - [2024-10-21T08:42:47.172-0300] {dagbag.py:540} INFO - Filling up the DagBag from /home/beatriz/Documentos/airflow/airflow_venv/lib/python3.10/site-packages/airflow/example_dags/example_params_trigger_ui.py
[2024-10-21T08:42:47.190-0300] {processor.py:840} INFO - DAG(s) 'example_params_trigger_ui' retrieved from /home/beatriz/Documentos/airflow/airflow_venv/lib/python3.10/site-packages/airflow/example_dags/example_params_trigger_ui.py
[2024-10-21T08:42:47.251-0300] {logging_mixin.py:188} INFO - [2024-10-21T08:42:47.251-0300] {dag.py:3096} INFO - Sync 1 DAGs
[2024-10-21T08:42:47.266-0300] {logging_mixin.py:188} INFO - [2024-10-21T08:42:47.266-0300] {dag.py:3954} INFO - Setting next_dagrun for example_params_trigger_ui to None, run_after=None
[2024-10-21T08:42:47.299-0300] {processor.py:183} INFO - Processing /home/beatriz/Documentos/airflow/airflow_venv/lib/python3.10/site-packages/airflow/example_dags/example_params_trigger_ui.py took 0.135 seconds
[2024-10-21T08:43:53.444-0300] {processor.py:161} INFO - Started process (PID=14946) to work on /home/beatriz/Documentos/airflow/airflow_venv/lib/python3.10/site-packages/airflow/example_dags/example_params_trigger_ui.py
[2024-10-21T08:43:53.447-0300] {processor.py:830} INFO - Processing file /home/beatriz/Documentos/airflow/airflow_venv/lib/python3.10/site-packages/airflow/example_dags/example_params_trigger_ui.py for tasks to queue
[2024-10-21T08:43:53.448-0300] {logging_mixin.py:188} INFO - [2024-10-21T08:43:53.448-0300] {dagbag.py:540} INFO - Filling up the DagBag from /home/beatriz/Documentos/airflow/airflow_venv/lib/python3.10/site-packages/airflow/example_dags/example_params_trigger_ui.py
[2024-10-21T08:43:53.459-0300] {processor.py:840} INFO - DAG(s) 'example_params_trigger_ui' retrieved from /home/beatriz/Documentos/airflow/airflow_venv/lib/python3.10/site-packages/airflow/example_dags/example_params_trigger_ui.py
[2024-10-21T08:43:53.494-0300] {logging_mixin.py:188} INFO - [2024-10-21T08:43:53.493-0300] {dag.py:3096} INFO - Sync 1 DAGs
[2024-10-21T08:43:53.502-0300] {logging_mixin.py:188} INFO - [2024-10-21T08:43:53.502-0300] {dag.py:3954} INFO - Setting next_dagrun for example_params_trigger_ui to None, run_after=None
[2024-10-21T08:43:53.519-0300] {processor.py:183} INFO - Processing /home/beatriz/Documentos/airflow/airflow_venv/lib/python3.10/site-packages/airflow/example_dags/example_params_trigger_ui.py took 0.079 seconds
[2024-10-21T08:45:05.045-0300] {processor.py:161} INFO - Started process (PID=15843) to work on /home/beatriz/Documentos/airflow/airflow_venv/lib/python3.10/site-packages/airflow/example_dags/example_params_trigger_ui.py
[2024-10-21T08:45:05.047-0300] {processor.py:830} INFO - Processing file /home/beatriz/Documentos/airflow/airflow_venv/lib/python3.10/site-packages/airflow/example_dags/example_params_trigger_ui.py for tasks to queue
[2024-10-21T08:45:05.050-0300] {logging_mixin.py:188} INFO - [2024-10-21T08:45:05.049-0300] {dagbag.py:540} INFO - Filling up the DagBag from /home/beatriz/Documentos/airflow/airflow_venv/lib/python3.10/site-packages/airflow/example_dags/example_params_trigger_ui.py
[2024-10-21T08:45:05.069-0300] {processor.py:840} INFO - DAG(s) 'example_params_trigger_ui' retrieved from /home/beatriz/Documentos/airflow/airflow_venv/lib/python3.10/site-packages/airflow/example_dags/example_params_trigger_ui.py
[2024-10-21T08:45:05.161-0300] {logging_mixin.py:188} INFO - [2024-10-21T08:45:05.161-0300] {dag.py:3096} INFO - Sync 1 DAGs
[2024-10-21T08:45:05.168-0300] {logging_mixin.py:188} INFO - [2024-10-21T08:45:05.168-0300] {dag.py:3954} INFO - Setting next_dagrun for example_params_trigger_ui to None, run_after=None
[2024-10-21T08:45:05.187-0300] {processor.py:183} INFO - Processing /home/beatriz/Documentos/airflow/airflow_venv/lib/python3.10/site-packages/airflow/example_dags/example_params_trigger_ui.py took 0.154 seconds
[2024-10-21T08:46:40.612-0300] {processor.py:161} INFO - Started process (PID=17701) to work on /home/beatriz/Documentos/airflow/airflow_venv/lib/python3.10/site-packages/airflow/example_dags/example_params_trigger_ui.py
[2024-10-21T08:46:40.614-0300] {processor.py:830} INFO - Processing file /home/beatriz/Documentos/airflow/airflow_venv/lib/python3.10/site-packages/airflow/example_dags/example_params_trigger_ui.py for tasks to queue
[2024-10-21T08:46:40.616-0300] {logging_mixin.py:188} INFO - [2024-10-21T08:46:40.615-0300] {dagbag.py:540} INFO - Filling up the DagBag from /home/beatriz/Documentos/airflow/airflow_venv/lib/python3.10/site-packages/airflow/example_dags/example_params_trigger_ui.py
[2024-10-21T08:46:40.627-0300] {processor.py:840} INFO - DAG(s) 'example_params_trigger_ui' retrieved from /home/beatriz/Documentos/airflow/airflow_venv/lib/python3.10/site-packages/airflow/example_dags/example_params_trigger_ui.py
[2024-10-21T08:46:40.665-0300] {logging_mixin.py:188} INFO - [2024-10-21T08:46:40.665-0300] {dag.py:3096} INFO - Sync 1 DAGs
[2024-10-21T08:46:40.672-0300] {logging_mixin.py:188} INFO - [2024-10-21T08:46:40.672-0300] {dag.py:3954} INFO - Setting next_dagrun for example_params_trigger_ui to None, run_after=None
[2024-10-21T08:46:40.687-0300] {processor.py:183} INFO - Processing /home/beatriz/Documentos/airflow/airflow_venv/lib/python3.10/site-packages/airflow/example_dags/example_params_trigger_ui.py took 0.080 seconds
[2024-10-21T09:36:39.156-0300] {processor.py:161} INFO - Started process (PID=21504) to work on /home/beatriz/Documentos/airflow/airflow_venv/lib/python3.10/site-packages/airflow/example_dags/example_params_trigger_ui.py
[2024-10-21T09:36:39.157-0300] {processor.py:830} INFO - Processing file /home/beatriz/Documentos/airflow/airflow_venv/lib/python3.10/site-packages/airflow/example_dags/example_params_trigger_ui.py for tasks to queue
[2024-10-21T09:36:39.159-0300] {logging_mixin.py:188} INFO - [2024-10-21T09:36:39.158-0300] {dagbag.py:540} INFO - Filling up the DagBag from /home/beatriz/Documentos/airflow/airflow_venv/lib/python3.10/site-packages/airflow/example_dags/example_params_trigger_ui.py
[2024-10-21T09:36:39.172-0300] {processor.py:840} INFO - DAG(s) 'example_params_trigger_ui' retrieved from /home/beatriz/Documentos/airflow/airflow_venv/lib/python3.10/site-packages/airflow/example_dags/example_params_trigger_ui.py
[2024-10-21T09:36:39.286-0300] {logging_mixin.py:188} INFO - [2024-10-21T09:36:39.286-0300] {dag.py:3096} INFO - Sync 1 DAGs
[2024-10-21T09:36:39.294-0300] {logging_mixin.py:188} INFO - [2024-10-21T09:36:39.294-0300] {dag.py:3954} INFO - Setting next_dagrun for example_params_trigger_ui to None, run_after=None
[2024-10-21T09:36:39.315-0300] {processor.py:183} INFO - Processing /home/beatriz/Documentos/airflow/airflow_venv/lib/python3.10/site-packages/airflow/example_dags/example_params_trigger_ui.py took 0.165 seconds
[2024-10-21T09:37:48.275-0300] {processor.py:161} INFO - Started process (PID=22357) to work on /home/beatriz/Documentos/airflow/airflow_venv/lib/python3.10/site-packages/airflow/example_dags/example_params_trigger_ui.py
[2024-10-21T09:37:48.277-0300] {processor.py:830} INFO - Processing file /home/beatriz/Documentos/airflow/airflow_venv/lib/python3.10/site-packages/airflow/example_dags/example_params_trigger_ui.py for tasks to queue
[2024-10-21T09:37:48.279-0300] {logging_mixin.py:188} INFO - [2024-10-21T09:37:48.278-0300] {dagbag.py:540} INFO - Filling up the DagBag from /home/beatriz/Documentos/airflow/airflow_venv/lib/python3.10/site-packages/airflow/example_dags/example_params_trigger_ui.py
[2024-10-21T09:37:48.289-0300] {processor.py:840} INFO - DAG(s) 'example_params_trigger_ui' retrieved from /home/beatriz/Documentos/airflow/airflow_venv/lib/python3.10/site-packages/airflow/example_dags/example_params_trigger_ui.py
[2024-10-21T09:37:48.323-0300] {logging_mixin.py:188} INFO - [2024-10-21T09:37:48.323-0300] {dag.py:3096} INFO - Sync 1 DAGs
[2024-10-21T09:37:48.331-0300] {logging_mixin.py:188} INFO - [2024-10-21T09:37:48.331-0300] {dag.py:3954} INFO - Setting next_dagrun for example_params_trigger_ui to None, run_after=None
[2024-10-21T09:37:48.347-0300] {processor.py:183} INFO - Processing /home/beatriz/Documentos/airflow/airflow_venv/lib/python3.10/site-packages/airflow/example_dags/example_params_trigger_ui.py took 0.076 seconds
[2024-10-21T09:39:34.738-0300] {processor.py:161} INFO - Started process (PID=24637) to work on /home/beatriz/Documentos/airflow/airflow_venv/lib/python3.10/site-packages/airflow/example_dags/example_params_trigger_ui.py
[2024-10-21T09:39:34.741-0300] {processor.py:830} INFO - Processing file /home/beatriz/Documentos/airflow/airflow_venv/lib/python3.10/site-packages/airflow/example_dags/example_params_trigger_ui.py for tasks to queue
[2024-10-21T09:39:34.742-0300] {logging_mixin.py:188} INFO - [2024-10-21T09:39:34.742-0300] {dagbag.py:540} INFO - Filling up the DagBag from /home/beatriz/Documentos/airflow/airflow_venv/lib/python3.10/site-packages/airflow/example_dags/example_params_trigger_ui.py
[2024-10-21T09:39:34.753-0300] {processor.py:840} INFO - DAG(s) 'example_params_trigger_ui' retrieved from /home/beatriz/Documentos/airflow/airflow_venv/lib/python3.10/site-packages/airflow/example_dags/example_params_trigger_ui.py
[2024-10-21T09:39:34.787-0300] {logging_mixin.py:188} INFO - [2024-10-21T09:39:34.787-0300] {dag.py:3096} INFO - Sync 1 DAGs
[2024-10-21T09:39:34.862-0300] {logging_mixin.py:188} INFO - [2024-10-21T09:39:34.862-0300] {dag.py:3954} INFO - Setting next_dagrun for example_params_trigger_ui to None, run_after=None
[2024-10-21T09:39:34.883-0300] {processor.py:183} INFO - Processing /home/beatriz/Documentos/airflow/airflow_venv/lib/python3.10/site-packages/airflow/example_dags/example_params_trigger_ui.py took 0.149 seconds
[2024-10-21T09:40:33.211-0300] {processor.py:161} INFO - Started process (PID=25094) to work on /home/beatriz/Documentos/airflow/airflow_venv/lib/python3.10/site-packages/airflow/example_dags/example_params_trigger_ui.py
[2024-10-21T09:40:33.215-0300] {processor.py:830} INFO - Processing file /home/beatriz/Documentos/airflow/airflow_venv/lib/python3.10/site-packages/airflow/example_dags/example_params_trigger_ui.py for tasks to queue
[2024-10-21T09:40:33.219-0300] {logging_mixin.py:188} INFO - [2024-10-21T09:40:33.218-0300] {dagbag.py:540} INFO - Filling up the DagBag from /home/beatriz/Documentos/airflow/airflow_venv/lib/python3.10/site-packages/airflow/example_dags/example_params_trigger_ui.py
[2024-10-21T09:40:33.238-0300] {processor.py:840} INFO - DAG(s) 'example_params_trigger_ui' retrieved from /home/beatriz/Documentos/airflow/airflow_venv/lib/python3.10/site-packages/airflow/example_dags/example_params_trigger_ui.py
[2024-10-21T09:40:33.280-0300] {logging_mixin.py:188} INFO - [2024-10-21T09:40:33.279-0300] {dag.py:3096} INFO - Sync 1 DAGs
[2024-10-21T09:40:33.288-0300] {logging_mixin.py:188} INFO - [2024-10-21T09:40:33.288-0300] {dag.py:3954} INFO - Setting next_dagrun for example_params_trigger_ui to None, run_after=None
[2024-10-21T09:40:33.308-0300] {processor.py:183} INFO - Processing /home/beatriz/Documentos/airflow/airflow_venv/lib/python3.10/site-packages/airflow/example_dags/example_params_trigger_ui.py took 0.111 seconds
[2024-10-21T09:41:27.834-0300] {processor.py:161} INFO - Started process (PID=25533) to work on /home/beatriz/Documentos/airflow/airflow_venv/lib/python3.10/site-packages/airflow/example_dags/example_params_trigger_ui.py
[2024-10-21T09:41:27.837-0300] {processor.py:830} INFO - Processing file /home/beatriz/Documentos/airflow/airflow_venv/lib/python3.10/site-packages/airflow/example_dags/example_params_trigger_ui.py for tasks to queue
[2024-10-21T09:41:27.838-0300] {logging_mixin.py:188} INFO - [2024-10-21T09:41:27.838-0300] {dagbag.py:540} INFO - Filling up the DagBag from /home/beatriz/Documentos/airflow/airflow_venv/lib/python3.10/site-packages/airflow/example_dags/example_params_trigger_ui.py
[2024-10-21T09:41:27.849-0300] {processor.py:840} INFO - DAG(s) 'example_params_trigger_ui' retrieved from /home/beatriz/Documentos/airflow/airflow_venv/lib/python3.10/site-packages/airflow/example_dags/example_params_trigger_ui.py
[2024-10-21T09:41:27.882-0300] {logging_mixin.py:188} INFO - [2024-10-21T09:41:27.882-0300] {dag.py:3096} INFO - Sync 1 DAGs
[2024-10-21T09:41:27.890-0300] {logging_mixin.py:188} INFO - [2024-10-21T09:41:27.890-0300] {dag.py:3954} INFO - Setting next_dagrun for example_params_trigger_ui to None, run_after=None
[2024-10-21T09:41:27.906-0300] {processor.py:183} INFO - Processing /home/beatriz/Documentos/airflow/airflow_venv/lib/python3.10/site-packages/airflow/example_dags/example_params_trigger_ui.py took 0.076 seconds
[2024-10-21T09:42:20.386-0300] {processor.py:161} INFO - Started process (PID=25988) to work on /home/beatriz/Documentos/airflow/airflow_venv/lib/python3.10/site-packages/airflow/example_dags/example_params_trigger_ui.py
[2024-10-21T09:42:20.388-0300] {processor.py:830} INFO - Processing file /home/beatriz/Documentos/airflow/airflow_venv/lib/python3.10/site-packages/airflow/example_dags/example_params_trigger_ui.py for tasks to queue
[2024-10-21T09:42:20.391-0300] {logging_mixin.py:188} INFO - [2024-10-21T09:42:20.391-0300] {dagbag.py:540} INFO - Filling up the DagBag from /home/beatriz/Documentos/airflow/airflow_venv/lib/python3.10/site-packages/airflow/example_dags/example_params_trigger_ui.py
[2024-10-21T09:42:20.412-0300] {processor.py:840} INFO - DAG(s) 'example_params_trigger_ui' retrieved from /home/beatriz/Documentos/airflow/airflow_venv/lib/python3.10/site-packages/airflow/example_dags/example_params_trigger_ui.py
[2024-10-21T09:42:20.447-0300] {logging_mixin.py:188} INFO - [2024-10-21T09:42:20.447-0300] {dag.py:3096} INFO - Sync 1 DAGs
[2024-10-21T09:42:20.455-0300] {logging_mixin.py:188} INFO - [2024-10-21T09:42:20.454-0300] {dag.py:3954} INFO - Setting next_dagrun for example_params_trigger_ui to None, run_after=None
[2024-10-21T09:42:20.470-0300] {processor.py:183} INFO - Processing /home/beatriz/Documentos/airflow/airflow_venv/lib/python3.10/site-packages/airflow/example_dags/example_params_trigger_ui.py took 0.094 seconds
[2024-10-21T09:43:10.613-0300] {processor.py:161} INFO - Started process (PID=26490) to work on /home/beatriz/Documentos/airflow/airflow_venv/lib/python3.10/site-packages/airflow/example_dags/example_params_trigger_ui.py
[2024-10-21T09:43:10.616-0300] {processor.py:830} INFO - Processing file /home/beatriz/Documentos/airflow/airflow_venv/lib/python3.10/site-packages/airflow/example_dags/example_params_trigger_ui.py for tasks to queue
[2024-10-21T09:43:10.617-0300] {logging_mixin.py:188} INFO - [2024-10-21T09:43:10.617-0300] {dagbag.py:540} INFO - Filling up the DagBag from /home/beatriz/Documentos/airflow/airflow_venv/lib/python3.10/site-packages/airflow/example_dags/example_params_trigger_ui.py
[2024-10-21T09:43:10.627-0300] {processor.py:840} INFO - DAG(s) 'example_params_trigger_ui' retrieved from /home/beatriz/Documentos/airflow/airflow_venv/lib/python3.10/site-packages/airflow/example_dags/example_params_trigger_ui.py
[2024-10-21T09:43:10.661-0300] {logging_mixin.py:188} INFO - [2024-10-21T09:43:10.661-0300] {dag.py:3096} INFO - Sync 1 DAGs
[2024-10-21T09:43:10.669-0300] {logging_mixin.py:188} INFO - [2024-10-21T09:43:10.668-0300] {dag.py:3954} INFO - Setting next_dagrun for example_params_trigger_ui to None, run_after=None
[2024-10-21T09:43:10.685-0300] {processor.py:183} INFO - Processing /home/beatriz/Documentos/airflow/airflow_venv/lib/python3.10/site-packages/airflow/example_dags/example_params_trigger_ui.py took 0.075 seconds
[2024-10-21T09:43:58.929-0300] {processor.py:161} INFO - Started process (PID=26866) to work on /home/beatriz/Documentos/airflow/airflow_venv/lib/python3.10/site-packages/airflow/example_dags/example_params_trigger_ui.py
[2024-10-21T09:43:58.932-0300] {processor.py:830} INFO - Processing file /home/beatriz/Documentos/airflow/airflow_venv/lib/python3.10/site-packages/airflow/example_dags/example_params_trigger_ui.py for tasks to queue
[2024-10-21T09:43:58.933-0300] {logging_mixin.py:188} INFO - [2024-10-21T09:43:58.933-0300] {dagbag.py:540} INFO - Filling up the DagBag from /home/beatriz/Documentos/airflow/airflow_venv/lib/python3.10/site-packages/airflow/example_dags/example_params_trigger_ui.py
[2024-10-21T09:43:58.947-0300] {processor.py:840} INFO - DAG(s) 'example_params_trigger_ui' retrieved from /home/beatriz/Documentos/airflow/airflow_venv/lib/python3.10/site-packages/airflow/example_dags/example_params_trigger_ui.py
[2024-10-21T09:43:58.984-0300] {logging_mixin.py:188} INFO - [2024-10-21T09:43:58.984-0300] {dag.py:3096} INFO - Sync 1 DAGs
[2024-10-21T09:43:58.992-0300] {logging_mixin.py:188} INFO - [2024-10-21T09:43:58.992-0300] {dag.py:3954} INFO - Setting next_dagrun for example_params_trigger_ui to None, run_after=None
[2024-10-21T09:43:59.008-0300] {processor.py:183} INFO - Processing /home/beatriz/Documentos/airflow/airflow_venv/lib/python3.10/site-packages/airflow/example_dags/example_params_trigger_ui.py took 0.083 seconds
