[2024-10-21T08:38:46.633-0300] {processor.py:161} INFO - Started process (PID=6776) to work on /home/beatriz/Documentos/airflow/airflow_venv/lib/python3.10/site-packages/airflow/example_dags/tutorial_objectstorage.py
[2024-10-21T08:38:46.634-0300] {processor.py:830} INFO - Processing file /home/beatriz/Documentos/airflow/airflow_venv/lib/python3.10/site-packages/airflow/example_dags/tutorial_objectstorage.py for tasks to queue
[2024-10-21T08:38:46.635-0300] {logging_mixin.py:188} INFO - [2024-10-21T08:38:46.635-0300] {dagbag.py:540} INFO - Filling up the DagBag from /home/beatriz/Documentos/airflow/airflow_venv/lib/python3.10/site-packages/airflow/example_dags/tutorial_objectstorage.py
[2024-10-21T08:38:46.642-0300] {processor.py:840} INFO - DAG(s) 'tutorial_objectstorage' retrieved from /home/beatriz/Documentos/airflow/airflow_venv/lib/python3.10/site-packages/airflow/example_dags/tutorial_objectstorage.py
[2024-10-21T08:38:46.649-0300] {logging_mixin.py:188} INFO - [2024-10-21T08:38:46.649-0300] {dag.py:3096} INFO - Sync 1 DAGs
[2024-10-21T08:38:46.658-0300] {logging_mixin.py:188} INFO - [2024-10-21T08:38:46.658-0300] {dag.py:3954} INFO - Setting next_dagrun for tutorial_objectstorage to None, run_after=None
[2024-10-21T08:38:46.678-0300] {processor.py:183} INFO - Processing /home/beatriz/Documentos/airflow/airflow_venv/lib/python3.10/site-packages/airflow/example_dags/tutorial_objectstorage.py took 0.050 seconds
[2024-10-21T08:39:38.976-0300] {processor.py:161} INFO - Started process (PID=7181) to work on /home/beatriz/Documentos/airflow/airflow_venv/lib/python3.10/site-packages/airflow/example_dags/tutorial_objectstorage.py
[2024-10-21T08:39:38.980-0300] {processor.py:830} INFO - Processing file /home/beatriz/Documentos/airflow/airflow_venv/lib/python3.10/site-packages/airflow/example_dags/tutorial_objectstorage.py for tasks to queue
[2024-10-21T08:39:38.982-0300] {logging_mixin.py:188} INFO - [2024-10-21T08:39:38.982-0300] {dagbag.py:540} INFO - Filling up the DagBag from /home/beatriz/Documentos/airflow/airflow_venv/lib/python3.10/site-packages/airflow/example_dags/tutorial_objectstorage.py
[2024-10-21T08:39:38.995-0300] {processor.py:840} INFO - DAG(s) 'tutorial_objectstorage' retrieved from /home/beatriz/Documentos/airflow/airflow_venv/lib/python3.10/site-packages/airflow/example_dags/tutorial_objectstorage.py
[2024-10-21T08:39:39.070-0300] {logging_mixin.py:188} INFO - [2024-10-21T08:39:39.070-0300] {dag.py:3096} INFO - Sync 1 DAGs
[2024-10-21T08:39:39.077-0300] {logging_mixin.py:188} INFO - [2024-10-21T08:39:39.077-0300] {dag.py:3954} INFO - Setting next_dagrun for tutorial_objectstorage to None, run_after=None
[2024-10-21T08:39:39.161-0300] {processor.py:183} INFO - Processing /home/beatriz/Documentos/airflow/airflow_venv/lib/python3.10/site-packages/airflow/example_dags/tutorial_objectstorage.py took 0.194 seconds
[2024-10-21T08:40:36.276-0300] {processor.py:161} INFO - Started process (PID=7295) to work on /home/beatriz/Documentos/airflow/airflow_venv/lib/python3.10/site-packages/airflow/example_dags/tutorial_objectstorage.py
[2024-10-21T08:40:36.277-0300] {processor.py:830} INFO - Processing file /home/beatriz/Documentos/airflow/airflow_venv/lib/python3.10/site-packages/airflow/example_dags/tutorial_objectstorage.py for tasks to queue
[2024-10-21T08:40:36.280-0300] {logging_mixin.py:188} INFO - [2024-10-21T08:40:36.279-0300] {dagbag.py:540} INFO - Filling up the DagBag from /home/beatriz/Documentos/airflow/airflow_venv/lib/python3.10/site-packages/airflow/example_dags/tutorial_objectstorage.py
[2024-10-21T08:40:36.291-0300] {processor.py:840} INFO - DAG(s) 'tutorial_objectstorage' retrieved from /home/beatriz/Documentos/airflow/airflow_venv/lib/python3.10/site-packages/airflow/example_dags/tutorial_objectstorage.py
[2024-10-21T08:40:36.305-0300] {logging_mixin.py:188} INFO - [2024-10-21T08:40:36.305-0300] {dag.py:3096} INFO - Sync 1 DAGs
[2024-10-21T08:40:36.313-0300] {logging_mixin.py:188} INFO - [2024-10-21T08:40:36.313-0300] {dag.py:3954} INFO - Setting next_dagrun for tutorial_objectstorage to None, run_after=None
[2024-10-21T08:40:36.330-0300] {processor.py:183} INFO - Processing /home/beatriz/Documentos/airflow/airflow_venv/lib/python3.10/site-packages/airflow/example_dags/tutorial_objectstorage.py took 0.064 seconds
[2024-10-21T08:41:22.831-0300] {processor.py:161} INFO - Started process (PID=7499) to work on /home/beatriz/Documentos/airflow/airflow_venv/lib/python3.10/site-packages/airflow/example_dags/tutorial_objectstorage.py
[2024-10-21T08:41:22.833-0300] {processor.py:830} INFO - Processing file /home/beatriz/Documentos/airflow/airflow_venv/lib/python3.10/site-packages/airflow/example_dags/tutorial_objectstorage.py for tasks to queue
[2024-10-21T08:41:22.834-0300] {logging_mixin.py:188} INFO - [2024-10-21T08:41:22.834-0300] {dagbag.py:540} INFO - Filling up the DagBag from /home/beatriz/Documentos/airflow/airflow_venv/lib/python3.10/site-packages/airflow/example_dags/tutorial_objectstorage.py
[2024-10-21T08:41:22.839-0300] {processor.py:840} INFO - DAG(s) 'tutorial_objectstorage' retrieved from /home/beatriz/Documentos/airflow/airflow_venv/lib/python3.10/site-packages/airflow/example_dags/tutorial_objectstorage.py
[2024-10-21T08:41:22.850-0300] {logging_mixin.py:188} INFO - [2024-10-21T08:41:22.850-0300] {dag.py:3096} INFO - Sync 1 DAGs
[2024-10-21T08:41:22.934-0300] {logging_mixin.py:188} INFO - [2024-10-21T08:41:22.934-0300] {dag.py:3954} INFO - Setting next_dagrun for tutorial_objectstorage to None, run_after=None
[2024-10-21T08:41:22.954-0300] {processor.py:183} INFO - Processing /home/beatriz/Documentos/airflow/airflow_venv/lib/python3.10/site-packages/airflow/example_dags/tutorial_objectstorage.py took 0.126 seconds
[2024-10-21T08:42:11.944-0300] {processor.py:161} INFO - Started process (PID=14294) to work on /home/beatriz/Documentos/airflow/airflow_venv/lib/python3.10/site-packages/airflow/example_dags/tutorial_objectstorage.py
[2024-10-21T08:42:11.948-0300] {processor.py:830} INFO - Processing file /home/beatriz/Documentos/airflow/airflow_venv/lib/python3.10/site-packages/airflow/example_dags/tutorial_objectstorage.py for tasks to queue
[2024-10-21T08:42:11.951-0300] {logging_mixin.py:188} INFO - [2024-10-21T08:42:11.950-0300] {dagbag.py:540} INFO - Filling up the DagBag from /home/beatriz/Documentos/airflow/airflow_venv/lib/python3.10/site-packages/airflow/example_dags/tutorial_objectstorage.py
[2024-10-21T08:42:11.962-0300] {processor.py:840} INFO - DAG(s) 'tutorial_objectstorage' retrieved from /home/beatriz/Documentos/airflow/airflow_venv/lib/python3.10/site-packages/airflow/example_dags/tutorial_objectstorage.py
[2024-10-21T08:42:11.977-0300] {logging_mixin.py:188} INFO - [2024-10-21T08:42:11.976-0300] {dag.py:3096} INFO - Sync 1 DAGs
[2024-10-21T08:42:11.987-0300] {logging_mixin.py:188} INFO - [2024-10-21T08:42:11.986-0300] {dag.py:3954} INFO - Setting next_dagrun for tutorial_objectstorage to None, run_after=None
[2024-10-21T08:42:12.005-0300] {processor.py:183} INFO - Processing /home/beatriz/Documentos/airflow/airflow_venv/lib/python3.10/site-packages/airflow/example_dags/tutorial_objectstorage.py took 0.071 seconds
[2024-10-21T08:43:01.803-0300] {processor.py:161} INFO - Started process (PID=14716) to work on /home/beatriz/Documentos/airflow/airflow_venv/lib/python3.10/site-packages/airflow/example_dags/tutorial_objectstorage.py
[2024-10-21T08:43:01.804-0300] {processor.py:830} INFO - Processing file /home/beatriz/Documentos/airflow/airflow_venv/lib/python3.10/site-packages/airflow/example_dags/tutorial_objectstorage.py for tasks to queue
[2024-10-21T08:43:01.806-0300] {logging_mixin.py:188} INFO - [2024-10-21T08:43:01.805-0300] {dagbag.py:540} INFO - Filling up the DagBag from /home/beatriz/Documentos/airflow/airflow_venv/lib/python3.10/site-packages/airflow/example_dags/tutorial_objectstorage.py
[2024-10-21T08:43:01.819-0300] {processor.py:840} INFO - DAG(s) 'tutorial_objectstorage' retrieved from /home/beatriz/Documentos/airflow/airflow_venv/lib/python3.10/site-packages/airflow/example_dags/tutorial_objectstorage.py
[2024-10-21T08:43:01.838-0300] {logging_mixin.py:188} INFO - [2024-10-21T08:43:01.838-0300] {dag.py:3096} INFO - Sync 1 DAGs
[2024-10-21T08:43:01.853-0300] {logging_mixin.py:188} INFO - [2024-10-21T08:43:01.853-0300] {dag.py:3954} INFO - Setting next_dagrun for tutorial_objectstorage to None, run_after=None
[2024-10-21T08:43:01.872-0300] {processor.py:183} INFO - Processing /home/beatriz/Documentos/airflow/airflow_venv/lib/python3.10/site-packages/airflow/example_dags/tutorial_objectstorage.py took 0.079 seconds
[2024-10-21T08:43:47.748-0300] {processor.py:161} INFO - Started process (PID=14932) to work on /home/beatriz/Documentos/airflow/airflow_venv/lib/python3.10/site-packages/airflow/example_dags/tutorial_objectstorage.py
[2024-10-21T08:43:47.750-0300] {processor.py:830} INFO - Processing file /home/beatriz/Documentos/airflow/airflow_venv/lib/python3.10/site-packages/airflow/example_dags/tutorial_objectstorage.py for tasks to queue
[2024-10-21T08:43:47.754-0300] {logging_mixin.py:188} INFO - [2024-10-21T08:43:47.753-0300] {dagbag.py:540} INFO - Filling up the DagBag from /home/beatriz/Documentos/airflow/airflow_venv/lib/python3.10/site-packages/airflow/example_dags/tutorial_objectstorage.py
[2024-10-21T08:43:47.768-0300] {processor.py:840} INFO - DAG(s) 'tutorial_objectstorage' retrieved from /home/beatriz/Documentos/airflow/airflow_venv/lib/python3.10/site-packages/airflow/example_dags/tutorial_objectstorage.py
[2024-10-21T08:43:47.789-0300] {logging_mixin.py:188} INFO - [2024-10-21T08:43:47.789-0300] {dag.py:3096} INFO - Sync 1 DAGs
[2024-10-21T08:43:47.799-0300] {logging_mixin.py:188} INFO - [2024-10-21T08:43:47.799-0300] {dag.py:3954} INFO - Setting next_dagrun for tutorial_objectstorage to None, run_after=None
[2024-10-21T08:43:47.822-0300] {processor.py:183} INFO - Processing /home/beatriz/Documentos/airflow/airflow_venv/lib/python3.10/site-packages/airflow/example_dags/tutorial_objectstorage.py took 0.079 seconds
[2024-10-21T08:44:41.754-0300] {processor.py:161} INFO - Started process (PID=15606) to work on /home/beatriz/Documentos/airflow/airflow_venv/lib/python3.10/site-packages/airflow/example_dags/tutorial_objectstorage.py
[2024-10-21T08:44:41.755-0300] {processor.py:830} INFO - Processing file /home/beatriz/Documentos/airflow/airflow_venv/lib/python3.10/site-packages/airflow/example_dags/tutorial_objectstorage.py for tasks to queue
[2024-10-21T08:44:41.756-0300] {logging_mixin.py:188} INFO - [2024-10-21T08:44:41.756-0300] {dagbag.py:540} INFO - Filling up the DagBag from /home/beatriz/Documentos/airflow/airflow_venv/lib/python3.10/site-packages/airflow/example_dags/tutorial_objectstorage.py
[2024-10-21T08:44:41.764-0300] {processor.py:840} INFO - DAG(s) 'tutorial_objectstorage' retrieved from /home/beatriz/Documentos/airflow/airflow_venv/lib/python3.10/site-packages/airflow/example_dags/tutorial_objectstorage.py
[2024-10-21T08:44:41.770-0300] {logging_mixin.py:188} INFO - [2024-10-21T08:44:41.770-0300] {dag.py:3096} INFO - Sync 1 DAGs
[2024-10-21T08:44:41.779-0300] {logging_mixin.py:188} INFO - [2024-10-21T08:44:41.779-0300] {dag.py:3954} INFO - Setting next_dagrun for tutorial_objectstorage to None, run_after=None
[2024-10-21T08:44:41.797-0300] {processor.py:183} INFO - Processing /home/beatriz/Documentos/airflow/airflow_venv/lib/python3.10/site-packages/airflow/example_dags/tutorial_objectstorage.py took 0.047 seconds
[2024-10-21T08:46:15.233-0300] {processor.py:161} INFO - Started process (PID=17585) to work on /home/beatriz/Documentos/airflow/airflow_venv/lib/python3.10/site-packages/airflow/example_dags/tutorial_objectstorage.py
[2024-10-21T08:46:15.235-0300] {processor.py:830} INFO - Processing file /home/beatriz/Documentos/airflow/airflow_venv/lib/python3.10/site-packages/airflow/example_dags/tutorial_objectstorage.py for tasks to queue
[2024-10-21T08:46:15.236-0300] {logging_mixin.py:188} INFO - [2024-10-21T08:46:15.236-0300] {dagbag.py:540} INFO - Filling up the DagBag from /home/beatriz/Documentos/airflow/airflow_venv/lib/python3.10/site-packages/airflow/example_dags/tutorial_objectstorage.py
[2024-10-21T08:46:15.242-0300] {processor.py:840} INFO - DAG(s) 'tutorial_objectstorage' retrieved from /home/beatriz/Documentos/airflow/airflow_venv/lib/python3.10/site-packages/airflow/example_dags/tutorial_objectstorage.py
[2024-10-21T08:46:15.311-0300] {logging_mixin.py:188} INFO - [2024-10-21T08:46:15.311-0300] {dag.py:3096} INFO - Sync 1 DAGs
[2024-10-21T08:46:15.319-0300] {logging_mixin.py:188} INFO - [2024-10-21T08:46:15.319-0300] {dag.py:3954} INFO - Setting next_dagrun for tutorial_objectstorage to None, run_after=None
[2024-10-21T08:46:15.407-0300] {processor.py:183} INFO - Processing /home/beatriz/Documentos/airflow/airflow_venv/lib/python3.10/site-packages/airflow/example_dags/tutorial_objectstorage.py took 0.179 seconds
[2024-10-21T08:47:02.604-0300] {processor.py:161} INFO - Started process (PID=18026) to work on /home/beatriz/Documentos/airflow/airflow_venv/lib/python3.10/site-packages/airflow/example_dags/tutorial_objectstorage.py
[2024-10-21T08:47:02.606-0300] {processor.py:830} INFO - Processing file /home/beatriz/Documentos/airflow/airflow_venv/lib/python3.10/site-packages/airflow/example_dags/tutorial_objectstorage.py for tasks to queue
[2024-10-21T08:47:02.607-0300] {logging_mixin.py:188} INFO - [2024-10-21T08:47:02.607-0300] {dagbag.py:540} INFO - Filling up the DagBag from /home/beatriz/Documentos/airflow/airflow_venv/lib/python3.10/site-packages/airflow/example_dags/tutorial_objectstorage.py
[2024-10-21T08:47:02.613-0300] {processor.py:840} INFO - DAG(s) 'tutorial_objectstorage' retrieved from /home/beatriz/Documentos/airflow/airflow_venv/lib/python3.10/site-packages/airflow/example_dags/tutorial_objectstorage.py
[2024-10-21T08:47:02.624-0300] {logging_mixin.py:188} INFO - [2024-10-21T08:47:02.624-0300] {dag.py:3096} INFO - Sync 1 DAGs
[2024-10-21T08:47:02.633-0300] {logging_mixin.py:188} INFO - [2024-10-21T08:47:02.633-0300] {dag.py:3954} INFO - Setting next_dagrun for tutorial_objectstorage to None, run_after=None
[2024-10-21T08:47:02.650-0300] {processor.py:183} INFO - Processing /home/beatriz/Documentos/airflow/airflow_venv/lib/python3.10/site-packages/airflow/example_dags/tutorial_objectstorage.py took 0.050 seconds
[2024-10-21T09:36:14.639-0300] {processor.py:161} INFO - Started process (PID=21183) to work on /home/beatriz/Documentos/airflow/airflow_venv/lib/python3.10/site-packages/airflow/example_dags/tutorial_objectstorage.py
[2024-10-21T09:36:14.641-0300] {processor.py:830} INFO - Processing file /home/beatriz/Documentos/airflow/airflow_venv/lib/python3.10/site-packages/airflow/example_dags/tutorial_objectstorage.py for tasks to queue
[2024-10-21T09:36:14.642-0300] {logging_mixin.py:188} INFO - [2024-10-21T09:36:14.642-0300] {dagbag.py:540} INFO - Filling up the DagBag from /home/beatriz/Documentos/airflow/airflow_venv/lib/python3.10/site-packages/airflow/example_dags/tutorial_objectstorage.py
[2024-10-21T09:36:14.649-0300] {processor.py:840} INFO - DAG(s) 'tutorial_objectstorage' retrieved from /home/beatriz/Documentos/airflow/airflow_venv/lib/python3.10/site-packages/airflow/example_dags/tutorial_objectstorage.py
[2024-10-21T09:36:14.656-0300] {logging_mixin.py:188} INFO - [2024-10-21T09:36:14.655-0300] {dag.py:3096} INFO - Sync 1 DAGs
[2024-10-21T09:36:14.665-0300] {logging_mixin.py:188} INFO - [2024-10-21T09:36:14.665-0300] {dag.py:3954} INFO - Setting next_dagrun for tutorial_objectstorage to None, run_after=None
[2024-10-21T09:36:14.682-0300] {processor.py:183} INFO - Processing /home/beatriz/Documentos/airflow/airflow_venv/lib/python3.10/site-packages/airflow/example_dags/tutorial_objectstorage.py took 0.047 seconds
[2024-10-21T09:37:16.061-0300] {processor.py:161} INFO - Started process (PID=22016) to work on /home/beatriz/Documentos/airflow/airflow_venv/lib/python3.10/site-packages/airflow/example_dags/tutorial_objectstorage.py
[2024-10-21T09:37:16.064-0300] {processor.py:830} INFO - Processing file /home/beatriz/Documentos/airflow/airflow_venv/lib/python3.10/site-packages/airflow/example_dags/tutorial_objectstorage.py for tasks to queue
[2024-10-21T09:37:16.067-0300] {logging_mixin.py:188} INFO - [2024-10-21T09:37:16.066-0300] {dagbag.py:540} INFO - Filling up the DagBag from /home/beatriz/Documentos/airflow/airflow_venv/lib/python3.10/site-packages/airflow/example_dags/tutorial_objectstorage.py
[2024-10-21T09:37:16.079-0300] {processor.py:840} INFO - DAG(s) 'tutorial_objectstorage' retrieved from /home/beatriz/Documentos/airflow/airflow_venv/lib/python3.10/site-packages/airflow/example_dags/tutorial_objectstorage.py
[2024-10-21T09:37:16.161-0300] {logging_mixin.py:188} INFO - [2024-10-21T09:37:16.161-0300] {dag.py:3096} INFO - Sync 1 DAGs
[2024-10-21T09:37:16.170-0300] {logging_mixin.py:188} INFO - [2024-10-21T09:37:16.170-0300] {dag.py:3954} INFO - Setting next_dagrun for tutorial_objectstorage to None, run_after=None
[2024-10-21T09:37:16.193-0300] {processor.py:183} INFO - Processing /home/beatriz/Documentos/airflow/airflow_venv/lib/python3.10/site-packages/airflow/example_dags/tutorial_objectstorage.py took 0.142 seconds
[2024-10-21T09:38:15.831-0300] {processor.py:161} INFO - Started process (PID=22550) to work on /home/beatriz/Documentos/airflow/airflow_venv/lib/python3.10/site-packages/airflow/example_dags/tutorial_objectstorage.py
[2024-10-21T09:38:15.834-0300] {processor.py:830} INFO - Processing file /home/beatriz/Documentos/airflow/airflow_venv/lib/python3.10/site-packages/airflow/example_dags/tutorial_objectstorage.py for tasks to queue
[2024-10-21T09:38:15.836-0300] {logging_mixin.py:188} INFO - [2024-10-21T09:38:15.836-0300] {dagbag.py:540} INFO - Filling up the DagBag from /home/beatriz/Documentos/airflow/airflow_venv/lib/python3.10/site-packages/airflow/example_dags/tutorial_objectstorage.py
[2024-10-21T09:38:15.850-0300] {processor.py:840} INFO - DAG(s) 'tutorial_objectstorage' retrieved from /home/beatriz/Documentos/airflow/airflow_venv/lib/python3.10/site-packages/airflow/example_dags/tutorial_objectstorage.py
[2024-10-21T09:38:15.875-0300] {logging_mixin.py:188} INFO - [2024-10-21T09:38:15.874-0300] {dag.py:3096} INFO - Sync 1 DAGs
[2024-10-21T09:38:15.895-0300] {logging_mixin.py:188} INFO - [2024-10-21T09:38:15.895-0300] {dag.py:3954} INFO - Setting next_dagrun for tutorial_objectstorage to None, run_after=None
[2024-10-21T09:38:15.921-0300] {processor.py:183} INFO - Processing /home/beatriz/Documentos/airflow/airflow_venv/lib/python3.10/site-packages/airflow/example_dags/tutorial_objectstorage.py took 0.101 seconds
[2024-10-21T09:39:25.222-0300] {processor.py:161} INFO - Started process (PID=24617) to work on /home/beatriz/Documentos/airflow/airflow_venv/lib/python3.10/site-packages/airflow/example_dags/tutorial_objectstorage.py
[2024-10-21T09:39:25.224-0300] {processor.py:830} INFO - Processing file /home/beatriz/Documentos/airflow/airflow_venv/lib/python3.10/site-packages/airflow/example_dags/tutorial_objectstorage.py for tasks to queue
[2024-10-21T09:39:25.225-0300] {logging_mixin.py:188} INFO - [2024-10-21T09:39:25.225-0300] {dagbag.py:540} INFO - Filling up the DagBag from /home/beatriz/Documentos/airflow/airflow_venv/lib/python3.10/site-packages/airflow/example_dags/tutorial_objectstorage.py
[2024-10-21T09:39:25.231-0300] {processor.py:840} INFO - DAG(s) 'tutorial_objectstorage' retrieved from /home/beatriz/Documentos/airflow/airflow_venv/lib/python3.10/site-packages/airflow/example_dags/tutorial_objectstorage.py
[2024-10-21T09:39:25.242-0300] {logging_mixin.py:188} INFO - [2024-10-21T09:39:25.242-0300] {dag.py:3096} INFO - Sync 1 DAGs
[2024-10-21T09:39:25.251-0300] {logging_mixin.py:188} INFO - [2024-10-21T09:39:25.251-0300] {dag.py:3954} INFO - Setting next_dagrun for tutorial_objectstorage to None, run_after=None
[2024-10-21T09:39:25.267-0300] {processor.py:183} INFO - Processing /home/beatriz/Documentos/airflow/airflow_venv/lib/python3.10/site-packages/airflow/example_dags/tutorial_objectstorage.py took 0.049 seconds
[2024-10-21T09:40:09.748-0300] {processor.py:161} INFO - Started process (PID=25046) to work on /home/beatriz/Documentos/airflow/airflow_venv/lib/python3.10/site-packages/airflow/example_dags/tutorial_objectstorage.py
[2024-10-21T09:40:09.749-0300] {processor.py:830} INFO - Processing file /home/beatriz/Documentos/airflow/airflow_venv/lib/python3.10/site-packages/airflow/example_dags/tutorial_objectstorage.py for tasks to queue
[2024-10-21T09:40:09.751-0300] {logging_mixin.py:188} INFO - [2024-10-21T09:40:09.750-0300] {dagbag.py:540} INFO - Filling up the DagBag from /home/beatriz/Documentos/airflow/airflow_venv/lib/python3.10/site-packages/airflow/example_dags/tutorial_objectstorage.py
[2024-10-21T09:40:09.761-0300] {processor.py:840} INFO - DAG(s) 'tutorial_objectstorage' retrieved from /home/beatriz/Documentos/airflow/airflow_venv/lib/python3.10/site-packages/airflow/example_dags/tutorial_objectstorage.py
[2024-10-21T09:40:09.848-0300] {logging_mixin.py:188} INFO - [2024-10-21T09:40:09.848-0300] {dag.py:3096} INFO - Sync 1 DAGs
[2024-10-21T09:40:09.858-0300] {logging_mixin.py:188} INFO - [2024-10-21T09:40:09.858-0300] {dag.py:3954} INFO - Setting next_dagrun for tutorial_objectstorage to None, run_after=None
[2024-10-21T09:40:09.874-0300] {processor.py:183} INFO - Processing /home/beatriz/Documentos/airflow/airflow_venv/lib/python3.10/site-packages/airflow/example_dags/tutorial_objectstorage.py took 0.135 seconds
[2024-10-21T09:41:04.113-0300] {processor.py:161} INFO - Started process (PID=25431) to work on /home/beatriz/Documentos/airflow/airflow_venv/lib/python3.10/site-packages/airflow/example_dags/tutorial_objectstorage.py
[2024-10-21T09:41:04.115-0300] {processor.py:830} INFO - Processing file /home/beatriz/Documentos/airflow/airflow_venv/lib/python3.10/site-packages/airflow/example_dags/tutorial_objectstorage.py for tasks to queue
[2024-10-21T09:41:04.116-0300] {logging_mixin.py:188} INFO - [2024-10-21T09:41:04.116-0300] {dagbag.py:540} INFO - Filling up the DagBag from /home/beatriz/Documentos/airflow/airflow_venv/lib/python3.10/site-packages/airflow/example_dags/tutorial_objectstorage.py
[2024-10-21T09:41:04.122-0300] {processor.py:840} INFO - DAG(s) 'tutorial_objectstorage' retrieved from /home/beatriz/Documentos/airflow/airflow_venv/lib/python3.10/site-packages/airflow/example_dags/tutorial_objectstorage.py
[2024-10-21T09:41:04.133-0300] {logging_mixin.py:188} INFO - [2024-10-21T09:41:04.133-0300] {dag.py:3096} INFO - Sync 1 DAGs
[2024-10-21T09:41:04.141-0300] {logging_mixin.py:188} INFO - [2024-10-21T09:41:04.141-0300] {dag.py:3954} INFO - Setting next_dagrun for tutorial_objectstorage to None, run_after=None
[2024-10-21T09:41:04.158-0300] {processor.py:183} INFO - Processing /home/beatriz/Documentos/airflow/airflow_venv/lib/python3.10/site-packages/airflow/example_dags/tutorial_objectstorage.py took 0.050 seconds
[2024-10-21T09:41:54.406-0300] {processor.py:161} INFO - Started process (PID=25882) to work on /home/beatriz/Documentos/airflow/airflow_venv/lib/python3.10/site-packages/airflow/example_dags/tutorial_objectstorage.py
[2024-10-21T09:41:54.408-0300] {processor.py:830} INFO - Processing file /home/beatriz/Documentos/airflow/airflow_venv/lib/python3.10/site-packages/airflow/example_dags/tutorial_objectstorage.py for tasks to queue
[2024-10-21T09:41:54.409-0300] {logging_mixin.py:188} INFO - [2024-10-21T09:41:54.409-0300] {dagbag.py:540} INFO - Filling up the DagBag from /home/beatriz/Documentos/airflow/airflow_venv/lib/python3.10/site-packages/airflow/example_dags/tutorial_objectstorage.py
[2024-10-21T09:41:54.415-0300] {processor.py:840} INFO - DAG(s) 'tutorial_objectstorage' retrieved from /home/beatriz/Documentos/airflow/airflow_venv/lib/python3.10/site-packages/airflow/example_dags/tutorial_objectstorage.py
[2024-10-21T09:41:54.425-0300] {logging_mixin.py:188} INFO - [2024-10-21T09:41:54.425-0300] {dag.py:3096} INFO - Sync 1 DAGs
[2024-10-21T09:41:54.434-0300] {logging_mixin.py:188} INFO - [2024-10-21T09:41:54.434-0300] {dag.py:3954} INFO - Setting next_dagrun for tutorial_objectstorage to None, run_after=None
[2024-10-21T09:41:54.452-0300] {processor.py:183} INFO - Processing /home/beatriz/Documentos/airflow/airflow_venv/lib/python3.10/site-packages/airflow/example_dags/tutorial_objectstorage.py took 0.050 seconds
[2024-10-21T09:42:43.625-0300] {processor.py:161} INFO - Started process (PID=26366) to work on /home/beatriz/Documentos/airflow/airflow_venv/lib/python3.10/site-packages/airflow/example_dags/tutorial_objectstorage.py
[2024-10-21T09:42:43.628-0300] {processor.py:830} INFO - Processing file /home/beatriz/Documentos/airflow/airflow_venv/lib/python3.10/site-packages/airflow/example_dags/tutorial_objectstorage.py for tasks to queue
[2024-10-21T09:42:43.632-0300] {logging_mixin.py:188} INFO - [2024-10-21T09:42:43.631-0300] {dagbag.py:540} INFO - Filling up the DagBag from /home/beatriz/Documentos/airflow/airflow_venv/lib/python3.10/site-packages/airflow/example_dags/tutorial_objectstorage.py
[2024-10-21T09:42:43.644-0300] {processor.py:840} INFO - DAG(s) 'tutorial_objectstorage' retrieved from /home/beatriz/Documentos/airflow/airflow_venv/lib/python3.10/site-packages/airflow/example_dags/tutorial_objectstorage.py
[2024-10-21T09:42:43.660-0300] {logging_mixin.py:188} INFO - [2024-10-21T09:42:43.660-0300] {dag.py:3096} INFO - Sync 1 DAGs
[2024-10-21T09:42:43.670-0300] {logging_mixin.py:188} INFO - [2024-10-21T09:42:43.669-0300] {dag.py:3954} INFO - Setting next_dagrun for tutorial_objectstorage to None, run_after=None
[2024-10-21T09:42:43.687-0300] {processor.py:183} INFO - Processing /home/beatriz/Documentos/airflow/airflow_venv/lib/python3.10/site-packages/airflow/example_dags/tutorial_objectstorage.py took 0.073 seconds
[2024-10-21T09:43:32.961-0300] {processor.py:161} INFO - Started process (PID=26816) to work on /home/beatriz/Documentos/airflow/airflow_venv/lib/python3.10/site-packages/airflow/example_dags/tutorial_objectstorage.py
[2024-10-21T09:43:32.964-0300] {processor.py:830} INFO - Processing file /home/beatriz/Documentos/airflow/airflow_venv/lib/python3.10/site-packages/airflow/example_dags/tutorial_objectstorage.py for tasks to queue
[2024-10-21T09:43:32.968-0300] {logging_mixin.py:188} INFO - [2024-10-21T09:43:32.967-0300] {dagbag.py:540} INFO - Filling up the DagBag from /home/beatriz/Documentos/airflow/airflow_venv/lib/python3.10/site-packages/airflow/example_dags/tutorial_objectstorage.py
[2024-10-21T09:43:32.981-0300] {processor.py:840} INFO - DAG(s) 'tutorial_objectstorage' retrieved from /home/beatriz/Documentos/airflow/airflow_venv/lib/python3.10/site-packages/airflow/example_dags/tutorial_objectstorage.py
[2024-10-21T09:43:32.997-0300] {logging_mixin.py:188} INFO - [2024-10-21T09:43:32.996-0300] {dag.py:3096} INFO - Sync 1 DAGs
[2024-10-21T09:43:33.007-0300] {logging_mixin.py:188} INFO - [2024-10-21T09:43:33.007-0300] {dag.py:3954} INFO - Setting next_dagrun for tutorial_objectstorage to None, run_after=None
[2024-10-21T09:43:33.024-0300] {processor.py:183} INFO - Processing /home/beatriz/Documentos/airflow/airflow_venv/lib/python3.10/site-packages/airflow/example_dags/tutorial_objectstorage.py took 0.074 seconds
