[2024-10-21T08:38:48.948-0300] {processor.py:161} INFO - Started process (PID=6804) to work on /home/beatriz/Documentos/airflow/airflow_venv/lib/python3.10/site-packages/airflow/example_dags/tutorial_dag.py
[2024-10-21T08:38:48.949-0300] {processor.py:830} INFO - Processing file /home/beatriz/Documentos/airflow/airflow_venv/lib/python3.10/site-packages/airflow/example_dags/tutorial_dag.py for tasks to queue
[2024-10-21T08:38:48.952-0300] {logging_mixin.py:188} INFO - [2024-10-21T08:38:48.951-0300] {dagbag.py:540} INFO - Filling up the DagBag from /home/beatriz/Documentos/airflow/airflow_venv/lib/python3.10/site-packages/airflow/example_dags/tutorial_dag.py
[2024-10-21T08:38:48.965-0300] {processor.py:840} INFO - DAG(s) 'tutorial_dag' retrieved from /home/beatriz/Documentos/airflow/airflow_venv/lib/python3.10/site-packages/airflow/example_dags/tutorial_dag.py
[2024-10-21T08:38:48.972-0300] {logging_mixin.py:188} INFO - [2024-10-21T08:38:48.972-0300] {dag.py:3096} INFO - Sync 1 DAGs
[2024-10-21T08:38:48.982-0300] {logging_mixin.py:188} INFO - [2024-10-21T08:38:48.981-0300] {dag.py:3954} INFO - Setting next_dagrun for tutorial_dag to None, run_after=None
[2024-10-21T08:38:48.999-0300] {processor.py:183} INFO - Processing /home/beatriz/Documentos/airflow/airflow_venv/lib/python3.10/site-packages/airflow/example_dags/tutorial_dag.py took 0.062 seconds
[2024-10-21T08:39:41.594-0300] {processor.py:161} INFO - Started process (PID=7184) to work on /home/beatriz/Documentos/airflow/airflow_venv/lib/python3.10/site-packages/airflow/example_dags/tutorial_dag.py
[2024-10-21T08:39:41.597-0300] {processor.py:830} INFO - Processing file /home/beatriz/Documentos/airflow/airflow_venv/lib/python3.10/site-packages/airflow/example_dags/tutorial_dag.py for tasks to queue
[2024-10-21T08:39:41.601-0300] {logging_mixin.py:188} INFO - [2024-10-21T08:39:41.600-0300] {dagbag.py:540} INFO - Filling up the DagBag from /home/beatriz/Documentos/airflow/airflow_venv/lib/python3.10/site-packages/airflow/example_dags/tutorial_dag.py
[2024-10-21T08:39:41.611-0300] {processor.py:840} INFO - DAG(s) 'tutorial_dag' retrieved from /home/beatriz/Documentos/airflow/airflow_venv/lib/python3.10/site-packages/airflow/example_dags/tutorial_dag.py
[2024-10-21T08:39:41.696-0300] {logging_mixin.py:188} INFO - [2024-10-21T08:39:41.696-0300] {dag.py:3096} INFO - Sync 1 DAGs
[2024-10-21T08:39:41.703-0300] {logging_mixin.py:188} INFO - [2024-10-21T08:39:41.703-0300] {dag.py:3954} INFO - Setting next_dagrun for tutorial_dag to None, run_after=None
[2024-10-21T08:39:41.723-0300] {processor.py:183} INFO - Processing /home/beatriz/Documentos/airflow/airflow_venv/lib/python3.10/site-packages/airflow/example_dags/tutorial_dag.py took 0.141 seconds
[2024-10-21T08:40:37.727-0300] {processor.py:161} INFO - Started process (PID=7302) to work on /home/beatriz/Documentos/airflow/airflow_venv/lib/python3.10/site-packages/airflow/example_dags/tutorial_dag.py
[2024-10-21T08:40:37.728-0300] {processor.py:830} INFO - Processing file /home/beatriz/Documentos/airflow/airflow_venv/lib/python3.10/site-packages/airflow/example_dags/tutorial_dag.py for tasks to queue
[2024-10-21T08:40:37.730-0300] {logging_mixin.py:188} INFO - [2024-10-21T08:40:37.730-0300] {dagbag.py:540} INFO - Filling up the DagBag from /home/beatriz/Documentos/airflow/airflow_venv/lib/python3.10/site-packages/airflow/example_dags/tutorial_dag.py
[2024-10-21T08:40:37.736-0300] {processor.py:840} INFO - DAG(s) 'tutorial_dag' retrieved from /home/beatriz/Documentos/airflow/airflow_venv/lib/python3.10/site-packages/airflow/example_dags/tutorial_dag.py
[2024-10-21T08:40:37.750-0300] {logging_mixin.py:188} INFO - [2024-10-21T08:40:37.749-0300] {dag.py:3096} INFO - Sync 1 DAGs
[2024-10-21T08:40:37.760-0300] {logging_mixin.py:188} INFO - [2024-10-21T08:40:37.759-0300] {dag.py:3954} INFO - Setting next_dagrun for tutorial_dag to None, run_after=None
[2024-10-21T08:40:37.777-0300] {processor.py:183} INFO - Processing /home/beatriz/Documentos/airflow/airflow_venv/lib/python3.10/site-packages/airflow/example_dags/tutorial_dag.py took 0.059 seconds
[2024-10-21T08:41:24.398-0300] {processor.py:161} INFO - Started process (PID=7510) to work on /home/beatriz/Documentos/airflow/airflow_venv/lib/python3.10/site-packages/airflow/example_dags/tutorial_dag.py
[2024-10-21T08:41:24.400-0300] {processor.py:830} INFO - Processing file /home/beatriz/Documentos/airflow/airflow_venv/lib/python3.10/site-packages/airflow/example_dags/tutorial_dag.py for tasks to queue
[2024-10-21T08:41:24.402-0300] {logging_mixin.py:188} INFO - [2024-10-21T08:41:24.402-0300] {dagbag.py:540} INFO - Filling up the DagBag from /home/beatriz/Documentos/airflow/airflow_venv/lib/python3.10/site-packages/airflow/example_dags/tutorial_dag.py
[2024-10-21T08:41:24.408-0300] {processor.py:840} INFO - DAG(s) 'tutorial_dag' retrieved from /home/beatriz/Documentos/airflow/airflow_venv/lib/python3.10/site-packages/airflow/example_dags/tutorial_dag.py
[2024-10-21T08:41:24.424-0300] {logging_mixin.py:188} INFO - [2024-10-21T08:41:24.424-0300] {dag.py:3096} INFO - Sync 1 DAGs
[2024-10-21T08:41:24.512-0300] {logging_mixin.py:188} INFO - [2024-10-21T08:41:24.511-0300] {dag.py:3954} INFO - Setting next_dagrun for tutorial_dag to None, run_after=None
[2024-10-21T08:41:24.534-0300] {processor.py:183} INFO - Processing /home/beatriz/Documentos/airflow/airflow_venv/lib/python3.10/site-packages/airflow/example_dags/tutorial_dag.py took 0.142 seconds
[2024-10-21T08:42:14.218-0300] {processor.py:161} INFO - Started process (PID=14296) to work on /home/beatriz/Documentos/airflow/airflow_venv/lib/python3.10/site-packages/airflow/example_dags/tutorial_dag.py
[2024-10-21T08:42:14.221-0300] {processor.py:830} INFO - Processing file /home/beatriz/Documentos/airflow/airflow_venv/lib/python3.10/site-packages/airflow/example_dags/tutorial_dag.py for tasks to queue
[2024-10-21T08:42:14.222-0300] {logging_mixin.py:188} INFO - [2024-10-21T08:42:14.221-0300] {dagbag.py:540} INFO - Filling up the DagBag from /home/beatriz/Documentos/airflow/airflow_venv/lib/python3.10/site-packages/airflow/example_dags/tutorial_dag.py
[2024-10-21T08:42:14.226-0300] {processor.py:840} INFO - DAG(s) 'tutorial_dag' retrieved from /home/beatriz/Documentos/airflow/airflow_venv/lib/python3.10/site-packages/airflow/example_dags/tutorial_dag.py
[2024-10-21T08:42:14.237-0300] {logging_mixin.py:188} INFO - [2024-10-21T08:42:14.236-0300] {dag.py:3096} INFO - Sync 1 DAGs
[2024-10-21T08:42:14.245-0300] {logging_mixin.py:188} INFO - [2024-10-21T08:42:14.245-0300] {dag.py:3954} INFO - Setting next_dagrun for tutorial_dag to None, run_after=None
[2024-10-21T08:42:14.261-0300] {processor.py:183} INFO - Processing /home/beatriz/Documentos/airflow/airflow_venv/lib/python3.10/site-packages/airflow/example_dags/tutorial_dag.py took 0.047 seconds
[2024-10-21T08:43:04.071-0300] {processor.py:161} INFO - Started process (PID=14719) to work on /home/beatriz/Documentos/airflow/airflow_venv/lib/python3.10/site-packages/airflow/example_dags/tutorial_dag.py
[2024-10-21T08:43:04.073-0300] {processor.py:830} INFO - Processing file /home/beatriz/Documentos/airflow/airflow_venv/lib/python3.10/site-packages/airflow/example_dags/tutorial_dag.py for tasks to queue
[2024-10-21T08:43:04.075-0300] {logging_mixin.py:188} INFO - [2024-10-21T08:43:04.074-0300] {dagbag.py:540} INFO - Filling up the DagBag from /home/beatriz/Documentos/airflow/airflow_venv/lib/python3.10/site-packages/airflow/example_dags/tutorial_dag.py
[2024-10-21T08:43:04.079-0300] {processor.py:840} INFO - DAG(s) 'tutorial_dag' retrieved from /home/beatriz/Documentos/airflow/airflow_venv/lib/python3.10/site-packages/airflow/example_dags/tutorial_dag.py
[2024-10-21T08:43:04.092-0300] {logging_mixin.py:188} INFO - [2024-10-21T08:43:04.091-0300] {dag.py:3096} INFO - Sync 1 DAGs
[2024-10-21T08:43:04.100-0300] {logging_mixin.py:188} INFO - [2024-10-21T08:43:04.100-0300] {dag.py:3954} INFO - Setting next_dagrun for tutorial_dag to None, run_after=None
[2024-10-21T08:43:04.118-0300] {processor.py:183} INFO - Processing /home/beatriz/Documentos/airflow/airflow_venv/lib/python3.10/site-packages/airflow/example_dags/tutorial_dag.py took 0.052 seconds
[2024-10-21T08:43:49.468-0300] {processor.py:161} INFO - Started process (PID=14934) to work on /home/beatriz/Documentos/airflow/airflow_venv/lib/python3.10/site-packages/airflow/example_dags/tutorial_dag.py
[2024-10-21T08:43:49.472-0300] {processor.py:830} INFO - Processing file /home/beatriz/Documentos/airflow/airflow_venv/lib/python3.10/site-packages/airflow/example_dags/tutorial_dag.py for tasks to queue
[2024-10-21T08:43:49.475-0300] {logging_mixin.py:188} INFO - [2024-10-21T08:43:49.474-0300] {dagbag.py:540} INFO - Filling up the DagBag from /home/beatriz/Documentos/airflow/airflow_venv/lib/python3.10/site-packages/airflow/example_dags/tutorial_dag.py
[2024-10-21T08:43:49.485-0300] {processor.py:840} INFO - DAG(s) 'tutorial_dag' retrieved from /home/beatriz/Documentos/airflow/airflow_venv/lib/python3.10/site-packages/airflow/example_dags/tutorial_dag.py
[2024-10-21T08:43:49.502-0300] {logging_mixin.py:188} INFO - [2024-10-21T08:43:49.502-0300] {dag.py:3096} INFO - Sync 1 DAGs
[2024-10-21T08:43:49.511-0300] {logging_mixin.py:188} INFO - [2024-10-21T08:43:49.511-0300] {dag.py:3954} INFO - Setting next_dagrun for tutorial_dag to None, run_after=None
[2024-10-21T08:43:49.531-0300] {processor.py:183} INFO - Processing /home/beatriz/Documentos/airflow/airflow_venv/lib/python3.10/site-packages/airflow/example_dags/tutorial_dag.py took 0.077 seconds
[2024-10-21T08:44:44.067-0300] {processor.py:161} INFO - Started process (PID=15639) to work on /home/beatriz/Documentos/airflow/airflow_venv/lib/python3.10/site-packages/airflow/example_dags/tutorial_dag.py
[2024-10-21T08:44:44.070-0300] {processor.py:830} INFO - Processing file /home/beatriz/Documentos/airflow/airflow_venv/lib/python3.10/site-packages/airflow/example_dags/tutorial_dag.py for tasks to queue
[2024-10-21T08:44:44.073-0300] {logging_mixin.py:188} INFO - [2024-10-21T08:44:44.073-0300] {dagbag.py:540} INFO - Filling up the DagBag from /home/beatriz/Documentos/airflow/airflow_venv/lib/python3.10/site-packages/airflow/example_dags/tutorial_dag.py
[2024-10-21T08:44:44.088-0300] {processor.py:840} INFO - DAG(s) 'tutorial_dag' retrieved from /home/beatriz/Documentos/airflow/airflow_venv/lib/python3.10/site-packages/airflow/example_dags/tutorial_dag.py
[2024-10-21T08:44:44.096-0300] {logging_mixin.py:188} INFO - [2024-10-21T08:44:44.096-0300] {dag.py:3096} INFO - Sync 1 DAGs
[2024-10-21T08:44:44.107-0300] {logging_mixin.py:188} INFO - [2024-10-21T08:44:44.107-0300] {dag.py:3954} INFO - Setting next_dagrun for tutorial_dag to None, run_after=None
[2024-10-21T08:44:44.124-0300] {processor.py:183} INFO - Processing /home/beatriz/Documentos/airflow/airflow_venv/lib/python3.10/site-packages/airflow/example_dags/tutorial_dag.py took 0.069 seconds
[2024-10-21T08:46:17.071-0300] {processor.py:161} INFO - Started process (PID=17587) to work on /home/beatriz/Documentos/airflow/airflow_venv/lib/python3.10/site-packages/airflow/example_dags/tutorial_dag.py
[2024-10-21T08:46:17.073-0300] {processor.py:830} INFO - Processing file /home/beatriz/Documentos/airflow/airflow_venv/lib/python3.10/site-packages/airflow/example_dags/tutorial_dag.py for tasks to queue
[2024-10-21T08:46:17.075-0300] {logging_mixin.py:188} INFO - [2024-10-21T08:46:17.074-0300] {dagbag.py:540} INFO - Filling up the DagBag from /home/beatriz/Documentos/airflow/airflow_venv/lib/python3.10/site-packages/airflow/example_dags/tutorial_dag.py
[2024-10-21T08:46:17.080-0300] {processor.py:840} INFO - DAG(s) 'tutorial_dag' retrieved from /home/beatriz/Documentos/airflow/airflow_venv/lib/python3.10/site-packages/airflow/example_dags/tutorial_dag.py
[2024-10-21T08:46:17.155-0300] {logging_mixin.py:188} INFO - [2024-10-21T08:46:17.155-0300] {dag.py:3096} INFO - Sync 1 DAGs
[2024-10-21T08:46:17.162-0300] {logging_mixin.py:188} INFO - [2024-10-21T08:46:17.161-0300] {dag.py:3954} INFO - Setting next_dagrun for tutorial_dag to None, run_after=None
[2024-10-21T08:46:17.250-0300] {processor.py:183} INFO - Processing /home/beatriz/Documentos/airflow/airflow_venv/lib/python3.10/site-packages/airflow/example_dags/tutorial_dag.py took 0.184 seconds
[2024-10-21T08:47:04.124-0300] {processor.py:161} INFO - Started process (PID=18029) to work on /home/beatriz/Documentos/airflow/airflow_venv/lib/python3.10/site-packages/airflow/example_dags/tutorial_dag.py
[2024-10-21T08:47:04.126-0300] {processor.py:830} INFO - Processing file /home/beatriz/Documentos/airflow/airflow_venv/lib/python3.10/site-packages/airflow/example_dags/tutorial_dag.py for tasks to queue
[2024-10-21T08:47:04.128-0300] {logging_mixin.py:188} INFO - [2024-10-21T08:47:04.127-0300] {dagbag.py:540} INFO - Filling up the DagBag from /home/beatriz/Documentos/airflow/airflow_venv/lib/python3.10/site-packages/airflow/example_dags/tutorial_dag.py
[2024-10-21T08:47:04.136-0300] {processor.py:840} INFO - DAG(s) 'tutorial_dag' retrieved from /home/beatriz/Documentos/airflow/airflow_venv/lib/python3.10/site-packages/airflow/example_dags/tutorial_dag.py
[2024-10-21T08:47:04.155-0300] {logging_mixin.py:188} INFO - [2024-10-21T08:47:04.155-0300] {dag.py:3096} INFO - Sync 1 DAGs
[2024-10-21T08:47:04.164-0300] {logging_mixin.py:188} INFO - [2024-10-21T08:47:04.164-0300] {dag.py:3954} INFO - Setting next_dagrun for tutorial_dag to None, run_after=None
[2024-10-21T08:47:04.181-0300] {processor.py:183} INFO - Processing /home/beatriz/Documentos/airflow/airflow_venv/lib/python3.10/site-packages/airflow/example_dags/tutorial_dag.py took 0.065 seconds
[2024-10-21T09:36:16.265-0300] {processor.py:161} INFO - Started process (PID=21190) to work on /home/beatriz/Documentos/airflow/airflow_venv/lib/python3.10/site-packages/airflow/example_dags/tutorial_dag.py
[2024-10-21T09:36:16.269-0300] {processor.py:830} INFO - Processing file /home/beatriz/Documentos/airflow/airflow_venv/lib/python3.10/site-packages/airflow/example_dags/tutorial_dag.py for tasks to queue
[2024-10-21T09:36:16.272-0300] {logging_mixin.py:188} INFO - [2024-10-21T09:36:16.271-0300] {dagbag.py:540} INFO - Filling up the DagBag from /home/beatriz/Documentos/airflow/airflow_venv/lib/python3.10/site-packages/airflow/example_dags/tutorial_dag.py
[2024-10-21T09:36:16.284-0300] {processor.py:840} INFO - DAG(s) 'tutorial_dag' retrieved from /home/beatriz/Documentos/airflow/airflow_venv/lib/python3.10/site-packages/airflow/example_dags/tutorial_dag.py
[2024-10-21T09:36:16.291-0300] {logging_mixin.py:188} INFO - [2024-10-21T09:36:16.291-0300] {dag.py:3096} INFO - Sync 1 DAGs
[2024-10-21T09:36:16.302-0300] {logging_mixin.py:188} INFO - [2024-10-21T09:36:16.302-0300] {dag.py:3954} INFO - Setting next_dagrun for tutorial_dag to None, run_after=None
[2024-10-21T09:36:16.320-0300] {processor.py:183} INFO - Processing /home/beatriz/Documentos/airflow/airflow_venv/lib/python3.10/site-packages/airflow/example_dags/tutorial_dag.py took 0.066 seconds
[2024-10-21T09:37:18.668-0300] {processor.py:161} INFO - Started process (PID=22021) to work on /home/beatriz/Documentos/airflow/airflow_venv/lib/python3.10/site-packages/airflow/example_dags/tutorial_dag.py
[2024-10-21T09:37:18.671-0300] {processor.py:830} INFO - Processing file /home/beatriz/Documentos/airflow/airflow_venv/lib/python3.10/site-packages/airflow/example_dags/tutorial_dag.py for tasks to queue
[2024-10-21T09:37:18.673-0300] {logging_mixin.py:188} INFO - [2024-10-21T09:37:18.673-0300] {dagbag.py:540} INFO - Filling up the DagBag from /home/beatriz/Documentos/airflow/airflow_venv/lib/python3.10/site-packages/airflow/example_dags/tutorial_dag.py
[2024-10-21T09:37:18.683-0300] {processor.py:840} INFO - DAG(s) 'tutorial_dag' retrieved from /home/beatriz/Documentos/airflow/airflow_venv/lib/python3.10/site-packages/airflow/example_dags/tutorial_dag.py
[2024-10-21T09:37:18.764-0300] {logging_mixin.py:188} INFO - [2024-10-21T09:37:18.764-0300] {dag.py:3096} INFO - Sync 1 DAGs
[2024-10-21T09:37:18.772-0300] {logging_mixin.py:188} INFO - [2024-10-21T09:37:18.771-0300] {dag.py:3954} INFO - Setting next_dagrun for tutorial_dag to None, run_after=None
[2024-10-21T09:37:18.791-0300] {processor.py:183} INFO - Processing /home/beatriz/Documentos/airflow/airflow_venv/lib/python3.10/site-packages/airflow/example_dags/tutorial_dag.py took 0.134 seconds
[2024-10-21T09:38:18.135-0300] {processor.py:161} INFO - Started process (PID=22566) to work on /home/beatriz/Documentos/airflow/airflow_venv/lib/python3.10/site-packages/airflow/example_dags/tutorial_dag.py
[2024-10-21T09:38:18.136-0300] {processor.py:830} INFO - Processing file /home/beatriz/Documentos/airflow/airflow_venv/lib/python3.10/site-packages/airflow/example_dags/tutorial_dag.py for tasks to queue
[2024-10-21T09:38:18.138-0300] {logging_mixin.py:188} INFO - [2024-10-21T09:38:18.137-0300] {dagbag.py:540} INFO - Filling up the DagBag from /home/beatriz/Documentos/airflow/airflow_venv/lib/python3.10/site-packages/airflow/example_dags/tutorial_dag.py
[2024-10-21T09:38:18.145-0300] {processor.py:840} INFO - DAG(s) 'tutorial_dag' retrieved from /home/beatriz/Documentos/airflow/airflow_venv/lib/python3.10/site-packages/airflow/example_dags/tutorial_dag.py
[2024-10-21T09:38:18.169-0300] {logging_mixin.py:188} INFO - [2024-10-21T09:38:18.169-0300] {dag.py:3096} INFO - Sync 1 DAGs
[2024-10-21T09:38:18.181-0300] {logging_mixin.py:188} INFO - [2024-10-21T09:38:18.180-0300] {dag.py:3954} INFO - Setting next_dagrun for tutorial_dag to None, run_after=None
[2024-10-21T09:38:18.215-0300] {processor.py:183} INFO - Processing /home/beatriz/Documentos/airflow/airflow_venv/lib/python3.10/site-packages/airflow/example_dags/tutorial_dag.py took 0.088 seconds
[2024-10-21T09:39:26.919-0300] {processor.py:161} INFO - Started process (PID=24622) to work on /home/beatriz/Documentos/airflow/airflow_venv/lib/python3.10/site-packages/airflow/example_dags/tutorial_dag.py
[2024-10-21T09:39:26.921-0300] {processor.py:830} INFO - Processing file /home/beatriz/Documentos/airflow/airflow_venv/lib/python3.10/site-packages/airflow/example_dags/tutorial_dag.py for tasks to queue
[2024-10-21T09:39:26.922-0300] {logging_mixin.py:188} INFO - [2024-10-21T09:39:26.922-0300] {dagbag.py:540} INFO - Filling up the DagBag from /home/beatriz/Documentos/airflow/airflow_venv/lib/python3.10/site-packages/airflow/example_dags/tutorial_dag.py
[2024-10-21T09:39:26.927-0300] {processor.py:840} INFO - DAG(s) 'tutorial_dag' retrieved from /home/beatriz/Documentos/airflow/airflow_venv/lib/python3.10/site-packages/airflow/example_dags/tutorial_dag.py
[2024-10-21T09:39:26.940-0300] {logging_mixin.py:188} INFO - [2024-10-21T09:39:26.940-0300] {dag.py:3096} INFO - Sync 1 DAGs
[2024-10-21T09:39:26.949-0300] {logging_mixin.py:188} INFO - [2024-10-21T09:39:26.949-0300] {dag.py:3954} INFO - Setting next_dagrun for tutorial_dag to None, run_after=None
[2024-10-21T09:39:26.965-0300] {processor.py:183} INFO - Processing /home/beatriz/Documentos/airflow/airflow_venv/lib/python3.10/site-packages/airflow/example_dags/tutorial_dag.py took 0.051 seconds
[2024-10-21T09:40:12.031-0300] {processor.py:161} INFO - Started process (PID=25049) to work on /home/beatriz/Documentos/airflow/airflow_venv/lib/python3.10/site-packages/airflow/example_dags/tutorial_dag.py
[2024-10-21T09:40:12.034-0300] {processor.py:830} INFO - Processing file /home/beatriz/Documentos/airflow/airflow_venv/lib/python3.10/site-packages/airflow/example_dags/tutorial_dag.py for tasks to queue
[2024-10-21T09:40:12.037-0300] {logging_mixin.py:188} INFO - [2024-10-21T09:40:12.036-0300] {dagbag.py:540} INFO - Filling up the DagBag from /home/beatriz/Documentos/airflow/airflow_venv/lib/python3.10/site-packages/airflow/example_dags/tutorial_dag.py
[2024-10-21T09:40:12.046-0300] {processor.py:840} INFO - DAG(s) 'tutorial_dag' retrieved from /home/beatriz/Documentos/airflow/airflow_venv/lib/python3.10/site-packages/airflow/example_dags/tutorial_dag.py
[2024-10-21T09:40:12.135-0300] {logging_mixin.py:188} INFO - [2024-10-21T09:40:12.135-0300] {dag.py:3096} INFO - Sync 1 DAGs
[2024-10-21T09:40:12.144-0300] {logging_mixin.py:188} INFO - [2024-10-21T09:40:12.144-0300] {dag.py:3954} INFO - Setting next_dagrun for tutorial_dag to None, run_after=None
[2024-10-21T09:40:12.163-0300] {processor.py:183} INFO - Processing /home/beatriz/Documentos/airflow/airflow_venv/lib/python3.10/site-packages/airflow/example_dags/tutorial_dag.py took 0.142 seconds
[2024-10-21T09:41:05.781-0300] {processor.py:161} INFO - Started process (PID=25433) to work on /home/beatriz/Documentos/airflow/airflow_venv/lib/python3.10/site-packages/airflow/example_dags/tutorial_dag.py
[2024-10-21T09:41:05.782-0300] {processor.py:830} INFO - Processing file /home/beatriz/Documentos/airflow/airflow_venv/lib/python3.10/site-packages/airflow/example_dags/tutorial_dag.py for tasks to queue
[2024-10-21T09:41:05.783-0300] {logging_mixin.py:188} INFO - [2024-10-21T09:41:05.782-0300] {dagbag.py:540} INFO - Filling up the DagBag from /home/beatriz/Documentos/airflow/airflow_venv/lib/python3.10/site-packages/airflow/example_dags/tutorial_dag.py
[2024-10-21T09:41:05.787-0300] {processor.py:840} INFO - DAG(s) 'tutorial_dag' retrieved from /home/beatriz/Documentos/airflow/airflow_venv/lib/python3.10/site-packages/airflow/example_dags/tutorial_dag.py
[2024-10-21T09:41:05.798-0300] {logging_mixin.py:188} INFO - [2024-10-21T09:41:05.798-0300] {dag.py:3096} INFO - Sync 1 DAGs
[2024-10-21T09:41:05.810-0300] {logging_mixin.py:188} INFO - [2024-10-21T09:41:05.809-0300] {dag.py:3954} INFO - Setting next_dagrun for tutorial_dag to None, run_after=None
[2024-10-21T09:41:05.826-0300] {processor.py:183} INFO - Processing /home/beatriz/Documentos/airflow/airflow_venv/lib/python3.10/site-packages/airflow/example_dags/tutorial_dag.py took 0.049 seconds
[2024-10-21T09:41:55.952-0300] {processor.py:161} INFO - Started process (PID=25884) to work on /home/beatriz/Documentos/airflow/airflow_venv/lib/python3.10/site-packages/airflow/example_dags/tutorial_dag.py
[2024-10-21T09:41:55.953-0300] {processor.py:830} INFO - Processing file /home/beatriz/Documentos/airflow/airflow_venv/lib/python3.10/site-packages/airflow/example_dags/tutorial_dag.py for tasks to queue
[2024-10-21T09:41:55.954-0300] {logging_mixin.py:188} INFO - [2024-10-21T09:41:55.954-0300] {dagbag.py:540} INFO - Filling up the DagBag from /home/beatriz/Documentos/airflow/airflow_venv/lib/python3.10/site-packages/airflow/example_dags/tutorial_dag.py
[2024-10-21T09:41:55.958-0300] {processor.py:840} INFO - DAG(s) 'tutorial_dag' retrieved from /home/beatriz/Documentos/airflow/airflow_venv/lib/python3.10/site-packages/airflow/example_dags/tutorial_dag.py
[2024-10-21T09:41:55.970-0300] {logging_mixin.py:188} INFO - [2024-10-21T09:41:55.970-0300] {dag.py:3096} INFO - Sync 1 DAGs
[2024-10-21T09:41:55.979-0300] {logging_mixin.py:188} INFO - [2024-10-21T09:41:55.979-0300] {dag.py:3954} INFO - Setting next_dagrun for tutorial_dag to None, run_after=None
[2024-10-21T09:41:55.996-0300] {processor.py:183} INFO - Processing /home/beatriz/Documentos/airflow/airflow_venv/lib/python3.10/site-packages/airflow/example_dags/tutorial_dag.py took 0.048 seconds
[2024-10-21T09:42:45.312-0300] {processor.py:161} INFO - Started process (PID=26375) to work on /home/beatriz/Documentos/airflow/airflow_venv/lib/python3.10/site-packages/airflow/example_dags/tutorial_dag.py
[2024-10-21T09:42:45.315-0300] {processor.py:830} INFO - Processing file /home/beatriz/Documentos/airflow/airflow_venv/lib/python3.10/site-packages/airflow/example_dags/tutorial_dag.py for tasks to queue
[2024-10-21T09:42:45.318-0300] {logging_mixin.py:188} INFO - [2024-10-21T09:42:45.317-0300] {dagbag.py:540} INFO - Filling up the DagBag from /home/beatriz/Documentos/airflow/airflow_venv/lib/python3.10/site-packages/airflow/example_dags/tutorial_dag.py
[2024-10-21T09:42:45.326-0300] {processor.py:840} INFO - DAG(s) 'tutorial_dag' retrieved from /home/beatriz/Documentos/airflow/airflow_venv/lib/python3.10/site-packages/airflow/example_dags/tutorial_dag.py
[2024-10-21T09:42:45.344-0300] {logging_mixin.py:188} INFO - [2024-10-21T09:42:45.343-0300] {dag.py:3096} INFO - Sync 1 DAGs
[2024-10-21T09:42:45.354-0300] {logging_mixin.py:188} INFO - [2024-10-21T09:42:45.353-0300] {dag.py:3954} INFO - Setting next_dagrun for tutorial_dag to None, run_after=None
[2024-10-21T09:42:45.372-0300] {processor.py:183} INFO - Processing /home/beatriz/Documentos/airflow/airflow_venv/lib/python3.10/site-packages/airflow/example_dags/tutorial_dag.py took 0.068 seconds
[2024-10-21T09:43:34.652-0300] {processor.py:161} INFO - Started process (PID=26818) to work on /home/beatriz/Documentos/airflow/airflow_venv/lib/python3.10/site-packages/airflow/example_dags/tutorial_dag.py
[2024-10-21T09:43:34.654-0300] {processor.py:830} INFO - Processing file /home/beatriz/Documentos/airflow/airflow_venv/lib/python3.10/site-packages/airflow/example_dags/tutorial_dag.py for tasks to queue
[2024-10-21T09:43:34.657-0300] {logging_mixin.py:188} INFO - [2024-10-21T09:43:34.657-0300] {dagbag.py:540} INFO - Filling up the DagBag from /home/beatriz/Documentos/airflow/airflow_venv/lib/python3.10/site-packages/airflow/example_dags/tutorial_dag.py
[2024-10-21T09:43:34.671-0300] {processor.py:840} INFO - DAG(s) 'tutorial_dag' retrieved from /home/beatriz/Documentos/airflow/airflow_venv/lib/python3.10/site-packages/airflow/example_dags/tutorial_dag.py
[2024-10-21T09:43:34.690-0300] {logging_mixin.py:188} INFO - [2024-10-21T09:43:34.690-0300] {dag.py:3096} INFO - Sync 1 DAGs
[2024-10-21T09:43:34.700-0300] {logging_mixin.py:188} INFO - [2024-10-21T09:43:34.700-0300] {dag.py:3954} INFO - Setting next_dagrun for tutorial_dag to None, run_after=None
[2024-10-21T09:43:34.717-0300] {processor.py:183} INFO - Processing /home/beatriz/Documentos/airflow/airflow_venv/lib/python3.10/site-packages/airflow/example_dags/tutorial_dag.py took 0.072 seconds
