[2024-10-15T15:35:29.940-0300] {processor.py:161} INFO - Started process (PID=41897) to work on /home/beatriz/Documentos/airflow/airflow_venv/lib/python3.10/site-packages/airflow/example_dags/example_setup_teardown_taskflow.py
[2024-10-15T15:35:29.942-0300] {processor.py:830} INFO - Processing file /home/beatriz/Documentos/airflow/airflow_venv/lib/python3.10/site-packages/airflow/example_dags/example_setup_teardown_taskflow.py for tasks to queue
[2024-10-15T15:35:29.944-0300] {logging_mixin.py:188} INFO - [2024-10-15T15:35:29.944-0300] {dagbag.py:540} INFO - Filling up the DagBag from /home/beatriz/Documentos/airflow/airflow_venv/lib/python3.10/site-packages/airflow/example_dags/example_setup_teardown_taskflow.py
[2024-10-15T15:35:29.957-0300] {processor.py:840} INFO - DAG(s) 'example_setup_teardown_taskflow' retrieved from /home/beatriz/Documentos/airflow/airflow_venv/lib/python3.10/site-packages/airflow/example_dags/example_setup_teardown_taskflow.py
[2024-10-15T15:35:29.967-0300] {logging_mixin.py:188} INFO - [2024-10-15T15:35:29.967-0300] {dag.py:3096} INFO - Sync 1 DAGs
[2024-10-15T15:35:29.993-0300] {logging_mixin.py:188} INFO - [2024-10-15T15:35:29.993-0300] {dag.py:3954} INFO - Setting next_dagrun for example_setup_teardown_taskflow to 2024-10-14 00:00:00+00:00, run_after=2024-10-15 00:00:00+00:00
[2024-10-15T15:35:30.020-0300] {processor.py:183} INFO - Processing /home/beatriz/Documentos/airflow/airflow_venv/lib/python3.10/site-packages/airflow/example_dags/example_setup_teardown_taskflow.py took 0.091 seconds
[2024-10-15T15:36:26.531-0300] {processor.py:161} INFO - Started process (PID=42512) to work on /home/beatriz/Documentos/airflow/airflow_venv/lib/python3.10/site-packages/airflow/example_dags/example_setup_teardown_taskflow.py
[2024-10-15T15:36:26.534-0300] {processor.py:830} INFO - Processing file /home/beatriz/Documentos/airflow/airflow_venv/lib/python3.10/site-packages/airflow/example_dags/example_setup_teardown_taskflow.py for tasks to queue
[2024-10-15T15:36:26.537-0300] {logging_mixin.py:188} INFO - [2024-10-15T15:36:26.536-0300] {dagbag.py:540} INFO - Filling up the DagBag from /home/beatriz/Documentos/airflow/airflow_venv/lib/python3.10/site-packages/airflow/example_dags/example_setup_teardown_taskflow.py
[2024-10-15T15:36:26.553-0300] {processor.py:840} INFO - DAG(s) 'example_setup_teardown_taskflow' retrieved from /home/beatriz/Documentos/airflow/airflow_venv/lib/python3.10/site-packages/airflow/example_dags/example_setup_teardown_taskflow.py
[2024-10-15T15:36:26.626-0300] {logging_mixin.py:188} INFO - [2024-10-15T15:36:26.626-0300] {dag.py:3096} INFO - Sync 1 DAGs
[2024-10-15T15:36:26.715-0300] {logging_mixin.py:188} INFO - [2024-10-15T15:36:26.714-0300] {dag.py:3954} INFO - Setting next_dagrun for example_setup_teardown_taskflow to 2024-10-14 00:00:00+00:00, run_after=2024-10-15 00:00:00+00:00
[2024-10-15T15:36:26.738-0300] {processor.py:183} INFO - Processing /home/beatriz/Documentos/airflow/airflow_venv/lib/python3.10/site-packages/airflow/example_dags/example_setup_teardown_taskflow.py took 0.217 seconds
[2024-10-15T15:37:18.453-0300] {processor.py:161} INFO - Started process (PID=42872) to work on /home/beatriz/Documentos/airflow/airflow_venv/lib/python3.10/site-packages/airflow/example_dags/example_setup_teardown_taskflow.py
[2024-10-15T15:37:18.456-0300] {processor.py:830} INFO - Processing file /home/beatriz/Documentos/airflow/airflow_venv/lib/python3.10/site-packages/airflow/example_dags/example_setup_teardown_taskflow.py for tasks to queue
[2024-10-15T15:37:18.459-0300] {logging_mixin.py:188} INFO - [2024-10-15T15:37:18.458-0300] {dagbag.py:540} INFO - Filling up the DagBag from /home/beatriz/Documentos/airflow/airflow_venv/lib/python3.10/site-packages/airflow/example_dags/example_setup_teardown_taskflow.py
[2024-10-15T15:37:18.475-0300] {processor.py:840} INFO - DAG(s) 'example_setup_teardown_taskflow' retrieved from /home/beatriz/Documentos/airflow/airflow_venv/lib/python3.10/site-packages/airflow/example_dags/example_setup_teardown_taskflow.py
[2024-10-15T15:37:18.492-0300] {logging_mixin.py:188} INFO - [2024-10-15T15:37:18.491-0300] {dag.py:3096} INFO - Sync 1 DAGs
[2024-10-15T15:37:18.506-0300] {logging_mixin.py:188} INFO - [2024-10-15T15:37:18.506-0300] {dag.py:3954} INFO - Setting next_dagrun for example_setup_teardown_taskflow to 2024-10-14 00:00:00+00:00, run_after=2024-10-15 00:00:00+00:00
[2024-10-15T15:37:18.524-0300] {processor.py:183} INFO - Processing /home/beatriz/Documentos/airflow/airflow_venv/lib/python3.10/site-packages/airflow/example_dags/example_setup_teardown_taskflow.py took 0.082 seconds
[2024-10-15T15:38:11.609-0300] {processor.py:161} INFO - Started process (PID=43315) to work on /home/beatriz/Documentos/airflow/airflow_venv/lib/python3.10/site-packages/airflow/example_dags/example_setup_teardown_taskflow.py
[2024-10-15T15:38:11.612-0300] {processor.py:830} INFO - Processing file /home/beatriz/Documentos/airflow/airflow_venv/lib/python3.10/site-packages/airflow/example_dags/example_setup_teardown_taskflow.py for tasks to queue
[2024-10-15T15:38:11.616-0300] {logging_mixin.py:188} INFO - [2024-10-15T15:38:11.615-0300] {dagbag.py:540} INFO - Filling up the DagBag from /home/beatriz/Documentos/airflow/airflow_venv/lib/python3.10/site-packages/airflow/example_dags/example_setup_teardown_taskflow.py
[2024-10-15T15:38:11.631-0300] {processor.py:840} INFO - DAG(s) 'example_setup_teardown_taskflow' retrieved from /home/beatriz/Documentos/airflow/airflow_venv/lib/python3.10/site-packages/airflow/example_dags/example_setup_teardown_taskflow.py
[2024-10-15T15:38:11.646-0300] {logging_mixin.py:188} INFO - [2024-10-15T15:38:11.646-0300] {dag.py:3096} INFO - Sync 1 DAGs
[2024-10-15T15:38:11.747-0300] {logging_mixin.py:188} INFO - [2024-10-15T15:38:11.746-0300] {dag.py:3954} INFO - Setting next_dagrun for example_setup_teardown_taskflow to 2024-10-14 00:00:00+00:00, run_after=2024-10-15 00:00:00+00:00
[2024-10-15T15:38:11.768-0300] {processor.py:183} INFO - Processing /home/beatriz/Documentos/airflow/airflow_venv/lib/python3.10/site-packages/airflow/example_dags/example_setup_teardown_taskflow.py took 0.169 seconds
[2024-10-15T15:38:59.467-0300] {processor.py:161} INFO - Started process (PID=43724) to work on /home/beatriz/Documentos/airflow/airflow_venv/lib/python3.10/site-packages/airflow/example_dags/example_setup_teardown_taskflow.py
[2024-10-15T15:38:59.470-0300] {processor.py:830} INFO - Processing file /home/beatriz/Documentos/airflow/airflow_venv/lib/python3.10/site-packages/airflow/example_dags/example_setup_teardown_taskflow.py for tasks to queue
[2024-10-15T15:38:59.474-0300] {logging_mixin.py:188} INFO - [2024-10-15T15:38:59.473-0300] {dagbag.py:540} INFO - Filling up the DagBag from /home/beatriz/Documentos/airflow/airflow_venv/lib/python3.10/site-packages/airflow/example_dags/example_setup_teardown_taskflow.py
[2024-10-15T15:38:59.489-0300] {processor.py:840} INFO - DAG(s) 'example_setup_teardown_taskflow' retrieved from /home/beatriz/Documentos/airflow/airflow_venv/lib/python3.10/site-packages/airflow/example_dags/example_setup_teardown_taskflow.py
[2024-10-15T15:38:59.505-0300] {logging_mixin.py:188} INFO - [2024-10-15T15:38:59.504-0300] {dag.py:3096} INFO - Sync 1 DAGs
[2024-10-15T15:38:59.521-0300] {logging_mixin.py:188} INFO - [2024-10-15T15:38:59.521-0300] {dag.py:3954} INFO - Setting next_dagrun for example_setup_teardown_taskflow to 2024-10-14 00:00:00+00:00, run_after=2024-10-15 00:00:00+00:00
[2024-10-15T15:38:59.539-0300] {processor.py:183} INFO - Processing /home/beatriz/Documentos/airflow/airflow_venv/lib/python3.10/site-packages/airflow/example_dags/example_setup_teardown_taskflow.py took 0.084 seconds
[2024-10-15T15:39:45.471-0300] {processor.py:161} INFO - Started process (PID=44079) to work on /home/beatriz/Documentos/airflow/airflow_venv/lib/python3.10/site-packages/airflow/example_dags/example_setup_teardown_taskflow.py
[2024-10-15T15:39:45.473-0300] {processor.py:830} INFO - Processing file /home/beatriz/Documentos/airflow/airflow_venv/lib/python3.10/site-packages/airflow/example_dags/example_setup_teardown_taskflow.py for tasks to queue
[2024-10-15T15:39:45.475-0300] {logging_mixin.py:188} INFO - [2024-10-15T15:39:45.474-0300] {dagbag.py:540} INFO - Filling up the DagBag from /home/beatriz/Documentos/airflow/airflow_venv/lib/python3.10/site-packages/airflow/example_dags/example_setup_teardown_taskflow.py
[2024-10-15T15:39:45.482-0300] {processor.py:840} INFO - DAG(s) 'example_setup_teardown_taskflow' retrieved from /home/beatriz/Documentos/airflow/airflow_venv/lib/python3.10/site-packages/airflow/example_dags/example_setup_teardown_taskflow.py
[2024-10-15T15:39:45.496-0300] {logging_mixin.py:188} INFO - [2024-10-15T15:39:45.495-0300] {dag.py:3096} INFO - Sync 1 DAGs
[2024-10-15T15:39:45.510-0300] {logging_mixin.py:188} INFO - [2024-10-15T15:39:45.510-0300] {dag.py:3954} INFO - Setting next_dagrun for example_setup_teardown_taskflow to 2024-10-14 00:00:00+00:00, run_after=2024-10-15 00:00:00+00:00
[2024-10-15T15:39:45.527-0300] {processor.py:183} INFO - Processing /home/beatriz/Documentos/airflow/airflow_venv/lib/python3.10/site-packages/airflow/example_dags/example_setup_teardown_taskflow.py took 0.060 seconds
[2024-10-15T15:40:34.324-0300] {processor.py:161} INFO - Started process (PID=44424) to work on /home/beatriz/Documentos/airflow/airflow_venv/lib/python3.10/site-packages/airflow/example_dags/example_setup_teardown_taskflow.py
[2024-10-15T15:40:34.326-0300] {processor.py:830} INFO - Processing file /home/beatriz/Documentos/airflow/airflow_venv/lib/python3.10/site-packages/airflow/example_dags/example_setup_teardown_taskflow.py for tasks to queue
[2024-10-15T15:40:34.327-0300] {logging_mixin.py:188} INFO - [2024-10-15T15:40:34.327-0300] {dagbag.py:540} INFO - Filling up the DagBag from /home/beatriz/Documentos/airflow/airflow_venv/lib/python3.10/site-packages/airflow/example_dags/example_setup_teardown_taskflow.py
[2024-10-15T15:40:34.335-0300] {processor.py:840} INFO - DAG(s) 'example_setup_teardown_taskflow' retrieved from /home/beatriz/Documentos/airflow/airflow_venv/lib/python3.10/site-packages/airflow/example_dags/example_setup_teardown_taskflow.py
[2024-10-15T15:40:34.349-0300] {logging_mixin.py:188} INFO - [2024-10-15T15:40:34.349-0300] {dag.py:3096} INFO - Sync 1 DAGs
[2024-10-15T15:40:34.364-0300] {logging_mixin.py:188} INFO - [2024-10-15T15:40:34.364-0300] {dag.py:3954} INFO - Setting next_dagrun for example_setup_teardown_taskflow to 2024-10-14 00:00:00+00:00, run_after=2024-10-15 00:00:00+00:00
[2024-10-15T15:40:34.380-0300] {processor.py:183} INFO - Processing /home/beatriz/Documentos/airflow/airflow_venv/lib/python3.10/site-packages/airflow/example_dags/example_setup_teardown_taskflow.py took 0.061 seconds
