[2024-10-15T14:16:00.329-0300] {processor.py:153} INFO - Started process (PID=26753) to work on /home/beatriz/Documentos/airflow/airflow_venv/lib/python3.10/site-packages/airflow/example_dags/example_branch_datetime_operator.py
[2024-10-15T14:16:00.330-0300] {processor.py:743} INFO - Processing file /home/beatriz/Documentos/airflow/airflow_venv/lib/python3.10/site-packages/airflow/example_dags/example_branch_datetime_operator.py for tasks to queue
[2024-10-15T14:16:00.330-0300] {logging_mixin.py:137} INFO - [2024-10-15T14:16:00.330-0300] {dagbag.py:532} INFO - Filling up the DagBag from /home/beatriz/Documentos/airflow/airflow_venv/lib/python3.10/site-packages/airflow/example_dags/example_branch_datetime_operator.py
[2024-10-15T14:16:00.355-0300] {processor.py:753} INFO - DAG(s) dict_keys(['example_branch_datetime_operator_2', 'example_branch_datetime_operator', 'example_branch_datetime_operator_3']) retrieved from /home/beatriz/Documentos/airflow/airflow_venv/lib/python3.10/site-packages/airflow/example_dags/example_branch_datetime_operator.py
[2024-10-15T14:16:00.376-0300] {logging_mixin.py:137} INFO - [2024-10-15T14:16:00.376-0300] {dag.py:2705} INFO - Sync 3 DAGs
[2024-10-15T14:16:00.393-0300] {logging_mixin.py:137} INFO - [2024-10-15T14:16:00.393-0300] {dag.py:3452} INFO - Setting next_dagrun for example_branch_datetime_operator to 2024-10-14T00:00:00+00:00, run_after=2024-10-15T00:00:00+00:00
[2024-10-15T14:16:00.397-0300] {logging_mixin.py:137} INFO - [2024-10-15T14:16:00.397-0300] {dag.py:3452} INFO - Setting next_dagrun for example_branch_datetime_operator_2 to 2024-10-14T00:00:00+00:00, run_after=2024-10-15T00:00:00+00:00
[2024-10-15T14:16:00.399-0300] {logging_mixin.py:137} INFO - [2024-10-15T14:16:00.399-0300] {dag.py:3452} INFO - Setting next_dagrun for example_branch_datetime_operator_3 to 2024-10-14T00:00:00+00:00, run_after=2024-10-15T00:00:00+00:00
[2024-10-15T14:16:00.415-0300] {processor.py:175} INFO - Processing /home/beatriz/Documentos/airflow/airflow_venv/lib/python3.10/site-packages/airflow/example_dags/example_branch_datetime_operator.py took 0.090 seconds
[2024-10-15T14:18:30.074-0300] {processor.py:153} INFO - Started process (PID=27181) to work on /home/beatriz/Documentos/airflow/airflow_venv/lib/python3.10/site-packages/airflow/example_dags/example_branch_datetime_operator.py
[2024-10-15T14:18:30.076-0300] {processor.py:743} INFO - Processing file /home/beatriz/Documentos/airflow/airflow_venv/lib/python3.10/site-packages/airflow/example_dags/example_branch_datetime_operator.py for tasks to queue
[2024-10-15T14:18:30.076-0300] {logging_mixin.py:137} INFO - [2024-10-15T14:18:30.076-0300] {dagbag.py:532} INFO - Filling up the DagBag from /home/beatriz/Documentos/airflow/airflow_venv/lib/python3.10/site-packages/airflow/example_dags/example_branch_datetime_operator.py
[2024-10-15T14:18:30.098-0300] {processor.py:753} INFO - DAG(s) dict_keys(['example_branch_datetime_operator_3', 'example_branch_datetime_operator_2', 'example_branch_datetime_operator']) retrieved from /home/beatriz/Documentos/airflow/airflow_venv/lib/python3.10/site-packages/airflow/example_dags/example_branch_datetime_operator.py
[2024-10-15T14:18:30.129-0300] {logging_mixin.py:137} INFO - [2024-10-15T14:18:30.129-0300] {dag.py:2705} INFO - Sync 3 DAGs
[2024-10-15T14:18:30.147-0300] {logging_mixin.py:137} INFO - [2024-10-15T14:18:30.147-0300] {dag.py:3452} INFO - Setting next_dagrun for example_branch_datetime_operator to 2024-10-14T00:00:00+00:00, run_after=2024-10-15T00:00:00+00:00
[2024-10-15T14:18:30.151-0300] {logging_mixin.py:137} INFO - [2024-10-15T14:18:30.150-0300] {dag.py:3452} INFO - Setting next_dagrun for example_branch_datetime_operator_2 to 2024-10-14T00:00:00+00:00, run_after=2024-10-15T00:00:00+00:00
[2024-10-15T14:18:30.153-0300] {logging_mixin.py:137} INFO - [2024-10-15T14:18:30.153-0300] {dag.py:3452} INFO - Setting next_dagrun for example_branch_datetime_operator_3 to 2024-10-14T00:00:00+00:00, run_after=2024-10-15T00:00:00+00:00
[2024-10-15T14:18:30.171-0300] {processor.py:175} INFO - Processing /home/beatriz/Documentos/airflow/airflow_venv/lib/python3.10/site-packages/airflow/example_dags/example_branch_datetime_operator.py took 0.099 seconds
[2024-10-15T14:51:22.839-0300] {processor.py:153} INFO - Started process (PID=34610) to work on /home/beatriz/Documentos/airflow/airflow_venv/lib/python3.10/site-packages/airflow/example_dags/example_branch_datetime_operator.py
[2024-10-15T14:51:22.842-0300] {processor.py:743} INFO - Processing file /home/beatriz/Documentos/airflow/airflow_venv/lib/python3.10/site-packages/airflow/example_dags/example_branch_datetime_operator.py for tasks to queue
[2024-10-15T14:51:22.843-0300] {logging_mixin.py:137} INFO - [2024-10-15T14:51:22.842-0300] {dagbag.py:532} INFO - Filling up the DagBag from /home/beatriz/Documentos/airflow/airflow_venv/lib/python3.10/site-packages/airflow/example_dags/example_branch_datetime_operator.py
[2024-10-15T14:51:22.865-0300] {processor.py:753} INFO - DAG(s) dict_keys(['example_branch_datetime_operator_2', 'example_branch_datetime_operator', 'example_branch_datetime_operator_3']) retrieved from /home/beatriz/Documentos/airflow/airflow_venv/lib/python3.10/site-packages/airflow/example_dags/example_branch_datetime_operator.py
[2024-10-15T14:51:22.888-0300] {logging_mixin.py:137} INFO - [2024-10-15T14:51:22.888-0300] {dag.py:2705} INFO - Sync 3 DAGs
[2024-10-15T14:51:22.904-0300] {logging_mixin.py:137} INFO - [2024-10-15T14:51:22.904-0300] {dag.py:3452} INFO - Setting next_dagrun for example_branch_datetime_operator to 2024-10-14T00:00:00+00:00, run_after=2024-10-15T00:00:00+00:00
[2024-10-15T14:51:22.908-0300] {logging_mixin.py:137} INFO - [2024-10-15T14:51:22.908-0300] {dag.py:3452} INFO - Setting next_dagrun for example_branch_datetime_operator_2 to 2024-10-14T00:00:00+00:00, run_after=2024-10-15T00:00:00+00:00
[2024-10-15T14:51:22.910-0300] {logging_mixin.py:137} INFO - [2024-10-15T14:51:22.909-0300] {dag.py:3452} INFO - Setting next_dagrun for example_branch_datetime_operator_3 to 2024-10-14T00:00:00+00:00, run_after=2024-10-15T00:00:00+00:00
[2024-10-15T14:51:22.930-0300] {processor.py:175} INFO - Processing /home/beatriz/Documentos/airflow/airflow_venv/lib/python3.10/site-packages/airflow/example_dags/example_branch_datetime_operator.py took 0.093 seconds
[2024-10-15T14:52:07.719-0300] {processor.py:153} INFO - Started process (PID=34684) to work on /home/beatriz/Documentos/airflow/airflow_venv/lib/python3.10/site-packages/airflow/example_dags/example_branch_datetime_operator.py
[2024-10-15T14:52:07.722-0300] {processor.py:743} INFO - Processing file /home/beatriz/Documentos/airflow/airflow_venv/lib/python3.10/site-packages/airflow/example_dags/example_branch_datetime_operator.py for tasks to queue
[2024-10-15T14:52:07.724-0300] {logging_mixin.py:137} INFO - [2024-10-15T14:52:07.724-0300] {dagbag.py:532} INFO - Filling up the DagBag from /home/beatriz/Documentos/airflow/airflow_venv/lib/python3.10/site-packages/airflow/example_dags/example_branch_datetime_operator.py
[2024-10-15T14:52:07.751-0300] {processor.py:753} INFO - DAG(s) dict_keys(['example_branch_datetime_operator_3', 'example_branch_datetime_operator', 'example_branch_datetime_operator_2']) retrieved from /home/beatriz/Documentos/airflow/airflow_venv/lib/python3.10/site-packages/airflow/example_dags/example_branch_datetime_operator.py
[2024-10-15T14:52:07.771-0300] {logging_mixin.py:137} INFO - [2024-10-15T14:52:07.771-0300] {dag.py:2705} INFO - Sync 3 DAGs
[2024-10-15T14:52:07.788-0300] {logging_mixin.py:137} INFO - [2024-10-15T14:52:07.788-0300] {dag.py:3452} INFO - Setting next_dagrun for example_branch_datetime_operator to 2024-10-14T00:00:00+00:00, run_after=2024-10-15T00:00:00+00:00
[2024-10-15T14:52:07.791-0300] {logging_mixin.py:137} INFO - [2024-10-15T14:52:07.791-0300] {dag.py:3452} INFO - Setting next_dagrun for example_branch_datetime_operator_2 to 2024-10-14T00:00:00+00:00, run_after=2024-10-15T00:00:00+00:00
[2024-10-15T14:52:07.793-0300] {logging_mixin.py:137} INFO - [2024-10-15T14:52:07.793-0300] {dag.py:3452} INFO - Setting next_dagrun for example_branch_datetime_operator_3 to 2024-10-14T00:00:00+00:00, run_after=2024-10-15T00:00:00+00:00
[2024-10-15T14:52:07.811-0300] {processor.py:175} INFO - Processing /home/beatriz/Documentos/airflow/airflow_venv/lib/python3.10/site-packages/airflow/example_dags/example_branch_datetime_operator.py took 0.097 seconds
[2024-10-15T14:53:01.729-0300] {processor.py:153} INFO - Started process (PID=35101) to work on /home/beatriz/Documentos/airflow/airflow_venv/lib/python3.10/site-packages/airflow/example_dags/example_branch_datetime_operator.py
[2024-10-15T14:53:01.730-0300] {processor.py:743} INFO - Processing file /home/beatriz/Documentos/airflow/airflow_venv/lib/python3.10/site-packages/airflow/example_dags/example_branch_datetime_operator.py for tasks to queue
[2024-10-15T14:53:01.731-0300] {logging_mixin.py:137} INFO - [2024-10-15T14:53:01.731-0300] {dagbag.py:532} INFO - Filling up the DagBag from /home/beatriz/Documentos/airflow/airflow_venv/lib/python3.10/site-packages/airflow/example_dags/example_branch_datetime_operator.py
[2024-10-15T14:53:01.751-0300] {processor.py:753} INFO - DAG(s) dict_keys(['example_branch_datetime_operator', 'example_branch_datetime_operator_3', 'example_branch_datetime_operator_2']) retrieved from /home/beatriz/Documentos/airflow/airflow_venv/lib/python3.10/site-packages/airflow/example_dags/example_branch_datetime_operator.py
[2024-10-15T14:53:01.772-0300] {logging_mixin.py:137} INFO - [2024-10-15T14:53:01.772-0300] {dag.py:2705} INFO - Sync 3 DAGs
[2024-10-15T14:53:01.791-0300] {logging_mixin.py:137} INFO - [2024-10-15T14:53:01.791-0300] {dag.py:3452} INFO - Setting next_dagrun for example_branch_datetime_operator to 2024-10-14T00:00:00+00:00, run_after=2024-10-15T00:00:00+00:00
[2024-10-15T14:53:01.795-0300] {logging_mixin.py:137} INFO - [2024-10-15T14:53:01.795-0300] {dag.py:3452} INFO - Setting next_dagrun for example_branch_datetime_operator_2 to 2024-10-14T00:00:00+00:00, run_after=2024-10-15T00:00:00+00:00
[2024-10-15T14:53:01.798-0300] {logging_mixin.py:137} INFO - [2024-10-15T14:53:01.797-0300] {dag.py:3452} INFO - Setting next_dagrun for example_branch_datetime_operator_3 to 2024-10-14T00:00:00+00:00, run_after=2024-10-15T00:00:00+00:00
[2024-10-15T14:53:01.816-0300] {processor.py:175} INFO - Processing /home/beatriz/Documentos/airflow/airflow_venv/lib/python3.10/site-packages/airflow/example_dags/example_branch_datetime_operator.py took 0.092 seconds
[2024-10-15T14:53:52.238-0300] {processor.py:153} INFO - Started process (PID=35319) to work on /home/beatriz/Documentos/airflow/airflow_venv/lib/python3.10/site-packages/airflow/example_dags/example_branch_datetime_operator.py
[2024-10-15T14:53:52.241-0300] {processor.py:743} INFO - Processing file /home/beatriz/Documentos/airflow/airflow_venv/lib/python3.10/site-packages/airflow/example_dags/example_branch_datetime_operator.py for tasks to queue
[2024-10-15T14:53:52.243-0300] {logging_mixin.py:137} INFO - [2024-10-15T14:53:52.242-0300] {dagbag.py:532} INFO - Filling up the DagBag from /home/beatriz/Documentos/airflow/airflow_venv/lib/python3.10/site-packages/airflow/example_dags/example_branch_datetime_operator.py
[2024-10-15T14:53:52.268-0300] {processor.py:753} INFO - DAG(s) dict_keys(['example_branch_datetime_operator_2', 'example_branch_datetime_operator', 'example_branch_datetime_operator_3']) retrieved from /home/beatriz/Documentos/airflow/airflow_venv/lib/python3.10/site-packages/airflow/example_dags/example_branch_datetime_operator.py
[2024-10-15T14:53:52.287-0300] {logging_mixin.py:137} INFO - [2024-10-15T14:53:52.287-0300] {dag.py:2705} INFO - Sync 3 DAGs
[2024-10-15T14:53:52.306-0300] {logging_mixin.py:137} INFO - [2024-10-15T14:53:52.306-0300] {dag.py:3452} INFO - Setting next_dagrun for example_branch_datetime_operator to 2024-10-14T00:00:00+00:00, run_after=2024-10-15T00:00:00+00:00
[2024-10-15T14:53:52.310-0300] {logging_mixin.py:137} INFO - [2024-10-15T14:53:52.310-0300] {dag.py:3452} INFO - Setting next_dagrun for example_branch_datetime_operator_2 to 2024-10-14T00:00:00+00:00, run_after=2024-10-15T00:00:00+00:00
[2024-10-15T14:53:52.313-0300] {logging_mixin.py:137} INFO - [2024-10-15T14:53:52.312-0300] {dag.py:3452} INFO - Setting next_dagrun for example_branch_datetime_operator_3 to 2024-10-14T00:00:00+00:00, run_after=2024-10-15T00:00:00+00:00
[2024-10-15T14:53:52.420-0300] {processor.py:175} INFO - Processing /home/beatriz/Documentos/airflow/airflow_venv/lib/python3.10/site-packages/airflow/example_dags/example_branch_datetime_operator.py took 0.187 seconds
[2024-10-15T14:54:51.026-0300] {processor.py:153} INFO - Started process (PID=35532) to work on /home/beatriz/Documentos/airflow/airflow_venv/lib/python3.10/site-packages/airflow/example_dags/example_branch_datetime_operator.py
[2024-10-15T14:54:51.029-0300] {processor.py:743} INFO - Processing file /home/beatriz/Documentos/airflow/airflow_venv/lib/python3.10/site-packages/airflow/example_dags/example_branch_datetime_operator.py for tasks to queue
[2024-10-15T14:54:51.031-0300] {logging_mixin.py:137} INFO - [2024-10-15T14:54:51.030-0300] {dagbag.py:532} INFO - Filling up the DagBag from /home/beatriz/Documentos/airflow/airflow_venv/lib/python3.10/site-packages/airflow/example_dags/example_branch_datetime_operator.py
[2024-10-15T14:54:51.060-0300] {processor.py:753} INFO - DAG(s) dict_keys(['example_branch_datetime_operator_3', 'example_branch_datetime_operator', 'example_branch_datetime_operator_2']) retrieved from /home/beatriz/Documentos/airflow/airflow_venv/lib/python3.10/site-packages/airflow/example_dags/example_branch_datetime_operator.py
[2024-10-15T14:54:51.083-0300] {logging_mixin.py:137} INFO - [2024-10-15T14:54:51.083-0300] {dag.py:2705} INFO - Sync 3 DAGs
[2024-10-15T14:54:51.187-0300] {logging_mixin.py:137} INFO - [2024-10-15T14:54:51.187-0300] {dag.py:3452} INFO - Setting next_dagrun for example_branch_datetime_operator to 2024-10-14T00:00:00+00:00, run_after=2024-10-15T00:00:00+00:00
[2024-10-15T14:54:51.192-0300] {logging_mixin.py:137} INFO - [2024-10-15T14:54:51.192-0300] {dag.py:3452} INFO - Setting next_dagrun for example_branch_datetime_operator_2 to 2024-10-14T00:00:00+00:00, run_after=2024-10-15T00:00:00+00:00
[2024-10-15T14:54:51.194-0300] {logging_mixin.py:137} INFO - [2024-10-15T14:54:51.194-0300] {dag.py:3452} INFO - Setting next_dagrun for example_branch_datetime_operator_3 to 2024-10-14T00:00:00+00:00, run_after=2024-10-15T00:00:00+00:00
[2024-10-15T14:54:51.215-0300] {processor.py:175} INFO - Processing /home/beatriz/Documentos/airflow/airflow_venv/lib/python3.10/site-packages/airflow/example_dags/example_branch_datetime_operator.py took 0.195 seconds
[2024-10-15T14:55:44.136-0300] {processor.py:153} INFO - Started process (PID=35665) to work on /home/beatriz/Documentos/airflow/airflow_venv/lib/python3.10/site-packages/airflow/example_dags/example_branch_datetime_operator.py
[2024-10-15T14:55:44.139-0300] {processor.py:743} INFO - Processing file /home/beatriz/Documentos/airflow/airflow_venv/lib/python3.10/site-packages/airflow/example_dags/example_branch_datetime_operator.py for tasks to queue
[2024-10-15T14:55:44.140-0300] {logging_mixin.py:137} INFO - [2024-10-15T14:55:44.140-0300] {dagbag.py:532} INFO - Filling up the DagBag from /home/beatriz/Documentos/airflow/airflow_venv/lib/python3.10/site-packages/airflow/example_dags/example_branch_datetime_operator.py
[2024-10-15T14:55:44.156-0300] {processor.py:753} INFO - DAG(s) dict_keys(['example_branch_datetime_operator_2', 'example_branch_datetime_operator', 'example_branch_datetime_operator_3']) retrieved from /home/beatriz/Documentos/airflow/airflow_venv/lib/python3.10/site-packages/airflow/example_dags/example_branch_datetime_operator.py
[2024-10-15T14:55:44.273-0300] {logging_mixin.py:137} INFO - [2024-10-15T14:55:44.272-0300] {dag.py:2705} INFO - Sync 3 DAGs
[2024-10-15T14:55:44.292-0300] {logging_mixin.py:137} INFO - [2024-10-15T14:55:44.292-0300] {dag.py:3452} INFO - Setting next_dagrun for example_branch_datetime_operator to 2024-10-14T00:00:00+00:00, run_after=2024-10-15T00:00:00+00:00
[2024-10-15T14:55:44.296-0300] {logging_mixin.py:137} INFO - [2024-10-15T14:55:44.296-0300] {dag.py:3452} INFO - Setting next_dagrun for example_branch_datetime_operator_2 to 2024-10-14T00:00:00+00:00, run_after=2024-10-15T00:00:00+00:00
[2024-10-15T14:55:44.299-0300] {logging_mixin.py:137} INFO - [2024-10-15T14:55:44.299-0300] {dag.py:3452} INFO - Setting next_dagrun for example_branch_datetime_operator_3 to 2024-10-14T00:00:00+00:00, run_after=2024-10-15T00:00:00+00:00
[2024-10-15T14:55:44.319-0300] {processor.py:175} INFO - Processing /home/beatriz/Documentos/airflow/airflow_venv/lib/python3.10/site-packages/airflow/example_dags/example_branch_datetime_operator.py took 0.186 seconds
[2024-10-15T14:56:35.444-0300] {processor.py:153} INFO - Started process (PID=35789) to work on /home/beatriz/Documentos/airflow/airflow_venv/lib/python3.10/site-packages/airflow/example_dags/example_branch_datetime_operator.py
[2024-10-15T14:56:35.447-0300] {processor.py:743} INFO - Processing file /home/beatriz/Documentos/airflow/airflow_venv/lib/python3.10/site-packages/airflow/example_dags/example_branch_datetime_operator.py for tasks to queue
[2024-10-15T14:56:35.449-0300] {logging_mixin.py:137} INFO - [2024-10-15T14:56:35.448-0300] {dagbag.py:532} INFO - Filling up the DagBag from /home/beatriz/Documentos/airflow/airflow_venv/lib/python3.10/site-packages/airflow/example_dags/example_branch_datetime_operator.py
[2024-10-15T14:56:35.476-0300] {processor.py:753} INFO - DAG(s) dict_keys(['example_branch_datetime_operator', 'example_branch_datetime_operator_2', 'example_branch_datetime_operator_3']) retrieved from /home/beatriz/Documentos/airflow/airflow_venv/lib/python3.10/site-packages/airflow/example_dags/example_branch_datetime_operator.py
[2024-10-15T14:56:35.580-0300] {logging_mixin.py:137} INFO - [2024-10-15T14:56:35.580-0300] {dag.py:2705} INFO - Sync 3 DAGs
[2024-10-15T14:56:35.596-0300] {logging_mixin.py:137} INFO - [2024-10-15T14:56:35.596-0300] {dag.py:3452} INFO - Setting next_dagrun for example_branch_datetime_operator to 2024-10-14T00:00:00+00:00, run_after=2024-10-15T00:00:00+00:00
[2024-10-15T14:56:35.599-0300] {logging_mixin.py:137} INFO - [2024-10-15T14:56:35.599-0300] {dag.py:3452} INFO - Setting next_dagrun for example_branch_datetime_operator_2 to 2024-10-14T00:00:00+00:00, run_after=2024-10-15T00:00:00+00:00
[2024-10-15T14:56:35.601-0300] {logging_mixin.py:137} INFO - [2024-10-15T14:56:35.601-0300] {dag.py:3452} INFO - Setting next_dagrun for example_branch_datetime_operator_3 to 2024-10-14T00:00:00+00:00, run_after=2024-10-15T00:00:00+00:00
[2024-10-15T14:56:35.618-0300] {processor.py:175} INFO - Processing /home/beatriz/Documentos/airflow/airflow_venv/lib/python3.10/site-packages/airflow/example_dags/example_branch_datetime_operator.py took 0.180 seconds
[2024-10-15T14:57:22.452-0300] {processor.py:153} INFO - Started process (PID=35870) to work on /home/beatriz/Documentos/airflow/airflow_venv/lib/python3.10/site-packages/airflow/example_dags/example_branch_datetime_operator.py
[2024-10-15T14:57:22.454-0300] {processor.py:743} INFO - Processing file /home/beatriz/Documentos/airflow/airflow_venv/lib/python3.10/site-packages/airflow/example_dags/example_branch_datetime_operator.py for tasks to queue
[2024-10-15T14:57:22.454-0300] {logging_mixin.py:137} INFO - [2024-10-15T14:57:22.454-0300] {dagbag.py:532} INFO - Filling up the DagBag from /home/beatriz/Documentos/airflow/airflow_venv/lib/python3.10/site-packages/airflow/example_dags/example_branch_datetime_operator.py
[2024-10-15T14:57:22.549-0300] {processor.py:753} INFO - DAG(s) dict_keys(['example_branch_datetime_operator_3', 'example_branch_datetime_operator_2', 'example_branch_datetime_operator']) retrieved from /home/beatriz/Documentos/airflow/airflow_venv/lib/python3.10/site-packages/airflow/example_dags/example_branch_datetime_operator.py
[2024-10-15T14:57:22.566-0300] {logging_mixin.py:137} INFO - [2024-10-15T14:57:22.566-0300] {dag.py:2705} INFO - Sync 3 DAGs
[2024-10-15T14:57:22.581-0300] {logging_mixin.py:137} INFO - [2024-10-15T14:57:22.581-0300] {dag.py:3452} INFO - Setting next_dagrun for example_branch_datetime_operator to 2024-10-14T00:00:00+00:00, run_after=2024-10-15T00:00:00+00:00
[2024-10-15T14:57:22.585-0300] {logging_mixin.py:137} INFO - [2024-10-15T14:57:22.584-0300] {dag.py:3452} INFO - Setting next_dagrun for example_branch_datetime_operator_2 to 2024-10-14T00:00:00+00:00, run_after=2024-10-15T00:00:00+00:00
[2024-10-15T14:57:22.586-0300] {logging_mixin.py:137} INFO - [2024-10-15T14:57:22.586-0300] {dag.py:3452} INFO - Setting next_dagrun for example_branch_datetime_operator_3 to 2024-10-14T00:00:00+00:00, run_after=2024-10-15T00:00:00+00:00
[2024-10-15T14:57:22.604-0300] {processor.py:175} INFO - Processing /home/beatriz/Documentos/airflow/airflow_venv/lib/python3.10/site-packages/airflow/example_dags/example_branch_datetime_operator.py took 0.154 seconds
[2024-10-15T14:58:08.703-0300] {processor.py:153} INFO - Started process (PID=36141) to work on /home/beatriz/Documentos/airflow/airflow_venv/lib/python3.10/site-packages/airflow/example_dags/example_branch_datetime_operator.py
[2024-10-15T14:58:08.704-0300] {processor.py:743} INFO - Processing file /home/beatriz/Documentos/airflow/airflow_venv/lib/python3.10/site-packages/airflow/example_dags/example_branch_datetime_operator.py for tasks to queue
[2024-10-15T14:58:08.704-0300] {logging_mixin.py:137} INFO - [2024-10-15T14:58:08.704-0300] {dagbag.py:532} INFO - Filling up the DagBag from /home/beatriz/Documentos/airflow/airflow_venv/lib/python3.10/site-packages/airflow/example_dags/example_branch_datetime_operator.py
[2024-10-15T14:58:08.722-0300] {processor.py:753} INFO - DAG(s) dict_keys(['example_branch_datetime_operator', 'example_branch_datetime_operator_3', 'example_branch_datetime_operator_2']) retrieved from /home/beatriz/Documentos/airflow/airflow_venv/lib/python3.10/site-packages/airflow/example_dags/example_branch_datetime_operator.py
[2024-10-15T14:58:08.740-0300] {logging_mixin.py:137} INFO - [2024-10-15T14:58:08.740-0300] {dag.py:2705} INFO - Sync 3 DAGs
[2024-10-15T14:58:08.757-0300] {logging_mixin.py:137} INFO - [2024-10-15T14:58:08.757-0300] {dag.py:3452} INFO - Setting next_dagrun for example_branch_datetime_operator to 2024-10-14T00:00:00+00:00, run_after=2024-10-15T00:00:00+00:00
[2024-10-15T14:58:08.761-0300] {logging_mixin.py:137} INFO - [2024-10-15T14:58:08.760-0300] {dag.py:3452} INFO - Setting next_dagrun for example_branch_datetime_operator_2 to 2024-10-14T00:00:00+00:00, run_after=2024-10-15T00:00:00+00:00
[2024-10-15T14:58:08.762-0300] {logging_mixin.py:137} INFO - [2024-10-15T14:58:08.762-0300] {dag.py:3452} INFO - Setting next_dagrun for example_branch_datetime_operator_3 to 2024-10-14T00:00:00+00:00, run_after=2024-10-15T00:00:00+00:00
[2024-10-15T14:58:08.777-0300] {processor.py:175} INFO - Processing /home/beatriz/Documentos/airflow/airflow_venv/lib/python3.10/site-packages/airflow/example_dags/example_branch_datetime_operator.py took 0.077 seconds
[2024-10-15T14:59:01.789-0300] {processor.py:153} INFO - Started process (PID=36350) to work on /home/beatriz/Documentos/airflow/airflow_venv/lib/python3.10/site-packages/airflow/example_dags/example_branch_datetime_operator.py
[2024-10-15T14:59:01.792-0300] {processor.py:743} INFO - Processing file /home/beatriz/Documentos/airflow/airflow_venv/lib/python3.10/site-packages/airflow/example_dags/example_branch_datetime_operator.py for tasks to queue
[2024-10-15T14:59:01.793-0300] {logging_mixin.py:137} INFO - [2024-10-15T14:59:01.792-0300] {dagbag.py:532} INFO - Filling up the DagBag from /home/beatriz/Documentos/airflow/airflow_venv/lib/python3.10/site-packages/airflow/example_dags/example_branch_datetime_operator.py
[2024-10-15T14:59:01.810-0300] {processor.py:753} INFO - DAG(s) dict_keys(['example_branch_datetime_operator_2', 'example_branch_datetime_operator_3', 'example_branch_datetime_operator']) retrieved from /home/beatriz/Documentos/airflow/airflow_venv/lib/python3.10/site-packages/airflow/example_dags/example_branch_datetime_operator.py
[2024-10-15T14:59:01.831-0300] {logging_mixin.py:137} INFO - [2024-10-15T14:59:01.831-0300] {dag.py:2705} INFO - Sync 3 DAGs
[2024-10-15T14:59:01.849-0300] {logging_mixin.py:137} INFO - [2024-10-15T14:59:01.849-0300] {dag.py:3452} INFO - Setting next_dagrun for example_branch_datetime_operator to 2024-10-14T00:00:00+00:00, run_after=2024-10-15T00:00:00+00:00
[2024-10-15T14:59:01.854-0300] {logging_mixin.py:137} INFO - [2024-10-15T14:59:01.854-0300] {dag.py:3452} INFO - Setting next_dagrun for example_branch_datetime_operator_2 to 2024-10-14T00:00:00+00:00, run_after=2024-10-15T00:00:00+00:00
[2024-10-15T14:59:01.856-0300] {logging_mixin.py:137} INFO - [2024-10-15T14:59:01.856-0300] {dag.py:3452} INFO - Setting next_dagrun for example_branch_datetime_operator_3 to 2024-10-14T00:00:00+00:00, run_after=2024-10-15T00:00:00+00:00
[2024-10-15T14:59:01.872-0300] {processor.py:175} INFO - Processing /home/beatriz/Documentos/airflow/airflow_venv/lib/python3.10/site-packages/airflow/example_dags/example_branch_datetime_operator.py took 0.088 seconds
[2024-10-15T14:59:44.657-0300] {processor.py:153} INFO - Started process (PID=36520) to work on /home/beatriz/Documentos/airflow/airflow_venv/lib/python3.10/site-packages/airflow/example_dags/example_branch_datetime_operator.py
[2024-10-15T14:59:44.658-0300] {processor.py:743} INFO - Processing file /home/beatriz/Documentos/airflow/airflow_venv/lib/python3.10/site-packages/airflow/example_dags/example_branch_datetime_operator.py for tasks to queue
[2024-10-15T14:59:44.659-0300] {logging_mixin.py:137} INFO - [2024-10-15T14:59:44.659-0300] {dagbag.py:532} INFO - Filling up the DagBag from /home/beatriz/Documentos/airflow/airflow_venv/lib/python3.10/site-packages/airflow/example_dags/example_branch_datetime_operator.py
[2024-10-15T14:59:44.681-0300] {processor.py:753} INFO - DAG(s) dict_keys(['example_branch_datetime_operator', 'example_branch_datetime_operator_3', 'example_branch_datetime_operator_2']) retrieved from /home/beatriz/Documentos/airflow/airflow_venv/lib/python3.10/site-packages/airflow/example_dags/example_branch_datetime_operator.py
[2024-10-15T14:59:44.710-0300] {logging_mixin.py:137} INFO - [2024-10-15T14:59:44.710-0300] {dag.py:2705} INFO - Sync 3 DAGs
[2024-10-15T14:59:44.729-0300] {logging_mixin.py:137} INFO - [2024-10-15T14:59:44.729-0300] {dag.py:3452} INFO - Setting next_dagrun for example_branch_datetime_operator to 2024-10-14T00:00:00+00:00, run_after=2024-10-15T00:00:00+00:00
[2024-10-15T14:59:44.733-0300] {logging_mixin.py:137} INFO - [2024-10-15T14:59:44.733-0300] {dag.py:3452} INFO - Setting next_dagrun for example_branch_datetime_operator_2 to 2024-10-14T00:00:00+00:00, run_after=2024-10-15T00:00:00+00:00
[2024-10-15T14:59:44.736-0300] {logging_mixin.py:137} INFO - [2024-10-15T14:59:44.736-0300] {dag.py:3452} INFO - Setting next_dagrun for example_branch_datetime_operator_3 to 2024-10-14T00:00:00+00:00, run_after=2024-10-15T00:00:00+00:00
[2024-10-15T14:59:44.756-0300] {processor.py:175} INFO - Processing /home/beatriz/Documentos/airflow/airflow_venv/lib/python3.10/site-packages/airflow/example_dags/example_branch_datetime_operator.py took 0.103 seconds
[2024-10-15T15:00:41.784-0300] {processor.py:153} INFO - Started process (PID=36666) to work on /home/beatriz/Documentos/airflow/airflow_venv/lib/python3.10/site-packages/airflow/example_dags/example_branch_datetime_operator.py
[2024-10-15T15:00:41.786-0300] {processor.py:743} INFO - Processing file /home/beatriz/Documentos/airflow/airflow_venv/lib/python3.10/site-packages/airflow/example_dags/example_branch_datetime_operator.py for tasks to queue
[2024-10-15T15:00:41.786-0300] {logging_mixin.py:137} INFO - [2024-10-15T15:00:41.786-0300] {dagbag.py:532} INFO - Filling up the DagBag from /home/beatriz/Documentos/airflow/airflow_venv/lib/python3.10/site-packages/airflow/example_dags/example_branch_datetime_operator.py
[2024-10-15T15:00:41.801-0300] {processor.py:753} INFO - DAG(s) dict_keys(['example_branch_datetime_operator_2', 'example_branch_datetime_operator', 'example_branch_datetime_operator_3']) retrieved from /home/beatriz/Documentos/airflow/airflow_venv/lib/python3.10/site-packages/airflow/example_dags/example_branch_datetime_operator.py
[2024-10-15T15:00:41.819-0300] {logging_mixin.py:137} INFO - [2024-10-15T15:00:41.819-0300] {dag.py:2705} INFO - Sync 3 DAGs
[2024-10-15T15:00:41.835-0300] {logging_mixin.py:137} INFO - [2024-10-15T15:00:41.835-0300] {dag.py:3452} INFO - Setting next_dagrun for example_branch_datetime_operator to 2024-10-14T00:00:00+00:00, run_after=2024-10-15T00:00:00+00:00
[2024-10-15T15:00:41.838-0300] {logging_mixin.py:137} INFO - [2024-10-15T15:00:41.838-0300] {dag.py:3452} INFO - Setting next_dagrun for example_branch_datetime_operator_2 to 2024-10-14T00:00:00+00:00, run_after=2024-10-15T00:00:00+00:00
[2024-10-15T15:00:41.840-0300] {logging_mixin.py:137} INFO - [2024-10-15T15:00:41.840-0300] {dag.py:3452} INFO - Setting next_dagrun for example_branch_datetime_operator_3 to 2024-10-14T00:00:00+00:00, run_after=2024-10-15T00:00:00+00:00
[2024-10-15T15:00:41.856-0300] {processor.py:175} INFO - Processing /home/beatriz/Documentos/airflow/airflow_venv/lib/python3.10/site-packages/airflow/example_dags/example_branch_datetime_operator.py took 0.074 seconds
[2024-10-15T15:01:33.795-0300] {processor.py:153} INFO - Started process (PID=36887) to work on /home/beatriz/Documentos/airflow/airflow_venv/lib/python3.10/site-packages/airflow/example_dags/example_branch_datetime_operator.py
[2024-10-15T15:01:33.796-0300] {processor.py:743} INFO - Processing file /home/beatriz/Documentos/airflow/airflow_venv/lib/python3.10/site-packages/airflow/example_dags/example_branch_datetime_operator.py for tasks to queue
[2024-10-15T15:01:33.797-0300] {logging_mixin.py:137} INFO - [2024-10-15T15:01:33.797-0300] {dagbag.py:532} INFO - Filling up the DagBag from /home/beatriz/Documentos/airflow/airflow_venv/lib/python3.10/site-packages/airflow/example_dags/example_branch_datetime_operator.py
[2024-10-15T15:01:33.813-0300] {processor.py:753} INFO - DAG(s) dict_keys(['example_branch_datetime_operator_2', 'example_branch_datetime_operator_3', 'example_branch_datetime_operator']) retrieved from /home/beatriz/Documentos/airflow/airflow_venv/lib/python3.10/site-packages/airflow/example_dags/example_branch_datetime_operator.py
[2024-10-15T15:01:33.833-0300] {logging_mixin.py:137} INFO - [2024-10-15T15:01:33.832-0300] {dag.py:2705} INFO - Sync 3 DAGs
[2024-10-15T15:01:33.848-0300] {logging_mixin.py:137} INFO - [2024-10-15T15:01:33.848-0300] {dag.py:3452} INFO - Setting next_dagrun for example_branch_datetime_operator to 2024-10-14T00:00:00+00:00, run_after=2024-10-15T00:00:00+00:00
[2024-10-15T15:01:33.852-0300] {logging_mixin.py:137} INFO - [2024-10-15T15:01:33.852-0300] {dag.py:3452} INFO - Setting next_dagrun for example_branch_datetime_operator_2 to 2024-10-14T00:00:00+00:00, run_after=2024-10-15T00:00:00+00:00
[2024-10-15T15:01:33.853-0300] {logging_mixin.py:137} INFO - [2024-10-15T15:01:33.853-0300] {dag.py:3452} INFO - Setting next_dagrun for example_branch_datetime_operator_3 to 2024-10-14T00:00:00+00:00, run_after=2024-10-15T00:00:00+00:00
[2024-10-15T15:01:33.870-0300] {processor.py:175} INFO - Processing /home/beatriz/Documentos/airflow/airflow_venv/lib/python3.10/site-packages/airflow/example_dags/example_branch_datetime_operator.py took 0.077 seconds
[2024-10-15T15:02:24.476-0300] {processor.py:153} INFO - Started process (PID=37045) to work on /home/beatriz/Documentos/airflow/airflow_venv/lib/python3.10/site-packages/airflow/example_dags/example_branch_datetime_operator.py
[2024-10-15T15:02:24.478-0300] {processor.py:743} INFO - Processing file /home/beatriz/Documentos/airflow/airflow_venv/lib/python3.10/site-packages/airflow/example_dags/example_branch_datetime_operator.py for tasks to queue
[2024-10-15T15:02:24.479-0300] {logging_mixin.py:137} INFO - [2024-10-15T15:02:24.479-0300] {dagbag.py:532} INFO - Filling up the DagBag from /home/beatriz/Documentos/airflow/airflow_venv/lib/python3.10/site-packages/airflow/example_dags/example_branch_datetime_operator.py
[2024-10-15T15:02:24.495-0300] {processor.py:753} INFO - DAG(s) dict_keys(['example_branch_datetime_operator_2', 'example_branch_datetime_operator', 'example_branch_datetime_operator_3']) retrieved from /home/beatriz/Documentos/airflow/airflow_venv/lib/python3.10/site-packages/airflow/example_dags/example_branch_datetime_operator.py
[2024-10-15T15:02:24.515-0300] {logging_mixin.py:137} INFO - [2024-10-15T15:02:24.515-0300] {dag.py:2705} INFO - Sync 3 DAGs
[2024-10-15T15:02:24.535-0300] {logging_mixin.py:137} INFO - [2024-10-15T15:02:24.535-0300] {dag.py:3452} INFO - Setting next_dagrun for example_branch_datetime_operator to 2024-10-14T00:00:00+00:00, run_after=2024-10-15T00:00:00+00:00
[2024-10-15T15:02:24.538-0300] {logging_mixin.py:137} INFO - [2024-10-15T15:02:24.538-0300] {dag.py:3452} INFO - Setting next_dagrun for example_branch_datetime_operator_2 to 2024-10-14T00:00:00+00:00, run_after=2024-10-15T00:00:00+00:00
[2024-10-15T15:02:24.540-0300] {logging_mixin.py:137} INFO - [2024-10-15T15:02:24.540-0300] {dag.py:3452} INFO - Setting next_dagrun for example_branch_datetime_operator_3 to 2024-10-14T00:00:00+00:00, run_after=2024-10-15T00:00:00+00:00
[2024-10-15T15:02:24.558-0300] {processor.py:175} INFO - Processing /home/beatriz/Documentos/airflow/airflow_venv/lib/python3.10/site-packages/airflow/example_dags/example_branch_datetime_operator.py took 0.085 seconds
[2024-10-15T15:03:14.797-0300] {processor.py:153} INFO - Started process (PID=37239) to work on /home/beatriz/Documentos/airflow/airflow_venv/lib/python3.10/site-packages/airflow/example_dags/example_branch_datetime_operator.py
[2024-10-15T15:03:14.799-0300] {processor.py:743} INFO - Processing file /home/beatriz/Documentos/airflow/airflow_venv/lib/python3.10/site-packages/airflow/example_dags/example_branch_datetime_operator.py for tasks to queue
[2024-10-15T15:03:14.799-0300] {logging_mixin.py:137} INFO - [2024-10-15T15:03:14.799-0300] {dagbag.py:532} INFO - Filling up the DagBag from /home/beatriz/Documentos/airflow/airflow_venv/lib/python3.10/site-packages/airflow/example_dags/example_branch_datetime_operator.py
[2024-10-15T15:03:14.821-0300] {processor.py:753} INFO - DAG(s) dict_keys(['example_branch_datetime_operator_2', 'example_branch_datetime_operator_3', 'example_branch_datetime_operator']) retrieved from /home/beatriz/Documentos/airflow/airflow_venv/lib/python3.10/site-packages/airflow/example_dags/example_branch_datetime_operator.py
[2024-10-15T15:03:14.843-0300] {logging_mixin.py:137} INFO - [2024-10-15T15:03:14.843-0300] {dag.py:2705} INFO - Sync 3 DAGs
[2024-10-15T15:03:14.861-0300] {logging_mixin.py:137} INFO - [2024-10-15T15:03:14.861-0300] {dag.py:3452} INFO - Setting next_dagrun for example_branch_datetime_operator to 2024-10-14T00:00:00+00:00, run_after=2024-10-15T00:00:00+00:00
[2024-10-15T15:03:14.864-0300] {logging_mixin.py:137} INFO - [2024-10-15T15:03:14.864-0300] {dag.py:3452} INFO - Setting next_dagrun for example_branch_datetime_operator_2 to 2024-10-14T00:00:00+00:00, run_after=2024-10-15T00:00:00+00:00
[2024-10-15T15:03:14.866-0300] {logging_mixin.py:137} INFO - [2024-10-15T15:03:14.866-0300] {dag.py:3452} INFO - Setting next_dagrun for example_branch_datetime_operator_3 to 2024-10-14T00:00:00+00:00, run_after=2024-10-15T00:00:00+00:00
[2024-10-15T15:03:14.883-0300] {processor.py:175} INFO - Processing /home/beatriz/Documentos/airflow/airflow_venv/lib/python3.10/site-packages/airflow/example_dags/example_branch_datetime_operator.py took 0.089 seconds
[2024-10-15T15:04:10.883-0300] {processor.py:153} INFO - Started process (PID=37401) to work on /home/beatriz/Documentos/airflow/airflow_venv/lib/python3.10/site-packages/airflow/example_dags/example_branch_datetime_operator.py
[2024-10-15T15:04:10.885-0300] {processor.py:743} INFO - Processing file /home/beatriz/Documentos/airflow/airflow_venv/lib/python3.10/site-packages/airflow/example_dags/example_branch_datetime_operator.py for tasks to queue
[2024-10-15T15:04:10.887-0300] {logging_mixin.py:137} INFO - [2024-10-15T15:04:10.887-0300] {dagbag.py:532} INFO - Filling up the DagBag from /home/beatriz/Documentos/airflow/airflow_venv/lib/python3.10/site-packages/airflow/example_dags/example_branch_datetime_operator.py
[2024-10-15T15:04:10.914-0300] {processor.py:753} INFO - DAG(s) dict_keys(['example_branch_datetime_operator', 'example_branch_datetime_operator_3', 'example_branch_datetime_operator_2']) retrieved from /home/beatriz/Documentos/airflow/airflow_venv/lib/python3.10/site-packages/airflow/example_dags/example_branch_datetime_operator.py
[2024-10-15T15:04:10.934-0300] {logging_mixin.py:137} INFO - [2024-10-15T15:04:10.934-0300] {dag.py:2705} INFO - Sync 3 DAGs
[2024-10-15T15:04:10.950-0300] {logging_mixin.py:137} INFO - [2024-10-15T15:04:10.950-0300] {dag.py:3452} INFO - Setting next_dagrun for example_branch_datetime_operator to 2024-10-14T00:00:00+00:00, run_after=2024-10-15T00:00:00+00:00
[2024-10-15T15:04:10.953-0300] {logging_mixin.py:137} INFO - [2024-10-15T15:04:10.953-0300] {dag.py:3452} INFO - Setting next_dagrun for example_branch_datetime_operator_2 to 2024-10-14T00:00:00+00:00, run_after=2024-10-15T00:00:00+00:00
[2024-10-15T15:04:10.955-0300] {logging_mixin.py:137} INFO - [2024-10-15T15:04:10.955-0300] {dag.py:3452} INFO - Setting next_dagrun for example_branch_datetime_operator_3 to 2024-10-14T00:00:00+00:00, run_after=2024-10-15T00:00:00+00:00
[2024-10-15T15:04:10.970-0300] {processor.py:175} INFO - Processing /home/beatriz/Documentos/airflow/airflow_venv/lib/python3.10/site-packages/airflow/example_dags/example_branch_datetime_operator.py took 0.092 seconds
[2024-10-15T15:05:06.691-0300] {processor.py:153} INFO - Started process (PID=38143) to work on /home/beatriz/Documentos/airflow/airflow_venv/lib/python3.10/site-packages/airflow/example_dags/example_branch_datetime_operator.py
[2024-10-15T15:05:06.694-0300] {processor.py:743} INFO - Processing file /home/beatriz/Documentos/airflow/airflow_venv/lib/python3.10/site-packages/airflow/example_dags/example_branch_datetime_operator.py for tasks to queue
[2024-10-15T15:05:06.695-0300] {logging_mixin.py:137} INFO - [2024-10-15T15:05:06.695-0300] {dagbag.py:532} INFO - Filling up the DagBag from /home/beatriz/Documentos/airflow/airflow_venv/lib/python3.10/site-packages/airflow/example_dags/example_branch_datetime_operator.py
[2024-10-15T15:05:06.722-0300] {processor.py:753} INFO - DAG(s) dict_keys(['example_branch_datetime_operator_3', 'example_branch_datetime_operator_2', 'example_branch_datetime_operator']) retrieved from /home/beatriz/Documentos/airflow/airflow_venv/lib/python3.10/site-packages/airflow/example_dags/example_branch_datetime_operator.py
[2024-10-15T15:05:06.744-0300] {logging_mixin.py:137} INFO - [2024-10-15T15:05:06.743-0300] {dag.py:2705} INFO - Sync 3 DAGs
[2024-10-15T15:05:06.761-0300] {logging_mixin.py:137} INFO - [2024-10-15T15:05:06.761-0300] {dag.py:3452} INFO - Setting next_dagrun for example_branch_datetime_operator to 2024-10-14T00:00:00+00:00, run_after=2024-10-15T00:00:00+00:00
[2024-10-15T15:05:06.765-0300] {logging_mixin.py:137} INFO - [2024-10-15T15:05:06.765-0300] {dag.py:3452} INFO - Setting next_dagrun for example_branch_datetime_operator_2 to 2024-10-14T00:00:00+00:00, run_after=2024-10-15T00:00:00+00:00
[2024-10-15T15:05:06.767-0300] {logging_mixin.py:137} INFO - [2024-10-15T15:05:06.767-0300] {dag.py:3452} INFO - Setting next_dagrun for example_branch_datetime_operator_3 to 2024-10-14T00:00:00+00:00, run_after=2024-10-15T00:00:00+00:00
[2024-10-15T15:05:06.784-0300] {processor.py:175} INFO - Processing /home/beatriz/Documentos/airflow/airflow_venv/lib/python3.10/site-packages/airflow/example_dags/example_branch_datetime_operator.py took 0.100 seconds
[2024-10-15T15:06:04.061-0300] {processor.py:153} INFO - Started process (PID=38459) to work on /home/beatriz/Documentos/airflow/airflow_venv/lib/python3.10/site-packages/airflow/example_dags/example_branch_datetime_operator.py
[2024-10-15T15:06:04.064-0300] {processor.py:743} INFO - Processing file /home/beatriz/Documentos/airflow/airflow_venv/lib/python3.10/site-packages/airflow/example_dags/example_branch_datetime_operator.py for tasks to queue
[2024-10-15T15:06:04.065-0300] {logging_mixin.py:137} INFO - [2024-10-15T15:06:04.064-0300] {dagbag.py:532} INFO - Filling up the DagBag from /home/beatriz/Documentos/airflow/airflow_venv/lib/python3.10/site-packages/airflow/example_dags/example_branch_datetime_operator.py
[2024-10-15T15:06:04.088-0300] {processor.py:753} INFO - DAG(s) dict_keys(['example_branch_datetime_operator', 'example_branch_datetime_operator_2', 'example_branch_datetime_operator_3']) retrieved from /home/beatriz/Documentos/airflow/airflow_venv/lib/python3.10/site-packages/airflow/example_dags/example_branch_datetime_operator.py
[2024-10-15T15:06:04.111-0300] {logging_mixin.py:137} INFO - [2024-10-15T15:06:04.111-0300] {dag.py:2705} INFO - Sync 3 DAGs
[2024-10-15T15:06:04.134-0300] {logging_mixin.py:137} INFO - [2024-10-15T15:06:04.133-0300] {dag.py:3452} INFO - Setting next_dagrun for example_branch_datetime_operator to 2024-10-14T00:00:00+00:00, run_after=2024-10-15T00:00:00+00:00
[2024-10-15T15:06:04.138-0300] {logging_mixin.py:137} INFO - [2024-10-15T15:06:04.138-0300] {dag.py:3452} INFO - Setting next_dagrun for example_branch_datetime_operator_2 to 2024-10-14T00:00:00+00:00, run_after=2024-10-15T00:00:00+00:00
[2024-10-15T15:06:04.140-0300] {logging_mixin.py:137} INFO - [2024-10-15T15:06:04.140-0300] {dag.py:3452} INFO - Setting next_dagrun for example_branch_datetime_operator_3 to 2024-10-14T00:00:00+00:00, run_after=2024-10-15T00:00:00+00:00
[2024-10-15T15:06:04.160-0300] {processor.py:175} INFO - Processing /home/beatriz/Documentos/airflow/airflow_venv/lib/python3.10/site-packages/airflow/example_dags/example_branch_datetime_operator.py took 0.105 seconds
[2024-10-15T15:06:49.121-0300] {processor.py:153} INFO - Started process (PID=38934) to work on /home/beatriz/Documentos/airflow/airflow_venv/lib/python3.10/site-packages/airflow/example_dags/example_branch_datetime_operator.py
[2024-10-15T15:06:49.124-0300] {processor.py:743} INFO - Processing file /home/beatriz/Documentos/airflow/airflow_venv/lib/python3.10/site-packages/airflow/example_dags/example_branch_datetime_operator.py for tasks to queue
[2024-10-15T15:06:49.127-0300] {logging_mixin.py:137} INFO - [2024-10-15T15:06:49.127-0300] {dagbag.py:532} INFO - Filling up the DagBag from /home/beatriz/Documentos/airflow/airflow_venv/lib/python3.10/site-packages/airflow/example_dags/example_branch_datetime_operator.py
[2024-10-15T15:06:49.152-0300] {processor.py:753} INFO - DAG(s) dict_keys(['example_branch_datetime_operator_3', 'example_branch_datetime_operator_2', 'example_branch_datetime_operator']) retrieved from /home/beatriz/Documentos/airflow/airflow_venv/lib/python3.10/site-packages/airflow/example_dags/example_branch_datetime_operator.py
[2024-10-15T15:06:49.176-0300] {logging_mixin.py:137} INFO - [2024-10-15T15:06:49.176-0300] {dag.py:2705} INFO - Sync 3 DAGs
[2024-10-15T15:06:49.196-0300] {logging_mixin.py:137} INFO - [2024-10-15T15:06:49.196-0300] {dag.py:3452} INFO - Setting next_dagrun for example_branch_datetime_operator to 2024-10-14T00:00:00+00:00, run_after=2024-10-15T00:00:00+00:00
[2024-10-15T15:06:49.200-0300] {logging_mixin.py:137} INFO - [2024-10-15T15:06:49.200-0300] {dag.py:3452} INFO - Setting next_dagrun for example_branch_datetime_operator_2 to 2024-10-14T00:00:00+00:00, run_after=2024-10-15T00:00:00+00:00
[2024-10-15T15:06:49.202-0300] {logging_mixin.py:137} INFO - [2024-10-15T15:06:49.202-0300] {dag.py:3452} INFO - Setting next_dagrun for example_branch_datetime_operator_3 to 2024-10-14T00:00:00+00:00, run_after=2024-10-15T00:00:00+00:00
[2024-10-15T15:06:49.223-0300] {processor.py:175} INFO - Processing /home/beatriz/Documentos/airflow/airflow_venv/lib/python3.10/site-packages/airflow/example_dags/example_branch_datetime_operator.py took 0.107 seconds
[2024-10-15T15:07:35.497-0300] {processor.py:153} INFO - Started process (PID=39310) to work on /home/beatriz/Documentos/airflow/airflow_venv/lib/python3.10/site-packages/airflow/example_dags/example_branch_datetime_operator.py
[2024-10-15T15:07:35.499-0300] {processor.py:743} INFO - Processing file /home/beatriz/Documentos/airflow/airflow_venv/lib/python3.10/site-packages/airflow/example_dags/example_branch_datetime_operator.py for tasks to queue
[2024-10-15T15:07:35.502-0300] {logging_mixin.py:137} INFO - [2024-10-15T15:07:35.502-0300] {dagbag.py:532} INFO - Filling up the DagBag from /home/beatriz/Documentos/airflow/airflow_venv/lib/python3.10/site-packages/airflow/example_dags/example_branch_datetime_operator.py
[2024-10-15T15:07:35.528-0300] {processor.py:753} INFO - DAG(s) dict_keys(['example_branch_datetime_operator_3', 'example_branch_datetime_operator', 'example_branch_datetime_operator_2']) retrieved from /home/beatriz/Documentos/airflow/airflow_venv/lib/python3.10/site-packages/airflow/example_dags/example_branch_datetime_operator.py
[2024-10-15T15:07:35.558-0300] {logging_mixin.py:137} INFO - [2024-10-15T15:07:35.557-0300] {dag.py:2705} INFO - Sync 3 DAGs
[2024-10-15T15:07:35.583-0300] {logging_mixin.py:137} INFO - [2024-10-15T15:07:35.582-0300] {dag.py:3452} INFO - Setting next_dagrun for example_branch_datetime_operator to 2024-10-14T00:00:00+00:00, run_after=2024-10-15T00:00:00+00:00
[2024-10-15T15:07:35.587-0300] {logging_mixin.py:137} INFO - [2024-10-15T15:07:35.587-0300] {dag.py:3452} INFO - Setting next_dagrun for example_branch_datetime_operator_2 to 2024-10-14T00:00:00+00:00, run_after=2024-10-15T00:00:00+00:00
[2024-10-15T15:07:35.590-0300] {logging_mixin.py:137} INFO - [2024-10-15T15:07:35.589-0300] {dag.py:3452} INFO - Setting next_dagrun for example_branch_datetime_operator_3 to 2024-10-14T00:00:00+00:00, run_after=2024-10-15T00:00:00+00:00
[2024-10-15T15:07:35.612-0300] {processor.py:175} INFO - Processing /home/beatriz/Documentos/airflow/airflow_venv/lib/python3.10/site-packages/airflow/example_dags/example_branch_datetime_operator.py took 0.119 seconds
[2024-10-15T15:08:31.195-0300] {processor.py:153} INFO - Started process (PID=39430) to work on /home/beatriz/Documentos/airflow/airflow_venv/lib/python3.10/site-packages/airflow/example_dags/example_branch_datetime_operator.py
[2024-10-15T15:08:31.196-0300] {processor.py:743} INFO - Processing file /home/beatriz/Documentos/airflow/airflow_venv/lib/python3.10/site-packages/airflow/example_dags/example_branch_datetime_operator.py for tasks to queue
[2024-10-15T15:08:31.197-0300] {logging_mixin.py:137} INFO - [2024-10-15T15:08:31.197-0300] {dagbag.py:532} INFO - Filling up the DagBag from /home/beatriz/Documentos/airflow/airflow_venv/lib/python3.10/site-packages/airflow/example_dags/example_branch_datetime_operator.py
[2024-10-15T15:08:31.220-0300] {processor.py:753} INFO - DAG(s) dict_keys(['example_branch_datetime_operator_3', 'example_branch_datetime_operator_2', 'example_branch_datetime_operator']) retrieved from /home/beatriz/Documentos/airflow/airflow_venv/lib/python3.10/site-packages/airflow/example_dags/example_branch_datetime_operator.py
[2024-10-15T15:08:31.242-0300] {logging_mixin.py:137} INFO - [2024-10-15T15:08:31.242-0300] {dag.py:2705} INFO - Sync 3 DAGs
[2024-10-15T15:08:31.259-0300] {logging_mixin.py:137} INFO - [2024-10-15T15:08:31.259-0300] {dag.py:3452} INFO - Setting next_dagrun for example_branch_datetime_operator to 2024-10-14T00:00:00+00:00, run_after=2024-10-15T00:00:00+00:00
[2024-10-15T15:08:31.262-0300] {logging_mixin.py:137} INFO - [2024-10-15T15:08:31.262-0300] {dag.py:3452} INFO - Setting next_dagrun for example_branch_datetime_operator_2 to 2024-10-14T00:00:00+00:00, run_after=2024-10-15T00:00:00+00:00
[2024-10-15T15:08:31.265-0300] {logging_mixin.py:137} INFO - [2024-10-15T15:08:31.264-0300] {dag.py:3452} INFO - Setting next_dagrun for example_branch_datetime_operator_3 to 2024-10-14T00:00:00+00:00, run_after=2024-10-15T00:00:00+00:00
[2024-10-15T15:08:31.280-0300] {processor.py:175} INFO - Processing /home/beatriz/Documentos/airflow/airflow_venv/lib/python3.10/site-packages/airflow/example_dags/example_branch_datetime_operator.py took 0.089 seconds
[2024-10-15T15:09:28.503-0300] {processor.py:153} INFO - Started process (PID=39579) to work on /home/beatriz/Documentos/airflow/airflow_venv/lib/python3.10/site-packages/airflow/example_dags/example_branch_datetime_operator.py
[2024-10-15T15:09:28.505-0300] {processor.py:743} INFO - Processing file /home/beatriz/Documentos/airflow/airflow_venv/lib/python3.10/site-packages/airflow/example_dags/example_branch_datetime_operator.py for tasks to queue
[2024-10-15T15:09:28.506-0300] {logging_mixin.py:137} INFO - [2024-10-15T15:09:28.506-0300] {dagbag.py:532} INFO - Filling up the DagBag from /home/beatriz/Documentos/airflow/airflow_venv/lib/python3.10/site-packages/airflow/example_dags/example_branch_datetime_operator.py
[2024-10-15T15:09:28.523-0300] {processor.py:753} INFO - DAG(s) dict_keys(['example_branch_datetime_operator_2', 'example_branch_datetime_operator_3', 'example_branch_datetime_operator']) retrieved from /home/beatriz/Documentos/airflow/airflow_venv/lib/python3.10/site-packages/airflow/example_dags/example_branch_datetime_operator.py
[2024-10-15T15:09:28.547-0300] {logging_mixin.py:137} INFO - [2024-10-15T15:09:28.547-0300] {dag.py:2705} INFO - Sync 3 DAGs
[2024-10-15T15:09:28.566-0300] {logging_mixin.py:137} INFO - [2024-10-15T15:09:28.566-0300] {dag.py:3452} INFO - Setting next_dagrun for example_branch_datetime_operator to 2024-10-14T00:00:00+00:00, run_after=2024-10-15T00:00:00+00:00
[2024-10-15T15:09:28.570-0300] {logging_mixin.py:137} INFO - [2024-10-15T15:09:28.570-0300] {dag.py:3452} INFO - Setting next_dagrun for example_branch_datetime_operator_2 to 2024-10-14T00:00:00+00:00, run_after=2024-10-15T00:00:00+00:00
[2024-10-15T15:09:28.573-0300] {logging_mixin.py:137} INFO - [2024-10-15T15:09:28.573-0300] {dag.py:3452} INFO - Setting next_dagrun for example_branch_datetime_operator_3 to 2024-10-14T00:00:00+00:00, run_after=2024-10-15T00:00:00+00:00
[2024-10-15T15:09:28.595-0300] {processor.py:175} INFO - Processing /home/beatriz/Documentos/airflow/airflow_venv/lib/python3.10/site-packages/airflow/example_dags/example_branch_datetime_operator.py took 0.095 seconds
[2024-10-15T15:10:27.210-0300] {processor.py:153} INFO - Started process (PID=39724) to work on /home/beatriz/Documentos/airflow/airflow_venv/lib/python3.10/site-packages/airflow/example_dags/example_branch_datetime_operator.py
[2024-10-15T15:10:27.213-0300] {processor.py:743} INFO - Processing file /home/beatriz/Documentos/airflow/airflow_venv/lib/python3.10/site-packages/airflow/example_dags/example_branch_datetime_operator.py for tasks to queue
[2024-10-15T15:10:27.214-0300] {logging_mixin.py:137} INFO - [2024-10-15T15:10:27.214-0300] {dagbag.py:532} INFO - Filling up the DagBag from /home/beatriz/Documentos/airflow/airflow_venv/lib/python3.10/site-packages/airflow/example_dags/example_branch_datetime_operator.py
[2024-10-15T15:10:27.245-0300] {processor.py:753} INFO - DAG(s) dict_keys(['example_branch_datetime_operator_3', 'example_branch_datetime_operator_2', 'example_branch_datetime_operator']) retrieved from /home/beatriz/Documentos/airflow/airflow_venv/lib/python3.10/site-packages/airflow/example_dags/example_branch_datetime_operator.py
[2024-10-15T15:10:27.276-0300] {logging_mixin.py:137} INFO - [2024-10-15T15:10:27.276-0300] {dag.py:2705} INFO - Sync 3 DAGs
[2024-10-15T15:10:27.297-0300] {logging_mixin.py:137} INFO - [2024-10-15T15:10:27.297-0300] {dag.py:3452} INFO - Setting next_dagrun for example_branch_datetime_operator to 2024-10-14T00:00:00+00:00, run_after=2024-10-15T00:00:00+00:00
[2024-10-15T15:10:27.301-0300] {logging_mixin.py:137} INFO - [2024-10-15T15:10:27.301-0300] {dag.py:3452} INFO - Setting next_dagrun for example_branch_datetime_operator_2 to 2024-10-14T00:00:00+00:00, run_after=2024-10-15T00:00:00+00:00
[2024-10-15T15:10:27.303-0300] {logging_mixin.py:137} INFO - [2024-10-15T15:10:27.303-0300] {dag.py:3452} INFO - Setting next_dagrun for example_branch_datetime_operator_3 to 2024-10-14T00:00:00+00:00, run_after=2024-10-15T00:00:00+00:00
[2024-10-15T15:10:27.322-0300] {processor.py:175} INFO - Processing /home/beatriz/Documentos/airflow/airflow_venv/lib/python3.10/site-packages/airflow/example_dags/example_branch_datetime_operator.py took 0.118 seconds
[2024-10-15T15:35:56.308-0300] {processor.py:161} INFO - Started process (PID=42090) to work on /home/beatriz/Documentos/airflow/airflow_venv/lib/python3.10/site-packages/airflow/example_dags/example_branch_datetime_operator.py
[2024-10-15T15:35:56.310-0300] {processor.py:830} INFO - Processing file /home/beatriz/Documentos/airflow/airflow_venv/lib/python3.10/site-packages/airflow/example_dags/example_branch_datetime_operator.py for tasks to queue
[2024-10-15T15:35:56.313-0300] {logging_mixin.py:188} INFO - [2024-10-15T15:35:56.312-0300] {dagbag.py:540} INFO - Filling up the DagBag from /home/beatriz/Documentos/airflow/airflow_venv/lib/python3.10/site-packages/airflow/example_dags/example_branch_datetime_operator.py
[2024-10-15T15:35:56.322-0300] {processor.py:840} INFO - DAG(s) 'example_branch_datetime_operator', 'example_branch_datetime_operator_3', 'example_branch_datetime_operator_2' retrieved from /home/beatriz/Documentos/airflow/airflow_venv/lib/python3.10/site-packages/airflow/example_dags/example_branch_datetime_operator.py
[2024-10-15T15:35:56.416-0300] {logging_mixin.py:188} INFO - [2024-10-15T15:35:56.415-0300] {dag.py:3096} INFO - Sync 3 DAGs
[2024-10-15T15:35:56.433-0300] {logging_mixin.py:188} INFO - [2024-10-15T15:35:56.432-0300] {dag.py:3954} INFO - Setting next_dagrun for example_branch_datetime_operator to 2024-10-14 00:00:00+00:00, run_after=2024-10-15 00:00:00+00:00
[2024-10-15T15:35:56.509-0300] {logging_mixin.py:188} INFO - [2024-10-15T15:35:56.509-0300] {dag.py:3954} INFO - Setting next_dagrun for example_branch_datetime_operator_2 to 2024-10-14 00:00:00+00:00, run_after=2024-10-15 00:00:00+00:00
[2024-10-15T15:35:56.512-0300] {logging_mixin.py:188} INFO - [2024-10-15T15:35:56.512-0300] {dag.py:3954} INFO - Setting next_dagrun for example_branch_datetime_operator_3 to 2024-10-14 00:00:00+00:00, run_after=2024-10-15 00:00:00+00:00
[2024-10-15T15:35:56.531-0300] {processor.py:183} INFO - Processing /home/beatriz/Documentos/airflow/airflow_venv/lib/python3.10/site-packages/airflow/example_dags/example_branch_datetime_operator.py took 0.227 seconds
[2024-10-15T15:36:52.606-0300] {processor.py:161} INFO - Started process (PID=42696) to work on /home/beatriz/Documentos/airflow/airflow_venv/lib/python3.10/site-packages/airflow/example_dags/example_branch_datetime_operator.py
[2024-10-15T15:36:52.608-0300] {processor.py:830} INFO - Processing file /home/beatriz/Documentos/airflow/airflow_venv/lib/python3.10/site-packages/airflow/example_dags/example_branch_datetime_operator.py for tasks to queue
[2024-10-15T15:36:52.609-0300] {logging_mixin.py:188} INFO - [2024-10-15T15:36:52.609-0300] {dagbag.py:540} INFO - Filling up the DagBag from /home/beatriz/Documentos/airflow/airflow_venv/lib/python3.10/site-packages/airflow/example_dags/example_branch_datetime_operator.py
[2024-10-15T15:36:52.618-0300] {processor.py:840} INFO - DAG(s) 'example_branch_datetime_operator_2', 'example_branch_datetime_operator', 'example_branch_datetime_operator_3' retrieved from /home/beatriz/Documentos/airflow/airflow_venv/lib/python3.10/site-packages/airflow/example_dags/example_branch_datetime_operator.py
[2024-10-15T15:36:52.635-0300] {logging_mixin.py:188} INFO - [2024-10-15T15:36:52.635-0300] {dag.py:3096} INFO - Sync 3 DAGs
[2024-10-15T15:36:52.650-0300] {logging_mixin.py:188} INFO - [2024-10-15T15:36:52.650-0300] {dag.py:3954} INFO - Setting next_dagrun for example_branch_datetime_operator to 2024-10-14 00:00:00+00:00, run_after=2024-10-15 00:00:00+00:00
[2024-10-15T15:36:52.653-0300] {logging_mixin.py:188} INFO - [2024-10-15T15:36:52.653-0300] {dag.py:3954} INFO - Setting next_dagrun for example_branch_datetime_operator_2 to 2024-10-14 00:00:00+00:00, run_after=2024-10-15 00:00:00+00:00
[2024-10-15T15:36:52.655-0300] {logging_mixin.py:188} INFO - [2024-10-15T15:36:52.655-0300] {dag.py:3954} INFO - Setting next_dagrun for example_branch_datetime_operator_3 to 2024-10-14 00:00:00+00:00, run_after=2024-10-15 00:00:00+00:00
[2024-10-15T15:36:52.671-0300] {processor.py:183} INFO - Processing /home/beatriz/Documentos/airflow/airflow_venv/lib/python3.10/site-packages/airflow/example_dags/example_branch_datetime_operator.py took 0.070 seconds
[2024-10-15T15:38:03.919-0300] {processor.py:161} INFO - Started process (PID=43237) to work on /home/beatriz/Documentos/airflow/airflow_venv/lib/python3.10/site-packages/airflow/example_dags/example_branch_datetime_operator.py
[2024-10-15T15:38:03.921-0300] {processor.py:830} INFO - Processing file /home/beatriz/Documentos/airflow/airflow_venv/lib/python3.10/site-packages/airflow/example_dags/example_branch_datetime_operator.py for tasks to queue
[2024-10-15T15:38:03.923-0300] {logging_mixin.py:188} INFO - [2024-10-15T15:38:03.922-0300] {dagbag.py:540} INFO - Filling up the DagBag from /home/beatriz/Documentos/airflow/airflow_venv/lib/python3.10/site-packages/airflow/example_dags/example_branch_datetime_operator.py
[2024-10-15T15:38:03.932-0300] {processor.py:840} INFO - DAG(s) 'example_branch_datetime_operator_3', 'example_branch_datetime_operator_2', 'example_branch_datetime_operator' retrieved from /home/beatriz/Documentos/airflow/airflow_venv/lib/python3.10/site-packages/airflow/example_dags/example_branch_datetime_operator.py
[2024-10-15T15:38:03.951-0300] {logging_mixin.py:188} INFO - [2024-10-15T15:38:03.951-0300] {dag.py:3096} INFO - Sync 3 DAGs
[2024-10-15T15:38:04.039-0300] {logging_mixin.py:188} INFO - [2024-10-15T15:38:04.038-0300] {dag.py:3954} INFO - Setting next_dagrun for example_branch_datetime_operator to 2024-10-14 00:00:00+00:00, run_after=2024-10-15 00:00:00+00:00
[2024-10-15T15:38:04.043-0300] {logging_mixin.py:188} INFO - [2024-10-15T15:38:04.043-0300] {dag.py:3954} INFO - Setting next_dagrun for example_branch_datetime_operator_2 to 2024-10-14 00:00:00+00:00, run_after=2024-10-15 00:00:00+00:00
[2024-10-15T15:38:04.045-0300] {logging_mixin.py:188} INFO - [2024-10-15T15:38:04.045-0300] {dag.py:3954} INFO - Setting next_dagrun for example_branch_datetime_operator_3 to 2024-10-14 00:00:00+00:00, run_after=2024-10-15 00:00:00+00:00
[2024-10-15T15:38:04.063-0300] {processor.py:183} INFO - Processing /home/beatriz/Documentos/airflow/airflow_venv/lib/python3.10/site-packages/airflow/example_dags/example_branch_datetime_operator.py took 0.148 seconds
[2024-10-15T15:39:14.049-0300] {processor.py:161} INFO - Started process (PID=43939) to work on /home/beatriz/Documentos/airflow/airflow_venv/lib/python3.10/site-packages/airflow/example_dags/example_branch_datetime_operator.py
[2024-10-15T15:39:14.053-0300] {processor.py:830} INFO - Processing file /home/beatriz/Documentos/airflow/airflow_venv/lib/python3.10/site-packages/airflow/example_dags/example_branch_datetime_operator.py for tasks to queue
[2024-10-15T15:39:14.056-0300] {logging_mixin.py:188} INFO - [2024-10-15T15:39:14.055-0300] {dagbag.py:540} INFO - Filling up the DagBag from /home/beatriz/Documentos/airflow/airflow_venv/lib/python3.10/site-packages/airflow/example_dags/example_branch_datetime_operator.py
[2024-10-15T15:39:14.073-0300] {processor.py:840} INFO - DAG(s) 'example_branch_datetime_operator', 'example_branch_datetime_operator_3', 'example_branch_datetime_operator_2' retrieved from /home/beatriz/Documentos/airflow/airflow_venv/lib/python3.10/site-packages/airflow/example_dags/example_branch_datetime_operator.py
[2024-10-15T15:39:14.091-0300] {logging_mixin.py:188} INFO - [2024-10-15T15:39:14.091-0300] {dag.py:3096} INFO - Sync 3 DAGs
[2024-10-15T15:39:14.108-0300] {logging_mixin.py:188} INFO - [2024-10-15T15:39:14.107-0300] {dag.py:3954} INFO - Setting next_dagrun for example_branch_datetime_operator to 2024-10-14 00:00:00+00:00, run_after=2024-10-15 00:00:00+00:00
[2024-10-15T15:39:14.111-0300] {logging_mixin.py:188} INFO - [2024-10-15T15:39:14.111-0300] {dag.py:3954} INFO - Setting next_dagrun for example_branch_datetime_operator_2 to 2024-10-14 00:00:00+00:00, run_after=2024-10-15 00:00:00+00:00
[2024-10-15T15:39:14.113-0300] {logging_mixin.py:188} INFO - [2024-10-15T15:39:14.113-0300] {dag.py:3954} INFO - Setting next_dagrun for example_branch_datetime_operator_3 to 2024-10-14 00:00:00+00:00, run_after=2024-10-15 00:00:00+00:00
[2024-10-15T15:39:14.131-0300] {processor.py:183} INFO - Processing /home/beatriz/Documentos/airflow/airflow_venv/lib/python3.10/site-packages/airflow/example_dags/example_branch_datetime_operator.py took 0.094 seconds
[2024-10-15T15:40:21.057-0300] {processor.py:161} INFO - Started process (PID=44270) to work on /home/beatriz/Documentos/airflow/airflow_venv/lib/python3.10/site-packages/airflow/example_dags/example_branch_datetime_operator.py
[2024-10-15T15:40:21.060-0300] {processor.py:830} INFO - Processing file /home/beatriz/Documentos/airflow/airflow_venv/lib/python3.10/site-packages/airflow/example_dags/example_branch_datetime_operator.py for tasks to queue
[2024-10-15T15:40:21.063-0300] {logging_mixin.py:188} INFO - [2024-10-15T15:40:21.062-0300] {dagbag.py:540} INFO - Filling up the DagBag from /home/beatriz/Documentos/airflow/airflow_venv/lib/python3.10/site-packages/airflow/example_dags/example_branch_datetime_operator.py
[2024-10-15T15:40:21.080-0300] {processor.py:840} INFO - DAG(s) 'example_branch_datetime_operator_3', 'example_branch_datetime_operator', 'example_branch_datetime_operator_2' retrieved from /home/beatriz/Documentos/airflow/airflow_venv/lib/python3.10/site-packages/airflow/example_dags/example_branch_datetime_operator.py
[2024-10-15T15:40:21.098-0300] {logging_mixin.py:188} INFO - [2024-10-15T15:40:21.098-0300] {dag.py:3096} INFO - Sync 3 DAGs
[2024-10-15T15:40:21.116-0300] {logging_mixin.py:188} INFO - [2024-10-15T15:40:21.115-0300] {dag.py:3954} INFO - Setting next_dagrun for example_branch_datetime_operator to 2024-10-14 00:00:00+00:00, run_after=2024-10-15 00:00:00+00:00
[2024-10-15T15:40:21.120-0300] {logging_mixin.py:188} INFO - [2024-10-15T15:40:21.120-0300] {dag.py:3954} INFO - Setting next_dagrun for example_branch_datetime_operator_2 to 2024-10-14 00:00:00+00:00, run_after=2024-10-15 00:00:00+00:00
[2024-10-15T15:40:21.123-0300] {logging_mixin.py:188} INFO - [2024-10-15T15:40:21.122-0300] {dag.py:3954} INFO - Setting next_dagrun for example_branch_datetime_operator_3 to 2024-10-14 00:00:00+00:00, run_after=2024-10-15 00:00:00+00:00
[2024-10-15T15:40:21.140-0300] {processor.py:183} INFO - Processing /home/beatriz/Documentos/airflow/airflow_venv/lib/python3.10/site-packages/airflow/example_dags/example_branch_datetime_operator.py took 0.096 seconds
