[2024-10-15T14:16:01.478-0300] {processor.py:153} INFO - Started process (PID=26755) to work on /home/beatriz/Documentos/airflow/airflow_venv/lib/python3.10/site-packages/airflow/example_dags/example_bash_operator.py
[2024-10-15T14:16:01.479-0300] {processor.py:743} INFO - Processing file /home/beatriz/Documentos/airflow/airflow_venv/lib/python3.10/site-packages/airflow/example_dags/example_bash_operator.py for tasks to queue
[2024-10-15T14:16:01.480-0300] {logging_mixin.py:137} INFO - [2024-10-15T14:16:01.480-0300] {dagbag.py:532} INFO - Filling up the DagBag from /home/beatriz/Documentos/airflow/airflow_venv/lib/python3.10/site-packages/airflow/example_dags/example_bash_operator.py
[2024-10-15T14:16:01.507-0300] {processor.py:753} INFO - DAG(s) dict_keys(['example_bash_operator']) retrieved from /home/beatriz/Documentos/airflow/airflow_venv/lib/python3.10/site-packages/airflow/example_dags/example_bash_operator.py
[2024-10-15T14:16:01.533-0300] {logging_mixin.py:137} INFO - [2024-10-15T14:16:01.533-0300] {dag.py:2705} INFO - Sync 1 DAGs
[2024-10-15T14:16:01.549-0300] {logging_mixin.py:137} INFO - [2024-10-15T14:16:01.549-0300] {dag.py:3452} INFO - Setting next_dagrun for example_bash_operator to 2024-10-14T00:00:00+00:00, run_after=2024-10-15T00:00:00+00:00
[2024-10-15T14:16:01.567-0300] {processor.py:175} INFO - Processing /home/beatriz/Documentos/airflow/airflow_venv/lib/python3.10/site-packages/airflow/example_dags/example_bash_operator.py took 0.095 seconds
[2024-10-15T14:18:31.346-0300] {processor.py:153} INFO - Started process (PID=27183) to work on /home/beatriz/Documentos/airflow/airflow_venv/lib/python3.10/site-packages/airflow/example_dags/example_bash_operator.py
[2024-10-15T14:18:31.348-0300] {processor.py:743} INFO - Processing file /home/beatriz/Documentos/airflow/airflow_venv/lib/python3.10/site-packages/airflow/example_dags/example_bash_operator.py for tasks to queue
[2024-10-15T14:18:31.350-0300] {logging_mixin.py:137} INFO - [2024-10-15T14:18:31.349-0300] {dagbag.py:532} INFO - Filling up the DagBag from /home/beatriz/Documentos/airflow/airflow_venv/lib/python3.10/site-packages/airflow/example_dags/example_bash_operator.py
[2024-10-15T14:18:31.383-0300] {processor.py:753} INFO - DAG(s) dict_keys(['example_bash_operator']) retrieved from /home/beatriz/Documentos/airflow/airflow_venv/lib/python3.10/site-packages/airflow/example_dags/example_bash_operator.py
[2024-10-15T14:18:31.409-0300] {logging_mixin.py:137} INFO - [2024-10-15T14:18:31.409-0300] {dag.py:2705} INFO - Sync 1 DAGs
[2024-10-15T14:18:31.425-0300] {logging_mixin.py:137} INFO - [2024-10-15T14:18:31.425-0300] {dag.py:3452} INFO - Setting next_dagrun for example_bash_operator to 2024-10-14T00:00:00+00:00, run_after=2024-10-15T00:00:00+00:00
[2024-10-15T14:18:31.443-0300] {processor.py:175} INFO - Processing /home/beatriz/Documentos/airflow/airflow_venv/lib/python3.10/site-packages/airflow/example_dags/example_bash_operator.py took 0.102 seconds
[2024-10-15T14:51:23.998-0300] {processor.py:153} INFO - Started process (PID=34611) to work on /home/beatriz/Documentos/airflow/airflow_venv/lib/python3.10/site-packages/airflow/example_dags/example_bash_operator.py
[2024-10-15T14:51:24.001-0300] {processor.py:743} INFO - Processing file /home/beatriz/Documentos/airflow/airflow_venv/lib/python3.10/site-packages/airflow/example_dags/example_bash_operator.py for tasks to queue
[2024-10-15T14:51:24.003-0300] {logging_mixin.py:137} INFO - [2024-10-15T14:51:24.002-0300] {dagbag.py:532} INFO - Filling up the DagBag from /home/beatriz/Documentos/airflow/airflow_venv/lib/python3.10/site-packages/airflow/example_dags/example_bash_operator.py
[2024-10-15T14:51:24.038-0300] {processor.py:753} INFO - DAG(s) dict_keys(['example_bash_operator']) retrieved from /home/beatriz/Documentos/airflow/airflow_venv/lib/python3.10/site-packages/airflow/example_dags/example_bash_operator.py
[2024-10-15T14:51:24.063-0300] {logging_mixin.py:137} INFO - [2024-10-15T14:51:24.063-0300] {dag.py:2705} INFO - Sync 1 DAGs
[2024-10-15T14:51:24.079-0300] {logging_mixin.py:137} INFO - [2024-10-15T14:51:24.079-0300] {dag.py:3452} INFO - Setting next_dagrun for example_bash_operator to 2024-10-14T00:00:00+00:00, run_after=2024-10-15T00:00:00+00:00
[2024-10-15T14:51:24.098-0300] {processor.py:175} INFO - Processing /home/beatriz/Documentos/airflow/airflow_venv/lib/python3.10/site-packages/airflow/example_dags/example_bash_operator.py took 0.105 seconds
[2024-10-15T14:52:22.841-0300] {processor.py:153} INFO - Started process (PID=34737) to work on /home/beatriz/Documentos/airflow/airflow_venv/lib/python3.10/site-packages/airflow/example_dags/example_bash_operator.py
[2024-10-15T14:52:22.842-0300] {processor.py:743} INFO - Processing file /home/beatriz/Documentos/airflow/airflow_venv/lib/python3.10/site-packages/airflow/example_dags/example_bash_operator.py for tasks to queue
[2024-10-15T14:52:22.842-0300] {logging_mixin.py:137} INFO - [2024-10-15T14:52:22.842-0300] {dagbag.py:532} INFO - Filling up the DagBag from /home/beatriz/Documentos/airflow/airflow_venv/lib/python3.10/site-packages/airflow/example_dags/example_bash_operator.py
[2024-10-15T14:52:22.868-0300] {processor.py:753} INFO - DAG(s) dict_keys(['example_bash_operator']) retrieved from /home/beatriz/Documentos/airflow/airflow_venv/lib/python3.10/site-packages/airflow/example_dags/example_bash_operator.py
[2024-10-15T14:52:22.920-0300] {logging_mixin.py:137} INFO - [2024-10-15T14:52:22.920-0300] {dag.py:2705} INFO - Sync 1 DAGs
[2024-10-15T14:52:22.954-0300] {logging_mixin.py:137} INFO - [2024-10-15T14:52:22.954-0300] {dag.py:3452} INFO - Setting next_dagrun for example_bash_operator to 2024-10-14T00:00:00+00:00, run_after=2024-10-15T00:00:00+00:00
[2024-10-15T14:52:22.990-0300] {processor.py:175} INFO - Processing /home/beatriz/Documentos/airflow/airflow_venv/lib/python3.10/site-packages/airflow/example_dags/example_bash_operator.py took 0.152 seconds
[2024-10-15T14:53:18.412-0300] {processor.py:153} INFO - Started process (PID=35162) to work on /home/beatriz/Documentos/airflow/airflow_venv/lib/python3.10/site-packages/airflow/example_dags/example_bash_operator.py
[2024-10-15T14:53:18.415-0300] {processor.py:743} INFO - Processing file /home/beatriz/Documentos/airflow/airflow_venv/lib/python3.10/site-packages/airflow/example_dags/example_bash_operator.py for tasks to queue
[2024-10-15T14:53:18.417-0300] {logging_mixin.py:137} INFO - [2024-10-15T14:53:18.416-0300] {dagbag.py:532} INFO - Filling up the DagBag from /home/beatriz/Documentos/airflow/airflow_venv/lib/python3.10/site-packages/airflow/example_dags/example_bash_operator.py
[2024-10-15T14:53:18.441-0300] {processor.py:753} INFO - DAG(s) dict_keys(['example_bash_operator']) retrieved from /home/beatriz/Documentos/airflow/airflow_venv/lib/python3.10/site-packages/airflow/example_dags/example_bash_operator.py
[2024-10-15T14:53:18.467-0300] {logging_mixin.py:137} INFO - [2024-10-15T14:53:18.467-0300] {dag.py:2705} INFO - Sync 1 DAGs
[2024-10-15T14:53:18.486-0300] {logging_mixin.py:137} INFO - [2024-10-15T14:53:18.486-0300] {dag.py:3452} INFO - Setting next_dagrun for example_bash_operator to 2024-10-14T00:00:00+00:00, run_after=2024-10-15T00:00:00+00:00
[2024-10-15T14:53:18.596-0300] {processor.py:175} INFO - Processing /home/beatriz/Documentos/airflow/airflow_venv/lib/python3.10/site-packages/airflow/example_dags/example_bash_operator.py took 0.190 seconds
[2024-10-15T14:54:11.642-0300] {processor.py:153} INFO - Started process (PID=35457) to work on /home/beatriz/Documentos/airflow/airflow_venv/lib/python3.10/site-packages/airflow/example_dags/example_bash_operator.py
[2024-10-15T14:54:11.645-0300] {processor.py:743} INFO - Processing file /home/beatriz/Documentos/airflow/airflow_venv/lib/python3.10/site-packages/airflow/example_dags/example_bash_operator.py for tasks to queue
[2024-10-15T14:54:11.647-0300] {logging_mixin.py:137} INFO - [2024-10-15T14:54:11.647-0300] {dagbag.py:532} INFO - Filling up the DagBag from /home/beatriz/Documentos/airflow/airflow_venv/lib/python3.10/site-packages/airflow/example_dags/example_bash_operator.py
[2024-10-15T14:54:11.675-0300] {processor.py:753} INFO - DAG(s) dict_keys(['example_bash_operator']) retrieved from /home/beatriz/Documentos/airflow/airflow_venv/lib/python3.10/site-packages/airflow/example_dags/example_bash_operator.py
[2024-10-15T14:54:11.704-0300] {logging_mixin.py:137} INFO - [2024-10-15T14:54:11.704-0300] {dag.py:2705} INFO - Sync 1 DAGs
[2024-10-15T14:54:11.814-0300] {logging_mixin.py:137} INFO - [2024-10-15T14:54:11.814-0300] {dag.py:3452} INFO - Setting next_dagrun for example_bash_operator to 2024-10-14T00:00:00+00:00, run_after=2024-10-15T00:00:00+00:00
[2024-10-15T14:54:11.840-0300] {processor.py:175} INFO - Processing /home/beatriz/Documentos/airflow/airflow_venv/lib/python3.10/site-packages/airflow/example_dags/example_bash_operator.py took 0.202 seconds
[2024-10-15T14:55:08.065-0300] {processor.py:153} INFO - Started process (PID=35563) to work on /home/beatriz/Documentos/airflow/airflow_venv/lib/python3.10/site-packages/airflow/example_dags/example_bash_operator.py
[2024-10-15T14:55:08.066-0300] {processor.py:743} INFO - Processing file /home/beatriz/Documentos/airflow/airflow_venv/lib/python3.10/site-packages/airflow/example_dags/example_bash_operator.py for tasks to queue
[2024-10-15T14:55:08.067-0300] {logging_mixin.py:137} INFO - [2024-10-15T14:55:08.067-0300] {dagbag.py:532} INFO - Filling up the DagBag from /home/beatriz/Documentos/airflow/airflow_venv/lib/python3.10/site-packages/airflow/example_dags/example_bash_operator.py
[2024-10-15T14:55:08.092-0300] {processor.py:753} INFO - DAG(s) dict_keys(['example_bash_operator']) retrieved from /home/beatriz/Documentos/airflow/airflow_venv/lib/python3.10/site-packages/airflow/example_dags/example_bash_operator.py
[2024-10-15T14:55:08.122-0300] {logging_mixin.py:137} INFO - [2024-10-15T14:55:08.122-0300] {dag.py:2705} INFO - Sync 1 DAGs
[2024-10-15T14:55:08.232-0300] {logging_mixin.py:137} INFO - [2024-10-15T14:55:08.232-0300] {dag.py:3452} INFO - Setting next_dagrun for example_bash_operator to 2024-10-14T00:00:00+00:00, run_after=2024-10-15T00:00:00+00:00
[2024-10-15T14:55:08.255-0300] {processor.py:175} INFO - Processing /home/beatriz/Documentos/airflow/airflow_venv/lib/python3.10/site-packages/airflow/example_dags/example_bash_operator.py took 0.193 seconds
[2024-10-15T14:56:01.773-0300] {processor.py:153} INFO - Started process (PID=35708) to work on /home/beatriz/Documentos/airflow/airflow_venv/lib/python3.10/site-packages/airflow/example_dags/example_bash_operator.py
[2024-10-15T14:56:01.776-0300] {processor.py:743} INFO - Processing file /home/beatriz/Documentos/airflow/airflow_venv/lib/python3.10/site-packages/airflow/example_dags/example_bash_operator.py for tasks to queue
[2024-10-15T14:56:01.777-0300] {logging_mixin.py:137} INFO - [2024-10-15T14:56:01.777-0300] {dagbag.py:532} INFO - Filling up the DagBag from /home/beatriz/Documentos/airflow/airflow_venv/lib/python3.10/site-packages/airflow/example_dags/example_bash_operator.py
[2024-10-15T14:56:01.811-0300] {processor.py:753} INFO - DAG(s) dict_keys(['example_bash_operator']) retrieved from /home/beatriz/Documentos/airflow/airflow_venv/lib/python3.10/site-packages/airflow/example_dags/example_bash_operator.py
[2024-10-15T14:56:01.939-0300] {logging_mixin.py:137} INFO - [2024-10-15T14:56:01.939-0300] {dag.py:2705} INFO - Sync 1 DAGs
[2024-10-15T14:56:01.957-0300] {logging_mixin.py:137} INFO - [2024-10-15T14:56:01.957-0300] {dag.py:3452} INFO - Setting next_dagrun for example_bash_operator to 2024-10-14T00:00:00+00:00, run_after=2024-10-15T00:00:00+00:00
[2024-10-15T14:56:01.975-0300] {processor.py:175} INFO - Processing /home/beatriz/Documentos/airflow/airflow_venv/lib/python3.10/site-packages/airflow/example_dags/example_bash_operator.py took 0.207 seconds
[2024-10-15T14:56:50.349-0300] {processor.py:153} INFO - Started process (PID=35811) to work on /home/beatriz/Documentos/airflow/airflow_venv/lib/python3.10/site-packages/airflow/example_dags/example_bash_operator.py
[2024-10-15T14:56:50.353-0300] {processor.py:743} INFO - Processing file /home/beatriz/Documentos/airflow/airflow_venv/lib/python3.10/site-packages/airflow/example_dags/example_bash_operator.py for tasks to queue
[2024-10-15T14:56:50.354-0300] {logging_mixin.py:137} INFO - [2024-10-15T14:56:50.354-0300] {dagbag.py:532} INFO - Filling up the DagBag from /home/beatriz/Documentos/airflow/airflow_venv/lib/python3.10/site-packages/airflow/example_dags/example_bash_operator.py
[2024-10-15T14:56:50.467-0300] {processor.py:753} INFO - DAG(s) dict_keys(['example_bash_operator']) retrieved from /home/beatriz/Documentos/airflow/airflow_venv/lib/python3.10/site-packages/airflow/example_dags/example_bash_operator.py
[2024-10-15T14:56:50.495-0300] {logging_mixin.py:137} INFO - [2024-10-15T14:56:50.494-0300] {dag.py:2705} INFO - Sync 1 DAGs
[2024-10-15T14:56:50.510-0300] {logging_mixin.py:137} INFO - [2024-10-15T14:56:50.510-0300] {dag.py:3452} INFO - Setting next_dagrun for example_bash_operator to 2024-10-14T00:00:00+00:00, run_after=2024-10-15T00:00:00+00:00
[2024-10-15T14:56:50.529-0300] {processor.py:175} INFO - Processing /home/beatriz/Documentos/airflow/airflow_venv/lib/python3.10/site-packages/airflow/example_dags/example_bash_operator.py took 0.185 seconds
[2024-10-15T14:57:38.926-0300] {processor.py:153} INFO - Started process (PID=35930) to work on /home/beatriz/Documentos/airflow/airflow_venv/lib/python3.10/site-packages/airflow/example_dags/example_bash_operator.py
[2024-10-15T14:57:38.928-0300] {processor.py:743} INFO - Processing file /home/beatriz/Documentos/airflow/airflow_venv/lib/python3.10/site-packages/airflow/example_dags/example_bash_operator.py for tasks to queue
[2024-10-15T14:57:38.928-0300] {logging_mixin.py:137} INFO - [2024-10-15T14:57:38.928-0300] {dagbag.py:532} INFO - Filling up the DagBag from /home/beatriz/Documentos/airflow/airflow_venv/lib/python3.10/site-packages/airflow/example_dags/example_bash_operator.py
[2024-10-15T14:57:38.946-0300] {processor.py:753} INFO - DAG(s) dict_keys(['example_bash_operator']) retrieved from /home/beatriz/Documentos/airflow/airflow_venv/lib/python3.10/site-packages/airflow/example_dags/example_bash_operator.py
[2024-10-15T14:57:38.971-0300] {logging_mixin.py:137} INFO - [2024-10-15T14:57:38.971-0300] {dag.py:2705} INFO - Sync 1 DAGs
[2024-10-15T14:57:38.986-0300] {logging_mixin.py:137} INFO - [2024-10-15T14:57:38.986-0300] {dag.py:3452} INFO - Setting next_dagrun for example_bash_operator to 2024-10-14T00:00:00+00:00, run_after=2024-10-15T00:00:00+00:00
[2024-10-15T14:57:39.011-0300] {processor.py:175} INFO - Processing /home/beatriz/Documentos/airflow/airflow_venv/lib/python3.10/site-packages/airflow/example_dags/example_bash_operator.py took 0.087 seconds
[2024-10-15T14:58:20.989-0300] {processor.py:153} INFO - Started process (PID=36216) to work on /home/beatriz/Documentos/airflow/airflow_venv/lib/python3.10/site-packages/airflow/example_dags/example_bash_operator.py
[2024-10-15T14:58:20.992-0300] {processor.py:743} INFO - Processing file /home/beatriz/Documentos/airflow/airflow_venv/lib/python3.10/site-packages/airflow/example_dags/example_bash_operator.py for tasks to queue
[2024-10-15T14:58:20.994-0300] {logging_mixin.py:137} INFO - [2024-10-15T14:58:20.993-0300] {dagbag.py:532} INFO - Filling up the DagBag from /home/beatriz/Documentos/airflow/airflow_venv/lib/python3.10/site-packages/airflow/example_dags/example_bash_operator.py
[2024-10-15T14:58:21.027-0300] {processor.py:753} INFO - DAG(s) dict_keys(['example_bash_operator']) retrieved from /home/beatriz/Documentos/airflow/airflow_venv/lib/python3.10/site-packages/airflow/example_dags/example_bash_operator.py
[2024-10-15T14:58:21.052-0300] {logging_mixin.py:137} INFO - [2024-10-15T14:58:21.052-0300] {dag.py:2705} INFO - Sync 1 DAGs
[2024-10-15T14:58:21.068-0300] {logging_mixin.py:137} INFO - [2024-10-15T14:58:21.068-0300] {dag.py:3452} INFO - Setting next_dagrun for example_bash_operator to 2024-10-14T00:00:00+00:00, run_after=2024-10-15T00:00:00+00:00
[2024-10-15T14:58:21.086-0300] {processor.py:175} INFO - Processing /home/beatriz/Documentos/airflow/airflow_venv/lib/python3.10/site-packages/airflow/example_dags/example_bash_operator.py took 0.102 seconds
[2024-10-15T14:59:17.058-0300] {processor.py:153} INFO - Started process (PID=36437) to work on /home/beatriz/Documentos/airflow/airflow_venv/lib/python3.10/site-packages/airflow/example_dags/example_bash_operator.py
[2024-10-15T14:59:17.059-0300] {processor.py:743} INFO - Processing file /home/beatriz/Documentos/airflow/airflow_venv/lib/python3.10/site-packages/airflow/example_dags/example_bash_operator.py for tasks to queue
[2024-10-15T14:59:17.059-0300] {logging_mixin.py:137} INFO - [2024-10-15T14:59:17.059-0300] {dagbag.py:532} INFO - Filling up the DagBag from /home/beatriz/Documentos/airflow/airflow_venv/lib/python3.10/site-packages/airflow/example_dags/example_bash_operator.py
[2024-10-15T14:59:17.081-0300] {processor.py:753} INFO - DAG(s) dict_keys(['example_bash_operator']) retrieved from /home/beatriz/Documentos/airflow/airflow_venv/lib/python3.10/site-packages/airflow/example_dags/example_bash_operator.py
[2024-10-15T14:59:17.107-0300] {logging_mixin.py:137} INFO - [2024-10-15T14:59:17.107-0300] {dag.py:2705} INFO - Sync 1 DAGs
[2024-10-15T14:59:17.123-0300] {logging_mixin.py:137} INFO - [2024-10-15T14:59:17.123-0300] {dag.py:3452} INFO - Setting next_dagrun for example_bash_operator to 2024-10-14T00:00:00+00:00, run_after=2024-10-15T00:00:00+00:00
[2024-10-15T14:59:17.140-0300] {processor.py:175} INFO - Processing /home/beatriz/Documentos/airflow/airflow_venv/lib/python3.10/site-packages/airflow/example_dags/example_bash_operator.py took 0.085 seconds
[2024-10-15T15:00:12.792-0300] {processor.py:153} INFO - Started process (PID=36597) to work on /home/beatriz/Documentos/airflow/airflow_venv/lib/python3.10/site-packages/airflow/example_dags/example_bash_operator.py
[2024-10-15T15:00:12.794-0300] {processor.py:743} INFO - Processing file /home/beatriz/Documentos/airflow/airflow_venv/lib/python3.10/site-packages/airflow/example_dags/example_bash_operator.py for tasks to queue
[2024-10-15T15:00:12.794-0300] {logging_mixin.py:137} INFO - [2024-10-15T15:00:12.794-0300] {dagbag.py:532} INFO - Filling up the DagBag from /home/beatriz/Documentos/airflow/airflow_venv/lib/python3.10/site-packages/airflow/example_dags/example_bash_operator.py
[2024-10-15T15:00:12.812-0300] {processor.py:753} INFO - DAG(s) dict_keys(['example_bash_operator']) retrieved from /home/beatriz/Documentos/airflow/airflow_venv/lib/python3.10/site-packages/airflow/example_dags/example_bash_operator.py
[2024-10-15T15:00:12.836-0300] {logging_mixin.py:137} INFO - [2024-10-15T15:00:12.836-0300] {dag.py:2705} INFO - Sync 1 DAGs
[2024-10-15T15:00:12.851-0300] {logging_mixin.py:137} INFO - [2024-10-15T15:00:12.850-0300] {dag.py:3452} INFO - Setting next_dagrun for example_bash_operator to 2024-10-14T00:00:00+00:00, run_after=2024-10-15T00:00:00+00:00
[2024-10-15T15:00:12.867-0300] {processor.py:175} INFO - Processing /home/beatriz/Documentos/airflow/airflow_venv/lib/python3.10/site-packages/airflow/example_dags/example_bash_operator.py took 0.077 seconds
[2024-10-15T15:01:06.473-0300] {processor.py:153} INFO - Started process (PID=36790) to work on /home/beatriz/Documentos/airflow/airflow_venv/lib/python3.10/site-packages/airflow/example_dags/example_bash_operator.py
[2024-10-15T15:01:06.476-0300] {processor.py:743} INFO - Processing file /home/beatriz/Documentos/airflow/airflow_venv/lib/python3.10/site-packages/airflow/example_dags/example_bash_operator.py for tasks to queue
[2024-10-15T15:01:06.476-0300] {logging_mixin.py:137} INFO - [2024-10-15T15:01:06.476-0300] {dagbag.py:532} INFO - Filling up the DagBag from /home/beatriz/Documentos/airflow/airflow_venv/lib/python3.10/site-packages/airflow/example_dags/example_bash_operator.py
[2024-10-15T15:01:06.494-0300] {processor.py:753} INFO - DAG(s) dict_keys(['example_bash_operator']) retrieved from /home/beatriz/Documentos/airflow/airflow_venv/lib/python3.10/site-packages/airflow/example_dags/example_bash_operator.py
[2024-10-15T15:01:06.519-0300] {logging_mixin.py:137} INFO - [2024-10-15T15:01:06.519-0300] {dag.py:2705} INFO - Sync 1 DAGs
[2024-10-15T15:01:06.537-0300] {logging_mixin.py:137} INFO - [2024-10-15T15:01:06.537-0300] {dag.py:3452} INFO - Setting next_dagrun for example_bash_operator to 2024-10-14T00:00:00+00:00, run_after=2024-10-15T00:00:00+00:00
[2024-10-15T15:01:06.558-0300] {processor.py:175} INFO - Processing /home/beatriz/Documentos/airflow/airflow_venv/lib/python3.10/site-packages/airflow/example_dags/example_bash_operator.py took 0.087 seconds
[2024-10-15T15:01:59.009-0300] {processor.py:153} INFO - Started process (PID=36985) to work on /home/beatriz/Documentos/airflow/airflow_venv/lib/python3.10/site-packages/airflow/example_dags/example_bash_operator.py
[2024-10-15T15:01:59.011-0300] {processor.py:743} INFO - Processing file /home/beatriz/Documentos/airflow/airflow_venv/lib/python3.10/site-packages/airflow/example_dags/example_bash_operator.py for tasks to queue
[2024-10-15T15:01:59.011-0300] {logging_mixin.py:137} INFO - [2024-10-15T15:01:59.011-0300] {dagbag.py:532} INFO - Filling up the DagBag from /home/beatriz/Documentos/airflow/airflow_venv/lib/python3.10/site-packages/airflow/example_dags/example_bash_operator.py
[2024-10-15T15:01:59.030-0300] {processor.py:753} INFO - DAG(s) dict_keys(['example_bash_operator']) retrieved from /home/beatriz/Documentos/airflow/airflow_venv/lib/python3.10/site-packages/airflow/example_dags/example_bash_operator.py
[2024-10-15T15:01:59.053-0300] {logging_mixin.py:137} INFO - [2024-10-15T15:01:59.053-0300] {dag.py:2705} INFO - Sync 1 DAGs
[2024-10-15T15:01:59.068-0300] {logging_mixin.py:137} INFO - [2024-10-15T15:01:59.068-0300] {dag.py:3452} INFO - Setting next_dagrun for example_bash_operator to 2024-10-14T00:00:00+00:00, run_after=2024-10-15T00:00:00+00:00
[2024-10-15T15:01:59.084-0300] {processor.py:175} INFO - Processing /home/beatriz/Documentos/airflow/airflow_venv/lib/python3.10/site-packages/airflow/example_dags/example_bash_operator.py took 0.077 seconds
[2024-10-15T15:02:50.634-0300] {processor.py:153} INFO - Started process (PID=37191) to work on /home/beatriz/Documentos/airflow/airflow_venv/lib/python3.10/site-packages/airflow/example_dags/example_bash_operator.py
[2024-10-15T15:02:50.635-0300] {processor.py:743} INFO - Processing file /home/beatriz/Documentos/airflow/airflow_venv/lib/python3.10/site-packages/airflow/example_dags/example_bash_operator.py for tasks to queue
[2024-10-15T15:02:50.635-0300] {logging_mixin.py:137} INFO - [2024-10-15T15:02:50.635-0300] {dagbag.py:532} INFO - Filling up the DagBag from /home/beatriz/Documentos/airflow/airflow_venv/lib/python3.10/site-packages/airflow/example_dags/example_bash_operator.py
[2024-10-15T15:02:50.654-0300] {processor.py:753} INFO - DAG(s) dict_keys(['example_bash_operator']) retrieved from /home/beatriz/Documentos/airflow/airflow_venv/lib/python3.10/site-packages/airflow/example_dags/example_bash_operator.py
[2024-10-15T15:02:50.682-0300] {logging_mixin.py:137} INFO - [2024-10-15T15:02:50.682-0300] {dag.py:2705} INFO - Sync 1 DAGs
[2024-10-15T15:02:50.698-0300] {logging_mixin.py:137} INFO - [2024-10-15T15:02:50.698-0300] {dag.py:3452} INFO - Setting next_dagrun for example_bash_operator to 2024-10-14T00:00:00+00:00, run_after=2024-10-15T00:00:00+00:00
[2024-10-15T15:02:50.717-0300] {processor.py:175} INFO - Processing /home/beatriz/Documentos/airflow/airflow_venv/lib/python3.10/site-packages/airflow/example_dags/example_bash_operator.py took 0.086 seconds
[2024-10-15T15:03:42.618-0300] {processor.py:153} INFO - Started process (PID=37306) to work on /home/beatriz/Documentos/airflow/airflow_venv/lib/python3.10/site-packages/airflow/example_dags/example_bash_operator.py
[2024-10-15T15:03:42.621-0300] {processor.py:743} INFO - Processing file /home/beatriz/Documentos/airflow/airflow_venv/lib/python3.10/site-packages/airflow/example_dags/example_bash_operator.py for tasks to queue
[2024-10-15T15:03:42.623-0300] {logging_mixin.py:137} INFO - [2024-10-15T15:03:42.622-0300] {dagbag.py:532} INFO - Filling up the DagBag from /home/beatriz/Documentos/airflow/airflow_venv/lib/python3.10/site-packages/airflow/example_dags/example_bash_operator.py
[2024-10-15T15:03:42.653-0300] {processor.py:753} INFO - DAG(s) dict_keys(['example_bash_operator']) retrieved from /home/beatriz/Documentos/airflow/airflow_venv/lib/python3.10/site-packages/airflow/example_dags/example_bash_operator.py
[2024-10-15T15:03:42.680-0300] {logging_mixin.py:137} INFO - [2024-10-15T15:03:42.679-0300] {dag.py:2705} INFO - Sync 1 DAGs
[2024-10-15T15:03:42.696-0300] {logging_mixin.py:137} INFO - [2024-10-15T15:03:42.696-0300] {dag.py:3452} INFO - Setting next_dagrun for example_bash_operator to 2024-10-14T00:00:00+00:00, run_after=2024-10-15T00:00:00+00:00
[2024-10-15T15:03:42.714-0300] {processor.py:175} INFO - Processing /home/beatriz/Documentos/airflow/airflow_venv/lib/python3.10/site-packages/airflow/example_dags/example_bash_operator.py took 0.101 seconds
[2024-10-15T15:04:38.208-0300] {processor.py:153} INFO - Started process (PID=37811) to work on /home/beatriz/Documentos/airflow/airflow_venv/lib/python3.10/site-packages/airflow/example_dags/example_bash_operator.py
[2024-10-15T15:04:38.209-0300] {processor.py:743} INFO - Processing file /home/beatriz/Documentos/airflow/airflow_venv/lib/python3.10/site-packages/airflow/example_dags/example_bash_operator.py for tasks to queue
[2024-10-15T15:04:38.210-0300] {logging_mixin.py:137} INFO - [2024-10-15T15:04:38.210-0300] {dagbag.py:532} INFO - Filling up the DagBag from /home/beatriz/Documentos/airflow/airflow_venv/lib/python3.10/site-packages/airflow/example_dags/example_bash_operator.py
[2024-10-15T15:04:38.230-0300] {processor.py:753} INFO - DAG(s) dict_keys(['example_bash_operator']) retrieved from /home/beatriz/Documentos/airflow/airflow_venv/lib/python3.10/site-packages/airflow/example_dags/example_bash_operator.py
[2024-10-15T15:04:38.262-0300] {logging_mixin.py:137} INFO - [2024-10-15T15:04:38.262-0300] {dag.py:2705} INFO - Sync 1 DAGs
[2024-10-15T15:04:38.280-0300] {logging_mixin.py:137} INFO - [2024-10-15T15:04:38.279-0300] {dag.py:3452} INFO - Setting next_dagrun for example_bash_operator to 2024-10-14T00:00:00+00:00, run_after=2024-10-15T00:00:00+00:00
[2024-10-15T15:04:38.306-0300] {processor.py:175} INFO - Processing /home/beatriz/Documentos/airflow/airflow_venv/lib/python3.10/site-packages/airflow/example_dags/example_bash_operator.py took 0.100 seconds
[2024-10-15T15:05:36.439-0300] {processor.py:153} INFO - Started process (PID=38224) to work on /home/beatriz/Documentos/airflow/airflow_venv/lib/python3.10/site-packages/airflow/example_dags/example_bash_operator.py
[2024-10-15T15:05:36.441-0300] {processor.py:743} INFO - Processing file /home/beatriz/Documentos/airflow/airflow_venv/lib/python3.10/site-packages/airflow/example_dags/example_bash_operator.py for tasks to queue
[2024-10-15T15:05:36.443-0300] {logging_mixin.py:137} INFO - [2024-10-15T15:05:36.443-0300] {dagbag.py:532} INFO - Filling up the DagBag from /home/beatriz/Documentos/airflow/airflow_venv/lib/python3.10/site-packages/airflow/example_dags/example_bash_operator.py
[2024-10-15T15:05:36.481-0300] {processor.py:753} INFO - DAG(s) dict_keys(['example_bash_operator']) retrieved from /home/beatriz/Documentos/airflow/airflow_venv/lib/python3.10/site-packages/airflow/example_dags/example_bash_operator.py
[2024-10-15T15:05:36.513-0300] {logging_mixin.py:137} INFO - [2024-10-15T15:05:36.513-0300] {dag.py:2705} INFO - Sync 1 DAGs
[2024-10-15T15:05:36.532-0300] {logging_mixin.py:137} INFO - [2024-10-15T15:05:36.532-0300] {dag.py:3452} INFO - Setting next_dagrun for example_bash_operator to 2024-10-14T00:00:00+00:00, run_after=2024-10-15T00:00:00+00:00
[2024-10-15T15:05:36.557-0300] {processor.py:175} INFO - Processing /home/beatriz/Documentos/airflow/airflow_venv/lib/python3.10/site-packages/airflow/example_dags/example_bash_operator.py took 0.125 seconds
[2024-10-15T15:06:33.785-0300] {processor.py:153} INFO - Started process (PID=38857) to work on /home/beatriz/Documentos/airflow/airflow_venv/lib/python3.10/site-packages/airflow/example_dags/example_bash_operator.py
[2024-10-15T15:06:33.787-0300] {processor.py:743} INFO - Processing file /home/beatriz/Documentos/airflow/airflow_venv/lib/python3.10/site-packages/airflow/example_dags/example_bash_operator.py for tasks to queue
[2024-10-15T15:06:33.789-0300] {logging_mixin.py:137} INFO - [2024-10-15T15:06:33.788-0300] {dagbag.py:532} INFO - Filling up the DagBag from /home/beatriz/Documentos/airflow/airflow_venv/lib/python3.10/site-packages/airflow/example_dags/example_bash_operator.py
[2024-10-15T15:06:33.814-0300] {processor.py:753} INFO - DAG(s) dict_keys(['example_bash_operator']) retrieved from /home/beatriz/Documentos/airflow/airflow_venv/lib/python3.10/site-packages/airflow/example_dags/example_bash_operator.py
[2024-10-15T15:06:33.843-0300] {logging_mixin.py:137} INFO - [2024-10-15T15:06:33.842-0300] {dag.py:2705} INFO - Sync 1 DAGs
[2024-10-15T15:06:33.861-0300] {logging_mixin.py:137} INFO - [2024-10-15T15:06:33.861-0300] {dag.py:3452} INFO - Setting next_dagrun for example_bash_operator to 2024-10-14T00:00:00+00:00, run_after=2024-10-15T00:00:00+00:00
[2024-10-15T15:06:33.880-0300] {processor.py:175} INFO - Processing /home/beatriz/Documentos/airflow/airflow_venv/lib/python3.10/site-packages/airflow/example_dags/example_bash_operator.py took 0.101 seconds
[2024-10-15T15:07:20.205-0300] {processor.py:153} INFO - Started process (PID=39236) to work on /home/beatriz/Documentos/airflow/airflow_venv/lib/python3.10/site-packages/airflow/example_dags/example_bash_operator.py
[2024-10-15T15:07:20.208-0300] {processor.py:743} INFO - Processing file /home/beatriz/Documentos/airflow/airflow_venv/lib/python3.10/site-packages/airflow/example_dags/example_bash_operator.py for tasks to queue
[2024-10-15T15:07:20.210-0300] {logging_mixin.py:137} INFO - [2024-10-15T15:07:20.210-0300] {dagbag.py:532} INFO - Filling up the DagBag from /home/beatriz/Documentos/airflow/airflow_venv/lib/python3.10/site-packages/airflow/example_dags/example_bash_operator.py
[2024-10-15T15:07:20.243-0300] {processor.py:753} INFO - DAG(s) dict_keys(['example_bash_operator']) retrieved from /home/beatriz/Documentos/airflow/airflow_venv/lib/python3.10/site-packages/airflow/example_dags/example_bash_operator.py
[2024-10-15T15:07:20.268-0300] {logging_mixin.py:137} INFO - [2024-10-15T15:07:20.268-0300] {dag.py:2705} INFO - Sync 1 DAGs
[2024-10-15T15:07:20.283-0300] {logging_mixin.py:137} INFO - [2024-10-15T15:07:20.283-0300] {dag.py:3452} INFO - Setting next_dagrun for example_bash_operator to 2024-10-14T00:00:00+00:00, run_after=2024-10-15T00:00:00+00:00
[2024-10-15T15:07:20.301-0300] {processor.py:175} INFO - Processing /home/beatriz/Documentos/airflow/airflow_venv/lib/python3.10/site-packages/airflow/example_dags/example_bash_operator.py took 0.101 seconds
[2024-10-15T15:08:17.276-0300] {processor.py:153} INFO - Started process (PID=39384) to work on /home/beatriz/Documentos/airflow/airflow_venv/lib/python3.10/site-packages/airflow/example_dags/example_bash_operator.py
[2024-10-15T15:08:17.279-0300] {processor.py:743} INFO - Processing file /home/beatriz/Documentos/airflow/airflow_venv/lib/python3.10/site-packages/airflow/example_dags/example_bash_operator.py for tasks to queue
[2024-10-15T15:08:17.280-0300] {logging_mixin.py:137} INFO - [2024-10-15T15:08:17.280-0300] {dagbag.py:532} INFO - Filling up the DagBag from /home/beatriz/Documentos/airflow/airflow_venv/lib/python3.10/site-packages/airflow/example_dags/example_bash_operator.py
[2024-10-15T15:08:17.311-0300] {processor.py:753} INFO - DAG(s) dict_keys(['example_bash_operator']) retrieved from /home/beatriz/Documentos/airflow/airflow_venv/lib/python3.10/site-packages/airflow/example_dags/example_bash_operator.py
[2024-10-15T15:08:17.338-0300] {logging_mixin.py:137} INFO - [2024-10-15T15:08:17.338-0300] {dag.py:2705} INFO - Sync 1 DAGs
[2024-10-15T15:08:17.354-0300] {logging_mixin.py:137} INFO - [2024-10-15T15:08:17.354-0300] {dag.py:3452} INFO - Setting next_dagrun for example_bash_operator to 2024-10-14T00:00:00+00:00, run_after=2024-10-15T00:00:00+00:00
[2024-10-15T15:08:17.373-0300] {processor.py:175} INFO - Processing /home/beatriz/Documentos/airflow/airflow_venv/lib/python3.10/site-packages/airflow/example_dags/example_bash_operator.py took 0.100 seconds
[2024-10-15T15:09:14.155-0300] {processor.py:153} INFO - Started process (PID=39545) to work on /home/beatriz/Documentos/airflow/airflow_venv/lib/python3.10/site-packages/airflow/example_dags/example_bash_operator.py
[2024-10-15T15:09:14.158-0300] {processor.py:743} INFO - Processing file /home/beatriz/Documentos/airflow/airflow_venv/lib/python3.10/site-packages/airflow/example_dags/example_bash_operator.py for tasks to queue
[2024-10-15T15:09:14.159-0300] {logging_mixin.py:137} INFO - [2024-10-15T15:09:14.158-0300] {dagbag.py:532} INFO - Filling up the DagBag from /home/beatriz/Documentos/airflow/airflow_venv/lib/python3.10/site-packages/airflow/example_dags/example_bash_operator.py
[2024-10-15T15:09:14.182-0300] {processor.py:753} INFO - DAG(s) dict_keys(['example_bash_operator']) retrieved from /home/beatriz/Documentos/airflow/airflow_venv/lib/python3.10/site-packages/airflow/example_dags/example_bash_operator.py
[2024-10-15T15:09:14.212-0300] {logging_mixin.py:137} INFO - [2024-10-15T15:09:14.212-0300] {dag.py:2705} INFO - Sync 1 DAGs
[2024-10-15T15:09:14.233-0300] {logging_mixin.py:137} INFO - [2024-10-15T15:09:14.233-0300] {dag.py:3452} INFO - Setting next_dagrun for example_bash_operator to 2024-10-14T00:00:00+00:00, run_after=2024-10-15T00:00:00+00:00
[2024-10-15T15:09:14.256-0300] {processor.py:175} INFO - Processing /home/beatriz/Documentos/airflow/airflow_venv/lib/python3.10/site-packages/airflow/example_dags/example_bash_operator.py took 0.107 seconds
[2024-10-15T15:10:11.631-0300] {processor.py:153} INFO - Started process (PID=39666) to work on /home/beatriz/Documentos/airflow/airflow_venv/lib/python3.10/site-packages/airflow/example_dags/example_bash_operator.py
[2024-10-15T15:10:11.632-0300] {processor.py:743} INFO - Processing file /home/beatriz/Documentos/airflow/airflow_venv/lib/python3.10/site-packages/airflow/example_dags/example_bash_operator.py for tasks to queue
[2024-10-15T15:10:11.633-0300] {logging_mixin.py:137} INFO - [2024-10-15T15:10:11.632-0300] {dagbag.py:532} INFO - Filling up the DagBag from /home/beatriz/Documentos/airflow/airflow_venv/lib/python3.10/site-packages/airflow/example_dags/example_bash_operator.py
[2024-10-15T15:10:11.655-0300] {processor.py:753} INFO - DAG(s) dict_keys(['example_bash_operator']) retrieved from /home/beatriz/Documentos/airflow/airflow_venv/lib/python3.10/site-packages/airflow/example_dags/example_bash_operator.py
[2024-10-15T15:10:11.686-0300] {logging_mixin.py:137} INFO - [2024-10-15T15:10:11.686-0300] {dag.py:2705} INFO - Sync 1 DAGs
[2024-10-15T15:10:11.707-0300] {logging_mixin.py:137} INFO - [2024-10-15T15:10:11.706-0300] {dag.py:3452} INFO - Setting next_dagrun for example_bash_operator to 2024-10-14T00:00:00+00:00, run_after=2024-10-15T00:00:00+00:00
[2024-10-15T15:10:11.742-0300] {processor.py:175} INFO - Processing /home/beatriz/Documentos/airflow/airflow_venv/lib/python3.10/site-packages/airflow/example_dags/example_bash_operator.py took 0.113 seconds
[2024-10-15T15:35:59.013-0300] {processor.py:161} INFO - Started process (PID=42153) to work on /home/beatriz/Documentos/airflow/airflow_venv/lib/python3.10/site-packages/airflow/example_dags/example_bash_operator.py
[2024-10-15T15:35:59.015-0300] {processor.py:830} INFO - Processing file /home/beatriz/Documentos/airflow/airflow_venv/lib/python3.10/site-packages/airflow/example_dags/example_bash_operator.py for tasks to queue
[2024-10-15T15:35:59.016-0300] {logging_mixin.py:188} INFO - [2024-10-15T15:35:59.016-0300] {dagbag.py:540} INFO - Filling up the DagBag from /home/beatriz/Documentos/airflow/airflow_venv/lib/python3.10/site-packages/airflow/example_dags/example_bash_operator.py
[2024-10-15T15:35:59.026-0300] {processor.py:840} INFO - DAG(s) 'example_bash_operator' retrieved from /home/beatriz/Documentos/airflow/airflow_venv/lib/python3.10/site-packages/airflow/example_dags/example_bash_operator.py
[2024-10-15T15:35:59.109-0300] {logging_mixin.py:188} INFO - [2024-10-15T15:35:59.109-0300] {dag.py:3096} INFO - Sync 1 DAGs
[2024-10-15T15:35:59.126-0300] {logging_mixin.py:188} INFO - [2024-10-15T15:35:59.126-0300] {dag.py:3954} INFO - Setting next_dagrun for example_bash_operator to 2024-10-14 00:00:00+00:00, run_after=2024-10-15 00:00:00+00:00
[2024-10-15T15:35:59.225-0300] {processor.py:183} INFO - Processing /home/beatriz/Documentos/airflow/airflow_venv/lib/python3.10/site-packages/airflow/example_dags/example_bash_operator.py took 0.217 seconds
[2024-10-15T15:37:15.585-0300] {processor.py:161} INFO - Started process (PID=42868) to work on /home/beatriz/Documentos/airflow/airflow_venv/lib/python3.10/site-packages/airflow/example_dags/example_bash_operator.py
[2024-10-15T15:37:15.588-0300] {processor.py:830} INFO - Processing file /home/beatriz/Documentos/airflow/airflow_venv/lib/python3.10/site-packages/airflow/example_dags/example_bash_operator.py for tasks to queue
[2024-10-15T15:37:15.591-0300] {logging_mixin.py:188} INFO - [2024-10-15T15:37:15.590-0300] {dagbag.py:540} INFO - Filling up the DagBag from /home/beatriz/Documentos/airflow/airflow_venv/lib/python3.10/site-packages/airflow/example_dags/example_bash_operator.py
[2024-10-15T15:37:15.610-0300] {processor.py:840} INFO - DAG(s) 'example_bash_operator' retrieved from /home/beatriz/Documentos/airflow/airflow_venv/lib/python3.10/site-packages/airflow/example_dags/example_bash_operator.py
[2024-10-15T15:37:15.631-0300] {logging_mixin.py:188} INFO - [2024-10-15T15:37:15.631-0300] {dag.py:3096} INFO - Sync 1 DAGs
[2024-10-15T15:37:15.646-0300] {logging_mixin.py:188} INFO - [2024-10-15T15:37:15.646-0300] {dag.py:3954} INFO - Setting next_dagrun for example_bash_operator to 2024-10-14 00:00:00+00:00, run_after=2024-10-15 00:00:00+00:00
[2024-10-15T15:37:15.664-0300] {processor.py:183} INFO - Processing /home/beatriz/Documentos/airflow/airflow_venv/lib/python3.10/site-packages/airflow/example_dags/example_bash_operator.py took 0.088 seconds
[2024-10-15T15:38:28.936-0300] {processor.py:161} INFO - Started process (PID=43353) to work on /home/beatriz/Documentos/airflow/airflow_venv/lib/python3.10/site-packages/airflow/example_dags/example_bash_operator.py
[2024-10-15T15:38:28.938-0300] {processor.py:830} INFO - Processing file /home/beatriz/Documentos/airflow/airflow_venv/lib/python3.10/site-packages/airflow/example_dags/example_bash_operator.py for tasks to queue
[2024-10-15T15:38:28.941-0300] {logging_mixin.py:188} INFO - [2024-10-15T15:38:28.940-0300] {dagbag.py:540} INFO - Filling up the DagBag from /home/beatriz/Documentos/airflow/airflow_venv/lib/python3.10/site-packages/airflow/example_dags/example_bash_operator.py
[2024-10-15T15:38:28.951-0300] {processor.py:840} INFO - DAG(s) 'example_bash_operator' retrieved from /home/beatriz/Documentos/airflow/airflow_venv/lib/python3.10/site-packages/airflow/example_dags/example_bash_operator.py
[2024-10-15T15:38:28.972-0300] {logging_mixin.py:188} INFO - [2024-10-15T15:38:28.972-0300] {dag.py:3096} INFO - Sync 1 DAGs
[2024-10-15T15:38:28.987-0300] {logging_mixin.py:188} INFO - [2024-10-15T15:38:28.987-0300] {dag.py:3954} INFO - Setting next_dagrun for example_bash_operator to 2024-10-14 00:00:00+00:00, run_after=2024-10-15 00:00:00+00:00
[2024-10-15T15:38:29.004-0300] {processor.py:183} INFO - Processing /home/beatriz/Documentos/airflow/airflow_venv/lib/python3.10/site-packages/airflow/example_dags/example_bash_operator.py took 0.073 seconds
[2024-10-15T15:39:37.225-0300] {processor.py:161} INFO - Started process (PID=44063) to work on /home/beatriz/Documentos/airflow/airflow_venv/lib/python3.10/site-packages/airflow/example_dags/example_bash_operator.py
[2024-10-15T15:39:37.228-0300] {processor.py:830} INFO - Processing file /home/beatriz/Documentos/airflow/airflow_venv/lib/python3.10/site-packages/airflow/example_dags/example_bash_operator.py for tasks to queue
[2024-10-15T15:39:37.232-0300] {logging_mixin.py:188} INFO - [2024-10-15T15:39:37.231-0300] {dagbag.py:540} INFO - Filling up the DagBag from /home/beatriz/Documentos/airflow/airflow_venv/lib/python3.10/site-packages/airflow/example_dags/example_bash_operator.py
[2024-10-15T15:39:37.251-0300] {processor.py:840} INFO - DAG(s) 'example_bash_operator' retrieved from /home/beatriz/Documentos/airflow/airflow_venv/lib/python3.10/site-packages/airflow/example_dags/example_bash_operator.py
[2024-10-15T15:39:37.272-0300] {logging_mixin.py:188} INFO - [2024-10-15T15:39:37.272-0300] {dag.py:3096} INFO - Sync 1 DAGs
[2024-10-15T15:39:37.289-0300] {logging_mixin.py:188} INFO - [2024-10-15T15:39:37.288-0300] {dag.py:3954} INFO - Setting next_dagrun for example_bash_operator to 2024-10-14 00:00:00+00:00, run_after=2024-10-15 00:00:00+00:00
[2024-10-15T15:39:37.306-0300] {processor.py:183} INFO - Processing /home/beatriz/Documentos/airflow/airflow_venv/lib/python3.10/site-packages/airflow/example_dags/example_bash_operator.py took 0.094 seconds
[2024-10-15T15:40:47.631-0300] {processor.py:161} INFO - Started process (PID=44600) to work on /home/beatriz/Documentos/airflow/airflow_venv/lib/python3.10/site-packages/airflow/example_dags/example_bash_operator.py
[2024-10-15T15:40:47.635-0300] {processor.py:830} INFO - Processing file /home/beatriz/Documentos/airflow/airflow_venv/lib/python3.10/site-packages/airflow/example_dags/example_bash_operator.py for tasks to queue
[2024-10-15T15:40:47.639-0300] {logging_mixin.py:188} INFO - [2024-10-15T15:40:47.638-0300] {dagbag.py:540} INFO - Filling up the DagBag from /home/beatriz/Documentos/airflow/airflow_venv/lib/python3.10/site-packages/airflow/example_dags/example_bash_operator.py
[2024-10-15T15:40:47.655-0300] {processor.py:840} INFO - DAG(s) 'example_bash_operator' retrieved from /home/beatriz/Documentos/airflow/airflow_venv/lib/python3.10/site-packages/airflow/example_dags/example_bash_operator.py
[2024-10-15T15:40:47.676-0300] {logging_mixin.py:188} INFO - [2024-10-15T15:40:47.676-0300] {dag.py:3096} INFO - Sync 1 DAGs
[2024-10-15T15:40:47.693-0300] {logging_mixin.py:188} INFO - [2024-10-15T15:40:47.693-0300] {dag.py:3954} INFO - Setting next_dagrun for example_bash_operator to 2024-10-14 00:00:00+00:00, run_after=2024-10-15 00:00:00+00:00
[2024-10-15T15:40:47.712-0300] {processor.py:183} INFO - Processing /home/beatriz/Documentos/airflow/airflow_venv/lib/python3.10/site-packages/airflow/example_dags/example_bash_operator.py took 0.093 seconds
