[2024-10-15T14:14:51.722-0300] {processor.py:153} INFO - Started process (PID=26562) to work on /home/beatriz/Documentos/airflow/airflow_venv/lib/python3.10/site-packages/airflow/example_dags/example_sla_dag.py
[2024-10-15T14:14:51.724-0300] {processor.py:743} INFO - Processing file /home/beatriz/Documentos/airflow/airflow_venv/lib/python3.10/site-packages/airflow/example_dags/example_sla_dag.py for tasks to queue
[2024-10-15T14:14:51.725-0300] {logging_mixin.py:137} INFO - [2024-10-15T14:14:51.725-0300] {dagbag.py:532} INFO - Filling up the DagBag from /home/beatriz/Documentos/airflow/airflow_venv/lib/python3.10/site-packages/airflow/example_dags/example_sla_dag.py
[2024-10-15T14:14:51.759-0300] {processor.py:753} INFO - DAG(s) dict_keys(['example_sla_dag']) retrieved from /home/beatriz/Documentos/airflow/airflow_venv/lib/python3.10/site-packages/airflow/example_dags/example_sla_dag.py
[2024-10-15T14:14:51.848-0300] {logging_mixin.py:137} INFO - [2024-10-15T14:14:51.848-0300] {manager.py:504} INFO - Created Permission View: can edit on DAG:example_sla_dag
[2024-10-15T14:14:51.859-0300] {logging_mixin.py:137} INFO - [2024-10-15T14:14:51.858-0300] {manager.py:504} INFO - Created Permission View: can delete on DAG:example_sla_dag
[2024-10-15T14:14:51.868-0300] {logging_mixin.py:137} INFO - [2024-10-15T14:14:51.868-0300] {manager.py:504} INFO - Created Permission View: can read on DAG:example_sla_dag
[2024-10-15T14:14:51.869-0300] {logging_mixin.py:137} INFO - [2024-10-15T14:14:51.868-0300] {dag.py:2705} INFO - Sync 1 DAGs
[2024-10-15T14:14:51.879-0300] {logging_mixin.py:137} INFO - [2024-10-15T14:14:51.879-0300] {dag.py:2726} INFO - Creating ORM DAG for example_sla_dag
[2024-10-15T14:14:51.894-0300] {logging_mixin.py:137} INFO - [2024-10-15T14:14:51.894-0300] {dag.py:3452} INFO - Setting next_dagrun for example_sla_dag to 2024-10-15T17:12:00+00:00, run_after=2024-10-15T17:14:00+00:00
[2024-10-15T14:14:51.912-0300] {processor.py:175} INFO - Processing /home/beatriz/Documentos/airflow/airflow_venv/lib/python3.10/site-packages/airflow/example_dags/example_sla_dag.py took 0.197 seconds
[2024-10-15T14:15:38.472-0300] {processor.py:153} INFO - Started process (PID=26659) to work on /home/beatriz/Documentos/airflow/airflow_venv/lib/python3.10/site-packages/airflow/example_dags/example_sla_dag.py
[2024-10-15T14:15:38.475-0300] {processor.py:743} INFO - Processing file /home/beatriz/Documentos/airflow/airflow_venv/lib/python3.10/site-packages/airflow/example_dags/example_sla_dag.py for tasks to queue
[2024-10-15T14:15:38.475-0300] {logging_mixin.py:137} INFO - [2024-10-15T14:15:38.475-0300] {dagbag.py:532} INFO - Filling up the DagBag from /home/beatriz/Documentos/airflow/airflow_venv/lib/python3.10/site-packages/airflow/example_dags/example_sla_dag.py
[2024-10-15T14:15:38.505-0300] {processor.py:753} INFO - DAG(s) dict_keys(['example_sla_dag']) retrieved from /home/beatriz/Documentos/airflow/airflow_venv/lib/python3.10/site-packages/airflow/example_dags/example_sla_dag.py
[2024-10-15T14:15:38.510-0300] {logging_mixin.py:137} INFO - [2024-10-15T14:15:38.510-0300] {dag.py:2705} INFO - Sync 1 DAGs
[2024-10-15T14:15:38.528-0300] {logging_mixin.py:137} INFO - [2024-10-15T14:15:38.528-0300] {dag.py:3452} INFO - Setting next_dagrun for example_sla_dag to 2024-10-15T17:12:00+00:00, run_after=2024-10-15T17:14:00+00:00
[2024-10-15T14:15:38.546-0300] {processor.py:175} INFO - Processing /home/beatriz/Documentos/airflow/airflow_venv/lib/python3.10/site-packages/airflow/example_dags/example_sla_dag.py took 0.076 seconds
[2024-10-15T14:16:20.996-0300] {processor.py:153} INFO - Started process (PID=26854) to work on /home/beatriz/Documentos/airflow/airflow_venv/lib/python3.10/site-packages/airflow/example_dags/example_sla_dag.py
[2024-10-15T14:16:20.998-0300] {processor.py:743} INFO - Processing file /home/beatriz/Documentos/airflow/airflow_venv/lib/python3.10/site-packages/airflow/example_dags/example_sla_dag.py for tasks to queue
[2024-10-15T14:16:21.000-0300] {logging_mixin.py:137} INFO - [2024-10-15T14:16:20.999-0300] {dagbag.py:532} INFO - Filling up the DagBag from /home/beatriz/Documentos/airflow/airflow_venv/lib/python3.10/site-packages/airflow/example_dags/example_sla_dag.py
[2024-10-15T14:16:21.030-0300] {processor.py:753} INFO - DAG(s) dict_keys(['example_sla_dag']) retrieved from /home/beatriz/Documentos/airflow/airflow_venv/lib/python3.10/site-packages/airflow/example_dags/example_sla_dag.py
[2024-10-15T14:16:21.045-0300] {logging_mixin.py:137} INFO - [2024-10-15T14:16:21.045-0300] {dag.py:2705} INFO - Sync 1 DAGs
[2024-10-15T14:16:21.064-0300] {logging_mixin.py:137} INFO - [2024-10-15T14:16:21.064-0300] {dag.py:3452} INFO - Setting next_dagrun for example_sla_dag to 2024-10-15T17:14:00+00:00, run_after=2024-10-15T17:16:00+00:00
[2024-10-15T14:16:21.081-0300] {processor.py:175} INFO - Processing /home/beatriz/Documentos/airflow/airflow_venv/lib/python3.10/site-packages/airflow/example_dags/example_sla_dag.py took 0.091 seconds
[2024-10-15T14:18:07.556-0300] {processor.py:153} INFO - Started process (PID=27090) to work on /home/beatriz/Documentos/airflow/airflow_venv/lib/python3.10/site-packages/airflow/example_dags/example_sla_dag.py
[2024-10-15T14:18:07.559-0300] {processor.py:743} INFO - Processing file /home/beatriz/Documentos/airflow/airflow_venv/lib/python3.10/site-packages/airflow/example_dags/example_sla_dag.py for tasks to queue
[2024-10-15T14:18:07.561-0300] {logging_mixin.py:137} INFO - [2024-10-15T14:18:07.560-0300] {dagbag.py:532} INFO - Filling up the DagBag from /home/beatriz/Documentos/airflow/airflow_venv/lib/python3.10/site-packages/airflow/example_dags/example_sla_dag.py
[2024-10-15T14:18:07.593-0300] {processor.py:753} INFO - DAG(s) dict_keys(['example_sla_dag']) retrieved from /home/beatriz/Documentos/airflow/airflow_venv/lib/python3.10/site-packages/airflow/example_dags/example_sla_dag.py
[2024-10-15T14:18:07.601-0300] {logging_mixin.py:137} INFO - [2024-10-15T14:18:07.600-0300] {dag.py:2705} INFO - Sync 1 DAGs
[2024-10-15T14:18:07.622-0300] {logging_mixin.py:137} INFO - [2024-10-15T14:18:07.621-0300] {dag.py:3452} INFO - Setting next_dagrun for example_sla_dag to 2024-10-15T17:16:00+00:00, run_after=2024-10-15T17:18:00+00:00
[2024-10-15T14:18:07.640-0300] {processor.py:175} INFO - Processing /home/beatriz/Documentos/airflow/airflow_venv/lib/python3.10/site-packages/airflow/example_dags/example_sla_dag.py took 0.090 seconds
[2024-10-15T14:18:49.881-0300] {processor.py:153} INFO - Started process (PID=27246) to work on /home/beatriz/Documentos/airflow/airflow_venv/lib/python3.10/site-packages/airflow/example_dags/example_sla_dag.py
[2024-10-15T14:18:49.884-0300] {processor.py:743} INFO - Processing file /home/beatriz/Documentos/airflow/airflow_venv/lib/python3.10/site-packages/airflow/example_dags/example_sla_dag.py for tasks to queue
[2024-10-15T14:18:49.885-0300] {logging_mixin.py:137} INFO - [2024-10-15T14:18:49.885-0300] {dagbag.py:532} INFO - Filling up the DagBag from /home/beatriz/Documentos/airflow/airflow_venv/lib/python3.10/site-packages/airflow/example_dags/example_sla_dag.py
[2024-10-15T14:18:49.919-0300] {processor.py:753} INFO - DAG(s) dict_keys(['example_sla_dag']) retrieved from /home/beatriz/Documentos/airflow/airflow_venv/lib/python3.10/site-packages/airflow/example_dags/example_sla_dag.py
[2024-10-15T14:18:49.933-0300] {logging_mixin.py:137} INFO - [2024-10-15T14:18:49.933-0300] {dag.py:2705} INFO - Sync 1 DAGs
[2024-10-15T14:18:49.950-0300] {logging_mixin.py:137} INFO - [2024-10-15T14:18:49.950-0300] {dag.py:3452} INFO - Setting next_dagrun for example_sla_dag to 2024-10-15T17:16:00+00:00, run_after=2024-10-15T17:18:00+00:00
[2024-10-15T14:18:49.966-0300] {processor.py:175} INFO - Processing /home/beatriz/Documentos/airflow/airflow_venv/lib/python3.10/site-packages/airflow/example_dags/example_sla_dag.py took 0.091 seconds
[2024-10-15T14:51:00.428-0300] {processor.py:153} INFO - Started process (PID=34415) to work on /home/beatriz/Documentos/airflow/airflow_venv/lib/python3.10/site-packages/airflow/example_dags/example_sla_dag.py
[2024-10-15T14:51:00.430-0300] {processor.py:743} INFO - Processing file /home/beatriz/Documentos/airflow/airflow_venv/lib/python3.10/site-packages/airflow/example_dags/example_sla_dag.py for tasks to queue
[2024-10-15T14:51:00.431-0300] {logging_mixin.py:137} INFO - [2024-10-15T14:51:00.431-0300] {dagbag.py:532} INFO - Filling up the DagBag from /home/beatriz/Documentos/airflow/airflow_venv/lib/python3.10/site-packages/airflow/example_dags/example_sla_dag.py
[2024-10-15T14:51:00.456-0300] {processor.py:753} INFO - DAG(s) dict_keys(['example_sla_dag']) retrieved from /home/beatriz/Documentos/airflow/airflow_venv/lib/python3.10/site-packages/airflow/example_dags/example_sla_dag.py
[2024-10-15T14:51:00.463-0300] {logging_mixin.py:137} INFO - [2024-10-15T14:51:00.462-0300] {dag.py:2705} INFO - Sync 1 DAGs
[2024-10-15T14:51:00.481-0300] {logging_mixin.py:137} INFO - [2024-10-15T14:51:00.480-0300] {dag.py:3452} INFO - Setting next_dagrun for example_sla_dag to 2024-10-15T17:48:00+00:00, run_after=2024-10-15T17:50:00+00:00
[2024-10-15T14:51:00.498-0300] {processor.py:175} INFO - Processing /home/beatriz/Documentos/airflow/airflow_venv/lib/python3.10/site-packages/airflow/example_dags/example_sla_dag.py took 0.074 seconds
[2024-10-15T14:51:44.597-0300] {processor.py:153} INFO - Started process (PID=34647) to work on /home/beatriz/Documentos/airflow/airflow_venv/lib/python3.10/site-packages/airflow/example_dags/example_sla_dag.py
[2024-10-15T14:51:44.600-0300] {processor.py:743} INFO - Processing file /home/beatriz/Documentos/airflow/airflow_venv/lib/python3.10/site-packages/airflow/example_dags/example_sla_dag.py for tasks to queue
[2024-10-15T14:51:44.602-0300] {logging_mixin.py:137} INFO - [2024-10-15T14:51:44.602-0300] {dagbag.py:532} INFO - Filling up the DagBag from /home/beatriz/Documentos/airflow/airflow_venv/lib/python3.10/site-packages/airflow/example_dags/example_sla_dag.py
[2024-10-15T14:51:44.635-0300] {processor.py:753} INFO - DAG(s) dict_keys(['example_sla_dag']) retrieved from /home/beatriz/Documentos/airflow/airflow_venv/lib/python3.10/site-packages/airflow/example_dags/example_sla_dag.py
[2024-10-15T14:51:44.649-0300] {logging_mixin.py:137} INFO - [2024-10-15T14:51:44.649-0300] {dag.py:2705} INFO - Sync 1 DAGs
[2024-10-15T14:51:44.668-0300] {logging_mixin.py:137} INFO - [2024-10-15T14:51:44.668-0300] {dag.py:3452} INFO - Setting next_dagrun for example_sla_dag to 2024-10-15T17:48:00+00:00, run_after=2024-10-15T17:50:00+00:00
[2024-10-15T14:51:44.685-0300] {processor.py:175} INFO - Processing /home/beatriz/Documentos/airflow/airflow_venv/lib/python3.10/site-packages/airflow/example_dags/example_sla_dag.py took 0.094 seconds
[2024-10-15T14:52:31.962-0300] {processor.py:153} INFO - Started process (PID=34858) to work on /home/beatriz/Documentos/airflow/airflow_venv/lib/python3.10/site-packages/airflow/example_dags/example_sla_dag.py
[2024-10-15T14:52:31.964-0300] {processor.py:743} INFO - Processing file /home/beatriz/Documentos/airflow/airflow_venv/lib/python3.10/site-packages/airflow/example_dags/example_sla_dag.py for tasks to queue
[2024-10-15T14:52:31.965-0300] {logging_mixin.py:137} INFO - [2024-10-15T14:52:31.965-0300] {dagbag.py:532} INFO - Filling up the DagBag from /home/beatriz/Documentos/airflow/airflow_venv/lib/python3.10/site-packages/airflow/example_dags/example_sla_dag.py
[2024-10-15T14:52:31.991-0300] {processor.py:753} INFO - DAG(s) dict_keys(['example_sla_dag']) retrieved from /home/beatriz/Documentos/airflow/airflow_venv/lib/python3.10/site-packages/airflow/example_dags/example_sla_dag.py
[2024-10-15T14:52:32.018-0300] {logging_mixin.py:137} INFO - [2024-10-15T14:52:32.018-0300] {dag.py:2705} INFO - Sync 1 DAGs
[2024-10-15T14:52:32.045-0300] {logging_mixin.py:137} INFO - [2024-10-15T14:52:32.045-0300] {dag.py:3452} INFO - Setting next_dagrun for example_sla_dag to 2024-10-15T17:50:00+00:00, run_after=2024-10-15T17:52:00+00:00
[2024-10-15T14:52:32.072-0300] {processor.py:175} INFO - Processing /home/beatriz/Documentos/airflow/airflow_venv/lib/python3.10/site-packages/airflow/example_dags/example_sla_dag.py took 0.114 seconds
[2024-10-15T14:53:17.811-0300] {processor.py:153} INFO - Started process (PID=35161) to work on /home/beatriz/Documentos/airflow/airflow_venv/lib/python3.10/site-packages/airflow/example_dags/example_sla_dag.py
[2024-10-15T14:53:17.814-0300] {processor.py:743} INFO - Processing file /home/beatriz/Documentos/airflow/airflow_venv/lib/python3.10/site-packages/airflow/example_dags/example_sla_dag.py for tasks to queue
[2024-10-15T14:53:17.816-0300] {logging_mixin.py:137} INFO - [2024-10-15T14:53:17.816-0300] {dagbag.py:532} INFO - Filling up the DagBag from /home/beatriz/Documentos/airflow/airflow_venv/lib/python3.10/site-packages/airflow/example_dags/example_sla_dag.py
[2024-10-15T14:53:17.851-0300] {processor.py:753} INFO - DAG(s) dict_keys(['example_sla_dag']) retrieved from /home/beatriz/Documentos/airflow/airflow_venv/lib/python3.10/site-packages/airflow/example_dags/example_sla_dag.py
[2024-10-15T14:53:17.866-0300] {logging_mixin.py:137} INFO - [2024-10-15T14:53:17.866-0300] {dag.py:2705} INFO - Sync 1 DAGs
[2024-10-15T14:53:17.885-0300] {logging_mixin.py:137} INFO - [2024-10-15T14:53:17.885-0300] {dag.py:3452} INFO - Setting next_dagrun for example_sla_dag to 2024-10-15T17:50:00+00:00, run_after=2024-10-15T17:52:00+00:00
[2024-10-15T14:53:17.995-0300] {processor.py:175} INFO - Processing /home/beatriz/Documentos/airflow/airflow_venv/lib/python3.10/site-packages/airflow/example_dags/example_sla_dag.py took 0.189 seconds
[2024-10-15T14:54:10.390-0300] {processor.py:153} INFO - Started process (PID=35455) to work on /home/beatriz/Documentos/airflow/airflow_venv/lib/python3.10/site-packages/airflow/example_dags/example_sla_dag.py
[2024-10-15T14:54:10.392-0300] {processor.py:743} INFO - Processing file /home/beatriz/Documentos/airflow/airflow_venv/lib/python3.10/site-packages/airflow/example_dags/example_sla_dag.py for tasks to queue
[2024-10-15T14:54:10.392-0300] {logging_mixin.py:137} INFO - [2024-10-15T14:54:10.392-0300] {dagbag.py:532} INFO - Filling up the DagBag from /home/beatriz/Documentos/airflow/airflow_venv/lib/python3.10/site-packages/airflow/example_dags/example_sla_dag.py
[2024-10-15T14:54:10.416-0300] {processor.py:753} INFO - DAG(s) dict_keys(['example_sla_dag']) retrieved from /home/beatriz/Documentos/airflow/airflow_venv/lib/python3.10/site-packages/airflow/example_dags/example_sla_dag.py
[2024-10-15T14:54:10.432-0300] {logging_mixin.py:137} INFO - [2024-10-15T14:54:10.431-0300] {dag.py:2705} INFO - Sync 1 DAGs
[2024-10-15T14:54:10.547-0300] {logging_mixin.py:137} INFO - [2024-10-15T14:54:10.546-0300] {dag.py:3452} INFO - Setting next_dagrun for example_sla_dag to 2024-10-15T17:52:00+00:00, run_after=2024-10-15T17:54:00+00:00
[2024-10-15T14:54:10.570-0300] {processor.py:175} INFO - Processing /home/beatriz/Documentos/airflow/airflow_venv/lib/python3.10/site-packages/airflow/example_dags/example_sla_dag.py took 0.183 seconds
[2024-10-15T14:55:04.081-0300] {processor.py:153} INFO - Started process (PID=35553) to work on /home/beatriz/Documentos/airflow/airflow_venv/lib/python3.10/site-packages/airflow/example_dags/example_sla_dag.py
[2024-10-15T14:55:04.085-0300] {processor.py:743} INFO - Processing file /home/beatriz/Documentos/airflow/airflow_venv/lib/python3.10/site-packages/airflow/example_dags/example_sla_dag.py for tasks to queue
[2024-10-15T14:55:04.086-0300] {logging_mixin.py:137} INFO - [2024-10-15T14:55:04.086-0300] {dagbag.py:532} INFO - Filling up the DagBag from /home/beatriz/Documentos/airflow/airflow_venv/lib/python3.10/site-packages/airflow/example_dags/example_sla_dag.py
[2024-10-15T14:55:04.119-0300] {processor.py:753} INFO - DAG(s) dict_keys(['example_sla_dag']) retrieved from /home/beatriz/Documentos/airflow/airflow_venv/lib/python3.10/site-packages/airflow/example_dags/example_sla_dag.py
[2024-10-15T14:55:04.136-0300] {logging_mixin.py:137} INFO - [2024-10-15T14:55:04.135-0300] {dag.py:2705} INFO - Sync 1 DAGs
[2024-10-15T14:55:04.246-0300] {logging_mixin.py:137} INFO - [2024-10-15T14:55:04.246-0300] {dag.py:3452} INFO - Setting next_dagrun for example_sla_dag to 2024-10-15T17:52:00+00:00, run_after=2024-10-15T17:54:00+00:00
[2024-10-15T14:55:04.268-0300] {processor.py:175} INFO - Processing /home/beatriz/Documentos/airflow/airflow_venv/lib/python3.10/site-packages/airflow/example_dags/example_sla_dag.py took 0.193 seconds
[2024-10-15T14:55:57.664-0300] {processor.py:153} INFO - Started process (PID=35693) to work on /home/beatriz/Documentos/airflow/airflow_venv/lib/python3.10/site-packages/airflow/example_dags/example_sla_dag.py
[2024-10-15T14:55:57.667-0300] {processor.py:743} INFO - Processing file /home/beatriz/Documentos/airflow/airflow_venv/lib/python3.10/site-packages/airflow/example_dags/example_sla_dag.py for tasks to queue
[2024-10-15T14:55:57.669-0300] {logging_mixin.py:137} INFO - [2024-10-15T14:55:57.668-0300] {dagbag.py:532} INFO - Filling up the DagBag from /home/beatriz/Documentos/airflow/airflow_venv/lib/python3.10/site-packages/airflow/example_dags/example_sla_dag.py
[2024-10-15T14:55:57.703-0300] {processor.py:753} INFO - DAG(s) dict_keys(['example_sla_dag']) retrieved from /home/beatriz/Documentos/airflow/airflow_venv/lib/python3.10/site-packages/airflow/example_dags/example_sla_dag.py
[2024-10-15T14:55:57.808-0300] {logging_mixin.py:137} INFO - [2024-10-15T14:55:57.808-0300] {dag.py:2705} INFO - Sync 1 DAGs
[2024-10-15T14:55:57.828-0300] {logging_mixin.py:137} INFO - [2024-10-15T14:55:57.828-0300] {dag.py:3452} INFO - Setting next_dagrun for example_sla_dag to 2024-10-15T17:52:00+00:00, run_after=2024-10-15T17:54:00+00:00
[2024-10-15T14:55:57.854-0300] {processor.py:175} INFO - Processing /home/beatriz/Documentos/airflow/airflow_venv/lib/python3.10/site-packages/airflow/example_dags/example_sla_dag.py took 0.195 seconds
[2024-10-15T14:56:46.872-0300] {processor.py:153} INFO - Started process (PID=35807) to work on /home/beatriz/Documentos/airflow/airflow_venv/lib/python3.10/site-packages/airflow/example_dags/example_sla_dag.py
[2024-10-15T14:56:46.875-0300] {processor.py:743} INFO - Processing file /home/beatriz/Documentos/airflow/airflow_venv/lib/python3.10/site-packages/airflow/example_dags/example_sla_dag.py for tasks to queue
[2024-10-15T14:56:46.877-0300] {logging_mixin.py:137} INFO - [2024-10-15T14:56:46.877-0300] {dagbag.py:532} INFO - Filling up the DagBag from /home/beatriz/Documentos/airflow/airflow_venv/lib/python3.10/site-packages/airflow/example_dags/example_sla_dag.py
[2024-10-15T14:56:47.000-0300] {processor.py:753} INFO - DAG(s) dict_keys(['example_sla_dag']) retrieved from /home/beatriz/Documentos/airflow/airflow_venv/lib/python3.10/site-packages/airflow/example_dags/example_sla_dag.py
[2024-10-15T14:56:47.016-0300] {logging_mixin.py:137} INFO - [2024-10-15T14:56:47.016-0300] {dag.py:2705} INFO - Sync 1 DAGs
[2024-10-15T14:56:47.035-0300] {logging_mixin.py:137} INFO - [2024-10-15T14:56:47.035-0300] {dag.py:3452} INFO - Setting next_dagrun for example_sla_dag to 2024-10-15T17:54:00+00:00, run_after=2024-10-15T17:56:00+00:00
[2024-10-15T14:56:47.054-0300] {processor.py:175} INFO - Processing /home/beatriz/Documentos/airflow/airflow_venv/lib/python3.10/site-packages/airflow/example_dags/example_sla_dag.py took 0.188 seconds
[2024-10-15T14:57:33.837-0300] {processor.py:153} INFO - Started process (PID=35891) to work on /home/beatriz/Documentos/airflow/airflow_venv/lib/python3.10/site-packages/airflow/example_dags/example_sla_dag.py
[2024-10-15T14:57:33.840-0300] {processor.py:743} INFO - Processing file /home/beatriz/Documentos/airflow/airflow_venv/lib/python3.10/site-packages/airflow/example_dags/example_sla_dag.py for tasks to queue
[2024-10-15T14:57:33.842-0300] {logging_mixin.py:137} INFO - [2024-10-15T14:57:33.842-0300] {dagbag.py:532} INFO - Filling up the DagBag from /home/beatriz/Documentos/airflow/airflow_venv/lib/python3.10/site-packages/airflow/example_dags/example_sla_dag.py
[2024-10-15T14:57:33.960-0300] {processor.py:753} INFO - DAG(s) dict_keys(['example_sla_dag']) retrieved from /home/beatriz/Documentos/airflow/airflow_venv/lib/python3.10/site-packages/airflow/example_dags/example_sla_dag.py
[2024-10-15T14:57:33.972-0300] {logging_mixin.py:137} INFO - [2024-10-15T14:57:33.972-0300] {dag.py:2705} INFO - Sync 1 DAGs
[2024-10-15T14:57:33.989-0300] {logging_mixin.py:137} INFO - [2024-10-15T14:57:33.989-0300] {dag.py:3452} INFO - Setting next_dagrun for example_sla_dag to 2024-10-15T17:54:00+00:00, run_after=2024-10-15T17:56:00+00:00
[2024-10-15T14:57:34.007-0300] {processor.py:175} INFO - Processing /home/beatriz/Documentos/airflow/airflow_venv/lib/python3.10/site-packages/airflow/example_dags/example_sla_dag.py took 0.174 seconds
[2024-10-15T14:58:17.097-0300] {processor.py:153} INFO - Started process (PID=36192) to work on /home/beatriz/Documentos/airflow/airflow_venv/lib/python3.10/site-packages/airflow/example_dags/example_sla_dag.py
[2024-10-15T14:58:17.100-0300] {processor.py:743} INFO - Processing file /home/beatriz/Documentos/airflow/airflow_venv/lib/python3.10/site-packages/airflow/example_dags/example_sla_dag.py for tasks to queue
[2024-10-15T14:58:17.101-0300] {logging_mixin.py:137} INFO - [2024-10-15T14:58:17.101-0300] {dagbag.py:532} INFO - Filling up the DagBag from /home/beatriz/Documentos/airflow/airflow_venv/lib/python3.10/site-packages/airflow/example_dags/example_sla_dag.py
[2024-10-15T14:58:17.132-0300] {processor.py:753} INFO - DAG(s) dict_keys(['example_sla_dag']) retrieved from /home/beatriz/Documentos/airflow/airflow_venv/lib/python3.10/site-packages/airflow/example_dags/example_sla_dag.py
[2024-10-15T14:58:17.150-0300] {logging_mixin.py:137} INFO - [2024-10-15T14:58:17.150-0300] {dag.py:2705} INFO - Sync 1 DAGs
[2024-10-15T14:58:17.177-0300] {logging_mixin.py:137} INFO - [2024-10-15T14:58:17.177-0300] {dag.py:3452} INFO - Setting next_dagrun for example_sla_dag to 2024-10-15T17:56:00+00:00, run_after=2024-10-15T17:58:00+00:00
[2024-10-15T14:58:17.197-0300] {processor.py:175} INFO - Processing /home/beatriz/Documentos/airflow/airflow_venv/lib/python3.10/site-packages/airflow/example_dags/example_sla_dag.py took 0.103 seconds
[2024-10-15T14:58:57.610-0300] {processor.py:153} INFO - Started process (PID=36344) to work on /home/beatriz/Documentos/airflow/airflow_venv/lib/python3.10/site-packages/airflow/example_dags/example_sla_dag.py
[2024-10-15T14:58:57.612-0300] {processor.py:743} INFO - Processing file /home/beatriz/Documentos/airflow/airflow_venv/lib/python3.10/site-packages/airflow/example_dags/example_sla_dag.py for tasks to queue
[2024-10-15T14:58:57.614-0300] {logging_mixin.py:137} INFO - [2024-10-15T14:58:57.614-0300] {dagbag.py:532} INFO - Filling up the DagBag from /home/beatriz/Documentos/airflow/airflow_venv/lib/python3.10/site-packages/airflow/example_dags/example_sla_dag.py
[2024-10-15T14:58:57.649-0300] {processor.py:753} INFO - DAG(s) dict_keys(['example_sla_dag']) retrieved from /home/beatriz/Documentos/airflow/airflow_venv/lib/python3.10/site-packages/airflow/example_dags/example_sla_dag.py
[2024-10-15T14:58:57.664-0300] {logging_mixin.py:137} INFO - [2024-10-15T14:58:57.664-0300] {dag.py:2705} INFO - Sync 1 DAGs
[2024-10-15T14:58:57.681-0300] {logging_mixin.py:137} INFO - [2024-10-15T14:58:57.681-0300] {dag.py:3452} INFO - Setting next_dagrun for example_sla_dag to 2024-10-15T17:56:00+00:00, run_after=2024-10-15T17:58:00+00:00
[2024-10-15T14:58:57.697-0300] {processor.py:175} INFO - Processing /home/beatriz/Documentos/airflow/airflow_venv/lib/python3.10/site-packages/airflow/example_dags/example_sla_dag.py took 0.092 seconds
[2024-10-15T14:59:40.671-0300] {processor.py:153} INFO - Started process (PID=36505) to work on /home/beatriz/Documentos/airflow/airflow_venv/lib/python3.10/site-packages/airflow/example_dags/example_sla_dag.py
[2024-10-15T14:59:40.675-0300] {processor.py:743} INFO - Processing file /home/beatriz/Documentos/airflow/airflow_venv/lib/python3.10/site-packages/airflow/example_dags/example_sla_dag.py for tasks to queue
[2024-10-15T14:59:40.677-0300] {logging_mixin.py:137} INFO - [2024-10-15T14:59:40.676-0300] {dagbag.py:532} INFO - Filling up the DagBag from /home/beatriz/Documentos/airflow/airflow_venv/lib/python3.10/site-packages/airflow/example_dags/example_sla_dag.py
[2024-10-15T14:59:40.713-0300] {processor.py:753} INFO - DAG(s) dict_keys(['example_sla_dag']) retrieved from /home/beatriz/Documentos/airflow/airflow_venv/lib/python3.10/site-packages/airflow/example_dags/example_sla_dag.py
[2024-10-15T14:59:40.728-0300] {logging_mixin.py:137} INFO - [2024-10-15T14:59:40.728-0300] {dag.py:2705} INFO - Sync 1 DAGs
[2024-10-15T14:59:40.745-0300] {logging_mixin.py:137} INFO - [2024-10-15T14:59:40.745-0300] {dag.py:3452} INFO - Setting next_dagrun for example_sla_dag to 2024-10-15T17:56:00+00:00, run_after=2024-10-15T17:58:00+00:00
[2024-10-15T14:59:40.763-0300] {processor.py:175} INFO - Processing /home/beatriz/Documentos/airflow/airflow_venv/lib/python3.10/site-packages/airflow/example_dags/example_sla_dag.py took 0.098 seconds
[2024-10-15T15:00:22.286-0300] {processor.py:153} INFO - Started process (PID=36617) to work on /home/beatriz/Documentos/airflow/airflow_venv/lib/python3.10/site-packages/airflow/example_dags/example_sla_dag.py
[2024-10-15T15:00:22.288-0300] {processor.py:743} INFO - Processing file /home/beatriz/Documentos/airflow/airflow_venv/lib/python3.10/site-packages/airflow/example_dags/example_sla_dag.py for tasks to queue
[2024-10-15T15:00:22.289-0300] {logging_mixin.py:137} INFO - [2024-10-15T15:00:22.289-0300] {dagbag.py:532} INFO - Filling up the DagBag from /home/beatriz/Documentos/airflow/airflow_venv/lib/python3.10/site-packages/airflow/example_dags/example_sla_dag.py
[2024-10-15T15:00:22.310-0300] {processor.py:753} INFO - DAG(s) dict_keys(['example_sla_dag']) retrieved from /home/beatriz/Documentos/airflow/airflow_venv/lib/python3.10/site-packages/airflow/example_dags/example_sla_dag.py
[2024-10-15T15:00:22.324-0300] {logging_mixin.py:137} INFO - [2024-10-15T15:00:22.324-0300] {dag.py:2705} INFO - Sync 1 DAGs
[2024-10-15T15:00:22.340-0300] {logging_mixin.py:137} INFO - [2024-10-15T15:00:22.340-0300] {dag.py:3452} INFO - Setting next_dagrun for example_sla_dag to 2024-10-15T17:58:00+00:00, run_after=2024-10-15T18:00:00+00:00
[2024-10-15T15:00:22.356-0300] {processor.py:175} INFO - Processing /home/beatriz/Documentos/airflow/airflow_venv/lib/python3.10/site-packages/airflow/example_dags/example_sla_dag.py took 0.072 seconds
[2024-10-15T15:01:02.627-0300] {processor.py:153} INFO - Started process (PID=36780) to work on /home/beatriz/Documentos/airflow/airflow_venv/lib/python3.10/site-packages/airflow/example_dags/example_sla_dag.py
[2024-10-15T15:01:02.630-0300] {processor.py:743} INFO - Processing file /home/beatriz/Documentos/airflow/airflow_venv/lib/python3.10/site-packages/airflow/example_dags/example_sla_dag.py for tasks to queue
[2024-10-15T15:01:02.632-0300] {logging_mixin.py:137} INFO - [2024-10-15T15:01:02.631-0300] {dagbag.py:532} INFO - Filling up the DagBag from /home/beatriz/Documentos/airflow/airflow_venv/lib/python3.10/site-packages/airflow/example_dags/example_sla_dag.py
[2024-10-15T15:01:02.667-0300] {processor.py:753} INFO - DAG(s) dict_keys(['example_sla_dag']) retrieved from /home/beatriz/Documentos/airflow/airflow_venv/lib/python3.10/site-packages/airflow/example_dags/example_sla_dag.py
[2024-10-15T15:01:02.681-0300] {logging_mixin.py:137} INFO - [2024-10-15T15:01:02.681-0300] {dag.py:2705} INFO - Sync 1 DAGs
[2024-10-15T15:01:02.699-0300] {logging_mixin.py:137} INFO - [2024-10-15T15:01:02.699-0300] {dag.py:3452} INFO - Setting next_dagrun for example_sla_dag to 2024-10-15T17:58:00+00:00, run_after=2024-10-15T18:00:00+00:00
[2024-10-15T15:01:02.717-0300] {processor.py:175} INFO - Processing /home/beatriz/Documentos/airflow/airflow_venv/lib/python3.10/site-packages/airflow/example_dags/example_sla_dag.py took 0.096 seconds
[2024-10-15T15:01:42.369-0300] {processor.py:153} INFO - Started process (PID=36944) to work on /home/beatriz/Documentos/airflow/airflow_venv/lib/python3.10/site-packages/airflow/example_dags/example_sla_dag.py
[2024-10-15T15:01:42.371-0300] {processor.py:743} INFO - Processing file /home/beatriz/Documentos/airflow/airflow_venv/lib/python3.10/site-packages/airflow/example_dags/example_sla_dag.py for tasks to queue
[2024-10-15T15:01:42.372-0300] {logging_mixin.py:137} INFO - [2024-10-15T15:01:42.372-0300] {dagbag.py:532} INFO - Filling up the DagBag from /home/beatriz/Documentos/airflow/airflow_venv/lib/python3.10/site-packages/airflow/example_dags/example_sla_dag.py
[2024-10-15T15:01:42.403-0300] {processor.py:753} INFO - DAG(s) dict_keys(['example_sla_dag']) retrieved from /home/beatriz/Documentos/airflow/airflow_venv/lib/python3.10/site-packages/airflow/example_dags/example_sla_dag.py
[2024-10-15T15:01:42.418-0300] {logging_mixin.py:137} INFO - [2024-10-15T15:01:42.418-0300] {dag.py:2705} INFO - Sync 1 DAGs
[2024-10-15T15:01:42.436-0300] {logging_mixin.py:137} INFO - [2024-10-15T15:01:42.436-0300] {dag.py:3452} INFO - Setting next_dagrun for example_sla_dag to 2024-10-15T17:58:00+00:00, run_after=2024-10-15T18:00:00+00:00
[2024-10-15T15:01:42.452-0300] {processor.py:175} INFO - Processing /home/beatriz/Documentos/airflow/airflow_venv/lib/python3.10/site-packages/airflow/example_dags/example_sla_dag.py took 0.085 seconds
[2024-10-15T15:02:31.320-0300] {processor.py:153} INFO - Started process (PID=37074) to work on /home/beatriz/Documentos/airflow/airflow_venv/lib/python3.10/site-packages/airflow/example_dags/example_sla_dag.py
[2024-10-15T15:02:31.320-0300] {processor.py:743} INFO - Processing file /home/beatriz/Documentos/airflow/airflow_venv/lib/python3.10/site-packages/airflow/example_dags/example_sla_dag.py for tasks to queue
[2024-10-15T15:02:31.321-0300] {logging_mixin.py:137} INFO - [2024-10-15T15:02:31.321-0300] {dagbag.py:532} INFO - Filling up the DagBag from /home/beatriz/Documentos/airflow/airflow_venv/lib/python3.10/site-packages/airflow/example_dags/example_sla_dag.py
[2024-10-15T15:02:31.342-0300] {processor.py:753} INFO - DAG(s) dict_keys(['example_sla_dag']) retrieved from /home/beatriz/Documentos/airflow/airflow_venv/lib/python3.10/site-packages/airflow/example_dags/example_sla_dag.py
[2024-10-15T15:02:31.362-0300] {logging_mixin.py:137} INFO - [2024-10-15T15:02:31.362-0300] {dag.py:2705} INFO - Sync 1 DAGs
[2024-10-15T15:02:31.386-0300] {logging_mixin.py:137} INFO - [2024-10-15T15:02:31.386-0300] {dag.py:3452} INFO - Setting next_dagrun for example_sla_dag to 2024-10-15T18:00:00+00:00, run_after=2024-10-15T18:02:00+00:00
[2024-10-15T15:02:31.407-0300] {processor.py:175} INFO - Processing /home/beatriz/Documentos/airflow/airflow_venv/lib/python3.10/site-packages/airflow/example_dags/example_sla_dag.py took 0.090 seconds
[2024-10-15T15:03:09.659-0300] {processor.py:153} INFO - Started process (PID=37231) to work on /home/beatriz/Documentos/airflow/airflow_venv/lib/python3.10/site-packages/airflow/example_dags/example_sla_dag.py
[2024-10-15T15:03:09.662-0300] {processor.py:743} INFO - Processing file /home/beatriz/Documentos/airflow/airflow_venv/lib/python3.10/site-packages/airflow/example_dags/example_sla_dag.py for tasks to queue
[2024-10-15T15:03:09.662-0300] {logging_mixin.py:137} INFO - [2024-10-15T15:03:09.662-0300] {dagbag.py:532} INFO - Filling up the DagBag from /home/beatriz/Documentos/airflow/airflow_venv/lib/python3.10/site-packages/airflow/example_dags/example_sla_dag.py
[2024-10-15T15:03:09.682-0300] {processor.py:753} INFO - DAG(s) dict_keys(['example_sla_dag']) retrieved from /home/beatriz/Documentos/airflow/airflow_venv/lib/python3.10/site-packages/airflow/example_dags/example_sla_dag.py
[2024-10-15T15:03:09.697-0300] {logging_mixin.py:137} INFO - [2024-10-15T15:03:09.697-0300] {dag.py:2705} INFO - Sync 1 DAGs
[2024-10-15T15:03:09.715-0300] {logging_mixin.py:137} INFO - [2024-10-15T15:03:09.715-0300] {dag.py:3452} INFO - Setting next_dagrun for example_sla_dag to 2024-10-15T18:00:00+00:00, run_after=2024-10-15T18:02:00+00:00
[2024-10-15T15:03:09.732-0300] {processor.py:175} INFO - Processing /home/beatriz/Documentos/airflow/airflow_venv/lib/python3.10/site-packages/airflow/example_dags/example_sla_dag.py took 0.077 seconds
[2024-10-15T15:03:49.047-0300] {processor.py:153} INFO - Started process (PID=37321) to work on /home/beatriz/Documentos/airflow/airflow_venv/lib/python3.10/site-packages/airflow/example_dags/example_sla_dag.py
[2024-10-15T15:03:49.050-0300] {processor.py:743} INFO - Processing file /home/beatriz/Documentos/airflow/airflow_venv/lib/python3.10/site-packages/airflow/example_dags/example_sla_dag.py for tasks to queue
[2024-10-15T15:03:49.052-0300] {logging_mixin.py:137} INFO - [2024-10-15T15:03:49.051-0300] {dagbag.py:532} INFO - Filling up the DagBag from /home/beatriz/Documentos/airflow/airflow_venv/lib/python3.10/site-packages/airflow/example_dags/example_sla_dag.py
[2024-10-15T15:03:49.084-0300] {processor.py:753} INFO - DAG(s) dict_keys(['example_sla_dag']) retrieved from /home/beatriz/Documentos/airflow/airflow_venv/lib/python3.10/site-packages/airflow/example_dags/example_sla_dag.py
[2024-10-15T15:03:49.100-0300] {logging_mixin.py:137} INFO - [2024-10-15T15:03:49.099-0300] {dag.py:2705} INFO - Sync 1 DAGs
[2024-10-15T15:03:49.120-0300] {logging_mixin.py:137} INFO - [2024-10-15T15:03:49.119-0300] {dag.py:3452} INFO - Setting next_dagrun for example_sla_dag to 2024-10-15T18:00:00+00:00, run_after=2024-10-15T18:02:00+00:00
[2024-10-15T15:03:49.139-0300] {processor.py:175} INFO - Processing /home/beatriz/Documentos/airflow/airflow_venv/lib/python3.10/site-packages/airflow/example_dags/example_sla_dag.py took 0.100 seconds
[2024-10-15T15:04:31.608-0300] {processor.py:153} INFO - Started process (PID=37712) to work on /home/beatriz/Documentos/airflow/airflow_venv/lib/python3.10/site-packages/airflow/example_dags/example_sla_dag.py
[2024-10-15T15:04:31.609-0300] {processor.py:743} INFO - Processing file /home/beatriz/Documentos/airflow/airflow_venv/lib/python3.10/site-packages/airflow/example_dags/example_sla_dag.py for tasks to queue
[2024-10-15T15:04:31.609-0300] {logging_mixin.py:137} INFO - [2024-10-15T15:04:31.609-0300] {dagbag.py:532} INFO - Filling up the DagBag from /home/beatriz/Documentos/airflow/airflow_venv/lib/python3.10/site-packages/airflow/example_dags/example_sla_dag.py
[2024-10-15T15:04:31.633-0300] {processor.py:753} INFO - DAG(s) dict_keys(['example_sla_dag']) retrieved from /home/beatriz/Documentos/airflow/airflow_venv/lib/python3.10/site-packages/airflow/example_dags/example_sla_dag.py
[2024-10-15T15:04:31.647-0300] {logging_mixin.py:137} INFO - [2024-10-15T15:04:31.647-0300] {dag.py:2705} INFO - Sync 1 DAGs
[2024-10-15T15:04:31.667-0300] {logging_mixin.py:137} INFO - [2024-10-15T15:04:31.667-0300] {dag.py:3452} INFO - Setting next_dagrun for example_sla_dag to 2024-10-15T18:02:00+00:00, run_after=2024-10-15T18:04:00+00:00
[2024-10-15T15:04:31.694-0300] {processor.py:175} INFO - Processing /home/beatriz/Documentos/airflow/airflow_venv/lib/python3.10/site-packages/airflow/example_dags/example_sla_dag.py took 0.088 seconds
[2024-10-15T15:05:14.556-0300] {processor.py:153} INFO - Started process (PID=38167) to work on /home/beatriz/Documentos/airflow/airflow_venv/lib/python3.10/site-packages/airflow/example_dags/example_sla_dag.py
[2024-10-15T15:05:14.559-0300] {processor.py:743} INFO - Processing file /home/beatriz/Documentos/airflow/airflow_venv/lib/python3.10/site-packages/airflow/example_dags/example_sla_dag.py for tasks to queue
[2024-10-15T15:05:14.561-0300] {logging_mixin.py:137} INFO - [2024-10-15T15:05:14.560-0300] {dagbag.py:532} INFO - Filling up the DagBag from /home/beatriz/Documentos/airflow/airflow_venv/lib/python3.10/site-packages/airflow/example_dags/example_sla_dag.py
[2024-10-15T15:05:14.594-0300] {processor.py:753} INFO - DAG(s) dict_keys(['example_sla_dag']) retrieved from /home/beatriz/Documentos/airflow/airflow_venv/lib/python3.10/site-packages/airflow/example_dags/example_sla_dag.py
[2024-10-15T15:05:14.611-0300] {logging_mixin.py:137} INFO - [2024-10-15T15:05:14.611-0300] {dag.py:2705} INFO - Sync 1 DAGs
[2024-10-15T15:05:14.630-0300] {logging_mixin.py:137} INFO - [2024-10-15T15:05:14.630-0300] {dag.py:3452} INFO - Setting next_dagrun for example_sla_dag to 2024-10-15T18:02:00+00:00, run_after=2024-10-15T18:04:00+00:00
[2024-10-15T15:05:14.650-0300] {processor.py:175} INFO - Processing /home/beatriz/Documentos/airflow/airflow_venv/lib/python3.10/site-packages/airflow/example_dags/example_sla_dag.py took 0.101 seconds
[2024-10-15T15:05:57.183-0300] {processor.py:153} INFO - Started process (PID=38413) to work on /home/beatriz/Documentos/airflow/airflow_venv/lib/python3.10/site-packages/airflow/example_dags/example_sla_dag.py
[2024-10-15T15:05:57.184-0300] {processor.py:743} INFO - Processing file /home/beatriz/Documentos/airflow/airflow_venv/lib/python3.10/site-packages/airflow/example_dags/example_sla_dag.py for tasks to queue
[2024-10-15T15:05:57.185-0300] {logging_mixin.py:137} INFO - [2024-10-15T15:05:57.185-0300] {dagbag.py:532} INFO - Filling up the DagBag from /home/beatriz/Documentos/airflow/airflow_venv/lib/python3.10/site-packages/airflow/example_dags/example_sla_dag.py
[2024-10-15T15:05:57.208-0300] {processor.py:753} INFO - DAG(s) dict_keys(['example_sla_dag']) retrieved from /home/beatriz/Documentos/airflow/airflow_venv/lib/python3.10/site-packages/airflow/example_dags/example_sla_dag.py
[2024-10-15T15:05:57.225-0300] {logging_mixin.py:137} INFO - [2024-10-15T15:05:57.225-0300] {dag.py:2705} INFO - Sync 1 DAGs
[2024-10-15T15:05:57.246-0300] {logging_mixin.py:137} INFO - [2024-10-15T15:05:57.246-0300] {dag.py:3452} INFO - Setting next_dagrun for example_sla_dag to 2024-10-15T18:02:00+00:00, run_after=2024-10-15T18:04:00+00:00
[2024-10-15T15:05:57.264-0300] {processor.py:175} INFO - Processing /home/beatriz/Documentos/airflow/airflow_venv/lib/python3.10/site-packages/airflow/example_dags/example_sla_dag.py took 0.084 seconds
[2024-10-15T15:06:41.249-0300] {processor.py:153} INFO - Started process (PID=38905) to work on /home/beatriz/Documentos/airflow/airflow_venv/lib/python3.10/site-packages/airflow/example_dags/example_sla_dag.py
[2024-10-15T15:06:41.250-0300] {processor.py:743} INFO - Processing file /home/beatriz/Documentos/airflow/airflow_venv/lib/python3.10/site-packages/airflow/example_dags/example_sla_dag.py for tasks to queue
[2024-10-15T15:06:41.251-0300] {logging_mixin.py:137} INFO - [2024-10-15T15:06:41.250-0300] {dagbag.py:532} INFO - Filling up the DagBag from /home/beatriz/Documentos/airflow/airflow_venv/lib/python3.10/site-packages/airflow/example_dags/example_sla_dag.py
[2024-10-15T15:06:41.276-0300] {processor.py:753} INFO - DAG(s) dict_keys(['example_sla_dag']) retrieved from /home/beatriz/Documentos/airflow/airflow_venv/lib/python3.10/site-packages/airflow/example_dags/example_sla_dag.py
[2024-10-15T15:06:41.297-0300] {logging_mixin.py:137} INFO - [2024-10-15T15:06:41.297-0300] {dag.py:2705} INFO - Sync 1 DAGs
[2024-10-15T15:06:41.321-0300] {logging_mixin.py:137} INFO - [2024-10-15T15:06:41.321-0300] {dag.py:3452} INFO - Setting next_dagrun for example_sla_dag to 2024-10-15T18:04:00+00:00, run_after=2024-10-15T18:06:00+00:00
[2024-10-15T15:06:41.344-0300] {processor.py:175} INFO - Processing /home/beatriz/Documentos/airflow/airflow_venv/lib/python3.10/site-packages/airflow/example_dags/example_sla_dag.py took 0.097 seconds
[2024-10-15T15:07:26.718-0300] {processor.py:153} INFO - Started process (PID=39254) to work on /home/beatriz/Documentos/airflow/airflow_venv/lib/python3.10/site-packages/airflow/example_dags/example_sla_dag.py
[2024-10-15T15:07:26.729-0300] {processor.py:743} INFO - Processing file /home/beatriz/Documentos/airflow/airflow_venv/lib/python3.10/site-packages/airflow/example_dags/example_sla_dag.py for tasks to queue
[2024-10-15T15:07:26.729-0300] {logging_mixin.py:137} INFO - [2024-10-15T15:07:26.729-0300] {dagbag.py:532} INFO - Filling up the DagBag from /home/beatriz/Documentos/airflow/airflow_venv/lib/python3.10/site-packages/airflow/example_dags/example_sla_dag.py
[2024-10-15T15:07:26.753-0300] {processor.py:753} INFO - DAG(s) dict_keys(['example_sla_dag']) retrieved from /home/beatriz/Documentos/airflow/airflow_venv/lib/python3.10/site-packages/airflow/example_dags/example_sla_dag.py
[2024-10-15T15:07:26.770-0300] {logging_mixin.py:137} INFO - [2024-10-15T15:07:26.770-0300] {dag.py:2705} INFO - Sync 1 DAGs
[2024-10-15T15:07:26.791-0300] {logging_mixin.py:137} INFO - [2024-10-15T15:07:26.791-0300] {dag.py:3452} INFO - Setting next_dagrun for example_sla_dag to 2024-10-15T18:04:00+00:00, run_after=2024-10-15T18:06:00+00:00
[2024-10-15T15:07:26.811-0300] {processor.py:175} INFO - Processing /home/beatriz/Documentos/airflow/airflow_venv/lib/python3.10/site-packages/airflow/example_dags/example_sla_dag.py took 0.096 seconds
[2024-10-15T15:08:09.745-0300] {processor.py:153} INFO - Started process (PID=39374) to work on /home/beatriz/Documentos/airflow/airflow_venv/lib/python3.10/site-packages/airflow/example_dags/example_sla_dag.py
[2024-10-15T15:08:09.747-0300] {processor.py:743} INFO - Processing file /home/beatriz/Documentos/airflow/airflow_venv/lib/python3.10/site-packages/airflow/example_dags/example_sla_dag.py for tasks to queue
[2024-10-15T15:08:09.748-0300] {logging_mixin.py:137} INFO - [2024-10-15T15:08:09.748-0300] {dagbag.py:532} INFO - Filling up the DagBag from /home/beatriz/Documentos/airflow/airflow_venv/lib/python3.10/site-packages/airflow/example_dags/example_sla_dag.py
[2024-10-15T15:08:09.767-0300] {processor.py:753} INFO - DAG(s) dict_keys(['example_sla_dag']) retrieved from /home/beatriz/Documentos/airflow/airflow_venv/lib/python3.10/site-packages/airflow/example_dags/example_sla_dag.py
[2024-10-15T15:08:09.781-0300] {logging_mixin.py:137} INFO - [2024-10-15T15:08:09.781-0300] {dag.py:2705} INFO - Sync 1 DAGs
[2024-10-15T15:08:09.798-0300] {logging_mixin.py:137} INFO - [2024-10-15T15:08:09.798-0300] {dag.py:3452} INFO - Setting next_dagrun for example_sla_dag to 2024-10-15T18:06:00+00:00, run_after=2024-10-15T18:08:00+00:00
[2024-10-15T15:08:09.815-0300] {processor.py:175} INFO - Processing /home/beatriz/Documentos/airflow/airflow_venv/lib/python3.10/site-packages/airflow/example_dags/example_sla_dag.py took 0.072 seconds
[2024-10-15T15:08:51.473-0300] {processor.py:153} INFO - Started process (PID=39488) to work on /home/beatriz/Documentos/airflow/airflow_venv/lib/python3.10/site-packages/airflow/example_dags/example_sla_dag.py
[2024-10-15T15:08:51.475-0300] {processor.py:743} INFO - Processing file /home/beatriz/Documentos/airflow/airflow_venv/lib/python3.10/site-packages/airflow/example_dags/example_sla_dag.py for tasks to queue
[2024-10-15T15:08:51.476-0300] {logging_mixin.py:137} INFO - [2024-10-15T15:08:51.476-0300] {dagbag.py:532} INFO - Filling up the DagBag from /home/beatriz/Documentos/airflow/airflow_venv/lib/python3.10/site-packages/airflow/example_dags/example_sla_dag.py
[2024-10-15T15:08:51.513-0300] {processor.py:753} INFO - DAG(s) dict_keys(['example_sla_dag']) retrieved from /home/beatriz/Documentos/airflow/airflow_venv/lib/python3.10/site-packages/airflow/example_dags/example_sla_dag.py
[2024-10-15T15:08:51.538-0300] {logging_mixin.py:137} INFO - [2024-10-15T15:08:51.538-0300] {dag.py:2705} INFO - Sync 1 DAGs
[2024-10-15T15:08:51.559-0300] {logging_mixin.py:137} INFO - [2024-10-15T15:08:51.559-0300] {dag.py:3452} INFO - Setting next_dagrun for example_sla_dag to 2024-10-15T18:06:00+00:00, run_after=2024-10-15T18:08:00+00:00
[2024-10-15T15:08:51.581-0300] {processor.py:175} INFO - Processing /home/beatriz/Documentos/airflow/airflow_venv/lib/python3.10/site-packages/airflow/example_dags/example_sla_dag.py took 0.112 seconds
[2024-10-15T15:09:34.663-0300] {processor.py:153} INFO - Started process (PID=39587) to work on /home/beatriz/Documentos/airflow/airflow_venv/lib/python3.10/site-packages/airflow/example_dags/example_sla_dag.py
[2024-10-15T15:09:34.666-0300] {processor.py:743} INFO - Processing file /home/beatriz/Documentos/airflow/airflow_venv/lib/python3.10/site-packages/airflow/example_dags/example_sla_dag.py for tasks to queue
[2024-10-15T15:09:34.668-0300] {logging_mixin.py:137} INFO - [2024-10-15T15:09:34.668-0300] {dagbag.py:532} INFO - Filling up the DagBag from /home/beatriz/Documentos/airflow/airflow_venv/lib/python3.10/site-packages/airflow/example_dags/example_sla_dag.py
[2024-10-15T15:09:34.703-0300] {processor.py:753} INFO - DAG(s) dict_keys(['example_sla_dag']) retrieved from /home/beatriz/Documentos/airflow/airflow_venv/lib/python3.10/site-packages/airflow/example_dags/example_sla_dag.py
[2024-10-15T15:09:34.717-0300] {logging_mixin.py:137} INFO - [2024-10-15T15:09:34.717-0300] {dag.py:2705} INFO - Sync 1 DAGs
[2024-10-15T15:09:34.734-0300] {logging_mixin.py:137} INFO - [2024-10-15T15:09:34.734-0300] {dag.py:3452} INFO - Setting next_dagrun for example_sla_dag to 2024-10-15T18:06:00+00:00, run_after=2024-10-15T18:08:00+00:00
[2024-10-15T15:09:34.752-0300] {processor.py:175} INFO - Processing /home/beatriz/Documentos/airflow/airflow_venv/lib/python3.10/site-packages/airflow/example_dags/example_sla_dag.py took 0.094 seconds
[2024-10-15T15:10:18.047-0300] {processor.py:153} INFO - Started process (PID=39682) to work on /home/beatriz/Documentos/airflow/airflow_venv/lib/python3.10/site-packages/airflow/example_dags/example_sla_dag.py
[2024-10-15T15:10:18.050-0300] {processor.py:743} INFO - Processing file /home/beatriz/Documentos/airflow/airflow_venv/lib/python3.10/site-packages/airflow/example_dags/example_sla_dag.py for tasks to queue
[2024-10-15T15:10:18.052-0300] {logging_mixin.py:137} INFO - [2024-10-15T15:10:18.052-0300] {dagbag.py:532} INFO - Filling up the DagBag from /home/beatriz/Documentos/airflow/airflow_venv/lib/python3.10/site-packages/airflow/example_dags/example_sla_dag.py
[2024-10-15T15:10:18.082-0300] {processor.py:753} INFO - DAG(s) dict_keys(['example_sla_dag']) retrieved from /home/beatriz/Documentos/airflow/airflow_venv/lib/python3.10/site-packages/airflow/example_dags/example_sla_dag.py
[2024-10-15T15:10:18.097-0300] {logging_mixin.py:137} INFO - [2024-10-15T15:10:18.097-0300] {dag.py:2705} INFO - Sync 1 DAGs
[2024-10-15T15:10:18.115-0300] {logging_mixin.py:137} INFO - [2024-10-15T15:10:18.115-0300] {dag.py:3452} INFO - Setting next_dagrun for example_sla_dag to 2024-10-15T18:08:00+00:00, run_after=2024-10-15T18:10:00+00:00
[2024-10-15T15:10:18.134-0300] {processor.py:175} INFO - Processing /home/beatriz/Documentos/airflow/airflow_venv/lib/python3.10/site-packages/airflow/example_dags/example_sla_dag.py took 0.092 seconds
[2024-10-15T15:35:27.045-0300] {processor.py:161} INFO - Started process (PID=41890) to work on /home/beatriz/Documentos/airflow/airflow_venv/lib/python3.10/site-packages/airflow/example_dags/example_sla_dag.py
[2024-10-15T15:35:27.047-0300] {processor.py:830} INFO - Processing file /home/beatriz/Documentos/airflow/airflow_venv/lib/python3.10/site-packages/airflow/example_dags/example_sla_dag.py for tasks to queue
[2024-10-15T15:35:27.049-0300] {logging_mixin.py:188} INFO - [2024-10-15T15:35:27.049-0300] {dagbag.py:540} INFO - Filling up the DagBag from /home/beatriz/Documentos/airflow/airflow_venv/lib/python3.10/site-packages/airflow/example_dags/example_sla_dag.py
[2024-10-15T15:35:27.056-0300] {processor.py:840} INFO - DAG(s) 'example_sla_dag' retrieved from /home/beatriz/Documentos/airflow/airflow_venv/lib/python3.10/site-packages/airflow/example_dags/example_sla_dag.py
[2024-10-15T15:35:27.063-0300] {logging_mixin.py:188} INFO - [2024-10-15T15:35:27.063-0300] {dag.py:3096} INFO - Sync 1 DAGs
[2024-10-15T15:35:27.081-0300] {logging_mixin.py:188} INFO - [2024-10-15T15:35:27.081-0300] {dag.py:3954} INFO - Setting next_dagrun for example_sla_dag to 2024-10-15 18:32:00+00:00, run_after=2024-10-15 18:34:00+00:00
[2024-10-15T15:35:27.104-0300] {processor.py:183} INFO - Processing /home/beatriz/Documentos/airflow/airflow_venv/lib/python3.10/site-packages/airflow/example_dags/example_sla_dag.py took 0.063 seconds
[2024-10-15T15:36:21.398-0300] {processor.py:161} INFO - Started process (PID=42445) to work on /home/beatriz/Documentos/airflow/airflow_venv/lib/python3.10/site-packages/airflow/example_dags/example_sla_dag.py
[2024-10-15T15:36:21.401-0300] {processor.py:830} INFO - Processing file /home/beatriz/Documentos/airflow/airflow_venv/lib/python3.10/site-packages/airflow/example_dags/example_sla_dag.py for tasks to queue
[2024-10-15T15:36:21.404-0300] {logging_mixin.py:188} INFO - [2024-10-15T15:36:21.403-0300] {dagbag.py:540} INFO - Filling up the DagBag from /home/beatriz/Documentos/airflow/airflow_venv/lib/python3.10/site-packages/airflow/example_dags/example_sla_dag.py
[2024-10-15T15:36:21.418-0300] {processor.py:840} INFO - DAG(s) 'example_sla_dag' retrieved from /home/beatriz/Documentos/airflow/airflow_venv/lib/python3.10/site-packages/airflow/example_dags/example_sla_dag.py
[2024-10-15T15:36:21.494-0300] {logging_mixin.py:188} INFO - [2024-10-15T15:36:21.494-0300] {dag.py:3096} INFO - Sync 1 DAGs
[2024-10-15T15:36:21.587-0300] {logging_mixin.py:188} INFO - [2024-10-15T15:36:21.587-0300] {dag.py:3954} INFO - Setting next_dagrun for example_sla_dag to 2024-10-15 18:34:00+00:00, run_after=2024-10-15 18:36:00+00:00
[2024-10-15T15:36:21.610-0300] {processor.py:183} INFO - Processing /home/beatriz/Documentos/airflow/airflow_venv/lib/python3.10/site-packages/airflow/example_dags/example_sla_dag.py took 0.221 seconds
[2024-10-15T15:37:13.153-0300] {processor.py:161} INFO - Started process (PID=42803) to work on /home/beatriz/Documentos/airflow/airflow_venv/lib/python3.10/site-packages/airflow/example_dags/example_sla_dag.py
[2024-10-15T15:37:13.155-0300] {processor.py:830} INFO - Processing file /home/beatriz/Documentos/airflow/airflow_venv/lib/python3.10/site-packages/airflow/example_dags/example_sla_dag.py for tasks to queue
[2024-10-15T15:37:13.160-0300] {logging_mixin.py:188} INFO - [2024-10-15T15:37:13.158-0300] {dagbag.py:540} INFO - Filling up the DagBag from /home/beatriz/Documentos/airflow/airflow_venv/lib/python3.10/site-packages/airflow/example_dags/example_sla_dag.py
[2024-10-15T15:37:13.172-0300] {processor.py:840} INFO - DAG(s) 'example_sla_dag' retrieved from /home/beatriz/Documentos/airflow/airflow_venv/lib/python3.10/site-packages/airflow/example_dags/example_sla_dag.py
[2024-10-15T15:37:13.187-0300] {logging_mixin.py:188} INFO - [2024-10-15T15:37:13.187-0300] {dag.py:3096} INFO - Sync 1 DAGs
[2024-10-15T15:37:13.205-0300] {logging_mixin.py:188} INFO - [2024-10-15T15:37:13.204-0300] {dag.py:3954} INFO - Setting next_dagrun for example_sla_dag to 2024-10-15 18:34:00+00:00, run_after=2024-10-15 18:36:00+00:00
[2024-10-15T15:37:13.222-0300] {processor.py:183} INFO - Processing /home/beatriz/Documentos/airflow/airflow_venv/lib/python3.10/site-packages/airflow/example_dags/example_sla_dag.py took 0.082 seconds
[2024-10-15T15:38:07.647-0300] {processor.py:161} INFO - Started process (PID=43249) to work on /home/beatriz/Documentos/airflow/airflow_venv/lib/python3.10/site-packages/airflow/example_dags/example_sla_dag.py
[2024-10-15T15:38:07.648-0300] {processor.py:830} INFO - Processing file /home/beatriz/Documentos/airflow/airflow_venv/lib/python3.10/site-packages/airflow/example_dags/example_sla_dag.py for tasks to queue
[2024-10-15T15:38:07.649-0300] {logging_mixin.py:188} INFO - [2024-10-15T15:38:07.649-0300] {dagbag.py:540} INFO - Filling up the DagBag from /home/beatriz/Documentos/airflow/airflow_venv/lib/python3.10/site-packages/airflow/example_dags/example_sla_dag.py
[2024-10-15T15:38:07.655-0300] {processor.py:840} INFO - DAG(s) 'example_sla_dag' retrieved from /home/beatriz/Documentos/airflow/airflow_venv/lib/python3.10/site-packages/airflow/example_dags/example_sla_dag.py
[2024-10-15T15:38:07.667-0300] {logging_mixin.py:188} INFO - [2024-10-15T15:38:07.667-0300] {dag.py:3096} INFO - Sync 1 DAGs
[2024-10-15T15:38:07.765-0300] {logging_mixin.py:188} INFO - [2024-10-15T15:38:07.764-0300] {dag.py:3954} INFO - Setting next_dagrun for example_sla_dag to 2024-10-15 18:36:00+00:00, run_after=2024-10-15 18:38:00+00:00
[2024-10-15T15:38:07.791-0300] {processor.py:183} INFO - Processing /home/beatriz/Documentos/airflow/airflow_venv/lib/python3.10/site-packages/airflow/example_dags/example_sla_dag.py took 0.147 seconds
[2024-10-15T15:38:54.860-0300] {processor.py:161} INFO - Started process (PID=43645) to work on /home/beatriz/Documentos/airflow/airflow_venv/lib/python3.10/site-packages/airflow/example_dags/example_sla_dag.py
[2024-10-15T15:38:54.863-0300] {processor.py:830} INFO - Processing file /home/beatriz/Documentos/airflow/airflow_venv/lib/python3.10/site-packages/airflow/example_dags/example_sla_dag.py for tasks to queue
[2024-10-15T15:38:54.867-0300] {logging_mixin.py:188} INFO - [2024-10-15T15:38:54.866-0300] {dagbag.py:540} INFO - Filling up the DagBag from /home/beatriz/Documentos/airflow/airflow_venv/lib/python3.10/site-packages/airflow/example_dags/example_sla_dag.py
[2024-10-15T15:38:54.881-0300] {processor.py:840} INFO - DAG(s) 'example_sla_dag' retrieved from /home/beatriz/Documentos/airflow/airflow_venv/lib/python3.10/site-packages/airflow/example_dags/example_sla_dag.py
[2024-10-15T15:38:54.895-0300] {logging_mixin.py:188} INFO - [2024-10-15T15:38:54.895-0300] {dag.py:3096} INFO - Sync 1 DAGs
[2024-10-15T15:38:54.913-0300] {logging_mixin.py:188} INFO - [2024-10-15T15:38:54.913-0300] {dag.py:3954} INFO - Setting next_dagrun for example_sla_dag to 2024-10-15 18:36:00+00:00, run_after=2024-10-15 18:38:00+00:00
[2024-10-15T15:38:54.934-0300] {processor.py:183} INFO - Processing /home/beatriz/Documentos/airflow/airflow_venv/lib/python3.10/site-packages/airflow/example_dags/example_sla_dag.py took 0.086 seconds
[2024-10-15T15:39:41.473-0300] {processor.py:161} INFO - Started process (PID=44068) to work on /home/beatriz/Documentos/airflow/airflow_venv/lib/python3.10/site-packages/airflow/example_dags/example_sla_dag.py
[2024-10-15T15:39:41.474-0300] {processor.py:830} INFO - Processing file /home/beatriz/Documentos/airflow/airflow_venv/lib/python3.10/site-packages/airflow/example_dags/example_sla_dag.py for tasks to queue
[2024-10-15T15:39:41.478-0300] {logging_mixin.py:188} INFO - [2024-10-15T15:39:41.476-0300] {dagbag.py:540} INFO - Filling up the DagBag from /home/beatriz/Documentos/airflow/airflow_venv/lib/python3.10/site-packages/airflow/example_dags/example_sla_dag.py
[2024-10-15T15:39:41.487-0300] {processor.py:840} INFO - DAG(s) 'example_sla_dag' retrieved from /home/beatriz/Documentos/airflow/airflow_venv/lib/python3.10/site-packages/airflow/example_dags/example_sla_dag.py
[2024-10-15T15:39:41.499-0300] {logging_mixin.py:188} INFO - [2024-10-15T15:39:41.498-0300] {dag.py:3096} INFO - Sync 1 DAGs
[2024-10-15T15:39:41.515-0300] {logging_mixin.py:188} INFO - [2024-10-15T15:39:41.515-0300] {dag.py:3954} INFO - Setting next_dagrun for example_sla_dag to 2024-10-15 18:36:00+00:00, run_after=2024-10-15 18:38:00+00:00
[2024-10-15T15:39:41.533-0300] {processor.py:183} INFO - Processing /home/beatriz/Documentos/airflow/airflow_venv/lib/python3.10/site-packages/airflow/example_dags/example_sla_dag.py took 0.071 seconds
[2024-10-15T15:40:29.744-0300] {processor.py:161} INFO - Started process (PID=44382) to work on /home/beatriz/Documentos/airflow/airflow_venv/lib/python3.10/site-packages/airflow/example_dags/example_sla_dag.py
[2024-10-15T15:40:29.746-0300] {processor.py:830} INFO - Processing file /home/beatriz/Documentos/airflow/airflow_venv/lib/python3.10/site-packages/airflow/example_dags/example_sla_dag.py for tasks to queue
[2024-10-15T15:40:29.748-0300] {logging_mixin.py:188} INFO - [2024-10-15T15:40:29.747-0300] {dagbag.py:540} INFO - Filling up the DagBag from /home/beatriz/Documentos/airflow/airflow_venv/lib/python3.10/site-packages/airflow/example_dags/example_sla_dag.py
[2024-10-15T15:40:29.756-0300] {processor.py:840} INFO - DAG(s) 'example_sla_dag' retrieved from /home/beatriz/Documentos/airflow/airflow_venv/lib/python3.10/site-packages/airflow/example_dags/example_sla_dag.py
[2024-10-15T15:40:29.770-0300] {logging_mixin.py:188} INFO - [2024-10-15T15:40:29.770-0300] {dag.py:3096} INFO - Sync 1 DAGs
[2024-10-15T15:40:29.789-0300] {logging_mixin.py:188} INFO - [2024-10-15T15:40:29.789-0300] {dag.py:3954} INFO - Setting next_dagrun for example_sla_dag to 2024-10-15 18:38:00+00:00, run_after=2024-10-15 18:40:00+00:00
[2024-10-15T15:40:29.809-0300] {processor.py:183} INFO - Processing /home/beatriz/Documentos/airflow/airflow_venv/lib/python3.10/site-packages/airflow/example_dags/example_sla_dag.py took 0.071 seconds
