[2024-10-15T14:14:38.855-0300] {processor.py:153} INFO - Started process (PID=26542) to work on /home/beatriz/Documentos/airflow/airflow_venv/lib/python3.10/site-packages/airflow/example_dags/example_xcomargs.py
[2024-10-15T14:14:38.855-0300] {processor.py:743} INFO - Processing file /home/beatriz/Documentos/airflow/airflow_venv/lib/python3.10/site-packages/airflow/example_dags/example_xcomargs.py for tasks to queue
[2024-10-15T14:14:38.856-0300] {logging_mixin.py:137} INFO - [2024-10-15T14:14:38.856-0300] {dagbag.py:532} INFO - Filling up the DagBag from /home/beatriz/Documentos/airflow/airflow_venv/lib/python3.10/site-packages/airflow/example_dags/example_xcomargs.py
[2024-10-15T14:14:38.887-0300] {processor.py:753} INFO - DAG(s) dict_keys(['example_xcom_args', 'example_xcom_args_with_operators']) retrieved from /home/beatriz/Documentos/airflow/airflow_venv/lib/python3.10/site-packages/airflow/example_dags/example_xcomargs.py
[2024-10-15T14:14:38.972-0300] {logging_mixin.py:137} INFO - [2024-10-15T14:14:38.972-0300] {manager.py:504} INFO - Created Permission View: can edit on DAG:example_xcom_args
[2024-10-15T14:14:38.989-0300] {logging_mixin.py:137} INFO - [2024-10-15T14:14:38.988-0300] {manager.py:504} INFO - Created Permission View: can delete on DAG:example_xcom_args
[2024-10-15T14:14:39.000-0300] {logging_mixin.py:137} INFO - [2024-10-15T14:14:39.000-0300] {manager.py:504} INFO - Created Permission View: can read on DAG:example_xcom_args
[2024-10-15T14:14:39.017-0300] {logging_mixin.py:137} INFO - [2024-10-15T14:14:39.017-0300] {manager.py:504} INFO - Created Permission View: can edit on DAG:example_xcom_args_with_operators
[2024-10-15T14:14:39.025-0300] {logging_mixin.py:137} INFO - [2024-10-15T14:14:39.025-0300] {manager.py:504} INFO - Created Permission View: can delete on DAG:example_xcom_args_with_operators
[2024-10-15T14:14:39.034-0300] {logging_mixin.py:137} INFO - [2024-10-15T14:14:39.034-0300] {manager.py:504} INFO - Created Permission View: can read on DAG:example_xcom_args_with_operators
[2024-10-15T14:14:39.034-0300] {logging_mixin.py:137} INFO - [2024-10-15T14:14:39.034-0300] {dag.py:2705} INFO - Sync 2 DAGs
[2024-10-15T14:14:39.043-0300] {logging_mixin.py:137} INFO - [2024-10-15T14:14:39.042-0300] {dag.py:2726} INFO - Creating ORM DAG for example_xcom_args
[2024-10-15T14:14:39.043-0300] {logging_mixin.py:137} INFO - [2024-10-15T14:14:39.043-0300] {dag.py:2726} INFO - Creating ORM DAG for example_xcom_args_with_operators
[2024-10-15T14:14:39.050-0300] {logging_mixin.py:137} INFO - [2024-10-15T14:14:39.050-0300] {dag.py:3452} INFO - Setting next_dagrun for example_xcom_args to None, run_after=None
[2024-10-15T14:14:39.051-0300] {logging_mixin.py:137} INFO - [2024-10-15T14:14:39.051-0300] {dag.py:3452} INFO - Setting next_dagrun for example_xcom_args_with_operators to None, run_after=None
[2024-10-15T14:14:39.071-0300] {processor.py:175} INFO - Processing /home/beatriz/Documentos/airflow/airflow_venv/lib/python3.10/site-packages/airflow/example_dags/example_xcomargs.py took 0.219 seconds
[2024-10-15T14:15:29.339-0300] {processor.py:153} INFO - Started process (PID=26632) to work on /home/beatriz/Documentos/airflow/airflow_venv/lib/python3.10/site-packages/airflow/example_dags/example_xcomargs.py
[2024-10-15T14:15:29.342-0300] {processor.py:743} INFO - Processing file /home/beatriz/Documentos/airflow/airflow_venv/lib/python3.10/site-packages/airflow/example_dags/example_xcomargs.py for tasks to queue
[2024-10-15T14:15:29.343-0300] {logging_mixin.py:137} INFO - [2024-10-15T14:15:29.343-0300] {dagbag.py:532} INFO - Filling up the DagBag from /home/beatriz/Documentos/airflow/airflow_venv/lib/python3.10/site-packages/airflow/example_dags/example_xcomargs.py
[2024-10-15T14:15:29.382-0300] {processor.py:753} INFO - DAG(s) dict_keys(['example_xcom_args', 'example_xcom_args_with_operators']) retrieved from /home/beatriz/Documentos/airflow/airflow_venv/lib/python3.10/site-packages/airflow/example_dags/example_xcomargs.py
[2024-10-15T14:15:29.388-0300] {logging_mixin.py:137} INFO - [2024-10-15T14:15:29.387-0300] {dag.py:2705} INFO - Sync 2 DAGs
[2024-10-15T14:15:29.403-0300] {logging_mixin.py:137} INFO - [2024-10-15T14:15:29.403-0300] {dag.py:3452} INFO - Setting next_dagrun for example_xcom_args to None, run_after=None
[2024-10-15T14:15:29.405-0300] {logging_mixin.py:137} INFO - [2024-10-15T14:15:29.405-0300] {dag.py:3452} INFO - Setting next_dagrun for example_xcom_args_with_operators to None, run_after=None
[2024-10-15T14:15:29.421-0300] {processor.py:175} INFO - Processing /home/beatriz/Documentos/airflow/airflow_venv/lib/python3.10/site-packages/airflow/example_dags/example_xcomargs.py took 0.084 seconds
[2024-10-15T14:16:09.542-0300] {processor.py:153} INFO - Started process (PID=26771) to work on /home/beatriz/Documentos/airflow/airflow_venv/lib/python3.10/site-packages/airflow/example_dags/example_xcomargs.py
[2024-10-15T14:16:09.544-0300] {processor.py:743} INFO - Processing file /home/beatriz/Documentos/airflow/airflow_venv/lib/python3.10/site-packages/airflow/example_dags/example_xcomargs.py for tasks to queue
[2024-10-15T14:16:09.544-0300] {logging_mixin.py:137} INFO - [2024-10-15T14:16:09.544-0300] {dagbag.py:532} INFO - Filling up the DagBag from /home/beatriz/Documentos/airflow/airflow_venv/lib/python3.10/site-packages/airflow/example_dags/example_xcomargs.py
[2024-10-15T14:16:09.568-0300] {processor.py:753} INFO - DAG(s) dict_keys(['example_xcom_args_with_operators', 'example_xcom_args']) retrieved from /home/beatriz/Documentos/airflow/airflow_venv/lib/python3.10/site-packages/airflow/example_dags/example_xcomargs.py
[2024-10-15T14:16:09.585-0300] {logging_mixin.py:137} INFO - [2024-10-15T14:16:09.585-0300] {dag.py:2705} INFO - Sync 2 DAGs
[2024-10-15T14:16:09.600-0300] {logging_mixin.py:137} INFO - [2024-10-15T14:16:09.600-0300] {dag.py:3452} INFO - Setting next_dagrun for example_xcom_args to None, run_after=None
[2024-10-15T14:16:09.603-0300] {logging_mixin.py:137} INFO - [2024-10-15T14:16:09.603-0300] {dag.py:3452} INFO - Setting next_dagrun for example_xcom_args_with_operators to None, run_after=None
[2024-10-15T14:16:09.618-0300] {processor.py:175} INFO - Processing /home/beatriz/Documentos/airflow/airflow_venv/lib/python3.10/site-packages/airflow/example_dags/example_xcomargs.py took 0.079 seconds
[2024-10-15T14:17:57.280-0300] {processor.py:153} INFO - Started process (PID=27032) to work on /home/beatriz/Documentos/airflow/airflow_venv/lib/python3.10/site-packages/airflow/example_dags/example_xcomargs.py
[2024-10-15T14:17:57.282-0300] {processor.py:743} INFO - Processing file /home/beatriz/Documentos/airflow/airflow_venv/lib/python3.10/site-packages/airflow/example_dags/example_xcomargs.py for tasks to queue
[2024-10-15T14:17:57.282-0300] {logging_mixin.py:137} INFO - [2024-10-15T14:17:57.282-0300] {dagbag.py:532} INFO - Filling up the DagBag from /home/beatriz/Documentos/airflow/airflow_venv/lib/python3.10/site-packages/airflow/example_dags/example_xcomargs.py
[2024-10-15T14:17:57.304-0300] {processor.py:753} INFO - DAG(s) dict_keys(['example_xcom_args', 'example_xcom_args_with_operators']) retrieved from /home/beatriz/Documentos/airflow/airflow_venv/lib/python3.10/site-packages/airflow/example_dags/example_xcomargs.py
[2024-10-15T14:17:57.312-0300] {logging_mixin.py:137} INFO - [2024-10-15T14:17:57.311-0300] {dag.py:2705} INFO - Sync 2 DAGs
[2024-10-15T14:17:57.327-0300] {logging_mixin.py:137} INFO - [2024-10-15T14:17:57.327-0300] {dag.py:3452} INFO - Setting next_dagrun for example_xcom_args to None, run_after=None
[2024-10-15T14:17:57.329-0300] {logging_mixin.py:137} INFO - [2024-10-15T14:17:57.329-0300] {dag.py:3452} INFO - Setting next_dagrun for example_xcom_args_with_operators to None, run_after=None
[2024-10-15T14:17:57.345-0300] {processor.py:175} INFO - Processing /home/beatriz/Documentos/airflow/airflow_venv/lib/python3.10/site-packages/airflow/example_dags/example_xcomargs.py took 0.067 seconds
[2024-10-15T14:18:39.626-0300] {processor.py:153} INFO - Started process (PID=27212) to work on /home/beatriz/Documentos/airflow/airflow_venv/lib/python3.10/site-packages/airflow/example_dags/example_xcomargs.py
[2024-10-15T14:18:39.629-0300] {processor.py:743} INFO - Processing file /home/beatriz/Documentos/airflow/airflow_venv/lib/python3.10/site-packages/airflow/example_dags/example_xcomargs.py for tasks to queue
[2024-10-15T14:18:39.630-0300] {logging_mixin.py:137} INFO - [2024-10-15T14:18:39.629-0300] {dagbag.py:532} INFO - Filling up the DagBag from /home/beatriz/Documentos/airflow/airflow_venv/lib/python3.10/site-packages/airflow/example_dags/example_xcomargs.py
[2024-10-15T14:18:39.659-0300] {processor.py:753} INFO - DAG(s) dict_keys(['example_xcom_args', 'example_xcom_args_with_operators']) retrieved from /home/beatriz/Documentos/airflow/airflow_venv/lib/python3.10/site-packages/airflow/example_dags/example_xcomargs.py
[2024-10-15T14:18:39.678-0300] {logging_mixin.py:137} INFO - [2024-10-15T14:18:39.678-0300] {dag.py:2705} INFO - Sync 2 DAGs
[2024-10-15T14:18:39.695-0300] {logging_mixin.py:137} INFO - [2024-10-15T14:18:39.694-0300] {dag.py:3452} INFO - Setting next_dagrun for example_xcom_args to None, run_after=None
[2024-10-15T14:18:39.697-0300] {logging_mixin.py:137} INFO - [2024-10-15T14:18:39.697-0300] {dag.py:3452} INFO - Setting next_dagrun for example_xcom_args_with_operators to None, run_after=None
[2024-10-15T14:18:39.714-0300] {processor.py:175} INFO - Processing /home/beatriz/Documentos/airflow/airflow_venv/lib/python3.10/site-packages/airflow/example_dags/example_xcomargs.py took 0.093 seconds
[2024-10-15T14:50:50.192-0300] {processor.py:153} INFO - Started process (PID=34268) to work on /home/beatriz/Documentos/airflow/airflow_venv/lib/python3.10/site-packages/airflow/example_dags/example_xcomargs.py
[2024-10-15T14:50:50.195-0300] {processor.py:743} INFO - Processing file /home/beatriz/Documentos/airflow/airflow_venv/lib/python3.10/site-packages/airflow/example_dags/example_xcomargs.py for tasks to queue
[2024-10-15T14:50:50.196-0300] {logging_mixin.py:137} INFO - [2024-10-15T14:50:50.196-0300] {dagbag.py:532} INFO - Filling up the DagBag from /home/beatriz/Documentos/airflow/airflow_venv/lib/python3.10/site-packages/airflow/example_dags/example_xcomargs.py
[2024-10-15T14:50:50.231-0300] {processor.py:753} INFO - DAG(s) dict_keys(['example_xcom_args_with_operators', 'example_xcom_args']) retrieved from /home/beatriz/Documentos/airflow/airflow_venv/lib/python3.10/site-packages/airflow/example_dags/example_xcomargs.py
[2024-10-15T14:50:50.238-0300] {logging_mixin.py:137} INFO - [2024-10-15T14:50:50.238-0300] {dag.py:2705} INFO - Sync 2 DAGs
[2024-10-15T14:50:50.253-0300] {logging_mixin.py:137} INFO - [2024-10-15T14:50:50.253-0300] {dag.py:3452} INFO - Setting next_dagrun for example_xcom_args to None, run_after=None
[2024-10-15T14:50:50.256-0300] {logging_mixin.py:137} INFO - [2024-10-15T14:50:50.256-0300] {dag.py:3452} INFO - Setting next_dagrun for example_xcom_args_with_operators to None, run_after=None
[2024-10-15T14:50:50.273-0300] {processor.py:175} INFO - Processing /home/beatriz/Documentos/airflow/airflow_venv/lib/python3.10/site-packages/airflow/example_dags/example_xcomargs.py took 0.086 seconds
[2024-10-15T14:51:33.163-0300] {processor.py:153} INFO - Started process (PID=34628) to work on /home/beatriz/Documentos/airflow/airflow_venv/lib/python3.10/site-packages/airflow/example_dags/example_xcomargs.py
[2024-10-15T14:51:33.164-0300] {processor.py:743} INFO - Processing file /home/beatriz/Documentos/airflow/airflow_venv/lib/python3.10/site-packages/airflow/example_dags/example_xcomargs.py for tasks to queue
[2024-10-15T14:51:33.166-0300] {logging_mixin.py:137} INFO - [2024-10-15T14:51:33.165-0300] {dagbag.py:532} INFO - Filling up the DagBag from /home/beatriz/Documentos/airflow/airflow_venv/lib/python3.10/site-packages/airflow/example_dags/example_xcomargs.py
[2024-10-15T14:51:33.196-0300] {processor.py:753} INFO - DAG(s) dict_keys(['example_xcom_args_with_operators', 'example_xcom_args']) retrieved from /home/beatriz/Documentos/airflow/airflow_venv/lib/python3.10/site-packages/airflow/example_dags/example_xcomargs.py
[2024-10-15T14:51:33.213-0300] {logging_mixin.py:137} INFO - [2024-10-15T14:51:33.213-0300] {dag.py:2705} INFO - Sync 2 DAGs
[2024-10-15T14:51:33.227-0300] {logging_mixin.py:137} INFO - [2024-10-15T14:51:33.227-0300] {dag.py:3452} INFO - Setting next_dagrun for example_xcom_args to None, run_after=None
[2024-10-15T14:51:33.230-0300] {logging_mixin.py:137} INFO - [2024-10-15T14:51:33.229-0300] {dag.py:3452} INFO - Setting next_dagrun for example_xcom_args_with_operators to None, run_after=None
[2024-10-15T14:51:33.245-0300] {processor.py:175} INFO - Processing /home/beatriz/Documentos/airflow/airflow_venv/lib/python3.10/site-packages/airflow/example_dags/example_xcomargs.py took 0.088 seconds
[2024-10-15T14:52:17.107-0300] {processor.py:153} INFO - Started process (PID=34721) to work on /home/beatriz/Documentos/airflow/airflow_venv/lib/python3.10/site-packages/airflow/example_dags/example_xcomargs.py
[2024-10-15T14:52:17.110-0300] {processor.py:743} INFO - Processing file /home/beatriz/Documentos/airflow/airflow_venv/lib/python3.10/site-packages/airflow/example_dags/example_xcomargs.py for tasks to queue
[2024-10-15T14:52:17.112-0300] {logging_mixin.py:137} INFO - [2024-10-15T14:52:17.111-0300] {dagbag.py:532} INFO - Filling up the DagBag from /home/beatriz/Documentos/airflow/airflow_venv/lib/python3.10/site-packages/airflow/example_dags/example_xcomargs.py
[2024-10-15T14:52:17.146-0300] {processor.py:753} INFO - DAG(s) dict_keys(['example_xcom_args', 'example_xcom_args_with_operators']) retrieved from /home/beatriz/Documentos/airflow/airflow_venv/lib/python3.10/site-packages/airflow/example_dags/example_xcomargs.py
[2024-10-15T14:52:17.163-0300] {logging_mixin.py:137} INFO - [2024-10-15T14:52:17.163-0300] {dag.py:2705} INFO - Sync 2 DAGs
[2024-10-15T14:52:17.178-0300] {logging_mixin.py:137} INFO - [2024-10-15T14:52:17.178-0300] {dag.py:3452} INFO - Setting next_dagrun for example_xcom_args to None, run_after=None
[2024-10-15T14:52:17.181-0300] {logging_mixin.py:137} INFO - [2024-10-15T14:52:17.180-0300] {dag.py:3452} INFO - Setting next_dagrun for example_xcom_args_with_operators to None, run_after=None
[2024-10-15T14:52:17.199-0300] {processor.py:175} INFO - Processing /home/beatriz/Documentos/airflow/airflow_venv/lib/python3.10/site-packages/airflow/example_dags/example_xcomargs.py took 0.101 seconds
[2024-10-15T14:53:06.343-0300] {processor.py:153} INFO - Started process (PID=35142) to work on /home/beatriz/Documentos/airflow/airflow_venv/lib/python3.10/site-packages/airflow/example_dags/example_xcomargs.py
[2024-10-15T14:53:06.346-0300] {processor.py:743} INFO - Processing file /home/beatriz/Documentos/airflow/airflow_venv/lib/python3.10/site-packages/airflow/example_dags/example_xcomargs.py for tasks to queue
[2024-10-15T14:53:06.347-0300] {logging_mixin.py:137} INFO - [2024-10-15T14:53:06.347-0300] {dagbag.py:532} INFO - Filling up the DagBag from /home/beatriz/Documentos/airflow/airflow_venv/lib/python3.10/site-packages/airflow/example_dags/example_xcomargs.py
[2024-10-15T14:53:06.382-0300] {processor.py:753} INFO - DAG(s) dict_keys(['example_xcom_args_with_operators', 'example_xcom_args']) retrieved from /home/beatriz/Documentos/airflow/airflow_venv/lib/python3.10/site-packages/airflow/example_dags/example_xcomargs.py
[2024-10-15T14:53:06.401-0300] {logging_mixin.py:137} INFO - [2024-10-15T14:53:06.401-0300] {dag.py:2705} INFO - Sync 2 DAGs
[2024-10-15T14:53:06.506-0300] {logging_mixin.py:137} INFO - [2024-10-15T14:53:06.505-0300] {dag.py:3452} INFO - Setting next_dagrun for example_xcom_args to None, run_after=None
[2024-10-15T14:53:06.509-0300] {logging_mixin.py:137} INFO - [2024-10-15T14:53:06.509-0300] {dag.py:3452} INFO - Setting next_dagrun for example_xcom_args_with_operators to None, run_after=None
[2024-10-15T14:53:06.534-0300] {processor.py:175} INFO - Processing /home/beatriz/Documentos/airflow/airflow_venv/lib/python3.10/site-packages/airflow/example_dags/example_xcomargs.py took 0.196 seconds
[2024-10-15T14:53:40.481-0300] {processor.py:153} INFO - Started process (PID=35248) to work on /home/beatriz/Documentos/airflow/airflow_venv/lib/python3.10/site-packages/airflow/example_dags/example_xcomargs.py
[2024-10-15T14:53:40.483-0300] {processor.py:743} INFO - Processing file /home/beatriz/Documentos/airflow/airflow_venv/lib/python3.10/site-packages/airflow/example_dags/example_xcomargs.py for tasks to queue
[2024-10-15T14:53:40.484-0300] {logging_mixin.py:137} INFO - [2024-10-15T14:53:40.484-0300] {dagbag.py:532} INFO - Filling up the DagBag from /home/beatriz/Documentos/airflow/airflow_venv/lib/python3.10/site-packages/airflow/example_dags/example_xcomargs.py
[2024-10-15T14:53:40.514-0300] {processor.py:753} INFO - DAG(s) dict_keys(['example_xcom_args_with_operators', 'example_xcom_args']) retrieved from /home/beatriz/Documentos/airflow/airflow_venv/lib/python3.10/site-packages/airflow/example_dags/example_xcomargs.py
[2024-10-15T14:53:40.533-0300] {logging_mixin.py:137} INFO - [2024-10-15T14:53:40.533-0300] {dag.py:2705} INFO - Sync 2 DAGs
[2024-10-15T14:53:40.640-0300] {logging_mixin.py:137} INFO - [2024-10-15T14:53:40.640-0300] {dag.py:3452} INFO - Setting next_dagrun for example_xcom_args to None, run_after=None
[2024-10-15T14:53:40.644-0300] {logging_mixin.py:137} INFO - [2024-10-15T14:53:40.644-0300] {dag.py:3452} INFO - Setting next_dagrun for example_xcom_args_with_operators to None, run_after=None
[2024-10-15T14:53:40.669-0300] {processor.py:175} INFO - Processing /home/beatriz/Documentos/airflow/airflow_venv/lib/python3.10/site-packages/airflow/example_dags/example_xcomargs.py took 0.192 seconds
[2024-10-15T14:54:17.999-0300] {processor.py:153} INFO - Started process (PID=35464) to work on /home/beatriz/Documentos/airflow/airflow_venv/lib/python3.10/site-packages/airflow/example_dags/example_xcomargs.py
[2024-10-15T14:54:18.002-0300] {processor.py:743} INFO - Processing file /home/beatriz/Documentos/airflow/airflow_venv/lib/python3.10/site-packages/airflow/example_dags/example_xcomargs.py for tasks to queue
[2024-10-15T14:54:18.003-0300] {logging_mixin.py:137} INFO - [2024-10-15T14:54:18.003-0300] {dagbag.py:532} INFO - Filling up the DagBag from /home/beatriz/Documentos/airflow/airflow_venv/lib/python3.10/site-packages/airflow/example_dags/example_xcomargs.py
[2024-10-15T14:54:18.036-0300] {processor.py:753} INFO - DAG(s) dict_keys(['example_xcom_args', 'example_xcom_args_with_operators']) retrieved from /home/beatriz/Documentos/airflow/airflow_venv/lib/python3.10/site-packages/airflow/example_dags/example_xcomargs.py
[2024-10-15T14:54:18.057-0300] {logging_mixin.py:137} INFO - [2024-10-15T14:54:18.057-0300] {dag.py:2705} INFO - Sync 2 DAGs
[2024-10-15T14:54:18.173-0300] {logging_mixin.py:137} INFO - [2024-10-15T14:54:18.173-0300] {dag.py:3452} INFO - Setting next_dagrun for example_xcom_args to None, run_after=None
[2024-10-15T14:54:18.176-0300] {logging_mixin.py:137} INFO - [2024-10-15T14:54:18.176-0300] {dag.py:3452} INFO - Setting next_dagrun for example_xcom_args_with_operators to None, run_after=None
[2024-10-15T14:54:18.201-0300] {processor.py:175} INFO - Processing /home/beatriz/Documentos/airflow/airflow_venv/lib/python3.10/site-packages/airflow/example_dags/example_xcomargs.py took 0.209 seconds
[2024-10-15T14:54:57.564-0300] {processor.py:153} INFO - Started process (PID=35546) to work on /home/beatriz/Documentos/airflow/airflow_venv/lib/python3.10/site-packages/airflow/example_dags/example_xcomargs.py
[2024-10-15T14:54:57.566-0300] {processor.py:743} INFO - Processing file /home/beatriz/Documentos/airflow/airflow_venv/lib/python3.10/site-packages/airflow/example_dags/example_xcomargs.py for tasks to queue
[2024-10-15T14:54:57.566-0300] {logging_mixin.py:137} INFO - [2024-10-15T14:54:57.566-0300] {dagbag.py:532} INFO - Filling up the DagBag from /home/beatriz/Documentos/airflow/airflow_venv/lib/python3.10/site-packages/airflow/example_dags/example_xcomargs.py
[2024-10-15T14:54:57.588-0300] {processor.py:753} INFO - DAG(s) dict_keys(['example_xcom_args', 'example_xcom_args_with_operators']) retrieved from /home/beatriz/Documentos/airflow/airflow_venv/lib/python3.10/site-packages/airflow/example_dags/example_xcomargs.py
[2024-10-15T14:54:57.706-0300] {logging_mixin.py:137} INFO - [2024-10-15T14:54:57.706-0300] {dag.py:2705} INFO - Sync 2 DAGs
[2024-10-15T14:54:57.725-0300] {logging_mixin.py:137} INFO - [2024-10-15T14:54:57.725-0300] {dag.py:3452} INFO - Setting next_dagrun for example_xcom_args to None, run_after=None
[2024-10-15T14:54:57.728-0300] {logging_mixin.py:137} INFO - [2024-10-15T14:54:57.728-0300] {dag.py:3452} INFO - Setting next_dagrun for example_xcom_args_with_operators to None, run_after=None
[2024-10-15T14:54:57.750-0300] {processor.py:175} INFO - Processing /home/beatriz/Documentos/airflow/airflow_venv/lib/python3.10/site-packages/airflow/example_dags/example_xcomargs.py took 0.188 seconds
[2024-10-15T14:55:47.673-0300] {processor.py:153} INFO - Started process (PID=35679) to work on /home/beatriz/Documentos/airflow/airflow_venv/lib/python3.10/site-packages/airflow/example_dags/example_xcomargs.py
[2024-10-15T14:55:47.675-0300] {processor.py:743} INFO - Processing file /home/beatriz/Documentos/airflow/airflow_venv/lib/python3.10/site-packages/airflow/example_dags/example_xcomargs.py for tasks to queue
[2024-10-15T14:55:47.676-0300] {logging_mixin.py:137} INFO - [2024-10-15T14:55:47.676-0300] {dagbag.py:532} INFO - Filling up the DagBag from /home/beatriz/Documentos/airflow/airflow_venv/lib/python3.10/site-packages/airflow/example_dags/example_xcomargs.py
[2024-10-15T14:55:47.704-0300] {processor.py:753} INFO - DAG(s) dict_keys(['example_xcom_args', 'example_xcom_args_with_operators']) retrieved from /home/beatriz/Documentos/airflow/airflow_venv/lib/python3.10/site-packages/airflow/example_dags/example_xcomargs.py
[2024-10-15T14:55:47.815-0300] {logging_mixin.py:137} INFO - [2024-10-15T14:55:47.815-0300] {dag.py:2705} INFO - Sync 2 DAGs
[2024-10-15T14:55:47.834-0300] {logging_mixin.py:137} INFO - [2024-10-15T14:55:47.834-0300] {dag.py:3452} INFO - Setting next_dagrun for example_xcom_args to None, run_after=None
[2024-10-15T14:55:47.836-0300] {logging_mixin.py:137} INFO - [2024-10-15T14:55:47.836-0300] {dag.py:3452} INFO - Setting next_dagrun for example_xcom_args_with_operators to None, run_after=None
[2024-10-15T14:55:47.855-0300] {processor.py:175} INFO - Processing /home/beatriz/Documentos/airflow/airflow_venv/lib/python3.10/site-packages/airflow/example_dags/example_xcomargs.py took 0.186 seconds
[2024-10-15T14:56:22.624-0300] {processor.py:153} INFO - Started process (PID=35747) to work on /home/beatriz/Documentos/airflow/airflow_venv/lib/python3.10/site-packages/airflow/example_dags/example_xcomargs.py
[2024-10-15T14:56:22.626-0300] {processor.py:743} INFO - Processing file /home/beatriz/Documentos/airflow/airflow_venv/lib/python3.10/site-packages/airflow/example_dags/example_xcomargs.py for tasks to queue
[2024-10-15T14:56:22.628-0300] {logging_mixin.py:137} INFO - [2024-10-15T14:56:22.627-0300] {dagbag.py:532} INFO - Filling up the DagBag from /home/beatriz/Documentos/airflow/airflow_venv/lib/python3.10/site-packages/airflow/example_dags/example_xcomargs.py
[2024-10-15T14:56:22.750-0300] {processor.py:753} INFO - DAG(s) dict_keys(['example_xcom_args', 'example_xcom_args_with_operators']) retrieved from /home/beatriz/Documentos/airflow/airflow_venv/lib/python3.10/site-packages/airflow/example_dags/example_xcomargs.py
[2024-10-15T14:56:22.766-0300] {logging_mixin.py:137} INFO - [2024-10-15T14:56:22.766-0300] {dag.py:2705} INFO - Sync 2 DAGs
[2024-10-15T14:56:22.781-0300] {logging_mixin.py:137} INFO - [2024-10-15T14:56:22.781-0300] {dag.py:3452} INFO - Setting next_dagrun for example_xcom_args to None, run_after=None
[2024-10-15T14:56:22.783-0300] {logging_mixin.py:137} INFO - [2024-10-15T14:56:22.783-0300] {dag.py:3452} INFO - Setting next_dagrun for example_xcom_args_with_operators to None, run_after=None
[2024-10-15T14:56:22.801-0300] {processor.py:175} INFO - Processing /home/beatriz/Documentos/airflow/airflow_venv/lib/python3.10/site-packages/airflow/example_dags/example_xcomargs.py took 0.179 seconds
[2024-10-15T14:57:09.613-0300] {processor.py:153} INFO - Started process (PID=35849) to work on /home/beatriz/Documentos/airflow/airflow_venv/lib/python3.10/site-packages/airflow/example_dags/example_xcomargs.py
[2024-10-15T14:57:09.615-0300] {processor.py:743} INFO - Processing file /home/beatriz/Documentos/airflow/airflow_venv/lib/python3.10/site-packages/airflow/example_dags/example_xcomargs.py for tasks to queue
[2024-10-15T14:57:09.617-0300] {logging_mixin.py:137} INFO - [2024-10-15T14:57:09.617-0300] {dagbag.py:532} INFO - Filling up the DagBag from /home/beatriz/Documentos/airflow/airflow_venv/lib/python3.10/site-packages/airflow/example_dags/example_xcomargs.py
[2024-10-15T14:57:09.782-0300] {processor.py:753} INFO - DAG(s) dict_keys(['example_xcom_args', 'example_xcom_args_with_operators']) retrieved from /home/beatriz/Documentos/airflow/airflow_venv/lib/python3.10/site-packages/airflow/example_dags/example_xcomargs.py
[2024-10-15T14:57:09.802-0300] {logging_mixin.py:137} INFO - [2024-10-15T14:57:09.801-0300] {dag.py:2705} INFO - Sync 2 DAGs
[2024-10-15T14:57:09.818-0300] {logging_mixin.py:137} INFO - [2024-10-15T14:57:09.818-0300] {dag.py:3452} INFO - Setting next_dagrun for example_xcom_args to None, run_after=None
[2024-10-15T14:57:09.821-0300] {logging_mixin.py:137} INFO - [2024-10-15T14:57:09.820-0300] {dag.py:3452} INFO - Setting next_dagrun for example_xcom_args_with_operators to None, run_after=None
[2024-10-15T14:57:09.836-0300] {processor.py:175} INFO - Processing /home/beatriz/Documentos/airflow/airflow_venv/lib/python3.10/site-packages/airflow/example_dags/example_xcomargs.py took 0.225 seconds
[2024-10-15T14:57:43.379-0300] {processor.py:153} INFO - Started process (PID=35954) to work on /home/beatriz/Documentos/airflow/airflow_venv/lib/python3.10/site-packages/airflow/example_dags/example_xcomargs.py
[2024-10-15T14:57:43.382-0300] {processor.py:743} INFO - Processing file /home/beatriz/Documentos/airflow/airflow_venv/lib/python3.10/site-packages/airflow/example_dags/example_xcomargs.py for tasks to queue
[2024-10-15T14:57:43.383-0300] {logging_mixin.py:137} INFO - [2024-10-15T14:57:43.383-0300] {dagbag.py:532} INFO - Filling up the DagBag from /home/beatriz/Documentos/airflow/airflow_venv/lib/python3.10/site-packages/airflow/example_dags/example_xcomargs.py
[2024-10-15T14:57:43.416-0300] {processor.py:753} INFO - DAG(s) dict_keys(['example_xcom_args_with_operators', 'example_xcom_args']) retrieved from /home/beatriz/Documentos/airflow/airflow_venv/lib/python3.10/site-packages/airflow/example_dags/example_xcomargs.py
[2024-10-15T14:57:43.435-0300] {logging_mixin.py:137} INFO - [2024-10-15T14:57:43.434-0300] {dag.py:2705} INFO - Sync 2 DAGs
[2024-10-15T14:57:43.451-0300] {logging_mixin.py:137} INFO - [2024-10-15T14:57:43.451-0300] {dag.py:3452} INFO - Setting next_dagrun for example_xcom_args to None, run_after=None
[2024-10-15T14:57:43.453-0300] {logging_mixin.py:137} INFO - [2024-10-15T14:57:43.453-0300] {dag.py:3452} INFO - Setting next_dagrun for example_xcom_args_with_operators to None, run_after=None
[2024-10-15T14:57:43.477-0300] {processor.py:175} INFO - Processing /home/beatriz/Documentos/airflow/airflow_venv/lib/python3.10/site-packages/airflow/example_dags/example_xcomargs.py took 0.103 seconds
[2024-10-15T14:58:26.470-0300] {processor.py:153} INFO - Started process (PID=36221) to work on /home/beatriz/Documentos/airflow/airflow_venv/lib/python3.10/site-packages/airflow/example_dags/example_xcomargs.py
[2024-10-15T14:58:26.472-0300] {processor.py:743} INFO - Processing file /home/beatriz/Documentos/airflow/airflow_venv/lib/python3.10/site-packages/airflow/example_dags/example_xcomargs.py for tasks to queue
[2024-10-15T14:58:26.474-0300] {logging_mixin.py:137} INFO - [2024-10-15T14:58:26.473-0300] {dagbag.py:532} INFO - Filling up the DagBag from /home/beatriz/Documentos/airflow/airflow_venv/lib/python3.10/site-packages/airflow/example_dags/example_xcomargs.py
[2024-10-15T14:58:26.509-0300] {processor.py:753} INFO - DAG(s) dict_keys(['example_xcom_args', 'example_xcom_args_with_operators']) retrieved from /home/beatriz/Documentos/airflow/airflow_venv/lib/python3.10/site-packages/airflow/example_dags/example_xcomargs.py
[2024-10-15T14:58:26.527-0300] {logging_mixin.py:137} INFO - [2024-10-15T14:58:26.527-0300] {dag.py:2705} INFO - Sync 2 DAGs
[2024-10-15T14:58:26.543-0300] {logging_mixin.py:137} INFO - [2024-10-15T14:58:26.542-0300] {dag.py:3452} INFO - Setting next_dagrun for example_xcom_args to None, run_after=None
[2024-10-15T14:58:26.545-0300] {logging_mixin.py:137} INFO - [2024-10-15T14:58:26.545-0300] {dag.py:3452} INFO - Setting next_dagrun for example_xcom_args_with_operators to None, run_after=None
[2024-10-15T14:58:26.561-0300] {processor.py:175} INFO - Processing /home/beatriz/Documentos/airflow/airflow_venv/lib/python3.10/site-packages/airflow/example_dags/example_xcomargs.py took 0.098 seconds
[2024-10-15T14:59:06.682-0300] {processor.py:153} INFO - Started process (PID=36364) to work on /home/beatriz/Documentos/airflow/airflow_venv/lib/python3.10/site-packages/airflow/example_dags/example_xcomargs.py
[2024-10-15T14:59:06.685-0300] {processor.py:743} INFO - Processing file /home/beatriz/Documentos/airflow/airflow_venv/lib/python3.10/site-packages/airflow/example_dags/example_xcomargs.py for tasks to queue
[2024-10-15T14:59:06.687-0300] {logging_mixin.py:137} INFO - [2024-10-15T14:59:06.687-0300] {dagbag.py:532} INFO - Filling up the DagBag from /home/beatriz/Documentos/airflow/airflow_venv/lib/python3.10/site-packages/airflow/example_dags/example_xcomargs.py
[2024-10-15T14:59:06.724-0300] {processor.py:753} INFO - DAG(s) dict_keys(['example_xcom_args_with_operators', 'example_xcom_args']) retrieved from /home/beatriz/Documentos/airflow/airflow_venv/lib/python3.10/site-packages/airflow/example_dags/example_xcomargs.py
[2024-10-15T14:59:06.744-0300] {logging_mixin.py:137} INFO - [2024-10-15T14:59:06.744-0300] {dag.py:2705} INFO - Sync 2 DAGs
[2024-10-15T14:59:06.760-0300] {logging_mixin.py:137} INFO - [2024-10-15T14:59:06.760-0300] {dag.py:3452} INFO - Setting next_dagrun for example_xcom_args to None, run_after=None
[2024-10-15T14:59:06.763-0300] {logging_mixin.py:137} INFO - [2024-10-15T14:59:06.763-0300] {dag.py:3452} INFO - Setting next_dagrun for example_xcom_args_with_operators to None, run_after=None
[2024-10-15T14:59:06.780-0300] {processor.py:175} INFO - Processing /home/beatriz/Documentos/airflow/airflow_venv/lib/python3.10/site-packages/airflow/example_dags/example_xcomargs.py took 0.104 seconds
[2024-10-15T14:59:49.929-0300] {processor.py:153} INFO - Started process (PID=36550) to work on /home/beatriz/Documentos/airflow/airflow_venv/lib/python3.10/site-packages/airflow/example_dags/example_xcomargs.py
[2024-10-15T14:59:49.931-0300] {processor.py:743} INFO - Processing file /home/beatriz/Documentos/airflow/airflow_venv/lib/python3.10/site-packages/airflow/example_dags/example_xcomargs.py for tasks to queue
[2024-10-15T14:59:49.933-0300] {logging_mixin.py:137} INFO - [2024-10-15T14:59:49.933-0300] {dagbag.py:532} INFO - Filling up the DagBag from /home/beatriz/Documentos/airflow/airflow_venv/lib/python3.10/site-packages/airflow/example_dags/example_xcomargs.py
[2024-10-15T14:59:49.964-0300] {processor.py:753} INFO - DAG(s) dict_keys(['example_xcom_args', 'example_xcom_args_with_operators']) retrieved from /home/beatriz/Documentos/airflow/airflow_venv/lib/python3.10/site-packages/airflow/example_dags/example_xcomargs.py
[2024-10-15T14:59:49.981-0300] {logging_mixin.py:137} INFO - [2024-10-15T14:59:49.981-0300] {dag.py:2705} INFO - Sync 2 DAGs
[2024-10-15T14:59:49.995-0300] {logging_mixin.py:137} INFO - [2024-10-15T14:59:49.995-0300] {dag.py:3452} INFO - Setting next_dagrun for example_xcom_args to None, run_after=None
[2024-10-15T14:59:49.998-0300] {logging_mixin.py:137} INFO - [2024-10-15T14:59:49.998-0300] {dag.py:3452} INFO - Setting next_dagrun for example_xcom_args_with_operators to None, run_after=None
[2024-10-15T14:59:50.013-0300] {processor.py:175} INFO - Processing /home/beatriz/Documentos/airflow/airflow_venv/lib/python3.10/site-packages/airflow/example_dags/example_xcomargs.py took 0.090 seconds
[2024-10-15T15:00:33.073-0300] {processor.py:153} INFO - Started process (PID=36648) to work on /home/beatriz/Documentos/airflow/airflow_venv/lib/python3.10/site-packages/airflow/example_dags/example_xcomargs.py
[2024-10-15T15:00:33.075-0300] {processor.py:743} INFO - Processing file /home/beatriz/Documentos/airflow/airflow_venv/lib/python3.10/site-packages/airflow/example_dags/example_xcomargs.py for tasks to queue
[2024-10-15T15:00:33.076-0300] {logging_mixin.py:137} INFO - [2024-10-15T15:00:33.076-0300] {dagbag.py:532} INFO - Filling up the DagBag from /home/beatriz/Documentos/airflow/airflow_venv/lib/python3.10/site-packages/airflow/example_dags/example_xcomargs.py
[2024-10-15T15:00:33.102-0300] {processor.py:753} INFO - DAG(s) dict_keys(['example_xcom_args', 'example_xcom_args_with_operators']) retrieved from /home/beatriz/Documentos/airflow/airflow_venv/lib/python3.10/site-packages/airflow/example_dags/example_xcomargs.py
[2024-10-15T15:00:33.120-0300] {logging_mixin.py:137} INFO - [2024-10-15T15:00:33.120-0300] {dag.py:2705} INFO - Sync 2 DAGs
[2024-10-15T15:00:33.135-0300] {logging_mixin.py:137} INFO - [2024-10-15T15:00:33.135-0300] {dag.py:3452} INFO - Setting next_dagrun for example_xcom_args to None, run_after=None
[2024-10-15T15:00:33.137-0300] {logging_mixin.py:137} INFO - [2024-10-15T15:00:33.137-0300] {dag.py:3452} INFO - Setting next_dagrun for example_xcom_args_with_operators to None, run_after=None
[2024-10-15T15:00:33.153-0300] {processor.py:175} INFO - Processing /home/beatriz/Documentos/airflow/airflow_venv/lib/python3.10/site-packages/airflow/example_dags/example_xcomargs.py took 0.082 seconds
[2024-10-15T15:01:11.389-0300] {processor.py:153} INFO - Started process (PID=36820) to work on /home/beatriz/Documentos/airflow/airflow_venv/lib/python3.10/site-packages/airflow/example_dags/example_xcomargs.py
[2024-10-15T15:01:11.390-0300] {processor.py:743} INFO - Processing file /home/beatriz/Documentos/airflow/airflow_venv/lib/python3.10/site-packages/airflow/example_dags/example_xcomargs.py for tasks to queue
[2024-10-15T15:01:11.391-0300] {logging_mixin.py:137} INFO - [2024-10-15T15:01:11.391-0300] {dagbag.py:532} INFO - Filling up the DagBag from /home/beatriz/Documentos/airflow/airflow_venv/lib/python3.10/site-packages/airflow/example_dags/example_xcomargs.py
[2024-10-15T15:01:11.411-0300] {processor.py:753} INFO - DAG(s) dict_keys(['example_xcom_args', 'example_xcom_args_with_operators']) retrieved from /home/beatriz/Documentos/airflow/airflow_venv/lib/python3.10/site-packages/airflow/example_dags/example_xcomargs.py
[2024-10-15T15:01:11.427-0300] {logging_mixin.py:137} INFO - [2024-10-15T15:01:11.427-0300] {dag.py:2705} INFO - Sync 2 DAGs
[2024-10-15T15:01:11.442-0300] {logging_mixin.py:137} INFO - [2024-10-15T15:01:11.442-0300] {dag.py:3452} INFO - Setting next_dagrun for example_xcom_args to None, run_after=None
[2024-10-15T15:01:11.444-0300] {logging_mixin.py:137} INFO - [2024-10-15T15:01:11.444-0300] {dag.py:3452} INFO - Setting next_dagrun for example_xcom_args_with_operators to None, run_after=None
[2024-10-15T15:01:11.458-0300] {processor.py:175} INFO - Processing /home/beatriz/Documentos/airflow/airflow_venv/lib/python3.10/site-packages/airflow/example_dags/example_xcomargs.py took 0.071 seconds
[2024-10-15T15:01:49.515-0300] {processor.py:153} INFO - Started process (PID=36960) to work on /home/beatriz/Documentos/airflow/airflow_venv/lib/python3.10/site-packages/airflow/example_dags/example_xcomargs.py
[2024-10-15T15:01:49.517-0300] {processor.py:743} INFO - Processing file /home/beatriz/Documentos/airflow/airflow_venv/lib/python3.10/site-packages/airflow/example_dags/example_xcomargs.py for tasks to queue
[2024-10-15T15:01:49.518-0300] {logging_mixin.py:137} INFO - [2024-10-15T15:01:49.518-0300] {dagbag.py:532} INFO - Filling up the DagBag from /home/beatriz/Documentos/airflow/airflow_venv/lib/python3.10/site-packages/airflow/example_dags/example_xcomargs.py
[2024-10-15T15:01:49.538-0300] {processor.py:753} INFO - DAG(s) dict_keys(['example_xcom_args', 'example_xcom_args_with_operators']) retrieved from /home/beatriz/Documentos/airflow/airflow_venv/lib/python3.10/site-packages/airflow/example_dags/example_xcomargs.py
[2024-10-15T15:01:49.554-0300] {logging_mixin.py:137} INFO - [2024-10-15T15:01:49.554-0300] {dag.py:2705} INFO - Sync 2 DAGs
[2024-10-15T15:01:49.569-0300] {logging_mixin.py:137} INFO - [2024-10-15T15:01:49.569-0300] {dag.py:3452} INFO - Setting next_dagrun for example_xcom_args to None, run_after=None
[2024-10-15T15:01:49.572-0300] {logging_mixin.py:137} INFO - [2024-10-15T15:01:49.571-0300] {dag.py:3452} INFO - Setting next_dagrun for example_xcom_args_with_operators to None, run_after=None
[2024-10-15T15:01:49.587-0300] {processor.py:175} INFO - Processing /home/beatriz/Documentos/airflow/airflow_venv/lib/python3.10/site-packages/airflow/example_dags/example_xcomargs.py took 0.074 seconds
[2024-10-15T15:02:29.608-0300] {processor.py:153} INFO - Started process (PID=37052) to work on /home/beatriz/Documentos/airflow/airflow_venv/lib/python3.10/site-packages/airflow/example_dags/example_xcomargs.py
[2024-10-15T15:02:29.610-0300] {processor.py:743} INFO - Processing file /home/beatriz/Documentos/airflow/airflow_venv/lib/python3.10/site-packages/airflow/example_dags/example_xcomargs.py for tasks to queue
[2024-10-15T15:02:29.611-0300] {logging_mixin.py:137} INFO - [2024-10-15T15:02:29.611-0300] {dagbag.py:532} INFO - Filling up the DagBag from /home/beatriz/Documentos/airflow/airflow_venv/lib/python3.10/site-packages/airflow/example_dags/example_xcomargs.py
[2024-10-15T15:02:29.634-0300] {processor.py:753} INFO - DAG(s) dict_keys(['example_xcom_args', 'example_xcom_args_with_operators']) retrieved from /home/beatriz/Documentos/airflow/airflow_venv/lib/python3.10/site-packages/airflow/example_dags/example_xcomargs.py
[2024-10-15T15:02:29.654-0300] {logging_mixin.py:137} INFO - [2024-10-15T15:02:29.654-0300] {dag.py:2705} INFO - Sync 2 DAGs
[2024-10-15T15:02:29.670-0300] {logging_mixin.py:137} INFO - [2024-10-15T15:02:29.670-0300] {dag.py:3452} INFO - Setting next_dagrun for example_xcom_args to None, run_after=None
[2024-10-15T15:02:29.672-0300] {logging_mixin.py:137} INFO - [2024-10-15T15:02:29.672-0300] {dag.py:3452} INFO - Setting next_dagrun for example_xcom_args_with_operators to None, run_after=None
[2024-10-15T15:02:29.687-0300] {processor.py:175} INFO - Processing /home/beatriz/Documentos/airflow/airflow_venv/lib/python3.10/site-packages/airflow/example_dags/example_xcomargs.py took 0.081 seconds
[2024-10-15T15:03:07.253-0300] {processor.py:153} INFO - Started process (PID=37223) to work on /home/beatriz/Documentos/airflow/airflow_venv/lib/python3.10/site-packages/airflow/example_dags/example_xcomargs.py
[2024-10-15T15:03:07.256-0300] {processor.py:743} INFO - Processing file /home/beatriz/Documentos/airflow/airflow_venv/lib/python3.10/site-packages/airflow/example_dags/example_xcomargs.py for tasks to queue
[2024-10-15T15:03:07.258-0300] {logging_mixin.py:137} INFO - [2024-10-15T15:03:07.257-0300] {dagbag.py:532} INFO - Filling up the DagBag from /home/beatriz/Documentos/airflow/airflow_venv/lib/python3.10/site-packages/airflow/example_dags/example_xcomargs.py
[2024-10-15T15:03:07.289-0300] {processor.py:753} INFO - DAG(s) dict_keys(['example_xcom_args_with_operators', 'example_xcom_args']) retrieved from /home/beatriz/Documentos/airflow/airflow_venv/lib/python3.10/site-packages/airflow/example_dags/example_xcomargs.py
[2024-10-15T15:03:07.308-0300] {logging_mixin.py:137} INFO - [2024-10-15T15:03:07.308-0300] {dag.py:2705} INFO - Sync 2 DAGs
[2024-10-15T15:03:07.325-0300] {logging_mixin.py:137} INFO - [2024-10-15T15:03:07.325-0300] {dag.py:3452} INFO - Setting next_dagrun for example_xcom_args to None, run_after=None
[2024-10-15T15:03:07.328-0300] {logging_mixin.py:137} INFO - [2024-10-15T15:03:07.327-0300] {dag.py:3452} INFO - Setting next_dagrun for example_xcom_args_with_operators to None, run_after=None
[2024-10-15T15:03:07.345-0300] {processor.py:175} INFO - Processing /home/beatriz/Documentos/airflow/airflow_venv/lib/python3.10/site-packages/airflow/example_dags/example_xcomargs.py took 0.098 seconds
[2024-10-15T15:03:47.511-0300] {processor.py:153} INFO - Started process (PID=37314) to work on /home/beatriz/Documentos/airflow/airflow_venv/lib/python3.10/site-packages/airflow/example_dags/example_xcomargs.py
[2024-10-15T15:03:47.514-0300] {processor.py:743} INFO - Processing file /home/beatriz/Documentos/airflow/airflow_venv/lib/python3.10/site-packages/airflow/example_dags/example_xcomargs.py for tasks to queue
[2024-10-15T15:03:47.516-0300] {logging_mixin.py:137} INFO - [2024-10-15T15:03:47.515-0300] {dagbag.py:532} INFO - Filling up the DagBag from /home/beatriz/Documentos/airflow/airflow_venv/lib/python3.10/site-packages/airflow/example_dags/example_xcomargs.py
[2024-10-15T15:03:47.550-0300] {processor.py:753} INFO - DAG(s) dict_keys(['example_xcom_args', 'example_xcom_args_with_operators']) retrieved from /home/beatriz/Documentos/airflow/airflow_venv/lib/python3.10/site-packages/airflow/example_dags/example_xcomargs.py
[2024-10-15T15:03:47.568-0300] {logging_mixin.py:137} INFO - [2024-10-15T15:03:47.568-0300] {dag.py:2705} INFO - Sync 2 DAGs
[2024-10-15T15:03:47.584-0300] {logging_mixin.py:137} INFO - [2024-10-15T15:03:47.584-0300] {dag.py:3452} INFO - Setting next_dagrun for example_xcom_args to None, run_after=None
[2024-10-15T15:03:47.587-0300] {logging_mixin.py:137} INFO - [2024-10-15T15:03:47.587-0300] {dag.py:3452} INFO - Setting next_dagrun for example_xcom_args_with_operators to None, run_after=None
[2024-10-15T15:03:47.606-0300] {processor.py:175} INFO - Processing /home/beatriz/Documentos/airflow/airflow_venv/lib/python3.10/site-packages/airflow/example_dags/example_xcomargs.py took 0.100 seconds
[2024-10-15T15:04:29.205-0300] {processor.py:153} INFO - Started process (PID=37642) to work on /home/beatriz/Documentos/airflow/airflow_venv/lib/python3.10/site-packages/airflow/example_dags/example_xcomargs.py
[2024-10-15T15:04:29.206-0300] {processor.py:743} INFO - Processing file /home/beatriz/Documentos/airflow/airflow_venv/lib/python3.10/site-packages/airflow/example_dags/example_xcomargs.py for tasks to queue
[2024-10-15T15:04:29.207-0300] {logging_mixin.py:137} INFO - [2024-10-15T15:04:29.207-0300] {dagbag.py:532} INFO - Filling up the DagBag from /home/beatriz/Documentos/airflow/airflow_venv/lib/python3.10/site-packages/airflow/example_dags/example_xcomargs.py
[2024-10-15T15:04:29.229-0300] {processor.py:753} INFO - DAG(s) dict_keys(['example_xcom_args_with_operators', 'example_xcom_args']) retrieved from /home/beatriz/Documentos/airflow/airflow_venv/lib/python3.10/site-packages/airflow/example_dags/example_xcomargs.py
[2024-10-15T15:04:29.258-0300] {logging_mixin.py:137} INFO - [2024-10-15T15:04:29.257-0300] {dag.py:2705} INFO - Sync 2 DAGs
[2024-10-15T15:04:29.290-0300] {logging_mixin.py:137} INFO - [2024-10-15T15:04:29.289-0300] {dag.py:3452} INFO - Setting next_dagrun for example_xcom_args to None, run_after=None
[2024-10-15T15:04:29.294-0300] {logging_mixin.py:137} INFO - [2024-10-15T15:04:29.294-0300] {dag.py:3452} INFO - Setting next_dagrun for example_xcom_args_with_operators to None, run_after=None
[2024-10-15T15:04:29.313-0300] {processor.py:175} INFO - Processing /home/beatriz/Documentos/airflow/airflow_venv/lib/python3.10/site-packages/airflow/example_dags/example_xcomargs.py took 0.111 seconds
[2024-10-15T15:05:12.257-0300] {processor.py:153} INFO - Started process (PID=38149) to work on /home/beatriz/Documentos/airflow/airflow_venv/lib/python3.10/site-packages/airflow/example_dags/example_xcomargs.py
[2024-10-15T15:05:12.259-0300] {processor.py:743} INFO - Processing file /home/beatriz/Documentos/airflow/airflow_venv/lib/python3.10/site-packages/airflow/example_dags/example_xcomargs.py for tasks to queue
[2024-10-15T15:05:12.259-0300] {logging_mixin.py:137} INFO - [2024-10-15T15:05:12.259-0300] {dagbag.py:532} INFO - Filling up the DagBag from /home/beatriz/Documentos/airflow/airflow_venv/lib/python3.10/site-packages/airflow/example_dags/example_xcomargs.py
[2024-10-15T15:05:12.282-0300] {processor.py:753} INFO - DAG(s) dict_keys(['example_xcom_args_with_operators', 'example_xcom_args']) retrieved from /home/beatriz/Documentos/airflow/airflow_venv/lib/python3.10/site-packages/airflow/example_dags/example_xcomargs.py
[2024-10-15T15:05:12.300-0300] {logging_mixin.py:137} INFO - [2024-10-15T15:05:12.300-0300] {dag.py:2705} INFO - Sync 2 DAGs
[2024-10-15T15:05:12.316-0300] {logging_mixin.py:137} INFO - [2024-10-15T15:05:12.315-0300] {dag.py:3452} INFO - Setting next_dagrun for example_xcom_args to None, run_after=None
[2024-10-15T15:05:12.318-0300] {logging_mixin.py:137} INFO - [2024-10-15T15:05:12.318-0300] {dag.py:3452} INFO - Setting next_dagrun for example_xcom_args_with_operators to None, run_after=None
[2024-10-15T15:05:12.337-0300] {processor.py:175} INFO - Processing /home/beatriz/Documentos/airflow/airflow_venv/lib/python3.10/site-packages/airflow/example_dags/example_xcomargs.py took 0.083 seconds
[2024-10-15T15:05:54.693-0300] {processor.py:153} INFO - Started process (PID=38387) to work on /home/beatriz/Documentos/airflow/airflow_venv/lib/python3.10/site-packages/airflow/example_dags/example_xcomargs.py
[2024-10-15T15:05:54.696-0300] {processor.py:743} INFO - Processing file /home/beatriz/Documentos/airflow/airflow_venv/lib/python3.10/site-packages/airflow/example_dags/example_xcomargs.py for tasks to queue
[2024-10-15T15:05:54.697-0300] {logging_mixin.py:137} INFO - [2024-10-15T15:05:54.697-0300] {dagbag.py:532} INFO - Filling up the DagBag from /home/beatriz/Documentos/airflow/airflow_venv/lib/python3.10/site-packages/airflow/example_dags/example_xcomargs.py
[2024-10-15T15:05:54.730-0300] {processor.py:753} INFO - DAG(s) dict_keys(['example_xcom_args', 'example_xcom_args_with_operators']) retrieved from /home/beatriz/Documentos/airflow/airflow_venv/lib/python3.10/site-packages/airflow/example_dags/example_xcomargs.py
[2024-10-15T15:05:54.763-0300] {logging_mixin.py:137} INFO - [2024-10-15T15:05:54.763-0300] {dag.py:2705} INFO - Sync 2 DAGs
[2024-10-15T15:05:54.791-0300] {logging_mixin.py:137} INFO - [2024-10-15T15:05:54.791-0300] {dag.py:3452} INFO - Setting next_dagrun for example_xcom_args to None, run_after=None
[2024-10-15T15:05:54.797-0300] {logging_mixin.py:137} INFO - [2024-10-15T15:05:54.797-0300] {dag.py:3452} INFO - Setting next_dagrun for example_xcom_args_with_operators to None, run_after=None
[2024-10-15T15:05:54.826-0300] {processor.py:175} INFO - Processing /home/beatriz/Documentos/airflow/airflow_venv/lib/python3.10/site-packages/airflow/example_dags/example_xcomargs.py took 0.138 seconds
[2024-10-15T15:06:38.836-0300] {processor.py:153} INFO - Started process (PID=38876) to work on /home/beatriz/Documentos/airflow/airflow_venv/lib/python3.10/site-packages/airflow/example_dags/example_xcomargs.py
[2024-10-15T15:06:38.839-0300] {processor.py:743} INFO - Processing file /home/beatriz/Documentos/airflow/airflow_venv/lib/python3.10/site-packages/airflow/example_dags/example_xcomargs.py for tasks to queue
[2024-10-15T15:06:38.840-0300] {logging_mixin.py:137} INFO - [2024-10-15T15:06:38.840-0300] {dagbag.py:532} INFO - Filling up the DagBag from /home/beatriz/Documentos/airflow/airflow_venv/lib/python3.10/site-packages/airflow/example_dags/example_xcomargs.py
[2024-10-15T15:06:38.866-0300] {processor.py:753} INFO - DAG(s) dict_keys(['example_xcom_args', 'example_xcom_args_with_operators']) retrieved from /home/beatriz/Documentos/airflow/airflow_venv/lib/python3.10/site-packages/airflow/example_dags/example_xcomargs.py
[2024-10-15T15:06:38.892-0300] {logging_mixin.py:137} INFO - [2024-10-15T15:06:38.892-0300] {dag.py:2705} INFO - Sync 2 DAGs
[2024-10-15T15:06:38.919-0300] {logging_mixin.py:137} INFO - [2024-10-15T15:06:38.919-0300] {dag.py:3452} INFO - Setting next_dagrun for example_xcom_args to None, run_after=None
[2024-10-15T15:06:38.923-0300] {logging_mixin.py:137} INFO - [2024-10-15T15:06:38.923-0300] {dag.py:3452} INFO - Setting next_dagrun for example_xcom_args_with_operators to None, run_after=None
[2024-10-15T15:06:38.950-0300] {processor.py:175} INFO - Processing /home/beatriz/Documentos/airflow/airflow_venv/lib/python3.10/site-packages/airflow/example_dags/example_xcomargs.py took 0.117 seconds
[2024-10-15T15:07:24.297-0300] {processor.py:153} INFO - Started process (PID=39251) to work on /home/beatriz/Documentos/airflow/airflow_venv/lib/python3.10/site-packages/airflow/example_dags/example_xcomargs.py
[2024-10-15T15:07:24.298-0300] {processor.py:743} INFO - Processing file /home/beatriz/Documentos/airflow/airflow_venv/lib/python3.10/site-packages/airflow/example_dags/example_xcomargs.py for tasks to queue
[2024-10-15T15:07:24.299-0300] {logging_mixin.py:137} INFO - [2024-10-15T15:07:24.299-0300] {dagbag.py:532} INFO - Filling up the DagBag from /home/beatriz/Documentos/airflow/airflow_venv/lib/python3.10/site-packages/airflow/example_dags/example_xcomargs.py
[2024-10-15T15:07:24.322-0300] {processor.py:753} INFO - DAG(s) dict_keys(['example_xcom_args_with_operators', 'example_xcom_args']) retrieved from /home/beatriz/Documentos/airflow/airflow_venv/lib/python3.10/site-packages/airflow/example_dags/example_xcomargs.py
[2024-10-15T15:07:24.342-0300] {logging_mixin.py:137} INFO - [2024-10-15T15:07:24.341-0300] {dag.py:2705} INFO - Sync 2 DAGs
[2024-10-15T15:07:24.358-0300] {logging_mixin.py:137} INFO - [2024-10-15T15:07:24.358-0300] {dag.py:3452} INFO - Setting next_dagrun for example_xcom_args to None, run_after=None
[2024-10-15T15:07:24.361-0300] {logging_mixin.py:137} INFO - [2024-10-15T15:07:24.361-0300] {dag.py:3452} INFO - Setting next_dagrun for example_xcom_args_with_operators to None, run_after=None
[2024-10-15T15:07:24.379-0300] {processor.py:175} INFO - Processing /home/beatriz/Documentos/airflow/airflow_venv/lib/python3.10/site-packages/airflow/example_dags/example_xcomargs.py took 0.084 seconds
[2024-10-15T15:08:08.133-0300] {processor.py:153} INFO - Started process (PID=39372) to work on /home/beatriz/Documentos/airflow/airflow_venv/lib/python3.10/site-packages/airflow/example_dags/example_xcomargs.py
[2024-10-15T15:08:08.136-0300] {processor.py:743} INFO - Processing file /home/beatriz/Documentos/airflow/airflow_venv/lib/python3.10/site-packages/airflow/example_dags/example_xcomargs.py for tasks to queue
[2024-10-15T15:08:08.138-0300] {logging_mixin.py:137} INFO - [2024-10-15T15:08:08.138-0300] {dagbag.py:532} INFO - Filling up the DagBag from /home/beatriz/Documentos/airflow/airflow_venv/lib/python3.10/site-packages/airflow/example_dags/example_xcomargs.py
[2024-10-15T15:08:08.172-0300] {processor.py:753} INFO - DAG(s) dict_keys(['example_xcom_args_with_operators', 'example_xcom_args']) retrieved from /home/beatriz/Documentos/airflow/airflow_venv/lib/python3.10/site-packages/airflow/example_dags/example_xcomargs.py
[2024-10-15T15:08:08.189-0300] {logging_mixin.py:137} INFO - [2024-10-15T15:08:08.189-0300] {dag.py:2705} INFO - Sync 2 DAGs
[2024-10-15T15:08:08.204-0300] {logging_mixin.py:137} INFO - [2024-10-15T15:08:08.204-0300] {dag.py:3452} INFO - Setting next_dagrun for example_xcom_args to None, run_after=None
[2024-10-15T15:08:08.206-0300] {logging_mixin.py:137} INFO - [2024-10-15T15:08:08.206-0300] {dag.py:3452} INFO - Setting next_dagrun for example_xcom_args_with_operators to None, run_after=None
[2024-10-15T15:08:08.222-0300] {processor.py:175} INFO - Processing /home/beatriz/Documentos/airflow/airflow_venv/lib/python3.10/site-packages/airflow/example_dags/example_xcomargs.py took 0.094 seconds
[2024-10-15T15:08:49.712-0300] {processor.py:153} INFO - Started process (PID=39474) to work on /home/beatriz/Documentos/airflow/airflow_venv/lib/python3.10/site-packages/airflow/example_dags/example_xcomargs.py
[2024-10-15T15:08:49.715-0300] {processor.py:743} INFO - Processing file /home/beatriz/Documentos/airflow/airflow_venv/lib/python3.10/site-packages/airflow/example_dags/example_xcomargs.py for tasks to queue
[2024-10-15T15:08:49.717-0300] {logging_mixin.py:137} INFO - [2024-10-15T15:08:49.717-0300] {dagbag.py:532} INFO - Filling up the DagBag from /home/beatriz/Documentos/airflow/airflow_venv/lib/python3.10/site-packages/airflow/example_dags/example_xcomargs.py
[2024-10-15T15:08:49.750-0300] {processor.py:753} INFO - DAG(s) dict_keys(['example_xcom_args_with_operators', 'example_xcom_args']) retrieved from /home/beatriz/Documentos/airflow/airflow_venv/lib/python3.10/site-packages/airflow/example_dags/example_xcomargs.py
[2024-10-15T15:08:49.767-0300] {logging_mixin.py:137} INFO - [2024-10-15T15:08:49.766-0300] {dag.py:2705} INFO - Sync 2 DAGs
[2024-10-15T15:08:49.783-0300] {logging_mixin.py:137} INFO - [2024-10-15T15:08:49.782-0300] {dag.py:3452} INFO - Setting next_dagrun for example_xcom_args to None, run_after=None
[2024-10-15T15:08:49.785-0300] {logging_mixin.py:137} INFO - [2024-10-15T15:08:49.785-0300] {dag.py:3452} INFO - Setting next_dagrun for example_xcom_args_with_operators to None, run_after=None
[2024-10-15T15:08:49.801-0300] {processor.py:175} INFO - Processing /home/beatriz/Documentos/airflow/airflow_venv/lib/python3.10/site-packages/airflow/example_dags/example_xcomargs.py took 0.094 seconds
[2024-10-15T15:09:32.140-0300] {processor.py:153} INFO - Started process (PID=39583) to work on /home/beatriz/Documentos/airflow/airflow_venv/lib/python3.10/site-packages/airflow/example_dags/example_xcomargs.py
[2024-10-15T15:09:32.141-0300] {processor.py:743} INFO - Processing file /home/beatriz/Documentos/airflow/airflow_venv/lib/python3.10/site-packages/airflow/example_dags/example_xcomargs.py for tasks to queue
[2024-10-15T15:09:32.142-0300] {logging_mixin.py:137} INFO - [2024-10-15T15:09:32.142-0300] {dagbag.py:532} INFO - Filling up the DagBag from /home/beatriz/Documentos/airflow/airflow_venv/lib/python3.10/site-packages/airflow/example_dags/example_xcomargs.py
[2024-10-15T15:09:32.168-0300] {processor.py:753} INFO - DAG(s) dict_keys(['example_xcom_args_with_operators', 'example_xcom_args']) retrieved from /home/beatriz/Documentos/airflow/airflow_venv/lib/python3.10/site-packages/airflow/example_dags/example_xcomargs.py
[2024-10-15T15:09:32.190-0300] {logging_mixin.py:137} INFO - [2024-10-15T15:09:32.190-0300] {dag.py:2705} INFO - Sync 2 DAGs
[2024-10-15T15:09:32.209-0300] {logging_mixin.py:137} INFO - [2024-10-15T15:09:32.209-0300] {dag.py:3452} INFO - Setting next_dagrun for example_xcom_args to None, run_after=None
[2024-10-15T15:09:32.212-0300] {logging_mixin.py:137} INFO - [2024-10-15T15:09:32.212-0300] {dag.py:3452} INFO - Setting next_dagrun for example_xcom_args_with_operators to None, run_after=None
[2024-10-15T15:09:32.235-0300] {processor.py:175} INFO - Processing /home/beatriz/Documentos/airflow/airflow_venv/lib/python3.10/site-packages/airflow/example_dags/example_xcomargs.py took 0.098 seconds
[2024-10-15T15:10:16.348-0300] {processor.py:153} INFO - Started process (PID=39674) to work on /home/beatriz/Documentos/airflow/airflow_venv/lib/python3.10/site-packages/airflow/example_dags/example_xcomargs.py
[2024-10-15T15:10:16.351-0300] {processor.py:743} INFO - Processing file /home/beatriz/Documentos/airflow/airflow_venv/lib/python3.10/site-packages/airflow/example_dags/example_xcomargs.py for tasks to queue
[2024-10-15T15:10:16.352-0300] {logging_mixin.py:137} INFO - [2024-10-15T15:10:16.352-0300] {dagbag.py:532} INFO - Filling up the DagBag from /home/beatriz/Documentos/airflow/airflow_venv/lib/python3.10/site-packages/airflow/example_dags/example_xcomargs.py
[2024-10-15T15:10:16.389-0300] {processor.py:753} INFO - DAG(s) dict_keys(['example_xcom_args_with_operators', 'example_xcom_args']) retrieved from /home/beatriz/Documentos/airflow/airflow_venv/lib/python3.10/site-packages/airflow/example_dags/example_xcomargs.py
[2024-10-15T15:10:16.407-0300] {logging_mixin.py:137} INFO - [2024-10-15T15:10:16.407-0300] {dag.py:2705} INFO - Sync 2 DAGs
[2024-10-15T15:10:16.424-0300] {logging_mixin.py:137} INFO - [2024-10-15T15:10:16.423-0300] {dag.py:3452} INFO - Setting next_dagrun for example_xcom_args to None, run_after=None
[2024-10-15T15:10:16.426-0300] {logging_mixin.py:137} INFO - [2024-10-15T15:10:16.426-0300] {dag.py:3452} INFO - Setting next_dagrun for example_xcom_args_with_operators to None, run_after=None
[2024-10-15T15:10:16.444-0300] {processor.py:175} INFO - Processing /home/beatriz/Documentos/airflow/airflow_venv/lib/python3.10/site-packages/airflow/example_dags/example_xcomargs.py took 0.098 seconds
[2024-10-15T15:35:18.468-0300] {processor.py:161} INFO - Started process (PID=41810) to work on /home/beatriz/Documentos/airflow/airflow_venv/lib/python3.10/site-packages/airflow/example_dags/example_xcomargs.py
[2024-10-15T15:35:18.469-0300] {processor.py:830} INFO - Processing file /home/beatriz/Documentos/airflow/airflow_venv/lib/python3.10/site-packages/airflow/example_dags/example_xcomargs.py for tasks to queue
[2024-10-15T15:35:18.471-0300] {logging_mixin.py:188} INFO - [2024-10-15T15:35:18.471-0300] {dagbag.py:540} INFO - Filling up the DagBag from /home/beatriz/Documentos/airflow/airflow_venv/lib/python3.10/site-packages/airflow/example_dags/example_xcomargs.py
[2024-10-15T15:35:18.483-0300] {processor.py:840} INFO - DAG(s) 'example_xcom_args_with_operators', 'example_xcom_args' retrieved from /home/beatriz/Documentos/airflow/airflow_venv/lib/python3.10/site-packages/airflow/example_dags/example_xcomargs.py
[2024-10-15T15:35:18.490-0300] {logging_mixin.py:188} INFO - [2024-10-15T15:35:18.490-0300] {dag.py:3096} INFO - Sync 2 DAGs
[2024-10-15T15:35:18.503-0300] {logging_mixin.py:188} INFO - [2024-10-15T15:35:18.503-0300] {dag.py:3954} INFO - Setting next_dagrun for example_xcom_args to None, run_after=None
[2024-10-15T15:35:18.506-0300] {logging_mixin.py:188} INFO - [2024-10-15T15:35:18.506-0300] {dag.py:3954} INFO - Setting next_dagrun for example_xcom_args_with_operators to None, run_after=None
[2024-10-15T15:35:18.528-0300] {processor.py:183} INFO - Processing /home/beatriz/Documentos/airflow/airflow_venv/lib/python3.10/site-packages/airflow/example_dags/example_xcomargs.py took 0.065 seconds
[2024-10-15T15:36:10.590-0300] {processor.py:161} INFO - Started process (PID=42303) to work on /home/beatriz/Documentos/airflow/airflow_venv/lib/python3.10/site-packages/airflow/example_dags/example_xcomargs.py
[2024-10-15T15:36:10.592-0300] {processor.py:830} INFO - Processing file /home/beatriz/Documentos/airflow/airflow_venv/lib/python3.10/site-packages/airflow/example_dags/example_xcomargs.py for tasks to queue
[2024-10-15T15:36:10.594-0300] {logging_mixin.py:188} INFO - [2024-10-15T15:36:10.594-0300] {dagbag.py:540} INFO - Filling up the DagBag from /home/beatriz/Documentos/airflow/airflow_venv/lib/python3.10/site-packages/airflow/example_dags/example_xcomargs.py
[2024-10-15T15:36:10.601-0300] {processor.py:840} INFO - DAG(s) 'example_xcom_args', 'example_xcom_args_with_operators' retrieved from /home/beatriz/Documentos/airflow/airflow_venv/lib/python3.10/site-packages/airflow/example_dags/example_xcomargs.py
[2024-10-15T15:36:10.679-0300] {logging_mixin.py:188} INFO - [2024-10-15T15:36:10.679-0300] {dag.py:3096} INFO - Sync 2 DAGs
[2024-10-15T15:36:10.687-0300] {logging_mixin.py:188} INFO - [2024-10-15T15:36:10.687-0300] {dag.py:3954} INFO - Setting next_dagrun for example_xcom_args to None, run_after=None
[2024-10-15T15:36:10.689-0300] {logging_mixin.py:188} INFO - [2024-10-15T15:36:10.689-0300] {dag.py:3954} INFO - Setting next_dagrun for example_xcom_args_with_operators to None, run_after=None
[2024-10-15T15:36:10.779-0300] {processor.py:183} INFO - Processing /home/beatriz/Documentos/airflow/airflow_venv/lib/python3.10/site-packages/airflow/example_dags/example_xcomargs.py took 0.193 seconds
[2024-10-15T15:37:05.282-0300] {processor.py:161} INFO - Started process (PID=42726) to work on /home/beatriz/Documentos/airflow/airflow_venv/lib/python3.10/site-packages/airflow/example_dags/example_xcomargs.py
[2024-10-15T15:37:05.283-0300] {processor.py:830} INFO - Processing file /home/beatriz/Documentos/airflow/airflow_venv/lib/python3.10/site-packages/airflow/example_dags/example_xcomargs.py for tasks to queue
[2024-10-15T15:37:05.284-0300] {logging_mixin.py:188} INFO - [2024-10-15T15:37:05.284-0300] {dagbag.py:540} INFO - Filling up the DagBag from /home/beatriz/Documentos/airflow/airflow_venv/lib/python3.10/site-packages/airflow/example_dags/example_xcomargs.py
[2024-10-15T15:37:05.292-0300] {processor.py:840} INFO - DAG(s) 'example_xcom_args_with_operators', 'example_xcom_args' retrieved from /home/beatriz/Documentos/airflow/airflow_venv/lib/python3.10/site-packages/airflow/example_dags/example_xcomargs.py
[2024-10-15T15:37:05.308-0300] {logging_mixin.py:188} INFO - [2024-10-15T15:37:05.307-0300] {dag.py:3096} INFO - Sync 2 DAGs
[2024-10-15T15:37:05.318-0300] {logging_mixin.py:188} INFO - [2024-10-15T15:37:05.317-0300] {dag.py:3954} INFO - Setting next_dagrun for example_xcom_args to None, run_after=None
[2024-10-15T15:37:05.322-0300] {logging_mixin.py:188} INFO - [2024-10-15T15:37:05.322-0300] {dag.py:3954} INFO - Setting next_dagrun for example_xcom_args_with_operators to None, run_after=None
[2024-10-15T15:37:05.346-0300] {processor.py:183} INFO - Processing /home/beatriz/Documentos/airflow/airflow_venv/lib/python3.10/site-packages/airflow/example_dags/example_xcomargs.py took 0.068 seconds
[2024-10-15T15:37:51.269-0300] {processor.py:161} INFO - Started process (PID=43150) to work on /home/beatriz/Documentos/airflow/airflow_venv/lib/python3.10/site-packages/airflow/example_dags/example_xcomargs.py
[2024-10-15T15:37:51.272-0300] {processor.py:830} INFO - Processing file /home/beatriz/Documentos/airflow/airflow_venv/lib/python3.10/site-packages/airflow/example_dags/example_xcomargs.py for tasks to queue
[2024-10-15T15:37:51.276-0300] {logging_mixin.py:188} INFO - [2024-10-15T15:37:51.275-0300] {dagbag.py:540} INFO - Filling up the DagBag from /home/beatriz/Documentos/airflow/airflow_venv/lib/python3.10/site-packages/airflow/example_dags/example_xcomargs.py
[2024-10-15T15:37:51.288-0300] {processor.py:840} INFO - DAG(s) 'example_xcom_args', 'example_xcom_args_with_operators' retrieved from /home/beatriz/Documentos/airflow/airflow_venv/lib/python3.10/site-packages/airflow/example_dags/example_xcomargs.py
[2024-10-15T15:37:51.305-0300] {logging_mixin.py:188} INFO - [2024-10-15T15:37:51.305-0300] {dag.py:3096} INFO - Sync 2 DAGs
[2024-10-15T15:37:51.393-0300] {logging_mixin.py:188} INFO - [2024-10-15T15:37:51.392-0300] {dag.py:3954} INFO - Setting next_dagrun for example_xcom_args to None, run_after=None
[2024-10-15T15:37:51.397-0300] {logging_mixin.py:188} INFO - [2024-10-15T15:37:51.397-0300] {dag.py:3954} INFO - Setting next_dagrun for example_xcom_args_with_operators to None, run_after=None
[2024-10-15T15:37:51.417-0300] {processor.py:183} INFO - Processing /home/beatriz/Documentos/airflow/airflow_venv/lib/python3.10/site-packages/airflow/example_dags/example_xcomargs.py took 0.162 seconds
[2024-10-15T15:38:40.732-0300] {processor.py:161} INFO - Started process (PID=43467) to work on /home/beatriz/Documentos/airflow/airflow_venv/lib/python3.10/site-packages/airflow/example_dags/example_xcomargs.py
[2024-10-15T15:38:40.734-0300] {processor.py:830} INFO - Processing file /home/beatriz/Documentos/airflow/airflow_venv/lib/python3.10/site-packages/airflow/example_dags/example_xcomargs.py for tasks to queue
[2024-10-15T15:38:40.737-0300] {logging_mixin.py:188} INFO - [2024-10-15T15:38:40.736-0300] {dagbag.py:540} INFO - Filling up the DagBag from /home/beatriz/Documentos/airflow/airflow_venv/lib/python3.10/site-packages/airflow/example_dags/example_xcomargs.py
[2024-10-15T15:38:40.750-0300] {processor.py:840} INFO - DAG(s) 'example_xcom_args_with_operators', 'example_xcom_args' retrieved from /home/beatriz/Documentos/airflow/airflow_venv/lib/python3.10/site-packages/airflow/example_dags/example_xcomargs.py
[2024-10-15T15:38:40.780-0300] {logging_mixin.py:188} INFO - [2024-10-15T15:38:40.780-0300] {dag.py:3096} INFO - Sync 2 DAGs
[2024-10-15T15:38:40.798-0300] {logging_mixin.py:188} INFO - [2024-10-15T15:38:40.798-0300] {dag.py:3954} INFO - Setting next_dagrun for example_xcom_args to None, run_after=None
[2024-10-15T15:38:40.804-0300] {logging_mixin.py:188} INFO - [2024-10-15T15:38:40.804-0300] {dag.py:3954} INFO - Setting next_dagrun for example_xcom_args_with_operators to None, run_after=None
[2024-10-15T15:38:40.906-0300] {processor.py:183} INFO - Processing /home/beatriz/Documentos/airflow/airflow_venv/lib/python3.10/site-packages/airflow/example_dags/example_xcomargs.py took 0.181 seconds
[2024-10-15T15:39:26.317-0300] {processor.py:161} INFO - Started process (PID=44039) to work on /home/beatriz/Documentos/airflow/airflow_venv/lib/python3.10/site-packages/airflow/example_dags/example_xcomargs.py
[2024-10-15T15:39:26.320-0300] {processor.py:830} INFO - Processing file /home/beatriz/Documentos/airflow/airflow_venv/lib/python3.10/site-packages/airflow/example_dags/example_xcomargs.py for tasks to queue
[2024-10-15T15:39:26.323-0300] {logging_mixin.py:188} INFO - [2024-10-15T15:39:26.322-0300] {dagbag.py:540} INFO - Filling up the DagBag from /home/beatriz/Documentos/airflow/airflow_venv/lib/python3.10/site-packages/airflow/example_dags/example_xcomargs.py
[2024-10-15T15:39:26.332-0300] {processor.py:840} INFO - DAG(s) 'example_xcom_args', 'example_xcom_args_with_operators' retrieved from /home/beatriz/Documentos/airflow/airflow_venv/lib/python3.10/site-packages/airflow/example_dags/example_xcomargs.py
[2024-10-15T15:39:26.348-0300] {logging_mixin.py:188} INFO - [2024-10-15T15:39:26.348-0300] {dag.py:3096} INFO - Sync 2 DAGs
[2024-10-15T15:39:26.358-0300] {logging_mixin.py:188} INFO - [2024-10-15T15:39:26.357-0300] {dag.py:3954} INFO - Setting next_dagrun for example_xcom_args to None, run_after=None
[2024-10-15T15:39:26.361-0300] {logging_mixin.py:188} INFO - [2024-10-15T15:39:26.361-0300] {dag.py:3954} INFO - Setting next_dagrun for example_xcom_args_with_operators to None, run_after=None
[2024-10-15T15:39:26.379-0300] {processor.py:183} INFO - Processing /home/beatriz/Documentos/airflow/airflow_venv/lib/python3.10/site-packages/airflow/example_dags/example_xcomargs.py took 0.069 seconds
[2024-10-15T15:40:10.633-0300] {processor.py:161} INFO - Started process (PID=44179) to work on /home/beatriz/Documentos/airflow/airflow_venv/lib/python3.10/site-packages/airflow/example_dags/example_xcomargs.py
[2024-10-15T15:40:10.636-0300] {processor.py:830} INFO - Processing file /home/beatriz/Documentos/airflow/airflow_venv/lib/python3.10/site-packages/airflow/example_dags/example_xcomargs.py for tasks to queue
[2024-10-15T15:40:10.639-0300] {logging_mixin.py:188} INFO - [2024-10-15T15:40:10.638-0300] {dagbag.py:540} INFO - Filling up the DagBag from /home/beatriz/Documentos/airflow/airflow_venv/lib/python3.10/site-packages/airflow/example_dags/example_xcomargs.py
[2024-10-15T15:40:10.651-0300] {processor.py:840} INFO - DAG(s) 'example_xcom_args_with_operators', 'example_xcom_args' retrieved from /home/beatriz/Documentos/airflow/airflow_venv/lib/python3.10/site-packages/airflow/example_dags/example_xcomargs.py
[2024-10-15T15:40:10.667-0300] {logging_mixin.py:188} INFO - [2024-10-15T15:40:10.667-0300] {dag.py:3096} INFO - Sync 2 DAGs
[2024-10-15T15:40:10.676-0300] {logging_mixin.py:188} INFO - [2024-10-15T15:40:10.676-0300] {dag.py:3954} INFO - Setting next_dagrun for example_xcom_args to None, run_after=None
[2024-10-15T15:40:10.679-0300] {logging_mixin.py:188} INFO - [2024-10-15T15:40:10.678-0300] {dag.py:3954} INFO - Setting next_dagrun for example_xcom_args_with_operators to None, run_after=None
[2024-10-15T15:40:10.694-0300] {processor.py:183} INFO - Processing /home/beatriz/Documentos/airflow/airflow_venv/lib/python3.10/site-packages/airflow/example_dags/example_xcomargs.py took 0.072 seconds
