[2024-10-15T14:15:07.343-0300] {processor.py:153} INFO - Started process (PID=26590) to work on /home/beatriz/Documentos/airflow/airflow_venv/lib/python3.10/site-packages/airflow/example_dags/example_branch_python_dop_operator_3.py
[2024-10-15T14:15:07.344-0300] {processor.py:743} INFO - Processing file /home/beatriz/Documentos/airflow/airflow_venv/lib/python3.10/site-packages/airflow/example_dags/example_branch_python_dop_operator_3.py for tasks to queue
[2024-10-15T14:15:07.345-0300] {logging_mixin.py:137} INFO - [2024-10-15T14:15:07.345-0300] {dagbag.py:532} INFO - Filling up the DagBag from /home/beatriz/Documentos/airflow/airflow_venv/lib/python3.10/site-packages/airflow/example_dags/example_branch_python_dop_operator_3.py
[2024-10-15T14:15:07.380-0300] {processor.py:753} INFO - DAG(s) dict_keys(['example_branch_dop_operator_v3']) retrieved from /home/beatriz/Documentos/airflow/airflow_venv/lib/python3.10/site-packages/airflow/example_dags/example_branch_python_dop_operator_3.py
[2024-10-15T14:15:07.462-0300] {logging_mixin.py:137} INFO - [2024-10-15T14:15:07.462-0300] {manager.py:504} INFO - Created Permission View: can edit on DAG:example_branch_dop_operator_v3
[2024-10-15T14:15:07.471-0300] {logging_mixin.py:137} INFO - [2024-10-15T14:15:07.471-0300] {manager.py:504} INFO - Created Permission View: can delete on DAG:example_branch_dop_operator_v3
[2024-10-15T14:15:07.479-0300] {logging_mixin.py:137} INFO - [2024-10-15T14:15:07.479-0300] {manager.py:504} INFO - Created Permission View: can read on DAG:example_branch_dop_operator_v3
[2024-10-15T14:15:07.479-0300] {logging_mixin.py:137} INFO - [2024-10-15T14:15:07.479-0300] {dag.py:2705} INFO - Sync 1 DAGs
[2024-10-15T14:15:07.487-0300] {logging_mixin.py:137} INFO - [2024-10-15T14:15:07.487-0300] {dag.py:2726} INFO - Creating ORM DAG for example_branch_dop_operator_v3
[2024-10-15T14:15:07.501-0300] {logging_mixin.py:137} INFO - [2024-10-15T14:15:07.501-0300] {dag.py:3452} INFO - Setting next_dagrun for example_branch_dop_operator_v3 to 2024-10-15T17:14:00+00:00, run_after=2024-10-15T17:15:00+00:00
[2024-10-15T14:15:07.520-0300] {processor.py:175} INFO - Processing /home/beatriz/Documentos/airflow/airflow_venv/lib/python3.10/site-packages/airflow/example_dags/example_branch_python_dop_operator_3.py took 0.181 seconds
[2024-10-15T14:15:52.187-0300] {processor.py:153} INFO - Started process (PID=26733) to work on /home/beatriz/Documentos/airflow/airflow_venv/lib/python3.10/site-packages/airflow/example_dags/example_branch_python_dop_operator_3.py
[2024-10-15T14:15:52.190-0300] {processor.py:743} INFO - Processing file /home/beatriz/Documentos/airflow/airflow_venv/lib/python3.10/site-packages/airflow/example_dags/example_branch_python_dop_operator_3.py for tasks to queue
[2024-10-15T14:15:52.191-0300] {logging_mixin.py:137} INFO - [2024-10-15T14:15:52.191-0300] {dagbag.py:532} INFO - Filling up the DagBag from /home/beatriz/Documentos/airflow/airflow_venv/lib/python3.10/site-packages/airflow/example_dags/example_branch_python_dop_operator_3.py
[2024-10-15T14:15:52.219-0300] {processor.py:753} INFO - DAG(s) dict_keys(['example_branch_dop_operator_v3']) retrieved from /home/beatriz/Documentos/airflow/airflow_venv/lib/python3.10/site-packages/airflow/example_dags/example_branch_python_dop_operator_3.py
[2024-10-15T14:15:52.234-0300] {logging_mixin.py:137} INFO - [2024-10-15T14:15:52.234-0300] {dag.py:2705} INFO - Sync 1 DAGs
[2024-10-15T14:15:52.256-0300] {logging_mixin.py:137} INFO - [2024-10-15T14:15:52.256-0300] {dag.py:3452} INFO - Setting next_dagrun for example_branch_dop_operator_v3 to 2024-10-15T17:14:00+00:00, run_after=2024-10-15T17:15:00+00:00
[2024-10-15T14:15:52.278-0300] {processor.py:175} INFO - Processing /home/beatriz/Documentos/airflow/airflow_venv/lib/python3.10/site-packages/airflow/example_dags/example_branch_python_dop_operator_3.py took 0.095 seconds
[2024-10-15T14:18:20.732-0300] {processor.py:153} INFO - Started process (PID=27143) to work on /home/beatriz/Documentos/airflow/airflow_venv/lib/python3.10/site-packages/airflow/example_dags/example_branch_python_dop_operator_3.py
[2024-10-15T14:18:20.735-0300] {processor.py:743} INFO - Processing file /home/beatriz/Documentos/airflow/airflow_venv/lib/python3.10/site-packages/airflow/example_dags/example_branch_python_dop_operator_3.py for tasks to queue
[2024-10-15T14:18:20.737-0300] {logging_mixin.py:137} INFO - [2024-10-15T14:18:20.736-0300] {dagbag.py:532} INFO - Filling up the DagBag from /home/beatriz/Documentos/airflow/airflow_venv/lib/python3.10/site-packages/airflow/example_dags/example_branch_python_dop_operator_3.py
[2024-10-15T14:18:20.772-0300] {processor.py:753} INFO - DAG(s) dict_keys(['example_branch_dop_operator_v3']) retrieved from /home/beatriz/Documentos/airflow/airflow_venv/lib/python3.10/site-packages/airflow/example_dags/example_branch_python_dop_operator_3.py
[2024-10-15T14:18:20.786-0300] {logging_mixin.py:137} INFO - [2024-10-15T14:18:20.785-0300] {dag.py:2705} INFO - Sync 1 DAGs
[2024-10-15T14:18:20.803-0300] {logging_mixin.py:137} INFO - [2024-10-15T14:18:20.803-0300] {dag.py:3452} INFO - Setting next_dagrun for example_branch_dop_operator_v3 to 2024-10-15T17:17:00+00:00, run_after=2024-10-15T17:18:00+00:00
[2024-10-15T14:18:20.820-0300] {processor.py:175} INFO - Processing /home/beatriz/Documentos/airflow/airflow_venv/lib/python3.10/site-packages/airflow/example_dags/example_branch_python_dop_operator_3.py took 0.093 seconds
[2024-10-15T14:19:03.752-0300] {processor.py:153} INFO - Started process (PID=27276) to work on /home/beatriz/Documentos/airflow/airflow_venv/lib/python3.10/site-packages/airflow/example_dags/example_branch_python_dop_operator_3.py
[2024-10-15T14:19:03.755-0300] {processor.py:743} INFO - Processing file /home/beatriz/Documentos/airflow/airflow_venv/lib/python3.10/site-packages/airflow/example_dags/example_branch_python_dop_operator_3.py for tasks to queue
[2024-10-15T14:19:03.756-0300] {logging_mixin.py:137} INFO - [2024-10-15T14:19:03.756-0300] {dagbag.py:532} INFO - Filling up the DagBag from /home/beatriz/Documentos/airflow/airflow_venv/lib/python3.10/site-packages/airflow/example_dags/example_branch_python_dop_operator_3.py
[2024-10-15T14:19:03.794-0300] {processor.py:753} INFO - DAG(s) dict_keys(['example_branch_dop_operator_v3']) retrieved from /home/beatriz/Documentos/airflow/airflow_venv/lib/python3.10/site-packages/airflow/example_dags/example_branch_python_dop_operator_3.py
[2024-10-15T14:19:03.808-0300] {logging_mixin.py:137} INFO - [2024-10-15T14:19:03.808-0300] {dag.py:2705} INFO - Sync 1 DAGs
[2024-10-15T14:19:03.826-0300] {logging_mixin.py:137} INFO - [2024-10-15T14:19:03.826-0300] {dag.py:3452} INFO - Setting next_dagrun for example_branch_dop_operator_v3 to 2024-10-15T17:18:00+00:00, run_after=2024-10-15T17:19:00+00:00
[2024-10-15T14:19:03.843-0300] {processor.py:175} INFO - Processing /home/beatriz/Documentos/airflow/airflow_venv/lib/python3.10/site-packages/airflow/example_dags/example_branch_python_dop_operator_3.py took 0.097 seconds
[2024-10-15T14:51:13.630-0300] {processor.py:153} INFO - Started process (PID=34516) to work on /home/beatriz/Documentos/airflow/airflow_venv/lib/python3.10/site-packages/airflow/example_dags/example_branch_python_dop_operator_3.py
[2024-10-15T14:51:13.632-0300] {processor.py:743} INFO - Processing file /home/beatriz/Documentos/airflow/airflow_venv/lib/python3.10/site-packages/airflow/example_dags/example_branch_python_dop_operator_3.py for tasks to queue
[2024-10-15T14:51:13.633-0300] {logging_mixin.py:137} INFO - [2024-10-15T14:51:13.632-0300] {dagbag.py:532} INFO - Filling up the DagBag from /home/beatriz/Documentos/airflow/airflow_venv/lib/python3.10/site-packages/airflow/example_dags/example_branch_python_dop_operator_3.py
[2024-10-15T14:51:13.662-0300] {processor.py:753} INFO - DAG(s) dict_keys(['example_branch_dop_operator_v3']) retrieved from /home/beatriz/Documentos/airflow/airflow_venv/lib/python3.10/site-packages/airflow/example_dags/example_branch_python_dop_operator_3.py
[2024-10-15T14:51:13.681-0300] {logging_mixin.py:137} INFO - [2024-10-15T14:51:13.681-0300] {dag.py:2705} INFO - Sync 1 DAGs
[2024-10-15T14:51:13.708-0300] {logging_mixin.py:137} INFO - [2024-10-15T14:51:13.708-0300] {dag.py:3452} INFO - Setting next_dagrun for example_branch_dop_operator_v3 to 2024-10-15T17:50:00+00:00, run_after=2024-10-15T17:51:00+00:00
[2024-10-15T14:51:13.734-0300] {processor.py:175} INFO - Processing /home/beatriz/Documentos/airflow/airflow_venv/lib/python3.10/site-packages/airflow/example_dags/example_branch_python_dop_operator_3.py took 0.107 seconds
[2024-10-15T14:51:59.123-0300] {processor.py:153} INFO - Started process (PID=34670) to work on /home/beatriz/Documentos/airflow/airflow_venv/lib/python3.10/site-packages/airflow/example_dags/example_branch_python_dop_operator_3.py
[2024-10-15T14:51:59.125-0300] {processor.py:743} INFO - Processing file /home/beatriz/Documentos/airflow/airflow_venv/lib/python3.10/site-packages/airflow/example_dags/example_branch_python_dop_operator_3.py for tasks to queue
[2024-10-15T14:51:59.126-0300] {logging_mixin.py:137} INFO - [2024-10-15T14:51:59.126-0300] {dagbag.py:532} INFO - Filling up the DagBag from /home/beatriz/Documentos/airflow/airflow_venv/lib/python3.10/site-packages/airflow/example_dags/example_branch_python_dop_operator_3.py
[2024-10-15T14:51:59.153-0300] {processor.py:753} INFO - DAG(s) dict_keys(['example_branch_dop_operator_v3']) retrieved from /home/beatriz/Documentos/airflow/airflow_venv/lib/python3.10/site-packages/airflow/example_dags/example_branch_python_dop_operator_3.py
[2024-10-15T14:51:59.168-0300] {logging_mixin.py:137} INFO - [2024-10-15T14:51:59.168-0300] {dag.py:2705} INFO - Sync 1 DAGs
[2024-10-15T14:51:59.187-0300] {logging_mixin.py:137} INFO - [2024-10-15T14:51:59.187-0300] {dag.py:3452} INFO - Setting next_dagrun for example_branch_dop_operator_v3 to 2024-10-15T17:50:00+00:00, run_after=2024-10-15T17:51:00+00:00
[2024-10-15T14:51:59.205-0300] {processor.py:175} INFO - Processing /home/beatriz/Documentos/airflow/airflow_venv/lib/python3.10/site-packages/airflow/example_dags/example_branch_python_dop_operator_3.py took 0.085 seconds
[2024-10-15T14:52:52.321-0300] {processor.py:153} INFO - Started process (PID=35000) to work on /home/beatriz/Documentos/airflow/airflow_venv/lib/python3.10/site-packages/airflow/example_dags/example_branch_python_dop_operator_3.py
[2024-10-15T14:52:52.323-0300] {processor.py:743} INFO - Processing file /home/beatriz/Documentos/airflow/airflow_venv/lib/python3.10/site-packages/airflow/example_dags/example_branch_python_dop_operator_3.py for tasks to queue
[2024-10-15T14:52:52.324-0300] {logging_mixin.py:137} INFO - [2024-10-15T14:52:52.324-0300] {dagbag.py:532} INFO - Filling up the DagBag from /home/beatriz/Documentos/airflow/airflow_venv/lib/python3.10/site-packages/airflow/example_dags/example_branch_python_dop_operator_3.py
[2024-10-15T14:52:52.349-0300] {processor.py:753} INFO - DAG(s) dict_keys(['example_branch_dop_operator_v3']) retrieved from /home/beatriz/Documentos/airflow/airflow_venv/lib/python3.10/site-packages/airflow/example_dags/example_branch_python_dop_operator_3.py
[2024-10-15T14:52:52.365-0300] {logging_mixin.py:137} INFO - [2024-10-15T14:52:52.365-0300] {dag.py:2705} INFO - Sync 1 DAGs
[2024-10-15T14:52:52.386-0300] {logging_mixin.py:137} INFO - [2024-10-15T14:52:52.386-0300] {dag.py:3452} INFO - Setting next_dagrun for example_branch_dop_operator_v3 to 2024-10-15T17:51:00+00:00, run_after=2024-10-15T17:52:00+00:00
[2024-10-15T14:52:52.513-0300] {processor.py:175} INFO - Processing /home/beatriz/Documentos/airflow/airflow_venv/lib/python3.10/site-packages/airflow/example_dags/example_branch_python_dop_operator_3.py took 0.195 seconds
[2024-10-15T14:53:43.487-0300] {processor.py:153} INFO - Started process (PID=35252) to work on /home/beatriz/Documentos/airflow/airflow_venv/lib/python3.10/site-packages/airflow/example_dags/example_branch_python_dop_operator_3.py
[2024-10-15T14:53:43.489-0300] {processor.py:743} INFO - Processing file /home/beatriz/Documentos/airflow/airflow_venv/lib/python3.10/site-packages/airflow/example_dags/example_branch_python_dop_operator_3.py for tasks to queue
[2024-10-15T14:53:43.490-0300] {logging_mixin.py:137} INFO - [2024-10-15T14:53:43.490-0300] {dagbag.py:532} INFO - Filling up the DagBag from /home/beatriz/Documentos/airflow/airflow_venv/lib/python3.10/site-packages/airflow/example_dags/example_branch_python_dop_operator_3.py
[2024-10-15T14:53:43.511-0300] {processor.py:753} INFO - DAG(s) dict_keys(['example_branch_dop_operator_v3']) retrieved from /home/beatriz/Documentos/airflow/airflow_venv/lib/python3.10/site-packages/airflow/example_dags/example_branch_python_dop_operator_3.py
[2024-10-15T14:53:43.528-0300] {logging_mixin.py:137} INFO - [2024-10-15T14:53:43.528-0300] {dag.py:2705} INFO - Sync 1 DAGs
[2024-10-15T14:53:43.640-0300] {logging_mixin.py:137} INFO - [2024-10-15T14:53:43.639-0300] {dag.py:3452} INFO - Setting next_dagrun for example_branch_dop_operator_v3 to 2024-10-15T17:52:00+00:00, run_after=2024-10-15T17:53:00+00:00
[2024-10-15T14:53:43.663-0300] {processor.py:175} INFO - Processing /home/beatriz/Documentos/airflow/airflow_venv/lib/python3.10/site-packages/airflow/example_dags/example_branch_python_dop_operator_3.py took 0.178 seconds
[2024-10-15T14:54:41.913-0300] {processor.py:153} INFO - Started process (PID=35510) to work on /home/beatriz/Documentos/airflow/airflow_venv/lib/python3.10/site-packages/airflow/example_dags/example_branch_python_dop_operator_3.py
[2024-10-15T14:54:41.914-0300] {processor.py:743} INFO - Processing file /home/beatriz/Documentos/airflow/airflow_venv/lib/python3.10/site-packages/airflow/example_dags/example_branch_python_dop_operator_3.py for tasks to queue
[2024-10-15T14:54:41.916-0300] {logging_mixin.py:137} INFO - [2024-10-15T14:54:41.915-0300] {dagbag.py:532} INFO - Filling up the DagBag from /home/beatriz/Documentos/airflow/airflow_venv/lib/python3.10/site-packages/airflow/example_dags/example_branch_python_dop_operator_3.py
[2024-10-15T14:54:41.953-0300] {processor.py:753} INFO - DAG(s) dict_keys(['example_branch_dop_operator_v3']) retrieved from /home/beatriz/Documentos/airflow/airflow_venv/lib/python3.10/site-packages/airflow/example_dags/example_branch_python_dop_operator_3.py
[2024-10-15T14:54:41.978-0300] {logging_mixin.py:137} INFO - [2024-10-15T14:54:41.977-0300] {dag.py:2705} INFO - Sync 1 DAGs
[2024-10-15T14:54:42.116-0300] {logging_mixin.py:137} INFO - [2024-10-15T14:54:42.116-0300] {dag.py:3452} INFO - Setting next_dagrun for example_branch_dop_operator_v3 to 2024-10-15T17:53:00+00:00, run_after=2024-10-15T17:54:00+00:00
[2024-10-15T14:54:42.138-0300] {processor.py:175} INFO - Processing /home/beatriz/Documentos/airflow/airflow_venv/lib/python3.10/site-packages/airflow/example_dags/example_branch_python_dop_operator_3.py took 0.229 seconds
[2024-10-15T14:55:35.349-0300] {processor.py:153} INFO - Started process (PID=35605) to work on /home/beatriz/Documentos/airflow/airflow_venv/lib/python3.10/site-packages/airflow/example_dags/example_branch_python_dop_operator_3.py
[2024-10-15T14:55:35.351-0300] {processor.py:743} INFO - Processing file /home/beatriz/Documentos/airflow/airflow_venv/lib/python3.10/site-packages/airflow/example_dags/example_branch_python_dop_operator_3.py for tasks to queue
[2024-10-15T14:55:35.352-0300] {logging_mixin.py:137} INFO - [2024-10-15T14:55:35.352-0300] {dagbag.py:532} INFO - Filling up the DagBag from /home/beatriz/Documentos/airflow/airflow_venv/lib/python3.10/site-packages/airflow/example_dags/example_branch_python_dop_operator_3.py
[2024-10-15T14:55:35.383-0300] {processor.py:753} INFO - DAG(s) dict_keys(['example_branch_dop_operator_v3']) retrieved from /home/beatriz/Documentos/airflow/airflow_venv/lib/python3.10/site-packages/airflow/example_dags/example_branch_python_dop_operator_3.py
[2024-10-15T14:55:35.488-0300] {logging_mixin.py:137} INFO - [2024-10-15T14:55:35.487-0300] {dag.py:2705} INFO - Sync 1 DAGs
[2024-10-15T14:55:35.511-0300] {logging_mixin.py:137} INFO - [2024-10-15T14:55:35.511-0300] {dag.py:3452} INFO - Setting next_dagrun for example_branch_dop_operator_v3 to 2024-10-15T17:54:00+00:00, run_after=2024-10-15T17:55:00+00:00
[2024-10-15T14:55:35.533-0300] {processor.py:175} INFO - Processing /home/beatriz/Documentos/airflow/airflow_venv/lib/python3.10/site-packages/airflow/example_dags/example_branch_python_dop_operator_3.py took 0.192 seconds
[2024-10-15T14:56:26.623-0300] {processor.py:153} INFO - Started process (PID=35771) to work on /home/beatriz/Documentos/airflow/airflow_venv/lib/python3.10/site-packages/airflow/example_dags/example_branch_python_dop_operator_3.py
[2024-10-15T14:56:26.623-0300] {processor.py:743} INFO - Processing file /home/beatriz/Documentos/airflow/airflow_venv/lib/python3.10/site-packages/airflow/example_dags/example_branch_python_dop_operator_3.py for tasks to queue
[2024-10-15T14:56:26.624-0300] {logging_mixin.py:137} INFO - [2024-10-15T14:56:26.624-0300] {dagbag.py:532} INFO - Filling up the DagBag from /home/beatriz/Documentos/airflow/airflow_venv/lib/python3.10/site-packages/airflow/example_dags/example_branch_python_dop_operator_3.py
[2024-10-15T14:56:26.721-0300] {processor.py:753} INFO - DAG(s) dict_keys(['example_branch_dop_operator_v3']) retrieved from /home/beatriz/Documentos/airflow/airflow_venv/lib/python3.10/site-packages/airflow/example_dags/example_branch_python_dop_operator_3.py
[2024-10-15T14:56:26.736-0300] {logging_mixin.py:137} INFO - [2024-10-15T14:56:26.736-0300] {dag.py:2705} INFO - Sync 1 DAGs
[2024-10-15T14:56:26.756-0300] {logging_mixin.py:137} INFO - [2024-10-15T14:56:26.755-0300] {dag.py:3452} INFO - Setting next_dagrun for example_branch_dop_operator_v3 to 2024-10-15T17:55:00+00:00, run_after=2024-10-15T17:56:00+00:00
[2024-10-15T14:56:26.773-0300] {processor.py:175} INFO - Processing /home/beatriz/Documentos/airflow/airflow_venv/lib/python3.10/site-packages/airflow/example_dags/example_branch_python_dop_operator_3.py took 0.153 seconds
[2024-10-15T14:57:13.899-0300] {processor.py:153} INFO - Started process (PID=35855) to work on /home/beatriz/Documentos/airflow/airflow_venv/lib/python3.10/site-packages/airflow/example_dags/example_branch_python_dop_operator_3.py
[2024-10-15T14:57:13.902-0300] {processor.py:743} INFO - Processing file /home/beatriz/Documentos/airflow/airflow_venv/lib/python3.10/site-packages/airflow/example_dags/example_branch_python_dop_operator_3.py for tasks to queue
[2024-10-15T14:57:13.904-0300] {logging_mixin.py:137} INFO - [2024-10-15T14:57:13.904-0300] {dagbag.py:532} INFO - Filling up the DagBag from /home/beatriz/Documentos/airflow/airflow_venv/lib/python3.10/site-packages/airflow/example_dags/example_branch_python_dop_operator_3.py
[2024-10-15T14:57:14.032-0300] {processor.py:753} INFO - DAG(s) dict_keys(['example_branch_dop_operator_v3']) retrieved from /home/beatriz/Documentos/airflow/airflow_venv/lib/python3.10/site-packages/airflow/example_dags/example_branch_python_dop_operator_3.py
[2024-10-15T14:57:14.046-0300] {logging_mixin.py:137} INFO - [2024-10-15T14:57:14.045-0300] {dag.py:2705} INFO - Sync 1 DAGs
[2024-10-15T14:57:14.064-0300] {logging_mixin.py:137} INFO - [2024-10-15T14:57:14.064-0300] {dag.py:3452} INFO - Setting next_dagrun for example_branch_dop_operator_v3 to 2024-10-15T17:56:00+00:00, run_after=2024-10-15T17:57:00+00:00
[2024-10-15T14:57:14.086-0300] {processor.py:175} INFO - Processing /home/beatriz/Documentos/airflow/airflow_venv/lib/python3.10/site-packages/airflow/example_dags/example_branch_python_dop_operator_3.py took 0.193 seconds
[2024-10-15T14:58:00.566-0300] {processor.py:153} INFO - Started process (PID=36112) to work on /home/beatriz/Documentos/airflow/airflow_venv/lib/python3.10/site-packages/airflow/example_dags/example_branch_python_dop_operator_3.py
[2024-10-15T14:58:00.568-0300] {processor.py:743} INFO - Processing file /home/beatriz/Documentos/airflow/airflow_venv/lib/python3.10/site-packages/airflow/example_dags/example_branch_python_dop_operator_3.py for tasks to queue
[2024-10-15T14:58:00.569-0300] {logging_mixin.py:137} INFO - [2024-10-15T14:58:00.569-0300] {dagbag.py:532} INFO - Filling up the DagBag from /home/beatriz/Documentos/airflow/airflow_venv/lib/python3.10/site-packages/airflow/example_dags/example_branch_python_dop_operator_3.py
[2024-10-15T14:58:00.589-0300] {processor.py:753} INFO - DAG(s) dict_keys(['example_branch_dop_operator_v3']) retrieved from /home/beatriz/Documentos/airflow/airflow_venv/lib/python3.10/site-packages/airflow/example_dags/example_branch_python_dop_operator_3.py
[2024-10-15T14:58:00.603-0300] {logging_mixin.py:137} INFO - [2024-10-15T14:58:00.603-0300] {dag.py:2705} INFO - Sync 1 DAGs
[2024-10-15T14:58:00.623-0300] {logging_mixin.py:137} INFO - [2024-10-15T14:58:00.623-0300] {dag.py:3452} INFO - Setting next_dagrun for example_branch_dop_operator_v3 to 2024-10-15T17:57:00+00:00, run_after=2024-10-15T17:58:00+00:00
[2024-10-15T14:58:00.641-0300] {processor.py:175} INFO - Processing /home/beatriz/Documentos/airflow/airflow_venv/lib/python3.10/site-packages/airflow/example_dags/example_branch_python_dop_operator_3.py took 0.077 seconds
[2024-10-15T14:58:43.487-0300] {processor.py:153} INFO - Started process (PID=36261) to work on /home/beatriz/Documentos/airflow/airflow_venv/lib/python3.10/site-packages/airflow/example_dags/example_branch_python_dop_operator_3.py
[2024-10-15T14:58:43.490-0300] {processor.py:743} INFO - Processing file /home/beatriz/Documentos/airflow/airflow_venv/lib/python3.10/site-packages/airflow/example_dags/example_branch_python_dop_operator_3.py for tasks to queue
[2024-10-15T14:58:43.491-0300] {logging_mixin.py:137} INFO - [2024-10-15T14:58:43.491-0300] {dagbag.py:532} INFO - Filling up the DagBag from /home/beatriz/Documentos/airflow/airflow_venv/lib/python3.10/site-packages/airflow/example_dags/example_branch_python_dop_operator_3.py
[2024-10-15T14:58:43.526-0300] {processor.py:753} INFO - DAG(s) dict_keys(['example_branch_dop_operator_v3']) retrieved from /home/beatriz/Documentos/airflow/airflow_venv/lib/python3.10/site-packages/airflow/example_dags/example_branch_python_dop_operator_3.py
[2024-10-15T14:58:43.541-0300] {logging_mixin.py:137} INFO - [2024-10-15T14:58:43.541-0300] {dag.py:2705} INFO - Sync 1 DAGs
[2024-10-15T14:58:43.559-0300] {logging_mixin.py:137} INFO - [2024-10-15T14:58:43.558-0300] {dag.py:3452} INFO - Setting next_dagrun for example_branch_dop_operator_v3 to 2024-10-15T17:57:00+00:00, run_after=2024-10-15T17:58:00+00:00
[2024-10-15T14:58:43.575-0300] {processor.py:175} INFO - Processing /home/beatriz/Documentos/airflow/airflow_venv/lib/python3.10/site-packages/airflow/example_dags/example_branch_python_dop_operator_3.py took 0.093 seconds
[2024-10-15T14:59:27.499-0300] {processor.py:153} INFO - Started process (PID=36474) to work on /home/beatriz/Documentos/airflow/airflow_venv/lib/python3.10/site-packages/airflow/example_dags/example_branch_python_dop_operator_3.py
[2024-10-15T14:59:27.502-0300] {processor.py:743} INFO - Processing file /home/beatriz/Documentos/airflow/airflow_venv/lib/python3.10/site-packages/airflow/example_dags/example_branch_python_dop_operator_3.py for tasks to queue
[2024-10-15T14:59:27.504-0300] {logging_mixin.py:137} INFO - [2024-10-15T14:59:27.503-0300] {dagbag.py:532} INFO - Filling up the DagBag from /home/beatriz/Documentos/airflow/airflow_venv/lib/python3.10/site-packages/airflow/example_dags/example_branch_python_dop_operator_3.py
[2024-10-15T14:59:27.538-0300] {processor.py:753} INFO - DAG(s) dict_keys(['example_branch_dop_operator_v3']) retrieved from /home/beatriz/Documentos/airflow/airflow_venv/lib/python3.10/site-packages/airflow/example_dags/example_branch_python_dop_operator_3.py
[2024-10-15T14:59:27.553-0300] {logging_mixin.py:137} INFO - [2024-10-15T14:59:27.553-0300] {dag.py:2705} INFO - Sync 1 DAGs
[2024-10-15T14:59:27.570-0300] {logging_mixin.py:137} INFO - [2024-10-15T14:59:27.570-0300] {dag.py:3452} INFO - Setting next_dagrun for example_branch_dop_operator_v3 to 2024-10-15T17:58:00+00:00, run_after=2024-10-15T17:59:00+00:00
[2024-10-15T14:59:27.587-0300] {processor.py:175} INFO - Processing /home/beatriz/Documentos/airflow/airflow_venv/lib/python3.10/site-packages/airflow/example_dags/example_branch_python_dop_operator_3.py took 0.094 seconds
[2024-10-15T15:00:10.262-0300] {processor.py:153} INFO - Started process (PID=36594) to work on /home/beatriz/Documentos/airflow/airflow_venv/lib/python3.10/site-packages/airflow/example_dags/example_branch_python_dop_operator_3.py
[2024-10-15T15:00:10.265-0300] {processor.py:743} INFO - Processing file /home/beatriz/Documentos/airflow/airflow_venv/lib/python3.10/site-packages/airflow/example_dags/example_branch_python_dop_operator_3.py for tasks to queue
[2024-10-15T15:00:10.267-0300] {logging_mixin.py:137} INFO - [2024-10-15T15:00:10.267-0300] {dagbag.py:532} INFO - Filling up the DagBag from /home/beatriz/Documentos/airflow/airflow_venv/lib/python3.10/site-packages/airflow/example_dags/example_branch_python_dop_operator_3.py
[2024-10-15T15:00:10.304-0300] {processor.py:753} INFO - DAG(s) dict_keys(['example_branch_dop_operator_v3']) retrieved from /home/beatriz/Documentos/airflow/airflow_venv/lib/python3.10/site-packages/airflow/example_dags/example_branch_python_dop_operator_3.py
[2024-10-15T15:00:10.318-0300] {logging_mixin.py:137} INFO - [2024-10-15T15:00:10.318-0300] {dag.py:2705} INFO - Sync 1 DAGs
[2024-10-15T15:00:10.337-0300] {logging_mixin.py:137} INFO - [2024-10-15T15:00:10.337-0300] {dag.py:3452} INFO - Setting next_dagrun for example_branch_dop_operator_v3 to 2024-10-15T17:59:00+00:00, run_after=2024-10-15T18:00:00+00:00
[2024-10-15T15:00:10.355-0300] {processor.py:175} INFO - Processing /home/beatriz/Documentos/airflow/airflow_venv/lib/python3.10/site-packages/airflow/example_dags/example_branch_python_dop_operator_3.py took 0.100 seconds
[2024-10-15T15:00:52.234-0300] {processor.py:153} INFO - Started process (PID=36738) to work on /home/beatriz/Documentos/airflow/airflow_venv/lib/python3.10/site-packages/airflow/example_dags/example_branch_python_dop_operator_3.py
[2024-10-15T15:00:52.236-0300] {processor.py:743} INFO - Processing file /home/beatriz/Documentos/airflow/airflow_venv/lib/python3.10/site-packages/airflow/example_dags/example_branch_python_dop_operator_3.py for tasks to queue
[2024-10-15T15:00:52.238-0300] {logging_mixin.py:137} INFO - [2024-10-15T15:00:52.237-0300] {dagbag.py:532} INFO - Filling up the DagBag from /home/beatriz/Documentos/airflow/airflow_venv/lib/python3.10/site-packages/airflow/example_dags/example_branch_python_dop_operator_3.py
[2024-10-15T15:00:52.269-0300] {processor.py:753} INFO - DAG(s) dict_keys(['example_branch_dop_operator_v3']) retrieved from /home/beatriz/Documentos/airflow/airflow_venv/lib/python3.10/site-packages/airflow/example_dags/example_branch_python_dop_operator_3.py
[2024-10-15T15:00:52.283-0300] {logging_mixin.py:137} INFO - [2024-10-15T15:00:52.283-0300] {dag.py:2705} INFO - Sync 1 DAGs
[2024-10-15T15:00:52.301-0300] {logging_mixin.py:137} INFO - [2024-10-15T15:00:52.300-0300] {dag.py:3452} INFO - Setting next_dagrun for example_branch_dop_operator_v3 to 2024-10-15T17:59:00+00:00, run_after=2024-10-15T18:00:00+00:00
[2024-10-15T15:00:52.321-0300] {processor.py:175} INFO - Processing /home/beatriz/Documentos/airflow/airflow_venv/lib/python3.10/site-packages/airflow/example_dags/example_branch_python_dop_operator_3.py took 0.094 seconds
[2024-10-15T15:01:44.238-0300] {processor.py:153} INFO - Started process (PID=36948) to work on /home/beatriz/Documentos/airflow/airflow_venv/lib/python3.10/site-packages/airflow/example_dags/example_branch_python_dop_operator_3.py
[2024-10-15T15:01:44.241-0300] {processor.py:743} INFO - Processing file /home/beatriz/Documentos/airflow/airflow_venv/lib/python3.10/site-packages/airflow/example_dags/example_branch_python_dop_operator_3.py for tasks to queue
[2024-10-15T15:01:44.242-0300] {logging_mixin.py:137} INFO - [2024-10-15T15:01:44.242-0300] {dagbag.py:532} INFO - Filling up the DagBag from /home/beatriz/Documentos/airflow/airflow_venv/lib/python3.10/site-packages/airflow/example_dags/example_branch_python_dop_operator_3.py
[2024-10-15T15:01:44.277-0300] {processor.py:753} INFO - DAG(s) dict_keys(['example_branch_dop_operator_v3']) retrieved from /home/beatriz/Documentos/airflow/airflow_venv/lib/python3.10/site-packages/airflow/example_dags/example_branch_python_dop_operator_3.py
[2024-10-15T15:01:44.291-0300] {logging_mixin.py:137} INFO - [2024-10-15T15:01:44.291-0300] {dag.py:2705} INFO - Sync 1 DAGs
[2024-10-15T15:01:44.309-0300] {logging_mixin.py:137} INFO - [2024-10-15T15:01:44.308-0300] {dag.py:3452} INFO - Setting next_dagrun for example_branch_dop_operator_v3 to 2024-10-15T18:00:00+00:00, run_after=2024-10-15T18:01:00+00:00
[2024-10-15T15:01:44.324-0300] {processor.py:175} INFO - Processing /home/beatriz/Documentos/airflow/airflow_venv/lib/python3.10/site-packages/airflow/example_dags/example_branch_python_dop_operator_3.py took 0.092 seconds
[2024-10-15T15:02:36.473-0300] {processor.py:153} INFO - Started process (PID=37084) to work on /home/beatriz/Documentos/airflow/airflow_venv/lib/python3.10/site-packages/airflow/example_dags/example_branch_python_dop_operator_3.py
[2024-10-15T15:02:36.475-0300] {processor.py:743} INFO - Processing file /home/beatriz/Documentos/airflow/airflow_venv/lib/python3.10/site-packages/airflow/example_dags/example_branch_python_dop_operator_3.py for tasks to queue
[2024-10-15T15:02:36.476-0300] {logging_mixin.py:137} INFO - [2024-10-15T15:02:36.476-0300] {dagbag.py:532} INFO - Filling up the DagBag from /home/beatriz/Documentos/airflow/airflow_venv/lib/python3.10/site-packages/airflow/example_dags/example_branch_python_dop_operator_3.py
[2024-10-15T15:02:36.501-0300] {processor.py:753} INFO - DAG(s) dict_keys(['example_branch_dop_operator_v3']) retrieved from /home/beatriz/Documentos/airflow/airflow_venv/lib/python3.10/site-packages/airflow/example_dags/example_branch_python_dop_operator_3.py
[2024-10-15T15:02:36.517-0300] {logging_mixin.py:137} INFO - [2024-10-15T15:02:36.517-0300] {dag.py:2705} INFO - Sync 1 DAGs
[2024-10-15T15:02:36.545-0300] {logging_mixin.py:137} INFO - [2024-10-15T15:02:36.545-0300] {dag.py:3452} INFO - Setting next_dagrun for example_branch_dop_operator_v3 to 2024-10-15T18:01:00+00:00, run_after=2024-10-15T18:02:00+00:00
[2024-10-15T15:02:36.563-0300] {processor.py:175} INFO - Processing /home/beatriz/Documentos/airflow/airflow_venv/lib/python3.10/site-packages/airflow/example_dags/example_branch_python_dop_operator_3.py took 0.092 seconds
[2024-10-15T15:03:27.039-0300] {processor.py:153} INFO - Started process (PID=37265) to work on /home/beatriz/Documentos/airflow/airflow_venv/lib/python3.10/site-packages/airflow/example_dags/example_branch_python_dop_operator_3.py
[2024-10-15T15:03:27.042-0300] {processor.py:743} INFO - Processing file /home/beatriz/Documentos/airflow/airflow_venv/lib/python3.10/site-packages/airflow/example_dags/example_branch_python_dop_operator_3.py for tasks to queue
[2024-10-15T15:03:27.043-0300] {logging_mixin.py:137} INFO - [2024-10-15T15:03:27.043-0300] {dagbag.py:532} INFO - Filling up the DagBag from /home/beatriz/Documentos/airflow/airflow_venv/lib/python3.10/site-packages/airflow/example_dags/example_branch_python_dop_operator_3.py
[2024-10-15T15:03:27.084-0300] {processor.py:753} INFO - DAG(s) dict_keys(['example_branch_dop_operator_v3']) retrieved from /home/beatriz/Documentos/airflow/airflow_venv/lib/python3.10/site-packages/airflow/example_dags/example_branch_python_dop_operator_3.py
[2024-10-15T15:03:27.099-0300] {logging_mixin.py:137} INFO - [2024-10-15T15:03:27.099-0300] {dag.py:2705} INFO - Sync 1 DAGs
[2024-10-15T15:03:27.119-0300] {logging_mixin.py:137} INFO - [2024-10-15T15:03:27.119-0300] {dag.py:3452} INFO - Setting next_dagrun for example_branch_dop_operator_v3 to 2024-10-15T18:02:00+00:00, run_after=2024-10-15T18:03:00+00:00
[2024-10-15T15:03:27.140-0300] {processor.py:175} INFO - Processing /home/beatriz/Documentos/airflow/airflow_venv/lib/python3.10/site-packages/airflow/example_dags/example_branch_python_dop_operator_3.py took 0.107 seconds
[2024-10-15T15:04:09.742-0300] {processor.py:153} INFO - Started process (PID=37377) to work on /home/beatriz/Documentos/airflow/airflow_venv/lib/python3.10/site-packages/airflow/example_dags/example_branch_python_dop_operator_3.py
[2024-10-15T15:04:09.744-0300] {processor.py:743} INFO - Processing file /home/beatriz/Documentos/airflow/airflow_venv/lib/python3.10/site-packages/airflow/example_dags/example_branch_python_dop_operator_3.py for tasks to queue
[2024-10-15T15:04:09.745-0300] {logging_mixin.py:137} INFO - [2024-10-15T15:04:09.745-0300] {dagbag.py:532} INFO - Filling up the DagBag from /home/beatriz/Documentos/airflow/airflow_venv/lib/python3.10/site-packages/airflow/example_dags/example_branch_python_dop_operator_3.py
[2024-10-15T15:04:09.772-0300] {processor.py:753} INFO - DAG(s) dict_keys(['example_branch_dop_operator_v3']) retrieved from /home/beatriz/Documentos/airflow/airflow_venv/lib/python3.10/site-packages/airflow/example_dags/example_branch_python_dop_operator_3.py
[2024-10-15T15:04:09.786-0300] {logging_mixin.py:137} INFO - [2024-10-15T15:04:09.786-0300] {dag.py:2705} INFO - Sync 1 DAGs
[2024-10-15T15:04:09.808-0300] {logging_mixin.py:137} INFO - [2024-10-15T15:04:09.807-0300] {dag.py:3452} INFO - Setting next_dagrun for example_branch_dop_operator_v3 to 2024-10-15T18:03:00+00:00, run_after=2024-10-15T18:04:00+00:00
[2024-10-15T15:04:09.830-0300] {processor.py:175} INFO - Processing /home/beatriz/Documentos/airflow/airflow_venv/lib/python3.10/site-packages/airflow/example_dags/example_branch_python_dop_operator_3.py took 0.093 seconds
[2024-10-15T15:05:04.383-0300] {processor.py:153} INFO - Started process (PID=38120) to work on /home/beatriz/Documentos/airflow/airflow_venv/lib/python3.10/site-packages/airflow/example_dags/example_branch_python_dop_operator_3.py
[2024-10-15T15:05:04.386-0300] {processor.py:743} INFO - Processing file /home/beatriz/Documentos/airflow/airflow_venv/lib/python3.10/site-packages/airflow/example_dags/example_branch_python_dop_operator_3.py for tasks to queue
[2024-10-15T15:05:04.387-0300] {logging_mixin.py:137} INFO - [2024-10-15T15:05:04.386-0300] {dagbag.py:532} INFO - Filling up the DagBag from /home/beatriz/Documentos/airflow/airflow_venv/lib/python3.10/site-packages/airflow/example_dags/example_branch_python_dop_operator_3.py
[2024-10-15T15:05:04.428-0300] {processor.py:753} INFO - DAG(s) dict_keys(['example_branch_dop_operator_v3']) retrieved from /home/beatriz/Documentos/airflow/airflow_venv/lib/python3.10/site-packages/airflow/example_dags/example_branch_python_dop_operator_3.py
[2024-10-15T15:05:04.449-0300] {logging_mixin.py:137} INFO - [2024-10-15T15:05:04.449-0300] {dag.py:2705} INFO - Sync 1 DAGs
[2024-10-15T15:05:04.478-0300] {logging_mixin.py:137} INFO - [2024-10-15T15:05:04.478-0300] {dag.py:3452} INFO - Setting next_dagrun for example_branch_dop_operator_v3 to 2024-10-15T18:04:00+00:00, run_after=2024-10-15T18:05:00+00:00
[2024-10-15T15:05:04.498-0300] {processor.py:175} INFO - Processing /home/beatriz/Documentos/airflow/airflow_venv/lib/python3.10/site-packages/airflow/example_dags/example_branch_python_dop_operator_3.py took 0.119 seconds
[2024-10-15T15:05:46.009-0300] {processor.py:153} INFO - Started process (PID=38310) to work on /home/beatriz/Documentos/airflow/airflow_venv/lib/python3.10/site-packages/airflow/example_dags/example_branch_python_dop_operator_3.py
[2024-10-15T15:05:46.012-0300] {processor.py:743} INFO - Processing file /home/beatriz/Documentos/airflow/airflow_venv/lib/python3.10/site-packages/airflow/example_dags/example_branch_python_dop_operator_3.py for tasks to queue
[2024-10-15T15:05:46.013-0300] {logging_mixin.py:137} INFO - [2024-10-15T15:05:46.013-0300] {dagbag.py:532} INFO - Filling up the DagBag from /home/beatriz/Documentos/airflow/airflow_venv/lib/python3.10/site-packages/airflow/example_dags/example_branch_python_dop_operator_3.py
[2024-10-15T15:05:46.046-0300] {processor.py:753} INFO - DAG(s) dict_keys(['example_branch_dop_operator_v3']) retrieved from /home/beatriz/Documentos/airflow/airflow_venv/lib/python3.10/site-packages/airflow/example_dags/example_branch_python_dop_operator_3.py
[2024-10-15T15:05:46.061-0300] {logging_mixin.py:137} INFO - [2024-10-15T15:05:46.061-0300] {dag.py:2705} INFO - Sync 1 DAGs
[2024-10-15T15:05:46.081-0300] {logging_mixin.py:137} INFO - [2024-10-15T15:05:46.081-0300] {dag.py:3452} INFO - Setting next_dagrun for example_branch_dop_operator_v3 to 2024-10-15T18:04:00+00:00, run_after=2024-10-15T18:05:00+00:00
[2024-10-15T15:05:46.099-0300] {processor.py:175} INFO - Processing /home/beatriz/Documentos/airflow/airflow_venv/lib/python3.10/site-packages/airflow/example_dags/example_branch_python_dop_operator_3.py took 0.096 seconds
[2024-10-15T15:06:28.892-0300] {processor.py:153} INFO - Started process (PID=38809) to work on /home/beatriz/Documentos/airflow/airflow_venv/lib/python3.10/site-packages/airflow/example_dags/example_branch_python_dop_operator_3.py
[2024-10-15T15:06:28.893-0300] {processor.py:743} INFO - Processing file /home/beatriz/Documentos/airflow/airflow_venv/lib/python3.10/site-packages/airflow/example_dags/example_branch_python_dop_operator_3.py for tasks to queue
[2024-10-15T15:06:28.894-0300] {logging_mixin.py:137} INFO - [2024-10-15T15:06:28.894-0300] {dagbag.py:532} INFO - Filling up the DagBag from /home/beatriz/Documentos/airflow/airflow_venv/lib/python3.10/site-packages/airflow/example_dags/example_branch_python_dop_operator_3.py
[2024-10-15T15:06:28.916-0300] {processor.py:753} INFO - DAG(s) dict_keys(['example_branch_dop_operator_v3']) retrieved from /home/beatriz/Documentos/airflow/airflow_venv/lib/python3.10/site-packages/airflow/example_dags/example_branch_python_dop_operator_3.py
[2024-10-15T15:06:28.932-0300] {logging_mixin.py:137} INFO - [2024-10-15T15:06:28.932-0300] {dag.py:2705} INFO - Sync 1 DAGs
[2024-10-15T15:06:28.955-0300] {logging_mixin.py:137} INFO - [2024-10-15T15:06:28.954-0300] {dag.py:3452} INFO - Setting next_dagrun for example_branch_dop_operator_v3 to 2024-10-15T18:05:00+00:00, run_after=2024-10-15T18:06:00+00:00
[2024-10-15T15:06:28.975-0300] {processor.py:175} INFO - Processing /home/beatriz/Documentos/airflow/airflow_venv/lib/python3.10/site-packages/airflow/example_dags/example_branch_python_dop_operator_3.py took 0.085 seconds
[2024-10-15T15:07:16.205-0300] {processor.py:153} INFO - Started process (PID=39206) to work on /home/beatriz/Documentos/airflow/airflow_venv/lib/python3.10/site-packages/airflow/example_dags/example_branch_python_dop_operator_3.py
[2024-10-15T15:07:16.208-0300] {processor.py:743} INFO - Processing file /home/beatriz/Documentos/airflow/airflow_venv/lib/python3.10/site-packages/airflow/example_dags/example_branch_python_dop_operator_3.py for tasks to queue
[2024-10-15T15:07:16.209-0300] {logging_mixin.py:137} INFO - [2024-10-15T15:07:16.209-0300] {dagbag.py:532} INFO - Filling up the DagBag from /home/beatriz/Documentos/airflow/airflow_venv/lib/python3.10/site-packages/airflow/example_dags/example_branch_python_dop_operator_3.py
[2024-10-15T15:07:16.244-0300] {processor.py:753} INFO - DAG(s) dict_keys(['example_branch_dop_operator_v3']) retrieved from /home/beatriz/Documentos/airflow/airflow_venv/lib/python3.10/site-packages/airflow/example_dags/example_branch_python_dop_operator_3.py
[2024-10-15T15:07:16.261-0300] {logging_mixin.py:137} INFO - [2024-10-15T15:07:16.260-0300] {dag.py:2705} INFO - Sync 1 DAGs
[2024-10-15T15:07:16.284-0300] {logging_mixin.py:137} INFO - [2024-10-15T15:07:16.283-0300] {dag.py:3452} INFO - Setting next_dagrun for example_branch_dop_operator_v3 to 2024-10-15T18:06:00+00:00, run_after=2024-10-15T18:07:00+00:00
[2024-10-15T15:07:16.305-0300] {processor.py:175} INFO - Processing /home/beatriz/Documentos/airflow/airflow_venv/lib/python3.10/site-packages/airflow/example_dags/example_branch_python_dop_operator_3.py took 0.105 seconds
[2024-10-15T15:08:00.036-0300] {processor.py:153} INFO - Started process (PID=39355) to work on /home/beatriz/Documentos/airflow/airflow_venv/lib/python3.10/site-packages/airflow/example_dags/example_branch_python_dop_operator_3.py
[2024-10-15T15:08:00.038-0300] {processor.py:743} INFO - Processing file /home/beatriz/Documentos/airflow/airflow_venv/lib/python3.10/site-packages/airflow/example_dags/example_branch_python_dop_operator_3.py for tasks to queue
[2024-10-15T15:08:00.038-0300] {logging_mixin.py:137} INFO - [2024-10-15T15:08:00.038-0300] {dagbag.py:532} INFO - Filling up the DagBag from /home/beatriz/Documentos/airflow/airflow_venv/lib/python3.10/site-packages/airflow/example_dags/example_branch_python_dop_operator_3.py
[2024-10-15T15:08:00.059-0300] {processor.py:753} INFO - DAG(s) dict_keys(['example_branch_dop_operator_v3']) retrieved from /home/beatriz/Documentos/airflow/airflow_venv/lib/python3.10/site-packages/airflow/example_dags/example_branch_python_dop_operator_3.py
[2024-10-15T15:08:00.075-0300] {logging_mixin.py:137} INFO - [2024-10-15T15:08:00.074-0300] {dag.py:2705} INFO - Sync 1 DAGs
[2024-10-15T15:08:00.092-0300] {logging_mixin.py:137} INFO - [2024-10-15T15:08:00.092-0300] {dag.py:3452} INFO - Setting next_dagrun for example_branch_dop_operator_v3 to 2024-10-15T18:07:00+00:00, run_after=2024-10-15T18:08:00+00:00
[2024-10-15T15:08:00.108-0300] {processor.py:175} INFO - Processing /home/beatriz/Documentos/airflow/airflow_venv/lib/python3.10/site-packages/airflow/example_dags/example_branch_python_dop_operator_3.py took 0.074 seconds
[2024-10-15T15:08:42.470-0300] {processor.py:153} INFO - Started process (PID=39457) to work on /home/beatriz/Documentos/airflow/airflow_venv/lib/python3.10/site-packages/airflow/example_dags/example_branch_python_dop_operator_3.py
[2024-10-15T15:08:42.472-0300] {processor.py:743} INFO - Processing file /home/beatriz/Documentos/airflow/airflow_venv/lib/python3.10/site-packages/airflow/example_dags/example_branch_python_dop_operator_3.py for tasks to queue
[2024-10-15T15:08:42.475-0300] {logging_mixin.py:137} INFO - [2024-10-15T15:08:42.475-0300] {dagbag.py:532} INFO - Filling up the DagBag from /home/beatriz/Documentos/airflow/airflow_venv/lib/python3.10/site-packages/airflow/example_dags/example_branch_python_dop_operator_3.py
[2024-10-15T15:08:42.505-0300] {processor.py:753} INFO - DAG(s) dict_keys(['example_branch_dop_operator_v3']) retrieved from /home/beatriz/Documentos/airflow/airflow_venv/lib/python3.10/site-packages/airflow/example_dags/example_branch_python_dop_operator_3.py
[2024-10-15T15:08:42.520-0300] {logging_mixin.py:137} INFO - [2024-10-15T15:08:42.520-0300] {dag.py:2705} INFO - Sync 1 DAGs
[2024-10-15T15:08:42.541-0300] {logging_mixin.py:137} INFO - [2024-10-15T15:08:42.541-0300] {dag.py:3452} INFO - Setting next_dagrun for example_branch_dop_operator_v3 to 2024-10-15T18:07:00+00:00, run_after=2024-10-15T18:08:00+00:00
[2024-10-15T15:08:42.560-0300] {processor.py:175} INFO - Processing /home/beatriz/Documentos/airflow/airflow_venv/lib/python3.10/site-packages/airflow/example_dags/example_branch_python_dop_operator_3.py took 0.093 seconds
[2024-10-15T15:09:24.674-0300] {processor.py:153} INFO - Started process (PID=39576) to work on /home/beatriz/Documentos/airflow/airflow_venv/lib/python3.10/site-packages/airflow/example_dags/example_branch_python_dop_operator_3.py
[2024-10-15T15:09:24.676-0300] {processor.py:743} INFO - Processing file /home/beatriz/Documentos/airflow/airflow_venv/lib/python3.10/site-packages/airflow/example_dags/example_branch_python_dop_operator_3.py for tasks to queue
[2024-10-15T15:09:24.677-0300] {logging_mixin.py:137} INFO - [2024-10-15T15:09:24.676-0300] {dagbag.py:532} INFO - Filling up the DagBag from /home/beatriz/Documentos/airflow/airflow_venv/lib/python3.10/site-packages/airflow/example_dags/example_branch_python_dop_operator_3.py
[2024-10-15T15:09:24.710-0300] {processor.py:753} INFO - DAG(s) dict_keys(['example_branch_dop_operator_v3']) retrieved from /home/beatriz/Documentos/airflow/airflow_venv/lib/python3.10/site-packages/airflow/example_dags/example_branch_python_dop_operator_3.py
[2024-10-15T15:09:24.774-0300] {logging_mixin.py:137} INFO - [2024-10-15T15:09:24.774-0300] {dag.py:2705} INFO - Sync 1 DAGs
[2024-10-15T15:09:24.821-0300] {logging_mixin.py:137} INFO - [2024-10-15T15:09:24.820-0300] {dag.py:3452} INFO - Setting next_dagrun for example_branch_dop_operator_v3 to 2024-10-15T18:08:00+00:00, run_after=2024-10-15T18:09:00+00:00
[2024-10-15T15:09:24.868-0300] {processor.py:175} INFO - Processing /home/beatriz/Documentos/airflow/airflow_venv/lib/python3.10/site-packages/airflow/example_dags/example_branch_python_dop_operator_3.py took 0.198 seconds
[2024-10-15T15:10:08.913-0300] {processor.py:153} INFO - Started process (PID=39661) to work on /home/beatriz/Documentos/airflow/airflow_venv/lib/python3.10/site-packages/airflow/example_dags/example_branch_python_dop_operator_3.py
[2024-10-15T15:10:08.916-0300] {processor.py:743} INFO - Processing file /home/beatriz/Documentos/airflow/airflow_venv/lib/python3.10/site-packages/airflow/example_dags/example_branch_python_dop_operator_3.py for tasks to queue
[2024-10-15T15:10:08.917-0300] {logging_mixin.py:137} INFO - [2024-10-15T15:10:08.917-0300] {dagbag.py:532} INFO - Filling up the DagBag from /home/beatriz/Documentos/airflow/airflow_venv/lib/python3.10/site-packages/airflow/example_dags/example_branch_python_dop_operator_3.py
[2024-10-15T15:10:08.953-0300] {processor.py:753} INFO - DAG(s) dict_keys(['example_branch_dop_operator_v3']) retrieved from /home/beatriz/Documentos/airflow/airflow_venv/lib/python3.10/site-packages/airflow/example_dags/example_branch_python_dop_operator_3.py
[2024-10-15T15:10:08.972-0300] {logging_mixin.py:137} INFO - [2024-10-15T15:10:08.972-0300] {dag.py:2705} INFO - Sync 1 DAGs
[2024-10-15T15:10:08.991-0300] {logging_mixin.py:137} INFO - [2024-10-15T15:10:08.991-0300] {dag.py:3452} INFO - Setting next_dagrun for example_branch_dop_operator_v3 to 2024-10-15T18:09:00+00:00, run_after=2024-10-15T18:10:00+00:00
[2024-10-15T15:10:09.011-0300] {processor.py:175} INFO - Processing /home/beatriz/Documentos/airflow/airflow_venv/lib/python3.10/site-packages/airflow/example_dags/example_branch_python_dop_operator_3.py took 0.104 seconds
[2024-10-15T15:35:52.105-0300] {processor.py:161} INFO - Started process (PID=42016) to work on /home/beatriz/Documentos/airflow/airflow_venv/lib/python3.10/site-packages/airflow/example_dags/example_branch_python_dop_operator_3.py
[2024-10-15T15:35:52.106-0300] {processor.py:830} INFO - Processing file /home/beatriz/Documentos/airflow/airflow_venv/lib/python3.10/site-packages/airflow/example_dags/example_branch_python_dop_operator_3.py for tasks to queue
[2024-10-15T15:35:52.110-0300] {logging_mixin.py:188} INFO - [2024-10-15T15:35:52.109-0300] {dagbag.py:540} INFO - Filling up the DagBag from /home/beatriz/Documentos/airflow/airflow_venv/lib/python3.10/site-packages/airflow/example_dags/example_branch_python_dop_operator_3.py
[2024-10-15T15:35:52.124-0300] {processor.py:840} INFO - DAG(s) 'example_branch_dop_operator_v3' retrieved from /home/beatriz/Documentos/airflow/airflow_venv/lib/python3.10/site-packages/airflow/example_dags/example_branch_python_dop_operator_3.py
[2024-10-15T15:35:52.248-0300] {logging_mixin.py:188} INFO - [2024-10-15T15:35:52.248-0300] {dag.py:3096} INFO - Sync 1 DAGs
[2024-10-15T15:35:52.269-0300] {logging_mixin.py:188} INFO - [2024-10-15T15:35:52.269-0300] {dag.py:3954} INFO - Setting next_dagrun for example_branch_dop_operator_v3 to 2024-10-15 18:34:00+00:00, run_after=2024-10-15 18:35:00+00:00
[2024-10-15T15:35:52.298-0300] {processor.py:183} INFO - Processing /home/beatriz/Documentos/airflow/airflow_venv/lib/python3.10/site-packages/airflow/example_dags/example_branch_python_dop_operator_3.py took 0.201 seconds
[2024-10-15T15:36:48.629-0300] {processor.py:161} INFO - Started process (PID=42687) to work on /home/beatriz/Documentos/airflow/airflow_venv/lib/python3.10/site-packages/airflow/example_dags/example_branch_python_dop_operator_3.py
[2024-10-15T15:36:48.632-0300] {processor.py:830} INFO - Processing file /home/beatriz/Documentos/airflow/airflow_venv/lib/python3.10/site-packages/airflow/example_dags/example_branch_python_dop_operator_3.py for tasks to queue
[2024-10-15T15:36:48.636-0300] {logging_mixin.py:188} INFO - [2024-10-15T15:36:48.635-0300] {dagbag.py:540} INFO - Filling up the DagBag from /home/beatriz/Documentos/airflow/airflow_venv/lib/python3.10/site-packages/airflow/example_dags/example_branch_python_dop_operator_3.py
[2024-10-15T15:36:48.654-0300] {processor.py:840} INFO - DAG(s) 'example_branch_dop_operator_v3' retrieved from /home/beatriz/Documentos/airflow/airflow_venv/lib/python3.10/site-packages/airflow/example_dags/example_branch_python_dop_operator_3.py
[2024-10-15T15:36:48.670-0300] {logging_mixin.py:188} INFO - [2024-10-15T15:36:48.670-0300] {dag.py:3096} INFO - Sync 1 DAGs
[2024-10-15T15:36:48.690-0300] {logging_mixin.py:188} INFO - [2024-10-15T15:36:48.690-0300] {dag.py:3954} INFO - Setting next_dagrun for example_branch_dop_operator_v3 to 2024-10-15 18:35:00+00:00, run_after=2024-10-15 18:36:00+00:00
[2024-10-15T15:36:48.715-0300] {processor.py:183} INFO - Processing /home/beatriz/Documentos/airflow/airflow_venv/lib/python3.10/site-packages/airflow/example_dags/example_branch_python_dop_operator_3.py took 0.099 seconds
[2024-10-15T15:38:00.014-0300] {processor.py:161} INFO - Started process (PID=43231) to work on /home/beatriz/Documentos/airflow/airflow_venv/lib/python3.10/site-packages/airflow/example_dags/example_branch_python_dop_operator_3.py
[2024-10-15T15:38:00.016-0300] {processor.py:830} INFO - Processing file /home/beatriz/Documentos/airflow/airflow_venv/lib/python3.10/site-packages/airflow/example_dags/example_branch_python_dop_operator_3.py for tasks to queue
[2024-10-15T15:38:00.019-0300] {logging_mixin.py:188} INFO - [2024-10-15T15:38:00.019-0300] {dagbag.py:540} INFO - Filling up the DagBag from /home/beatriz/Documentos/airflow/airflow_venv/lib/python3.10/site-packages/airflow/example_dags/example_branch_python_dop_operator_3.py
[2024-10-15T15:38:00.028-0300] {processor.py:840} INFO - DAG(s) 'example_branch_dop_operator_v3' retrieved from /home/beatriz/Documentos/airflow/airflow_venv/lib/python3.10/site-packages/airflow/example_dags/example_branch_python_dop_operator_3.py
[2024-10-15T15:38:00.040-0300] {logging_mixin.py:188} INFO - [2024-10-15T15:38:00.040-0300] {dag.py:3096} INFO - Sync 1 DAGs
[2024-10-15T15:38:00.150-0300] {logging_mixin.py:188} INFO - [2024-10-15T15:38:00.150-0300] {dag.py:3954} INFO - Setting next_dagrun for example_branch_dop_operator_v3 to 2024-10-15 18:37:00+00:00, run_after=2024-10-15 18:38:00+00:00
[2024-10-15T15:38:00.172-0300] {processor.py:183} INFO - Processing /home/beatriz/Documentos/airflow/airflow_venv/lib/python3.10/site-packages/airflow/example_dags/example_branch_python_dop_operator_3.py took 0.169 seconds
[2024-10-15T15:38:52.589-0300] {processor.py:161} INFO - Started process (PID=43641) to work on /home/beatriz/Documentos/airflow/airflow_venv/lib/python3.10/site-packages/airflow/example_dags/example_branch_python_dop_operator_3.py
[2024-10-15T15:38:52.591-0300] {processor.py:830} INFO - Processing file /home/beatriz/Documentos/airflow/airflow_venv/lib/python3.10/site-packages/airflow/example_dags/example_branch_python_dop_operator_3.py for tasks to queue
[2024-10-15T15:38:52.594-0300] {logging_mixin.py:188} INFO - [2024-10-15T15:38:52.594-0300] {dagbag.py:540} INFO - Filling up the DagBag from /home/beatriz/Documentos/airflow/airflow_venv/lib/python3.10/site-packages/airflow/example_dags/example_branch_python_dop_operator_3.py
[2024-10-15T15:38:52.610-0300] {processor.py:840} INFO - DAG(s) 'example_branch_dop_operator_v3' retrieved from /home/beatriz/Documentos/airflow/airflow_venv/lib/python3.10/site-packages/airflow/example_dags/example_branch_python_dop_operator_3.py
[2024-10-15T15:38:52.625-0300] {logging_mixin.py:188} INFO - [2024-10-15T15:38:52.625-0300] {dag.py:3096} INFO - Sync 1 DAGs
[2024-10-15T15:38:52.644-0300] {logging_mixin.py:188} INFO - [2024-10-15T15:38:52.643-0300] {dag.py:3954} INFO - Setting next_dagrun for example_branch_dop_operator_v3 to 2024-10-15 18:37:00+00:00, run_after=2024-10-15 18:38:00+00:00
[2024-10-15T15:38:52.663-0300] {processor.py:183} INFO - Processing /home/beatriz/Documentos/airflow/airflow_venv/lib/python3.10/site-packages/airflow/example_dags/example_branch_python_dop_operator_3.py took 0.085 seconds
[2024-10-15T15:39:59.040-0300] {processor.py:161} INFO - Started process (PID=44100) to work on /home/beatriz/Documentos/airflow/airflow_venv/lib/python3.10/site-packages/airflow/example_dags/example_branch_python_dop_operator_3.py
[2024-10-15T15:39:59.043-0300] {processor.py:830} INFO - Processing file /home/beatriz/Documentos/airflow/airflow_venv/lib/python3.10/site-packages/airflow/example_dags/example_branch_python_dop_operator_3.py for tasks to queue
[2024-10-15T15:39:59.047-0300] {logging_mixin.py:188} INFO - [2024-10-15T15:39:59.046-0300] {dagbag.py:540} INFO - Filling up the DagBag from /home/beatriz/Documentos/airflow/airflow_venv/lib/python3.10/site-packages/airflow/example_dags/example_branch_python_dop_operator_3.py
[2024-10-15T15:39:59.060-0300] {processor.py:840} INFO - DAG(s) 'example_branch_dop_operator_v3' retrieved from /home/beatriz/Documentos/airflow/airflow_venv/lib/python3.10/site-packages/airflow/example_dags/example_branch_python_dop_operator_3.py
[2024-10-15T15:39:59.075-0300] {logging_mixin.py:188} INFO - [2024-10-15T15:39:59.074-0300] {dag.py:3096} INFO - Sync 1 DAGs
[2024-10-15T15:39:59.096-0300] {logging_mixin.py:188} INFO - [2024-10-15T15:39:59.096-0300] {dag.py:3954} INFO - Setting next_dagrun for example_branch_dop_operator_v3 to 2024-10-15 18:38:00+00:00, run_after=2024-10-15 18:39:00+00:00
[2024-10-15T15:39:59.116-0300] {processor.py:183} INFO - Processing /home/beatriz/Documentos/airflow/airflow_venv/lib/python3.10/site-packages/airflow/example_dags/example_branch_python_dop_operator_3.py took 0.089 seconds
