[2024-10-15T14:15:54.048-0300] {processor.py:153} INFO - Started process (PID=26737) to work on /home/beatriz/Documentos/airflow/airflow_venv/lib/python3.10/site-packages/airflow/example_dags/example_dag_decorator.py
[2024-10-15T14:15:54.049-0300] {processor.py:743} INFO - Processing file /home/beatriz/Documentos/airflow/airflow_venv/lib/python3.10/site-packages/airflow/example_dags/example_dag_decorator.py for tasks to queue
[2024-10-15T14:15:54.050-0300] {logging_mixin.py:137} INFO - [2024-10-15T14:15:54.050-0300] {dagbag.py:532} INFO - Filling up the DagBag from /home/beatriz/Documentos/airflow/airflow_venv/lib/python3.10/site-packages/airflow/example_dags/example_dag_decorator.py
[2024-10-15T14:15:54.078-0300] {logging_mixin.py:137} INFO - [2024-10-15T14:15:54.078-0300] {taskmixin.py:211} WARNING - Dependency <Task(_PythonDecoratedOperator): prepare_email>, send_email already registered for DAG: example_dag_decorator
[2024-10-15T14:15:54.078-0300] {logging_mixin.py:137} INFO - [2024-10-15T14:15:54.078-0300] {taskmixin.py:211} WARNING - Dependency <Task(EmailOperator): send_email>, prepare_email already registered for DAG: example_dag_decorator
[2024-10-15T14:15:54.087-0300] {processor.py:753} INFO - DAG(s) dict_keys(['example_dag_decorator']) retrieved from /home/beatriz/Documentos/airflow/airflow_venv/lib/python3.10/site-packages/airflow/example_dags/example_dag_decorator.py
[2024-10-15T14:15:54.133-0300] {logging_mixin.py:137} INFO - [2024-10-15T14:15:54.133-0300] {dag.py:2705} INFO - Sync 1 DAGs
[2024-10-15T14:15:54.148-0300] {logging_mixin.py:137} INFO - [2024-10-15T14:15:54.148-0300] {dag.py:3452} INFO - Setting next_dagrun for example_dag_decorator to None, run_after=None
[2024-10-15T14:15:54.167-0300] {processor.py:175} INFO - Processing /home/beatriz/Documentos/airflow/airflow_venv/lib/python3.10/site-packages/airflow/example_dags/example_dag_decorator.py took 0.124 seconds
[2024-10-15T14:18:23.262-0300] {processor.py:153} INFO - Started process (PID=27147) to work on /home/beatriz/Documentos/airflow/airflow_venv/lib/python3.10/site-packages/airflow/example_dags/example_dag_decorator.py
[2024-10-15T14:18:23.265-0300] {processor.py:743} INFO - Processing file /home/beatriz/Documentos/airflow/airflow_venv/lib/python3.10/site-packages/airflow/example_dags/example_dag_decorator.py for tasks to queue
[2024-10-15T14:18:23.267-0300] {logging_mixin.py:137} INFO - [2024-10-15T14:18:23.266-0300] {dagbag.py:532} INFO - Filling up the DagBag from /home/beatriz/Documentos/airflow/airflow_venv/lib/python3.10/site-packages/airflow/example_dags/example_dag_decorator.py
[2024-10-15T14:18:23.295-0300] {logging_mixin.py:137} INFO - [2024-10-15T14:18:23.295-0300] {taskmixin.py:211} WARNING - Dependency <Task(_PythonDecoratedOperator): prepare_email>, send_email already registered for DAG: example_dag_decorator
[2024-10-15T14:18:23.295-0300] {logging_mixin.py:137} INFO - [2024-10-15T14:18:23.295-0300] {taskmixin.py:211} WARNING - Dependency <Task(EmailOperator): send_email>, prepare_email already registered for DAG: example_dag_decorator
[2024-10-15T14:18:23.306-0300] {processor.py:753} INFO - DAG(s) dict_keys(['example_dag_decorator']) retrieved from /home/beatriz/Documentos/airflow/airflow_venv/lib/python3.10/site-packages/airflow/example_dags/example_dag_decorator.py
[2024-10-15T14:18:23.345-0300] {logging_mixin.py:137} INFO - [2024-10-15T14:18:23.345-0300] {dag.py:2705} INFO - Sync 1 DAGs
[2024-10-15T14:18:23.441-0300] {logging_mixin.py:137} INFO - [2024-10-15T14:18:23.441-0300] {dag.py:3452} INFO - Setting next_dagrun for example_dag_decorator to None, run_after=None
[2024-10-15T14:18:23.463-0300] {processor.py:175} INFO - Processing /home/beatriz/Documentos/airflow/airflow_venv/lib/python3.10/site-packages/airflow/example_dags/example_dag_decorator.py took 0.207 seconds
[2024-10-15T14:19:05.848-0300] {processor.py:153} INFO - Started process (PID=27278) to work on /home/beatriz/Documentos/airflow/airflow_venv/lib/python3.10/site-packages/airflow/example_dags/example_dag_decorator.py
[2024-10-15T14:19:05.851-0300] {processor.py:743} INFO - Processing file /home/beatriz/Documentos/airflow/airflow_venv/lib/python3.10/site-packages/airflow/example_dags/example_dag_decorator.py for tasks to queue
[2024-10-15T14:19:05.853-0300] {logging_mixin.py:137} INFO - [2024-10-15T14:19:05.852-0300] {dagbag.py:532} INFO - Filling up the DagBag from /home/beatriz/Documentos/airflow/airflow_venv/lib/python3.10/site-packages/airflow/example_dags/example_dag_decorator.py
[2024-10-15T14:19:05.884-0300] {logging_mixin.py:137} INFO - [2024-10-15T14:19:05.883-0300] {taskmixin.py:211} WARNING - Dependency <Task(_PythonDecoratedOperator): prepare_email>, send_email already registered for DAG: example_dag_decorator
[2024-10-15T14:19:05.884-0300] {logging_mixin.py:137} INFO - [2024-10-15T14:19:05.884-0300] {taskmixin.py:211} WARNING - Dependency <Task(EmailOperator): send_email>, prepare_email already registered for DAG: example_dag_decorator
[2024-10-15T14:19:05.893-0300] {processor.py:753} INFO - DAG(s) dict_keys(['example_dag_decorator']) retrieved from /home/beatriz/Documentos/airflow/airflow_venv/lib/python3.10/site-packages/airflow/example_dags/example_dag_decorator.py
[2024-10-15T14:19:05.931-0300] {logging_mixin.py:137} INFO - [2024-10-15T14:19:05.931-0300] {dag.py:2705} INFO - Sync 1 DAGs
[2024-10-15T14:19:06.026-0300] {logging_mixin.py:137} INFO - [2024-10-15T14:19:06.026-0300] {dag.py:3452} INFO - Setting next_dagrun for example_dag_decorator to None, run_after=None
[2024-10-15T14:19:06.047-0300] {processor.py:175} INFO - Processing /home/beatriz/Documentos/airflow/airflow_venv/lib/python3.10/site-packages/airflow/example_dags/example_dag_decorator.py took 0.205 seconds
[2024-10-15T14:51:16.141-0300] {processor.py:153} INFO - Started process (PID=34547) to work on /home/beatriz/Documentos/airflow/airflow_venv/lib/python3.10/site-packages/airflow/example_dags/example_dag_decorator.py
[2024-10-15T14:51:16.143-0300] {processor.py:743} INFO - Processing file /home/beatriz/Documentos/airflow/airflow_venv/lib/python3.10/site-packages/airflow/example_dags/example_dag_decorator.py for tasks to queue
[2024-10-15T14:51:16.144-0300] {logging_mixin.py:137} INFO - [2024-10-15T14:51:16.144-0300] {dagbag.py:532} INFO - Filling up the DagBag from /home/beatriz/Documentos/airflow/airflow_venv/lib/python3.10/site-packages/airflow/example_dags/example_dag_decorator.py
[2024-10-15T14:51:16.158-0300] {logging_mixin.py:137} INFO - [2024-10-15T14:51:16.158-0300] {taskmixin.py:211} WARNING - Dependency <Task(_PythonDecoratedOperator): prepare_email>, send_email already registered for DAG: example_dag_decorator
[2024-10-15T14:51:16.158-0300] {logging_mixin.py:137} INFO - [2024-10-15T14:51:16.158-0300] {taskmixin.py:211} WARNING - Dependency <Task(EmailOperator): send_email>, prepare_email already registered for DAG: example_dag_decorator
[2024-10-15T14:51:16.168-0300] {processor.py:753} INFO - DAG(s) dict_keys(['example_dag_decorator']) retrieved from /home/beatriz/Documentos/airflow/airflow_venv/lib/python3.10/site-packages/airflow/example_dags/example_dag_decorator.py
[2024-10-15T14:51:16.204-0300] {logging_mixin.py:137} INFO - [2024-10-15T14:51:16.204-0300] {dag.py:2705} INFO - Sync 1 DAGs
[2024-10-15T14:51:16.293-0300] {logging_mixin.py:137} INFO - [2024-10-15T14:51:16.293-0300] {dag.py:3452} INFO - Setting next_dagrun for example_dag_decorator to None, run_after=None
[2024-10-15T14:51:16.315-0300] {processor.py:175} INFO - Processing /home/beatriz/Documentos/airflow/airflow_venv/lib/python3.10/site-packages/airflow/example_dags/example_dag_decorator.py took 0.175 seconds
[2024-10-15T14:52:01.553-0300] {processor.py:153} INFO - Started process (PID=34678) to work on /home/beatriz/Documentos/airflow/airflow_venv/lib/python3.10/site-packages/airflow/example_dags/example_dag_decorator.py
[2024-10-15T14:52:01.555-0300] {processor.py:743} INFO - Processing file /home/beatriz/Documentos/airflow/airflow_venv/lib/python3.10/site-packages/airflow/example_dags/example_dag_decorator.py for tasks to queue
[2024-10-15T14:52:01.557-0300] {logging_mixin.py:137} INFO - [2024-10-15T14:52:01.556-0300] {dagbag.py:532} INFO - Filling up the DagBag from /home/beatriz/Documentos/airflow/airflow_venv/lib/python3.10/site-packages/airflow/example_dags/example_dag_decorator.py
[2024-10-15T14:52:01.586-0300] {logging_mixin.py:137} INFO - [2024-10-15T14:52:01.586-0300] {taskmixin.py:211} WARNING - Dependency <Task(_PythonDecoratedOperator): prepare_email>, send_email already registered for DAG: example_dag_decorator
[2024-10-15T14:52:01.586-0300] {logging_mixin.py:137} INFO - [2024-10-15T14:52:01.586-0300] {taskmixin.py:211} WARNING - Dependency <Task(EmailOperator): send_email>, prepare_email already registered for DAG: example_dag_decorator
[2024-10-15T14:52:01.597-0300] {processor.py:753} INFO - DAG(s) dict_keys(['example_dag_decorator']) retrieved from /home/beatriz/Documentos/airflow/airflow_venv/lib/python3.10/site-packages/airflow/example_dags/example_dag_decorator.py
[2024-10-15T14:52:01.644-0300] {logging_mixin.py:137} INFO - [2024-10-15T14:52:01.644-0300] {dag.py:2705} INFO - Sync 1 DAGs
[2024-10-15T14:52:01.754-0300] {logging_mixin.py:137} INFO - [2024-10-15T14:52:01.754-0300] {dag.py:3452} INFO - Setting next_dagrun for example_dag_decorator to None, run_after=None
[2024-10-15T14:52:01.777-0300] {processor.py:175} INFO - Processing /home/beatriz/Documentos/airflow/airflow_venv/lib/python3.10/site-packages/airflow/example_dags/example_dag_decorator.py took 0.229 seconds
[2024-10-15T14:52:54.936-0300] {processor.py:153} INFO - Started process (PID=35008) to work on /home/beatriz/Documentos/airflow/airflow_venv/lib/python3.10/site-packages/airflow/example_dags/example_dag_decorator.py
[2024-10-15T14:52:54.938-0300] {processor.py:743} INFO - Processing file /home/beatriz/Documentos/airflow/airflow_venv/lib/python3.10/site-packages/airflow/example_dags/example_dag_decorator.py for tasks to queue
[2024-10-15T14:52:54.939-0300] {logging_mixin.py:137} INFO - [2024-10-15T14:52:54.939-0300] {dagbag.py:532} INFO - Filling up the DagBag from /home/beatriz/Documentos/airflow/airflow_venv/lib/python3.10/site-packages/airflow/example_dags/example_dag_decorator.py
[2024-10-15T14:52:54.965-0300] {logging_mixin.py:137} INFO - [2024-10-15T14:52:54.964-0300] {taskmixin.py:211} WARNING - Dependency <Task(_PythonDecoratedOperator): prepare_email>, send_email already registered for DAG: example_dag_decorator
[2024-10-15T14:52:54.965-0300] {logging_mixin.py:137} INFO - [2024-10-15T14:52:54.965-0300] {taskmixin.py:211} WARNING - Dependency <Task(EmailOperator): send_email>, prepare_email already registered for DAG: example_dag_decorator
[2024-10-15T14:52:54.979-0300] {processor.py:753} INFO - DAG(s) dict_keys(['example_dag_decorator']) retrieved from /home/beatriz/Documentos/airflow/airflow_venv/lib/python3.10/site-packages/airflow/example_dags/example_dag_decorator.py
[2024-10-15T14:52:55.235-0300] {logging_mixin.py:137} INFO - [2024-10-15T14:52:55.234-0300] {dag.py:2705} INFO - Sync 1 DAGs
[2024-10-15T14:52:55.385-0300] {logging_mixin.py:137} INFO - [2024-10-15T14:52:55.385-0300] {dag.py:3452} INFO - Setting next_dagrun for example_dag_decorator to None, run_after=None
[2024-10-15T14:52:55.495-0300] {processor.py:175} INFO - Processing /home/beatriz/Documentos/airflow/airflow_venv/lib/python3.10/site-packages/airflow/example_dags/example_dag_decorator.py took 0.565 seconds
[2024-10-15T14:53:44.803-0300] {processor.py:153} INFO - Started process (PID=35278) to work on /home/beatriz/Documentos/airflow/airflow_venv/lib/python3.10/site-packages/airflow/example_dags/example_dag_decorator.py
[2024-10-15T14:53:44.805-0300] {processor.py:743} INFO - Processing file /home/beatriz/Documentos/airflow/airflow_venv/lib/python3.10/site-packages/airflow/example_dags/example_dag_decorator.py for tasks to queue
[2024-10-15T14:53:44.806-0300] {logging_mixin.py:137} INFO - [2024-10-15T14:53:44.806-0300] {dagbag.py:532} INFO - Filling up the DagBag from /home/beatriz/Documentos/airflow/airflow_venv/lib/python3.10/site-packages/airflow/example_dags/example_dag_decorator.py
[2024-10-15T14:53:44.827-0300] {logging_mixin.py:137} INFO - [2024-10-15T14:53:44.827-0300] {taskmixin.py:211} WARNING - Dependency <Task(_PythonDecoratedOperator): prepare_email>, send_email already registered for DAG: example_dag_decorator
[2024-10-15T14:53:44.828-0300] {logging_mixin.py:137} INFO - [2024-10-15T14:53:44.827-0300] {taskmixin.py:211} WARNING - Dependency <Task(EmailOperator): send_email>, prepare_email already registered for DAG: example_dag_decorator
[2024-10-15T14:53:44.838-0300] {processor.py:753} INFO - DAG(s) dict_keys(['example_dag_decorator']) retrieved from /home/beatriz/Documentos/airflow/airflow_venv/lib/python3.10/site-packages/airflow/example_dags/example_dag_decorator.py
[2024-10-15T14:53:44.972-0300] {logging_mixin.py:137} INFO - [2024-10-15T14:53:44.972-0300] {dag.py:2705} INFO - Sync 1 DAGs
[2024-10-15T14:53:44.988-0300] {logging_mixin.py:137} INFO - [2024-10-15T14:53:44.988-0300] {dag.py:3452} INFO - Setting next_dagrun for example_dag_decorator to None, run_after=None
[2024-10-15T14:53:45.010-0300] {processor.py:175} INFO - Processing /home/beatriz/Documentos/airflow/airflow_venv/lib/python3.10/site-packages/airflow/example_dags/example_dag_decorator.py took 0.209 seconds
[2024-10-15T14:54:43.877-0300] {processor.py:153} INFO - Started process (PID=35524) to work on /home/beatriz/Documentos/airflow/airflow_venv/lib/python3.10/site-packages/airflow/example_dags/example_dag_decorator.py
[2024-10-15T14:54:43.879-0300] {processor.py:743} INFO - Processing file /home/beatriz/Documentos/airflow/airflow_venv/lib/python3.10/site-packages/airflow/example_dags/example_dag_decorator.py for tasks to queue
[2024-10-15T14:54:43.880-0300] {logging_mixin.py:137} INFO - [2024-10-15T14:54:43.880-0300] {dagbag.py:532} INFO - Filling up the DagBag from /home/beatriz/Documentos/airflow/airflow_venv/lib/python3.10/site-packages/airflow/example_dags/example_dag_decorator.py
[2024-10-15T14:54:43.906-0300] {logging_mixin.py:137} INFO - [2024-10-15T14:54:43.905-0300] {taskmixin.py:211} WARNING - Dependency <Task(_PythonDecoratedOperator): prepare_email>, send_email already registered for DAG: example_dag_decorator
[2024-10-15T14:54:43.906-0300] {logging_mixin.py:137} INFO - [2024-10-15T14:54:43.906-0300] {taskmixin.py:211} WARNING - Dependency <Task(EmailOperator): send_email>, prepare_email already registered for DAG: example_dag_decorator
[2024-10-15T14:54:43.917-0300] {processor.py:753} INFO - DAG(s) dict_keys(['example_dag_decorator']) retrieved from /home/beatriz/Documentos/airflow/airflow_venv/lib/python3.10/site-packages/airflow/example_dags/example_dag_decorator.py
[2024-10-15T14:54:44.078-0300] {logging_mixin.py:137} INFO - [2024-10-15T14:54:44.078-0300] {dag.py:2705} INFO - Sync 1 DAGs
[2024-10-15T14:54:44.099-0300] {logging_mixin.py:137} INFO - [2024-10-15T14:54:44.099-0300] {dag.py:3452} INFO - Setting next_dagrun for example_dag_decorator to None, run_after=None
[2024-10-15T14:54:44.125-0300] {processor.py:175} INFO - Processing /home/beatriz/Documentos/airflow/airflow_venv/lib/python3.10/site-packages/airflow/example_dags/example_dag_decorator.py took 0.252 seconds
[2024-10-15T14:55:37.332-0300] {processor.py:153} INFO - Started process (PID=35608) to work on /home/beatriz/Documentos/airflow/airflow_venv/lib/python3.10/site-packages/airflow/example_dags/example_dag_decorator.py
[2024-10-15T14:55:37.335-0300] {processor.py:743} INFO - Processing file /home/beatriz/Documentos/airflow/airflow_venv/lib/python3.10/site-packages/airflow/example_dags/example_dag_decorator.py for tasks to queue
[2024-10-15T14:55:37.337-0300] {logging_mixin.py:137} INFO - [2024-10-15T14:55:37.337-0300] {dagbag.py:532} INFO - Filling up the DagBag from /home/beatriz/Documentos/airflow/airflow_venv/lib/python3.10/site-packages/airflow/example_dags/example_dag_decorator.py
[2024-10-15T14:55:37.367-0300] {logging_mixin.py:137} INFO - [2024-10-15T14:55:37.367-0300] {taskmixin.py:211} WARNING - Dependency <Task(_PythonDecoratedOperator): prepare_email>, send_email already registered for DAG: example_dag_decorator
[2024-10-15T14:55:37.367-0300] {logging_mixin.py:137} INFO - [2024-10-15T14:55:37.367-0300] {taskmixin.py:211} WARNING - Dependency <Task(EmailOperator): send_email>, prepare_email already registered for DAG: example_dag_decorator
[2024-10-15T14:55:37.377-0300] {processor.py:753} INFO - DAG(s) dict_keys(['example_dag_decorator']) retrieved from /home/beatriz/Documentos/airflow/airflow_venv/lib/python3.10/site-packages/airflow/example_dags/example_dag_decorator.py
[2024-10-15T14:55:37.517-0300] {logging_mixin.py:137} INFO - [2024-10-15T14:55:37.517-0300] {dag.py:2705} INFO - Sync 1 DAGs
[2024-10-15T14:55:37.533-0300] {logging_mixin.py:137} INFO - [2024-10-15T14:55:37.533-0300] {dag.py:3452} INFO - Setting next_dagrun for example_dag_decorator to None, run_after=None
[2024-10-15T14:55:37.555-0300] {processor.py:175} INFO - Processing /home/beatriz/Documentos/airflow/airflow_venv/lib/python3.10/site-packages/airflow/example_dags/example_dag_decorator.py took 0.229 seconds
[2024-10-15T14:56:28.617-0300] {processor.py:153} INFO - Started process (PID=35776) to work on /home/beatriz/Documentos/airflow/airflow_venv/lib/python3.10/site-packages/airflow/example_dags/example_dag_decorator.py
[2024-10-15T14:56:28.618-0300] {processor.py:743} INFO - Processing file /home/beatriz/Documentos/airflow/airflow_venv/lib/python3.10/site-packages/airflow/example_dags/example_dag_decorator.py for tasks to queue
[2024-10-15T14:56:28.619-0300] {logging_mixin.py:137} INFO - [2024-10-15T14:56:28.619-0300] {dagbag.py:532} INFO - Filling up the DagBag from /home/beatriz/Documentos/airflow/airflow_venv/lib/python3.10/site-packages/airflow/example_dags/example_dag_decorator.py
[2024-10-15T14:56:28.716-0300] {logging_mixin.py:137} INFO - [2024-10-15T14:56:28.715-0300] {taskmixin.py:211} WARNING - Dependency <Task(_PythonDecoratedOperator): prepare_email>, send_email already registered for DAG: example_dag_decorator
[2024-10-15T14:56:28.716-0300] {logging_mixin.py:137} INFO - [2024-10-15T14:56:28.716-0300] {taskmixin.py:211} WARNING - Dependency <Task(EmailOperator): send_email>, prepare_email already registered for DAG: example_dag_decorator
[2024-10-15T14:56:28.724-0300] {processor.py:753} INFO - DAG(s) dict_keys(['example_dag_decorator']) retrieved from /home/beatriz/Documentos/airflow/airflow_venv/lib/python3.10/site-packages/airflow/example_dags/example_dag_decorator.py
[2024-10-15T14:56:28.769-0300] {logging_mixin.py:137} INFO - [2024-10-15T14:56:28.768-0300] {dag.py:2705} INFO - Sync 1 DAGs
[2024-10-15T14:56:28.784-0300] {logging_mixin.py:137} INFO - [2024-10-15T14:56:28.784-0300] {dag.py:3452} INFO - Setting next_dagrun for example_dag_decorator to None, run_after=None
[2024-10-15T14:56:28.804-0300] {processor.py:175} INFO - Processing /home/beatriz/Documentos/airflow/airflow_venv/lib/python3.10/site-packages/airflow/example_dags/example_dag_decorator.py took 0.189 seconds
[2024-10-15T14:57:16.097-0300] {processor.py:153} INFO - Started process (PID=35863) to work on /home/beatriz/Documentos/airflow/airflow_venv/lib/python3.10/site-packages/airflow/example_dags/example_dag_decorator.py
[2024-10-15T14:57:16.099-0300] {processor.py:743} INFO - Processing file /home/beatriz/Documentos/airflow/airflow_venv/lib/python3.10/site-packages/airflow/example_dags/example_dag_decorator.py for tasks to queue
[2024-10-15T14:57:16.099-0300] {logging_mixin.py:137} INFO - [2024-10-15T14:57:16.099-0300] {dagbag.py:532} INFO - Filling up the DagBag from /home/beatriz/Documentos/airflow/airflow_venv/lib/python3.10/site-packages/airflow/example_dags/example_dag_decorator.py
[2024-10-15T14:57:16.200-0300] {logging_mixin.py:137} INFO - [2024-10-15T14:57:16.200-0300] {taskmixin.py:211} WARNING - Dependency <Task(_PythonDecoratedOperator): prepare_email>, send_email already registered for DAG: example_dag_decorator
[2024-10-15T14:57:16.200-0300] {logging_mixin.py:137} INFO - [2024-10-15T14:57:16.200-0300] {taskmixin.py:211} WARNING - Dependency <Task(EmailOperator): send_email>, prepare_email already registered for DAG: example_dag_decorator
[2024-10-15T14:57:16.209-0300] {processor.py:753} INFO - DAG(s) dict_keys(['example_dag_decorator']) retrieved from /home/beatriz/Documentos/airflow/airflow_venv/lib/python3.10/site-packages/airflow/example_dags/example_dag_decorator.py
[2024-10-15T14:57:16.247-0300] {logging_mixin.py:137} INFO - [2024-10-15T14:57:16.247-0300] {dag.py:2705} INFO - Sync 1 DAGs
[2024-10-15T14:57:16.260-0300] {logging_mixin.py:137} INFO - [2024-10-15T14:57:16.259-0300] {dag.py:3452} INFO - Setting next_dagrun for example_dag_decorator to None, run_after=None
[2024-10-15T14:57:16.277-0300] {processor.py:175} INFO - Processing /home/beatriz/Documentos/airflow/airflow_venv/lib/python3.10/site-packages/airflow/example_dags/example_dag_decorator.py took 0.183 seconds
[2024-10-15T14:58:01.839-0300] {processor.py:153} INFO - Started process (PID=36114) to work on /home/beatriz/Documentos/airflow/airflow_venv/lib/python3.10/site-packages/airflow/example_dags/example_dag_decorator.py
[2024-10-15T14:58:01.840-0300] {processor.py:743} INFO - Processing file /home/beatriz/Documentos/airflow/airflow_venv/lib/python3.10/site-packages/airflow/example_dags/example_dag_decorator.py for tasks to queue
[2024-10-15T14:58:01.841-0300] {logging_mixin.py:137} INFO - [2024-10-15T14:58:01.841-0300] {dagbag.py:532} INFO - Filling up the DagBag from /home/beatriz/Documentos/airflow/airflow_venv/lib/python3.10/site-packages/airflow/example_dags/example_dag_decorator.py
[2024-10-15T14:58:01.856-0300] {logging_mixin.py:137} INFO - [2024-10-15T14:58:01.856-0300] {taskmixin.py:211} WARNING - Dependency <Task(_PythonDecoratedOperator): prepare_email>, send_email already registered for DAG: example_dag_decorator
[2024-10-15T14:58:01.856-0300] {logging_mixin.py:137} INFO - [2024-10-15T14:58:01.856-0300] {taskmixin.py:211} WARNING - Dependency <Task(EmailOperator): send_email>, prepare_email already registered for DAG: example_dag_decorator
[2024-10-15T14:58:01.867-0300] {processor.py:753} INFO - DAG(s) dict_keys(['example_dag_decorator']) retrieved from /home/beatriz/Documentos/airflow/airflow_venv/lib/python3.10/site-packages/airflow/example_dags/example_dag_decorator.py
[2024-10-15T14:58:01.920-0300] {logging_mixin.py:137} INFO - [2024-10-15T14:58:01.920-0300] {dag.py:2705} INFO - Sync 1 DAGs
[2024-10-15T14:58:01.936-0300] {logging_mixin.py:137} INFO - [2024-10-15T14:58:01.936-0300] {dag.py:3452} INFO - Setting next_dagrun for example_dag_decorator to None, run_after=None
[2024-10-15T14:58:01.967-0300] {processor.py:175} INFO - Processing /home/beatriz/Documentos/airflow/airflow_venv/lib/python3.10/site-packages/airflow/example_dags/example_dag_decorator.py took 0.130 seconds
[2024-10-15T14:58:45.884-0300] {processor.py:153} INFO - Started process (PID=36272) to work on /home/beatriz/Documentos/airflow/airflow_venv/lib/python3.10/site-packages/airflow/example_dags/example_dag_decorator.py
[2024-10-15T14:58:45.886-0300] {processor.py:743} INFO - Processing file /home/beatriz/Documentos/airflow/airflow_venv/lib/python3.10/site-packages/airflow/example_dags/example_dag_decorator.py for tasks to queue
[2024-10-15T14:58:45.886-0300] {logging_mixin.py:137} INFO - [2024-10-15T14:58:45.886-0300] {dagbag.py:532} INFO - Filling up the DagBag from /home/beatriz/Documentos/airflow/airflow_venv/lib/python3.10/site-packages/airflow/example_dags/example_dag_decorator.py
[2024-10-15T14:58:45.905-0300] {logging_mixin.py:137} INFO - [2024-10-15T14:58:45.905-0300] {taskmixin.py:211} WARNING - Dependency <Task(_PythonDecoratedOperator): prepare_email>, send_email already registered for DAG: example_dag_decorator
[2024-10-15T14:58:45.905-0300] {logging_mixin.py:137} INFO - [2024-10-15T14:58:45.905-0300] {taskmixin.py:211} WARNING - Dependency <Task(EmailOperator): send_email>, prepare_email already registered for DAG: example_dag_decorator
[2024-10-15T14:58:45.916-0300] {processor.py:753} INFO - DAG(s) dict_keys(['example_dag_decorator']) retrieved from /home/beatriz/Documentos/airflow/airflow_venv/lib/python3.10/site-packages/airflow/example_dags/example_dag_decorator.py
[2024-10-15T14:58:45.957-0300] {logging_mixin.py:137} INFO - [2024-10-15T14:58:45.957-0300] {dag.py:2705} INFO - Sync 1 DAGs
[2024-10-15T14:58:45.971-0300] {logging_mixin.py:137} INFO - [2024-10-15T14:58:45.971-0300] {dag.py:3452} INFO - Setting next_dagrun for example_dag_decorator to None, run_after=None
[2024-10-15T14:58:45.991-0300] {processor.py:175} INFO - Processing /home/beatriz/Documentos/airflow/airflow_venv/lib/python3.10/site-packages/airflow/example_dags/example_dag_decorator.py took 0.109 seconds
[2024-10-15T14:59:29.088-0300] {processor.py:153} INFO - Started process (PID=36476) to work on /home/beatriz/Documentos/airflow/airflow_venv/lib/python3.10/site-packages/airflow/example_dags/example_dag_decorator.py
[2024-10-15T14:59:29.089-0300] {processor.py:743} INFO - Processing file /home/beatriz/Documentos/airflow/airflow_venv/lib/python3.10/site-packages/airflow/example_dags/example_dag_decorator.py for tasks to queue
[2024-10-15T14:59:29.091-0300] {logging_mixin.py:137} INFO - [2024-10-15T14:59:29.091-0300] {dagbag.py:532} INFO - Filling up the DagBag from /home/beatriz/Documentos/airflow/airflow_venv/lib/python3.10/site-packages/airflow/example_dags/example_dag_decorator.py
[2024-10-15T14:59:29.119-0300] {logging_mixin.py:137} INFO - [2024-10-15T14:59:29.119-0300] {taskmixin.py:211} WARNING - Dependency <Task(_PythonDecoratedOperator): prepare_email>, send_email already registered for DAG: example_dag_decorator
[2024-10-15T14:59:29.119-0300] {logging_mixin.py:137} INFO - [2024-10-15T14:59:29.119-0300] {taskmixin.py:211} WARNING - Dependency <Task(EmailOperator): send_email>, prepare_email already registered for DAG: example_dag_decorator
[2024-10-15T14:59:29.130-0300] {processor.py:753} INFO - DAG(s) dict_keys(['example_dag_decorator']) retrieved from /home/beatriz/Documentos/airflow/airflow_venv/lib/python3.10/site-packages/airflow/example_dags/example_dag_decorator.py
[2024-10-15T14:59:29.165-0300] {logging_mixin.py:137} INFO - [2024-10-15T14:59:29.165-0300] {dag.py:2705} INFO - Sync 1 DAGs
[2024-10-15T14:59:29.178-0300] {logging_mixin.py:137} INFO - [2024-10-15T14:59:29.178-0300] {dag.py:3452} INFO - Setting next_dagrun for example_dag_decorator to None, run_after=None
[2024-10-15T14:59:29.196-0300] {processor.py:175} INFO - Processing /home/beatriz/Documentos/airflow/airflow_venv/lib/python3.10/site-packages/airflow/example_dags/example_dag_decorator.py took 0.114 seconds
[2024-10-15T15:00:11.982-0300] {processor.py:153} INFO - Started process (PID=36596) to work on /home/beatriz/Documentos/airflow/airflow_venv/lib/python3.10/site-packages/airflow/example_dags/example_dag_decorator.py
[2024-10-15T15:00:11.985-0300] {processor.py:743} INFO - Processing file /home/beatriz/Documentos/airflow/airflow_venv/lib/python3.10/site-packages/airflow/example_dags/example_dag_decorator.py for tasks to queue
[2024-10-15T15:00:11.987-0300] {logging_mixin.py:137} INFO - [2024-10-15T15:00:11.987-0300] {dagbag.py:532} INFO - Filling up the DagBag from /home/beatriz/Documentos/airflow/airflow_venv/lib/python3.10/site-packages/airflow/example_dags/example_dag_decorator.py
[2024-10-15T15:00:12.015-0300] {logging_mixin.py:137} INFO - [2024-10-15T15:00:12.015-0300] {taskmixin.py:211} WARNING - Dependency <Task(_PythonDecoratedOperator): prepare_email>, send_email already registered for DAG: example_dag_decorator
[2024-10-15T15:00:12.015-0300] {logging_mixin.py:137} INFO - [2024-10-15T15:00:12.015-0300] {taskmixin.py:211} WARNING - Dependency <Task(EmailOperator): send_email>, prepare_email already registered for DAG: example_dag_decorator
[2024-10-15T15:00:12.025-0300] {processor.py:753} INFO - DAG(s) dict_keys(['example_dag_decorator']) retrieved from /home/beatriz/Documentos/airflow/airflow_venv/lib/python3.10/site-packages/airflow/example_dags/example_dag_decorator.py
[2024-10-15T15:00:12.062-0300] {logging_mixin.py:137} INFO - [2024-10-15T15:00:12.062-0300] {dag.py:2705} INFO - Sync 1 DAGs
[2024-10-15T15:00:12.075-0300] {logging_mixin.py:137} INFO - [2024-10-15T15:00:12.075-0300] {dag.py:3452} INFO - Setting next_dagrun for example_dag_decorator to None, run_after=None
[2024-10-15T15:00:12.093-0300] {processor.py:175} INFO - Processing /home/beatriz/Documentos/airflow/airflow_venv/lib/python3.10/site-packages/airflow/example_dags/example_dag_decorator.py took 0.118 seconds
[2024-10-15T15:01:03.955-0300] {processor.py:153} INFO - Started process (PID=36788) to work on /home/beatriz/Documentos/airflow/airflow_venv/lib/python3.10/site-packages/airflow/example_dags/example_dag_decorator.py
[2024-10-15T15:01:03.958-0300] {processor.py:743} INFO - Processing file /home/beatriz/Documentos/airflow/airflow_venv/lib/python3.10/site-packages/airflow/example_dags/example_dag_decorator.py for tasks to queue
[2024-10-15T15:01:03.959-0300] {logging_mixin.py:137} INFO - [2024-10-15T15:01:03.959-0300] {dagbag.py:532} INFO - Filling up the DagBag from /home/beatriz/Documentos/airflow/airflow_venv/lib/python3.10/site-packages/airflow/example_dags/example_dag_decorator.py
[2024-10-15T15:01:03.988-0300] {logging_mixin.py:137} INFO - [2024-10-15T15:01:03.988-0300] {taskmixin.py:211} WARNING - Dependency <Task(_PythonDecoratedOperator): prepare_email>, send_email already registered for DAG: example_dag_decorator
[2024-10-15T15:01:03.988-0300] {logging_mixin.py:137} INFO - [2024-10-15T15:01:03.988-0300] {taskmixin.py:211} WARNING - Dependency <Task(EmailOperator): send_email>, prepare_email already registered for DAG: example_dag_decorator
[2024-10-15T15:01:03.998-0300] {processor.py:753} INFO - DAG(s) dict_keys(['example_dag_decorator']) retrieved from /home/beatriz/Documentos/airflow/airflow_venv/lib/python3.10/site-packages/airflow/example_dags/example_dag_decorator.py
[2024-10-15T15:01:04.035-0300] {logging_mixin.py:137} INFO - [2024-10-15T15:01:04.035-0300] {dag.py:2705} INFO - Sync 1 DAGs
[2024-10-15T15:01:04.047-0300] {logging_mixin.py:137} INFO - [2024-10-15T15:01:04.047-0300] {dag.py:3452} INFO - Setting next_dagrun for example_dag_decorator to None, run_after=None
[2024-10-15T15:01:04.066-0300] {processor.py:175} INFO - Processing /home/beatriz/Documentos/airflow/airflow_venv/lib/python3.10/site-packages/airflow/example_dags/example_dag_decorator.py took 0.117 seconds
[2024-10-15T15:01:55.481-0300] {processor.py:153} INFO - Started process (PID=36980) to work on /home/beatriz/Documentos/airflow/airflow_venv/lib/python3.10/site-packages/airflow/example_dags/example_dag_decorator.py
[2024-10-15T15:01:55.483-0300] {processor.py:743} INFO - Processing file /home/beatriz/Documentos/airflow/airflow_venv/lib/python3.10/site-packages/airflow/example_dags/example_dag_decorator.py for tasks to queue
[2024-10-15T15:01:55.484-0300] {logging_mixin.py:137} INFO - [2024-10-15T15:01:55.484-0300] {dagbag.py:532} INFO - Filling up the DagBag from /home/beatriz/Documentos/airflow/airflow_venv/lib/python3.10/site-packages/airflow/example_dags/example_dag_decorator.py
[2024-10-15T15:01:55.502-0300] {logging_mixin.py:137} INFO - [2024-10-15T15:01:55.502-0300] {taskmixin.py:211} WARNING - Dependency <Task(_PythonDecoratedOperator): prepare_email>, send_email already registered for DAG: example_dag_decorator
[2024-10-15T15:01:55.502-0300] {logging_mixin.py:137} INFO - [2024-10-15T15:01:55.502-0300] {taskmixin.py:211} WARNING - Dependency <Task(EmailOperator): send_email>, prepare_email already registered for DAG: example_dag_decorator
[2024-10-15T15:01:55.511-0300] {processor.py:753} INFO - DAG(s) dict_keys(['example_dag_decorator']) retrieved from /home/beatriz/Documentos/airflow/airflow_venv/lib/python3.10/site-packages/airflow/example_dags/example_dag_decorator.py
[2024-10-15T15:01:55.550-0300] {logging_mixin.py:137} INFO - [2024-10-15T15:01:55.550-0300] {dag.py:2705} INFO - Sync 1 DAGs
[2024-10-15T15:01:55.563-0300] {logging_mixin.py:137} INFO - [2024-10-15T15:01:55.563-0300] {dag.py:3452} INFO - Setting next_dagrun for example_dag_decorator to None, run_after=None
[2024-10-15T15:01:55.583-0300] {processor.py:175} INFO - Processing /home/beatriz/Documentos/airflow/airflow_venv/lib/python3.10/site-packages/airflow/example_dags/example_dag_decorator.py took 0.105 seconds
[2024-10-15T15:02:47.909-0300] {processor.py:153} INFO - Started process (PID=37181) to work on /home/beatriz/Documentos/airflow/airflow_venv/lib/python3.10/site-packages/airflow/example_dags/example_dag_decorator.py
[2024-10-15T15:02:47.910-0300] {processor.py:743} INFO - Processing file /home/beatriz/Documentos/airflow/airflow_venv/lib/python3.10/site-packages/airflow/example_dags/example_dag_decorator.py for tasks to queue
[2024-10-15T15:02:47.911-0300] {logging_mixin.py:137} INFO - [2024-10-15T15:02:47.910-0300] {dagbag.py:532} INFO - Filling up the DagBag from /home/beatriz/Documentos/airflow/airflow_venv/lib/python3.10/site-packages/airflow/example_dags/example_dag_decorator.py
[2024-10-15T15:02:47.931-0300] {logging_mixin.py:137} INFO - [2024-10-15T15:02:47.931-0300] {taskmixin.py:211} WARNING - Dependency <Task(_PythonDecoratedOperator): prepare_email>, send_email already registered for DAG: example_dag_decorator
[2024-10-15T15:02:47.932-0300] {logging_mixin.py:137} INFO - [2024-10-15T15:02:47.932-0300] {taskmixin.py:211} WARNING - Dependency <Task(EmailOperator): send_email>, prepare_email already registered for DAG: example_dag_decorator
[2024-10-15T15:02:47.945-0300] {processor.py:753} INFO - DAG(s) dict_keys(['example_dag_decorator']) retrieved from /home/beatriz/Documentos/airflow/airflow_venv/lib/python3.10/site-packages/airflow/example_dags/example_dag_decorator.py
[2024-10-15T15:02:47.989-0300] {logging_mixin.py:137} INFO - [2024-10-15T15:02:47.988-0300] {dag.py:2705} INFO - Sync 1 DAGs
[2024-10-15T15:02:48.003-0300] {logging_mixin.py:137} INFO - [2024-10-15T15:02:48.003-0300] {dag.py:3452} INFO - Setting next_dagrun for example_dag_decorator to None, run_after=None
[2024-10-15T15:02:48.020-0300] {processor.py:175} INFO - Processing /home/beatriz/Documentos/airflow/airflow_venv/lib/python3.10/site-packages/airflow/example_dags/example_dag_decorator.py took 0.115 seconds
[2024-10-15T15:03:39.867-0300] {processor.py:153} INFO - Started process (PID=37301) to work on /home/beatriz/Documentos/airflow/airflow_venv/lib/python3.10/site-packages/airflow/example_dags/example_dag_decorator.py
[2024-10-15T15:03:39.869-0300] {processor.py:743} INFO - Processing file /home/beatriz/Documentos/airflow/airflow_venv/lib/python3.10/site-packages/airflow/example_dags/example_dag_decorator.py for tasks to queue
[2024-10-15T15:03:39.870-0300] {logging_mixin.py:137} INFO - [2024-10-15T15:03:39.870-0300] {dagbag.py:532} INFO - Filling up the DagBag from /home/beatriz/Documentos/airflow/airflow_venv/lib/python3.10/site-packages/airflow/example_dags/example_dag_decorator.py
[2024-10-15T15:03:39.890-0300] {logging_mixin.py:137} INFO - [2024-10-15T15:03:39.889-0300] {taskmixin.py:211} WARNING - Dependency <Task(_PythonDecoratedOperator): prepare_email>, send_email already registered for DAG: example_dag_decorator
[2024-10-15T15:03:39.890-0300] {logging_mixin.py:137} INFO - [2024-10-15T15:03:39.890-0300] {taskmixin.py:211} WARNING - Dependency <Task(EmailOperator): send_email>, prepare_email already registered for DAG: example_dag_decorator
[2024-10-15T15:03:39.901-0300] {processor.py:753} INFO - DAG(s) dict_keys(['example_dag_decorator']) retrieved from /home/beatriz/Documentos/airflow/airflow_venv/lib/python3.10/site-packages/airflow/example_dags/example_dag_decorator.py
[2024-10-15T15:03:39.944-0300] {logging_mixin.py:137} INFO - [2024-10-15T15:03:39.944-0300] {dag.py:2705} INFO - Sync 1 DAGs
[2024-10-15T15:03:39.961-0300] {logging_mixin.py:137} INFO - [2024-10-15T15:03:39.961-0300] {dag.py:3452} INFO - Setting next_dagrun for example_dag_decorator to None, run_after=None
[2024-10-15T15:03:39.982-0300] {processor.py:175} INFO - Processing /home/beatriz/Documentos/airflow/airflow_venv/lib/python3.10/site-packages/airflow/example_dags/example_dag_decorator.py took 0.118 seconds
[2024-10-15T15:04:23.484-0300] {processor.py:153} INFO - Started process (PID=37500) to work on /home/beatriz/Documentos/airflow/airflow_venv/lib/python3.10/site-packages/airflow/example_dags/example_dag_decorator.py
[2024-10-15T15:04:23.486-0300] {processor.py:743} INFO - Processing file /home/beatriz/Documentos/airflow/airflow_venv/lib/python3.10/site-packages/airflow/example_dags/example_dag_decorator.py for tasks to queue
[2024-10-15T15:04:23.487-0300] {logging_mixin.py:137} INFO - [2024-10-15T15:04:23.487-0300] {dagbag.py:532} INFO - Filling up the DagBag from /home/beatriz/Documentos/airflow/airflow_venv/lib/python3.10/site-packages/airflow/example_dags/example_dag_decorator.py
[2024-10-15T15:04:23.513-0300] {logging_mixin.py:137} INFO - [2024-10-15T15:04:23.513-0300] {taskmixin.py:211} WARNING - Dependency <Task(_PythonDecoratedOperator): prepare_email>, send_email already registered for DAG: example_dag_decorator
[2024-10-15T15:04:23.513-0300] {logging_mixin.py:137} INFO - [2024-10-15T15:04:23.513-0300] {taskmixin.py:211} WARNING - Dependency <Task(EmailOperator): send_email>, prepare_email already registered for DAG: example_dag_decorator
[2024-10-15T15:04:23.525-0300] {processor.py:753} INFO - DAG(s) dict_keys(['example_dag_decorator']) retrieved from /home/beatriz/Documentos/airflow/airflow_venv/lib/python3.10/site-packages/airflow/example_dags/example_dag_decorator.py
[2024-10-15T15:04:23.572-0300] {logging_mixin.py:137} INFO - [2024-10-15T15:04:23.572-0300] {dag.py:2705} INFO - Sync 1 DAGs
[2024-10-15T15:04:23.587-0300] {logging_mixin.py:137} INFO - [2024-10-15T15:04:23.587-0300] {dag.py:3452} INFO - Setting next_dagrun for example_dag_decorator to None, run_after=None
[2024-10-15T15:04:23.606-0300] {processor.py:175} INFO - Processing /home/beatriz/Documentos/airflow/airflow_venv/lib/python3.10/site-packages/airflow/example_dags/example_dag_decorator.py took 0.125 seconds
[2024-10-15T15:05:06.002-0300] {processor.py:153} INFO - Started process (PID=38141) to work on /home/beatriz/Documentos/airflow/airflow_venv/lib/python3.10/site-packages/airflow/example_dags/example_dag_decorator.py
[2024-10-15T15:05:06.004-0300] {processor.py:743} INFO - Processing file /home/beatriz/Documentos/airflow/airflow_venv/lib/python3.10/site-packages/airflow/example_dags/example_dag_decorator.py for tasks to queue
[2024-10-15T15:05:06.006-0300] {logging_mixin.py:137} INFO - [2024-10-15T15:05:06.006-0300] {dagbag.py:532} INFO - Filling up the DagBag from /home/beatriz/Documentos/airflow/airflow_venv/lib/python3.10/site-packages/airflow/example_dags/example_dag_decorator.py
[2024-10-15T15:05:06.032-0300] {logging_mixin.py:137} INFO - [2024-10-15T15:05:06.032-0300] {taskmixin.py:211} WARNING - Dependency <Task(_PythonDecoratedOperator): prepare_email>, send_email already registered for DAG: example_dag_decorator
[2024-10-15T15:05:06.032-0300] {logging_mixin.py:137} INFO - [2024-10-15T15:05:06.032-0300] {taskmixin.py:211} WARNING - Dependency <Task(EmailOperator): send_email>, prepare_email already registered for DAG: example_dag_decorator
[2024-10-15T15:05:06.043-0300] {processor.py:753} INFO - DAG(s) dict_keys(['example_dag_decorator']) retrieved from /home/beatriz/Documentos/airflow/airflow_venv/lib/python3.10/site-packages/airflow/example_dags/example_dag_decorator.py
[2024-10-15T15:05:06.087-0300] {logging_mixin.py:137} INFO - [2024-10-15T15:05:06.086-0300] {dag.py:2705} INFO - Sync 1 DAGs
[2024-10-15T15:05:06.101-0300] {logging_mixin.py:137} INFO - [2024-10-15T15:05:06.101-0300] {dag.py:3452} INFO - Setting next_dagrun for example_dag_decorator to None, run_after=None
[2024-10-15T15:05:06.125-0300] {processor.py:175} INFO - Processing /home/beatriz/Documentos/airflow/airflow_venv/lib/python3.10/site-packages/airflow/example_dags/example_dag_decorator.py took 0.129 seconds
[2024-10-15T15:05:48.230-0300] {processor.py:153} INFO - Started process (PID=38318) to work on /home/beatriz/Documentos/airflow/airflow_venv/lib/python3.10/site-packages/airflow/example_dags/example_dag_decorator.py
[2024-10-15T15:05:48.232-0300] {processor.py:743} INFO - Processing file /home/beatriz/Documentos/airflow/airflow_venv/lib/python3.10/site-packages/airflow/example_dags/example_dag_decorator.py for tasks to queue
[2024-10-15T15:05:48.233-0300] {logging_mixin.py:137} INFO - [2024-10-15T15:05:48.233-0300] {dagbag.py:532} INFO - Filling up the DagBag from /home/beatriz/Documentos/airflow/airflow_venv/lib/python3.10/site-packages/airflow/example_dags/example_dag_decorator.py
[2024-10-15T15:05:48.251-0300] {logging_mixin.py:137} INFO - [2024-10-15T15:05:48.251-0300] {taskmixin.py:211} WARNING - Dependency <Task(_PythonDecoratedOperator): prepare_email>, send_email already registered for DAG: example_dag_decorator
[2024-10-15T15:05:48.252-0300] {logging_mixin.py:137} INFO - [2024-10-15T15:05:48.252-0300] {taskmixin.py:211} WARNING - Dependency <Task(EmailOperator): send_email>, prepare_email already registered for DAG: example_dag_decorator
[2024-10-15T15:05:48.263-0300] {processor.py:753} INFO - DAG(s) dict_keys(['example_dag_decorator']) retrieved from /home/beatriz/Documentos/airflow/airflow_venv/lib/python3.10/site-packages/airflow/example_dags/example_dag_decorator.py
[2024-10-15T15:05:48.308-0300] {logging_mixin.py:137} INFO - [2024-10-15T15:05:48.308-0300] {dag.py:2705} INFO - Sync 1 DAGs
[2024-10-15T15:05:48.323-0300] {logging_mixin.py:137} INFO - [2024-10-15T15:05:48.323-0300] {dag.py:3452} INFO - Setting next_dagrun for example_dag_decorator to None, run_after=None
[2024-10-15T15:05:48.349-0300] {processor.py:175} INFO - Processing /home/beatriz/Documentos/airflow/airflow_venv/lib/python3.10/site-packages/airflow/example_dags/example_dag_decorator.py took 0.120 seconds
[2024-10-15T15:06:31.296-0300] {processor.py:153} INFO - Started process (PID=38826) to work on /home/beatriz/Documentos/airflow/airflow_venv/lib/python3.10/site-packages/airflow/example_dags/example_dag_decorator.py
[2024-10-15T15:06:31.299-0300] {processor.py:743} INFO - Processing file /home/beatriz/Documentos/airflow/airflow_venv/lib/python3.10/site-packages/airflow/example_dags/example_dag_decorator.py for tasks to queue
[2024-10-15T15:06:31.301-0300] {logging_mixin.py:137} INFO - [2024-10-15T15:06:31.300-0300] {dagbag.py:532} INFO - Filling up the DagBag from /home/beatriz/Documentos/airflow/airflow_venv/lib/python3.10/site-packages/airflow/example_dags/example_dag_decorator.py
[2024-10-15T15:06:31.325-0300] {logging_mixin.py:137} INFO - [2024-10-15T15:06:31.325-0300] {taskmixin.py:211} WARNING - Dependency <Task(_PythonDecoratedOperator): prepare_email>, send_email already registered for DAG: example_dag_decorator
[2024-10-15T15:06:31.325-0300] {logging_mixin.py:137} INFO - [2024-10-15T15:06:31.325-0300] {taskmixin.py:211} WARNING - Dependency <Task(EmailOperator): send_email>, prepare_email already registered for DAG: example_dag_decorator
[2024-10-15T15:06:31.334-0300] {processor.py:753} INFO - DAG(s) dict_keys(['example_dag_decorator']) retrieved from /home/beatriz/Documentos/airflow/airflow_venv/lib/python3.10/site-packages/airflow/example_dags/example_dag_decorator.py
[2024-10-15T15:06:31.378-0300] {logging_mixin.py:137} INFO - [2024-10-15T15:06:31.377-0300] {dag.py:2705} INFO - Sync 1 DAGs
[2024-10-15T15:06:31.392-0300] {logging_mixin.py:137} INFO - [2024-10-15T15:06:31.392-0300] {dag.py:3452} INFO - Setting next_dagrun for example_dag_decorator to None, run_after=None
[2024-10-15T15:06:31.412-0300] {processor.py:175} INFO - Processing /home/beatriz/Documentos/airflow/airflow_venv/lib/python3.10/site-packages/airflow/example_dags/example_dag_decorator.py took 0.120 seconds
[2024-10-15T15:07:18.581-0300] {processor.py:153} INFO - Started process (PID=39210) to work on /home/beatriz/Documentos/airflow/airflow_venv/lib/python3.10/site-packages/airflow/example_dags/example_dag_decorator.py
[2024-10-15T15:07:18.582-0300] {processor.py:743} INFO - Processing file /home/beatriz/Documentos/airflow/airflow_venv/lib/python3.10/site-packages/airflow/example_dags/example_dag_decorator.py for tasks to queue
[2024-10-15T15:07:18.584-0300] {logging_mixin.py:137} INFO - [2024-10-15T15:07:18.583-0300] {dagbag.py:532} INFO - Filling up the DagBag from /home/beatriz/Documentos/airflow/airflow_venv/lib/python3.10/site-packages/airflow/example_dags/example_dag_decorator.py
[2024-10-15T15:07:18.613-0300] {logging_mixin.py:137} INFO - [2024-10-15T15:07:18.613-0300] {taskmixin.py:211} WARNING - Dependency <Task(_PythonDecoratedOperator): prepare_email>, send_email already registered for DAG: example_dag_decorator
[2024-10-15T15:07:18.614-0300] {logging_mixin.py:137} INFO - [2024-10-15T15:07:18.614-0300] {taskmixin.py:211} WARNING - Dependency <Task(EmailOperator): send_email>, prepare_email already registered for DAG: example_dag_decorator
[2024-10-15T15:07:18.624-0300] {processor.py:753} INFO - DAG(s) dict_keys(['example_dag_decorator']) retrieved from /home/beatriz/Documentos/airflow/airflow_venv/lib/python3.10/site-packages/airflow/example_dags/example_dag_decorator.py
[2024-10-15T15:07:18.672-0300] {logging_mixin.py:137} INFO - [2024-10-15T15:07:18.671-0300] {dag.py:2705} INFO - Sync 1 DAGs
[2024-10-15T15:07:18.685-0300] {logging_mixin.py:137} INFO - [2024-10-15T15:07:18.685-0300] {dag.py:3452} INFO - Setting next_dagrun for example_dag_decorator to None, run_after=None
[2024-10-15T15:07:18.711-0300] {processor.py:175} INFO - Processing /home/beatriz/Documentos/airflow/airflow_venv/lib/python3.10/site-packages/airflow/example_dags/example_dag_decorator.py took 0.135 seconds
[2024-10-15T15:08:01.671-0300] {processor.py:153} INFO - Started process (PID=39357) to work on /home/beatriz/Documentos/airflow/airflow_venv/lib/python3.10/site-packages/airflow/example_dags/example_dag_decorator.py
[2024-10-15T15:08:01.674-0300] {processor.py:743} INFO - Processing file /home/beatriz/Documentos/airflow/airflow_venv/lib/python3.10/site-packages/airflow/example_dags/example_dag_decorator.py for tasks to queue
[2024-10-15T15:08:01.675-0300] {logging_mixin.py:137} INFO - [2024-10-15T15:08:01.675-0300] {dagbag.py:532} INFO - Filling up the DagBag from /home/beatriz/Documentos/airflow/airflow_venv/lib/python3.10/site-packages/airflow/example_dags/example_dag_decorator.py
[2024-10-15T15:08:01.700-0300] {logging_mixin.py:137} INFO - [2024-10-15T15:08:01.700-0300] {taskmixin.py:211} WARNING - Dependency <Task(_PythonDecoratedOperator): prepare_email>, send_email already registered for DAG: example_dag_decorator
[2024-10-15T15:08:01.701-0300] {logging_mixin.py:137} INFO - [2024-10-15T15:08:01.700-0300] {taskmixin.py:211} WARNING - Dependency <Task(EmailOperator): send_email>, prepare_email already registered for DAG: example_dag_decorator
[2024-10-15T15:08:01.712-0300] {processor.py:753} INFO - DAG(s) dict_keys(['example_dag_decorator']) retrieved from /home/beatriz/Documentos/airflow/airflow_venv/lib/python3.10/site-packages/airflow/example_dags/example_dag_decorator.py
[2024-10-15T15:08:01.755-0300] {logging_mixin.py:137} INFO - [2024-10-15T15:08:01.755-0300] {dag.py:2705} INFO - Sync 1 DAGs
[2024-10-15T15:08:01.771-0300] {logging_mixin.py:137} INFO - [2024-10-15T15:08:01.771-0300] {dag.py:3452} INFO - Setting next_dagrun for example_dag_decorator to None, run_after=None
[2024-10-15T15:08:01.791-0300] {processor.py:175} INFO - Processing /home/beatriz/Documentos/airflow/airflow_venv/lib/python3.10/site-packages/airflow/example_dags/example_dag_decorator.py took 0.124 seconds
[2024-10-15T15:08:44.542-0300] {processor.py:153} INFO - Started process (PID=39460) to work on /home/beatriz/Documentos/airflow/airflow_venv/lib/python3.10/site-packages/airflow/example_dags/example_dag_decorator.py
[2024-10-15T15:08:44.546-0300] {processor.py:743} INFO - Processing file /home/beatriz/Documentos/airflow/airflow_venv/lib/python3.10/site-packages/airflow/example_dags/example_dag_decorator.py for tasks to queue
[2024-10-15T15:08:44.547-0300] {logging_mixin.py:137} INFO - [2024-10-15T15:08:44.547-0300] {dagbag.py:532} INFO - Filling up the DagBag from /home/beatriz/Documentos/airflow/airflow_venv/lib/python3.10/site-packages/airflow/example_dags/example_dag_decorator.py
[2024-10-15T15:08:44.575-0300] {logging_mixin.py:137} INFO - [2024-10-15T15:08:44.575-0300] {taskmixin.py:211} WARNING - Dependency <Task(_PythonDecoratedOperator): prepare_email>, send_email already registered for DAG: example_dag_decorator
[2024-10-15T15:08:44.576-0300] {logging_mixin.py:137} INFO - [2024-10-15T15:08:44.575-0300] {taskmixin.py:211} WARNING - Dependency <Task(EmailOperator): send_email>, prepare_email already registered for DAG: example_dag_decorator
[2024-10-15T15:08:44.586-0300] {processor.py:753} INFO - DAG(s) dict_keys(['example_dag_decorator']) retrieved from /home/beatriz/Documentos/airflow/airflow_venv/lib/python3.10/site-packages/airflow/example_dags/example_dag_decorator.py
[2024-10-15T15:08:44.622-0300] {logging_mixin.py:137} INFO - [2024-10-15T15:08:44.622-0300] {dag.py:2705} INFO - Sync 1 DAGs
[2024-10-15T15:08:44.636-0300] {logging_mixin.py:137} INFO - [2024-10-15T15:08:44.636-0300] {dag.py:3452} INFO - Setting next_dagrun for example_dag_decorator to None, run_after=None
[2024-10-15T15:08:44.655-0300] {processor.py:175} INFO - Processing /home/beatriz/Documentos/airflow/airflow_venv/lib/python3.10/site-packages/airflow/example_dags/example_dag_decorator.py took 0.118 seconds
[2024-10-15T15:09:27.265-0300] {processor.py:153} INFO - Started process (PID=39578) to work on /home/beatriz/Documentos/airflow/airflow_venv/lib/python3.10/site-packages/airflow/example_dags/example_dag_decorator.py
[2024-10-15T15:09:27.267-0300] {processor.py:743} INFO - Processing file /home/beatriz/Documentos/airflow/airflow_venv/lib/python3.10/site-packages/airflow/example_dags/example_dag_decorator.py for tasks to queue
[2024-10-15T15:09:27.268-0300] {logging_mixin.py:137} INFO - [2024-10-15T15:09:27.268-0300] {dagbag.py:532} INFO - Filling up the DagBag from /home/beatriz/Documentos/airflow/airflow_venv/lib/python3.10/site-packages/airflow/example_dags/example_dag_decorator.py
[2024-10-15T15:09:27.284-0300] {logging_mixin.py:137} INFO - [2024-10-15T15:09:27.284-0300] {taskmixin.py:211} WARNING - Dependency <Task(_PythonDecoratedOperator): prepare_email>, send_email already registered for DAG: example_dag_decorator
[2024-10-15T15:09:27.284-0300] {logging_mixin.py:137} INFO - [2024-10-15T15:09:27.284-0300] {taskmixin.py:211} WARNING - Dependency <Task(EmailOperator): send_email>, prepare_email already registered for DAG: example_dag_decorator
[2024-10-15T15:09:27.295-0300] {processor.py:753} INFO - DAG(s) dict_keys(['example_dag_decorator']) retrieved from /home/beatriz/Documentos/airflow/airflow_venv/lib/python3.10/site-packages/airflow/example_dags/example_dag_decorator.py
[2024-10-15T15:09:27.340-0300] {logging_mixin.py:137} INFO - [2024-10-15T15:09:27.340-0300] {dag.py:2705} INFO - Sync 1 DAGs
[2024-10-15T15:09:27.357-0300] {logging_mixin.py:137} INFO - [2024-10-15T15:09:27.357-0300] {dag.py:3452} INFO - Setting next_dagrun for example_dag_decorator to None, run_after=None
[2024-10-15T15:09:27.380-0300] {processor.py:175} INFO - Processing /home/beatriz/Documentos/airflow/airflow_venv/lib/python3.10/site-packages/airflow/example_dags/example_dag_decorator.py took 0.117 seconds
[2024-10-15T15:10:11.074-0300] {processor.py:153} INFO - Started process (PID=39664) to work on /home/beatriz/Documentos/airflow/airflow_venv/lib/python3.10/site-packages/airflow/example_dags/example_dag_decorator.py
[2024-10-15T15:10:11.075-0300] {processor.py:743} INFO - Processing file /home/beatriz/Documentos/airflow/airflow_venv/lib/python3.10/site-packages/airflow/example_dags/example_dag_decorator.py for tasks to queue
[2024-10-15T15:10:11.076-0300] {logging_mixin.py:137} INFO - [2024-10-15T15:10:11.075-0300] {dagbag.py:532} INFO - Filling up the DagBag from /home/beatriz/Documentos/airflow/airflow_venv/lib/python3.10/site-packages/airflow/example_dags/example_dag_decorator.py
[2024-10-15T15:10:11.097-0300] {logging_mixin.py:137} INFO - [2024-10-15T15:10:11.097-0300] {taskmixin.py:211} WARNING - Dependency <Task(_PythonDecoratedOperator): prepare_email>, send_email already registered for DAG: example_dag_decorator
[2024-10-15T15:10:11.098-0300] {logging_mixin.py:137} INFO - [2024-10-15T15:10:11.098-0300] {taskmixin.py:211} WARNING - Dependency <Task(EmailOperator): send_email>, prepare_email already registered for DAG: example_dag_decorator
[2024-10-15T15:10:11.109-0300] {processor.py:753} INFO - DAG(s) dict_keys(['example_dag_decorator']) retrieved from /home/beatriz/Documentos/airflow/airflow_venv/lib/python3.10/site-packages/airflow/example_dags/example_dag_decorator.py
[2024-10-15T15:10:11.155-0300] {logging_mixin.py:137} INFO - [2024-10-15T15:10:11.155-0300] {dag.py:2705} INFO - Sync 1 DAGs
[2024-10-15T15:10:11.174-0300] {logging_mixin.py:137} INFO - [2024-10-15T15:10:11.174-0300] {dag.py:3452} INFO - Setting next_dagrun for example_dag_decorator to None, run_after=None
[2024-10-15T15:10:11.203-0300] {processor.py:175} INFO - Processing /home/beatriz/Documentos/airflow/airflow_venv/lib/python3.10/site-packages/airflow/example_dags/example_dag_decorator.py took 0.133 seconds
[2024-10-15T15:35:48.689-0300] {processor.py:161} INFO - Started process (PID=42004) to work on /home/beatriz/Documentos/airflow/airflow_venv/lib/python3.10/site-packages/airflow/example_dags/example_dag_decorator.py
[2024-10-15T15:35:48.690-0300] {processor.py:830} INFO - Processing file /home/beatriz/Documentos/airflow/airflow_venv/lib/python3.10/site-packages/airflow/example_dags/example_dag_decorator.py for tasks to queue
[2024-10-15T15:35:48.692-0300] {logging_mixin.py:188} INFO - [2024-10-15T15:35:48.691-0300] {dagbag.py:540} INFO - Filling up the DagBag from /home/beatriz/Documentos/airflow/airflow_venv/lib/python3.10/site-packages/airflow/example_dags/example_dag_decorator.py
[2024-10-15T15:35:48.764-0300] {processor.py:840} INFO - DAG(s) 'example_dag_decorator' retrieved from /home/beatriz/Documentos/airflow/airflow_venv/lib/python3.10/site-packages/airflow/example_dags/example_dag_decorator.py
[2024-10-15T15:35:48.917-0300] {logging_mixin.py:188} INFO - [2024-10-15T15:35:48.917-0300] {dag.py:3096} INFO - Sync 1 DAGs
[2024-10-15T15:35:48.924-0300] {logging_mixin.py:188} INFO - [2024-10-15T15:35:48.924-0300] {dag.py:3954} INFO - Setting next_dagrun for example_dag_decorator to None, run_after=None
[2024-10-15T15:35:48.944-0300] {processor.py:183} INFO - Processing /home/beatriz/Documentos/airflow/airflow_venv/lib/python3.10/site-packages/airflow/example_dags/example_dag_decorator.py took 0.262 seconds
[2024-10-15T15:36:45.754-0300] {processor.py:161} INFO - Started process (PID=42621) to work on /home/beatriz/Documentos/airflow/airflow_venv/lib/python3.10/site-packages/airflow/example_dags/example_dag_decorator.py
[2024-10-15T15:36:45.757-0300] {processor.py:830} INFO - Processing file /home/beatriz/Documentos/airflow/airflow_venv/lib/python3.10/site-packages/airflow/example_dags/example_dag_decorator.py for tasks to queue
[2024-10-15T15:36:45.759-0300] {logging_mixin.py:188} INFO - [2024-10-15T15:36:45.759-0300] {dagbag.py:540} INFO - Filling up the DagBag from /home/beatriz/Documentos/airflow/airflow_venv/lib/python3.10/site-packages/airflow/example_dags/example_dag_decorator.py
[2024-10-15T15:36:45.830-0300] {processor.py:840} INFO - DAG(s) 'example_dag_decorator' retrieved from /home/beatriz/Documentos/airflow/airflow_venv/lib/python3.10/site-packages/airflow/example_dags/example_dag_decorator.py
[2024-10-15T15:36:45.995-0300] {logging_mixin.py:188} INFO - [2024-10-15T15:36:45.995-0300] {dag.py:3096} INFO - Sync 1 DAGs
[2024-10-15T15:36:46.004-0300] {logging_mixin.py:188} INFO - [2024-10-15T15:36:46.004-0300] {dag.py:3954} INFO - Setting next_dagrun for example_dag_decorator to None, run_after=None
[2024-10-15T15:36:46.028-0300] {processor.py:183} INFO - Processing /home/beatriz/Documentos/airflow/airflow_venv/lib/python3.10/site-packages/airflow/example_dags/example_dag_decorator.py took 0.285 seconds
[2024-10-15T15:37:37.503-0300] {processor.py:161} INFO - Started process (PID=43105) to work on /home/beatriz/Documentos/airflow/airflow_venv/lib/python3.10/site-packages/airflow/example_dags/example_dag_decorator.py
[2024-10-15T15:37:37.505-0300] {processor.py:830} INFO - Processing file /home/beatriz/Documentos/airflow/airflow_venv/lib/python3.10/site-packages/airflow/example_dags/example_dag_decorator.py for tasks to queue
[2024-10-15T15:37:37.507-0300] {logging_mixin.py:188} INFO - [2024-10-15T15:37:37.506-0300] {dagbag.py:540} INFO - Filling up the DagBag from /home/beatriz/Documentos/airflow/airflow_venv/lib/python3.10/site-packages/airflow/example_dags/example_dag_decorator.py
[2024-10-15T15:37:37.663-0300] {processor.py:840} INFO - DAG(s) 'example_dag_decorator' retrieved from /home/beatriz/Documentos/airflow/airflow_venv/lib/python3.10/site-packages/airflow/example_dags/example_dag_decorator.py
[2024-10-15T15:37:37.731-0300] {logging_mixin.py:188} INFO - [2024-10-15T15:37:37.731-0300] {dag.py:3096} INFO - Sync 1 DAGs
[2024-10-15T15:37:37.738-0300] {logging_mixin.py:188} INFO - [2024-10-15T15:37:37.738-0300] {dag.py:3954} INFO - Setting next_dagrun for example_dag_decorator to None, run_after=None
[2024-10-15T15:37:37.757-0300] {processor.py:183} INFO - Processing /home/beatriz/Documentos/airflow/airflow_venv/lib/python3.10/site-packages/airflow/example_dags/example_dag_decorator.py took 0.261 seconds
[2024-10-15T15:38:49.604-0300] {processor.py:161} INFO - Started process (PID=43577) to work on /home/beatriz/Documentos/airflow/airflow_venv/lib/python3.10/site-packages/airflow/example_dags/example_dag_decorator.py
[2024-10-15T15:38:49.606-0300] {processor.py:830} INFO - Processing file /home/beatriz/Documentos/airflow/airflow_venv/lib/python3.10/site-packages/airflow/example_dags/example_dag_decorator.py for tasks to queue
[2024-10-15T15:38:49.609-0300] {logging_mixin.py:188} INFO - [2024-10-15T15:38:49.608-0300] {dagbag.py:540} INFO - Filling up the DagBag from /home/beatriz/Documentos/airflow/airflow_venv/lib/python3.10/site-packages/airflow/example_dags/example_dag_decorator.py
[2024-10-15T15:38:49.684-0300] {processor.py:840} INFO - DAG(s) 'example_dag_decorator' retrieved from /home/beatriz/Documentos/airflow/airflow_venv/lib/python3.10/site-packages/airflow/example_dags/example_dag_decorator.py
[2024-10-15T15:38:49.755-0300] {logging_mixin.py:188} INFO - [2024-10-15T15:38:49.755-0300] {dag.py:3096} INFO - Sync 1 DAGs
[2024-10-15T15:38:49.762-0300] {logging_mixin.py:188} INFO - [2024-10-15T15:38:49.762-0300] {dag.py:3954} INFO - Setting next_dagrun for example_dag_decorator to None, run_after=None
[2024-10-15T15:38:49.782-0300] {processor.py:183} INFO - Processing /home/beatriz/Documentos/airflow/airflow_venv/lib/python3.10/site-packages/airflow/example_dags/example_dag_decorator.py took 0.189 seconds
[2024-10-15T15:39:55.622-0300] {processor.py:161} INFO - Started process (PID=44096) to work on /home/beatriz/Documentos/airflow/airflow_venv/lib/python3.10/site-packages/airflow/example_dags/example_dag_decorator.py
[2024-10-15T15:39:55.625-0300] {processor.py:830} INFO - Processing file /home/beatriz/Documentos/airflow/airflow_venv/lib/python3.10/site-packages/airflow/example_dags/example_dag_decorator.py for tasks to queue
[2024-10-15T15:39:55.626-0300] {logging_mixin.py:188} INFO - [2024-10-15T15:39:55.626-0300] {dagbag.py:540} INFO - Filling up the DagBag from /home/beatriz/Documentos/airflow/airflow_venv/lib/python3.10/site-packages/airflow/example_dags/example_dag_decorator.py
[2024-10-15T15:39:55.688-0300] {processor.py:840} INFO - DAG(s) 'example_dag_decorator' retrieved from /home/beatriz/Documentos/airflow/airflow_venv/lib/python3.10/site-packages/airflow/example_dags/example_dag_decorator.py
[2024-10-15T15:39:55.752-0300] {logging_mixin.py:188} INFO - [2024-10-15T15:39:55.752-0300] {dag.py:3096} INFO - Sync 1 DAGs
[2024-10-15T15:39:55.759-0300] {logging_mixin.py:188} INFO - [2024-10-15T15:39:55.759-0300] {dag.py:3954} INFO - Setting next_dagrun for example_dag_decorator to None, run_after=None
[2024-10-15T15:39:55.777-0300] {processor.py:183} INFO - Processing /home/beatriz/Documentos/airflow/airflow_venv/lib/python3.10/site-packages/airflow/example_dags/example_dag_decorator.py took 0.159 seconds
