[2024-10-15T14:14:41.459-0300] {processor.py:153} INFO - Started process (PID=26544) to work on /home/beatriz/Documentos/airflow/airflow_venv/lib/python3.10/site-packages/airflow/example_dags/example_task_group.py
[2024-10-15T14:14:41.460-0300] {processor.py:743} INFO - Processing file /home/beatriz/Documentos/airflow/airflow_venv/lib/python3.10/site-packages/airflow/example_dags/example_task_group.py for tasks to queue
[2024-10-15T14:14:41.462-0300] {logging_mixin.py:137} INFO - [2024-10-15T14:14:41.462-0300] {dagbag.py:532} INFO - Filling up the DagBag from /home/beatriz/Documentos/airflow/airflow_venv/lib/python3.10/site-packages/airflow/example_dags/example_task_group.py
[2024-10-15T14:14:41.487-0300] {processor.py:753} INFO - DAG(s) dict_keys(['example_task_group']) retrieved from /home/beatriz/Documentos/airflow/airflow_venv/lib/python3.10/site-packages/airflow/example_dags/example_task_group.py
[2024-10-15T14:14:41.572-0300] {logging_mixin.py:137} INFO - [2024-10-15T14:14:41.571-0300] {manager.py:504} INFO - Created Permission View: can edit on DAG:example_task_group
[2024-10-15T14:14:41.583-0300] {logging_mixin.py:137} INFO - [2024-10-15T14:14:41.583-0300] {manager.py:504} INFO - Created Permission View: can delete on DAG:example_task_group
[2024-10-15T14:14:41.591-0300] {logging_mixin.py:137} INFO - [2024-10-15T14:14:41.590-0300] {manager.py:504} INFO - Created Permission View: can read on DAG:example_task_group
[2024-10-15T14:14:41.591-0300] {logging_mixin.py:137} INFO - [2024-10-15T14:14:41.591-0300] {dag.py:2705} INFO - Sync 1 DAGs
[2024-10-15T14:14:41.601-0300] {logging_mixin.py:137} INFO - [2024-10-15T14:14:41.601-0300] {dag.py:2726} INFO - Creating ORM DAG for example_task_group
[2024-10-15T14:14:41.608-0300] {logging_mixin.py:137} INFO - [2024-10-15T14:14:41.608-0300] {dag.py:3452} INFO - Setting next_dagrun for example_task_group to 2024-10-14T17:14:41.608124+00:00, run_after=2024-10-15T17:14:41.608124+00:00
[2024-10-15T14:14:41.631-0300] {processor.py:175} INFO - Processing /home/beatriz/Documentos/airflow/airflow_venv/lib/python3.10/site-packages/airflow/example_dags/example_task_group.py took 0.177 seconds
[2024-10-15T14:15:31.610-0300] {processor.py:153} INFO - Started process (PID=26635) to work on /home/beatriz/Documentos/airflow/airflow_venv/lib/python3.10/site-packages/airflow/example_dags/example_task_group.py
[2024-10-15T14:15:31.612-0300] {processor.py:743} INFO - Processing file /home/beatriz/Documentos/airflow/airflow_venv/lib/python3.10/site-packages/airflow/example_dags/example_task_group.py for tasks to queue
[2024-10-15T14:15:31.613-0300] {logging_mixin.py:137} INFO - [2024-10-15T14:15:31.613-0300] {dagbag.py:532} INFO - Filling up the DagBag from /home/beatriz/Documentos/airflow/airflow_venv/lib/python3.10/site-packages/airflow/example_dags/example_task_group.py
[2024-10-15T14:15:31.629-0300] {processor.py:753} INFO - DAG(s) dict_keys(['example_task_group']) retrieved from /home/beatriz/Documentos/airflow/airflow_venv/lib/python3.10/site-packages/airflow/example_dags/example_task_group.py
[2024-10-15T14:15:31.635-0300] {logging_mixin.py:137} INFO - [2024-10-15T14:15:31.635-0300] {dag.py:2705} INFO - Sync 1 DAGs
[2024-10-15T14:15:31.652-0300] {logging_mixin.py:137} INFO - [2024-10-15T14:15:31.652-0300] {dag.py:3452} INFO - Setting next_dagrun for example_task_group to 2024-10-14T17:15:31.652550+00:00, run_after=2024-10-15T17:15:31.652550+00:00
[2024-10-15T14:15:31.670-0300] {processor.py:175} INFO - Processing /home/beatriz/Documentos/airflow/airflow_venv/lib/python3.10/site-packages/airflow/example_dags/example_task_group.py took 0.062 seconds
[2024-10-15T14:16:11.827-0300] {processor.py:153} INFO - Started process (PID=26791) to work on /home/beatriz/Documentos/airflow/airflow_venv/lib/python3.10/site-packages/airflow/example_dags/example_task_group.py
[2024-10-15T14:16:11.830-0300] {processor.py:743} INFO - Processing file /home/beatriz/Documentos/airflow/airflow_venv/lib/python3.10/site-packages/airflow/example_dags/example_task_group.py for tasks to queue
[2024-10-15T14:16:11.832-0300] {logging_mixin.py:137} INFO - [2024-10-15T14:16:11.831-0300] {dagbag.py:532} INFO - Filling up the DagBag from /home/beatriz/Documentos/airflow/airflow_venv/lib/python3.10/site-packages/airflow/example_dags/example_task_group.py
[2024-10-15T14:16:11.852-0300] {processor.py:753} INFO - DAG(s) dict_keys(['example_task_group']) retrieved from /home/beatriz/Documentos/airflow/airflow_venv/lib/python3.10/site-packages/airflow/example_dags/example_task_group.py
[2024-10-15T14:16:11.879-0300] {logging_mixin.py:137} INFO - [2024-10-15T14:16:11.879-0300] {dag.py:2705} INFO - Sync 1 DAGs
[2024-10-15T14:16:11.905-0300] {logging_mixin.py:137} INFO - [2024-10-15T14:16:11.905-0300] {dag.py:3452} INFO - Setting next_dagrun for example_task_group to 2024-10-14T17:16:11.905384+00:00, run_after=2024-10-15T17:16:11.905384+00:00
[2024-10-15T14:16:11.929-0300] {processor.py:175} INFO - Processing /home/beatriz/Documentos/airflow/airflow_venv/lib/python3.10/site-packages/airflow/example_dags/example_task_group.py took 0.110 seconds
[2024-10-15T14:17:58.915-0300] {processor.py:153} INFO - Started process (PID=27043) to work on /home/beatriz/Documentos/airflow/airflow_venv/lib/python3.10/site-packages/airflow/example_dags/example_task_group.py
[2024-10-15T14:17:58.917-0300] {processor.py:743} INFO - Processing file /home/beatriz/Documentos/airflow/airflow_venv/lib/python3.10/site-packages/airflow/example_dags/example_task_group.py for tasks to queue
[2024-10-15T14:17:58.917-0300] {logging_mixin.py:137} INFO - [2024-10-15T14:17:58.917-0300] {dagbag.py:532} INFO - Filling up the DagBag from /home/beatriz/Documentos/airflow/airflow_venv/lib/python3.10/site-packages/airflow/example_dags/example_task_group.py
[2024-10-15T14:17:58.929-0300] {processor.py:753} INFO - DAG(s) dict_keys(['example_task_group']) retrieved from /home/beatriz/Documentos/airflow/airflow_venv/lib/python3.10/site-packages/airflow/example_dags/example_task_group.py
[2024-10-15T14:17:58.935-0300] {logging_mixin.py:137} INFO - [2024-10-15T14:17:58.935-0300] {dag.py:2705} INFO - Sync 1 DAGs
[2024-10-15T14:17:58.951-0300] {logging_mixin.py:137} INFO - [2024-10-15T14:17:58.951-0300] {dag.py:3452} INFO - Setting next_dagrun for example_task_group to 2024-10-14T17:17:58.951475+00:00, run_after=2024-10-15T17:17:58.951475+00:00
[2024-10-15T14:17:58.968-0300] {processor.py:175} INFO - Processing /home/beatriz/Documentos/airflow/airflow_venv/lib/python3.10/site-packages/airflow/example_dags/example_task_group.py took 0.057 seconds
[2024-10-15T14:18:41.650-0300] {processor.py:153} INFO - Started process (PID=27215) to work on /home/beatriz/Documentos/airflow/airflow_venv/lib/python3.10/site-packages/airflow/example_dags/example_task_group.py
[2024-10-15T14:18:41.653-0300] {processor.py:743} INFO - Processing file /home/beatriz/Documentos/airflow/airflow_venv/lib/python3.10/site-packages/airflow/example_dags/example_task_group.py for tasks to queue
[2024-10-15T14:18:41.655-0300] {logging_mixin.py:137} INFO - [2024-10-15T14:18:41.654-0300] {dagbag.py:532} INFO - Filling up the DagBag from /home/beatriz/Documentos/airflow/airflow_venv/lib/python3.10/site-packages/airflow/example_dags/example_task_group.py
[2024-10-15T14:18:41.678-0300] {processor.py:753} INFO - DAG(s) dict_keys(['example_task_group']) retrieved from /home/beatriz/Documentos/airflow/airflow_venv/lib/python3.10/site-packages/airflow/example_dags/example_task_group.py
[2024-10-15T14:18:41.695-0300] {logging_mixin.py:137} INFO - [2024-10-15T14:18:41.695-0300] {dag.py:2705} INFO - Sync 1 DAGs
[2024-10-15T14:18:41.712-0300] {logging_mixin.py:137} INFO - [2024-10-15T14:18:41.712-0300] {dag.py:3452} INFO - Setting next_dagrun for example_task_group to 2024-10-14T17:18:41.712460+00:00, run_after=2024-10-15T17:18:41.712460+00:00
[2024-10-15T14:18:41.731-0300] {processor.py:175} INFO - Processing /home/beatriz/Documentos/airflow/airflow_venv/lib/python3.10/site-packages/airflow/example_dags/example_task_group.py took 0.089 seconds
[2024-10-15T14:50:51.744-0300] {processor.py:153} INFO - Started process (PID=34321) to work on /home/beatriz/Documentos/airflow/airflow_venv/lib/python3.10/site-packages/airflow/example_dags/example_task_group.py
[2024-10-15T14:50:51.747-0300] {processor.py:743} INFO - Processing file /home/beatriz/Documentos/airflow/airflow_venv/lib/python3.10/site-packages/airflow/example_dags/example_task_group.py for tasks to queue
[2024-10-15T14:50:51.748-0300] {logging_mixin.py:137} INFO - [2024-10-15T14:50:51.748-0300] {dagbag.py:532} INFO - Filling up the DagBag from /home/beatriz/Documentos/airflow/airflow_venv/lib/python3.10/site-packages/airflow/example_dags/example_task_group.py
[2024-10-15T14:50:51.772-0300] {processor.py:753} INFO - DAG(s) dict_keys(['example_task_group']) retrieved from /home/beatriz/Documentos/airflow/airflow_venv/lib/python3.10/site-packages/airflow/example_dags/example_task_group.py
[2024-10-15T14:50:51.779-0300] {logging_mixin.py:137} INFO - [2024-10-15T14:50:51.779-0300] {dag.py:2705} INFO - Sync 1 DAGs
[2024-10-15T14:50:51.796-0300] {logging_mixin.py:137} INFO - [2024-10-15T14:50:51.796-0300] {dag.py:3452} INFO - Setting next_dagrun for example_task_group to 2024-10-14T17:50:51.796319+00:00, run_after=2024-10-15T17:50:51.796319+00:00
[2024-10-15T14:50:51.813-0300] {processor.py:175} INFO - Processing /home/beatriz/Documentos/airflow/airflow_venv/lib/python3.10/site-packages/airflow/example_dags/example_task_group.py took 0.073 seconds
[2024-10-15T14:51:35.452-0300] {processor.py:153} INFO - Started process (PID=34630) to work on /home/beatriz/Documentos/airflow/airflow_venv/lib/python3.10/site-packages/airflow/example_dags/example_task_group.py
[2024-10-15T14:51:35.455-0300] {processor.py:743} INFO - Processing file /home/beatriz/Documentos/airflow/airflow_venv/lib/python3.10/site-packages/airflow/example_dags/example_task_group.py for tasks to queue
[2024-10-15T14:51:35.457-0300] {logging_mixin.py:137} INFO - [2024-10-15T14:51:35.457-0300] {dagbag.py:532} INFO - Filling up the DagBag from /home/beatriz/Documentos/airflow/airflow_venv/lib/python3.10/site-packages/airflow/example_dags/example_task_group.py
[2024-10-15T14:51:35.486-0300] {processor.py:753} INFO - DAG(s) dict_keys(['example_task_group']) retrieved from /home/beatriz/Documentos/airflow/airflow_venv/lib/python3.10/site-packages/airflow/example_dags/example_task_group.py
[2024-10-15T14:51:35.503-0300] {logging_mixin.py:137} INFO - [2024-10-15T14:51:35.503-0300] {dag.py:2705} INFO - Sync 1 DAGs
[2024-10-15T14:51:35.519-0300] {logging_mixin.py:137} INFO - [2024-10-15T14:51:35.519-0300] {dag.py:3452} INFO - Setting next_dagrun for example_task_group to 2024-10-14T17:51:35.518854+00:00, run_after=2024-10-15T17:51:35.518854+00:00
[2024-10-15T14:51:35.537-0300] {processor.py:175} INFO - Processing /home/beatriz/Documentos/airflow/airflow_venv/lib/python3.10/site-packages/airflow/example_dags/example_task_group.py took 0.091 seconds
[2024-10-15T14:52:19.517-0300] {processor.py:153} INFO - Started process (PID=34726) to work on /home/beatriz/Documentos/airflow/airflow_venv/lib/python3.10/site-packages/airflow/example_dags/example_task_group.py
[2024-10-15T14:52:19.520-0300] {processor.py:743} INFO - Processing file /home/beatriz/Documentos/airflow/airflow_venv/lib/python3.10/site-packages/airflow/example_dags/example_task_group.py for tasks to queue
[2024-10-15T14:52:19.521-0300] {logging_mixin.py:137} INFO - [2024-10-15T14:52:19.521-0300] {dagbag.py:532} INFO - Filling up the DagBag from /home/beatriz/Documentos/airflow/airflow_venv/lib/python3.10/site-packages/airflow/example_dags/example_task_group.py
[2024-10-15T14:52:19.541-0300] {processor.py:753} INFO - DAG(s) dict_keys(['example_task_group']) retrieved from /home/beatriz/Documentos/airflow/airflow_venv/lib/python3.10/site-packages/airflow/example_dags/example_task_group.py
[2024-10-15T14:52:19.558-0300] {logging_mixin.py:137} INFO - [2024-10-15T14:52:19.558-0300] {dag.py:2705} INFO - Sync 1 DAGs
[2024-10-15T14:52:19.574-0300] {logging_mixin.py:137} INFO - [2024-10-15T14:52:19.574-0300] {dag.py:3452} INFO - Setting next_dagrun for example_task_group to 2024-10-14T17:52:19.574095+00:00, run_after=2024-10-15T17:52:19.574095+00:00
[2024-10-15T14:52:19.595-0300] {processor.py:175} INFO - Processing /home/beatriz/Documentos/airflow/airflow_venv/lib/python3.10/site-packages/airflow/example_dags/example_task_group.py took 0.084 seconds
[2024-10-15T14:53:08.003-0300] {processor.py:153} INFO - Started process (PID=35144) to work on /home/beatriz/Documentos/airflow/airflow_venv/lib/python3.10/site-packages/airflow/example_dags/example_task_group.py
[2024-10-15T14:53:08.006-0300] {processor.py:743} INFO - Processing file /home/beatriz/Documentos/airflow/airflow_venv/lib/python3.10/site-packages/airflow/example_dags/example_task_group.py for tasks to queue
[2024-10-15T14:53:08.007-0300] {logging_mixin.py:137} INFO - [2024-10-15T14:53:08.007-0300] {dagbag.py:532} INFO - Filling up the DagBag from /home/beatriz/Documentos/airflow/airflow_venv/lib/python3.10/site-packages/airflow/example_dags/example_task_group.py
[2024-10-15T14:53:08.032-0300] {processor.py:753} INFO - DAG(s) dict_keys(['example_task_group']) retrieved from /home/beatriz/Documentos/airflow/airflow_venv/lib/python3.10/site-packages/airflow/example_dags/example_task_group.py
[2024-10-15T14:53:08.049-0300] {logging_mixin.py:137} INFO - [2024-10-15T14:53:08.049-0300] {dag.py:2705} INFO - Sync 1 DAGs
[2024-10-15T14:53:08.066-0300] {logging_mixin.py:137} INFO - [2024-10-15T14:53:08.066-0300] {dag.py:3452} INFO - Setting next_dagrun for example_task_group to 2024-10-14T17:53:08.065844+00:00, run_after=2024-10-15T17:53:08.065844+00:00
[2024-10-15T14:53:08.085-0300] {processor.py:175} INFO - Processing /home/beatriz/Documentos/airflow/airflow_venv/lib/python3.10/site-packages/airflow/example_dags/example_task_group.py took 0.091 seconds
[2024-10-15T14:53:58.611-0300] {processor.py:153} INFO - Started process (PID=35332) to work on /home/beatriz/Documentos/airflow/airflow_venv/lib/python3.10/site-packages/airflow/example_dags/example_task_group.py
[2024-10-15T14:53:58.613-0300] {processor.py:743} INFO - Processing file /home/beatriz/Documentos/airflow/airflow_venv/lib/python3.10/site-packages/airflow/example_dags/example_task_group.py for tasks to queue
[2024-10-15T14:53:58.615-0300] {logging_mixin.py:137} INFO - [2024-10-15T14:53:58.614-0300] {dagbag.py:532} INFO - Filling up the DagBag from /home/beatriz/Documentos/airflow/airflow_venv/lib/python3.10/site-packages/airflow/example_dags/example_task_group.py
[2024-10-15T14:53:58.638-0300] {processor.py:753} INFO - DAG(s) dict_keys(['example_task_group']) retrieved from /home/beatriz/Documentos/airflow/airflow_venv/lib/python3.10/site-packages/airflow/example_dags/example_task_group.py
[2024-10-15T14:53:58.654-0300] {logging_mixin.py:137} INFO - [2024-10-15T14:53:58.654-0300] {dag.py:2705} INFO - Sync 1 DAGs
[2024-10-15T14:53:58.671-0300] {logging_mixin.py:137} INFO - [2024-10-15T14:53:58.671-0300] {dag.py:3452} INFO - Setting next_dagrun for example_task_group to 2024-10-14T17:53:58.671165+00:00, run_after=2024-10-15T17:53:58.671165+00:00
[2024-10-15T14:53:58.785-0300] {processor.py:175} INFO - Processing /home/beatriz/Documentos/airflow/airflow_venv/lib/python3.10/site-packages/airflow/example_dags/example_task_group.py took 0.180 seconds
[2024-10-15T14:54:37.918-0300] {processor.py:153} INFO - Started process (PID=35504) to work on /home/beatriz/Documentos/airflow/airflow_venv/lib/python3.10/site-packages/airflow/example_dags/example_task_group.py
[2024-10-15T14:54:37.921-0300] {processor.py:743} INFO - Processing file /home/beatriz/Documentos/airflow/airflow_venv/lib/python3.10/site-packages/airflow/example_dags/example_task_group.py for tasks to queue
[2024-10-15T14:54:37.922-0300] {logging_mixin.py:137} INFO - [2024-10-15T14:54:37.922-0300] {dagbag.py:532} INFO - Filling up the DagBag from /home/beatriz/Documentos/airflow/airflow_venv/lib/python3.10/site-packages/airflow/example_dags/example_task_group.py
[2024-10-15T14:54:37.946-0300] {processor.py:753} INFO - DAG(s) dict_keys(['example_task_group']) retrieved from /home/beatriz/Documentos/airflow/airflow_venv/lib/python3.10/site-packages/airflow/example_dags/example_task_group.py
[2024-10-15T14:54:37.963-0300] {logging_mixin.py:137} INFO - [2024-10-15T14:54:37.963-0300] {dag.py:2705} INFO - Sync 1 DAGs
[2024-10-15T14:54:38.060-0300] {logging_mixin.py:137} INFO - [2024-10-15T14:54:38.060-0300] {dag.py:3452} INFO - Setting next_dagrun for example_task_group to 2024-10-14T17:54:38.059926+00:00, run_after=2024-10-15T17:54:38.059926+00:00
[2024-10-15T14:54:38.081-0300] {processor.py:175} INFO - Processing /home/beatriz/Documentos/airflow/airflow_venv/lib/python3.10/site-packages/airflow/example_dags/example_task_group.py took 0.169 seconds
[2024-10-15T14:55:14.456-0300] {processor.py:153} INFO - Started process (PID=35568) to work on /home/beatriz/Documentos/airflow/airflow_venv/lib/python3.10/site-packages/airflow/example_dags/example_task_group.py
[2024-10-15T14:55:14.458-0300] {processor.py:743} INFO - Processing file /home/beatriz/Documentos/airflow/airflow_venv/lib/python3.10/site-packages/airflow/example_dags/example_task_group.py for tasks to queue
[2024-10-15T14:55:14.460-0300] {logging_mixin.py:137} INFO - [2024-10-15T14:55:14.460-0300] {dagbag.py:532} INFO - Filling up the DagBag from /home/beatriz/Documentos/airflow/airflow_venv/lib/python3.10/site-packages/airflow/example_dags/example_task_group.py
[2024-10-15T14:55:14.485-0300] {processor.py:753} INFO - DAG(s) dict_keys(['example_task_group']) retrieved from /home/beatriz/Documentos/airflow/airflow_venv/lib/python3.10/site-packages/airflow/example_dags/example_task_group.py
[2024-10-15T14:55:14.504-0300] {logging_mixin.py:137} INFO - [2024-10-15T14:55:14.504-0300] {dag.py:2705} INFO - Sync 1 DAGs
[2024-10-15T14:55:14.616-0300] {logging_mixin.py:137} INFO - [2024-10-15T14:55:14.616-0300] {dag.py:3452} INFO - Setting next_dagrun for example_task_group to 2024-10-14T17:55:14.616061+00:00, run_after=2024-10-15T17:55:14.616061+00:00
[2024-10-15T14:55:14.638-0300] {processor.py:175} INFO - Processing /home/beatriz/Documentos/airflow/airflow_venv/lib/python3.10/site-packages/airflow/example_dags/example_task_group.py took 0.188 seconds
[2024-10-15T14:55:49.967-0300] {processor.py:153} INFO - Started process (PID=35687) to work on /home/beatriz/Documentos/airflow/airflow_venv/lib/python3.10/site-packages/airflow/example_dags/example_task_group.py
[2024-10-15T14:55:49.970-0300] {processor.py:743} INFO - Processing file /home/beatriz/Documentos/airflow/airflow_venv/lib/python3.10/site-packages/airflow/example_dags/example_task_group.py for tasks to queue
[2024-10-15T14:55:49.971-0300] {logging_mixin.py:137} INFO - [2024-10-15T14:55:49.971-0300] {dagbag.py:532} INFO - Filling up the DagBag from /home/beatriz/Documentos/airflow/airflow_venv/lib/python3.10/site-packages/airflow/example_dags/example_task_group.py
[2024-10-15T14:55:49.991-0300] {processor.py:753} INFO - DAG(s) dict_keys(['example_task_group']) retrieved from /home/beatriz/Documentos/airflow/airflow_venv/lib/python3.10/site-packages/airflow/example_dags/example_task_group.py
[2024-10-15T14:55:50.102-0300] {logging_mixin.py:137} INFO - [2024-10-15T14:55:50.102-0300] {dag.py:2705} INFO - Sync 1 DAGs
[2024-10-15T14:55:50.122-0300] {logging_mixin.py:137} INFO - [2024-10-15T14:55:50.122-0300] {dag.py:3452} INFO - Setting next_dagrun for example_task_group to 2024-10-14T17:55:50.121847+00:00, run_after=2024-10-15T17:55:50.121847+00:00
[2024-10-15T14:55:50.142-0300] {processor.py:175} INFO - Processing /home/beatriz/Documentos/airflow/airflow_venv/lib/python3.10/site-packages/airflow/example_dags/example_task_group.py took 0.180 seconds
[2024-10-15T14:56:40.100-0300] {processor.py:153} INFO - Started process (PID=35795) to work on /home/beatriz/Documentos/airflow/airflow_venv/lib/python3.10/site-packages/airflow/example_dags/example_task_group.py
[2024-10-15T14:56:40.102-0300] {processor.py:743} INFO - Processing file /home/beatriz/Documentos/airflow/airflow_venv/lib/python3.10/site-packages/airflow/example_dags/example_task_group.py for tasks to queue
[2024-10-15T14:56:40.102-0300] {logging_mixin.py:137} INFO - [2024-10-15T14:56:40.102-0300] {dagbag.py:532} INFO - Filling up the DagBag from /home/beatriz/Documentos/airflow/airflow_venv/lib/python3.10/site-packages/airflow/example_dags/example_task_group.py
[2024-10-15T14:56:40.200-0300] {processor.py:753} INFO - DAG(s) dict_keys(['example_task_group']) retrieved from /home/beatriz/Documentos/airflow/airflow_venv/lib/python3.10/site-packages/airflow/example_dags/example_task_group.py
[2024-10-15T14:56:40.216-0300] {logging_mixin.py:137} INFO - [2024-10-15T14:56:40.216-0300] {dag.py:2705} INFO - Sync 1 DAGs
[2024-10-15T14:56:40.230-0300] {logging_mixin.py:137} INFO - [2024-10-15T14:56:40.230-0300] {dag.py:3452} INFO - Setting next_dagrun for example_task_group to 2024-10-14T17:56:40.230055+00:00, run_after=2024-10-15T17:56:40.230055+00:00
[2024-10-15T14:56:40.248-0300] {processor.py:175} INFO - Processing /home/beatriz/Documentos/airflow/airflow_venv/lib/python3.10/site-packages/airflow/example_dags/example_task_group.py took 0.151 seconds
[2024-10-15T14:57:28.367-0300] {processor.py:153} INFO - Started process (PID=35881) to work on /home/beatriz/Documentos/airflow/airflow_venv/lib/python3.10/site-packages/airflow/example_dags/example_task_group.py
[2024-10-15T14:57:28.369-0300] {processor.py:743} INFO - Processing file /home/beatriz/Documentos/airflow/airflow_venv/lib/python3.10/site-packages/airflow/example_dags/example_task_group.py for tasks to queue
[2024-10-15T14:57:28.370-0300] {logging_mixin.py:137} INFO - [2024-10-15T14:57:28.370-0300] {dagbag.py:532} INFO - Filling up the DagBag from /home/beatriz/Documentos/airflow/airflow_venv/lib/python3.10/site-packages/airflow/example_dags/example_task_group.py
[2024-10-15T14:57:28.465-0300] {processor.py:753} INFO - DAG(s) dict_keys(['example_task_group']) retrieved from /home/beatriz/Documentos/airflow/airflow_venv/lib/python3.10/site-packages/airflow/example_dags/example_task_group.py
[2024-10-15T14:57:28.480-0300] {logging_mixin.py:137} INFO - [2024-10-15T14:57:28.480-0300] {dag.py:2705} INFO - Sync 1 DAGs
[2024-10-15T14:57:28.494-0300] {logging_mixin.py:137} INFO - [2024-10-15T14:57:28.494-0300] {dag.py:3452} INFO - Setting next_dagrun for example_task_group to 2024-10-14T17:57:28.494468+00:00, run_after=2024-10-15T17:57:28.494468+00:00
[2024-10-15T14:57:28.513-0300] {processor.py:175} INFO - Processing /home/beatriz/Documentos/airflow/airflow_venv/lib/python3.10/site-packages/airflow/example_dags/example_task_group.py took 0.148 seconds
[2024-10-15T14:58:11.551-0300] {processor.py:153} INFO - Started process (PID=36153) to work on /home/beatriz/Documentos/airflow/airflow_venv/lib/python3.10/site-packages/airflow/example_dags/example_task_group.py
[2024-10-15T14:58:11.553-0300] {processor.py:743} INFO - Processing file /home/beatriz/Documentos/airflow/airflow_venv/lib/python3.10/site-packages/airflow/example_dags/example_task_group.py for tasks to queue
[2024-10-15T14:58:11.554-0300] {logging_mixin.py:137} INFO - [2024-10-15T14:58:11.554-0300] {dagbag.py:532} INFO - Filling up the DagBag from /home/beatriz/Documentos/airflow/airflow_venv/lib/python3.10/site-packages/airflow/example_dags/example_task_group.py
[2024-10-15T14:58:11.567-0300] {processor.py:753} INFO - DAG(s) dict_keys(['example_task_group']) retrieved from /home/beatriz/Documentos/airflow/airflow_venv/lib/python3.10/site-packages/airflow/example_dags/example_task_group.py
[2024-10-15T14:58:11.583-0300] {logging_mixin.py:137} INFO - [2024-10-15T14:58:11.583-0300] {dag.py:2705} INFO - Sync 1 DAGs
[2024-10-15T14:58:11.601-0300] {logging_mixin.py:137} INFO - [2024-10-15T14:58:11.601-0300] {dag.py:3452} INFO - Setting next_dagrun for example_task_group to 2024-10-14T17:58:11.600976+00:00, run_after=2024-10-15T17:58:11.600976+00:00
[2024-10-15T14:58:11.621-0300] {processor.py:175} INFO - Processing /home/beatriz/Documentos/airflow/airflow_venv/lib/python3.10/site-packages/airflow/example_dags/example_task_group.py took 0.072 seconds
[2024-10-15T14:58:51.042-0300] {processor.py:153} INFO - Started process (PID=36286) to work on /home/beatriz/Documentos/airflow/airflow_venv/lib/python3.10/site-packages/airflow/example_dags/example_task_group.py
[2024-10-15T14:58:51.045-0300] {processor.py:743} INFO - Processing file /home/beatriz/Documentos/airflow/airflow_venv/lib/python3.10/site-packages/airflow/example_dags/example_task_group.py for tasks to queue
[2024-10-15T14:58:51.046-0300] {logging_mixin.py:137} INFO - [2024-10-15T14:58:51.046-0300] {dagbag.py:532} INFO - Filling up the DagBag from /home/beatriz/Documentos/airflow/airflow_venv/lib/python3.10/site-packages/airflow/example_dags/example_task_group.py
[2024-10-15T14:58:51.072-0300] {processor.py:753} INFO - DAG(s) dict_keys(['example_task_group']) retrieved from /home/beatriz/Documentos/airflow/airflow_venv/lib/python3.10/site-packages/airflow/example_dags/example_task_group.py
[2024-10-15T14:58:51.091-0300] {logging_mixin.py:137} INFO - [2024-10-15T14:58:51.091-0300] {dag.py:2705} INFO - Sync 1 DAGs
[2024-10-15T14:58:51.108-0300] {logging_mixin.py:137} INFO - [2024-10-15T14:58:51.108-0300] {dag.py:3452} INFO - Setting next_dagrun for example_task_group to 2024-10-14T17:58:51.108360+00:00, run_after=2024-10-15T17:58:51.108360+00:00
[2024-10-15T14:58:51.127-0300] {processor.py:175} INFO - Processing /home/beatriz/Documentos/airflow/airflow_venv/lib/python3.10/site-packages/airflow/example_dags/example_task_group.py took 0.090 seconds
[2024-10-15T14:59:34.240-0300] {processor.py:153} INFO - Started process (PID=36482) to work on /home/beatriz/Documentos/airflow/airflow_venv/lib/python3.10/site-packages/airflow/example_dags/example_task_group.py
[2024-10-15T14:59:34.243-0300] {processor.py:743} INFO - Processing file /home/beatriz/Documentos/airflow/airflow_venv/lib/python3.10/site-packages/airflow/example_dags/example_task_group.py for tasks to queue
[2024-10-15T14:59:34.245-0300] {logging_mixin.py:137} INFO - [2024-10-15T14:59:34.244-0300] {dagbag.py:532} INFO - Filling up the DagBag from /home/beatriz/Documentos/airflow/airflow_venv/lib/python3.10/site-packages/airflow/example_dags/example_task_group.py
[2024-10-15T14:59:34.271-0300] {processor.py:753} INFO - DAG(s) dict_keys(['example_task_group']) retrieved from /home/beatriz/Documentos/airflow/airflow_venv/lib/python3.10/site-packages/airflow/example_dags/example_task_group.py
[2024-10-15T14:59:34.290-0300] {logging_mixin.py:137} INFO - [2024-10-15T14:59:34.290-0300] {dag.py:2705} INFO - Sync 1 DAGs
[2024-10-15T14:59:34.313-0300] {logging_mixin.py:137} INFO - [2024-10-15T14:59:34.312-0300] {dag.py:3452} INFO - Setting next_dagrun for example_task_group to 2024-10-14T17:59:34.312711+00:00, run_after=2024-10-15T17:59:34.312711+00:00
[2024-10-15T14:59:34.331-0300] {processor.py:175} INFO - Processing /home/beatriz/Documentos/airflow/airflow_venv/lib/python3.10/site-packages/airflow/example_dags/example_task_group.py took 0.098 seconds
[2024-10-15T15:00:15.980-0300] {processor.py:153} INFO - Started process (PID=36602) to work on /home/beatriz/Documentos/airflow/airflow_venv/lib/python3.10/site-packages/airflow/example_dags/example_task_group.py
[2024-10-15T15:00:15.983-0300] {processor.py:743} INFO - Processing file /home/beatriz/Documentos/airflow/airflow_venv/lib/python3.10/site-packages/airflow/example_dags/example_task_group.py for tasks to queue
[2024-10-15T15:00:15.985-0300] {logging_mixin.py:137} INFO - [2024-10-15T15:00:15.984-0300] {dagbag.py:532} INFO - Filling up the DagBag from /home/beatriz/Documentos/airflow/airflow_venv/lib/python3.10/site-packages/airflow/example_dags/example_task_group.py
[2024-10-15T15:00:16.013-0300] {processor.py:753} INFO - DAG(s) dict_keys(['example_task_group']) retrieved from /home/beatriz/Documentos/airflow/airflow_venv/lib/python3.10/site-packages/airflow/example_dags/example_task_group.py
[2024-10-15T15:00:16.030-0300] {logging_mixin.py:137} INFO - [2024-10-15T15:00:16.030-0300] {dag.py:2705} INFO - Sync 1 DAGs
[2024-10-15T15:00:16.046-0300] {logging_mixin.py:137} INFO - [2024-10-15T15:00:16.046-0300] {dag.py:3452} INFO - Setting next_dagrun for example_task_group to 2024-10-14T18:00:16.045844+00:00, run_after=2024-10-15T18:00:16.045844+00:00
[2024-10-15T15:00:16.064-0300] {processor.py:175} INFO - Processing /home/beatriz/Documentos/airflow/airflow_venv/lib/python3.10/site-packages/airflow/example_dags/example_task_group.py took 0.091 seconds
[2024-10-15T15:00:57.033-0300] {processor.py:153} INFO - Started process (PID=36748) to work on /home/beatriz/Documentos/airflow/airflow_venv/lib/python3.10/site-packages/airflow/example_dags/example_task_group.py
[2024-10-15T15:00:57.036-0300] {processor.py:743} INFO - Processing file /home/beatriz/Documentos/airflow/airflow_venv/lib/python3.10/site-packages/airflow/example_dags/example_task_group.py for tasks to queue
[2024-10-15T15:00:57.037-0300] {logging_mixin.py:137} INFO - [2024-10-15T15:00:57.036-0300] {dagbag.py:532} INFO - Filling up the DagBag from /home/beatriz/Documentos/airflow/airflow_venv/lib/python3.10/site-packages/airflow/example_dags/example_task_group.py
[2024-10-15T15:00:57.054-0300] {processor.py:753} INFO - DAG(s) dict_keys(['example_task_group']) retrieved from /home/beatriz/Documentos/airflow/airflow_venv/lib/python3.10/site-packages/airflow/example_dags/example_task_group.py
[2024-10-15T15:00:57.072-0300] {logging_mixin.py:137} INFO - [2024-10-15T15:00:57.072-0300] {dag.py:2705} INFO - Sync 1 DAGs
[2024-10-15T15:00:57.088-0300] {logging_mixin.py:137} INFO - [2024-10-15T15:00:57.087-0300] {dag.py:3452} INFO - Setting next_dagrun for example_task_group to 2024-10-14T18:00:57.087758+00:00, run_after=2024-10-15T18:00:57.087758+00:00
[2024-10-15T15:00:57.105-0300] {processor.py:175} INFO - Processing /home/beatriz/Documentos/airflow/airflow_venv/lib/python3.10/site-packages/airflow/example_dags/example_task_group.py took 0.074 seconds
[2024-10-15T15:01:35.503-0300] {processor.py:153} INFO - Started process (PID=36915) to work on /home/beatriz/Documentos/airflow/airflow_venv/lib/python3.10/site-packages/airflow/example_dags/example_task_group.py
[2024-10-15T15:01:35.504-0300] {processor.py:743} INFO - Processing file /home/beatriz/Documentos/airflow/airflow_venv/lib/python3.10/site-packages/airflow/example_dags/example_task_group.py for tasks to queue
[2024-10-15T15:01:35.505-0300] {logging_mixin.py:137} INFO - [2024-10-15T15:01:35.505-0300] {dagbag.py:532} INFO - Filling up the DagBag from /home/beatriz/Documentos/airflow/airflow_venv/lib/python3.10/site-packages/airflow/example_dags/example_task_group.py
[2024-10-15T15:01:35.517-0300] {processor.py:753} INFO - DAG(s) dict_keys(['example_task_group']) retrieved from /home/beatriz/Documentos/airflow/airflow_venv/lib/python3.10/site-packages/airflow/example_dags/example_task_group.py
[2024-10-15T15:01:35.532-0300] {logging_mixin.py:137} INFO - [2024-10-15T15:01:35.531-0300] {dag.py:2705} INFO - Sync 1 DAGs
[2024-10-15T15:01:35.549-0300] {logging_mixin.py:137} INFO - [2024-10-15T15:01:35.549-0300] {dag.py:3452} INFO - Setting next_dagrun for example_task_group to 2024-10-14T18:01:35.549006+00:00, run_after=2024-10-15T18:01:35.549006+00:00
[2024-10-15T15:01:35.567-0300] {processor.py:175} INFO - Processing /home/beatriz/Documentos/airflow/airflow_venv/lib/python3.10/site-packages/airflow/example_dags/example_task_group.py took 0.066 seconds
[2024-10-15T15:02:14.462-0300] {processor.py:153} INFO - Started process (PID=37014) to work on /home/beatriz/Documentos/airflow/airflow_venv/lib/python3.10/site-packages/airflow/example_dags/example_task_group.py
[2024-10-15T15:02:14.464-0300] {processor.py:743} INFO - Processing file /home/beatriz/Documentos/airflow/airflow_venv/lib/python3.10/site-packages/airflow/example_dags/example_task_group.py for tasks to queue
[2024-10-15T15:02:14.465-0300] {logging_mixin.py:137} INFO - [2024-10-15T15:02:14.465-0300] {dagbag.py:532} INFO - Filling up the DagBag from /home/beatriz/Documentos/airflow/airflow_venv/lib/python3.10/site-packages/airflow/example_dags/example_task_group.py
[2024-10-15T15:02:14.487-0300] {processor.py:753} INFO - DAG(s) dict_keys(['example_task_group']) retrieved from /home/beatriz/Documentos/airflow/airflow_venv/lib/python3.10/site-packages/airflow/example_dags/example_task_group.py
[2024-10-15T15:02:14.502-0300] {logging_mixin.py:137} INFO - [2024-10-15T15:02:14.502-0300] {dag.py:2705} INFO - Sync 1 DAGs
[2024-10-15T15:02:14.517-0300] {logging_mixin.py:137} INFO - [2024-10-15T15:02:14.517-0300] {dag.py:3452} INFO - Setting next_dagrun for example_task_group to 2024-10-14T18:02:14.517656+00:00, run_after=2024-10-15T18:02:14.517656+00:00
[2024-10-15T15:02:14.534-0300] {processor.py:175} INFO - Processing /home/beatriz/Documentos/airflow/airflow_venv/lib/python3.10/site-packages/airflow/example_dags/example_task_group.py took 0.075 seconds
[2024-10-15T15:02:54.062-0300] {processor.py:153} INFO - Started process (PID=37200) to work on /home/beatriz/Documentos/airflow/airflow_venv/lib/python3.10/site-packages/airflow/example_dags/example_task_group.py
[2024-10-15T15:02:54.064-0300] {processor.py:743} INFO - Processing file /home/beatriz/Documentos/airflow/airflow_venv/lib/python3.10/site-packages/airflow/example_dags/example_task_group.py for tasks to queue
[2024-10-15T15:02:54.065-0300] {logging_mixin.py:137} INFO - [2024-10-15T15:02:54.064-0300] {dagbag.py:532} INFO - Filling up the DagBag from /home/beatriz/Documentos/airflow/airflow_venv/lib/python3.10/site-packages/airflow/example_dags/example_task_group.py
[2024-10-15T15:02:54.077-0300] {processor.py:753} INFO - DAG(s) dict_keys(['example_task_group']) retrieved from /home/beatriz/Documentos/airflow/airflow_venv/lib/python3.10/site-packages/airflow/example_dags/example_task_group.py
[2024-10-15T15:02:54.092-0300] {logging_mixin.py:137} INFO - [2024-10-15T15:02:54.092-0300] {dag.py:2705} INFO - Sync 1 DAGs
[2024-10-15T15:02:54.115-0300] {logging_mixin.py:137} INFO - [2024-10-15T15:02:54.115-0300] {dag.py:3452} INFO - Setting next_dagrun for example_task_group to 2024-10-14T18:02:54.115124+00:00, run_after=2024-10-15T18:02:54.115124+00:00
[2024-10-15T15:02:54.134-0300] {processor.py:175} INFO - Processing /home/beatriz/Documentos/airflow/airflow_venv/lib/python3.10/site-packages/airflow/example_dags/example_task_group.py took 0.075 seconds
[2024-10-15T15:03:31.869-0300] {processor.py:153} INFO - Started process (PID=37274) to work on /home/beatriz/Documentos/airflow/airflow_venv/lib/python3.10/site-packages/airflow/example_dags/example_task_group.py
[2024-10-15T15:03:31.872-0300] {processor.py:743} INFO - Processing file /home/beatriz/Documentos/airflow/airflow_venv/lib/python3.10/site-packages/airflow/example_dags/example_task_group.py for tasks to queue
[2024-10-15T15:03:31.873-0300] {logging_mixin.py:137} INFO - [2024-10-15T15:03:31.873-0300] {dagbag.py:532} INFO - Filling up the DagBag from /home/beatriz/Documentos/airflow/airflow_venv/lib/python3.10/site-packages/airflow/example_dags/example_task_group.py
[2024-10-15T15:03:31.900-0300] {processor.py:753} INFO - DAG(s) dict_keys(['example_task_group']) retrieved from /home/beatriz/Documentos/airflow/airflow_venv/lib/python3.10/site-packages/airflow/example_dags/example_task_group.py
[2024-10-15T15:03:31.917-0300] {logging_mixin.py:137} INFO - [2024-10-15T15:03:31.917-0300] {dag.py:2705} INFO - Sync 1 DAGs
[2024-10-15T15:03:31.932-0300] {logging_mixin.py:137} INFO - [2024-10-15T15:03:31.932-0300] {dag.py:3452} INFO - Setting next_dagrun for example_task_group to 2024-10-14T18:03:31.932577+00:00, run_after=2024-10-15T18:03:31.932577+00:00
[2024-10-15T15:03:31.954-0300] {processor.py:175} INFO - Processing /home/beatriz/Documentos/airflow/airflow_venv/lib/python3.10/site-packages/airflow/example_dags/example_task_group.py took 0.091 seconds
[2024-10-15T15:04:13.728-0300] {processor.py:153} INFO - Started process (PID=37425) to work on /home/beatriz/Documentos/airflow/airflow_venv/lib/python3.10/site-packages/airflow/example_dags/example_task_group.py
[2024-10-15T15:04:13.729-0300] {processor.py:743} INFO - Processing file /home/beatriz/Documentos/airflow/airflow_venv/lib/python3.10/site-packages/airflow/example_dags/example_task_group.py for tasks to queue
[2024-10-15T15:04:13.729-0300] {logging_mixin.py:137} INFO - [2024-10-15T15:04:13.729-0300] {dagbag.py:532} INFO - Filling up the DagBag from /home/beatriz/Documentos/airflow/airflow_venv/lib/python3.10/site-packages/airflow/example_dags/example_task_group.py
[2024-10-15T15:04:13.743-0300] {processor.py:753} INFO - DAG(s) dict_keys(['example_task_group']) retrieved from /home/beatriz/Documentos/airflow/airflow_venv/lib/python3.10/site-packages/airflow/example_dags/example_task_group.py
[2024-10-15T15:04:13.760-0300] {logging_mixin.py:137} INFO - [2024-10-15T15:04:13.760-0300] {dag.py:2705} INFO - Sync 1 DAGs
[2024-10-15T15:04:13.776-0300] {logging_mixin.py:137} INFO - [2024-10-15T15:04:13.775-0300] {dag.py:3452} INFO - Setting next_dagrun for example_task_group to 2024-10-14T18:04:13.775718+00:00, run_after=2024-10-15T18:04:13.775718+00:00
[2024-10-15T15:04:13.801-0300] {processor.py:175} INFO - Processing /home/beatriz/Documentos/airflow/airflow_venv/lib/python3.10/site-packages/airflow/example_dags/example_task_group.py took 0.074 seconds
[2024-10-15T15:04:55.535-0300] {processor.py:153} INFO - Started process (PID=38052) to work on /home/beatriz/Documentos/airflow/airflow_venv/lib/python3.10/site-packages/airflow/example_dags/example_task_group.py
[2024-10-15T15:04:55.536-0300] {processor.py:743} INFO - Processing file /home/beatriz/Documentos/airflow/airflow_venv/lib/python3.10/site-packages/airflow/example_dags/example_task_group.py for tasks to queue
[2024-10-15T15:04:55.537-0300] {logging_mixin.py:137} INFO - [2024-10-15T15:04:55.537-0300] {dagbag.py:532} INFO - Filling up the DagBag from /home/beatriz/Documentos/airflow/airflow_venv/lib/python3.10/site-packages/airflow/example_dags/example_task_group.py
[2024-10-15T15:04:55.561-0300] {processor.py:753} INFO - DAG(s) dict_keys(['example_task_group']) retrieved from /home/beatriz/Documentos/airflow/airflow_venv/lib/python3.10/site-packages/airflow/example_dags/example_task_group.py
[2024-10-15T15:04:55.596-0300] {logging_mixin.py:137} INFO - [2024-10-15T15:04:55.596-0300] {dag.py:2705} INFO - Sync 1 DAGs
[2024-10-15T15:04:55.630-0300] {logging_mixin.py:137} INFO - [2024-10-15T15:04:55.630-0300] {dag.py:3452} INFO - Setting next_dagrun for example_task_group to 2024-10-14T18:04:55.629915+00:00, run_after=2024-10-15T18:04:55.629915+00:00
[2024-10-15T15:04:55.671-0300] {processor.py:175} INFO - Processing /home/beatriz/Documentos/airflow/airflow_venv/lib/python3.10/site-packages/airflow/example_dags/example_task_group.py took 0.140 seconds
[2024-10-15T15:05:38.000-0300] {processor.py:153} INFO - Started process (PID=38239) to work on /home/beatriz/Documentos/airflow/airflow_venv/lib/python3.10/site-packages/airflow/example_dags/example_task_group.py
[2024-10-15T15:05:38.003-0300] {processor.py:743} INFO - Processing file /home/beatriz/Documentos/airflow/airflow_venv/lib/python3.10/site-packages/airflow/example_dags/example_task_group.py for tasks to queue
[2024-10-15T15:05:38.005-0300] {logging_mixin.py:137} INFO - [2024-10-15T15:05:38.005-0300] {dagbag.py:532} INFO - Filling up the DagBag from /home/beatriz/Documentos/airflow/airflow_venv/lib/python3.10/site-packages/airflow/example_dags/example_task_group.py
[2024-10-15T15:05:38.042-0300] {processor.py:753} INFO - DAG(s) dict_keys(['example_task_group']) retrieved from /home/beatriz/Documentos/airflow/airflow_venv/lib/python3.10/site-packages/airflow/example_dags/example_task_group.py
[2024-10-15T15:05:38.084-0300] {logging_mixin.py:137} INFO - [2024-10-15T15:05:38.084-0300] {dag.py:2705} INFO - Sync 1 DAGs
[2024-10-15T15:05:38.113-0300] {logging_mixin.py:137} INFO - [2024-10-15T15:05:38.113-0300] {dag.py:3452} INFO - Setting next_dagrun for example_task_group to 2024-10-14T18:05:38.113124+00:00, run_after=2024-10-15T18:05:38.113124+00:00
[2024-10-15T15:05:38.135-0300] {processor.py:175} INFO - Processing /home/beatriz/Documentos/airflow/airflow_venv/lib/python3.10/site-packages/airflow/example_dags/example_task_group.py took 0.141 seconds
[2024-10-15T15:06:20.043-0300] {processor.py:153} INFO - Started process (PID=38615) to work on /home/beatriz/Documentos/airflow/airflow_venv/lib/python3.10/site-packages/airflow/example_dags/example_task_group.py
[2024-10-15T15:06:20.046-0300] {processor.py:743} INFO - Processing file /home/beatriz/Documentos/airflow/airflow_venv/lib/python3.10/site-packages/airflow/example_dags/example_task_group.py for tasks to queue
[2024-10-15T15:06:20.047-0300] {logging_mixin.py:137} INFO - [2024-10-15T15:06:20.047-0300] {dagbag.py:532} INFO - Filling up the DagBag from /home/beatriz/Documentos/airflow/airflow_venv/lib/python3.10/site-packages/airflow/example_dags/example_task_group.py
[2024-10-15T15:06:20.077-0300] {processor.py:753} INFO - DAG(s) dict_keys(['example_task_group']) retrieved from /home/beatriz/Documentos/airflow/airflow_venv/lib/python3.10/site-packages/airflow/example_dags/example_task_group.py
[2024-10-15T15:06:20.093-0300] {logging_mixin.py:137} INFO - [2024-10-15T15:06:20.093-0300] {dag.py:2705} INFO - Sync 1 DAGs
[2024-10-15T15:06:20.111-0300] {logging_mixin.py:137} INFO - [2024-10-15T15:06:20.111-0300] {dag.py:3452} INFO - Setting next_dagrun for example_task_group to 2024-10-14T18:06:20.110995+00:00, run_after=2024-10-15T18:06:20.110995+00:00
[2024-10-15T15:06:20.132-0300] {processor.py:175} INFO - Processing /home/beatriz/Documentos/airflow/airflow_venv/lib/python3.10/site-packages/airflow/example_dags/example_task_group.py took 0.095 seconds
[2024-10-15T15:06:55.521-0300] {processor.py:153} INFO - Started process (PID=38950) to work on /home/beatriz/Documentos/airflow/airflow_venv/lib/python3.10/site-packages/airflow/example_dags/example_task_group.py
[2024-10-15T15:06:55.523-0300] {processor.py:743} INFO - Processing file /home/beatriz/Documentos/airflow/airflow_venv/lib/python3.10/site-packages/airflow/example_dags/example_task_group.py for tasks to queue
[2024-10-15T15:06:55.523-0300] {logging_mixin.py:137} INFO - [2024-10-15T15:06:55.523-0300] {dagbag.py:532} INFO - Filling up the DagBag from /home/beatriz/Documentos/airflow/airflow_venv/lib/python3.10/site-packages/airflow/example_dags/example_task_group.py
[2024-10-15T15:06:55.537-0300] {processor.py:753} INFO - DAG(s) dict_keys(['example_task_group']) retrieved from /home/beatriz/Documentos/airflow/airflow_venv/lib/python3.10/site-packages/airflow/example_dags/example_task_group.py
[2024-10-15T15:06:55.553-0300] {logging_mixin.py:137} INFO - [2024-10-15T15:06:55.553-0300] {dag.py:2705} INFO - Sync 1 DAGs
[2024-10-15T15:06:55.569-0300] {logging_mixin.py:137} INFO - [2024-10-15T15:06:55.569-0300] {dag.py:3452} INFO - Setting next_dagrun for example_task_group to 2024-10-14T18:06:55.568857+00:00, run_after=2024-10-15T18:06:55.568857+00:00
[2024-10-15T15:06:55.586-0300] {processor.py:175} INFO - Processing /home/beatriz/Documentos/airflow/airflow_venv/lib/python3.10/site-packages/airflow/example_dags/example_task_group.py took 0.067 seconds
[2024-10-15T15:07:40.117-0300] {processor.py:153} INFO - Started process (PID=39317) to work on /home/beatriz/Documentos/airflow/airflow_venv/lib/python3.10/site-packages/airflow/example_dags/example_task_group.py
[2024-10-15T15:07:40.120-0300] {processor.py:743} INFO - Processing file /home/beatriz/Documentos/airflow/airflow_venv/lib/python3.10/site-packages/airflow/example_dags/example_task_group.py for tasks to queue
[2024-10-15T15:07:40.123-0300] {logging_mixin.py:137} INFO - [2024-10-15T15:07:40.122-0300] {dagbag.py:532} INFO - Filling up the DagBag from /home/beatriz/Documentos/airflow/airflow_venv/lib/python3.10/site-packages/airflow/example_dags/example_task_group.py
[2024-10-15T15:07:40.146-0300] {processor.py:753} INFO - DAG(s) dict_keys(['example_task_group']) retrieved from /home/beatriz/Documentos/airflow/airflow_venv/lib/python3.10/site-packages/airflow/example_dags/example_task_group.py
[2024-10-15T15:07:40.164-0300] {logging_mixin.py:137} INFO - [2024-10-15T15:07:40.164-0300] {dag.py:2705} INFO - Sync 1 DAGs
[2024-10-15T15:07:40.183-0300] {logging_mixin.py:137} INFO - [2024-10-15T15:07:40.183-0300] {dag.py:3452} INFO - Setting next_dagrun for example_task_group to 2024-10-14T18:07:40.182786+00:00, run_after=2024-10-15T18:07:40.182786+00:00
[2024-10-15T15:07:40.202-0300] {processor.py:175} INFO - Processing /home/beatriz/Documentos/airflow/airflow_venv/lib/python3.10/site-packages/airflow/example_dags/example_task_group.py took 0.089 seconds
[2024-10-15T15:08:22.532-0300] {processor.py:153} INFO - Started process (PID=39413) to work on /home/beatriz/Documentos/airflow/airflow_venv/lib/python3.10/site-packages/airflow/example_dags/example_task_group.py
[2024-10-15T15:08:22.535-0300] {processor.py:743} INFO - Processing file /home/beatriz/Documentos/airflow/airflow_venv/lib/python3.10/site-packages/airflow/example_dags/example_task_group.py for tasks to queue
[2024-10-15T15:08:22.536-0300] {logging_mixin.py:137} INFO - [2024-10-15T15:08:22.536-0300] {dagbag.py:532} INFO - Filling up the DagBag from /home/beatriz/Documentos/airflow/airflow_venv/lib/python3.10/site-packages/airflow/example_dags/example_task_group.py
[2024-10-15T15:08:22.561-0300] {processor.py:753} INFO - DAG(s) dict_keys(['example_task_group']) retrieved from /home/beatriz/Documentos/airflow/airflow_venv/lib/python3.10/site-packages/airflow/example_dags/example_task_group.py
[2024-10-15T15:08:22.579-0300] {logging_mixin.py:137} INFO - [2024-10-15T15:08:22.579-0300] {dag.py:2705} INFO - Sync 1 DAGs
[2024-10-15T15:08:22.595-0300] {logging_mixin.py:137} INFO - [2024-10-15T15:08:22.595-0300] {dag.py:3452} INFO - Setting next_dagrun for example_task_group to 2024-10-14T18:08:22.594883+00:00, run_after=2024-10-15T18:08:22.594883+00:00
[2024-10-15T15:08:22.613-0300] {processor.py:175} INFO - Processing /home/beatriz/Documentos/airflow/airflow_venv/lib/python3.10/site-packages/airflow/example_dags/example_task_group.py took 0.087 seconds
[2024-10-15T15:09:05.098-0300] {processor.py:153} INFO - Started process (PID=39522) to work on /home/beatriz/Documentos/airflow/airflow_venv/lib/python3.10/site-packages/airflow/example_dags/example_task_group.py
[2024-10-15T15:09:05.101-0300] {processor.py:743} INFO - Processing file /home/beatriz/Documentos/airflow/airflow_venv/lib/python3.10/site-packages/airflow/example_dags/example_task_group.py for tasks to queue
[2024-10-15T15:09:05.104-0300] {logging_mixin.py:137} INFO - [2024-10-15T15:09:05.104-0300] {dagbag.py:532} INFO - Filling up the DagBag from /home/beatriz/Documentos/airflow/airflow_venv/lib/python3.10/site-packages/airflow/example_dags/example_task_group.py
[2024-10-15T15:09:05.130-0300] {processor.py:753} INFO - DAG(s) dict_keys(['example_task_group']) retrieved from /home/beatriz/Documentos/airflow/airflow_venv/lib/python3.10/site-packages/airflow/example_dags/example_task_group.py
[2024-10-15T15:09:05.147-0300] {logging_mixin.py:137} INFO - [2024-10-15T15:09:05.147-0300] {dag.py:2705} INFO - Sync 1 DAGs
[2024-10-15T15:09:05.162-0300] {logging_mixin.py:137} INFO - [2024-10-15T15:09:05.162-0300] {dag.py:3452} INFO - Setting next_dagrun for example_task_group to 2024-10-14T18:09:05.162645+00:00, run_after=2024-10-15T18:09:05.162645+00:00
[2024-10-15T15:09:05.180-0300] {processor.py:175} INFO - Processing /home/beatriz/Documentos/airflow/airflow_venv/lib/python3.10/site-packages/airflow/example_dags/example_task_group.py took 0.086 seconds
[2024-10-15T15:09:47.839-0300] {processor.py:153} INFO - Started process (PID=39614) to work on /home/beatriz/Documentos/airflow/airflow_venv/lib/python3.10/site-packages/airflow/example_dags/example_task_group.py
[2024-10-15T15:09:47.842-0300] {processor.py:743} INFO - Processing file /home/beatriz/Documentos/airflow/airflow_venv/lib/python3.10/site-packages/airflow/example_dags/example_task_group.py for tasks to queue
[2024-10-15T15:09:47.843-0300] {logging_mixin.py:137} INFO - [2024-10-15T15:09:47.843-0300] {dagbag.py:532} INFO - Filling up the DagBag from /home/beatriz/Documentos/airflow/airflow_venv/lib/python3.10/site-packages/airflow/example_dags/example_task_group.py
[2024-10-15T15:09:47.869-0300] {processor.py:753} INFO - DAG(s) dict_keys(['example_task_group']) retrieved from /home/beatriz/Documentos/airflow/airflow_venv/lib/python3.10/site-packages/airflow/example_dags/example_task_group.py
[2024-10-15T15:09:47.885-0300] {logging_mixin.py:137} INFO - [2024-10-15T15:09:47.885-0300] {dag.py:2705} INFO - Sync 1 DAGs
[2024-10-15T15:09:47.900-0300] {logging_mixin.py:137} INFO - [2024-10-15T15:09:47.900-0300] {dag.py:3452} INFO - Setting next_dagrun for example_task_group to 2024-10-14T18:09:47.900471+00:00, run_after=2024-10-15T18:09:47.900471+00:00
[2024-10-15T15:09:47.917-0300] {processor.py:175} INFO - Processing /home/beatriz/Documentos/airflow/airflow_venv/lib/python3.10/site-packages/airflow/example_dags/example_task_group.py took 0.083 seconds
[2024-10-15T15:10:33.181-0300] {processor.py:153} INFO - Started process (PID=39737) to work on /home/beatriz/Documentos/airflow/airflow_venv/lib/python3.10/site-packages/airflow/example_dags/example_task_group.py
[2024-10-15T15:10:33.184-0300] {processor.py:743} INFO - Processing file /home/beatriz/Documentos/airflow/airflow_venv/lib/python3.10/site-packages/airflow/example_dags/example_task_group.py for tasks to queue
[2024-10-15T15:10:33.185-0300] {logging_mixin.py:137} INFO - [2024-10-15T15:10:33.185-0300] {dagbag.py:532} INFO - Filling up the DagBag from /home/beatriz/Documentos/airflow/airflow_venv/lib/python3.10/site-packages/airflow/example_dags/example_task_group.py
[2024-10-15T15:10:33.210-0300] {processor.py:753} INFO - DAG(s) dict_keys(['example_task_group']) retrieved from /home/beatriz/Documentos/airflow/airflow_venv/lib/python3.10/site-packages/airflow/example_dags/example_task_group.py
[2024-10-15T15:10:33.226-0300] {logging_mixin.py:137} INFO - [2024-10-15T15:10:33.226-0300] {dag.py:2705} INFO - Sync 1 DAGs
[2024-10-15T15:10:33.242-0300] {logging_mixin.py:137} INFO - [2024-10-15T15:10:33.241-0300] {dag.py:3452} INFO - Setting next_dagrun for example_task_group to 2024-10-14T18:10:33.241707+00:00, run_after=2024-10-15T18:10:33.241707+00:00
[2024-10-15T15:10:33.259-0300] {processor.py:175} INFO - Processing /home/beatriz/Documentos/airflow/airflow_venv/lib/python3.10/site-packages/airflow/example_dags/example_task_group.py took 0.084 seconds
[2024-10-15T15:35:23.622-0300] {processor.py:161} INFO - Started process (PID=41885) to work on /home/beatriz/Documentos/airflow/airflow_venv/lib/python3.10/site-packages/airflow/example_dags/example_task_group.py
[2024-10-15T15:35:23.623-0300] {processor.py:830} INFO - Processing file /home/beatriz/Documentos/airflow/airflow_venv/lib/python3.10/site-packages/airflow/example_dags/example_task_group.py for tasks to queue
[2024-10-15T15:35:23.624-0300] {logging_mixin.py:188} INFO - [2024-10-15T15:35:23.624-0300] {dagbag.py:540} INFO - Filling up the DagBag from /home/beatriz/Documentos/airflow/airflow_venv/lib/python3.10/site-packages/airflow/example_dags/example_task_group.py
[2024-10-15T15:35:23.632-0300] {processor.py:840} INFO - DAG(s) 'example_task_group' retrieved from /home/beatriz/Documentos/airflow/airflow_venv/lib/python3.10/site-packages/airflow/example_dags/example_task_group.py
[2024-10-15T15:35:23.638-0300] {logging_mixin.py:188} INFO - [2024-10-15T15:35:23.637-0300] {dag.py:3096} INFO - Sync 1 DAGs
[2024-10-15T15:35:23.653-0300] {logging_mixin.py:188} INFO - [2024-10-15T15:35:23.653-0300] {dag.py:3954} INFO - Setting next_dagrun for example_task_group to 2024-10-14 00:00:00+00:00, run_after=2024-10-15 00:00:00+00:00
[2024-10-15T15:35:23.673-0300] {processor.py:183} INFO - Processing /home/beatriz/Documentos/airflow/airflow_venv/lib/python3.10/site-packages/airflow/example_dags/example_task_group.py took 0.057 seconds
[2024-10-15T15:36:18.859-0300] {processor.py:161} INFO - Started process (PID=42441) to work on /home/beatriz/Documentos/airflow/airflow_venv/lib/python3.10/site-packages/airflow/example_dags/example_task_group.py
[2024-10-15T15:36:18.861-0300] {processor.py:830} INFO - Processing file /home/beatriz/Documentos/airflow/airflow_venv/lib/python3.10/site-packages/airflow/example_dags/example_task_group.py for tasks to queue
[2024-10-15T15:36:18.863-0300] {logging_mixin.py:188} INFO - [2024-10-15T15:36:18.863-0300] {dagbag.py:540} INFO - Filling up the DagBag from /home/beatriz/Documentos/airflow/airflow_venv/lib/python3.10/site-packages/airflow/example_dags/example_task_group.py
[2024-10-15T15:36:18.871-0300] {processor.py:840} INFO - DAG(s) 'example_task_group' retrieved from /home/beatriz/Documentos/airflow/airflow_venv/lib/python3.10/site-packages/airflow/example_dags/example_task_group.py
[2024-10-15T15:36:18.970-0300] {logging_mixin.py:188} INFO - [2024-10-15T15:36:18.969-0300] {dag.py:3096} INFO - Sync 1 DAGs
[2024-10-15T15:36:19.092-0300] {logging_mixin.py:188} INFO - [2024-10-15T15:36:19.091-0300] {dag.py:3954} INFO - Setting next_dagrun for example_task_group to 2024-10-14 00:00:00+00:00, run_after=2024-10-15 00:00:00+00:00
[2024-10-15T15:36:19.122-0300] {processor.py:183} INFO - Processing /home/beatriz/Documentos/airflow/airflow_venv/lib/python3.10/site-packages/airflow/example_dags/example_task_group.py took 0.269 seconds
[2024-10-15T15:37:09.635-0300] {processor.py:161} INFO - Started process (PID=42759) to work on /home/beatriz/Documentos/airflow/airflow_venv/lib/python3.10/site-packages/airflow/example_dags/example_task_group.py
[2024-10-15T15:37:09.637-0300] {processor.py:830} INFO - Processing file /home/beatriz/Documentos/airflow/airflow_venv/lib/python3.10/site-packages/airflow/example_dags/example_task_group.py for tasks to queue
[2024-10-15T15:37:09.642-0300] {logging_mixin.py:188} INFO - [2024-10-15T15:37:09.641-0300] {dagbag.py:540} INFO - Filling up the DagBag from /home/beatriz/Documentos/airflow/airflow_venv/lib/python3.10/site-packages/airflow/example_dags/example_task_group.py
[2024-10-15T15:37:09.653-0300] {processor.py:840} INFO - DAG(s) 'example_task_group' retrieved from /home/beatriz/Documentos/airflow/airflow_venv/lib/python3.10/site-packages/airflow/example_dags/example_task_group.py
[2024-10-15T15:37:09.670-0300] {logging_mixin.py:188} INFO - [2024-10-15T15:37:09.669-0300] {dag.py:3096} INFO - Sync 1 DAGs
[2024-10-15T15:37:09.684-0300] {logging_mixin.py:188} INFO - [2024-10-15T15:37:09.683-0300] {dag.py:3954} INFO - Setting next_dagrun for example_task_group to 2024-10-14 00:00:00+00:00, run_after=2024-10-15 00:00:00+00:00
[2024-10-15T15:37:09.701-0300] {processor.py:183} INFO - Processing /home/beatriz/Documentos/airflow/airflow_venv/lib/python3.10/site-packages/airflow/example_dags/example_task_group.py took 0.077 seconds
[2024-10-15T15:37:57.499-0300] {processor.py:161} INFO - Started process (PID=43196) to work on /home/beatriz/Documentos/airflow/airflow_venv/lib/python3.10/site-packages/airflow/example_dags/example_task_group.py
[2024-10-15T15:37:57.501-0300] {processor.py:830} INFO - Processing file /home/beatriz/Documentos/airflow/airflow_venv/lib/python3.10/site-packages/airflow/example_dags/example_task_group.py for tasks to queue
[2024-10-15T15:37:57.504-0300] {logging_mixin.py:188} INFO - [2024-10-15T15:37:57.502-0300] {dagbag.py:540} INFO - Filling up the DagBag from /home/beatriz/Documentos/airflow/airflow_venv/lib/python3.10/site-packages/airflow/example_dags/example_task_group.py
[2024-10-15T15:37:57.512-0300] {processor.py:840} INFO - DAG(s) 'example_task_group' retrieved from /home/beatriz/Documentos/airflow/airflow_venv/lib/python3.10/site-packages/airflow/example_dags/example_task_group.py
[2024-10-15T15:37:57.527-0300] {logging_mixin.py:188} INFO - [2024-10-15T15:37:57.527-0300] {dag.py:3096} INFO - Sync 1 DAGs
[2024-10-15T15:37:57.613-0300] {logging_mixin.py:188} INFO - [2024-10-15T15:37:57.612-0300] {dag.py:3954} INFO - Setting next_dagrun for example_task_group to 2024-10-14 00:00:00+00:00, run_after=2024-10-15 00:00:00+00:00
[2024-10-15T15:37:57.632-0300] {processor.py:183} INFO - Processing /home/beatriz/Documentos/airflow/airflow_venv/lib/python3.10/site-packages/airflow/example_dags/example_task_group.py took 0.145 seconds
[2024-10-15T15:38:46.725-0300] {processor.py:161} INFO - Started process (PID=43568) to work on /home/beatriz/Documentos/airflow/airflow_venv/lib/python3.10/site-packages/airflow/example_dags/example_task_group.py
[2024-10-15T15:38:46.727-0300] {processor.py:830} INFO - Processing file /home/beatriz/Documentos/airflow/airflow_venv/lib/python3.10/site-packages/airflow/example_dags/example_task_group.py for tasks to queue
[2024-10-15T15:38:46.728-0300] {logging_mixin.py:188} INFO - [2024-10-15T15:38:46.728-0300] {dagbag.py:540} INFO - Filling up the DagBag from /home/beatriz/Documentos/airflow/airflow_venv/lib/python3.10/site-packages/airflow/example_dags/example_task_group.py
[2024-10-15T15:38:46.735-0300] {processor.py:840} INFO - DAG(s) 'example_task_group' retrieved from /home/beatriz/Documentos/airflow/airflow_venv/lib/python3.10/site-packages/airflow/example_dags/example_task_group.py
[2024-10-15T15:38:46.749-0300] {logging_mixin.py:188} INFO - [2024-10-15T15:38:46.749-0300] {dag.py:3096} INFO - Sync 1 DAGs
[2024-10-15T15:38:46.764-0300] {logging_mixin.py:188} INFO - [2024-10-15T15:38:46.764-0300] {dag.py:3954} INFO - Setting next_dagrun for example_task_group to 2024-10-14 00:00:00+00:00, run_after=2024-10-15 00:00:00+00:00
[2024-10-15T15:38:46.782-0300] {processor.py:183} INFO - Processing /home/beatriz/Documentos/airflow/airflow_venv/lib/python3.10/site-packages/airflow/example_dags/example_task_group.py took 0.062 seconds
[2024-10-15T15:39:39.511-0300] {processor.py:161} INFO - Started process (PID=44065) to work on /home/beatriz/Documentos/airflow/airflow_venv/lib/python3.10/site-packages/airflow/example_dags/example_task_group.py
[2024-10-15T15:39:39.514-0300] {processor.py:830} INFO - Processing file /home/beatriz/Documentos/airflow/airflow_venv/lib/python3.10/site-packages/airflow/example_dags/example_task_group.py for tasks to queue
[2024-10-15T15:39:39.517-0300] {logging_mixin.py:188} INFO - [2024-10-15T15:39:39.516-0300] {dagbag.py:540} INFO - Filling up the DagBag from /home/beatriz/Documentos/airflow/airflow_venv/lib/python3.10/site-packages/airflow/example_dags/example_task_group.py
[2024-10-15T15:39:39.530-0300] {processor.py:840} INFO - DAG(s) 'example_task_group' retrieved from /home/beatriz/Documentos/airflow/airflow_venv/lib/python3.10/site-packages/airflow/example_dags/example_task_group.py
[2024-10-15T15:39:39.548-0300] {logging_mixin.py:188} INFO - [2024-10-15T15:39:39.548-0300] {dag.py:3096} INFO - Sync 1 DAGs
[2024-10-15T15:39:39.563-0300] {logging_mixin.py:188} INFO - [2024-10-15T15:39:39.563-0300] {dag.py:3954} INFO - Setting next_dagrun for example_task_group to 2024-10-14 00:00:00+00:00, run_after=2024-10-15 00:00:00+00:00
[2024-10-15T15:39:39.585-0300] {processor.py:183} INFO - Processing /home/beatriz/Documentos/airflow/airflow_venv/lib/python3.10/site-packages/airflow/example_dags/example_task_group.py took 0.084 seconds
[2024-10-15T15:40:26.911-0300] {processor.py:161} INFO - Started process (PID=44349) to work on /home/beatriz/Documentos/airflow/airflow_venv/lib/python3.10/site-packages/airflow/example_dags/example_task_group.py
[2024-10-15T15:40:26.913-0300] {processor.py:830} INFO - Processing file /home/beatriz/Documentos/airflow/airflow_venv/lib/python3.10/site-packages/airflow/example_dags/example_task_group.py for tasks to queue
[2024-10-15T15:40:26.915-0300] {logging_mixin.py:188} INFO - [2024-10-15T15:40:26.914-0300] {dagbag.py:540} INFO - Filling up the DagBag from /home/beatriz/Documentos/airflow/airflow_venv/lib/python3.10/site-packages/airflow/example_dags/example_task_group.py
[2024-10-15T15:40:26.920-0300] {processor.py:840} INFO - DAG(s) 'example_task_group' retrieved from /home/beatriz/Documentos/airflow/airflow_venv/lib/python3.10/site-packages/airflow/example_dags/example_task_group.py
[2024-10-15T15:40:26.933-0300] {logging_mixin.py:188} INFO - [2024-10-15T15:40:26.933-0300] {dag.py:3096} INFO - Sync 1 DAGs
[2024-10-15T15:40:26.948-0300] {logging_mixin.py:188} INFO - [2024-10-15T15:40:26.948-0300] {dag.py:3954} INFO - Setting next_dagrun for example_task_group to 2024-10-14 00:00:00+00:00, run_after=2024-10-15 00:00:00+00:00
[2024-10-15T15:40:26.966-0300] {processor.py:183} INFO - Processing /home/beatriz/Documentos/airflow/airflow_venv/lib/python3.10/site-packages/airflow/example_dags/example_task_group.py took 0.059 seconds
