[2024-10-15T14:14:47.968-0300] {processor.py:153} INFO - Started process (PID=26558) to work on /home/beatriz/Documentos/airflow/airflow_venv/lib/python3.10/site-packages/airflow/example_dags/example_short_circuit_decorator.py
[2024-10-15T14:14:47.970-0300] {processor.py:743} INFO - Processing file /home/beatriz/Documentos/airflow/airflow_venv/lib/python3.10/site-packages/airflow/example_dags/example_short_circuit_decorator.py for tasks to queue
[2024-10-15T14:14:47.971-0300] {logging_mixin.py:137} INFO - [2024-10-15T14:14:47.970-0300] {dagbag.py:532} INFO - Filling up the DagBag from /home/beatriz/Documentos/airflow/airflow_venv/lib/python3.10/site-packages/airflow/example_dags/example_short_circuit_decorator.py
[2024-10-15T14:14:48.005-0300] {processor.py:753} INFO - DAG(s) dict_keys(['example_short_circuit_decorator']) retrieved from /home/beatriz/Documentos/airflow/airflow_venv/lib/python3.10/site-packages/airflow/example_dags/example_short_circuit_decorator.py
[2024-10-15T14:14:48.093-0300] {logging_mixin.py:137} INFO - [2024-10-15T14:14:48.092-0300] {manager.py:504} INFO - Created Permission View: can edit on DAG:example_short_circuit_decorator
[2024-10-15T14:14:48.102-0300] {logging_mixin.py:137} INFO - [2024-10-15T14:14:48.102-0300] {manager.py:504} INFO - Created Permission View: can delete on DAG:example_short_circuit_decorator
[2024-10-15T14:14:48.110-0300] {logging_mixin.py:137} INFO - [2024-10-15T14:14:48.110-0300] {manager.py:504} INFO - Created Permission View: can read on DAG:example_short_circuit_decorator
[2024-10-15T14:14:48.111-0300] {logging_mixin.py:137} INFO - [2024-10-15T14:14:48.111-0300] {dag.py:2705} INFO - Sync 1 DAGs
[2024-10-15T14:14:48.119-0300] {logging_mixin.py:137} INFO - [2024-10-15T14:14:48.119-0300] {dag.py:2726} INFO - Creating ORM DAG for example_short_circuit_decorator
[2024-10-15T14:14:48.128-0300] {logging_mixin.py:137} INFO - [2024-10-15T14:14:48.128-0300] {dag.py:3452} INFO - Setting next_dagrun for example_short_circuit_decorator to 2024-10-14T17:14:48.128185+00:00, run_after=2024-10-15T17:14:48.128185+00:00
[2024-10-15T14:14:48.151-0300] {processor.py:175} INFO - Processing /home/beatriz/Documentos/airflow/airflow_venv/lib/python3.10/site-packages/airflow/example_dags/example_short_circuit_decorator.py took 0.189 seconds
[2024-10-15T14:15:36.748-0300] {processor.py:153} INFO - Started process (PID=26654) to work on /home/beatriz/Documentos/airflow/airflow_venv/lib/python3.10/site-packages/airflow/example_dags/example_short_circuit_decorator.py
[2024-10-15T14:15:36.751-0300] {processor.py:743} INFO - Processing file /home/beatriz/Documentos/airflow/airflow_venv/lib/python3.10/site-packages/airflow/example_dags/example_short_circuit_decorator.py for tasks to queue
[2024-10-15T14:15:36.753-0300] {logging_mixin.py:137} INFO - [2024-10-15T14:15:36.752-0300] {dagbag.py:532} INFO - Filling up the DagBag from /home/beatriz/Documentos/airflow/airflow_venv/lib/python3.10/site-packages/airflow/example_dags/example_short_circuit_decorator.py
[2024-10-15T14:15:36.790-0300] {processor.py:753} INFO - DAG(s) dict_keys(['example_short_circuit_decorator']) retrieved from /home/beatriz/Documentos/airflow/airflow_venv/lib/python3.10/site-packages/airflow/example_dags/example_short_circuit_decorator.py
[2024-10-15T14:15:36.795-0300] {logging_mixin.py:137} INFO - [2024-10-15T14:15:36.795-0300] {dag.py:2705} INFO - Sync 1 DAGs
[2024-10-15T14:15:36.811-0300] {logging_mixin.py:137} INFO - [2024-10-15T14:15:36.811-0300] {dag.py:3452} INFO - Setting next_dagrun for example_short_circuit_decorator to 2024-10-14T17:15:36.811333+00:00, run_after=2024-10-15T17:15:36.811333+00:00
[2024-10-15T14:15:36.829-0300] {processor.py:175} INFO - Processing /home/beatriz/Documentos/airflow/airflow_venv/lib/python3.10/site-packages/airflow/example_dags/example_short_circuit_decorator.py took 0.085 seconds
[2024-10-15T14:16:18.244-0300] {processor.py:153} INFO - Started process (PID=26845) to work on /home/beatriz/Documentos/airflow/airflow_venv/lib/python3.10/site-packages/airflow/example_dags/example_short_circuit_decorator.py
[2024-10-15T14:16:18.246-0300] {processor.py:743} INFO - Processing file /home/beatriz/Documentos/airflow/airflow_venv/lib/python3.10/site-packages/airflow/example_dags/example_short_circuit_decorator.py for tasks to queue
[2024-10-15T14:16:18.247-0300] {logging_mixin.py:137} INFO - [2024-10-15T14:16:18.247-0300] {dagbag.py:532} INFO - Filling up the DagBag from /home/beatriz/Documentos/airflow/airflow_venv/lib/python3.10/site-packages/airflow/example_dags/example_short_circuit_decorator.py
[2024-10-15T14:16:18.280-0300] {processor.py:753} INFO - DAG(s) dict_keys(['example_short_circuit_decorator']) retrieved from /home/beatriz/Documentos/airflow/airflow_venv/lib/python3.10/site-packages/airflow/example_dags/example_short_circuit_decorator.py
[2024-10-15T14:16:18.296-0300] {logging_mixin.py:137} INFO - [2024-10-15T14:16:18.296-0300] {dag.py:2705} INFO - Sync 1 DAGs
[2024-10-15T14:16:18.312-0300] {logging_mixin.py:137} INFO - [2024-10-15T14:16:18.312-0300] {dag.py:3452} INFO - Setting next_dagrun for example_short_circuit_decorator to 2024-10-14T17:16:18.312196+00:00, run_after=2024-10-15T17:16:18.312196+00:00
[2024-10-15T14:16:18.329-0300] {processor.py:175} INFO - Processing /home/beatriz/Documentos/airflow/airflow_venv/lib/python3.10/site-packages/airflow/example_dags/example_short_circuit_decorator.py took 0.090 seconds
[2024-10-15T14:18:04.114-0300] {processor.py:153} INFO - Started process (PID=27086) to work on /home/beatriz/Documentos/airflow/airflow_venv/lib/python3.10/site-packages/airflow/example_dags/example_short_circuit_decorator.py
[2024-10-15T14:18:04.115-0300] {processor.py:743} INFO - Processing file /home/beatriz/Documentos/airflow/airflow_venv/lib/python3.10/site-packages/airflow/example_dags/example_short_circuit_decorator.py for tasks to queue
[2024-10-15T14:18:04.116-0300] {logging_mixin.py:137} INFO - [2024-10-15T14:18:04.116-0300] {dagbag.py:532} INFO - Filling up the DagBag from /home/beatriz/Documentos/airflow/airflow_venv/lib/python3.10/site-packages/airflow/example_dags/example_short_circuit_decorator.py
[2024-10-15T14:18:04.143-0300] {processor.py:753} INFO - DAG(s) dict_keys(['example_short_circuit_decorator']) retrieved from /home/beatriz/Documentos/airflow/airflow_venv/lib/python3.10/site-packages/airflow/example_dags/example_short_circuit_decorator.py
[2024-10-15T14:18:04.147-0300] {logging_mixin.py:137} INFO - [2024-10-15T14:18:04.147-0300] {dag.py:2705} INFO - Sync 1 DAGs
[2024-10-15T14:18:04.162-0300] {logging_mixin.py:137} INFO - [2024-10-15T14:18:04.162-0300] {dag.py:3452} INFO - Setting next_dagrun for example_short_circuit_decorator to 2024-10-14T17:18:04.162581+00:00, run_after=2024-10-15T17:18:04.162581+00:00
[2024-10-15T14:18:04.179-0300] {processor.py:175} INFO - Processing /home/beatriz/Documentos/airflow/airflow_venv/lib/python3.10/site-packages/airflow/example_dags/example_short_circuit_decorator.py took 0.068 seconds
[2024-10-15T14:18:48.135-0300] {processor.py:153} INFO - Started process (PID=27243) to work on /home/beatriz/Documentos/airflow/airflow_venv/lib/python3.10/site-packages/airflow/example_dags/example_short_circuit_decorator.py
[2024-10-15T14:18:48.137-0300] {processor.py:743} INFO - Processing file /home/beatriz/Documentos/airflow/airflow_venv/lib/python3.10/site-packages/airflow/example_dags/example_short_circuit_decorator.py for tasks to queue
[2024-10-15T14:18:48.138-0300] {logging_mixin.py:137} INFO - [2024-10-15T14:18:48.138-0300] {dagbag.py:532} INFO - Filling up the DagBag from /home/beatriz/Documentos/airflow/airflow_venv/lib/python3.10/site-packages/airflow/example_dags/example_short_circuit_decorator.py
[2024-10-15T14:18:48.172-0300] {processor.py:753} INFO - DAG(s) dict_keys(['example_short_circuit_decorator']) retrieved from /home/beatriz/Documentos/airflow/airflow_venv/lib/python3.10/site-packages/airflow/example_dags/example_short_circuit_decorator.py
[2024-10-15T14:18:48.189-0300] {logging_mixin.py:137} INFO - [2024-10-15T14:18:48.189-0300] {dag.py:2705} INFO - Sync 1 DAGs
[2024-10-15T14:18:48.204-0300] {logging_mixin.py:137} INFO - [2024-10-15T14:18:48.204-0300] {dag.py:3452} INFO - Setting next_dagrun for example_short_circuit_decorator to 2024-10-14T17:18:48.204621+00:00, run_after=2024-10-15T17:18:48.204621+00:00
[2024-10-15T14:18:48.222-0300] {processor.py:175} INFO - Processing /home/beatriz/Documentos/airflow/airflow_venv/lib/python3.10/site-packages/airflow/example_dags/example_short_circuit_decorator.py took 0.091 seconds
[2024-10-15T14:50:56.892-0300] {processor.py:153} INFO - Started process (PID=34407) to work on /home/beatriz/Documentos/airflow/airflow_venv/lib/python3.10/site-packages/airflow/example_dags/example_short_circuit_decorator.py
[2024-10-15T14:50:56.893-0300] {processor.py:743} INFO - Processing file /home/beatriz/Documentos/airflow/airflow_venv/lib/python3.10/site-packages/airflow/example_dags/example_short_circuit_decorator.py for tasks to queue
[2024-10-15T14:50:56.893-0300] {logging_mixin.py:137} INFO - [2024-10-15T14:50:56.893-0300] {dagbag.py:532} INFO - Filling up the DagBag from /home/beatriz/Documentos/airflow/airflow_venv/lib/python3.10/site-packages/airflow/example_dags/example_short_circuit_decorator.py
[2024-10-15T14:50:56.918-0300] {processor.py:753} INFO - DAG(s) dict_keys(['example_short_circuit_decorator']) retrieved from /home/beatriz/Documentos/airflow/airflow_venv/lib/python3.10/site-packages/airflow/example_dags/example_short_circuit_decorator.py
[2024-10-15T14:50:56.924-0300] {logging_mixin.py:137} INFO - [2024-10-15T14:50:56.924-0300] {dag.py:2705} INFO - Sync 1 DAGs
[2024-10-15T14:50:56.941-0300] {logging_mixin.py:137} INFO - [2024-10-15T14:50:56.941-0300] {dag.py:3452} INFO - Setting next_dagrun for example_short_circuit_decorator to 2024-10-14T17:50:56.941483+00:00, run_after=2024-10-15T17:50:56.941483+00:00
[2024-10-15T14:50:56.962-0300] {processor.py:175} INFO - Processing /home/beatriz/Documentos/airflow/airflow_venv/lib/python3.10/site-packages/airflow/example_dags/example_short_circuit_decorator.py took 0.072 seconds
[2024-10-15T14:51:41.751-0300] {processor.py:153} INFO - Started process (PID=34643) to work on /home/beatriz/Documentos/airflow/airflow_venv/lib/python3.10/site-packages/airflow/example_dags/example_short_circuit_decorator.py
[2024-10-15T14:51:41.755-0300] {processor.py:743} INFO - Processing file /home/beatriz/Documentos/airflow/airflow_venv/lib/python3.10/site-packages/airflow/example_dags/example_short_circuit_decorator.py for tasks to queue
[2024-10-15T14:51:41.756-0300] {logging_mixin.py:137} INFO - [2024-10-15T14:51:41.756-0300] {dagbag.py:532} INFO - Filling up the DagBag from /home/beatriz/Documentos/airflow/airflow_venv/lib/python3.10/site-packages/airflow/example_dags/example_short_circuit_decorator.py
[2024-10-15T14:51:41.792-0300] {processor.py:753} INFO - DAG(s) dict_keys(['example_short_circuit_decorator']) retrieved from /home/beatriz/Documentos/airflow/airflow_venv/lib/python3.10/site-packages/airflow/example_dags/example_short_circuit_decorator.py
[2024-10-15T14:51:41.808-0300] {logging_mixin.py:137} INFO - [2024-10-15T14:51:41.808-0300] {dag.py:2705} INFO - Sync 1 DAGs
[2024-10-15T14:51:41.823-0300] {logging_mixin.py:137} INFO - [2024-10-15T14:51:41.822-0300] {dag.py:3452} INFO - Setting next_dagrun for example_short_circuit_decorator to 2024-10-14T17:51:41.822756+00:00, run_after=2024-10-15T17:51:41.822756+00:00
[2024-10-15T14:51:41.839-0300] {processor.py:175} INFO - Processing /home/beatriz/Documentos/airflow/airflow_venv/lib/python3.10/site-packages/airflow/example_dags/example_short_circuit_decorator.py took 0.094 seconds
[2024-10-15T14:52:26.450-0300] {processor.py:153} INFO - Started process (PID=34791) to work on /home/beatriz/Documentos/airflow/airflow_venv/lib/python3.10/site-packages/airflow/example_dags/example_short_circuit_decorator.py
[2024-10-15T14:52:26.452-0300] {processor.py:743} INFO - Processing file /home/beatriz/Documentos/airflow/airflow_venv/lib/python3.10/site-packages/airflow/example_dags/example_short_circuit_decorator.py for tasks to queue
[2024-10-15T14:52:26.453-0300] {logging_mixin.py:137} INFO - [2024-10-15T14:52:26.453-0300] {dagbag.py:532} INFO - Filling up the DagBag from /home/beatriz/Documentos/airflow/airflow_venv/lib/python3.10/site-packages/airflow/example_dags/example_short_circuit_decorator.py
[2024-10-15T14:52:26.489-0300] {processor.py:753} INFO - DAG(s) dict_keys(['example_short_circuit_decorator']) retrieved from /home/beatriz/Documentos/airflow/airflow_venv/lib/python3.10/site-packages/airflow/example_dags/example_short_circuit_decorator.py
[2024-10-15T14:52:26.524-0300] {logging_mixin.py:137} INFO - [2024-10-15T14:52:26.524-0300] {dag.py:2705} INFO - Sync 1 DAGs
[2024-10-15T14:52:26.553-0300] {logging_mixin.py:137} INFO - [2024-10-15T14:52:26.552-0300] {dag.py:3452} INFO - Setting next_dagrun for example_short_circuit_decorator to 2024-10-14T17:52:26.552634+00:00, run_after=2024-10-15T17:52:26.552634+00:00
[2024-10-15T14:52:26.700-0300] {processor.py:175} INFO - Processing /home/beatriz/Documentos/airflow/airflow_venv/lib/python3.10/site-packages/airflow/example_dags/example_short_circuit_decorator.py took 0.252 seconds
[2024-10-15T14:53:14.163-0300] {processor.py:153} INFO - Started process (PID=35153) to work on /home/beatriz/Documentos/airflow/airflow_venv/lib/python3.10/site-packages/airflow/example_dags/example_short_circuit_decorator.py
[2024-10-15T14:53:14.164-0300] {processor.py:743} INFO - Processing file /home/beatriz/Documentos/airflow/airflow_venv/lib/python3.10/site-packages/airflow/example_dags/example_short_circuit_decorator.py for tasks to queue
[2024-10-15T14:53:14.165-0300] {logging_mixin.py:137} INFO - [2024-10-15T14:53:14.164-0300] {dagbag.py:532} INFO - Filling up the DagBag from /home/beatriz/Documentos/airflow/airflow_venv/lib/python3.10/site-packages/airflow/example_dags/example_short_circuit_decorator.py
[2024-10-15T14:53:14.192-0300] {processor.py:753} INFO - DAG(s) dict_keys(['example_short_circuit_decorator']) retrieved from /home/beatriz/Documentos/airflow/airflow_venv/lib/python3.10/site-packages/airflow/example_dags/example_short_circuit_decorator.py
[2024-10-15T14:53:14.210-0300] {logging_mixin.py:137} INFO - [2024-10-15T14:53:14.210-0300] {dag.py:2705} INFO - Sync 1 DAGs
[2024-10-15T14:53:14.228-0300] {logging_mixin.py:137} INFO - [2024-10-15T14:53:14.228-0300] {dag.py:3452} INFO - Setting next_dagrun for example_short_circuit_decorator to 2024-10-14T17:53:14.228153+00:00, run_after=2024-10-15T17:53:14.228153+00:00
[2024-10-15T14:53:14.340-0300] {processor.py:175} INFO - Processing /home/beatriz/Documentos/airflow/airflow_venv/lib/python3.10/site-packages/airflow/example_dags/example_short_circuit_decorator.py took 0.181 seconds
[2024-10-15T14:54:06.465-0300] {processor.py:153} INFO - Started process (PID=35416) to work on /home/beatriz/Documentos/airflow/airflow_venv/lib/python3.10/site-packages/airflow/example_dags/example_short_circuit_decorator.py
[2024-10-15T14:54:06.466-0300] {processor.py:743} INFO - Processing file /home/beatriz/Documentos/airflow/airflow_venv/lib/python3.10/site-packages/airflow/example_dags/example_short_circuit_decorator.py for tasks to queue
[2024-10-15T14:54:06.467-0300] {logging_mixin.py:137} INFO - [2024-10-15T14:54:06.467-0300] {dagbag.py:532} INFO - Filling up the DagBag from /home/beatriz/Documentos/airflow/airflow_venv/lib/python3.10/site-packages/airflow/example_dags/example_short_circuit_decorator.py
[2024-10-15T14:54:06.488-0300] {processor.py:753} INFO - DAG(s) dict_keys(['example_short_circuit_decorator']) retrieved from /home/beatriz/Documentos/airflow/airflow_venv/lib/python3.10/site-packages/airflow/example_dags/example_short_circuit_decorator.py
[2024-10-15T14:54:06.507-0300] {logging_mixin.py:137} INFO - [2024-10-15T14:54:06.507-0300] {dag.py:2705} INFO - Sync 1 DAGs
[2024-10-15T14:54:06.637-0300] {logging_mixin.py:137} INFO - [2024-10-15T14:54:06.637-0300] {dag.py:3452} INFO - Setting next_dagrun for example_short_circuit_decorator to 2024-10-14T17:54:06.636816+00:00, run_after=2024-10-15T17:54:06.636816+00:00
[2024-10-15T14:54:06.660-0300] {processor.py:175} INFO - Processing /home/beatriz/Documentos/airflow/airflow_venv/lib/python3.10/site-packages/airflow/example_dags/example_short_circuit_decorator.py took 0.199 seconds
[2024-10-15T14:55:00.476-0300] {processor.py:153} INFO - Started process (PID=35550) to work on /home/beatriz/Documentos/airflow/airflow_venv/lib/python3.10/site-packages/airflow/example_dags/example_short_circuit_decorator.py
[2024-10-15T14:55:00.479-0300] {processor.py:743} INFO - Processing file /home/beatriz/Documentos/airflow/airflow_venv/lib/python3.10/site-packages/airflow/example_dags/example_short_circuit_decorator.py for tasks to queue
[2024-10-15T14:55:00.481-0300] {logging_mixin.py:137} INFO - [2024-10-15T14:55:00.481-0300] {dagbag.py:532} INFO - Filling up the DagBag from /home/beatriz/Documentos/airflow/airflow_venv/lib/python3.10/site-packages/airflow/example_dags/example_short_circuit_decorator.py
[2024-10-15T14:55:00.509-0300] {processor.py:753} INFO - DAG(s) dict_keys(['example_short_circuit_decorator']) retrieved from /home/beatriz/Documentos/airflow/airflow_venv/lib/python3.10/site-packages/airflow/example_dags/example_short_circuit_decorator.py
[2024-10-15T14:55:00.528-0300] {logging_mixin.py:137} INFO - [2024-10-15T14:55:00.528-0300] {dag.py:2705} INFO - Sync 1 DAGs
[2024-10-15T14:55:00.642-0300] {logging_mixin.py:137} INFO - [2024-10-15T14:55:00.642-0300] {dag.py:3452} INFO - Setting next_dagrun for example_short_circuit_decorator to 2024-10-14T17:55:00.642029+00:00, run_after=2024-10-15T17:55:00.642029+00:00
[2024-10-15T14:55:00.665-0300] {processor.py:175} INFO - Processing /home/beatriz/Documentos/airflow/airflow_venv/lib/python3.10/site-packages/airflow/example_dags/example_short_circuit_decorator.py took 0.194 seconds
[2024-10-15T14:55:53.804-0300] {processor.py:153} INFO - Started process (PID=35690) to work on /home/beatriz/Documentos/airflow/airflow_venv/lib/python3.10/site-packages/airflow/example_dags/example_short_circuit_decorator.py
[2024-10-15T14:55:53.806-0300] {processor.py:743} INFO - Processing file /home/beatriz/Documentos/airflow/airflow_venv/lib/python3.10/site-packages/airflow/example_dags/example_short_circuit_decorator.py for tasks to queue
[2024-10-15T14:55:53.807-0300] {logging_mixin.py:137} INFO - [2024-10-15T14:55:53.807-0300] {dagbag.py:532} INFO - Filling up the DagBag from /home/beatriz/Documentos/airflow/airflow_venv/lib/python3.10/site-packages/airflow/example_dags/example_short_circuit_decorator.py
[2024-10-15T14:55:53.932-0300] {processor.py:753} INFO - DAG(s) dict_keys(['example_short_circuit_decorator']) retrieved from /home/beatriz/Documentos/airflow/airflow_venv/lib/python3.10/site-packages/airflow/example_dags/example_short_circuit_decorator.py
[2024-10-15T14:55:53.965-0300] {logging_mixin.py:137} INFO - [2024-10-15T14:55:53.965-0300] {dag.py:2705} INFO - Sync 1 DAGs
[2024-10-15T14:55:53.990-0300] {logging_mixin.py:137} INFO - [2024-10-15T14:55:53.990-0300] {dag.py:3452} INFO - Setting next_dagrun for example_short_circuit_decorator to 2024-10-14T17:55:53.990260+00:00, run_after=2024-10-15T17:55:53.990260+00:00
[2024-10-15T14:55:54.012-0300] {processor.py:175} INFO - Processing /home/beatriz/Documentos/airflow/airflow_venv/lib/python3.10/site-packages/airflow/example_dags/example_short_circuit_decorator.py took 0.210 seconds
[2024-10-15T14:56:43.135-0300] {processor.py:153} INFO - Started process (PID=35799) to work on /home/beatriz/Documentos/airflow/airflow_venv/lib/python3.10/site-packages/airflow/example_dags/example_short_circuit_decorator.py
[2024-10-15T14:56:43.138-0300] {processor.py:743} INFO - Processing file /home/beatriz/Documentos/airflow/airflow_venv/lib/python3.10/site-packages/airflow/example_dags/example_short_circuit_decorator.py for tasks to queue
[2024-10-15T14:56:43.140-0300] {logging_mixin.py:137} INFO - [2024-10-15T14:56:43.140-0300] {dagbag.py:532} INFO - Filling up the DagBag from /home/beatriz/Documentos/airflow/airflow_venv/lib/python3.10/site-packages/airflow/example_dags/example_short_circuit_decorator.py
[2024-10-15T14:56:43.258-0300] {processor.py:753} INFO - DAG(s) dict_keys(['example_short_circuit_decorator']) retrieved from /home/beatriz/Documentos/airflow/airflow_venv/lib/python3.10/site-packages/airflow/example_dags/example_short_circuit_decorator.py
[2024-10-15T14:56:43.275-0300] {logging_mixin.py:137} INFO - [2024-10-15T14:56:43.275-0300] {dag.py:2705} INFO - Sync 1 DAGs
[2024-10-15T14:56:43.290-0300] {logging_mixin.py:137} INFO - [2024-10-15T14:56:43.290-0300] {dag.py:3452} INFO - Setting next_dagrun for example_short_circuit_decorator to 2024-10-14T17:56:43.290152+00:00, run_after=2024-10-15T17:56:43.290152+00:00
[2024-10-15T14:56:43.310-0300] {processor.py:175} INFO - Processing /home/beatriz/Documentos/airflow/airflow_venv/lib/python3.10/site-packages/airflow/example_dags/example_short_circuit_decorator.py took 0.180 seconds
[2024-10-15T14:57:30.221-0300] {processor.py:153} INFO - Started process (PID=35885) to work on /home/beatriz/Documentos/airflow/airflow_venv/lib/python3.10/site-packages/airflow/example_dags/example_short_circuit_decorator.py
[2024-10-15T14:57:30.223-0300] {processor.py:743} INFO - Processing file /home/beatriz/Documentos/airflow/airflow_venv/lib/python3.10/site-packages/airflow/example_dags/example_short_circuit_decorator.py for tasks to queue
[2024-10-15T14:57:30.224-0300] {logging_mixin.py:137} INFO - [2024-10-15T14:57:30.224-0300] {dagbag.py:532} INFO - Filling up the DagBag from /home/beatriz/Documentos/airflow/airflow_venv/lib/python3.10/site-packages/airflow/example_dags/example_short_circuit_decorator.py
[2024-10-15T14:57:30.342-0300] {processor.py:753} INFO - DAG(s) dict_keys(['example_short_circuit_decorator']) retrieved from /home/beatriz/Documentos/airflow/airflow_venv/lib/python3.10/site-packages/airflow/example_dags/example_short_circuit_decorator.py
[2024-10-15T14:57:30.357-0300] {logging_mixin.py:137} INFO - [2024-10-15T14:57:30.357-0300] {dag.py:2705} INFO - Sync 1 DAGs
[2024-10-15T14:57:30.372-0300] {logging_mixin.py:137} INFO - [2024-10-15T14:57:30.372-0300] {dag.py:3452} INFO - Setting next_dagrun for example_short_circuit_decorator to 2024-10-14T17:57:30.372051+00:00, run_after=2024-10-15T17:57:30.372051+00:00
[2024-10-15T14:57:30.390-0300] {processor.py:175} INFO - Processing /home/beatriz/Documentos/airflow/airflow_venv/lib/python3.10/site-packages/airflow/example_dags/example_short_circuit_decorator.py took 0.173 seconds
[2024-10-15T14:58:15.215-0300] {processor.py:153} INFO - Started process (PID=36163) to work on /home/beatriz/Documentos/airflow/airflow_venv/lib/python3.10/site-packages/airflow/example_dags/example_short_circuit_decorator.py
[2024-10-15T14:58:15.217-0300] {processor.py:743} INFO - Processing file /home/beatriz/Documentos/airflow/airflow_venv/lib/python3.10/site-packages/airflow/example_dags/example_short_circuit_decorator.py for tasks to queue
[2024-10-15T14:58:15.218-0300] {logging_mixin.py:137} INFO - [2024-10-15T14:58:15.217-0300] {dagbag.py:532} INFO - Filling up the DagBag from /home/beatriz/Documentos/airflow/airflow_venv/lib/python3.10/site-packages/airflow/example_dags/example_short_circuit_decorator.py
[2024-10-15T14:58:15.245-0300] {processor.py:753} INFO - DAG(s) dict_keys(['example_short_circuit_decorator']) retrieved from /home/beatriz/Documentos/airflow/airflow_venv/lib/python3.10/site-packages/airflow/example_dags/example_short_circuit_decorator.py
[2024-10-15T14:58:15.264-0300] {logging_mixin.py:137} INFO - [2024-10-15T14:58:15.263-0300] {dag.py:2705} INFO - Sync 1 DAGs
[2024-10-15T14:58:15.284-0300] {logging_mixin.py:137} INFO - [2024-10-15T14:58:15.284-0300] {dag.py:3452} INFO - Setting next_dagrun for example_short_circuit_decorator to 2024-10-14T17:58:15.284103+00:00, run_after=2024-10-15T17:58:15.284103+00:00
[2024-10-15T14:58:15.305-0300] {processor.py:175} INFO - Processing /home/beatriz/Documentos/airflow/airflow_venv/lib/python3.10/site-packages/airflow/example_dags/example_short_circuit_decorator.py took 0.092 seconds
[2024-10-15T14:58:54.028-0300] {processor.py:153} INFO - Started process (PID=36317) to work on /home/beatriz/Documentos/airflow/airflow_venv/lib/python3.10/site-packages/airflow/example_dags/example_short_circuit_decorator.py
[2024-10-15T14:58:54.030-0300] {processor.py:743} INFO - Processing file /home/beatriz/Documentos/airflow/airflow_venv/lib/python3.10/site-packages/airflow/example_dags/example_short_circuit_decorator.py for tasks to queue
[2024-10-15T14:58:54.031-0300] {logging_mixin.py:137} INFO - [2024-10-15T14:58:54.031-0300] {dagbag.py:532} INFO - Filling up the DagBag from /home/beatriz/Documentos/airflow/airflow_venv/lib/python3.10/site-packages/airflow/example_dags/example_short_circuit_decorator.py
[2024-10-15T14:58:54.059-0300] {processor.py:753} INFO - DAG(s) dict_keys(['example_short_circuit_decorator']) retrieved from /home/beatriz/Documentos/airflow/airflow_venv/lib/python3.10/site-packages/airflow/example_dags/example_short_circuit_decorator.py
[2024-10-15T14:58:54.076-0300] {logging_mixin.py:137} INFO - [2024-10-15T14:58:54.076-0300] {dag.py:2705} INFO - Sync 1 DAGs
[2024-10-15T14:58:54.091-0300] {logging_mixin.py:137} INFO - [2024-10-15T14:58:54.091-0300] {dag.py:3452} INFO - Setting next_dagrun for example_short_circuit_decorator to 2024-10-14T17:58:54.091233+00:00, run_after=2024-10-15T17:58:54.091233+00:00
[2024-10-15T14:58:54.108-0300] {processor.py:175} INFO - Processing /home/beatriz/Documentos/airflow/airflow_venv/lib/python3.10/site-packages/airflow/example_dags/example_short_circuit_decorator.py took 0.083 seconds
[2024-10-15T14:59:38.021-0300] {processor.py:153} INFO - Started process (PID=36493) to work on /home/beatriz/Documentos/airflow/airflow_venv/lib/python3.10/site-packages/airflow/example_dags/example_short_circuit_decorator.py
[2024-10-15T14:59:38.023-0300] {processor.py:743} INFO - Processing file /home/beatriz/Documentos/airflow/airflow_venv/lib/python3.10/site-packages/airflow/example_dags/example_short_circuit_decorator.py for tasks to queue
[2024-10-15T14:59:38.024-0300] {logging_mixin.py:137} INFO - [2024-10-15T14:59:38.024-0300] {dagbag.py:532} INFO - Filling up the DagBag from /home/beatriz/Documentos/airflow/airflow_venv/lib/python3.10/site-packages/airflow/example_dags/example_short_circuit_decorator.py
[2024-10-15T14:59:38.056-0300] {processor.py:753} INFO - DAG(s) dict_keys(['example_short_circuit_decorator']) retrieved from /home/beatriz/Documentos/airflow/airflow_venv/lib/python3.10/site-packages/airflow/example_dags/example_short_circuit_decorator.py
[2024-10-15T14:59:38.074-0300] {logging_mixin.py:137} INFO - [2024-10-15T14:59:38.073-0300] {dag.py:2705} INFO - Sync 1 DAGs
[2024-10-15T14:59:38.090-0300] {logging_mixin.py:137} INFO - [2024-10-15T14:59:38.090-0300] {dag.py:3452} INFO - Setting next_dagrun for example_short_circuit_decorator to 2024-10-14T17:59:38.090004+00:00, run_after=2024-10-15T17:59:38.090004+00:00
[2024-10-15T14:59:38.108-0300] {processor.py:175} INFO - Processing /home/beatriz/Documentos/airflow/airflow_venv/lib/python3.10/site-packages/airflow/example_dags/example_short_circuit_decorator.py took 0.092 seconds
[2024-10-15T15:00:19.549-0300] {processor.py:153} INFO - Started process (PID=36614) to work on /home/beatriz/Documentos/airflow/airflow_venv/lib/python3.10/site-packages/airflow/example_dags/example_short_circuit_decorator.py
[2024-10-15T15:00:19.550-0300] {processor.py:743} INFO - Processing file /home/beatriz/Documentos/airflow/airflow_venv/lib/python3.10/site-packages/airflow/example_dags/example_short_circuit_decorator.py for tasks to queue
[2024-10-15T15:00:19.551-0300] {logging_mixin.py:137} INFO - [2024-10-15T15:00:19.551-0300] {dagbag.py:532} INFO - Filling up the DagBag from /home/beatriz/Documentos/airflow/airflow_venv/lib/python3.10/site-packages/airflow/example_dags/example_short_circuit_decorator.py
[2024-10-15T15:00:19.572-0300] {processor.py:753} INFO - DAG(s) dict_keys(['example_short_circuit_decorator']) retrieved from /home/beatriz/Documentos/airflow/airflow_venv/lib/python3.10/site-packages/airflow/example_dags/example_short_circuit_decorator.py
[2024-10-15T15:00:19.587-0300] {logging_mixin.py:137} INFO - [2024-10-15T15:00:19.587-0300] {dag.py:2705} INFO - Sync 1 DAGs
[2024-10-15T15:00:19.602-0300] {logging_mixin.py:137} INFO - [2024-10-15T15:00:19.601-0300] {dag.py:3452} INFO - Setting next_dagrun for example_short_circuit_decorator to 2024-10-14T18:00:19.601781+00:00, run_after=2024-10-15T18:00:19.601781+00:00
[2024-10-15T15:00:19.618-0300] {processor.py:175} INFO - Processing /home/beatriz/Documentos/airflow/airflow_venv/lib/python3.10/site-packages/airflow/example_dags/example_short_circuit_decorator.py took 0.071 seconds
[2024-10-15T15:00:59.761-0300] {processor.py:153} INFO - Started process (PID=36772) to work on /home/beatriz/Documentos/airflow/airflow_venv/lib/python3.10/site-packages/airflow/example_dags/example_short_circuit_decorator.py
[2024-10-15T15:00:59.764-0300] {processor.py:743} INFO - Processing file /home/beatriz/Documentos/airflow/airflow_venv/lib/python3.10/site-packages/airflow/example_dags/example_short_circuit_decorator.py for tasks to queue
[2024-10-15T15:00:59.768-0300] {logging_mixin.py:137} INFO - [2024-10-15T15:00:59.768-0300] {dagbag.py:532} INFO - Filling up the DagBag from /home/beatriz/Documentos/airflow/airflow_venv/lib/python3.10/site-packages/airflow/example_dags/example_short_circuit_decorator.py
[2024-10-15T15:00:59.803-0300] {processor.py:753} INFO - DAG(s) dict_keys(['example_short_circuit_decorator']) retrieved from /home/beatriz/Documentos/airflow/airflow_venv/lib/python3.10/site-packages/airflow/example_dags/example_short_circuit_decorator.py
[2024-10-15T15:00:59.819-0300] {logging_mixin.py:137} INFO - [2024-10-15T15:00:59.819-0300] {dag.py:2705} INFO - Sync 1 DAGs
[2024-10-15T15:00:59.835-0300] {logging_mixin.py:137} INFO - [2024-10-15T15:00:59.835-0300] {dag.py:3452} INFO - Setting next_dagrun for example_short_circuit_decorator to 2024-10-14T18:00:59.835247+00:00, run_after=2024-10-15T18:00:59.835247+00:00
[2024-10-15T15:00:59.854-0300] {processor.py:175} INFO - Processing /home/beatriz/Documentos/airflow/airflow_venv/lib/python3.10/site-packages/airflow/example_dags/example_short_circuit_decorator.py took 0.099 seconds
[2024-10-15T15:01:38.947-0300] {processor.py:153} INFO - Started process (PID=36936) to work on /home/beatriz/Documentos/airflow/airflow_venv/lib/python3.10/site-packages/airflow/example_dags/example_short_circuit_decorator.py
[2024-10-15T15:01:38.949-0300] {processor.py:743} INFO - Processing file /home/beatriz/Documentos/airflow/airflow_venv/lib/python3.10/site-packages/airflow/example_dags/example_short_circuit_decorator.py for tasks to queue
[2024-10-15T15:01:38.949-0300] {logging_mixin.py:137} INFO - [2024-10-15T15:01:38.949-0300] {dagbag.py:532} INFO - Filling up the DagBag from /home/beatriz/Documentos/airflow/airflow_venv/lib/python3.10/site-packages/airflow/example_dags/example_short_circuit_decorator.py
[2024-10-15T15:01:38.971-0300] {processor.py:753} INFO - DAG(s) dict_keys(['example_short_circuit_decorator']) retrieved from /home/beatriz/Documentos/airflow/airflow_venv/lib/python3.10/site-packages/airflow/example_dags/example_short_circuit_decorator.py
[2024-10-15T15:01:38.986-0300] {logging_mixin.py:137} INFO - [2024-10-15T15:01:38.986-0300] {dag.py:2705} INFO - Sync 1 DAGs
[2024-10-15T15:01:39.001-0300] {logging_mixin.py:137} INFO - [2024-10-15T15:01:39.001-0300] {dag.py:3452} INFO - Setting next_dagrun for example_short_circuit_decorator to 2024-10-14T18:01:39.000850+00:00, run_after=2024-10-15T18:01:39.000850+00:00
[2024-10-15T15:01:39.017-0300] {processor.py:175} INFO - Processing /home/beatriz/Documentos/airflow/airflow_venv/lib/python3.10/site-packages/airflow/example_dags/example_short_circuit_decorator.py took 0.072 seconds
[2024-10-15T15:02:17.155-0300] {processor.py:153} INFO - Started process (PID=37017) to work on /home/beatriz/Documentos/airflow/airflow_venv/lib/python3.10/site-packages/airflow/example_dags/example_short_circuit_decorator.py
[2024-10-15T15:02:17.157-0300] {processor.py:743} INFO - Processing file /home/beatriz/Documentos/airflow/airflow_venv/lib/python3.10/site-packages/airflow/example_dags/example_short_circuit_decorator.py for tasks to queue
[2024-10-15T15:02:17.159-0300] {logging_mixin.py:137} INFO - [2024-10-15T15:02:17.159-0300] {dagbag.py:532} INFO - Filling up the DagBag from /home/beatriz/Documentos/airflow/airflow_venv/lib/python3.10/site-packages/airflow/example_dags/example_short_circuit_decorator.py
[2024-10-15T15:02:17.194-0300] {processor.py:753} INFO - DAG(s) dict_keys(['example_short_circuit_decorator']) retrieved from /home/beatriz/Documentos/airflow/airflow_venv/lib/python3.10/site-packages/airflow/example_dags/example_short_circuit_decorator.py
[2024-10-15T15:02:17.210-0300] {logging_mixin.py:137} INFO - [2024-10-15T15:02:17.210-0300] {dag.py:2705} INFO - Sync 1 DAGs
[2024-10-15T15:02:17.224-0300] {logging_mixin.py:137} INFO - [2024-10-15T15:02:17.224-0300] {dag.py:3452} INFO - Setting next_dagrun for example_short_circuit_decorator to 2024-10-14T18:02:17.224465+00:00, run_after=2024-10-15T18:02:17.224465+00:00
[2024-10-15T15:02:17.243-0300] {processor.py:175} INFO - Processing /home/beatriz/Documentos/airflow/airflow_venv/lib/python3.10/site-packages/airflow/example_dags/example_short_circuit_decorator.py took 0.094 seconds
[2024-10-15T15:02:55.791-0300] {processor.py:153} INFO - Started process (PID=37203) to work on /home/beatriz/Documentos/airflow/airflow_venv/lib/python3.10/site-packages/airflow/example_dags/example_short_circuit_decorator.py
[2024-10-15T15:02:55.794-0300] {processor.py:743} INFO - Processing file /home/beatriz/Documentos/airflow/airflow_venv/lib/python3.10/site-packages/airflow/example_dags/example_short_circuit_decorator.py for tasks to queue
[2024-10-15T15:02:55.795-0300] {logging_mixin.py:137} INFO - [2024-10-15T15:02:55.795-0300] {dagbag.py:532} INFO - Filling up the DagBag from /home/beatriz/Documentos/airflow/airflow_venv/lib/python3.10/site-packages/airflow/example_dags/example_short_circuit_decorator.py
[2024-10-15T15:02:55.831-0300] {processor.py:753} INFO - DAG(s) dict_keys(['example_short_circuit_decorator']) retrieved from /home/beatriz/Documentos/airflow/airflow_venv/lib/python3.10/site-packages/airflow/example_dags/example_short_circuit_decorator.py
[2024-10-15T15:02:55.847-0300] {logging_mixin.py:137} INFO - [2024-10-15T15:02:55.847-0300] {dag.py:2705} INFO - Sync 1 DAGs
[2024-10-15T15:02:55.861-0300] {logging_mixin.py:137} INFO - [2024-10-15T15:02:55.861-0300] {dag.py:3452} INFO - Setting next_dagrun for example_short_circuit_decorator to 2024-10-14T18:02:55.861490+00:00, run_after=2024-10-15T18:02:55.861490+00:00
[2024-10-15T15:02:55.879-0300] {processor.py:175} INFO - Processing /home/beatriz/Documentos/airflow/airflow_venv/lib/python3.10/site-packages/airflow/example_dags/example_short_circuit_decorator.py took 0.093 seconds
[2024-10-15T15:03:34.588-0300] {processor.py:153} INFO - Started process (PID=37288) to work on /home/beatriz/Documentos/airflow/airflow_venv/lib/python3.10/site-packages/airflow/example_dags/example_short_circuit_decorator.py
[2024-10-15T15:03:34.590-0300] {processor.py:743} INFO - Processing file /home/beatriz/Documentos/airflow/airflow_venv/lib/python3.10/site-packages/airflow/example_dags/example_short_circuit_decorator.py for tasks to queue
[2024-10-15T15:03:34.590-0300] {logging_mixin.py:137} INFO - [2024-10-15T15:03:34.590-0300] {dagbag.py:532} INFO - Filling up the DagBag from /home/beatriz/Documentos/airflow/airflow_venv/lib/python3.10/site-packages/airflow/example_dags/example_short_circuit_decorator.py
[2024-10-15T15:03:34.612-0300] {processor.py:753} INFO - DAG(s) dict_keys(['example_short_circuit_decorator']) retrieved from /home/beatriz/Documentos/airflow/airflow_venv/lib/python3.10/site-packages/airflow/example_dags/example_short_circuit_decorator.py
[2024-10-15T15:03:34.635-0300] {logging_mixin.py:137} INFO - [2024-10-15T15:03:34.635-0300] {dag.py:2705} INFO - Sync 1 DAGs
[2024-10-15T15:03:34.654-0300] {logging_mixin.py:137} INFO - [2024-10-15T15:03:34.653-0300] {dag.py:3452} INFO - Setting next_dagrun for example_short_circuit_decorator to 2024-10-14T18:03:34.653676+00:00, run_after=2024-10-15T18:03:34.653676+00:00
[2024-10-15T15:03:34.679-0300] {processor.py:175} INFO - Processing /home/beatriz/Documentos/airflow/airflow_venv/lib/python3.10/site-packages/airflow/example_dags/example_short_circuit_decorator.py took 0.094 seconds
[2024-10-15T15:04:16.771-0300] {processor.py:153} INFO - Started process (PID=37429) to work on /home/beatriz/Documentos/airflow/airflow_venv/lib/python3.10/site-packages/airflow/example_dags/example_short_circuit_decorator.py
[2024-10-15T15:04:16.773-0300] {processor.py:743} INFO - Processing file /home/beatriz/Documentos/airflow/airflow_venv/lib/python3.10/site-packages/airflow/example_dags/example_short_circuit_decorator.py for tasks to queue
[2024-10-15T15:04:16.774-0300] {logging_mixin.py:137} INFO - [2024-10-15T15:04:16.773-0300] {dagbag.py:532} INFO - Filling up the DagBag from /home/beatriz/Documentos/airflow/airflow_venv/lib/python3.10/site-packages/airflow/example_dags/example_short_circuit_decorator.py
[2024-10-15T15:04:16.796-0300] {processor.py:753} INFO - DAG(s) dict_keys(['example_short_circuit_decorator']) retrieved from /home/beatriz/Documentos/airflow/airflow_venv/lib/python3.10/site-packages/airflow/example_dags/example_short_circuit_decorator.py
[2024-10-15T15:04:16.812-0300] {logging_mixin.py:137} INFO - [2024-10-15T15:04:16.812-0300] {dag.py:2705} INFO - Sync 1 DAGs
[2024-10-15T15:04:16.826-0300] {logging_mixin.py:137} INFO - [2024-10-15T15:04:16.826-0300] {dag.py:3452} INFO - Setting next_dagrun for example_short_circuit_decorator to 2024-10-14T18:04:16.826225+00:00, run_after=2024-10-15T18:04:16.826225+00:00
[2024-10-15T15:04:16.842-0300] {processor.py:175} INFO - Processing /home/beatriz/Documentos/airflow/airflow_venv/lib/python3.10/site-packages/airflow/example_dags/example_short_circuit_decorator.py took 0.074 seconds
[2024-10-15T15:04:58.631-0300] {processor.py:153} INFO - Started process (PID=38066) to work on /home/beatriz/Documentos/airflow/airflow_venv/lib/python3.10/site-packages/airflow/example_dags/example_short_circuit_decorator.py
[2024-10-15T15:04:58.632-0300] {processor.py:743} INFO - Processing file /home/beatriz/Documentos/airflow/airflow_venv/lib/python3.10/site-packages/airflow/example_dags/example_short_circuit_decorator.py for tasks to queue
[2024-10-15T15:04:58.633-0300] {logging_mixin.py:137} INFO - [2024-10-15T15:04:58.633-0300] {dagbag.py:532} INFO - Filling up the DagBag from /home/beatriz/Documentos/airflow/airflow_venv/lib/python3.10/site-packages/airflow/example_dags/example_short_circuit_decorator.py
[2024-10-15T15:04:58.662-0300] {processor.py:753} INFO - DAG(s) dict_keys(['example_short_circuit_decorator']) retrieved from /home/beatriz/Documentos/airflow/airflow_venv/lib/python3.10/site-packages/airflow/example_dags/example_short_circuit_decorator.py
[2024-10-15T15:04:58.687-0300] {logging_mixin.py:137} INFO - [2024-10-15T15:04:58.687-0300] {dag.py:2705} INFO - Sync 1 DAGs
[2024-10-15T15:04:58.708-0300] {logging_mixin.py:137} INFO - [2024-10-15T15:04:58.708-0300] {dag.py:3452} INFO - Setting next_dagrun for example_short_circuit_decorator to 2024-10-14T18:04:58.708174+00:00, run_after=2024-10-15T18:04:58.708174+00:00
[2024-10-15T15:04:58.730-0300] {processor.py:175} INFO - Processing /home/beatriz/Documentos/airflow/airflow_venv/lib/python3.10/site-packages/airflow/example_dags/example_short_circuit_decorator.py took 0.104 seconds
[2024-10-15T15:05:41.641-0300] {processor.py:153} INFO - Started process (PID=38250) to work on /home/beatriz/Documentos/airflow/airflow_venv/lib/python3.10/site-packages/airflow/example_dags/example_short_circuit_decorator.py
[2024-10-15T15:05:41.644-0300] {processor.py:743} INFO - Processing file /home/beatriz/Documentos/airflow/airflow_venv/lib/python3.10/site-packages/airflow/example_dags/example_short_circuit_decorator.py for tasks to queue
[2024-10-15T15:05:41.644-0300] {logging_mixin.py:137} INFO - [2024-10-15T15:05:41.644-0300] {dagbag.py:532} INFO - Filling up the DagBag from /home/beatriz/Documentos/airflow/airflow_venv/lib/python3.10/site-packages/airflow/example_dags/example_short_circuit_decorator.py
[2024-10-15T15:05:41.670-0300] {processor.py:753} INFO - DAG(s) dict_keys(['example_short_circuit_decorator']) retrieved from /home/beatriz/Documentos/airflow/airflow_venv/lib/python3.10/site-packages/airflow/example_dags/example_short_circuit_decorator.py
[2024-10-15T15:05:41.690-0300] {logging_mixin.py:137} INFO - [2024-10-15T15:05:41.689-0300] {dag.py:2705} INFO - Sync 1 DAGs
[2024-10-15T15:05:41.709-0300] {logging_mixin.py:137} INFO - [2024-10-15T15:05:41.709-0300] {dag.py:3452} INFO - Setting next_dagrun for example_short_circuit_decorator to 2024-10-14T18:05:41.708954+00:00, run_after=2024-10-15T18:05:41.708954+00:00
[2024-10-15T15:05:41.731-0300] {processor.py:175} INFO - Processing /home/beatriz/Documentos/airflow/airflow_venv/lib/python3.10/site-packages/airflow/example_dags/example_short_circuit_decorator.py took 0.094 seconds
[2024-10-15T15:06:23.645-0300] {processor.py:153} INFO - Started process (PID=38765) to work on /home/beatriz/Documentos/airflow/airflow_venv/lib/python3.10/site-packages/airflow/example_dags/example_short_circuit_decorator.py
[2024-10-15T15:06:23.648-0300] {processor.py:743} INFO - Processing file /home/beatriz/Documentos/airflow/airflow_venv/lib/python3.10/site-packages/airflow/example_dags/example_short_circuit_decorator.py for tasks to queue
[2024-10-15T15:06:23.650-0300] {logging_mixin.py:137} INFO - [2024-10-15T15:06:23.649-0300] {dagbag.py:532} INFO - Filling up the DagBag from /home/beatriz/Documentos/airflow/airflow_venv/lib/python3.10/site-packages/airflow/example_dags/example_short_circuit_decorator.py
[2024-10-15T15:06:23.687-0300] {processor.py:753} INFO - DAG(s) dict_keys(['example_short_circuit_decorator']) retrieved from /home/beatriz/Documentos/airflow/airflow_venv/lib/python3.10/site-packages/airflow/example_dags/example_short_circuit_decorator.py
[2024-10-15T15:06:23.709-0300] {logging_mixin.py:137} INFO - [2024-10-15T15:06:23.709-0300] {dag.py:2705} INFO - Sync 1 DAGs
[2024-10-15T15:06:23.728-0300] {logging_mixin.py:137} INFO - [2024-10-15T15:06:23.728-0300] {dag.py:3452} INFO - Setting next_dagrun for example_short_circuit_decorator to 2024-10-14T18:06:23.727831+00:00, run_after=2024-10-15T18:06:23.727831+00:00
[2024-10-15T15:06:23.748-0300] {processor.py:175} INFO - Processing /home/beatriz/Documentos/airflow/airflow_venv/lib/python3.10/site-packages/airflow/example_dags/example_short_circuit_decorator.py took 0.107 seconds
[2024-10-15T15:07:10.918-0300] {processor.py:153} INFO - Started process (PID=39141) to work on /home/beatriz/Documentos/airflow/airflow_venv/lib/python3.10/site-packages/airflow/example_dags/example_short_circuit_decorator.py
[2024-10-15T15:07:10.919-0300] {processor.py:743} INFO - Processing file /home/beatriz/Documentos/airflow/airflow_venv/lib/python3.10/site-packages/airflow/example_dags/example_short_circuit_decorator.py for tasks to queue
[2024-10-15T15:07:10.920-0300] {logging_mixin.py:137} INFO - [2024-10-15T15:07:10.920-0300] {dagbag.py:532} INFO - Filling up the DagBag from /home/beatriz/Documentos/airflow/airflow_venv/lib/python3.10/site-packages/airflow/example_dags/example_short_circuit_decorator.py
[2024-10-15T15:07:10.959-0300] {processor.py:753} INFO - DAG(s) dict_keys(['example_short_circuit_decorator']) retrieved from /home/beatriz/Documentos/airflow/airflow_venv/lib/python3.10/site-packages/airflow/example_dags/example_short_circuit_decorator.py
[2024-10-15T15:07:10.980-0300] {logging_mixin.py:137} INFO - [2024-10-15T15:07:10.980-0300] {dag.py:2705} INFO - Sync 1 DAGs
[2024-10-15T15:07:10.997-0300] {logging_mixin.py:137} INFO - [2024-10-15T15:07:10.997-0300] {dag.py:3452} INFO - Setting next_dagrun for example_short_circuit_decorator to 2024-10-14T18:07:10.997059+00:00, run_after=2024-10-15T18:07:10.997059+00:00
[2024-10-15T15:07:11.015-0300] {processor.py:175} INFO - Processing /home/beatriz/Documentos/airflow/airflow_venv/lib/python3.10/site-packages/airflow/example_dags/example_short_circuit_decorator.py took 0.100 seconds
[2024-10-15T15:07:54.612-0300] {processor.py:153} INFO - Started process (PID=39342) to work on /home/beatriz/Documentos/airflow/airflow_venv/lib/python3.10/site-packages/airflow/example_dags/example_short_circuit_decorator.py
[2024-10-15T15:07:54.615-0300] {processor.py:743} INFO - Processing file /home/beatriz/Documentos/airflow/airflow_venv/lib/python3.10/site-packages/airflow/example_dags/example_short_circuit_decorator.py for tasks to queue
[2024-10-15T15:07:54.616-0300] {logging_mixin.py:137} INFO - [2024-10-15T15:07:54.616-0300] {dagbag.py:532} INFO - Filling up the DagBag from /home/beatriz/Documentos/airflow/airflow_venv/lib/python3.10/site-packages/airflow/example_dags/example_short_circuit_decorator.py
[2024-10-15T15:07:54.651-0300] {processor.py:753} INFO - DAG(s) dict_keys(['example_short_circuit_decorator']) retrieved from /home/beatriz/Documentos/airflow/airflow_venv/lib/python3.10/site-packages/airflow/example_dags/example_short_circuit_decorator.py
[2024-10-15T15:07:54.668-0300] {logging_mixin.py:137} INFO - [2024-10-15T15:07:54.668-0300] {dag.py:2705} INFO - Sync 1 DAGs
[2024-10-15T15:07:54.683-0300] {logging_mixin.py:137} INFO - [2024-10-15T15:07:54.683-0300] {dag.py:3452} INFO - Setting next_dagrun for example_short_circuit_decorator to 2024-10-14T18:07:54.683102+00:00, run_after=2024-10-15T18:07:54.683102+00:00
[2024-10-15T15:07:54.700-0300] {processor.py:175} INFO - Processing /home/beatriz/Documentos/airflow/airflow_venv/lib/python3.10/site-packages/airflow/example_dags/example_short_circuit_decorator.py took 0.093 seconds
[2024-10-15T15:08:36.493-0300] {processor.py:153} INFO - Started process (PID=39435) to work on /home/beatriz/Documentos/airflow/airflow_venv/lib/python3.10/site-packages/airflow/example_dags/example_short_circuit_decorator.py
[2024-10-15T15:08:36.495-0300] {processor.py:743} INFO - Processing file /home/beatriz/Documentos/airflow/airflow_venv/lib/python3.10/site-packages/airflow/example_dags/example_short_circuit_decorator.py for tasks to queue
[2024-10-15T15:08:36.495-0300] {logging_mixin.py:137} INFO - [2024-10-15T15:08:36.495-0300] {dagbag.py:532} INFO - Filling up the DagBag from /home/beatriz/Documentos/airflow/airflow_venv/lib/python3.10/site-packages/airflow/example_dags/example_short_circuit_decorator.py
[2024-10-15T15:08:36.517-0300] {processor.py:753} INFO - DAG(s) dict_keys(['example_short_circuit_decorator']) retrieved from /home/beatriz/Documentos/airflow/airflow_venv/lib/python3.10/site-packages/airflow/example_dags/example_short_circuit_decorator.py
[2024-10-15T15:08:36.533-0300] {logging_mixin.py:137} INFO - [2024-10-15T15:08:36.533-0300] {dag.py:2705} INFO - Sync 1 DAGs
[2024-10-15T15:08:36.547-0300] {logging_mixin.py:137} INFO - [2024-10-15T15:08:36.547-0300] {dag.py:3452} INFO - Setting next_dagrun for example_short_circuit_decorator to 2024-10-14T18:08:36.547605+00:00, run_after=2024-10-15T18:08:36.547605+00:00
[2024-10-15T15:08:36.566-0300] {processor.py:175} INFO - Processing /home/beatriz/Documentos/airflow/airflow_venv/lib/python3.10/site-packages/airflow/example_dags/example_short_circuit_decorator.py took 0.075 seconds
[2024-10-15T15:09:19.408-0300] {processor.py:153} INFO - Started process (PID=39562) to work on /home/beatriz/Documentos/airflow/airflow_venv/lib/python3.10/site-packages/airflow/example_dags/example_short_circuit_decorator.py
[2024-10-15T15:09:19.410-0300] {processor.py:743} INFO - Processing file /home/beatriz/Documentos/airflow/airflow_venv/lib/python3.10/site-packages/airflow/example_dags/example_short_circuit_decorator.py for tasks to queue
[2024-10-15T15:09:19.412-0300] {logging_mixin.py:137} INFO - [2024-10-15T15:09:19.411-0300] {dagbag.py:532} INFO - Filling up the DagBag from /home/beatriz/Documentos/airflow/airflow_venv/lib/python3.10/site-packages/airflow/example_dags/example_short_circuit_decorator.py
[2024-10-15T15:09:19.446-0300] {processor.py:753} INFO - DAG(s) dict_keys(['example_short_circuit_decorator']) retrieved from /home/beatriz/Documentos/airflow/airflow_venv/lib/python3.10/site-packages/airflow/example_dags/example_short_circuit_decorator.py
[2024-10-15T15:09:19.463-0300] {logging_mixin.py:137} INFO - [2024-10-15T15:09:19.463-0300] {dag.py:2705} INFO - Sync 1 DAGs
[2024-10-15T15:09:19.478-0300] {logging_mixin.py:137} INFO - [2024-10-15T15:09:19.478-0300] {dag.py:3452} INFO - Setting next_dagrun for example_short_circuit_decorator to 2024-10-14T18:09:19.478093+00:00, run_after=2024-10-15T18:09:19.478093+00:00
[2024-10-15T15:09:19.496-0300] {processor.py:175} INFO - Processing /home/beatriz/Documentos/airflow/airflow_venv/lib/python3.10/site-packages/airflow/example_dags/example_short_circuit_decorator.py took 0.093 seconds
[2024-10-15T15:10:02.388-0300] {processor.py:153} INFO - Started process (PID=39648) to work on /home/beatriz/Documentos/airflow/airflow_venv/lib/python3.10/site-packages/airflow/example_dags/example_short_circuit_decorator.py
[2024-10-15T15:10:02.391-0300] {processor.py:743} INFO - Processing file /home/beatriz/Documentos/airflow/airflow_venv/lib/python3.10/site-packages/airflow/example_dags/example_short_circuit_decorator.py for tasks to queue
[2024-10-15T15:10:02.393-0300] {logging_mixin.py:137} INFO - [2024-10-15T15:10:02.393-0300] {dagbag.py:532} INFO - Filling up the DagBag from /home/beatriz/Documentos/airflow/airflow_venv/lib/python3.10/site-packages/airflow/example_dags/example_short_circuit_decorator.py
[2024-10-15T15:10:02.429-0300] {processor.py:753} INFO - DAG(s) dict_keys(['example_short_circuit_decorator']) retrieved from /home/beatriz/Documentos/airflow/airflow_venv/lib/python3.10/site-packages/airflow/example_dags/example_short_circuit_decorator.py
[2024-10-15T15:10:02.445-0300] {logging_mixin.py:137} INFO - [2024-10-15T15:10:02.445-0300] {dag.py:2705} INFO - Sync 1 DAGs
[2024-10-15T15:10:02.460-0300] {logging_mixin.py:137} INFO - [2024-10-15T15:10:02.460-0300] {dag.py:3452} INFO - Setting next_dagrun for example_short_circuit_decorator to 2024-10-14T18:10:02.460648+00:00, run_after=2024-10-15T18:10:02.460648+00:00
[2024-10-15T15:10:02.479-0300] {processor.py:175} INFO - Processing /home/beatriz/Documentos/airflow/airflow_venv/lib/python3.10/site-packages/airflow/example_dags/example_short_circuit_decorator.py took 0.096 seconds
[2024-10-15T15:35:28.195-0300] {processor.py:161} INFO - Started process (PID=41893) to work on /home/beatriz/Documentos/airflow/airflow_venv/lib/python3.10/site-packages/airflow/example_dags/example_short_circuit_decorator.py
[2024-10-15T15:35:28.198-0300] {processor.py:830} INFO - Processing file /home/beatriz/Documentos/airflow/airflow_venv/lib/python3.10/site-packages/airflow/example_dags/example_short_circuit_decorator.py for tasks to queue
[2024-10-15T15:35:28.202-0300] {logging_mixin.py:188} INFO - [2024-10-15T15:35:28.201-0300] {dagbag.py:540} INFO - Filling up the DagBag from /home/beatriz/Documentos/airflow/airflow_venv/lib/python3.10/site-packages/airflow/example_dags/example_short_circuit_decorator.py
[2024-10-15T15:35:28.218-0300] {processor.py:840} INFO - DAG(s) 'example_short_circuit_decorator' retrieved from /home/beatriz/Documentos/airflow/airflow_venv/lib/python3.10/site-packages/airflow/example_dags/example_short_circuit_decorator.py
[2024-10-15T15:35:28.226-0300] {logging_mixin.py:188} INFO - [2024-10-15T15:35:28.226-0300] {dag.py:3096} INFO - Sync 1 DAGs
[2024-10-15T15:35:28.244-0300] {logging_mixin.py:188} INFO - [2024-10-15T15:35:28.244-0300] {dag.py:3954} INFO - Setting next_dagrun for example_short_circuit_decorator to 2024-10-14 00:00:00+00:00, run_after=2024-10-15 00:00:00+00:00
[2024-10-15T15:35:28.262-0300] {processor.py:183} INFO - Processing /home/beatriz/Documentos/airflow/airflow_venv/lib/python3.10/site-packages/airflow/example_dags/example_short_circuit_decorator.py took 0.078 seconds
[2024-10-15T15:36:22.834-0300] {processor.py:161} INFO - Started process (PID=42471) to work on /home/beatriz/Documentos/airflow/airflow_venv/lib/python3.10/site-packages/airflow/example_dags/example_short_circuit_decorator.py
[2024-10-15T15:36:22.836-0300] {processor.py:830} INFO - Processing file /home/beatriz/Documentos/airflow/airflow_venv/lib/python3.10/site-packages/airflow/example_dags/example_short_circuit_decorator.py for tasks to queue
[2024-10-15T15:36:22.839-0300] {logging_mixin.py:188} INFO - [2024-10-15T15:36:22.838-0300] {dagbag.py:540} INFO - Filling up the DagBag from /home/beatriz/Documentos/airflow/airflow_venv/lib/python3.10/site-packages/airflow/example_dags/example_short_circuit_decorator.py
[2024-10-15T15:36:22.852-0300] {processor.py:840} INFO - DAG(s) 'example_short_circuit_decorator' retrieved from /home/beatriz/Documentos/airflow/airflow_venv/lib/python3.10/site-packages/airflow/example_dags/example_short_circuit_decorator.py
[2024-10-15T15:36:22.933-0300] {logging_mixin.py:188} INFO - [2024-10-15T15:36:22.933-0300] {dag.py:3096} INFO - Sync 1 DAGs
[2024-10-15T15:36:23.030-0300] {logging_mixin.py:188} INFO - [2024-10-15T15:36:23.029-0300] {dag.py:3954} INFO - Setting next_dagrun for example_short_circuit_decorator to 2024-10-14 00:00:00+00:00, run_after=2024-10-15 00:00:00+00:00
[2024-10-15T15:36:23.053-0300] {processor.py:183} INFO - Processing /home/beatriz/Documentos/airflow/airflow_venv/lib/python3.10/site-packages/airflow/example_dags/example_short_circuit_decorator.py took 0.229 seconds
[2024-10-15T15:37:13.289-0300] {processor.py:161} INFO - Started process (PID=42804) to work on /home/beatriz/Documentos/airflow/airflow_venv/lib/python3.10/site-packages/airflow/example_dags/example_short_circuit_decorator.py
[2024-10-15T15:37:13.290-0300] {processor.py:830} INFO - Processing file /home/beatriz/Documentos/airflow/airflow_venv/lib/python3.10/site-packages/airflow/example_dags/example_short_circuit_decorator.py for tasks to queue
[2024-10-15T15:37:13.292-0300] {logging_mixin.py:188} INFO - [2024-10-15T15:37:13.292-0300] {dagbag.py:540} INFO - Filling up the DagBag from /home/beatriz/Documentos/airflow/airflow_venv/lib/python3.10/site-packages/airflow/example_dags/example_short_circuit_decorator.py
[2024-10-15T15:37:13.300-0300] {processor.py:840} INFO - DAG(s) 'example_short_circuit_decorator' retrieved from /home/beatriz/Documentos/airflow/airflow_venv/lib/python3.10/site-packages/airflow/example_dags/example_short_circuit_decorator.py
[2024-10-15T15:37:13.315-0300] {logging_mixin.py:188} INFO - [2024-10-15T15:37:13.315-0300] {dag.py:3096} INFO - Sync 1 DAGs
[2024-10-15T15:37:13.330-0300] {logging_mixin.py:188} INFO - [2024-10-15T15:37:13.330-0300] {dag.py:3954} INFO - Setting next_dagrun for example_short_circuit_decorator to 2024-10-14 00:00:00+00:00, run_after=2024-10-15 00:00:00+00:00
[2024-10-15T15:37:13.349-0300] {processor.py:183} INFO - Processing /home/beatriz/Documentos/airflow/airflow_venv/lib/python3.10/site-packages/airflow/example_dags/example_short_circuit_decorator.py took 0.064 seconds
[2024-10-15T15:38:07.935-0300] {processor.py:161} INFO - Started process (PID=43251) to work on /home/beatriz/Documentos/airflow/airflow_venv/lib/python3.10/site-packages/airflow/example_dags/example_short_circuit_decorator.py
[2024-10-15T15:38:07.937-0300] {processor.py:830} INFO - Processing file /home/beatriz/Documentos/airflow/airflow_venv/lib/python3.10/site-packages/airflow/example_dags/example_short_circuit_decorator.py for tasks to queue
[2024-10-15T15:38:07.940-0300] {logging_mixin.py:188} INFO - [2024-10-15T15:38:07.939-0300] {dagbag.py:540} INFO - Filling up the DagBag from /home/beatriz/Documentos/airflow/airflow_venv/lib/python3.10/site-packages/airflow/example_dags/example_short_circuit_decorator.py
[2024-10-15T15:38:07.952-0300] {processor.py:840} INFO - DAG(s) 'example_short_circuit_decorator' retrieved from /home/beatriz/Documentos/airflow/airflow_venv/lib/python3.10/site-packages/airflow/example_dags/example_short_circuit_decorator.py
[2024-10-15T15:38:07.968-0300] {logging_mixin.py:188} INFO - [2024-10-15T15:38:07.968-0300] {dag.py:3096} INFO - Sync 1 DAGs
[2024-10-15T15:38:08.061-0300] {logging_mixin.py:188} INFO - [2024-10-15T15:38:08.061-0300] {dag.py:3954} INFO - Setting next_dagrun for example_short_circuit_decorator to 2024-10-14 00:00:00+00:00, run_after=2024-10-15 00:00:00+00:00
[2024-10-15T15:38:08.080-0300] {processor.py:183} INFO - Processing /home/beatriz/Documentos/airflow/airflow_venv/lib/python3.10/site-packages/airflow/example_dags/example_short_circuit_decorator.py took 0.156 seconds
[2024-10-15T15:38:56.014-0300] {processor.py:161} INFO - Started process (PID=43697) to work on /home/beatriz/Documentos/airflow/airflow_venv/lib/python3.10/site-packages/airflow/example_dags/example_short_circuit_decorator.py
[2024-10-15T15:38:56.017-0300] {processor.py:830} INFO - Processing file /home/beatriz/Documentos/airflow/airflow_venv/lib/python3.10/site-packages/airflow/example_dags/example_short_circuit_decorator.py for tasks to queue
[2024-10-15T15:38:56.019-0300] {logging_mixin.py:188} INFO - [2024-10-15T15:38:56.019-0300] {dagbag.py:540} INFO - Filling up the DagBag from /home/beatriz/Documentos/airflow/airflow_venv/lib/python3.10/site-packages/airflow/example_dags/example_short_circuit_decorator.py
[2024-10-15T15:38:56.029-0300] {processor.py:840} INFO - DAG(s) 'example_short_circuit_decorator' retrieved from /home/beatriz/Documentos/airflow/airflow_venv/lib/python3.10/site-packages/airflow/example_dags/example_short_circuit_decorator.py
[2024-10-15T15:38:56.045-0300] {logging_mixin.py:188} INFO - [2024-10-15T15:38:56.045-0300] {dag.py:3096} INFO - Sync 1 DAGs
[2024-10-15T15:38:56.061-0300] {logging_mixin.py:188} INFO - [2024-10-15T15:38:56.061-0300] {dag.py:3954} INFO - Setting next_dagrun for example_short_circuit_decorator to 2024-10-14 00:00:00+00:00, run_after=2024-10-15 00:00:00+00:00
[2024-10-15T15:38:56.080-0300] {processor.py:183} INFO - Processing /home/beatriz/Documentos/airflow/airflow_venv/lib/python3.10/site-packages/airflow/example_dags/example_short_circuit_decorator.py took 0.077 seconds
[2024-10-15T15:39:42.608-0300] {processor.py:161} INFO - Started process (PID=44070) to work on /home/beatriz/Documentos/airflow/airflow_venv/lib/python3.10/site-packages/airflow/example_dags/example_short_circuit_decorator.py
[2024-10-15T15:39:42.611-0300] {processor.py:830} INFO - Processing file /home/beatriz/Documentos/airflow/airflow_venv/lib/python3.10/site-packages/airflow/example_dags/example_short_circuit_decorator.py for tasks to queue
[2024-10-15T15:39:42.612-0300] {logging_mixin.py:188} INFO - [2024-10-15T15:39:42.612-0300] {dagbag.py:540} INFO - Filling up the DagBag from /home/beatriz/Documentos/airflow/airflow_venv/lib/python3.10/site-packages/airflow/example_dags/example_short_circuit_decorator.py
[2024-10-15T15:39:42.619-0300] {processor.py:840} INFO - DAG(s) 'example_short_circuit_decorator' retrieved from /home/beatriz/Documentos/airflow/airflow_venv/lib/python3.10/site-packages/airflow/example_dags/example_short_circuit_decorator.py
[2024-10-15T15:39:42.633-0300] {logging_mixin.py:188} INFO - [2024-10-15T15:39:42.633-0300] {dag.py:3096} INFO - Sync 1 DAGs
[2024-10-15T15:39:42.648-0300] {logging_mixin.py:188} INFO - [2024-10-15T15:39:42.647-0300] {dag.py:3954} INFO - Setting next_dagrun for example_short_circuit_decorator to 2024-10-14 00:00:00+00:00, run_after=2024-10-15 00:00:00+00:00
[2024-10-15T15:39:42.665-0300] {processor.py:183} INFO - Processing /home/beatriz/Documentos/airflow/airflow_venv/lib/python3.10/site-packages/airflow/example_dags/example_short_circuit_decorator.py took 0.061 seconds
[2024-10-15T15:40:30.904-0300] {processor.py:161} INFO - Started process (PID=44419) to work on /home/beatriz/Documentos/airflow/airflow_venv/lib/python3.10/site-packages/airflow/example_dags/example_short_circuit_decorator.py
[2024-10-15T15:40:30.907-0300] {processor.py:830} INFO - Processing file /home/beatriz/Documentos/airflow/airflow_venv/lib/python3.10/site-packages/airflow/example_dags/example_short_circuit_decorator.py for tasks to queue
[2024-10-15T15:40:30.910-0300] {logging_mixin.py:188} INFO - [2024-10-15T15:40:30.909-0300] {dagbag.py:540} INFO - Filling up the DagBag from /home/beatriz/Documentos/airflow/airflow_venv/lib/python3.10/site-packages/airflow/example_dags/example_short_circuit_decorator.py
[2024-10-15T15:40:30.926-0300] {processor.py:840} INFO - DAG(s) 'example_short_circuit_decorator' retrieved from /home/beatriz/Documentos/airflow/airflow_venv/lib/python3.10/site-packages/airflow/example_dags/example_short_circuit_decorator.py
[2024-10-15T15:40:30.943-0300] {logging_mixin.py:188} INFO - [2024-10-15T15:40:30.943-0300] {dag.py:3096} INFO - Sync 1 DAGs
[2024-10-15T15:40:30.958-0300] {logging_mixin.py:188} INFO - [2024-10-15T15:40:30.958-0300] {dag.py:3954} INFO - Setting next_dagrun for example_short_circuit_decorator to 2024-10-14 00:00:00+00:00, run_after=2024-10-15 00:00:00+00:00
[2024-10-15T15:40:30.983-0300] {processor.py:183} INFO - Processing /home/beatriz/Documentos/airflow/airflow_venv/lib/python3.10/site-packages/airflow/example_dags/example_short_circuit_decorator.py took 0.089 seconds
