[2024-10-15T14:14:50.446-0300] {processor.py:153} INFO - Started process (PID=26561) to work on /home/beatriz/Documentos/airflow/airflow_venv/lib/python3.10/site-packages/airflow/example_dags/example_sensor_decorator.py
[2024-10-15T14:14:50.447-0300] {processor.py:743} INFO - Processing file /home/beatriz/Documentos/airflow/airflow_venv/lib/python3.10/site-packages/airflow/example_dags/example_sensor_decorator.py for tasks to queue
[2024-10-15T14:14:50.449-0300] {logging_mixin.py:137} INFO - [2024-10-15T14:14:50.448-0300] {dagbag.py:532} INFO - Filling up the DagBag from /home/beatriz/Documentos/airflow/airflow_venv/lib/python3.10/site-packages/airflow/example_dags/example_sensor_decorator.py
[2024-10-15T14:14:50.483-0300] {processor.py:753} INFO - DAG(s) dict_keys(['example_sensor_decorator']) retrieved from /home/beatriz/Documentos/airflow/airflow_venv/lib/python3.10/site-packages/airflow/example_dags/example_sensor_decorator.py
[2024-10-15T14:14:50.567-0300] {logging_mixin.py:137} INFO - [2024-10-15T14:14:50.567-0300] {manager.py:504} INFO - Created Permission View: can edit on DAG:example_sensor_decorator
[2024-10-15T14:14:50.584-0300] {logging_mixin.py:137} INFO - [2024-10-15T14:14:50.584-0300] {manager.py:504} INFO - Created Permission View: can delete on DAG:example_sensor_decorator
[2024-10-15T14:14:50.596-0300] {logging_mixin.py:137} INFO - [2024-10-15T14:14:50.596-0300] {manager.py:504} INFO - Created Permission View: can read on DAG:example_sensor_decorator
[2024-10-15T14:14:50.596-0300] {logging_mixin.py:137} INFO - [2024-10-15T14:14:50.596-0300] {dag.py:2705} INFO - Sync 1 DAGs
[2024-10-15T14:14:50.611-0300] {logging_mixin.py:137} INFO - [2024-10-15T14:14:50.611-0300] {dag.py:2726} INFO - Creating ORM DAG for example_sensor_decorator
[2024-10-15T14:14:50.619-0300] {logging_mixin.py:137} INFO - [2024-10-15T14:14:50.619-0300] {dag.py:3452} INFO - Setting next_dagrun for example_sensor_decorator to None, run_after=None
[2024-10-15T14:14:50.637-0300] {processor.py:175} INFO - Processing /home/beatriz/Documentos/airflow/airflow_venv/lib/python3.10/site-packages/airflow/example_dags/example_sensor_decorator.py took 0.198 seconds
[2024-10-15T14:15:37.328-0300] {processor.py:153} INFO - Started process (PID=26656) to work on /home/beatriz/Documentos/airflow/airflow_venv/lib/python3.10/site-packages/airflow/example_dags/example_sensor_decorator.py
[2024-10-15T14:15:37.330-0300] {processor.py:743} INFO - Processing file /home/beatriz/Documentos/airflow/airflow_venv/lib/python3.10/site-packages/airflow/example_dags/example_sensor_decorator.py for tasks to queue
[2024-10-15T14:15:37.331-0300] {logging_mixin.py:137} INFO - [2024-10-15T14:15:37.330-0300] {dagbag.py:532} INFO - Filling up the DagBag from /home/beatriz/Documentos/airflow/airflow_venv/lib/python3.10/site-packages/airflow/example_dags/example_sensor_decorator.py
[2024-10-15T14:15:37.360-0300] {processor.py:753} INFO - DAG(s) dict_keys(['example_sensor_decorator']) retrieved from /home/beatriz/Documentos/airflow/airflow_venv/lib/python3.10/site-packages/airflow/example_dags/example_sensor_decorator.py
[2024-10-15T14:15:37.365-0300] {logging_mixin.py:137} INFO - [2024-10-15T14:15:37.365-0300] {dag.py:2705} INFO - Sync 1 DAGs
[2024-10-15T14:15:37.380-0300] {logging_mixin.py:137} INFO - [2024-10-15T14:15:37.380-0300] {dag.py:3452} INFO - Setting next_dagrun for example_sensor_decorator to None, run_after=None
[2024-10-15T14:15:37.398-0300] {processor.py:175} INFO - Processing /home/beatriz/Documentos/airflow/airflow_venv/lib/python3.10/site-packages/airflow/example_dags/example_sensor_decorator.py took 0.074 seconds
[2024-10-15T14:16:19.845-0300] {processor.py:153} INFO - Started process (PID=26853) to work on /home/beatriz/Documentos/airflow/airflow_venv/lib/python3.10/site-packages/airflow/example_dags/example_sensor_decorator.py
[2024-10-15T14:16:19.847-0300] {processor.py:743} INFO - Processing file /home/beatriz/Documentos/airflow/airflow_venv/lib/python3.10/site-packages/airflow/example_dags/example_sensor_decorator.py for tasks to queue
[2024-10-15T14:16:19.848-0300] {logging_mixin.py:137} INFO - [2024-10-15T14:16:19.848-0300] {dagbag.py:532} INFO - Filling up the DagBag from /home/beatriz/Documentos/airflow/airflow_venv/lib/python3.10/site-packages/airflow/example_dags/example_sensor_decorator.py
[2024-10-15T14:16:19.866-0300] {processor.py:753} INFO - DAG(s) dict_keys(['example_sensor_decorator']) retrieved from /home/beatriz/Documentos/airflow/airflow_venv/lib/python3.10/site-packages/airflow/example_dags/example_sensor_decorator.py
[2024-10-15T14:16:19.879-0300] {logging_mixin.py:137} INFO - [2024-10-15T14:16:19.879-0300] {dag.py:2705} INFO - Sync 1 DAGs
[2024-10-15T14:16:19.893-0300] {logging_mixin.py:137} INFO - [2024-10-15T14:16:19.893-0300] {dag.py:3452} INFO - Setting next_dagrun for example_sensor_decorator to None, run_after=None
[2024-10-15T14:16:19.911-0300] {processor.py:175} INFO - Processing /home/beatriz/Documentos/airflow/airflow_venv/lib/python3.10/site-packages/airflow/example_dags/example_sensor_decorator.py took 0.068 seconds
[2024-10-15T14:18:06.413-0300] {processor.py:153} INFO - Started process (PID=27089) to work on /home/beatriz/Documentos/airflow/airflow_venv/lib/python3.10/site-packages/airflow/example_dags/example_sensor_decorator.py
[2024-10-15T14:18:06.415-0300] {processor.py:743} INFO - Processing file /home/beatriz/Documentos/airflow/airflow_venv/lib/python3.10/site-packages/airflow/example_dags/example_sensor_decorator.py for tasks to queue
[2024-10-15T14:18:06.417-0300] {logging_mixin.py:137} INFO - [2024-10-15T14:18:06.416-0300] {dagbag.py:532} INFO - Filling up the DagBag from /home/beatriz/Documentos/airflow/airflow_venv/lib/python3.10/site-packages/airflow/example_dags/example_sensor_decorator.py
[2024-10-15T14:18:06.447-0300] {processor.py:753} INFO - DAG(s) dict_keys(['example_sensor_decorator']) retrieved from /home/beatriz/Documentos/airflow/airflow_venv/lib/python3.10/site-packages/airflow/example_dags/example_sensor_decorator.py
[2024-10-15T14:18:06.454-0300] {logging_mixin.py:137} INFO - [2024-10-15T14:18:06.454-0300] {dag.py:2705} INFO - Sync 1 DAGs
[2024-10-15T14:18:06.471-0300] {logging_mixin.py:137} INFO - [2024-10-15T14:18:06.471-0300] {dag.py:3452} INFO - Setting next_dagrun for example_sensor_decorator to None, run_after=None
[2024-10-15T14:18:06.491-0300] {processor.py:175} INFO - Processing /home/beatriz/Documentos/airflow/airflow_venv/lib/python3.10/site-packages/airflow/example_dags/example_sensor_decorator.py took 0.083 seconds
[2024-10-15T14:18:49.558-0300] {processor.py:153} INFO - Started process (PID=27245) to work on /home/beatriz/Documentos/airflow/airflow_venv/lib/python3.10/site-packages/airflow/example_dags/example_sensor_decorator.py
[2024-10-15T14:18:49.561-0300] {processor.py:743} INFO - Processing file /home/beatriz/Documentos/airflow/airflow_venv/lib/python3.10/site-packages/airflow/example_dags/example_sensor_decorator.py for tasks to queue
[2024-10-15T14:18:49.563-0300] {logging_mixin.py:137} INFO - [2024-10-15T14:18:49.562-0300] {dagbag.py:532} INFO - Filling up the DagBag from /home/beatriz/Documentos/airflow/airflow_venv/lib/python3.10/site-packages/airflow/example_dags/example_sensor_decorator.py
[2024-10-15T14:18:49.598-0300] {processor.py:753} INFO - DAG(s) dict_keys(['example_sensor_decorator']) retrieved from /home/beatriz/Documentos/airflow/airflow_venv/lib/python3.10/site-packages/airflow/example_dags/example_sensor_decorator.py
[2024-10-15T14:18:49.611-0300] {logging_mixin.py:137} INFO - [2024-10-15T14:18:49.611-0300] {dag.py:2705} INFO - Sync 1 DAGs
[2024-10-15T14:18:49.626-0300] {logging_mixin.py:137} INFO - [2024-10-15T14:18:49.626-0300] {dag.py:3452} INFO - Setting next_dagrun for example_sensor_decorator to None, run_after=None
[2024-10-15T14:18:49.643-0300] {processor.py:175} INFO - Processing /home/beatriz/Documentos/airflow/airflow_venv/lib/python3.10/site-packages/airflow/example_dags/example_sensor_decorator.py took 0.090 seconds
[2024-10-15T14:50:59.188-0300] {processor.py:153} INFO - Started process (PID=34409) to work on /home/beatriz/Documentos/airflow/airflow_venv/lib/python3.10/site-packages/airflow/example_dags/example_sensor_decorator.py
[2024-10-15T14:50:59.191-0300] {processor.py:743} INFO - Processing file /home/beatriz/Documentos/airflow/airflow_venv/lib/python3.10/site-packages/airflow/example_dags/example_sensor_decorator.py for tasks to queue
[2024-10-15T14:50:59.193-0300] {logging_mixin.py:137} INFO - [2024-10-15T14:50:59.192-0300] {dagbag.py:532} INFO - Filling up the DagBag from /home/beatriz/Documentos/airflow/airflow_venv/lib/python3.10/site-packages/airflow/example_dags/example_sensor_decorator.py
[2024-10-15T14:50:59.236-0300] {processor.py:753} INFO - DAG(s) dict_keys(['example_sensor_decorator']) retrieved from /home/beatriz/Documentos/airflow/airflow_venv/lib/python3.10/site-packages/airflow/example_dags/example_sensor_decorator.py
[2024-10-15T14:50:59.249-0300] {logging_mixin.py:137} INFO - [2024-10-15T14:50:59.248-0300] {dag.py:2705} INFO - Sync 1 DAGs
[2024-10-15T14:50:59.288-0300] {logging_mixin.py:137} INFO - [2024-10-15T14:50:59.288-0300] {dag.py:3452} INFO - Setting next_dagrun for example_sensor_decorator to None, run_after=None
[2024-10-15T14:50:59.324-0300] {processor.py:175} INFO - Processing /home/beatriz/Documentos/airflow/airflow_venv/lib/python3.10/site-packages/airflow/example_dags/example_sensor_decorator.py took 0.142 seconds
[2024-10-15T14:51:43.439-0300] {processor.py:153} INFO - Started process (PID=34645) to work on /home/beatriz/Documentos/airflow/airflow_venv/lib/python3.10/site-packages/airflow/example_dags/example_sensor_decorator.py
[2024-10-15T14:51:43.440-0300] {processor.py:743} INFO - Processing file /home/beatriz/Documentos/airflow/airflow_venv/lib/python3.10/site-packages/airflow/example_dags/example_sensor_decorator.py for tasks to queue
[2024-10-15T14:51:43.441-0300] {logging_mixin.py:137} INFO - [2024-10-15T14:51:43.441-0300] {dagbag.py:532} INFO - Filling up the DagBag from /home/beatriz/Documentos/airflow/airflow_venv/lib/python3.10/site-packages/airflow/example_dags/example_sensor_decorator.py
[2024-10-15T14:51:43.472-0300] {processor.py:753} INFO - DAG(s) dict_keys(['example_sensor_decorator']) retrieved from /home/beatriz/Documentos/airflow/airflow_venv/lib/python3.10/site-packages/airflow/example_dags/example_sensor_decorator.py
[2024-10-15T14:51:43.486-0300] {logging_mixin.py:137} INFO - [2024-10-15T14:51:43.485-0300] {dag.py:2705} INFO - Sync 1 DAGs
[2024-10-15T14:51:43.502-0300] {logging_mixin.py:137} INFO - [2024-10-15T14:51:43.501-0300] {dag.py:3452} INFO - Setting next_dagrun for example_sensor_decorator to None, run_after=None
[2024-10-15T14:51:43.519-0300] {processor.py:175} INFO - Processing /home/beatriz/Documentos/airflow/airflow_venv/lib/python3.10/site-packages/airflow/example_dags/example_sensor_decorator.py took 0.082 seconds
[2024-10-15T14:52:29.030-0300] {processor.py:153} INFO - Started process (PID=34815) to work on /home/beatriz/Documentos/airflow/airflow_venv/lib/python3.10/site-packages/airflow/example_dags/example_sensor_decorator.py
[2024-10-15T14:52:29.032-0300] {processor.py:743} INFO - Processing file /home/beatriz/Documentos/airflow/airflow_venv/lib/python3.10/site-packages/airflow/example_dags/example_sensor_decorator.py for tasks to queue
[2024-10-15T14:52:29.033-0300] {logging_mixin.py:137} INFO - [2024-10-15T14:52:29.033-0300] {dagbag.py:532} INFO - Filling up the DagBag from /home/beatriz/Documentos/airflow/airflow_venv/lib/python3.10/site-packages/airflow/example_dags/example_sensor_decorator.py
[2024-10-15T14:52:29.058-0300] {processor.py:753} INFO - DAG(s) dict_keys(['example_sensor_decorator']) retrieved from /home/beatriz/Documentos/airflow/airflow_venv/lib/python3.10/site-packages/airflow/example_dags/example_sensor_decorator.py
[2024-10-15T14:52:29.074-0300] {logging_mixin.py:137} INFO - [2024-10-15T14:52:29.074-0300] {dag.py:2705} INFO - Sync 1 DAGs
[2024-10-15T14:52:29.089-0300] {logging_mixin.py:137} INFO - [2024-10-15T14:52:29.089-0300] {dag.py:3452} INFO - Setting next_dagrun for example_sensor_decorator to None, run_after=None
[2024-10-15T14:52:29.113-0300] {processor.py:175} INFO - Processing /home/beatriz/Documentos/airflow/airflow_venv/lib/python3.10/site-packages/airflow/example_dags/example_sensor_decorator.py took 0.088 seconds
[2024-10-15T14:53:16.560-0300] {processor.py:153} INFO - Started process (PID=35160) to work on /home/beatriz/Documentos/airflow/airflow_venv/lib/python3.10/site-packages/airflow/example_dags/example_sensor_decorator.py
[2024-10-15T14:53:16.561-0300] {processor.py:743} INFO - Processing file /home/beatriz/Documentos/airflow/airflow_venv/lib/python3.10/site-packages/airflow/example_dags/example_sensor_decorator.py for tasks to queue
[2024-10-15T14:53:16.563-0300] {logging_mixin.py:137} INFO - [2024-10-15T14:53:16.563-0300] {dagbag.py:532} INFO - Filling up the DagBag from /home/beatriz/Documentos/airflow/airflow_venv/lib/python3.10/site-packages/airflow/example_dags/example_sensor_decorator.py
[2024-10-15T14:53:16.598-0300] {processor.py:753} INFO - DAG(s) dict_keys(['example_sensor_decorator']) retrieved from /home/beatriz/Documentos/airflow/airflow_venv/lib/python3.10/site-packages/airflow/example_dags/example_sensor_decorator.py
[2024-10-15T14:53:16.612-0300] {logging_mixin.py:137} INFO - [2024-10-15T14:53:16.612-0300] {dag.py:2705} INFO - Sync 1 DAGs
[2024-10-15T14:53:16.630-0300] {logging_mixin.py:137} INFO - [2024-10-15T14:53:16.630-0300] {dag.py:3452} INFO - Setting next_dagrun for example_sensor_decorator to None, run_after=None
[2024-10-15T14:53:16.747-0300] {processor.py:175} INFO - Processing /home/beatriz/Documentos/airflow/airflow_venv/lib/python3.10/site-packages/airflow/example_dags/example_sensor_decorator.py took 0.192 seconds
[2024-10-15T14:54:09.061-0300] {processor.py:153} INFO - Started process (PID=35449) to work on /home/beatriz/Documentos/airflow/airflow_venv/lib/python3.10/site-packages/airflow/example_dags/example_sensor_decorator.py
[2024-10-15T14:54:09.065-0300] {processor.py:743} INFO - Processing file /home/beatriz/Documentos/airflow/airflow_venv/lib/python3.10/site-packages/airflow/example_dags/example_sensor_decorator.py for tasks to queue
[2024-10-15T14:54:09.066-0300] {logging_mixin.py:137} INFO - [2024-10-15T14:54:09.066-0300] {dagbag.py:532} INFO - Filling up the DagBag from /home/beatriz/Documentos/airflow/airflow_venv/lib/python3.10/site-packages/airflow/example_dags/example_sensor_decorator.py
[2024-10-15T14:54:09.098-0300] {processor.py:753} INFO - DAG(s) dict_keys(['example_sensor_decorator']) retrieved from /home/beatriz/Documentos/airflow/airflow_venv/lib/python3.10/site-packages/airflow/example_dags/example_sensor_decorator.py
[2024-10-15T14:54:09.113-0300] {logging_mixin.py:137} INFO - [2024-10-15T14:54:09.113-0300] {dag.py:2705} INFO - Sync 1 DAGs
[2024-10-15T14:54:09.225-0300] {logging_mixin.py:137} INFO - [2024-10-15T14:54:09.224-0300] {dag.py:3452} INFO - Setting next_dagrun for example_sensor_decorator to None, run_after=None
[2024-10-15T14:54:09.255-0300] {processor.py:175} INFO - Processing /home/beatriz/Documentos/airflow/airflow_venv/lib/python3.10/site-packages/airflow/example_dags/example_sensor_decorator.py took 0.200 seconds
[2024-10-15T14:55:02.812-0300] {processor.py:153} INFO - Started process (PID=35552) to work on /home/beatriz/Documentos/airflow/airflow_venv/lib/python3.10/site-packages/airflow/example_dags/example_sensor_decorator.py
[2024-10-15T14:55:02.815-0300] {processor.py:743} INFO - Processing file /home/beatriz/Documentos/airflow/airflow_venv/lib/python3.10/site-packages/airflow/example_dags/example_sensor_decorator.py for tasks to queue
[2024-10-15T14:55:02.816-0300] {logging_mixin.py:137} INFO - [2024-10-15T14:55:02.815-0300] {dagbag.py:532} INFO - Filling up the DagBag from /home/beatriz/Documentos/airflow/airflow_venv/lib/python3.10/site-packages/airflow/example_dags/example_sensor_decorator.py
[2024-10-15T14:55:02.837-0300] {processor.py:753} INFO - DAG(s) dict_keys(['example_sensor_decorator']) retrieved from /home/beatriz/Documentos/airflow/airflow_venv/lib/python3.10/site-packages/airflow/example_dags/example_sensor_decorator.py
[2024-10-15T14:55:02.853-0300] {logging_mixin.py:137} INFO - [2024-10-15T14:55:02.853-0300] {dag.py:2705} INFO - Sync 1 DAGs
[2024-10-15T14:55:02.973-0300] {logging_mixin.py:137} INFO - [2024-10-15T14:55:02.973-0300] {dag.py:3452} INFO - Setting next_dagrun for example_sensor_decorator to None, run_after=None
[2024-10-15T14:55:03.002-0300] {processor.py:175} INFO - Processing /home/beatriz/Documentos/airflow/airflow_venv/lib/python3.10/site-packages/airflow/example_dags/example_sensor_decorator.py took 0.192 seconds
[2024-10-15T14:55:56.419-0300] {processor.py:153} INFO - Started process (PID=35692) to work on /home/beatriz/Documentos/airflow/airflow_venv/lib/python3.10/site-packages/airflow/example_dags/example_sensor_decorator.py
[2024-10-15T14:55:56.422-0300] {processor.py:743} INFO - Processing file /home/beatriz/Documentos/airflow/airflow_venv/lib/python3.10/site-packages/airflow/example_dags/example_sensor_decorator.py for tasks to queue
[2024-10-15T14:55:56.423-0300] {logging_mixin.py:137} INFO - [2024-10-15T14:55:56.423-0300] {dagbag.py:532} INFO - Filling up the DagBag from /home/beatriz/Documentos/airflow/airflow_venv/lib/python3.10/site-packages/airflow/example_dags/example_sensor_decorator.py
[2024-10-15T14:55:56.456-0300] {processor.py:753} INFO - DAG(s) dict_keys(['example_sensor_decorator']) retrieved from /home/beatriz/Documentos/airflow/airflow_venv/lib/python3.10/site-packages/airflow/example_dags/example_sensor_decorator.py
[2024-10-15T14:55:56.564-0300] {logging_mixin.py:137} INFO - [2024-10-15T14:55:56.564-0300] {dag.py:2705} INFO - Sync 1 DAGs
[2024-10-15T14:55:56.584-0300] {logging_mixin.py:137} INFO - [2024-10-15T14:55:56.584-0300] {dag.py:3452} INFO - Setting next_dagrun for example_sensor_decorator to None, run_after=None
[2024-10-15T14:55:56.603-0300] {processor.py:175} INFO - Processing /home/beatriz/Documentos/airflow/airflow_venv/lib/python3.10/site-packages/airflow/example_dags/example_sensor_decorator.py took 0.192 seconds
[2024-10-15T14:56:45.621-0300] {processor.py:153} INFO - Started process (PID=35806) to work on /home/beatriz/Documentos/airflow/airflow_venv/lib/python3.10/site-packages/airflow/example_dags/example_sensor_decorator.py
[2024-10-15T14:56:45.624-0300] {processor.py:743} INFO - Processing file /home/beatriz/Documentos/airflow/airflow_venv/lib/python3.10/site-packages/airflow/example_dags/example_sensor_decorator.py for tasks to queue
[2024-10-15T14:56:45.626-0300] {logging_mixin.py:137} INFO - [2024-10-15T14:56:45.625-0300] {dagbag.py:532} INFO - Filling up the DagBag from /home/beatriz/Documentos/airflow/airflow_venv/lib/python3.10/site-packages/airflow/example_dags/example_sensor_decorator.py
[2024-10-15T14:56:45.738-0300] {processor.py:753} INFO - DAG(s) dict_keys(['example_sensor_decorator']) retrieved from /home/beatriz/Documentos/airflow/airflow_venv/lib/python3.10/site-packages/airflow/example_dags/example_sensor_decorator.py
[2024-10-15T14:56:45.752-0300] {logging_mixin.py:137} INFO - [2024-10-15T14:56:45.752-0300] {dag.py:2705} INFO - Sync 1 DAGs
[2024-10-15T14:56:45.770-0300] {logging_mixin.py:137} INFO - [2024-10-15T14:56:45.770-0300] {dag.py:3452} INFO - Setting next_dagrun for example_sensor_decorator to None, run_after=None
[2024-10-15T14:56:45.789-0300] {processor.py:175} INFO - Processing /home/beatriz/Documentos/airflow/airflow_venv/lib/python3.10/site-packages/airflow/example_dags/example_sensor_decorator.py took 0.174 seconds
[2024-10-15T14:57:32.600-0300] {processor.py:153} INFO - Started process (PID=35890) to work on /home/beatriz/Documentos/airflow/airflow_venv/lib/python3.10/site-packages/airflow/example_dags/example_sensor_decorator.py
[2024-10-15T14:57:32.603-0300] {processor.py:743} INFO - Processing file /home/beatriz/Documentos/airflow/airflow_venv/lib/python3.10/site-packages/airflow/example_dags/example_sensor_decorator.py for tasks to queue
[2024-10-15T14:57:32.604-0300] {logging_mixin.py:137} INFO - [2024-10-15T14:57:32.604-0300] {dagbag.py:532} INFO - Filling up the DagBag from /home/beatriz/Documentos/airflow/airflow_venv/lib/python3.10/site-packages/airflow/example_dags/example_sensor_decorator.py
[2024-10-15T14:57:32.721-0300] {processor.py:753} INFO - DAG(s) dict_keys(['example_sensor_decorator']) retrieved from /home/beatriz/Documentos/airflow/airflow_venv/lib/python3.10/site-packages/airflow/example_dags/example_sensor_decorator.py
[2024-10-15T14:57:32.734-0300] {logging_mixin.py:137} INFO - [2024-10-15T14:57:32.734-0300] {dag.py:2705} INFO - Sync 1 DAGs
[2024-10-15T14:57:32.748-0300] {logging_mixin.py:137} INFO - [2024-10-15T14:57:32.748-0300] {dag.py:3452} INFO - Setting next_dagrun for example_sensor_decorator to None, run_after=None
[2024-10-15T14:57:32.771-0300] {processor.py:175} INFO - Processing /home/beatriz/Documentos/airflow/airflow_venv/lib/python3.10/site-packages/airflow/example_dags/example_sensor_decorator.py took 0.177 seconds
[2024-10-15T14:58:16.697-0300] {processor.py:153} INFO - Started process (PID=36185) to work on /home/beatriz/Documentos/airflow/airflow_venv/lib/python3.10/site-packages/airflow/example_dags/example_sensor_decorator.py
[2024-10-15T14:58:16.699-0300] {processor.py:743} INFO - Processing file /home/beatriz/Documentos/airflow/airflow_venv/lib/python3.10/site-packages/airflow/example_dags/example_sensor_decorator.py for tasks to queue
[2024-10-15T14:58:16.699-0300] {logging_mixin.py:137} INFO - [2024-10-15T14:58:16.699-0300] {dagbag.py:532} INFO - Filling up the DagBag from /home/beatriz/Documentos/airflow/airflow_venv/lib/python3.10/site-packages/airflow/example_dags/example_sensor_decorator.py
[2024-10-15T14:58:16.721-0300] {processor.py:753} INFO - DAG(s) dict_keys(['example_sensor_decorator']) retrieved from /home/beatriz/Documentos/airflow/airflow_venv/lib/python3.10/site-packages/airflow/example_dags/example_sensor_decorator.py
[2024-10-15T14:58:16.736-0300] {logging_mixin.py:137} INFO - [2024-10-15T14:58:16.735-0300] {dag.py:2705} INFO - Sync 1 DAGs
[2024-10-15T14:58:16.753-0300] {logging_mixin.py:137} INFO - [2024-10-15T14:58:16.752-0300] {dag.py:3452} INFO - Setting next_dagrun for example_sensor_decorator to None, run_after=None
[2024-10-15T14:58:16.772-0300] {processor.py:175} INFO - Processing /home/beatriz/Documentos/airflow/airflow_venv/lib/python3.10/site-packages/airflow/example_dags/example_sensor_decorator.py took 0.077 seconds
[2024-10-15T14:58:56.345-0300] {processor.py:153} INFO - Started process (PID=36343) to work on /home/beatriz/Documentos/airflow/airflow_venv/lib/python3.10/site-packages/airflow/example_dags/example_sensor_decorator.py
[2024-10-15T14:58:56.348-0300] {processor.py:743} INFO - Processing file /home/beatriz/Documentos/airflow/airflow_venv/lib/python3.10/site-packages/airflow/example_dags/example_sensor_decorator.py for tasks to queue
[2024-10-15T14:58:56.350-0300] {logging_mixin.py:137} INFO - [2024-10-15T14:58:56.349-0300] {dagbag.py:532} INFO - Filling up the DagBag from /home/beatriz/Documentos/airflow/airflow_venv/lib/python3.10/site-packages/airflow/example_dags/example_sensor_decorator.py
[2024-10-15T14:58:56.387-0300] {processor.py:753} INFO - DAG(s) dict_keys(['example_sensor_decorator']) retrieved from /home/beatriz/Documentos/airflow/airflow_venv/lib/python3.10/site-packages/airflow/example_dags/example_sensor_decorator.py
[2024-10-15T14:58:56.402-0300] {logging_mixin.py:137} INFO - [2024-10-15T14:58:56.402-0300] {dag.py:2705} INFO - Sync 1 DAGs
[2024-10-15T14:58:56.418-0300] {logging_mixin.py:137} INFO - [2024-10-15T14:58:56.418-0300] {dag.py:3452} INFO - Setting next_dagrun for example_sensor_decorator to None, run_after=None
[2024-10-15T14:58:56.436-0300] {processor.py:175} INFO - Processing /home/beatriz/Documentos/airflow/airflow_venv/lib/python3.10/site-packages/airflow/example_dags/example_sensor_decorator.py took 0.097 seconds
[2024-10-15T14:59:39.514-0300] {processor.py:153} INFO - Started process (PID=36504) to work on /home/beatriz/Documentos/airflow/airflow_venv/lib/python3.10/site-packages/airflow/example_dags/example_sensor_decorator.py
[2024-10-15T14:59:39.516-0300] {processor.py:743} INFO - Processing file /home/beatriz/Documentos/airflow/airflow_venv/lib/python3.10/site-packages/airflow/example_dags/example_sensor_decorator.py for tasks to queue
[2024-10-15T14:59:39.518-0300] {logging_mixin.py:137} INFO - [2024-10-15T14:59:39.517-0300] {dagbag.py:532} INFO - Filling up the DagBag from /home/beatriz/Documentos/airflow/airflow_venv/lib/python3.10/site-packages/airflow/example_dags/example_sensor_decorator.py
[2024-10-15T14:59:39.543-0300] {processor.py:753} INFO - DAG(s) dict_keys(['example_sensor_decorator']) retrieved from /home/beatriz/Documentos/airflow/airflow_venv/lib/python3.10/site-packages/airflow/example_dags/example_sensor_decorator.py
[2024-10-15T14:59:39.558-0300] {logging_mixin.py:137} INFO - [2024-10-15T14:59:39.558-0300] {dag.py:2705} INFO - Sync 1 DAGs
[2024-10-15T14:59:39.574-0300] {logging_mixin.py:137} INFO - [2024-10-15T14:59:39.574-0300] {dag.py:3452} INFO - Setting next_dagrun for example_sensor_decorator to None, run_after=None
[2024-10-15T14:59:39.593-0300] {processor.py:175} INFO - Processing /home/beatriz/Documentos/airflow/airflow_venv/lib/python3.10/site-packages/airflow/example_dags/example_sensor_decorator.py took 0.085 seconds
[2024-10-15T15:00:21.136-0300] {processor.py:153} INFO - Started process (PID=36616) to work on /home/beatriz/Documentos/airflow/airflow_venv/lib/python3.10/site-packages/airflow/example_dags/example_sensor_decorator.py
[2024-10-15T15:00:21.139-0300] {processor.py:743} INFO - Processing file /home/beatriz/Documentos/airflow/airflow_venv/lib/python3.10/site-packages/airflow/example_dags/example_sensor_decorator.py for tasks to queue
[2024-10-15T15:00:21.140-0300] {logging_mixin.py:137} INFO - [2024-10-15T15:00:21.140-0300] {dagbag.py:532} INFO - Filling up the DagBag from /home/beatriz/Documentos/airflow/airflow_venv/lib/python3.10/site-packages/airflow/example_dags/example_sensor_decorator.py
[2024-10-15T15:00:21.175-0300] {processor.py:753} INFO - DAG(s) dict_keys(['example_sensor_decorator']) retrieved from /home/beatriz/Documentos/airflow/airflow_venv/lib/python3.10/site-packages/airflow/example_dags/example_sensor_decorator.py
[2024-10-15T15:00:21.189-0300] {logging_mixin.py:137} INFO - [2024-10-15T15:00:21.189-0300] {dag.py:2705} INFO - Sync 1 DAGs
[2024-10-15T15:00:21.203-0300] {logging_mixin.py:137} INFO - [2024-10-15T15:00:21.203-0300] {dag.py:3452} INFO - Setting next_dagrun for example_sensor_decorator to None, run_after=None
[2024-10-15T15:00:21.220-0300] {processor.py:175} INFO - Processing /home/beatriz/Documentos/airflow/airflow_venv/lib/python3.10/site-packages/airflow/example_dags/example_sensor_decorator.py took 0.091 seconds
[2024-10-15T15:01:02.162-0300] {processor.py:153} INFO - Started process (PID=36779) to work on /home/beatriz/Documentos/airflow/airflow_venv/lib/python3.10/site-packages/airflow/example_dags/example_sensor_decorator.py
[2024-10-15T15:01:02.162-0300] {processor.py:743} INFO - Processing file /home/beatriz/Documentos/airflow/airflow_venv/lib/python3.10/site-packages/airflow/example_dags/example_sensor_decorator.py for tasks to queue
[2024-10-15T15:01:02.163-0300] {logging_mixin.py:137} INFO - [2024-10-15T15:01:02.163-0300] {dagbag.py:532} INFO - Filling up the DagBag from /home/beatriz/Documentos/airflow/airflow_venv/lib/python3.10/site-packages/airflow/example_dags/example_sensor_decorator.py
[2024-10-15T15:01:02.183-0300] {processor.py:753} INFO - DAG(s) dict_keys(['example_sensor_decorator']) retrieved from /home/beatriz/Documentos/airflow/airflow_venv/lib/python3.10/site-packages/airflow/example_dags/example_sensor_decorator.py
[2024-10-15T15:01:02.197-0300] {logging_mixin.py:137} INFO - [2024-10-15T15:01:02.197-0300] {dag.py:2705} INFO - Sync 1 DAGs
[2024-10-15T15:01:02.212-0300] {logging_mixin.py:137} INFO - [2024-10-15T15:01:02.212-0300] {dag.py:3452} INFO - Setting next_dagrun for example_sensor_decorator to None, run_after=None
[2024-10-15T15:01:02.230-0300] {processor.py:175} INFO - Processing /home/beatriz/Documentos/airflow/airflow_venv/lib/python3.10/site-packages/airflow/example_dags/example_sensor_decorator.py took 0.071 seconds
[2024-10-15T15:01:41.236-0300] {processor.py:153} INFO - Started process (PID=36943) to work on /home/beatriz/Documentos/airflow/airflow_venv/lib/python3.10/site-packages/airflow/example_dags/example_sensor_decorator.py
[2024-10-15T15:01:41.238-0300] {processor.py:743} INFO - Processing file /home/beatriz/Documentos/airflow/airflow_venv/lib/python3.10/site-packages/airflow/example_dags/example_sensor_decorator.py for tasks to queue
[2024-10-15T15:01:41.238-0300] {logging_mixin.py:137} INFO - [2024-10-15T15:01:41.238-0300] {dagbag.py:532} INFO - Filling up the DagBag from /home/beatriz/Documentos/airflow/airflow_venv/lib/python3.10/site-packages/airflow/example_dags/example_sensor_decorator.py
[2024-10-15T15:01:41.257-0300] {processor.py:753} INFO - DAG(s) dict_keys(['example_sensor_decorator']) retrieved from /home/beatriz/Documentos/airflow/airflow_venv/lib/python3.10/site-packages/airflow/example_dags/example_sensor_decorator.py
[2024-10-15T15:01:41.271-0300] {logging_mixin.py:137} INFO - [2024-10-15T15:01:41.271-0300] {dag.py:2705} INFO - Sync 1 DAGs
[2024-10-15T15:01:41.286-0300] {logging_mixin.py:137} INFO - [2024-10-15T15:01:41.286-0300] {dag.py:3452} INFO - Setting next_dagrun for example_sensor_decorator to None, run_after=None
[2024-10-15T15:01:41.304-0300] {processor.py:175} INFO - Processing /home/beatriz/Documentos/airflow/airflow_venv/lib/python3.10/site-packages/airflow/example_dags/example_sensor_decorator.py took 0.070 seconds
[2024-10-15T15:02:19.429-0300] {processor.py:153} INFO - Started process (PID=37019) to work on /home/beatriz/Documentos/airflow/airflow_venv/lib/python3.10/site-packages/airflow/example_dags/example_sensor_decorator.py
[2024-10-15T15:02:19.431-0300] {processor.py:743} INFO - Processing file /home/beatriz/Documentos/airflow/airflow_venv/lib/python3.10/site-packages/airflow/example_dags/example_sensor_decorator.py for tasks to queue
[2024-10-15T15:02:19.431-0300] {logging_mixin.py:137} INFO - [2024-10-15T15:02:19.431-0300] {dagbag.py:532} INFO - Filling up the DagBag from /home/beatriz/Documentos/airflow/airflow_venv/lib/python3.10/site-packages/airflow/example_dags/example_sensor_decorator.py
[2024-10-15T15:02:19.451-0300] {processor.py:753} INFO - DAG(s) dict_keys(['example_sensor_decorator']) retrieved from /home/beatriz/Documentos/airflow/airflow_venv/lib/python3.10/site-packages/airflow/example_dags/example_sensor_decorator.py
[2024-10-15T15:02:19.467-0300] {logging_mixin.py:137} INFO - [2024-10-15T15:02:19.467-0300] {dag.py:2705} INFO - Sync 1 DAGs
[2024-10-15T15:02:19.486-0300] {logging_mixin.py:137} INFO - [2024-10-15T15:02:19.486-0300] {dag.py:3452} INFO - Setting next_dagrun for example_sensor_decorator to None, run_after=None
[2024-10-15T15:02:19.508-0300] {processor.py:175} INFO - Processing /home/beatriz/Documentos/airflow/airflow_venv/lib/python3.10/site-packages/airflow/example_dags/example_sensor_decorator.py took 0.082 seconds
[2024-10-15T15:02:58.072-0300] {processor.py:153} INFO - Started process (PID=37205) to work on /home/beatriz/Documentos/airflow/airflow_venv/lib/python3.10/site-packages/airflow/example_dags/example_sensor_decorator.py
[2024-10-15T15:02:58.074-0300] {processor.py:743} INFO - Processing file /home/beatriz/Documentos/airflow/airflow_venv/lib/python3.10/site-packages/airflow/example_dags/example_sensor_decorator.py for tasks to queue
[2024-10-15T15:02:58.074-0300] {logging_mixin.py:137} INFO - [2024-10-15T15:02:58.074-0300] {dagbag.py:532} INFO - Filling up the DagBag from /home/beatriz/Documentos/airflow/airflow_venv/lib/python3.10/site-packages/airflow/example_dags/example_sensor_decorator.py
[2024-10-15T15:02:58.094-0300] {processor.py:753} INFO - DAG(s) dict_keys(['example_sensor_decorator']) retrieved from /home/beatriz/Documentos/airflow/airflow_venv/lib/python3.10/site-packages/airflow/example_dags/example_sensor_decorator.py
[2024-10-15T15:02:58.108-0300] {logging_mixin.py:137} INFO - [2024-10-15T15:02:58.108-0300] {dag.py:2705} INFO - Sync 1 DAGs
[2024-10-15T15:02:58.124-0300] {logging_mixin.py:137} INFO - [2024-10-15T15:02:58.124-0300] {dag.py:3452} INFO - Setting next_dagrun for example_sensor_decorator to None, run_after=None
[2024-10-15T15:02:58.142-0300] {processor.py:175} INFO - Processing /home/beatriz/Documentos/airflow/airflow_venv/lib/python3.10/site-packages/airflow/example_dags/example_sensor_decorator.py took 0.072 seconds
[2024-10-15T15:03:36.186-0300] {processor.py:153} INFO - Started process (PID=37293) to work on /home/beatriz/Documentos/airflow/airflow_venv/lib/python3.10/site-packages/airflow/example_dags/example_sensor_decorator.py
[2024-10-15T15:03:36.188-0300] {processor.py:743} INFO - Processing file /home/beatriz/Documentos/airflow/airflow_venv/lib/python3.10/site-packages/airflow/example_dags/example_sensor_decorator.py for tasks to queue
[2024-10-15T15:03:36.189-0300] {logging_mixin.py:137} INFO - [2024-10-15T15:03:36.189-0300] {dagbag.py:532} INFO - Filling up the DagBag from /home/beatriz/Documentos/airflow/airflow_venv/lib/python3.10/site-packages/airflow/example_dags/example_sensor_decorator.py
[2024-10-15T15:03:36.212-0300] {processor.py:753} INFO - DAG(s) dict_keys(['example_sensor_decorator']) retrieved from /home/beatriz/Documentos/airflow/airflow_venv/lib/python3.10/site-packages/airflow/example_dags/example_sensor_decorator.py
[2024-10-15T15:03:36.229-0300] {logging_mixin.py:137} INFO - [2024-10-15T15:03:36.229-0300] {dag.py:2705} INFO - Sync 1 DAGs
[2024-10-15T15:03:36.248-0300] {logging_mixin.py:137} INFO - [2024-10-15T15:03:36.248-0300] {dag.py:3452} INFO - Setting next_dagrun for example_sensor_decorator to None, run_after=None
[2024-10-15T15:03:36.268-0300] {processor.py:175} INFO - Processing /home/beatriz/Documentos/airflow/airflow_venv/lib/python3.10/site-packages/airflow/example_dags/example_sensor_decorator.py took 0.086 seconds
[2024-10-15T15:04:18.897-0300] {processor.py:153} INFO - Started process (PID=37431) to work on /home/beatriz/Documentos/airflow/airflow_venv/lib/python3.10/site-packages/airflow/example_dags/example_sensor_decorator.py
[2024-10-15T15:04:18.900-0300] {processor.py:743} INFO - Processing file /home/beatriz/Documentos/airflow/airflow_venv/lib/python3.10/site-packages/airflow/example_dags/example_sensor_decorator.py for tasks to queue
[2024-10-15T15:04:18.901-0300] {logging_mixin.py:137} INFO - [2024-10-15T15:04:18.901-0300] {dagbag.py:532} INFO - Filling up the DagBag from /home/beatriz/Documentos/airflow/airflow_venv/lib/python3.10/site-packages/airflow/example_dags/example_sensor_decorator.py
[2024-10-15T15:04:18.933-0300] {processor.py:753} INFO - DAG(s) dict_keys(['example_sensor_decorator']) retrieved from /home/beatriz/Documentos/airflow/airflow_venv/lib/python3.10/site-packages/airflow/example_dags/example_sensor_decorator.py
[2024-10-15T15:04:18.947-0300] {logging_mixin.py:137} INFO - [2024-10-15T15:04:18.947-0300] {dag.py:2705} INFO - Sync 1 DAGs
[2024-10-15T15:04:18.963-0300] {logging_mixin.py:137} INFO - [2024-10-15T15:04:18.963-0300] {dag.py:3452} INFO - Setting next_dagrun for example_sensor_decorator to None, run_after=None
[2024-10-15T15:04:18.988-0300] {processor.py:175} INFO - Processing /home/beatriz/Documentos/airflow/airflow_venv/lib/python3.10/site-packages/airflow/example_dags/example_sensor_decorator.py took 0.098 seconds
[2024-10-15T15:05:00.842-0300] {processor.py:153} INFO - Started process (PID=38082) to work on /home/beatriz/Documentos/airflow/airflow_venv/lib/python3.10/site-packages/airflow/example_dags/example_sensor_decorator.py
[2024-10-15T15:05:00.844-0300] {processor.py:743} INFO - Processing file /home/beatriz/Documentos/airflow/airflow_venv/lib/python3.10/site-packages/airflow/example_dags/example_sensor_decorator.py for tasks to queue
[2024-10-15T15:05:00.844-0300] {logging_mixin.py:137} INFO - [2024-10-15T15:05:00.844-0300] {dagbag.py:532} INFO - Filling up the DagBag from /home/beatriz/Documentos/airflow/airflow_venv/lib/python3.10/site-packages/airflow/example_dags/example_sensor_decorator.py
[2024-10-15T15:05:00.865-0300] {processor.py:753} INFO - DAG(s) dict_keys(['example_sensor_decorator']) retrieved from /home/beatriz/Documentos/airflow/airflow_venv/lib/python3.10/site-packages/airflow/example_dags/example_sensor_decorator.py
[2024-10-15T15:05:00.880-0300] {logging_mixin.py:137} INFO - [2024-10-15T15:05:00.880-0300] {dag.py:2705} INFO - Sync 1 DAGs
[2024-10-15T15:05:00.897-0300] {logging_mixin.py:137} INFO - [2024-10-15T15:05:00.896-0300] {dag.py:3452} INFO - Setting next_dagrun for example_sensor_decorator to None, run_after=None
[2024-10-15T15:05:00.915-0300] {processor.py:175} INFO - Processing /home/beatriz/Documentos/airflow/airflow_venv/lib/python3.10/site-packages/airflow/example_dags/example_sensor_decorator.py took 0.076 seconds
[2024-10-15T15:05:43.230-0300] {processor.py:153} INFO - Started process (PID=38253) to work on /home/beatriz/Documentos/airflow/airflow_venv/lib/python3.10/site-packages/airflow/example_dags/example_sensor_decorator.py
[2024-10-15T15:05:43.233-0300] {processor.py:743} INFO - Processing file /home/beatriz/Documentos/airflow/airflow_venv/lib/python3.10/site-packages/airflow/example_dags/example_sensor_decorator.py for tasks to queue
[2024-10-15T15:05:43.235-0300] {logging_mixin.py:137} INFO - [2024-10-15T15:05:43.234-0300] {dagbag.py:532} INFO - Filling up the DagBag from /home/beatriz/Documentos/airflow/airflow_venv/lib/python3.10/site-packages/airflow/example_dags/example_sensor_decorator.py
[2024-10-15T15:05:43.273-0300] {processor.py:753} INFO - DAG(s) dict_keys(['example_sensor_decorator']) retrieved from /home/beatriz/Documentos/airflow/airflow_venv/lib/python3.10/site-packages/airflow/example_dags/example_sensor_decorator.py
[2024-10-15T15:05:43.296-0300] {logging_mixin.py:137} INFO - [2024-10-15T15:05:43.296-0300] {dag.py:2705} INFO - Sync 1 DAGs
[2024-10-15T15:05:43.319-0300] {logging_mixin.py:137} INFO - [2024-10-15T15:05:43.319-0300] {dag.py:3452} INFO - Setting next_dagrun for example_sensor_decorator to None, run_after=None
[2024-10-15T15:05:43.339-0300] {processor.py:175} INFO - Processing /home/beatriz/Documentos/airflow/airflow_venv/lib/python3.10/site-packages/airflow/example_dags/example_sensor_decorator.py took 0.114 seconds
[2024-10-15T15:06:26.179-0300] {processor.py:153} INFO - Started process (PID=38805) to work on /home/beatriz/Documentos/airflow/airflow_venv/lib/python3.10/site-packages/airflow/example_dags/example_sensor_decorator.py
[2024-10-15T15:06:26.182-0300] {processor.py:743} INFO - Processing file /home/beatriz/Documentos/airflow/airflow_venv/lib/python3.10/site-packages/airflow/example_dags/example_sensor_decorator.py for tasks to queue
[2024-10-15T15:06:26.185-0300] {logging_mixin.py:137} INFO - [2024-10-15T15:06:26.185-0300] {dagbag.py:532} INFO - Filling up the DagBag from /home/beatriz/Documentos/airflow/airflow_venv/lib/python3.10/site-packages/airflow/example_dags/example_sensor_decorator.py
[2024-10-15T15:06:26.218-0300] {processor.py:753} INFO - DAG(s) dict_keys(['example_sensor_decorator']) retrieved from /home/beatriz/Documentos/airflow/airflow_venv/lib/python3.10/site-packages/airflow/example_dags/example_sensor_decorator.py
[2024-10-15T15:06:26.234-0300] {logging_mixin.py:137} INFO - [2024-10-15T15:06:26.233-0300] {dag.py:2705} INFO - Sync 1 DAGs
[2024-10-15T15:06:26.256-0300] {logging_mixin.py:137} INFO - [2024-10-15T15:06:26.256-0300] {dag.py:3452} INFO - Setting next_dagrun for example_sensor_decorator to None, run_after=None
[2024-10-15T15:06:26.277-0300] {processor.py:175} INFO - Processing /home/beatriz/Documentos/airflow/airflow_venv/lib/python3.10/site-packages/airflow/example_dags/example_sensor_decorator.py took 0.104 seconds
[2024-10-15T15:07:13.307-0300] {processor.py:153} INFO - Started process (PID=39203) to work on /home/beatriz/Documentos/airflow/airflow_venv/lib/python3.10/site-packages/airflow/example_dags/example_sensor_decorator.py
[2024-10-15T15:07:13.310-0300] {processor.py:743} INFO - Processing file /home/beatriz/Documentos/airflow/airflow_venv/lib/python3.10/site-packages/airflow/example_dags/example_sensor_decorator.py for tasks to queue
[2024-10-15T15:07:13.311-0300] {logging_mixin.py:137} INFO - [2024-10-15T15:07:13.311-0300] {dagbag.py:532} INFO - Filling up the DagBag from /home/beatriz/Documentos/airflow/airflow_venv/lib/python3.10/site-packages/airflow/example_dags/example_sensor_decorator.py
[2024-10-15T15:07:13.332-0300] {processor.py:753} INFO - DAG(s) dict_keys(['example_sensor_decorator']) retrieved from /home/beatriz/Documentos/airflow/airflow_venv/lib/python3.10/site-packages/airflow/example_dags/example_sensor_decorator.py
[2024-10-15T15:07:13.345-0300] {logging_mixin.py:137} INFO - [2024-10-15T15:07:13.345-0300] {dag.py:2705} INFO - Sync 1 DAGs
[2024-10-15T15:07:13.362-0300] {logging_mixin.py:137} INFO - [2024-10-15T15:07:13.362-0300] {dag.py:3452} INFO - Setting next_dagrun for example_sensor_decorator to None, run_after=None
[2024-10-15T15:07:13.379-0300] {processor.py:175} INFO - Processing /home/beatriz/Documentos/airflow/airflow_venv/lib/python3.10/site-packages/airflow/example_dags/example_sensor_decorator.py took 0.078 seconds
[2024-10-15T15:07:56.609-0300] {processor.py:153} INFO - Started process (PID=39347) to work on /home/beatriz/Documentos/airflow/airflow_venv/lib/python3.10/site-packages/airflow/example_dags/example_sensor_decorator.py
[2024-10-15T15:07:56.611-0300] {processor.py:743} INFO - Processing file /home/beatriz/Documentos/airflow/airflow_venv/lib/python3.10/site-packages/airflow/example_dags/example_sensor_decorator.py for tasks to queue
[2024-10-15T15:07:56.611-0300] {logging_mixin.py:137} INFO - [2024-10-15T15:07:56.611-0300] {dagbag.py:532} INFO - Filling up the DagBag from /home/beatriz/Documentos/airflow/airflow_venv/lib/python3.10/site-packages/airflow/example_dags/example_sensor_decorator.py
[2024-10-15T15:07:56.630-0300] {processor.py:753} INFO - DAG(s) dict_keys(['example_sensor_decorator']) retrieved from /home/beatriz/Documentos/airflow/airflow_venv/lib/python3.10/site-packages/airflow/example_dags/example_sensor_decorator.py
[2024-10-15T15:07:56.644-0300] {logging_mixin.py:137} INFO - [2024-10-15T15:07:56.644-0300] {dag.py:2705} INFO - Sync 1 DAGs
[2024-10-15T15:07:56.658-0300] {logging_mixin.py:137} INFO - [2024-10-15T15:07:56.658-0300] {dag.py:3452} INFO - Setting next_dagrun for example_sensor_decorator to None, run_after=None
[2024-10-15T15:07:56.674-0300] {processor.py:175} INFO - Processing /home/beatriz/Documentos/airflow/airflow_venv/lib/python3.10/site-packages/airflow/example_dags/example_sensor_decorator.py took 0.067 seconds
[2024-10-15T15:08:38.108-0300] {processor.py:153} INFO - Started process (PID=39441) to work on /home/beatriz/Documentos/airflow/airflow_venv/lib/python3.10/site-packages/airflow/example_dags/example_sensor_decorator.py
[2024-10-15T15:08:38.110-0300] {processor.py:743} INFO - Processing file /home/beatriz/Documentos/airflow/airflow_venv/lib/python3.10/site-packages/airflow/example_dags/example_sensor_decorator.py for tasks to queue
[2024-10-15T15:08:38.111-0300] {logging_mixin.py:137} INFO - [2024-10-15T15:08:38.111-0300] {dagbag.py:532} INFO - Filling up the DagBag from /home/beatriz/Documentos/airflow/airflow_venv/lib/python3.10/site-packages/airflow/example_dags/example_sensor_decorator.py
[2024-10-15T15:08:38.137-0300] {processor.py:753} INFO - DAG(s) dict_keys(['example_sensor_decorator']) retrieved from /home/beatriz/Documentos/airflow/airflow_venv/lib/python3.10/site-packages/airflow/example_dags/example_sensor_decorator.py
[2024-10-15T15:08:38.155-0300] {logging_mixin.py:137} INFO - [2024-10-15T15:08:38.155-0300] {dag.py:2705} INFO - Sync 1 DAGs
[2024-10-15T15:08:38.173-0300] {logging_mixin.py:137} INFO - [2024-10-15T15:08:38.172-0300] {dag.py:3452} INFO - Setting next_dagrun for example_sensor_decorator to None, run_after=None
[2024-10-15T15:08:38.194-0300] {processor.py:175} INFO - Processing /home/beatriz/Documentos/airflow/airflow_venv/lib/python3.10/site-packages/airflow/example_dags/example_sensor_decorator.py took 0.091 seconds
[2024-10-15T15:09:21.805-0300] {processor.py:153} INFO - Started process (PID=39564) to work on /home/beatriz/Documentos/airflow/airflow_venv/lib/python3.10/site-packages/airflow/example_dags/example_sensor_decorator.py
[2024-10-15T15:09:21.807-0300] {processor.py:743} INFO - Processing file /home/beatriz/Documentos/airflow/airflow_venv/lib/python3.10/site-packages/airflow/example_dags/example_sensor_decorator.py for tasks to queue
[2024-10-15T15:09:21.809-0300] {logging_mixin.py:137} INFO - [2024-10-15T15:09:21.808-0300] {dagbag.py:532} INFO - Filling up the DagBag from /home/beatriz/Documentos/airflow/airflow_venv/lib/python3.10/site-packages/airflow/example_dags/example_sensor_decorator.py
[2024-10-15T15:09:21.831-0300] {processor.py:753} INFO - DAG(s) dict_keys(['example_sensor_decorator']) retrieved from /home/beatriz/Documentos/airflow/airflow_venv/lib/python3.10/site-packages/airflow/example_dags/example_sensor_decorator.py
[2024-10-15T15:09:21.847-0300] {logging_mixin.py:137} INFO - [2024-10-15T15:09:21.847-0300] {dag.py:2705} INFO - Sync 1 DAGs
[2024-10-15T15:09:21.864-0300] {logging_mixin.py:137} INFO - [2024-10-15T15:09:21.864-0300] {dag.py:3452} INFO - Setting next_dagrun for example_sensor_decorator to None, run_after=None
[2024-10-15T15:09:21.891-0300] {processor.py:175} INFO - Processing /home/beatriz/Documentos/airflow/airflow_venv/lib/python3.10/site-packages/airflow/example_dags/example_sensor_decorator.py took 0.090 seconds
[2024-10-15T15:10:03.964-0300] {processor.py:153} INFO - Started process (PID=39650) to work on /home/beatriz/Documentos/airflow/airflow_venv/lib/python3.10/site-packages/airflow/example_dags/example_sensor_decorator.py
[2024-10-15T15:10:03.965-0300] {processor.py:743} INFO - Processing file /home/beatriz/Documentos/airflow/airflow_venv/lib/python3.10/site-packages/airflow/example_dags/example_sensor_decorator.py for tasks to queue
[2024-10-15T15:10:03.967-0300] {logging_mixin.py:137} INFO - [2024-10-15T15:10:03.967-0300] {dagbag.py:532} INFO - Filling up the DagBag from /home/beatriz/Documentos/airflow/airflow_venv/lib/python3.10/site-packages/airflow/example_dags/example_sensor_decorator.py
[2024-10-15T15:10:04.000-0300] {processor.py:753} INFO - DAG(s) dict_keys(['example_sensor_decorator']) retrieved from /home/beatriz/Documentos/airflow/airflow_venv/lib/python3.10/site-packages/airflow/example_dags/example_sensor_decorator.py
[2024-10-15T15:10:04.016-0300] {logging_mixin.py:137} INFO - [2024-10-15T15:10:04.016-0300] {dag.py:2705} INFO - Sync 1 DAGs
[2024-10-15T15:10:04.035-0300] {logging_mixin.py:137} INFO - [2024-10-15T15:10:04.034-0300] {dag.py:3452} INFO - Setting next_dagrun for example_sensor_decorator to None, run_after=None
[2024-10-15T15:10:04.055-0300] {processor.py:175} INFO - Processing /home/beatriz/Documentos/airflow/airflow_venv/lib/python3.10/site-packages/airflow/example_dags/example_sensor_decorator.py took 0.097 seconds
[2024-10-15T15:35:31.089-0300] {processor.py:161} INFO - Started process (PID=41901) to work on /home/beatriz/Documentos/airflow/airflow_venv/lib/python3.10/site-packages/airflow/example_dags/example_sensor_decorator.py
[2024-10-15T15:35:31.095-0300] {processor.py:830} INFO - Processing file /home/beatriz/Documentos/airflow/airflow_venv/lib/python3.10/site-packages/airflow/example_dags/example_sensor_decorator.py for tasks to queue
[2024-10-15T15:35:31.098-0300] {logging_mixin.py:188} INFO - [2024-10-15T15:35:31.097-0300] {dagbag.py:540} INFO - Filling up the DagBag from /home/beatriz/Documentos/airflow/airflow_venv/lib/python3.10/site-packages/airflow/example_dags/example_sensor_decorator.py
[2024-10-15T15:35:31.106-0300] {processor.py:840} INFO - DAG(s) 'example_sensor_decorator' retrieved from /home/beatriz/Documentos/airflow/airflow_venv/lib/python3.10/site-packages/airflow/example_dags/example_sensor_decorator.py
[2024-10-15T15:35:31.118-0300] {logging_mixin.py:188} INFO - [2024-10-15T15:35:31.117-0300] {dag.py:3096} INFO - Sync 1 DAGs
[2024-10-15T15:35:31.136-0300] {logging_mixin.py:188} INFO - [2024-10-15T15:35:31.135-0300] {dag.py:3954} INFO - Setting next_dagrun for example_sensor_decorator to None, run_after=None
[2024-10-15T15:35:31.175-0300] {processor.py:183} INFO - Processing /home/beatriz/Documentos/airflow/airflow_venv/lib/python3.10/site-packages/airflow/example_dags/example_sensor_decorator.py took 0.095 seconds
[2024-10-15T15:36:27.871-0300] {processor.py:161} INFO - Started process (PID=42518) to work on /home/beatriz/Documentos/airflow/airflow_venv/lib/python3.10/site-packages/airflow/example_dags/example_sensor_decorator.py
[2024-10-15T15:36:27.874-0300] {processor.py:830} INFO - Processing file /home/beatriz/Documentos/airflow/airflow_venv/lib/python3.10/site-packages/airflow/example_dags/example_sensor_decorator.py for tasks to queue
[2024-10-15T15:36:27.876-0300] {logging_mixin.py:188} INFO - [2024-10-15T15:36:27.875-0300] {dagbag.py:540} INFO - Filling up the DagBag from /home/beatriz/Documentos/airflow/airflow_venv/lib/python3.10/site-packages/airflow/example_dags/example_sensor_decorator.py
[2024-10-15T15:36:27.880-0300] {processor.py:840} INFO - DAG(s) 'example_sensor_decorator' retrieved from /home/beatriz/Documentos/airflow/airflow_venv/lib/python3.10/site-packages/airflow/example_dags/example_sensor_decorator.py
[2024-10-15T15:36:27.951-0300] {logging_mixin.py:188} INFO - [2024-10-15T15:36:27.951-0300] {dag.py:3096} INFO - Sync 1 DAGs
[2024-10-15T15:36:27.959-0300] {logging_mixin.py:188} INFO - [2024-10-15T15:36:27.959-0300] {dag.py:3954} INFO - Setting next_dagrun for example_sensor_decorator to None, run_after=None
[2024-10-15T15:36:28.052-0300] {processor.py:183} INFO - Processing /home/beatriz/Documentos/airflow/airflow_venv/lib/python3.10/site-packages/airflow/example_dags/example_sensor_decorator.py took 0.185 seconds
[2024-10-15T15:37:20.780-0300] {processor.py:161} INFO - Started process (PID=42948) to work on /home/beatriz/Documentos/airflow/airflow_venv/lib/python3.10/site-packages/airflow/example_dags/example_sensor_decorator.py
[2024-10-15T15:37:20.783-0300] {processor.py:830} INFO - Processing file /home/beatriz/Documentos/airflow/airflow_venv/lib/python3.10/site-packages/airflow/example_dags/example_sensor_decorator.py for tasks to queue
[2024-10-15T15:37:20.785-0300] {logging_mixin.py:188} INFO - [2024-10-15T15:37:20.784-0300] {dagbag.py:540} INFO - Filling up the DagBag from /home/beatriz/Documentos/airflow/airflow_venv/lib/python3.10/site-packages/airflow/example_dags/example_sensor_decorator.py
[2024-10-15T15:37:20.791-0300] {processor.py:840} INFO - DAG(s) 'example_sensor_decorator' retrieved from /home/beatriz/Documentos/airflow/airflow_venv/lib/python3.10/site-packages/airflow/example_dags/example_sensor_decorator.py
[2024-10-15T15:37:20.805-0300] {logging_mixin.py:188} INFO - [2024-10-15T15:37:20.805-0300] {dag.py:3096} INFO - Sync 1 DAGs
[2024-10-15T15:37:20.815-0300] {logging_mixin.py:188} INFO - [2024-10-15T15:37:20.815-0300] {dag.py:3954} INFO - Setting next_dagrun for example_sensor_decorator to None, run_after=None
[2024-10-15T15:37:20.835-0300] {processor.py:183} INFO - Processing /home/beatriz/Documentos/airflow/airflow_venv/lib/python3.10/site-packages/airflow/example_dags/example_sensor_decorator.py took 0.061 seconds
[2024-10-15T15:38:12.837-0300] {processor.py:161} INFO - Started process (PID=43317) to work on /home/beatriz/Documentos/airflow/airflow_venv/lib/python3.10/site-packages/airflow/example_dags/example_sensor_decorator.py
[2024-10-15T15:38:12.840-0300] {processor.py:830} INFO - Processing file /home/beatriz/Documentos/airflow/airflow_venv/lib/python3.10/site-packages/airflow/example_dags/example_sensor_decorator.py for tasks to queue
[2024-10-15T15:38:12.842-0300] {logging_mixin.py:188} INFO - [2024-10-15T15:38:12.841-0300] {dagbag.py:540} INFO - Filling up the DagBag from /home/beatriz/Documentos/airflow/airflow_venv/lib/python3.10/site-packages/airflow/example_dags/example_sensor_decorator.py
[2024-10-15T15:38:12.847-0300] {processor.py:840} INFO - DAG(s) 'example_sensor_decorator' retrieved from /home/beatriz/Documentos/airflow/airflow_venv/lib/python3.10/site-packages/airflow/example_dags/example_sensor_decorator.py
[2024-10-15T15:38:12.861-0300] {logging_mixin.py:188} INFO - [2024-10-15T15:38:12.861-0300] {dag.py:3096} INFO - Sync 1 DAGs
[2024-10-15T15:38:12.954-0300] {logging_mixin.py:188} INFO - [2024-10-15T15:38:12.953-0300] {dag.py:3954} INFO - Setting next_dagrun for example_sensor_decorator to None, run_after=None
[2024-10-15T15:38:12.979-0300] {processor.py:183} INFO - Processing /home/beatriz/Documentos/airflow/airflow_venv/lib/python3.10/site-packages/airflow/example_dags/example_sensor_decorator.py took 0.148 seconds
[2024-10-15T15:39:00.000-0300] {processor.py:161} INFO - Started process (PID=43754) to work on /home/beatriz/Documentos/airflow/airflow_venv/lib/python3.10/site-packages/airflow/example_dags/example_sensor_decorator.py
[2024-10-15T15:39:00.002-0300] {processor.py:830} INFO - Processing file /home/beatriz/Documentos/airflow/airflow_venv/lib/python3.10/site-packages/airflow/example_dags/example_sensor_decorator.py for tasks to queue
[2024-10-15T15:39:00.004-0300] {logging_mixin.py:188} INFO - [2024-10-15T15:39:00.003-0300] {dagbag.py:540} INFO - Filling up the DagBag from /home/beatriz/Documentos/airflow/airflow_venv/lib/python3.10/site-packages/airflow/example_dags/example_sensor_decorator.py
[2024-10-15T15:39:00.011-0300] {processor.py:840} INFO - DAG(s) 'example_sensor_decorator' retrieved from /home/beatriz/Documentos/airflow/airflow_venv/lib/python3.10/site-packages/airflow/example_dags/example_sensor_decorator.py
[2024-10-15T15:39:00.023-0300] {logging_mixin.py:188} INFO - [2024-10-15T15:39:00.023-0300] {dag.py:3096} INFO - Sync 1 DAGs
[2024-10-15T15:39:00.033-0300] {logging_mixin.py:188} INFO - [2024-10-15T15:39:00.032-0300] {dag.py:3954} INFO - Setting next_dagrun for example_sensor_decorator to None, run_after=None
[2024-10-15T15:39:00.053-0300] {processor.py:183} INFO - Processing /home/beatriz/Documentos/airflow/airflow_venv/lib/python3.10/site-packages/airflow/example_dags/example_sensor_decorator.py took 0.060 seconds
[2024-10-15T15:39:46.370-0300] {processor.py:161} INFO - Started process (PID=44080) to work on /home/beatriz/Documentos/airflow/airflow_venv/lib/python3.10/site-packages/airflow/example_dags/example_sensor_decorator.py
[2024-10-15T15:39:46.371-0300] {processor.py:830} INFO - Processing file /home/beatriz/Documentos/airflow/airflow_venv/lib/python3.10/site-packages/airflow/example_dags/example_sensor_decorator.py for tasks to queue
[2024-10-15T15:39:46.372-0300] {logging_mixin.py:188} INFO - [2024-10-15T15:39:46.372-0300] {dagbag.py:540} INFO - Filling up the DagBag from /home/beatriz/Documentos/airflow/airflow_venv/lib/python3.10/site-packages/airflow/example_dags/example_sensor_decorator.py
[2024-10-15T15:39:46.377-0300] {processor.py:840} INFO - DAG(s) 'example_sensor_decorator' retrieved from /home/beatriz/Documentos/airflow/airflow_venv/lib/python3.10/site-packages/airflow/example_dags/example_sensor_decorator.py
[2024-10-15T15:39:46.388-0300] {logging_mixin.py:188} INFO - [2024-10-15T15:39:46.388-0300] {dag.py:3096} INFO - Sync 1 DAGs
[2024-10-15T15:39:46.397-0300] {logging_mixin.py:188} INFO - [2024-10-15T15:39:46.397-0300] {dag.py:3954} INFO - Setting next_dagrun for example_sensor_decorator to None, run_after=None
[2024-10-15T15:39:46.416-0300] {processor.py:183} INFO - Processing /home/beatriz/Documentos/airflow/airflow_venv/lib/python3.10/site-packages/airflow/example_dags/example_sensor_decorator.py took 0.051 seconds
[2024-10-15T15:40:34.746-0300] {processor.py:161} INFO - Started process (PID=44425) to work on /home/beatriz/Documentos/airflow/airflow_venv/lib/python3.10/site-packages/airflow/example_dags/example_sensor_decorator.py
[2024-10-15T15:40:34.748-0300] {processor.py:830} INFO - Processing file /home/beatriz/Documentos/airflow/airflow_venv/lib/python3.10/site-packages/airflow/example_dags/example_sensor_decorator.py for tasks to queue
[2024-10-15T15:40:34.750-0300] {logging_mixin.py:188} INFO - [2024-10-15T15:40:34.749-0300] {dagbag.py:540} INFO - Filling up the DagBag from /home/beatriz/Documentos/airflow/airflow_venv/lib/python3.10/site-packages/airflow/example_dags/example_sensor_decorator.py
[2024-10-15T15:40:34.755-0300] {processor.py:840} INFO - DAG(s) 'example_sensor_decorator' retrieved from /home/beatriz/Documentos/airflow/airflow_venv/lib/python3.10/site-packages/airflow/example_dags/example_sensor_decorator.py
[2024-10-15T15:40:34.769-0300] {logging_mixin.py:188} INFO - [2024-10-15T15:40:34.769-0300] {dag.py:3096} INFO - Sync 1 DAGs
[2024-10-15T15:40:34.779-0300] {logging_mixin.py:188} INFO - [2024-10-15T15:40:34.779-0300] {dag.py:3954} INFO - Setting next_dagrun for example_sensor_decorator to None, run_after=None
[2024-10-15T15:40:34.797-0300] {processor.py:183} INFO - Processing /home/beatriz/Documentos/airflow/airflow_venv/lib/python3.10/site-packages/airflow/example_dags/example_sensor_decorator.py took 0.056 seconds
