[2024-10-15T14:14:45.330-0300] {processor.py:153} INFO - Started process (PID=26550) to work on /home/beatriz/Documentos/airflow/airflow_venv/lib/python3.10/site-packages/airflow/example_dags/example_trigger_controller_dag.py
[2024-10-15T14:14:45.332-0300] {processor.py:743} INFO - Processing file /home/beatriz/Documentos/airflow/airflow_venv/lib/python3.10/site-packages/airflow/example_dags/example_trigger_controller_dag.py for tasks to queue
[2024-10-15T14:14:45.334-0300] {logging_mixin.py:137} INFO - [2024-10-15T14:14:45.333-0300] {dagbag.py:532} INFO - Filling up the DagBag from /home/beatriz/Documentos/airflow/airflow_venv/lib/python3.10/site-packages/airflow/example_dags/example_trigger_controller_dag.py
[2024-10-15T14:14:45.349-0300] {processor.py:753} INFO - DAG(s) dict_keys(['example_trigger_controller_dag']) retrieved from /home/beatriz/Documentos/airflow/airflow_venv/lib/python3.10/site-packages/airflow/example_dags/example_trigger_controller_dag.py
[2024-10-15T14:14:45.450-0300] {logging_mixin.py:137} INFO - [2024-10-15T14:14:45.450-0300] {manager.py:504} INFO - Created Permission View: can edit on DAG:example_trigger_controller_dag
[2024-10-15T14:14:45.460-0300] {logging_mixin.py:137} INFO - [2024-10-15T14:14:45.460-0300] {manager.py:504} INFO - Created Permission View: can delete on DAG:example_trigger_controller_dag
[2024-10-15T14:14:45.469-0300] {logging_mixin.py:137} INFO - [2024-10-15T14:14:45.469-0300] {manager.py:504} INFO - Created Permission View: can read on DAG:example_trigger_controller_dag
[2024-10-15T14:14:45.469-0300] {logging_mixin.py:137} INFO - [2024-10-15T14:14:45.469-0300] {dag.py:2705} INFO - Sync 1 DAGs
[2024-10-15T14:14:45.480-0300] {logging_mixin.py:137} INFO - [2024-10-15T14:14:45.479-0300] {dag.py:2726} INFO - Creating ORM DAG for example_trigger_controller_dag
[2024-10-15T14:14:45.486-0300] {logging_mixin.py:137} INFO - [2024-10-15T14:14:45.486-0300] {dag.py:3452} INFO - Setting next_dagrun for example_trigger_controller_dag to 2021-01-01T00:00:00+00:00, run_after=2021-01-01T00:00:00+00:00
[2024-10-15T14:14:45.505-0300] {processor.py:175} INFO - Processing /home/beatriz/Documentos/airflow/airflow_venv/lib/python3.10/site-packages/airflow/example_dags/example_trigger_controller_dag.py took 0.181 seconds
[2024-10-15T14:15:33.326-0300] {processor.py:153} INFO - Started process (PID=26640) to work on /home/beatriz/Documentos/airflow/airflow_venv/lib/python3.10/site-packages/airflow/example_dags/example_trigger_controller_dag.py
[2024-10-15T14:15:33.328-0300] {processor.py:743} INFO - Processing file /home/beatriz/Documentos/airflow/airflow_venv/lib/python3.10/site-packages/airflow/example_dags/example_trigger_controller_dag.py for tasks to queue
[2024-10-15T14:15:33.329-0300] {logging_mixin.py:137} INFO - [2024-10-15T14:15:33.329-0300] {dagbag.py:532} INFO - Filling up the DagBag from /home/beatriz/Documentos/airflow/airflow_venv/lib/python3.10/site-packages/airflow/example_dags/example_trigger_controller_dag.py
[2024-10-15T14:15:33.341-0300] {processor.py:753} INFO - DAG(s) dict_keys(['example_trigger_controller_dag']) retrieved from /home/beatriz/Documentos/airflow/airflow_venv/lib/python3.10/site-packages/airflow/example_dags/example_trigger_controller_dag.py
[2024-10-15T14:15:33.350-0300] {logging_mixin.py:137} INFO - [2024-10-15T14:15:33.350-0300] {dag.py:2705} INFO - Sync 1 DAGs
[2024-10-15T14:15:33.369-0300] {logging_mixin.py:137} INFO - [2024-10-15T14:15:33.369-0300] {dag.py:3452} INFO - Setting next_dagrun for example_trigger_controller_dag to 2021-01-01T00:00:00+00:00, run_after=2021-01-01T00:00:00+00:00
[2024-10-15T14:15:33.385-0300] {processor.py:175} INFO - Processing /home/beatriz/Documentos/airflow/airflow_venv/lib/python3.10/site-packages/airflow/example_dags/example_trigger_controller_dag.py took 0.062 seconds
[2024-10-15T14:16:14.704-0300] {processor.py:153} INFO - Started process (PID=26839) to work on /home/beatriz/Documentos/airflow/airflow_venv/lib/python3.10/site-packages/airflow/example_dags/example_trigger_controller_dag.py
[2024-10-15T14:16:14.707-0300] {processor.py:743} INFO - Processing file /home/beatriz/Documentos/airflow/airflow_venv/lib/python3.10/site-packages/airflow/example_dags/example_trigger_controller_dag.py for tasks to queue
[2024-10-15T14:16:14.709-0300] {logging_mixin.py:137} INFO - [2024-10-15T14:16:14.709-0300] {dagbag.py:532} INFO - Filling up the DagBag from /home/beatriz/Documentos/airflow/airflow_venv/lib/python3.10/site-packages/airflow/example_dags/example_trigger_controller_dag.py
[2024-10-15T14:16:14.731-0300] {processor.py:753} INFO - DAG(s) dict_keys(['example_trigger_controller_dag']) retrieved from /home/beatriz/Documentos/airflow/airflow_venv/lib/python3.10/site-packages/airflow/example_dags/example_trigger_controller_dag.py
[2024-10-15T14:16:14.749-0300] {logging_mixin.py:137} INFO - [2024-10-15T14:16:14.749-0300] {dag.py:2705} INFO - Sync 1 DAGs
[2024-10-15T14:16:14.765-0300] {logging_mixin.py:137} INFO - [2024-10-15T14:16:14.765-0300] {dag.py:3452} INFO - Setting next_dagrun for example_trigger_controller_dag to 2021-01-01T00:00:00+00:00, run_after=2021-01-01T00:00:00+00:00
[2024-10-15T14:16:14.782-0300] {processor.py:175} INFO - Processing /home/beatriz/Documentos/airflow/airflow_venv/lib/python3.10/site-packages/airflow/example_dags/example_trigger_controller_dag.py took 0.083 seconds
[2024-10-15T14:18:02.383-0300] {processor.py:153} INFO - Started process (PID=27078) to work on /home/beatriz/Documentos/airflow/airflow_venv/lib/python3.10/site-packages/airflow/example_dags/example_trigger_controller_dag.py
[2024-10-15T14:18:02.386-0300] {processor.py:743} INFO - Processing file /home/beatriz/Documentos/airflow/airflow_venv/lib/python3.10/site-packages/airflow/example_dags/example_trigger_controller_dag.py for tasks to queue
[2024-10-15T14:18:02.388-0300] {logging_mixin.py:137} INFO - [2024-10-15T14:18:02.387-0300] {dagbag.py:532} INFO - Filling up the DagBag from /home/beatriz/Documentos/airflow/airflow_venv/lib/python3.10/site-packages/airflow/example_dags/example_trigger_controller_dag.py
[2024-10-15T14:18:02.406-0300] {processor.py:753} INFO - DAG(s) dict_keys(['example_trigger_controller_dag']) retrieved from /home/beatriz/Documentos/airflow/airflow_venv/lib/python3.10/site-packages/airflow/example_dags/example_trigger_controller_dag.py
[2024-10-15T14:18:02.413-0300] {logging_mixin.py:137} INFO - [2024-10-15T14:18:02.413-0300] {dag.py:2705} INFO - Sync 1 DAGs
[2024-10-15T14:18:02.432-0300] {logging_mixin.py:137} INFO - [2024-10-15T14:18:02.432-0300] {dag.py:3452} INFO - Setting next_dagrun for example_trigger_controller_dag to 2021-01-01T00:00:00+00:00, run_after=2021-01-01T00:00:00+00:00
[2024-10-15T14:18:02.449-0300] {processor.py:175} INFO - Processing /home/beatriz/Documentos/airflow/airflow_venv/lib/python3.10/site-packages/airflow/example_dags/example_trigger_controller_dag.py took 0.072 seconds
[2024-10-15T14:18:45.077-0300] {processor.py:153} INFO - Started process (PID=27219) to work on /home/beatriz/Documentos/airflow/airflow_venv/lib/python3.10/site-packages/airflow/example_dags/example_trigger_controller_dag.py
[2024-10-15T14:18:45.080-0300] {processor.py:743} INFO - Processing file /home/beatriz/Documentos/airflow/airflow_venv/lib/python3.10/site-packages/airflow/example_dags/example_trigger_controller_dag.py for tasks to queue
[2024-10-15T14:18:45.082-0300] {logging_mixin.py:137} INFO - [2024-10-15T14:18:45.082-0300] {dagbag.py:532} INFO - Filling up the DagBag from /home/beatriz/Documentos/airflow/airflow_venv/lib/python3.10/site-packages/airflow/example_dags/example_trigger_controller_dag.py
[2024-10-15T14:18:45.103-0300] {processor.py:753} INFO - DAG(s) dict_keys(['example_trigger_controller_dag']) retrieved from /home/beatriz/Documentos/airflow/airflow_venv/lib/python3.10/site-packages/airflow/example_dags/example_trigger_controller_dag.py
[2024-10-15T14:18:45.122-0300] {logging_mixin.py:137} INFO - [2024-10-15T14:18:45.122-0300] {dag.py:2705} INFO - Sync 1 DAGs
[2024-10-15T14:18:45.140-0300] {logging_mixin.py:137} INFO - [2024-10-15T14:18:45.140-0300] {dag.py:3452} INFO - Setting next_dagrun for example_trigger_controller_dag to 2021-01-01T00:00:00+00:00, run_after=2021-01-01T00:00:00+00:00
[2024-10-15T14:18:45.160-0300] {processor.py:175} INFO - Processing /home/beatriz/Documentos/airflow/airflow_venv/lib/python3.10/site-packages/airflow/example_dags/example_trigger_controller_dag.py took 0.089 seconds
[2024-10-15T14:50:55.188-0300] {processor.py:153} INFO - Started process (PID=34348) to work on /home/beatriz/Documentos/airflow/airflow_venv/lib/python3.10/site-packages/airflow/example_dags/example_trigger_controller_dag.py
[2024-10-15T14:50:55.191-0300] {processor.py:743} INFO - Processing file /home/beatriz/Documentos/airflow/airflow_venv/lib/python3.10/site-packages/airflow/example_dags/example_trigger_controller_dag.py for tasks to queue
[2024-10-15T14:50:55.192-0300] {logging_mixin.py:137} INFO - [2024-10-15T14:50:55.192-0300] {dagbag.py:532} INFO - Filling up the DagBag from /home/beatriz/Documentos/airflow/airflow_venv/lib/python3.10/site-packages/airflow/example_dags/example_trigger_controller_dag.py
[2024-10-15T14:50:55.211-0300] {processor.py:753} INFO - DAG(s) dict_keys(['example_trigger_controller_dag']) retrieved from /home/beatriz/Documentos/airflow/airflow_venv/lib/python3.10/site-packages/airflow/example_dags/example_trigger_controller_dag.py
[2024-10-15T14:50:55.218-0300] {logging_mixin.py:137} INFO - [2024-10-15T14:50:55.218-0300] {dag.py:2705} INFO - Sync 1 DAGs
[2024-10-15T14:50:55.237-0300] {logging_mixin.py:137} INFO - [2024-10-15T14:50:55.237-0300] {dag.py:3452} INFO - Setting next_dagrun for example_trigger_controller_dag to 2021-01-01T00:00:00+00:00, run_after=2021-01-01T00:00:00+00:00
[2024-10-15T14:50:55.254-0300] {processor.py:175} INFO - Processing /home/beatriz/Documentos/airflow/airflow_venv/lib/python3.10/site-packages/airflow/example_dags/example_trigger_controller_dag.py took 0.071 seconds
[2024-10-15T14:51:38.298-0300] {processor.py:153} INFO - Started process (PID=34634) to work on /home/beatriz/Documentos/airflow/airflow_venv/lib/python3.10/site-packages/airflow/example_dags/example_trigger_controller_dag.py
[2024-10-15T14:51:38.299-0300] {processor.py:743} INFO - Processing file /home/beatriz/Documentos/airflow/airflow_venv/lib/python3.10/site-packages/airflow/example_dags/example_trigger_controller_dag.py for tasks to queue
[2024-10-15T14:51:38.300-0300] {logging_mixin.py:137} INFO - [2024-10-15T14:51:38.300-0300] {dagbag.py:532} INFO - Filling up the DagBag from /home/beatriz/Documentos/airflow/airflow_venv/lib/python3.10/site-packages/airflow/example_dags/example_trigger_controller_dag.py
[2024-10-15T14:51:38.311-0300] {processor.py:753} INFO - DAG(s) dict_keys(['example_trigger_controller_dag']) retrieved from /home/beatriz/Documentos/airflow/airflow_venv/lib/python3.10/site-packages/airflow/example_dags/example_trigger_controller_dag.py
[2024-10-15T14:51:38.327-0300] {logging_mixin.py:137} INFO - [2024-10-15T14:51:38.327-0300] {dag.py:2705} INFO - Sync 1 DAGs
[2024-10-15T14:51:38.348-0300] {logging_mixin.py:137} INFO - [2024-10-15T14:51:38.348-0300] {dag.py:3452} INFO - Setting next_dagrun for example_trigger_controller_dag to 2021-01-01T00:00:00+00:00, run_after=2021-01-01T00:00:00+00:00
[2024-10-15T14:51:38.366-0300] {processor.py:175} INFO - Processing /home/beatriz/Documentos/airflow/airflow_venv/lib/python3.10/site-packages/airflow/example_dags/example_trigger_controller_dag.py took 0.070 seconds
[2024-10-15T14:52:22.223-0300] {processor.py:153} INFO - Started process (PID=34730) to work on /home/beatriz/Documentos/airflow/airflow_venv/lib/python3.10/site-packages/airflow/example_dags/example_trigger_controller_dag.py
[2024-10-15T14:52:22.225-0300] {processor.py:743} INFO - Processing file /home/beatriz/Documentos/airflow/airflow_venv/lib/python3.10/site-packages/airflow/example_dags/example_trigger_controller_dag.py for tasks to queue
[2024-10-15T14:52:22.226-0300] {logging_mixin.py:137} INFO - [2024-10-15T14:52:22.226-0300] {dagbag.py:532} INFO - Filling up the DagBag from /home/beatriz/Documentos/airflow/airflow_venv/lib/python3.10/site-packages/airflow/example_dags/example_trigger_controller_dag.py
[2024-10-15T14:52:22.236-0300] {processor.py:753} INFO - DAG(s) dict_keys(['example_trigger_controller_dag']) retrieved from /home/beatriz/Documentos/airflow/airflow_venv/lib/python3.10/site-packages/airflow/example_dags/example_trigger_controller_dag.py
[2024-10-15T14:52:22.255-0300] {logging_mixin.py:137} INFO - [2024-10-15T14:52:22.255-0300] {dag.py:2705} INFO - Sync 1 DAGs
[2024-10-15T14:52:22.280-0300] {logging_mixin.py:137} INFO - [2024-10-15T14:52:22.280-0300] {dag.py:3452} INFO - Setting next_dagrun for example_trigger_controller_dag to 2021-01-01T00:00:00+00:00, run_after=2021-01-01T00:00:00+00:00
[2024-10-15T14:52:22.301-0300] {processor.py:175} INFO - Processing /home/beatriz/Documentos/airflow/airflow_venv/lib/python3.10/site-packages/airflow/example_dags/example_trigger_controller_dag.py took 0.080 seconds
[2024-10-15T14:53:11.562-0300] {processor.py:153} INFO - Started process (PID=35147) to work on /home/beatriz/Documentos/airflow/airflow_venv/lib/python3.10/site-packages/airflow/example_dags/example_trigger_controller_dag.py
[2024-10-15T14:53:11.565-0300] {processor.py:743} INFO - Processing file /home/beatriz/Documentos/airflow/airflow_venv/lib/python3.10/site-packages/airflow/example_dags/example_trigger_controller_dag.py for tasks to queue
[2024-10-15T14:53:11.567-0300] {logging_mixin.py:137} INFO - [2024-10-15T14:53:11.566-0300] {dagbag.py:532} INFO - Filling up the DagBag from /home/beatriz/Documentos/airflow/airflow_venv/lib/python3.10/site-packages/airflow/example_dags/example_trigger_controller_dag.py
[2024-10-15T14:53:11.587-0300] {processor.py:753} INFO - DAG(s) dict_keys(['example_trigger_controller_dag']) retrieved from /home/beatriz/Documentos/airflow/airflow_venv/lib/python3.10/site-packages/airflow/example_dags/example_trigger_controller_dag.py
[2024-10-15T14:53:11.605-0300] {logging_mixin.py:137} INFO - [2024-10-15T14:53:11.604-0300] {dag.py:2705} INFO - Sync 1 DAGs
[2024-10-15T14:53:11.621-0300] {logging_mixin.py:137} INFO - [2024-10-15T14:53:11.621-0300] {dag.py:3452} INFO - Setting next_dagrun for example_trigger_controller_dag to 2021-01-01T00:00:00+00:00, run_after=2021-01-01T00:00:00+00:00
[2024-10-15T14:53:11.639-0300] {processor.py:175} INFO - Processing /home/beatriz/Documentos/airflow/airflow_venv/lib/python3.10/site-packages/airflow/example_dags/example_trigger_controller_dag.py took 0.082 seconds
[2024-10-15T14:54:02.713-0300] {processor.py:153} INFO - Started process (PID=35390) to work on /home/beatriz/Documentos/airflow/airflow_venv/lib/python3.10/site-packages/airflow/example_dags/example_trigger_controller_dag.py
[2024-10-15T14:54:02.716-0300] {processor.py:743} INFO - Processing file /home/beatriz/Documentos/airflow/airflow_venv/lib/python3.10/site-packages/airflow/example_dags/example_trigger_controller_dag.py for tasks to queue
[2024-10-15T14:54:02.717-0300] {logging_mixin.py:137} INFO - [2024-10-15T14:54:02.717-0300] {dagbag.py:532} INFO - Filling up the DagBag from /home/beatriz/Documentos/airflow/airflow_venv/lib/python3.10/site-packages/airflow/example_dags/example_trigger_controller_dag.py
[2024-10-15T14:54:02.728-0300] {processor.py:753} INFO - DAG(s) dict_keys(['example_trigger_controller_dag']) retrieved from /home/beatriz/Documentos/airflow/airflow_venv/lib/python3.10/site-packages/airflow/example_dags/example_trigger_controller_dag.py
[2024-10-15T14:54:02.747-0300] {logging_mixin.py:137} INFO - [2024-10-15T14:54:02.746-0300] {dag.py:2705} INFO - Sync 1 DAGs
[2024-10-15T14:54:02.764-0300] {logging_mixin.py:137} INFO - [2024-10-15T14:54:02.764-0300] {dag.py:3452} INFO - Setting next_dagrun for example_trigger_controller_dag to 2021-01-01T00:00:00+00:00, run_after=2021-01-01T00:00:00+00:00
[2024-10-15T14:54:02.876-0300] {processor.py:175} INFO - Processing /home/beatriz/Documentos/airflow/airflow_venv/lib/python3.10/site-packages/airflow/example_dags/example_trigger_controller_dag.py took 0.167 seconds
[2024-10-15T14:54:41.626-0300] {processor.py:153} INFO - Started process (PID=35509) to work on /home/beatriz/Documentos/airflow/airflow_venv/lib/python3.10/site-packages/airflow/example_dags/example_trigger_controller_dag.py
[2024-10-15T14:54:41.628-0300] {processor.py:743} INFO - Processing file /home/beatriz/Documentos/airflow/airflow_venv/lib/python3.10/site-packages/airflow/example_dags/example_trigger_controller_dag.py for tasks to queue
[2024-10-15T14:54:41.629-0300] {logging_mixin.py:137} INFO - [2024-10-15T14:54:41.629-0300] {dagbag.py:532} INFO - Filling up the DagBag from /home/beatriz/Documentos/airflow/airflow_venv/lib/python3.10/site-packages/airflow/example_dags/example_trigger_controller_dag.py
[2024-10-15T14:54:41.640-0300] {processor.py:753} INFO - DAG(s) dict_keys(['example_trigger_controller_dag']) retrieved from /home/beatriz/Documentos/airflow/airflow_venv/lib/python3.10/site-packages/airflow/example_dags/example_trigger_controller_dag.py
[2024-10-15T14:54:41.656-0300] {logging_mixin.py:137} INFO - [2024-10-15T14:54:41.656-0300] {dag.py:2705} INFO - Sync 1 DAGs
[2024-10-15T14:54:41.755-0300] {logging_mixin.py:137} INFO - [2024-10-15T14:54:41.755-0300] {dag.py:3452} INFO - Setting next_dagrun for example_trigger_controller_dag to 2021-01-01T00:00:00+00:00, run_after=2021-01-01T00:00:00+00:00
[2024-10-15T14:54:41.777-0300] {processor.py:175} INFO - Processing /home/beatriz/Documentos/airflow/airflow_venv/lib/python3.10/site-packages/airflow/example_dags/example_trigger_controller_dag.py took 0.153 seconds
[2024-10-15T14:55:34.093-0300] {processor.py:153} INFO - Started process (PID=35604) to work on /home/beatriz/Documentos/airflow/airflow_venv/lib/python3.10/site-packages/airflow/example_dags/example_trigger_controller_dag.py
[2024-10-15T14:55:34.096-0300] {processor.py:743} INFO - Processing file /home/beatriz/Documentos/airflow/airflow_venv/lib/python3.10/site-packages/airflow/example_dags/example_trigger_controller_dag.py for tasks to queue
[2024-10-15T14:55:34.099-0300] {logging_mixin.py:137} INFO - [2024-10-15T14:55:34.099-0300] {dagbag.py:532} INFO - Filling up the DagBag from /home/beatriz/Documentos/airflow/airflow_venv/lib/python3.10/site-packages/airflow/example_dags/example_trigger_controller_dag.py
[2024-10-15T14:55:34.118-0300] {processor.py:753} INFO - DAG(s) dict_keys(['example_trigger_controller_dag']) retrieved from /home/beatriz/Documentos/airflow/airflow_venv/lib/python3.10/site-packages/airflow/example_dags/example_trigger_controller_dag.py
[2024-10-15T14:55:34.136-0300] {logging_mixin.py:137} INFO - [2024-10-15T14:55:34.135-0300] {dag.py:2705} INFO - Sync 1 DAGs
[2024-10-15T14:55:34.244-0300] {logging_mixin.py:137} INFO - [2024-10-15T14:55:34.244-0300] {dag.py:3452} INFO - Setting next_dagrun for example_trigger_controller_dag to 2021-01-01T00:00:00+00:00, run_after=2021-01-01T00:00:00+00:00
[2024-10-15T14:55:34.267-0300] {processor.py:175} INFO - Processing /home/beatriz/Documentos/airflow/airflow_venv/lib/python3.10/site-packages/airflow/example_dags/example_trigger_controller_dag.py took 0.180 seconds
[2024-10-15T14:56:26.353-0300] {processor.py:153} INFO - Started process (PID=35768) to work on /home/beatriz/Documentos/airflow/airflow_venv/lib/python3.10/site-packages/airflow/example_dags/example_trigger_controller_dag.py
[2024-10-15T14:56:26.355-0300] {processor.py:743} INFO - Processing file /home/beatriz/Documentos/airflow/airflow_venv/lib/python3.10/site-packages/airflow/example_dags/example_trigger_controller_dag.py for tasks to queue
[2024-10-15T14:56:26.357-0300] {logging_mixin.py:137} INFO - [2024-10-15T14:56:26.356-0300] {dagbag.py:532} INFO - Filling up the DagBag from /home/beatriz/Documentos/airflow/airflow_venv/lib/python3.10/site-packages/airflow/example_dags/example_trigger_controller_dag.py
[2024-10-15T14:56:26.376-0300] {processor.py:753} INFO - DAG(s) dict_keys(['example_trigger_controller_dag']) retrieved from /home/beatriz/Documentos/airflow/airflow_venv/lib/python3.10/site-packages/airflow/example_dags/example_trigger_controller_dag.py
[2024-10-15T14:56:26.487-0300] {logging_mixin.py:137} INFO - [2024-10-15T14:56:26.487-0300] {dag.py:2705} INFO - Sync 1 DAGs
[2024-10-15T14:56:26.506-0300] {logging_mixin.py:137} INFO - [2024-10-15T14:56:26.506-0300] {dag.py:3452} INFO - Setting next_dagrun for example_trigger_controller_dag to 2021-01-01T00:00:00+00:00, run_after=2021-01-01T00:00:00+00:00
[2024-10-15T14:56:26.532-0300] {processor.py:175} INFO - Processing /home/beatriz/Documentos/airflow/airflow_venv/lib/python3.10/site-packages/airflow/example_dags/example_trigger_controller_dag.py took 0.182 seconds
[2024-10-15T14:57:13.468-0300] {processor.py:153} INFO - Started process (PID=35852) to work on /home/beatriz/Documentos/airflow/airflow_venv/lib/python3.10/site-packages/airflow/example_dags/example_trigger_controller_dag.py
[2024-10-15T14:57:13.470-0300] {processor.py:743} INFO - Processing file /home/beatriz/Documentos/airflow/airflow_venv/lib/python3.10/site-packages/airflow/example_dags/example_trigger_controller_dag.py for tasks to queue
[2024-10-15T14:57:13.472-0300] {logging_mixin.py:137} INFO - [2024-10-15T14:57:13.472-0300] {dagbag.py:532} INFO - Filling up the DagBag from /home/beatriz/Documentos/airflow/airflow_venv/lib/python3.10/site-packages/airflow/example_dags/example_trigger_controller_dag.py
[2024-10-15T14:57:13.581-0300] {processor.py:753} INFO - DAG(s) dict_keys(['example_trigger_controller_dag']) retrieved from /home/beatriz/Documentos/airflow/airflow_venv/lib/python3.10/site-packages/airflow/example_dags/example_trigger_controller_dag.py
[2024-10-15T14:57:13.595-0300] {logging_mixin.py:137} INFO - [2024-10-15T14:57:13.595-0300] {dag.py:2705} INFO - Sync 1 DAGs
[2024-10-15T14:57:13.610-0300] {logging_mixin.py:137} INFO - [2024-10-15T14:57:13.610-0300] {dag.py:3452} INFO - Setting next_dagrun for example_trigger_controller_dag to 2021-01-01T00:00:00+00:00, run_after=2021-01-01T00:00:00+00:00
[2024-10-15T14:57:13.636-0300] {processor.py:175} INFO - Processing /home/beatriz/Documentos/airflow/airflow_venv/lib/python3.10/site-packages/airflow/example_dags/example_trigger_controller_dag.py took 0.170 seconds
[2024-10-15T14:57:59.443-0300] {processor.py:153} INFO - Started process (PID=36096) to work on /home/beatriz/Documentos/airflow/airflow_venv/lib/python3.10/site-packages/airflow/example_dags/example_trigger_controller_dag.py
[2024-10-15T14:57:59.446-0300] {processor.py:743} INFO - Processing file /home/beatriz/Documentos/airflow/airflow_venv/lib/python3.10/site-packages/airflow/example_dags/example_trigger_controller_dag.py for tasks to queue
[2024-10-15T14:57:59.447-0300] {logging_mixin.py:137} INFO - [2024-10-15T14:57:59.447-0300] {dagbag.py:532} INFO - Filling up the DagBag from /home/beatriz/Documentos/airflow/airflow_venv/lib/python3.10/site-packages/airflow/example_dags/example_trigger_controller_dag.py
[2024-10-15T14:57:59.468-0300] {processor.py:753} INFO - DAG(s) dict_keys(['example_trigger_controller_dag']) retrieved from /home/beatriz/Documentos/airflow/airflow_venv/lib/python3.10/site-packages/airflow/example_dags/example_trigger_controller_dag.py
[2024-10-15T14:57:59.488-0300] {logging_mixin.py:137} INFO - [2024-10-15T14:57:59.488-0300] {dag.py:2705} INFO - Sync 1 DAGs
[2024-10-15T14:57:59.503-0300] {logging_mixin.py:137} INFO - [2024-10-15T14:57:59.503-0300] {dag.py:3452} INFO - Setting next_dagrun for example_trigger_controller_dag to 2021-01-01T00:00:00+00:00, run_after=2021-01-01T00:00:00+00:00
[2024-10-15T14:57:59.521-0300] {processor.py:175} INFO - Processing /home/beatriz/Documentos/airflow/airflow_venv/lib/python3.10/site-packages/airflow/example_dags/example_trigger_controller_dag.py took 0.084 seconds
[2024-10-15T14:58:39.461-0300] {processor.py:153} INFO - Started process (PID=36250) to work on /home/beatriz/Documentos/airflow/airflow_venv/lib/python3.10/site-packages/airflow/example_dags/example_trigger_controller_dag.py
[2024-10-15T14:58:39.463-0300] {processor.py:743} INFO - Processing file /home/beatriz/Documentos/airflow/airflow_venv/lib/python3.10/site-packages/airflow/example_dags/example_trigger_controller_dag.py for tasks to queue
[2024-10-15T14:58:39.463-0300] {logging_mixin.py:137} INFO - [2024-10-15T14:58:39.463-0300] {dagbag.py:532} INFO - Filling up the DagBag from /home/beatriz/Documentos/airflow/airflow_venv/lib/python3.10/site-packages/airflow/example_dags/example_trigger_controller_dag.py
[2024-10-15T14:58:39.473-0300] {processor.py:753} INFO - DAG(s) dict_keys(['example_trigger_controller_dag']) retrieved from /home/beatriz/Documentos/airflow/airflow_venv/lib/python3.10/site-packages/airflow/example_dags/example_trigger_controller_dag.py
[2024-10-15T14:58:39.488-0300] {logging_mixin.py:137} INFO - [2024-10-15T14:58:39.488-0300] {dag.py:2705} INFO - Sync 1 DAGs
[2024-10-15T14:58:39.503-0300] {logging_mixin.py:137} INFO - [2024-10-15T14:58:39.503-0300] {dag.py:3452} INFO - Setting next_dagrun for example_trigger_controller_dag to 2021-01-01T00:00:00+00:00, run_after=2021-01-01T00:00:00+00:00
[2024-10-15T14:58:39.520-0300] {processor.py:175} INFO - Processing /home/beatriz/Documentos/airflow/airflow_venv/lib/python3.10/site-packages/airflow/example_dags/example_trigger_controller_dag.py took 0.061 seconds
[2024-10-15T14:59:22.181-0300] {processor.py:153} INFO - Started process (PID=36463) to work on /home/beatriz/Documentos/airflow/airflow_venv/lib/python3.10/site-packages/airflow/example_dags/example_trigger_controller_dag.py
[2024-10-15T14:59:22.184-0300] {processor.py:743} INFO - Processing file /home/beatriz/Documentos/airflow/airflow_venv/lib/python3.10/site-packages/airflow/example_dags/example_trigger_controller_dag.py for tasks to queue
[2024-10-15T14:59:22.186-0300] {logging_mixin.py:137} INFO - [2024-10-15T14:59:22.185-0300] {dagbag.py:532} INFO - Filling up the DagBag from /home/beatriz/Documentos/airflow/airflow_venv/lib/python3.10/site-packages/airflow/example_dags/example_trigger_controller_dag.py
[2024-10-15T14:59:22.208-0300] {processor.py:753} INFO - DAG(s) dict_keys(['example_trigger_controller_dag']) retrieved from /home/beatriz/Documentos/airflow/airflow_venv/lib/python3.10/site-packages/airflow/example_dags/example_trigger_controller_dag.py
[2024-10-15T14:59:22.226-0300] {logging_mixin.py:137} INFO - [2024-10-15T14:59:22.226-0300] {dag.py:2705} INFO - Sync 1 DAGs
[2024-10-15T14:59:22.243-0300] {logging_mixin.py:137} INFO - [2024-10-15T14:59:22.243-0300] {dag.py:3452} INFO - Setting next_dagrun for example_trigger_controller_dag to 2021-01-01T00:00:00+00:00, run_after=2021-01-01T00:00:00+00:00
[2024-10-15T14:59:22.260-0300] {processor.py:175} INFO - Processing /home/beatriz/Documentos/airflow/airflow_venv/lib/python3.10/site-packages/airflow/example_dags/example_trigger_controller_dag.py took 0.084 seconds
[2024-10-15T15:00:03.399-0300] {processor.py:153} INFO - Started process (PID=36579) to work on /home/beatriz/Documentos/airflow/airflow_venv/lib/python3.10/site-packages/airflow/example_dags/example_trigger_controller_dag.py
[2024-10-15T15:00:03.402-0300] {processor.py:743} INFO - Processing file /home/beatriz/Documentos/airflow/airflow_venv/lib/python3.10/site-packages/airflow/example_dags/example_trigger_controller_dag.py for tasks to queue
[2024-10-15T15:00:03.404-0300] {logging_mixin.py:137} INFO - [2024-10-15T15:00:03.404-0300] {dagbag.py:532} INFO - Filling up the DagBag from /home/beatriz/Documentos/airflow/airflow_venv/lib/python3.10/site-packages/airflow/example_dags/example_trigger_controller_dag.py
[2024-10-15T15:00:03.425-0300] {processor.py:753} INFO - DAG(s) dict_keys(['example_trigger_controller_dag']) retrieved from /home/beatriz/Documentos/airflow/airflow_venv/lib/python3.10/site-packages/airflow/example_dags/example_trigger_controller_dag.py
[2024-10-15T15:00:03.442-0300] {logging_mixin.py:137} INFO - [2024-10-15T15:00:03.442-0300] {dag.py:2705} INFO - Sync 1 DAGs
[2024-10-15T15:00:03.457-0300] {logging_mixin.py:137} INFO - [2024-10-15T15:00:03.457-0300] {dag.py:3452} INFO - Setting next_dagrun for example_trigger_controller_dag to 2021-01-01T00:00:00+00:00, run_after=2021-01-01T00:00:00+00:00
[2024-10-15T15:00:03.479-0300] {processor.py:175} INFO - Processing /home/beatriz/Documentos/airflow/airflow_venv/lib/python3.10/site-packages/airflow/example_dags/example_trigger_controller_dag.py took 0.086 seconds
[2024-10-15T15:00:46.182-0300] {processor.py:153} INFO - Started process (PID=36724) to work on /home/beatriz/Documentos/airflow/airflow_venv/lib/python3.10/site-packages/airflow/example_dags/example_trigger_controller_dag.py
[2024-10-15T15:00:46.185-0300] {processor.py:743} INFO - Processing file /home/beatriz/Documentos/airflow/airflow_venv/lib/python3.10/site-packages/airflow/example_dags/example_trigger_controller_dag.py for tasks to queue
[2024-10-15T15:00:46.188-0300] {logging_mixin.py:137} INFO - [2024-10-15T15:00:46.187-0300] {dagbag.py:532} INFO - Filling up the DagBag from /home/beatriz/Documentos/airflow/airflow_venv/lib/python3.10/site-packages/airflow/example_dags/example_trigger_controller_dag.py
[2024-10-15T15:00:46.209-0300] {processor.py:753} INFO - DAG(s) dict_keys(['example_trigger_controller_dag']) retrieved from /home/beatriz/Documentos/airflow/airflow_venv/lib/python3.10/site-packages/airflow/example_dags/example_trigger_controller_dag.py
[2024-10-15T15:00:46.225-0300] {logging_mixin.py:137} INFO - [2024-10-15T15:00:46.225-0300] {dag.py:2705} INFO - Sync 1 DAGs
[2024-10-15T15:00:46.240-0300] {logging_mixin.py:137} INFO - [2024-10-15T15:00:46.240-0300] {dag.py:3452} INFO - Setting next_dagrun for example_trigger_controller_dag to 2021-01-01T00:00:00+00:00, run_after=2021-01-01T00:00:00+00:00
[2024-10-15T15:00:46.257-0300] {processor.py:175} INFO - Processing /home/beatriz/Documentos/airflow/airflow_venv/lib/python3.10/site-packages/airflow/example_dags/example_trigger_controller_dag.py took 0.082 seconds
[2024-10-15T15:01:23.954-0300] {processor.py:153} INFO - Started process (PID=36872) to work on /home/beatriz/Documentos/airflow/airflow_venv/lib/python3.10/site-packages/airflow/example_dags/example_trigger_controller_dag.py
[2024-10-15T15:01:23.957-0300] {processor.py:743} INFO - Processing file /home/beatriz/Documentos/airflow/airflow_venv/lib/python3.10/site-packages/airflow/example_dags/example_trigger_controller_dag.py for tasks to queue
[2024-10-15T15:01:23.959-0300] {logging_mixin.py:137} INFO - [2024-10-15T15:01:23.958-0300] {dagbag.py:532} INFO - Filling up the DagBag from /home/beatriz/Documentos/airflow/airflow_venv/lib/python3.10/site-packages/airflow/example_dags/example_trigger_controller_dag.py
[2024-10-15T15:01:23.980-0300] {processor.py:753} INFO - DAG(s) dict_keys(['example_trigger_controller_dag']) retrieved from /home/beatriz/Documentos/airflow/airflow_venv/lib/python3.10/site-packages/airflow/example_dags/example_trigger_controller_dag.py
[2024-10-15T15:01:23.997-0300] {logging_mixin.py:137} INFO - [2024-10-15T15:01:23.997-0300] {dag.py:2705} INFO - Sync 1 DAGs
[2024-10-15T15:01:24.012-0300] {logging_mixin.py:137} INFO - [2024-10-15T15:01:24.012-0300] {dag.py:3452} INFO - Setting next_dagrun for example_trigger_controller_dag to 2021-01-01T00:00:00+00:00, run_after=2021-01-01T00:00:00+00:00
[2024-10-15T15:01:24.031-0300] {processor.py:175} INFO - Processing /home/beatriz/Documentos/airflow/airflow_venv/lib/python3.10/site-packages/airflow/example_dags/example_trigger_controller_dag.py took 0.083 seconds
[2024-10-15T15:02:04.279-0300] {processor.py:153} INFO - Started process (PID=36995) to work on /home/beatriz/Documentos/airflow/airflow_venv/lib/python3.10/site-packages/airflow/example_dags/example_trigger_controller_dag.py
[2024-10-15T15:02:04.281-0300] {processor.py:743} INFO - Processing file /home/beatriz/Documentos/airflow/airflow_venv/lib/python3.10/site-packages/airflow/example_dags/example_trigger_controller_dag.py for tasks to queue
[2024-10-15T15:02:04.281-0300] {logging_mixin.py:137} INFO - [2024-10-15T15:02:04.281-0300] {dagbag.py:532} INFO - Filling up the DagBag from /home/beatriz/Documentos/airflow/airflow_venv/lib/python3.10/site-packages/airflow/example_dags/example_trigger_controller_dag.py
[2024-10-15T15:02:04.290-0300] {processor.py:753} INFO - DAG(s) dict_keys(['example_trigger_controller_dag']) retrieved from /home/beatriz/Documentos/airflow/airflow_venv/lib/python3.10/site-packages/airflow/example_dags/example_trigger_controller_dag.py
[2024-10-15T15:02:04.304-0300] {logging_mixin.py:137} INFO - [2024-10-15T15:02:04.304-0300] {dag.py:2705} INFO - Sync 1 DAGs
[2024-10-15T15:02:04.318-0300] {logging_mixin.py:137} INFO - [2024-10-15T15:02:04.318-0300] {dag.py:3452} INFO - Setting next_dagrun for example_trigger_controller_dag to 2021-01-01T00:00:00+00:00, run_after=2021-01-01T00:00:00+00:00
[2024-10-15T15:02:04.336-0300] {processor.py:175} INFO - Processing /home/beatriz/Documentos/airflow/airflow_venv/lib/python3.10/site-packages/airflow/example_dags/example_trigger_controller_dag.py took 0.060 seconds
[2024-10-15T15:02:43.779-0300] {processor.py:153} INFO - Started process (PID=37124) to work on /home/beatriz/Documentos/airflow/airflow_venv/lib/python3.10/site-packages/airflow/example_dags/example_trigger_controller_dag.py
[2024-10-15T15:02:43.782-0300] {processor.py:743} INFO - Processing file /home/beatriz/Documentos/airflow/airflow_venv/lib/python3.10/site-packages/airflow/example_dags/example_trigger_controller_dag.py for tasks to queue
[2024-10-15T15:02:43.783-0300] {logging_mixin.py:137} INFO - [2024-10-15T15:02:43.783-0300] {dagbag.py:532} INFO - Filling up the DagBag from /home/beatriz/Documentos/airflow/airflow_venv/lib/python3.10/site-packages/airflow/example_dags/example_trigger_controller_dag.py
[2024-10-15T15:02:43.805-0300] {processor.py:753} INFO - DAG(s) dict_keys(['example_trigger_controller_dag']) retrieved from /home/beatriz/Documentos/airflow/airflow_venv/lib/python3.10/site-packages/airflow/example_dags/example_trigger_controller_dag.py
[2024-10-15T15:02:43.824-0300] {logging_mixin.py:137} INFO - [2024-10-15T15:02:43.823-0300] {dag.py:2705} INFO - Sync 1 DAGs
[2024-10-15T15:02:43.839-0300] {logging_mixin.py:137} INFO - [2024-10-15T15:02:43.839-0300] {dag.py:3452} INFO - Setting next_dagrun for example_trigger_controller_dag to 2021-01-01T00:00:00+00:00, run_after=2021-01-01T00:00:00+00:00
[2024-10-15T15:02:43.856-0300] {processor.py:175} INFO - Processing /home/beatriz/Documentos/airflow/airflow_venv/lib/python3.10/site-packages/airflow/example_dags/example_trigger_controller_dag.py took 0.083 seconds
[2024-10-15T15:03:20.048-0300] {processor.py:153} INFO - Started process (PID=37250) to work on /home/beatriz/Documentos/airflow/airflow_venv/lib/python3.10/site-packages/airflow/example_dags/example_trigger_controller_dag.py
[2024-10-15T15:03:20.052-0300] {processor.py:743} INFO - Processing file /home/beatriz/Documentos/airflow/airflow_venv/lib/python3.10/site-packages/airflow/example_dags/example_trigger_controller_dag.py for tasks to queue
[2024-10-15T15:03:20.053-0300] {logging_mixin.py:137} INFO - [2024-10-15T15:03:20.053-0300] {dagbag.py:532} INFO - Filling up the DagBag from /home/beatriz/Documentos/airflow/airflow_venv/lib/python3.10/site-packages/airflow/example_dags/example_trigger_controller_dag.py
[2024-10-15T15:03:20.075-0300] {processor.py:753} INFO - DAG(s) dict_keys(['example_trigger_controller_dag']) retrieved from /home/beatriz/Documentos/airflow/airflow_venv/lib/python3.10/site-packages/airflow/example_dags/example_trigger_controller_dag.py
[2024-10-15T15:03:20.091-0300] {logging_mixin.py:137} INFO - [2024-10-15T15:03:20.091-0300] {dag.py:2705} INFO - Sync 1 DAGs
[2024-10-15T15:03:20.107-0300] {logging_mixin.py:137} INFO - [2024-10-15T15:03:20.107-0300] {dag.py:3452} INFO - Setting next_dagrun for example_trigger_controller_dag to 2021-01-01T00:00:00+00:00, run_after=2021-01-01T00:00:00+00:00
[2024-10-15T15:03:20.126-0300] {processor.py:175} INFO - Processing /home/beatriz/Documentos/airflow/airflow_venv/lib/python3.10/site-packages/airflow/example_dags/example_trigger_controller_dag.py took 0.083 seconds
[2024-10-15T15:04:02.977-0300] {processor.py:153} INFO - Started process (PID=37342) to work on /home/beatriz/Documentos/airflow/airflow_venv/lib/python3.10/site-packages/airflow/example_dags/example_trigger_controller_dag.py
[2024-10-15T15:04:02.981-0300] {processor.py:743} INFO - Processing file /home/beatriz/Documentos/airflow/airflow_venv/lib/python3.10/site-packages/airflow/example_dags/example_trigger_controller_dag.py for tasks to queue
[2024-10-15T15:04:02.983-0300] {logging_mixin.py:137} INFO - [2024-10-15T15:04:02.982-0300] {dagbag.py:532} INFO - Filling up the DagBag from /home/beatriz/Documentos/airflow/airflow_venv/lib/python3.10/site-packages/airflow/example_dags/example_trigger_controller_dag.py
[2024-10-15T15:04:03.000-0300] {processor.py:753} INFO - DAG(s) dict_keys(['example_trigger_controller_dag']) retrieved from /home/beatriz/Documentos/airflow/airflow_venv/lib/python3.10/site-packages/airflow/example_dags/example_trigger_controller_dag.py
[2024-10-15T15:04:03.016-0300] {logging_mixin.py:137} INFO - [2024-10-15T15:04:03.016-0300] {dag.py:2705} INFO - Sync 1 DAGs
[2024-10-15T15:04:03.031-0300] {logging_mixin.py:137} INFO - [2024-10-15T15:04:03.031-0300] {dag.py:3452} INFO - Setting next_dagrun for example_trigger_controller_dag to 2021-01-01T00:00:00+00:00, run_after=2021-01-01T00:00:00+00:00
[2024-10-15T15:04:03.048-0300] {processor.py:175} INFO - Processing /home/beatriz/Documentos/airflow/airflow_venv/lib/python3.10/site-packages/airflow/example_dags/example_trigger_controller_dag.py took 0.076 seconds
[2024-10-15T15:04:43.412-0300] {processor.py:153} INFO - Started process (PID=37849) to work on /home/beatriz/Documentos/airflow/airflow_venv/lib/python3.10/site-packages/airflow/example_dags/example_trigger_controller_dag.py
[2024-10-15T15:04:43.414-0300] {processor.py:743} INFO - Processing file /home/beatriz/Documentos/airflow/airflow_venv/lib/python3.10/site-packages/airflow/example_dags/example_trigger_controller_dag.py for tasks to queue
[2024-10-15T15:04:43.414-0300] {logging_mixin.py:137} INFO - [2024-10-15T15:04:43.414-0300] {dagbag.py:532} INFO - Filling up the DagBag from /home/beatriz/Documentos/airflow/airflow_venv/lib/python3.10/site-packages/airflow/example_dags/example_trigger_controller_dag.py
[2024-10-15T15:04:43.424-0300] {processor.py:753} INFO - DAG(s) dict_keys(['example_trigger_controller_dag']) retrieved from /home/beatriz/Documentos/airflow/airflow_venv/lib/python3.10/site-packages/airflow/example_dags/example_trigger_controller_dag.py
[2024-10-15T15:04:43.439-0300] {logging_mixin.py:137} INFO - [2024-10-15T15:04:43.439-0300] {dag.py:2705} INFO - Sync 1 DAGs
[2024-10-15T15:04:43.455-0300] {logging_mixin.py:137} INFO - [2024-10-15T15:04:43.455-0300] {dag.py:3452} INFO - Setting next_dagrun for example_trigger_controller_dag to 2021-01-01T00:00:00+00:00, run_after=2021-01-01T00:00:00+00:00
[2024-10-15T15:04:43.474-0300] {processor.py:175} INFO - Processing /home/beatriz/Documentos/airflow/airflow_venv/lib/python3.10/site-packages/airflow/example_dags/example_trigger_controller_dag.py took 0.065 seconds
[2024-10-15T15:05:26.576-0300] {processor.py:153} INFO - Started process (PID=38206) to work on /home/beatriz/Documentos/airflow/airflow_venv/lib/python3.10/site-packages/airflow/example_dags/example_trigger_controller_dag.py
[2024-10-15T15:05:26.579-0300] {processor.py:743} INFO - Processing file /home/beatriz/Documentos/airflow/airflow_venv/lib/python3.10/site-packages/airflow/example_dags/example_trigger_controller_dag.py for tasks to queue
[2024-10-15T15:05:26.581-0300] {logging_mixin.py:137} INFO - [2024-10-15T15:05:26.581-0300] {dagbag.py:532} INFO - Filling up the DagBag from /home/beatriz/Documentos/airflow/airflow_venv/lib/python3.10/site-packages/airflow/example_dags/example_trigger_controller_dag.py
[2024-10-15T15:05:26.600-0300] {processor.py:753} INFO - DAG(s) dict_keys(['example_trigger_controller_dag']) retrieved from /home/beatriz/Documentos/airflow/airflow_venv/lib/python3.10/site-packages/airflow/example_dags/example_trigger_controller_dag.py
[2024-10-15T15:05:26.617-0300] {logging_mixin.py:137} INFO - [2024-10-15T15:05:26.617-0300] {dag.py:2705} INFO - Sync 1 DAGs
[2024-10-15T15:05:26.632-0300] {logging_mixin.py:137} INFO - [2024-10-15T15:05:26.631-0300] {dag.py:3452} INFO - Setting next_dagrun for example_trigger_controller_dag to 2021-01-01T00:00:00+00:00, run_after=2021-01-01T00:00:00+00:00
[2024-10-15T15:05:26.650-0300] {processor.py:175} INFO - Processing /home/beatriz/Documentos/airflow/airflow_venv/lib/python3.10/site-packages/airflow/example_dags/example_trigger_controller_dag.py took 0.082 seconds
[2024-10-15T15:06:08.619-0300] {processor.py:153} INFO - Started process (PID=38476) to work on /home/beatriz/Documentos/airflow/airflow_venv/lib/python3.10/site-packages/airflow/example_dags/example_trigger_controller_dag.py
[2024-10-15T15:06:08.621-0300] {processor.py:743} INFO - Processing file /home/beatriz/Documentos/airflow/airflow_venv/lib/python3.10/site-packages/airflow/example_dags/example_trigger_controller_dag.py for tasks to queue
[2024-10-15T15:06:08.623-0300] {logging_mixin.py:137} INFO - [2024-10-15T15:06:08.622-0300] {dagbag.py:532} INFO - Filling up the DagBag from /home/beatriz/Documentos/airflow/airflow_venv/lib/python3.10/site-packages/airflow/example_dags/example_trigger_controller_dag.py
[2024-10-15T15:06:08.644-0300] {processor.py:753} INFO - DAG(s) dict_keys(['example_trigger_controller_dag']) retrieved from /home/beatriz/Documentos/airflow/airflow_venv/lib/python3.10/site-packages/airflow/example_dags/example_trigger_controller_dag.py
[2024-10-15T15:06:08.679-0300] {logging_mixin.py:137} INFO - [2024-10-15T15:06:08.679-0300] {dag.py:2705} INFO - Sync 1 DAGs
[2024-10-15T15:06:08.718-0300] {logging_mixin.py:137} INFO - [2024-10-15T15:06:08.718-0300] {dag.py:3452} INFO - Setting next_dagrun for example_trigger_controller_dag to 2021-01-01T00:00:00+00:00, run_after=2021-01-01T00:00:00+00:00
[2024-10-15T15:06:08.762-0300] {processor.py:175} INFO - Processing /home/beatriz/Documentos/airflow/airflow_venv/lib/python3.10/site-packages/airflow/example_dags/example_trigger_controller_dag.py took 0.149 seconds
[2024-10-15T15:06:57.808-0300] {processor.py:153} INFO - Started process (PID=38952) to work on /home/beatriz/Documentos/airflow/airflow_venv/lib/python3.10/site-packages/airflow/example_dags/example_trigger_controller_dag.py
[2024-10-15T15:06:57.810-0300] {processor.py:743} INFO - Processing file /home/beatriz/Documentos/airflow/airflow_venv/lib/python3.10/site-packages/airflow/example_dags/example_trigger_controller_dag.py for tasks to queue
[2024-10-15T15:06:57.812-0300] {logging_mixin.py:137} INFO - [2024-10-15T15:06:57.812-0300] {dagbag.py:532} INFO - Filling up the DagBag from /home/beatriz/Documentos/airflow/airflow_venv/lib/python3.10/site-packages/airflow/example_dags/example_trigger_controller_dag.py
[2024-10-15T15:06:57.827-0300] {processor.py:753} INFO - DAG(s) dict_keys(['example_trigger_controller_dag']) retrieved from /home/beatriz/Documentos/airflow/airflow_venv/lib/python3.10/site-packages/airflow/example_dags/example_trigger_controller_dag.py
[2024-10-15T15:06:57.846-0300] {logging_mixin.py:137} INFO - [2024-10-15T15:06:57.846-0300] {dag.py:2705} INFO - Sync 1 DAGs
[2024-10-15T15:06:57.864-0300] {logging_mixin.py:137} INFO - [2024-10-15T15:06:57.864-0300] {dag.py:3452} INFO - Setting next_dagrun for example_trigger_controller_dag to 2021-01-01T00:00:00+00:00, run_after=2021-01-01T00:00:00+00:00
[2024-10-15T15:06:57.886-0300] {processor.py:175} INFO - Processing /home/beatriz/Documentos/airflow/airflow_venv/lib/python3.10/site-packages/airflow/example_dags/example_trigger_controller_dag.py took 0.084 seconds
[2024-10-15T15:07:42.520-0300] {processor.py:153} INFO - Started process (PID=39320) to work on /home/beatriz/Documentos/airflow/airflow_venv/lib/python3.10/site-packages/airflow/example_dags/example_trigger_controller_dag.py
[2024-10-15T15:07:42.522-0300] {processor.py:743} INFO - Processing file /home/beatriz/Documentos/airflow/airflow_venv/lib/python3.10/site-packages/airflow/example_dags/example_trigger_controller_dag.py for tasks to queue
[2024-10-15T15:07:42.523-0300] {logging_mixin.py:137} INFO - [2024-10-15T15:07:42.523-0300] {dagbag.py:532} INFO - Filling up the DagBag from /home/beatriz/Documentos/airflow/airflow_venv/lib/python3.10/site-packages/airflow/example_dags/example_trigger_controller_dag.py
[2024-10-15T15:07:42.532-0300] {processor.py:753} INFO - DAG(s) dict_keys(['example_trigger_controller_dag']) retrieved from /home/beatriz/Documentos/airflow/airflow_venv/lib/python3.10/site-packages/airflow/example_dags/example_trigger_controller_dag.py
[2024-10-15T15:07:42.546-0300] {logging_mixin.py:137} INFO - [2024-10-15T15:07:42.546-0300] {dag.py:2705} INFO - Sync 1 DAGs
[2024-10-15T15:07:42.562-0300] {logging_mixin.py:137} INFO - [2024-10-15T15:07:42.562-0300] {dag.py:3452} INFO - Setting next_dagrun for example_trigger_controller_dag to 2021-01-01T00:00:00+00:00, run_after=2021-01-01T00:00:00+00:00
[2024-10-15T15:07:42.579-0300] {processor.py:175} INFO - Processing /home/beatriz/Documentos/airflow/airflow_venv/lib/python3.10/site-packages/airflow/example_dags/example_trigger_controller_dag.py took 0.061 seconds
[2024-10-15T15:08:24.920-0300] {processor.py:153} INFO - Started process (PID=39416) to work on /home/beatriz/Documentos/airflow/airflow_venv/lib/python3.10/site-packages/airflow/example_dags/example_trigger_controller_dag.py
[2024-10-15T15:08:24.923-0300] {processor.py:743} INFO - Processing file /home/beatriz/Documentos/airflow/airflow_venv/lib/python3.10/site-packages/airflow/example_dags/example_trigger_controller_dag.py for tasks to queue
[2024-10-15T15:08:24.923-0300] {logging_mixin.py:137} INFO - [2024-10-15T15:08:24.923-0300] {dagbag.py:532} INFO - Filling up the DagBag from /home/beatriz/Documentos/airflow/airflow_venv/lib/python3.10/site-packages/airflow/example_dags/example_trigger_controller_dag.py
[2024-10-15T15:08:24.935-0300] {processor.py:753} INFO - DAG(s) dict_keys(['example_trigger_controller_dag']) retrieved from /home/beatriz/Documentos/airflow/airflow_venv/lib/python3.10/site-packages/airflow/example_dags/example_trigger_controller_dag.py
[2024-10-15T15:08:24.952-0300] {logging_mixin.py:137} INFO - [2024-10-15T15:08:24.952-0300] {dag.py:2705} INFO - Sync 1 DAGs
[2024-10-15T15:08:24.968-0300] {logging_mixin.py:137} INFO - [2024-10-15T15:08:24.968-0300] {dag.py:3452} INFO - Setting next_dagrun for example_trigger_controller_dag to 2021-01-01T00:00:00+00:00, run_after=2021-01-01T00:00:00+00:00
[2024-10-15T15:08:24.985-0300] {processor.py:175} INFO - Processing /home/beatriz/Documentos/airflow/airflow_venv/lib/python3.10/site-packages/airflow/example_dags/example_trigger_controller_dag.py took 0.068 seconds
[2024-10-15T15:09:07.469-0300] {processor.py:153} INFO - Started process (PID=39525) to work on /home/beatriz/Documentos/airflow/airflow_venv/lib/python3.10/site-packages/airflow/example_dags/example_trigger_controller_dag.py
[2024-10-15T15:09:07.471-0300] {processor.py:743} INFO - Processing file /home/beatriz/Documentos/airflow/airflow_venv/lib/python3.10/site-packages/airflow/example_dags/example_trigger_controller_dag.py for tasks to queue
[2024-10-15T15:09:07.472-0300] {logging_mixin.py:137} INFO - [2024-10-15T15:09:07.472-0300] {dagbag.py:532} INFO - Filling up the DagBag from /home/beatriz/Documentos/airflow/airflow_venv/lib/python3.10/site-packages/airflow/example_dags/example_trigger_controller_dag.py
[2024-10-15T15:09:07.481-0300] {processor.py:753} INFO - DAG(s) dict_keys(['example_trigger_controller_dag']) retrieved from /home/beatriz/Documentos/airflow/airflow_venv/lib/python3.10/site-packages/airflow/example_dags/example_trigger_controller_dag.py
[2024-10-15T15:09:07.497-0300] {logging_mixin.py:137} INFO - [2024-10-15T15:09:07.497-0300] {dag.py:2705} INFO - Sync 1 DAGs
[2024-10-15T15:09:07.513-0300] {logging_mixin.py:137} INFO - [2024-10-15T15:09:07.513-0300] {dag.py:3452} INFO - Setting next_dagrun for example_trigger_controller_dag to 2021-01-01T00:00:00+00:00, run_after=2021-01-01T00:00:00+00:00
[2024-10-15T15:09:07.531-0300] {processor.py:175} INFO - Processing /home/beatriz/Documentos/airflow/airflow_venv/lib/python3.10/site-packages/airflow/example_dags/example_trigger_controller_dag.py took 0.064 seconds
[2024-10-15T15:09:50.103-0300] {processor.py:153} INFO - Started process (PID=39616) to work on /home/beatriz/Documentos/airflow/airflow_venv/lib/python3.10/site-packages/airflow/example_dags/example_trigger_controller_dag.py
[2024-10-15T15:09:50.106-0300] {processor.py:743} INFO - Processing file /home/beatriz/Documentos/airflow/airflow_venv/lib/python3.10/site-packages/airflow/example_dags/example_trigger_controller_dag.py for tasks to queue
[2024-10-15T15:09:50.109-0300] {logging_mixin.py:137} INFO - [2024-10-15T15:09:50.108-0300] {dagbag.py:532} INFO - Filling up the DagBag from /home/beatriz/Documentos/airflow/airflow_venv/lib/python3.10/site-packages/airflow/example_dags/example_trigger_controller_dag.py
[2024-10-15T15:09:50.130-0300] {processor.py:753} INFO - DAG(s) dict_keys(['example_trigger_controller_dag']) retrieved from /home/beatriz/Documentos/airflow/airflow_venv/lib/python3.10/site-packages/airflow/example_dags/example_trigger_controller_dag.py
[2024-10-15T15:09:50.151-0300] {logging_mixin.py:137} INFO - [2024-10-15T15:09:50.151-0300] {dag.py:2705} INFO - Sync 1 DAGs
[2024-10-15T15:09:50.166-0300] {logging_mixin.py:137} INFO - [2024-10-15T15:09:50.166-0300] {dag.py:3452} INFO - Setting next_dagrun for example_trigger_controller_dag to 2021-01-01T00:00:00+00:00, run_after=2021-01-01T00:00:00+00:00
[2024-10-15T15:09:50.183-0300] {processor.py:175} INFO - Processing /home/beatriz/Documentos/airflow/airflow_venv/lib/python3.10/site-packages/airflow/example_dags/example_trigger_controller_dag.py took 0.082 seconds
[2024-10-15T15:10:35.679-0300] {processor.py:153} INFO - Started process (PID=39764) to work on /home/beatriz/Documentos/airflow/airflow_venv/lib/python3.10/site-packages/airflow/example_dags/example_trigger_controller_dag.py
[2024-10-15T15:10:35.682-0300] {processor.py:743} INFO - Processing file /home/beatriz/Documentos/airflow/airflow_venv/lib/python3.10/site-packages/airflow/example_dags/example_trigger_controller_dag.py for tasks to queue
[2024-10-15T15:10:35.683-0300] {logging_mixin.py:137} INFO - [2024-10-15T15:10:35.683-0300] {dagbag.py:532} INFO - Filling up the DagBag from /home/beatriz/Documentos/airflow/airflow_venv/lib/python3.10/site-packages/airflow/example_dags/example_trigger_controller_dag.py
[2024-10-15T15:10:35.700-0300] {processor.py:753} INFO - DAG(s) dict_keys(['example_trigger_controller_dag']) retrieved from /home/beatriz/Documentos/airflow/airflow_venv/lib/python3.10/site-packages/airflow/example_dags/example_trigger_controller_dag.py
[2024-10-15T15:10:35.721-0300] {logging_mixin.py:137} INFO - [2024-10-15T15:10:35.721-0300] {dag.py:2705} INFO - Sync 1 DAGs
[2024-10-15T15:10:35.743-0300] {logging_mixin.py:137} INFO - [2024-10-15T15:10:35.743-0300] {dag.py:3452} INFO - Setting next_dagrun for example_trigger_controller_dag to 2021-01-01T00:00:00+00:00, run_after=2021-01-01T00:00:00+00:00
[2024-10-15T15:10:35.787-0300] {processor.py:175} INFO - Processing /home/beatriz/Documentos/airflow/airflow_venv/lib/python3.10/site-packages/airflow/example_dags/example_trigger_controller_dag.py took 0.111 seconds
[2024-10-15T15:35:23.081-0300] {processor.py:161} INFO - Started process (PID=41875) to work on /home/beatriz/Documentos/airflow/airflow_venv/lib/python3.10/site-packages/airflow/example_dags/example_trigger_controller_dag.py
[2024-10-15T15:35:23.084-0300] {processor.py:830} INFO - Processing file /home/beatriz/Documentos/airflow/airflow_venv/lib/python3.10/site-packages/airflow/example_dags/example_trigger_controller_dag.py for tasks to queue
[2024-10-15T15:35:23.088-0300] {logging_mixin.py:188} INFO - [2024-10-15T15:35:23.087-0300] {dagbag.py:540} INFO - Filling up the DagBag from /home/beatriz/Documentos/airflow/airflow_venv/lib/python3.10/site-packages/airflow/example_dags/example_trigger_controller_dag.py
[2024-10-15T15:35:23.099-0300] {processor.py:840} INFO - DAG(s) 'example_trigger_controller_dag' retrieved from /home/beatriz/Documentos/airflow/airflow_venv/lib/python3.10/site-packages/airflow/example_dags/example_trigger_controller_dag.py
[2024-10-15T15:35:23.108-0300] {logging_mixin.py:188} INFO - [2024-10-15T15:35:23.108-0300] {dag.py:3096} INFO - Sync 1 DAGs
[2024-10-15T15:35:23.125-0300] {logging_mixin.py:188} INFO - [2024-10-15T15:35:23.125-0300] {dag.py:3954} INFO - Setting next_dagrun for example_trigger_controller_dag to 2021-01-01 00:00:00+00:00, run_after=2021-01-01 00:00:00+00:00
[2024-10-15T15:35:23.144-0300] {processor.py:183} INFO - Processing /home/beatriz/Documentos/airflow/airflow_venv/lib/python3.10/site-packages/airflow/example_dags/example_trigger_controller_dag.py took 0.074 seconds
[2024-10-15T15:36:15.838-0300] {processor.py:161} INFO - Started process (PID=42368) to work on /home/beatriz/Documentos/airflow/airflow_venv/lib/python3.10/site-packages/airflow/example_dags/example_trigger_controller_dag.py
[2024-10-15T15:36:15.840-0300] {processor.py:830} INFO - Processing file /home/beatriz/Documentos/airflow/airflow_venv/lib/python3.10/site-packages/airflow/example_dags/example_trigger_controller_dag.py for tasks to queue
[2024-10-15T15:36:15.842-0300] {logging_mixin.py:188} INFO - [2024-10-15T15:36:15.841-0300] {dagbag.py:540} INFO - Filling up the DagBag from /home/beatriz/Documentos/airflow/airflow_venv/lib/python3.10/site-packages/airflow/example_dags/example_trigger_controller_dag.py
[2024-10-15T15:36:15.847-0300] {processor.py:840} INFO - DAG(s) 'example_trigger_controller_dag' retrieved from /home/beatriz/Documentos/airflow/airflow_venv/lib/python3.10/site-packages/airflow/example_dags/example_trigger_controller_dag.py
[2024-10-15T15:36:15.945-0300] {logging_mixin.py:188} INFO - [2024-10-15T15:36:15.945-0300] {dag.py:3096} INFO - Sync 1 DAGs
[2024-10-15T15:36:16.041-0300] {logging_mixin.py:188} INFO - [2024-10-15T15:36:16.041-0300] {dag.py:3954} INFO - Setting next_dagrun for example_trigger_controller_dag to 2021-01-01 00:00:00+00:00, run_after=2021-01-01 00:00:00+00:00
[2024-10-15T15:36:16.062-0300] {processor.py:183} INFO - Processing /home/beatriz/Documentos/airflow/airflow_venv/lib/python3.10/site-packages/airflow/example_dags/example_trigger_controller_dag.py took 0.229 seconds
[2024-10-15T15:37:08.291-0300] {processor.py:161} INFO - Started process (PID=42730) to work on /home/beatriz/Documentos/airflow/airflow_venv/lib/python3.10/site-packages/airflow/example_dags/example_trigger_controller_dag.py
[2024-10-15T15:37:08.292-0300] {processor.py:830} INFO - Processing file /home/beatriz/Documentos/airflow/airflow_venv/lib/python3.10/site-packages/airflow/example_dags/example_trigger_controller_dag.py for tasks to queue
[2024-10-15T15:37:08.293-0300] {logging_mixin.py:188} INFO - [2024-10-15T15:37:08.293-0300] {dagbag.py:540} INFO - Filling up the DagBag from /home/beatriz/Documentos/airflow/airflow_venv/lib/python3.10/site-packages/airflow/example_dags/example_trigger_controller_dag.py
[2024-10-15T15:37:08.296-0300] {processor.py:840} INFO - DAG(s) 'example_trigger_controller_dag' retrieved from /home/beatriz/Documentos/airflow/airflow_venv/lib/python3.10/site-packages/airflow/example_dags/example_trigger_controller_dag.py
[2024-10-15T15:37:08.307-0300] {logging_mixin.py:188} INFO - [2024-10-15T15:37:08.307-0300] {dag.py:3096} INFO - Sync 1 DAGs
[2024-10-15T15:37:08.321-0300] {logging_mixin.py:188} INFO - [2024-10-15T15:37:08.321-0300] {dag.py:3954} INFO - Setting next_dagrun for example_trigger_controller_dag to 2021-01-01 00:00:00+00:00, run_after=2021-01-01 00:00:00+00:00
[2024-10-15T15:37:08.339-0300] {processor.py:183} INFO - Processing /home/beatriz/Documentos/airflow/airflow_venv/lib/python3.10/site-packages/airflow/example_dags/example_trigger_controller_dag.py took 0.052 seconds
[2024-10-15T15:37:55.109-0300] {processor.py:161} INFO - Started process (PID=43158) to work on /home/beatriz/Documentos/airflow/airflow_venv/lib/python3.10/site-packages/airflow/example_dags/example_trigger_controller_dag.py
[2024-10-15T15:37:55.111-0300] {processor.py:830} INFO - Processing file /home/beatriz/Documentos/airflow/airflow_venv/lib/python3.10/site-packages/airflow/example_dags/example_trigger_controller_dag.py for tasks to queue
[2024-10-15T15:37:55.114-0300] {logging_mixin.py:188} INFO - [2024-10-15T15:37:55.113-0300] {dagbag.py:540} INFO - Filling up the DagBag from /home/beatriz/Documentos/airflow/airflow_venv/lib/python3.10/site-packages/airflow/example_dags/example_trigger_controller_dag.py
[2024-10-15T15:37:55.121-0300] {processor.py:840} INFO - DAG(s) 'example_trigger_controller_dag' retrieved from /home/beatriz/Documentos/airflow/airflow_venv/lib/python3.10/site-packages/airflow/example_dags/example_trigger_controller_dag.py
[2024-10-15T15:37:55.135-0300] {logging_mixin.py:188} INFO - [2024-10-15T15:37:55.134-0300] {dag.py:3096} INFO - Sync 1 DAGs
[2024-10-15T15:37:55.228-0300] {logging_mixin.py:188} INFO - [2024-10-15T15:37:55.227-0300] {dag.py:3954} INFO - Setting next_dagrun for example_trigger_controller_dag to 2021-01-01 00:00:00+00:00, run_after=2021-01-01 00:00:00+00:00
[2024-10-15T15:37:55.251-0300] {processor.py:183} INFO - Processing /home/beatriz/Documentos/airflow/airflow_venv/lib/python3.10/site-packages/airflow/example_dags/example_trigger_controller_dag.py took 0.150 seconds
[2024-10-15T15:38:44.448-0300] {processor.py:161} INFO - Started process (PID=43506) to work on /home/beatriz/Documentos/airflow/airflow_venv/lib/python3.10/site-packages/airflow/example_dags/example_trigger_controller_dag.py
[2024-10-15T15:38:44.451-0300] {processor.py:830} INFO - Processing file /home/beatriz/Documentos/airflow/airflow_venv/lib/python3.10/site-packages/airflow/example_dags/example_trigger_controller_dag.py for tasks to queue
[2024-10-15T15:38:44.455-0300] {logging_mixin.py:188} INFO - [2024-10-15T15:38:44.454-0300] {dagbag.py:540} INFO - Filling up the DagBag from /home/beatriz/Documentos/airflow/airflow_venv/lib/python3.10/site-packages/airflow/example_dags/example_trigger_controller_dag.py
[2024-10-15T15:38:44.464-0300] {processor.py:840} INFO - DAG(s) 'example_trigger_controller_dag' retrieved from /home/beatriz/Documentos/airflow/airflow_venv/lib/python3.10/site-packages/airflow/example_dags/example_trigger_controller_dag.py
[2024-10-15T15:38:44.480-0300] {logging_mixin.py:188} INFO - [2024-10-15T15:38:44.480-0300] {dag.py:3096} INFO - Sync 1 DAGs
[2024-10-15T15:38:44.495-0300] {logging_mixin.py:188} INFO - [2024-10-15T15:38:44.495-0300] {dag.py:3954} INFO - Setting next_dagrun for example_trigger_controller_dag to 2021-01-01 00:00:00+00:00, run_after=2021-01-01 00:00:00+00:00
[2024-10-15T15:38:44.513-0300] {processor.py:183} INFO - Processing /home/beatriz/Documentos/airflow/airflow_venv/lib/python3.10/site-packages/airflow/example_dags/example_trigger_controller_dag.py took 0.077 seconds
[2024-10-15T15:39:30.916-0300] {processor.py:161} INFO - Started process (PID=44044) to work on /home/beatriz/Documentos/airflow/airflow_venv/lib/python3.10/site-packages/airflow/example_dags/example_trigger_controller_dag.py
[2024-10-15T15:39:30.919-0300] {processor.py:830} INFO - Processing file /home/beatriz/Documentos/airflow/airflow_venv/lib/python3.10/site-packages/airflow/example_dags/example_trigger_controller_dag.py for tasks to queue
[2024-10-15T15:39:30.922-0300] {logging_mixin.py:188} INFO - [2024-10-15T15:39:30.921-0300] {dagbag.py:540} INFO - Filling up the DagBag from /home/beatriz/Documentos/airflow/airflow_venv/lib/python3.10/site-packages/airflow/example_dags/example_trigger_controller_dag.py
[2024-10-15T15:39:30.928-0300] {processor.py:840} INFO - DAG(s) 'example_trigger_controller_dag' retrieved from /home/beatriz/Documentos/airflow/airflow_venv/lib/python3.10/site-packages/airflow/example_dags/example_trigger_controller_dag.py
[2024-10-15T15:39:30.943-0300] {logging_mixin.py:188} INFO - [2024-10-15T15:39:30.942-0300] {dag.py:3096} INFO - Sync 1 DAGs
[2024-10-15T15:39:30.957-0300] {logging_mixin.py:188} INFO - [2024-10-15T15:39:30.957-0300] {dag.py:3954} INFO - Setting next_dagrun for example_trigger_controller_dag to 2021-01-01 00:00:00+00:00, run_after=2021-01-01 00:00:00+00:00
[2024-10-15T15:39:30.976-0300] {processor.py:183} INFO - Processing /home/beatriz/Documentos/airflow/airflow_venv/lib/python3.10/site-packages/airflow/example_dags/example_trigger_controller_dag.py took 0.076 seconds
[2024-10-15T15:40:24.744-0300] {processor.py:161} INFO - Started process (PID=44310) to work on /home/beatriz/Documentos/airflow/airflow_venv/lib/python3.10/site-packages/airflow/example_dags/example_trigger_controller_dag.py
[2024-10-15T15:40:24.746-0300] {processor.py:830} INFO - Processing file /home/beatriz/Documentos/airflow/airflow_venv/lib/python3.10/site-packages/airflow/example_dags/example_trigger_controller_dag.py for tasks to queue
[2024-10-15T15:40:24.747-0300] {logging_mixin.py:188} INFO - [2024-10-15T15:40:24.747-0300] {dagbag.py:540} INFO - Filling up the DagBag from /home/beatriz/Documentos/airflow/airflow_venv/lib/python3.10/site-packages/airflow/example_dags/example_trigger_controller_dag.py
[2024-10-15T15:40:24.752-0300] {processor.py:840} INFO - DAG(s) 'example_trigger_controller_dag' retrieved from /home/beatriz/Documentos/airflow/airflow_venv/lib/python3.10/site-packages/airflow/example_dags/example_trigger_controller_dag.py
[2024-10-15T15:40:24.764-0300] {logging_mixin.py:188} INFO - [2024-10-15T15:40:24.764-0300] {dag.py:3096} INFO - Sync 1 DAGs
[2024-10-15T15:40:24.782-0300] {logging_mixin.py:188} INFO - [2024-10-15T15:40:24.781-0300] {dag.py:3954} INFO - Setting next_dagrun for example_trigger_controller_dag to 2021-01-01 00:00:00+00:00, run_after=2021-01-01 00:00:00+00:00
[2024-10-15T15:40:24.804-0300] {processor.py:183} INFO - Processing /home/beatriz/Documentos/airflow/airflow_venv/lib/python3.10/site-packages/airflow/example_dags/example_trigger_controller_dag.py took 0.065 seconds
