[2024-10-15T14:14:36.458-0300] {processor.py:153} INFO - Started process (PID=26540) to work on /home/beatriz/Documentos/airflow/airflow_venv/lib/python3.10/site-packages/airflow/example_dags/tutorial_taskflow_api.py
[2024-10-15T14:14:36.460-0300] {processor.py:743} INFO - Processing file /home/beatriz/Documentos/airflow/airflow_venv/lib/python3.10/site-packages/airflow/example_dags/tutorial_taskflow_api.py for tasks to queue
[2024-10-15T14:14:36.463-0300] {logging_mixin.py:137} INFO - [2024-10-15T14:14:36.462-0300] {dagbag.py:532} INFO - Filling up the DagBag from /home/beatriz/Documentos/airflow/airflow_venv/lib/python3.10/site-packages/airflow/example_dags/tutorial_taskflow_api.py
[2024-10-15T14:14:36.493-0300] {processor.py:753} INFO - DAG(s) dict_keys(['tutorial_taskflow_api']) retrieved from /home/beatriz/Documentos/airflow/airflow_venv/lib/python3.10/site-packages/airflow/example_dags/tutorial_taskflow_api.py
[2024-10-15T14:14:36.580-0300] {logging_mixin.py:137} INFO - [2024-10-15T14:14:36.580-0300] {manager.py:504} INFO - Created Permission View: can edit on DAG:tutorial_taskflow_api
[2024-10-15T14:14:36.590-0300] {logging_mixin.py:137} INFO - [2024-10-15T14:14:36.589-0300] {manager.py:504} INFO - Created Permission View: can delete on DAG:tutorial_taskflow_api
[2024-10-15T14:14:36.599-0300] {logging_mixin.py:137} INFO - [2024-10-15T14:14:36.599-0300] {manager.py:504} INFO - Created Permission View: can read on DAG:tutorial_taskflow_api
[2024-10-15T14:14:36.599-0300] {logging_mixin.py:137} INFO - [2024-10-15T14:14:36.599-0300] {dag.py:2705} INFO - Sync 1 DAGs
[2024-10-15T14:14:36.607-0300] {logging_mixin.py:137} INFO - [2024-10-15T14:14:36.607-0300] {dag.py:2726} INFO - Creating ORM DAG for tutorial_taskflow_api
[2024-10-15T14:14:36.615-0300] {logging_mixin.py:137} INFO - [2024-10-15T14:14:36.614-0300] {dag.py:3452} INFO - Setting next_dagrun for tutorial_taskflow_api to None, run_after=None
[2024-10-15T14:14:36.634-0300] {processor.py:175} INFO - Processing /home/beatriz/Documentos/airflow/airflow_venv/lib/python3.10/site-packages/airflow/example_dags/tutorial_taskflow_api.py took 0.181 seconds
[2024-10-15T14:15:27.041-0300] {processor.py:153} INFO - Started process (PID=26630) to work on /home/beatriz/Documentos/airflow/airflow_venv/lib/python3.10/site-packages/airflow/example_dags/tutorial_taskflow_api.py
[2024-10-15T14:15:27.043-0300] {processor.py:743} INFO - Processing file /home/beatriz/Documentos/airflow/airflow_venv/lib/python3.10/site-packages/airflow/example_dags/tutorial_taskflow_api.py for tasks to queue
[2024-10-15T14:15:27.044-0300] {logging_mixin.py:137} INFO - [2024-10-15T14:15:27.044-0300] {dagbag.py:532} INFO - Filling up the DagBag from /home/beatriz/Documentos/airflow/airflow_venv/lib/python3.10/site-packages/airflow/example_dags/tutorial_taskflow_api.py
[2024-10-15T14:15:27.079-0300] {processor.py:753} INFO - DAG(s) dict_keys(['tutorial_taskflow_api']) retrieved from /home/beatriz/Documentos/airflow/airflow_venv/lib/python3.10/site-packages/airflow/example_dags/tutorial_taskflow_api.py
[2024-10-15T14:15:27.084-0300] {logging_mixin.py:137} INFO - [2024-10-15T14:15:27.084-0300] {dag.py:2705} INFO - Sync 1 DAGs
[2024-10-15T14:15:27.099-0300] {logging_mixin.py:137} INFO - [2024-10-15T14:15:27.099-0300] {dag.py:3452} INFO - Setting next_dagrun for tutorial_taskflow_api to None, run_after=None
[2024-10-15T14:15:27.116-0300] {processor.py:175} INFO - Processing /home/beatriz/Documentos/airflow/airflow_venv/lib/python3.10/site-packages/airflow/example_dags/tutorial_taskflow_api.py took 0.079 seconds
[2024-10-15T14:16:07.444-0300] {processor.py:153} INFO - Started process (PID=26763) to work on /home/beatriz/Documentos/airflow/airflow_venv/lib/python3.10/site-packages/airflow/example_dags/tutorial_taskflow_api.py
[2024-10-15T14:16:07.446-0300] {processor.py:743} INFO - Processing file /home/beatriz/Documentos/airflow/airflow_venv/lib/python3.10/site-packages/airflow/example_dags/tutorial_taskflow_api.py for tasks to queue
[2024-10-15T14:16:07.447-0300] {logging_mixin.py:137} INFO - [2024-10-15T14:16:07.447-0300] {dagbag.py:532} INFO - Filling up the DagBag from /home/beatriz/Documentos/airflow/airflow_venv/lib/python3.10/site-packages/airflow/example_dags/tutorial_taskflow_api.py
[2024-10-15T14:16:07.471-0300] {processor.py:753} INFO - DAG(s) dict_keys(['tutorial_taskflow_api']) retrieved from /home/beatriz/Documentos/airflow/airflow_venv/lib/python3.10/site-packages/airflow/example_dags/tutorial_taskflow_api.py
[2024-10-15T14:16:07.486-0300] {logging_mixin.py:137} INFO - [2024-10-15T14:16:07.486-0300] {dag.py:2705} INFO - Sync 1 DAGs
[2024-10-15T14:16:07.500-0300] {logging_mixin.py:137} INFO - [2024-10-15T14:16:07.500-0300] {dag.py:3452} INFO - Setting next_dagrun for tutorial_taskflow_api to None, run_after=None
[2024-10-15T14:16:07.518-0300] {processor.py:175} INFO - Processing /home/beatriz/Documentos/airflow/airflow_venv/lib/python3.10/site-packages/airflow/example_dags/tutorial_taskflow_api.py took 0.076 seconds
[2024-10-15T14:17:54.983-0300] {processor.py:153} INFO - Started process (PID=27030) to work on /home/beatriz/Documentos/airflow/airflow_venv/lib/python3.10/site-packages/airflow/example_dags/tutorial_taskflow_api.py
[2024-10-15T14:17:54.985-0300] {processor.py:743} INFO - Processing file /home/beatriz/Documentos/airflow/airflow_venv/lib/python3.10/site-packages/airflow/example_dags/tutorial_taskflow_api.py for tasks to queue
[2024-10-15T14:17:54.986-0300] {logging_mixin.py:137} INFO - [2024-10-15T14:17:54.986-0300] {dagbag.py:532} INFO - Filling up the DagBag from /home/beatriz/Documentos/airflow/airflow_venv/lib/python3.10/site-packages/airflow/example_dags/tutorial_taskflow_api.py
[2024-10-15T14:17:55.004-0300] {processor.py:753} INFO - DAG(s) dict_keys(['tutorial_taskflow_api']) retrieved from /home/beatriz/Documentos/airflow/airflow_venv/lib/python3.10/site-packages/airflow/example_dags/tutorial_taskflow_api.py
[2024-10-15T14:17:55.009-0300] {logging_mixin.py:137} INFO - [2024-10-15T14:17:55.009-0300] {dag.py:2705} INFO - Sync 1 DAGs
[2024-10-15T14:17:55.028-0300] {logging_mixin.py:137} INFO - [2024-10-15T14:17:55.028-0300] {dag.py:3452} INFO - Setting next_dagrun for tutorial_taskflow_api to None, run_after=None
[2024-10-15T14:17:55.045-0300] {processor.py:175} INFO - Processing /home/beatriz/Documentos/airflow/airflow_venv/lib/python3.10/site-packages/airflow/example_dags/tutorial_taskflow_api.py took 0.064 seconds
[2024-10-15T14:18:37.721-0300] {processor.py:153} INFO - Started process (PID=27209) to work on /home/beatriz/Documentos/airflow/airflow_venv/lib/python3.10/site-packages/airflow/example_dags/tutorial_taskflow_api.py
[2024-10-15T14:18:37.723-0300] {processor.py:743} INFO - Processing file /home/beatriz/Documentos/airflow/airflow_venv/lib/python3.10/site-packages/airflow/example_dags/tutorial_taskflow_api.py for tasks to queue
[2024-10-15T14:18:37.724-0300] {logging_mixin.py:137} INFO - [2024-10-15T14:18:37.724-0300] {dagbag.py:532} INFO - Filling up the DagBag from /home/beatriz/Documentos/airflow/airflow_venv/lib/python3.10/site-packages/airflow/example_dags/tutorial_taskflow_api.py
[2024-10-15T14:18:37.743-0300] {processor.py:753} INFO - DAG(s) dict_keys(['tutorial_taskflow_api']) retrieved from /home/beatriz/Documentos/airflow/airflow_venv/lib/python3.10/site-packages/airflow/example_dags/tutorial_taskflow_api.py
[2024-10-15T14:18:37.761-0300] {logging_mixin.py:137} INFO - [2024-10-15T14:18:37.761-0300] {dag.py:2705} INFO - Sync 1 DAGs
[2024-10-15T14:18:37.781-0300] {logging_mixin.py:137} INFO - [2024-10-15T14:18:37.781-0300] {dag.py:3452} INFO - Setting next_dagrun for tutorial_taskflow_api to None, run_after=None
[2024-10-15T14:18:37.800-0300] {processor.py:175} INFO - Processing /home/beatriz/Documentos/airflow/airflow_venv/lib/python3.10/site-packages/airflow/example_dags/tutorial_taskflow_api.py took 0.081 seconds
[2024-10-15T14:19:16.341-0300] {processor.py:153} INFO - Started process (PID=27306) to work on /home/beatriz/Documentos/airflow/airflow_venv/lib/python3.10/site-packages/airflow/example_dags/tutorial_taskflow_api.py
[2024-10-15T14:19:16.344-0300] {processor.py:743} INFO - Processing file /home/beatriz/Documentos/airflow/airflow_venv/lib/python3.10/site-packages/airflow/example_dags/tutorial_taskflow_api.py for tasks to queue
[2024-10-15T14:19:16.346-0300] {logging_mixin.py:137} INFO - [2024-10-15T14:19:16.345-0300] {dagbag.py:532} INFO - Filling up the DagBag from /home/beatriz/Documentos/airflow/airflow_venv/lib/python3.10/site-packages/airflow/example_dags/tutorial_taskflow_api.py
[2024-10-15T14:19:16.382-0300] {processor.py:753} INFO - DAG(s) dict_keys(['tutorial_taskflow_api']) retrieved from /home/beatriz/Documentos/airflow/airflow_venv/lib/python3.10/site-packages/airflow/example_dags/tutorial_taskflow_api.py
[2024-10-15T14:19:16.397-0300] {logging_mixin.py:137} INFO - [2024-10-15T14:19:16.397-0300] {dag.py:2705} INFO - Sync 1 DAGs
[2024-10-15T14:19:16.411-0300] {logging_mixin.py:137} INFO - [2024-10-15T14:19:16.411-0300] {dag.py:3452} INFO - Setting next_dagrun for tutorial_taskflow_api to None, run_after=None
[2024-10-15T14:19:16.429-0300] {processor.py:175} INFO - Processing /home/beatriz/Documentos/airflow/airflow_venv/lib/python3.10/site-packages/airflow/example_dags/tutorial_taskflow_api.py took 0.094 seconds
[2024-10-15T14:50:47.893-0300] {processor.py:153} INFO - Started process (PID=34266) to work on /home/beatriz/Documentos/airflow/airflow_venv/lib/python3.10/site-packages/airflow/example_dags/tutorial_taskflow_api.py
[2024-10-15T14:50:47.895-0300] {processor.py:743} INFO - Processing file /home/beatriz/Documentos/airflow/airflow_venv/lib/python3.10/site-packages/airflow/example_dags/tutorial_taskflow_api.py for tasks to queue
[2024-10-15T14:50:47.896-0300] {logging_mixin.py:137} INFO - [2024-10-15T14:50:47.896-0300] {dagbag.py:532} INFO - Filling up the DagBag from /home/beatriz/Documentos/airflow/airflow_venv/lib/python3.10/site-packages/airflow/example_dags/tutorial_taskflow_api.py
[2024-10-15T14:50:47.916-0300] {processor.py:753} INFO - DAG(s) dict_keys(['tutorial_taskflow_api']) retrieved from /home/beatriz/Documentos/airflow/airflow_venv/lib/python3.10/site-packages/airflow/example_dags/tutorial_taskflow_api.py
[2024-10-15T14:50:47.922-0300] {logging_mixin.py:137} INFO - [2024-10-15T14:50:47.922-0300] {dag.py:2705} INFO - Sync 1 DAGs
[2024-10-15T14:50:47.939-0300] {logging_mixin.py:137} INFO - [2024-10-15T14:50:47.939-0300] {dag.py:3452} INFO - Setting next_dagrun for tutorial_taskflow_api to None, run_after=None
[2024-10-15T14:50:47.957-0300] {processor.py:175} INFO - Processing /home/beatriz/Documentos/airflow/airflow_venv/lib/python3.10/site-packages/airflow/example_dags/tutorial_taskflow_api.py took 0.066 seconds
[2024-10-15T14:51:31.471-0300] {processor.py:153} INFO - Started process (PID=34626) to work on /home/beatriz/Documentos/airflow/airflow_venv/lib/python3.10/site-packages/airflow/example_dags/tutorial_taskflow_api.py
[2024-10-15T14:51:31.474-0300] {processor.py:743} INFO - Processing file /home/beatriz/Documentos/airflow/airflow_venv/lib/python3.10/site-packages/airflow/example_dags/tutorial_taskflow_api.py for tasks to queue
[2024-10-15T14:51:31.475-0300] {logging_mixin.py:137} INFO - [2024-10-15T14:51:31.475-0300] {dagbag.py:532} INFO - Filling up the DagBag from /home/beatriz/Documentos/airflow/airflow_venv/lib/python3.10/site-packages/airflow/example_dags/tutorial_taskflow_api.py
[2024-10-15T14:51:31.511-0300] {processor.py:753} INFO - DAG(s) dict_keys(['tutorial_taskflow_api']) retrieved from /home/beatriz/Documentos/airflow/airflow_venv/lib/python3.10/site-packages/airflow/example_dags/tutorial_taskflow_api.py
[2024-10-15T14:51:31.527-0300] {logging_mixin.py:137} INFO - [2024-10-15T14:51:31.526-0300] {dag.py:2705} INFO - Sync 1 DAGs
[2024-10-15T14:51:31.542-0300] {logging_mixin.py:137} INFO - [2024-10-15T14:51:31.542-0300] {dag.py:3452} INFO - Setting next_dagrun for tutorial_taskflow_api to None, run_after=None
[2024-10-15T14:51:31.559-0300] {processor.py:175} INFO - Processing /home/beatriz/Documentos/airflow/airflow_venv/lib/python3.10/site-packages/airflow/example_dags/tutorial_taskflow_api.py took 0.093 seconds
[2024-10-15T14:52:14.785-0300] {processor.py:153} INFO - Started process (PID=34703) to work on /home/beatriz/Documentos/airflow/airflow_venv/lib/python3.10/site-packages/airflow/example_dags/tutorial_taskflow_api.py
[2024-10-15T14:52:14.787-0300] {processor.py:743} INFO - Processing file /home/beatriz/Documentos/airflow/airflow_venv/lib/python3.10/site-packages/airflow/example_dags/tutorial_taskflow_api.py for tasks to queue
[2024-10-15T14:52:14.788-0300] {logging_mixin.py:137} INFO - [2024-10-15T14:52:14.787-0300] {dagbag.py:532} INFO - Filling up the DagBag from /home/beatriz/Documentos/airflow/airflow_venv/lib/python3.10/site-packages/airflow/example_dags/tutorial_taskflow_api.py
[2024-10-15T14:52:14.817-0300] {processor.py:753} INFO - DAG(s) dict_keys(['tutorial_taskflow_api']) retrieved from /home/beatriz/Documentos/airflow/airflow_venv/lib/python3.10/site-packages/airflow/example_dags/tutorial_taskflow_api.py
[2024-10-15T14:52:14.833-0300] {logging_mixin.py:137} INFO - [2024-10-15T14:52:14.833-0300] {dag.py:2705} INFO - Sync 1 DAGs
[2024-10-15T14:52:14.848-0300] {logging_mixin.py:137} INFO - [2024-10-15T14:52:14.848-0300] {dag.py:3452} INFO - Setting next_dagrun for tutorial_taskflow_api to None, run_after=None
[2024-10-15T14:52:14.866-0300] {processor.py:175} INFO - Processing /home/beatriz/Documentos/airflow/airflow_venv/lib/python3.10/site-packages/airflow/example_dags/tutorial_taskflow_api.py took 0.084 seconds
[2024-10-15T14:53:03.928-0300] {processor.py:153} INFO - Started process (PID=35134) to work on /home/beatriz/Documentos/airflow/airflow_venv/lib/python3.10/site-packages/airflow/example_dags/tutorial_taskflow_api.py
[2024-10-15T14:53:03.931-0300] {processor.py:743} INFO - Processing file /home/beatriz/Documentos/airflow/airflow_venv/lib/python3.10/site-packages/airflow/example_dags/tutorial_taskflow_api.py for tasks to queue
[2024-10-15T14:53:03.933-0300] {logging_mixin.py:137} INFO - [2024-10-15T14:53:03.933-0300] {dagbag.py:532} INFO - Filling up the DagBag from /home/beatriz/Documentos/airflow/airflow_venv/lib/python3.10/site-packages/airflow/example_dags/tutorial_taskflow_api.py
[2024-10-15T14:53:03.965-0300] {processor.py:753} INFO - DAG(s) dict_keys(['tutorial_taskflow_api']) retrieved from /home/beatriz/Documentos/airflow/airflow_venv/lib/python3.10/site-packages/airflow/example_dags/tutorial_taskflow_api.py
[2024-10-15T14:53:03.981-0300] {logging_mixin.py:137} INFO - [2024-10-15T14:53:03.980-0300] {dag.py:2705} INFO - Sync 1 DAGs
[2024-10-15T14:53:03.997-0300] {logging_mixin.py:137} INFO - [2024-10-15T14:53:03.997-0300] {dag.py:3452} INFO - Setting next_dagrun for tutorial_taskflow_api to None, run_after=None
[2024-10-15T14:53:04.106-0300] {processor.py:175} INFO - Processing /home/beatriz/Documentos/airflow/airflow_venv/lib/python3.10/site-packages/airflow/example_dags/tutorial_taskflow_api.py took 0.183 seconds
[2024-10-15T14:53:38.299-0300] {processor.py:153} INFO - Started process (PID=35194) to work on /home/beatriz/Documentos/airflow/airflow_venv/lib/python3.10/site-packages/airflow/example_dags/tutorial_taskflow_api.py
[2024-10-15T14:53:38.300-0300] {processor.py:743} INFO - Processing file /home/beatriz/Documentos/airflow/airflow_venv/lib/python3.10/site-packages/airflow/example_dags/tutorial_taskflow_api.py for tasks to queue
[2024-10-15T14:53:38.301-0300] {logging_mixin.py:137} INFO - [2024-10-15T14:53:38.301-0300] {dagbag.py:532} INFO - Filling up the DagBag from /home/beatriz/Documentos/airflow/airflow_venv/lib/python3.10/site-packages/airflow/example_dags/tutorial_taskflow_api.py
[2024-10-15T14:53:38.339-0300] {processor.py:753} INFO - DAG(s) dict_keys(['tutorial_taskflow_api']) retrieved from /home/beatriz/Documentos/airflow/airflow_venv/lib/python3.10/site-packages/airflow/example_dags/tutorial_taskflow_api.py
[2024-10-15T14:53:38.375-0300] {logging_mixin.py:137} INFO - [2024-10-15T14:53:38.375-0300] {dag.py:2705} INFO - Sync 1 DAGs
[2024-10-15T14:53:38.592-0300] {logging_mixin.py:137} INFO - [2024-10-15T14:53:38.591-0300] {dag.py:3452} INFO - Setting next_dagrun for tutorial_taskflow_api to None, run_after=None
[2024-10-15T14:53:38.623-0300] {processor.py:175} INFO - Processing /home/beatriz/Documentos/airflow/airflow_venv/lib/python3.10/site-packages/airflow/example_dags/tutorial_taskflow_api.py took 0.328 seconds
[2024-10-15T14:54:15.479-0300] {processor.py:153} INFO - Started process (PID=35461) to work on /home/beatriz/Documentos/airflow/airflow_venv/lib/python3.10/site-packages/airflow/example_dags/tutorial_taskflow_api.py
[2024-10-15T14:54:15.480-0300] {processor.py:743} INFO - Processing file /home/beatriz/Documentos/airflow/airflow_venv/lib/python3.10/site-packages/airflow/example_dags/tutorial_taskflow_api.py for tasks to queue
[2024-10-15T14:54:15.481-0300] {logging_mixin.py:137} INFO - [2024-10-15T14:54:15.481-0300] {dagbag.py:532} INFO - Filling up the DagBag from /home/beatriz/Documentos/airflow/airflow_venv/lib/python3.10/site-packages/airflow/example_dags/tutorial_taskflow_api.py
[2024-10-15T14:54:15.505-0300] {processor.py:753} INFO - DAG(s) dict_keys(['tutorial_taskflow_api']) retrieved from /home/beatriz/Documentos/airflow/airflow_venv/lib/python3.10/site-packages/airflow/example_dags/tutorial_taskflow_api.py
[2024-10-15T14:54:15.523-0300] {logging_mixin.py:137} INFO - [2024-10-15T14:54:15.522-0300] {dag.py:2705} INFO - Sync 1 DAGs
[2024-10-15T14:54:15.651-0300] {logging_mixin.py:137} INFO - [2024-10-15T14:54:15.651-0300] {dag.py:3452} INFO - Setting next_dagrun for tutorial_taskflow_api to None, run_after=None
[2024-10-15T14:54:15.674-0300] {processor.py:175} INFO - Processing /home/beatriz/Documentos/airflow/airflow_venv/lib/python3.10/site-packages/airflow/example_dags/tutorial_taskflow_api.py took 0.201 seconds
[2024-10-15T14:54:55.063-0300] {processor.py:153} INFO - Started process (PID=35544) to work on /home/beatriz/Documentos/airflow/airflow_venv/lib/python3.10/site-packages/airflow/example_dags/tutorial_taskflow_api.py
[2024-10-15T14:54:55.065-0300] {processor.py:743} INFO - Processing file /home/beatriz/Documentos/airflow/airflow_venv/lib/python3.10/site-packages/airflow/example_dags/tutorial_taskflow_api.py for tasks to queue
[2024-10-15T14:54:55.066-0300] {logging_mixin.py:137} INFO - [2024-10-15T14:54:55.066-0300] {dagbag.py:532} INFO - Filling up the DagBag from /home/beatriz/Documentos/airflow/airflow_venv/lib/python3.10/site-packages/airflow/example_dags/tutorial_taskflow_api.py
[2024-10-15T14:54:55.091-0300] {processor.py:753} INFO - DAG(s) dict_keys(['tutorial_taskflow_api']) retrieved from /home/beatriz/Documentos/airflow/airflow_venv/lib/python3.10/site-packages/airflow/example_dags/tutorial_taskflow_api.py
[2024-10-15T14:54:55.110-0300] {logging_mixin.py:137} INFO - [2024-10-15T14:54:55.110-0300] {dag.py:2705} INFO - Sync 1 DAGs
[2024-10-15T14:54:55.264-0300] {logging_mixin.py:137} INFO - [2024-10-15T14:54:55.263-0300] {dag.py:3452} INFO - Setting next_dagrun for tutorial_taskflow_api to None, run_after=None
[2024-10-15T14:54:55.300-0300] {processor.py:175} INFO - Processing /home/beatriz/Documentos/airflow/airflow_venv/lib/python3.10/site-packages/airflow/example_dags/tutorial_taskflow_api.py took 0.240 seconds
[2024-10-15T14:55:29.706-0300] {processor.py:153} INFO - Started process (PID=35598) to work on /home/beatriz/Documentos/airflow/airflow_venv/lib/python3.10/site-packages/airflow/example_dags/tutorial_taskflow_api.py
[2024-10-15T14:55:29.709-0300] {processor.py:743} INFO - Processing file /home/beatriz/Documentos/airflow/airflow_venv/lib/python3.10/site-packages/airflow/example_dags/tutorial_taskflow_api.py for tasks to queue
[2024-10-15T14:55:29.710-0300] {logging_mixin.py:137} INFO - [2024-10-15T14:55:29.710-0300] {dagbag.py:532} INFO - Filling up the DagBag from /home/beatriz/Documentos/airflow/airflow_venv/lib/python3.10/site-packages/airflow/example_dags/tutorial_taskflow_api.py
[2024-10-15T14:55:29.742-0300] {processor.py:753} INFO - DAG(s) dict_keys(['tutorial_taskflow_api']) retrieved from /home/beatriz/Documentos/airflow/airflow_venv/lib/python3.10/site-packages/airflow/example_dags/tutorial_taskflow_api.py
[2024-10-15T14:55:29.851-0300] {logging_mixin.py:137} INFO - [2024-10-15T14:55:29.851-0300] {dag.py:2705} INFO - Sync 1 DAGs
[2024-10-15T14:55:29.871-0300] {logging_mixin.py:137} INFO - [2024-10-15T14:55:29.870-0300] {dag.py:3452} INFO - Setting next_dagrun for tutorial_taskflow_api to None, run_after=None
[2024-10-15T14:55:29.890-0300] {processor.py:175} INFO - Processing /home/beatriz/Documentos/airflow/airflow_venv/lib/python3.10/site-packages/airflow/example_dags/tutorial_taskflow_api.py took 0.190 seconds
[2024-10-15T14:56:05.755-0300] {processor.py:153} INFO - Started process (PID=35713) to work on /home/beatriz/Documentos/airflow/airflow_venv/lib/python3.10/site-packages/airflow/example_dags/tutorial_taskflow_api.py
[2024-10-15T14:56:05.755-0300] {processor.py:743} INFO - Processing file /home/beatriz/Documentos/airflow/airflow_venv/lib/python3.10/site-packages/airflow/example_dags/tutorial_taskflow_api.py for tasks to queue
[2024-10-15T14:56:05.756-0300] {logging_mixin.py:137} INFO - [2024-10-15T14:56:05.756-0300] {dagbag.py:532} INFO - Filling up the DagBag from /home/beatriz/Documentos/airflow/airflow_venv/lib/python3.10/site-packages/airflow/example_dags/tutorial_taskflow_api.py
[2024-10-15T14:56:05.777-0300] {processor.py:753} INFO - DAG(s) dict_keys(['tutorial_taskflow_api']) retrieved from /home/beatriz/Documentos/airflow/airflow_venv/lib/python3.10/site-packages/airflow/example_dags/tutorial_taskflow_api.py
[2024-10-15T14:56:05.888-0300] {logging_mixin.py:137} INFO - [2024-10-15T14:56:05.888-0300] {dag.py:2705} INFO - Sync 1 DAGs
[2024-10-15T14:56:05.906-0300] {logging_mixin.py:137} INFO - [2024-10-15T14:56:05.906-0300] {dag.py:3452} INFO - Setting next_dagrun for tutorial_taskflow_api to None, run_after=None
[2024-10-15T14:56:05.925-0300] {processor.py:175} INFO - Processing /home/beatriz/Documentos/airflow/airflow_venv/lib/python3.10/site-packages/airflow/example_dags/tutorial_taskflow_api.py took 0.172 seconds
[2024-10-15T14:56:38.853-0300] {processor.py:153} INFO - Started process (PID=35794) to work on /home/beatriz/Documentos/airflow/airflow_venv/lib/python3.10/site-packages/airflow/example_dags/tutorial_taskflow_api.py
[2024-10-15T14:56:38.853-0300] {processor.py:743} INFO - Processing file /home/beatriz/Documentos/airflow/airflow_venv/lib/python3.10/site-packages/airflow/example_dags/tutorial_taskflow_api.py for tasks to queue
[2024-10-15T14:56:38.854-0300] {logging_mixin.py:137} INFO - [2024-10-15T14:56:38.854-0300] {dagbag.py:532} INFO - Filling up the DagBag from /home/beatriz/Documentos/airflow/airflow_venv/lib/python3.10/site-packages/airflow/example_dags/tutorial_taskflow_api.py
[2024-10-15T14:56:38.951-0300] {processor.py:753} INFO - DAG(s) dict_keys(['tutorial_taskflow_api']) retrieved from /home/beatriz/Documentos/airflow/airflow_venv/lib/python3.10/site-packages/airflow/example_dags/tutorial_taskflow_api.py
[2024-10-15T14:56:38.966-0300] {logging_mixin.py:137} INFO - [2024-10-15T14:56:38.966-0300] {dag.py:2705} INFO - Sync 1 DAGs
[2024-10-15T14:56:38.981-0300] {logging_mixin.py:137} INFO - [2024-10-15T14:56:38.981-0300] {dag.py:3452} INFO - Setting next_dagrun for tutorial_taskflow_api to None, run_after=None
[2024-10-15T14:56:39.000-0300] {processor.py:175} INFO - Processing /home/beatriz/Documentos/airflow/airflow_venv/lib/python3.10/site-packages/airflow/example_dags/tutorial_taskflow_api.py took 0.150 seconds
[2024-10-15T14:57:27.127-0300] {processor.py:153} INFO - Started process (PID=35880) to work on /home/beatriz/Documentos/airflow/airflow_venv/lib/python3.10/site-packages/airflow/example_dags/tutorial_taskflow_api.py
[2024-10-15T14:57:27.129-0300] {processor.py:743} INFO - Processing file /home/beatriz/Documentos/airflow/airflow_venv/lib/python3.10/site-packages/airflow/example_dags/tutorial_taskflow_api.py for tasks to queue
[2024-10-15T14:57:27.130-0300] {logging_mixin.py:137} INFO - [2024-10-15T14:57:27.130-0300] {dagbag.py:532} INFO - Filling up the DagBag from /home/beatriz/Documentos/airflow/airflow_venv/lib/python3.10/site-packages/airflow/example_dags/tutorial_taskflow_api.py
[2024-10-15T14:57:27.229-0300] {processor.py:753} INFO - DAG(s) dict_keys(['tutorial_taskflow_api']) retrieved from /home/beatriz/Documentos/airflow/airflow_venv/lib/python3.10/site-packages/airflow/example_dags/tutorial_taskflow_api.py
[2024-10-15T14:57:27.242-0300] {logging_mixin.py:137} INFO - [2024-10-15T14:57:27.242-0300] {dag.py:2705} INFO - Sync 1 DAGs
[2024-10-15T14:57:27.257-0300] {logging_mixin.py:137} INFO - [2024-10-15T14:57:27.257-0300] {dag.py:3452} INFO - Setting next_dagrun for tutorial_taskflow_api to None, run_after=None
[2024-10-15T14:57:27.274-0300] {processor.py:175} INFO - Processing /home/beatriz/Documentos/airflow/airflow_venv/lib/python3.10/site-packages/airflow/example_dags/tutorial_taskflow_api.py took 0.149 seconds
[2024-10-15T14:58:10.721-0300] {processor.py:153} INFO - Started process (PID=36152) to work on /home/beatriz/Documentos/airflow/airflow_venv/lib/python3.10/site-packages/airflow/example_dags/tutorial_taskflow_api.py
[2024-10-15T14:58:10.724-0300] {processor.py:743} INFO - Processing file /home/beatriz/Documentos/airflow/airflow_venv/lib/python3.10/site-packages/airflow/example_dags/tutorial_taskflow_api.py for tasks to queue
[2024-10-15T14:58:10.726-0300] {logging_mixin.py:137} INFO - [2024-10-15T14:58:10.726-0300] {dagbag.py:532} INFO - Filling up the DagBag from /home/beatriz/Documentos/airflow/airflow_venv/lib/python3.10/site-packages/airflow/example_dags/tutorial_taskflow_api.py
[2024-10-15T14:58:10.759-0300] {processor.py:753} INFO - DAG(s) dict_keys(['tutorial_taskflow_api']) retrieved from /home/beatriz/Documentos/airflow/airflow_venv/lib/python3.10/site-packages/airflow/example_dags/tutorial_taskflow_api.py
[2024-10-15T14:58:10.774-0300] {logging_mixin.py:137} INFO - [2024-10-15T14:58:10.774-0300] {dag.py:2705} INFO - Sync 1 DAGs
[2024-10-15T14:58:10.791-0300] {logging_mixin.py:137} INFO - [2024-10-15T14:58:10.790-0300] {dag.py:3452} INFO - Setting next_dagrun for tutorial_taskflow_api to None, run_after=None
[2024-10-15T14:58:10.808-0300] {processor.py:175} INFO - Processing /home/beatriz/Documentos/airflow/airflow_venv/lib/python3.10/site-packages/airflow/example_dags/tutorial_taskflow_api.py took 0.094 seconds
[2024-10-15T14:58:49.888-0300] {processor.py:153} INFO - Started process (PID=36285) to work on /home/beatriz/Documentos/airflow/airflow_venv/lib/python3.10/site-packages/airflow/example_dags/tutorial_taskflow_api.py
[2024-10-15T14:58:49.890-0300] {processor.py:743} INFO - Processing file /home/beatriz/Documentos/airflow/airflow_venv/lib/python3.10/site-packages/airflow/example_dags/tutorial_taskflow_api.py for tasks to queue
[2024-10-15T14:58:49.891-0300] {logging_mixin.py:137} INFO - [2024-10-15T14:58:49.891-0300] {dagbag.py:532} INFO - Filling up the DagBag from /home/beatriz/Documentos/airflow/airflow_venv/lib/python3.10/site-packages/airflow/example_dags/tutorial_taskflow_api.py
[2024-10-15T14:58:49.909-0300] {processor.py:753} INFO - DAG(s) dict_keys(['tutorial_taskflow_api']) retrieved from /home/beatriz/Documentos/airflow/airflow_venv/lib/python3.10/site-packages/airflow/example_dags/tutorial_taskflow_api.py
[2024-10-15T14:58:49.924-0300] {logging_mixin.py:137} INFO - [2024-10-15T14:58:49.924-0300] {dag.py:2705} INFO - Sync 1 DAGs
[2024-10-15T14:58:49.939-0300] {logging_mixin.py:137} INFO - [2024-10-15T14:58:49.939-0300] {dag.py:3452} INFO - Setting next_dagrun for tutorial_taskflow_api to None, run_after=None
[2024-10-15T14:58:49.956-0300] {processor.py:175} INFO - Processing /home/beatriz/Documentos/airflow/airflow_venv/lib/python3.10/site-packages/airflow/example_dags/tutorial_taskflow_api.py took 0.070 seconds
[2024-10-15T14:59:33.082-0300] {processor.py:153} INFO - Started process (PID=36481) to work on /home/beatriz/Documentos/airflow/airflow_venv/lib/python3.10/site-packages/airflow/example_dags/tutorial_taskflow_api.py
[2024-10-15T14:59:33.084-0300] {processor.py:743} INFO - Processing file /home/beatriz/Documentos/airflow/airflow_venv/lib/python3.10/site-packages/airflow/example_dags/tutorial_taskflow_api.py for tasks to queue
[2024-10-15T14:59:33.085-0300] {logging_mixin.py:137} INFO - [2024-10-15T14:59:33.085-0300] {dagbag.py:532} INFO - Filling up the DagBag from /home/beatriz/Documentos/airflow/airflow_venv/lib/python3.10/site-packages/airflow/example_dags/tutorial_taskflow_api.py
[2024-10-15T14:59:33.104-0300] {processor.py:753} INFO - DAG(s) dict_keys(['tutorial_taskflow_api']) retrieved from /home/beatriz/Documentos/airflow/airflow_venv/lib/python3.10/site-packages/airflow/example_dags/tutorial_taskflow_api.py
[2024-10-15T14:59:33.122-0300] {logging_mixin.py:137} INFO - [2024-10-15T14:59:33.122-0300] {dag.py:2705} INFO - Sync 1 DAGs
[2024-10-15T14:59:33.139-0300] {logging_mixin.py:137} INFO - [2024-10-15T14:59:33.138-0300] {dag.py:3452} INFO - Setting next_dagrun for tutorial_taskflow_api to None, run_after=None
[2024-10-15T14:59:33.157-0300] {processor.py:175} INFO - Processing /home/beatriz/Documentos/airflow/airflow_venv/lib/python3.10/site-packages/airflow/example_dags/tutorial_taskflow_api.py took 0.077 seconds
[2024-10-15T15:00:15.072-0300] {processor.py:153} INFO - Started process (PID=36600) to work on /home/beatriz/Documentos/airflow/airflow_venv/lib/python3.10/site-packages/airflow/example_dags/tutorial_taskflow_api.py
[2024-10-15T15:00:15.074-0300] {processor.py:743} INFO - Processing file /home/beatriz/Documentos/airflow/airflow_venv/lib/python3.10/site-packages/airflow/example_dags/tutorial_taskflow_api.py for tasks to queue
[2024-10-15T15:00:15.076-0300] {logging_mixin.py:137} INFO - [2024-10-15T15:00:15.075-0300] {dagbag.py:532} INFO - Filling up the DagBag from /home/beatriz/Documentos/airflow/airflow_venv/lib/python3.10/site-packages/airflow/example_dags/tutorial_taskflow_api.py
[2024-10-15T15:00:15.112-0300] {processor.py:753} INFO - DAG(s) dict_keys(['tutorial_taskflow_api']) retrieved from /home/beatriz/Documentos/airflow/airflow_venv/lib/python3.10/site-packages/airflow/example_dags/tutorial_taskflow_api.py
[2024-10-15T15:00:15.128-0300] {logging_mixin.py:137} INFO - [2024-10-15T15:00:15.128-0300] {dag.py:2705} INFO - Sync 1 DAGs
[2024-10-15T15:00:15.143-0300] {logging_mixin.py:137} INFO - [2024-10-15T15:00:15.142-0300] {dag.py:3452} INFO - Setting next_dagrun for tutorial_taskflow_api to None, run_after=None
[2024-10-15T15:00:15.159-0300] {processor.py:175} INFO - Processing /home/beatriz/Documentos/airflow/airflow_venv/lib/python3.10/site-packages/airflow/example_dags/tutorial_taskflow_api.py took 0.089 seconds
[2024-10-15T15:00:55.804-0300] {processor.py:153} INFO - Started process (PID=36747) to work on /home/beatriz/Documentos/airflow/airflow_venv/lib/python3.10/site-packages/airflow/example_dags/tutorial_taskflow_api.py
[2024-10-15T15:00:55.807-0300] {processor.py:743} INFO - Processing file /home/beatriz/Documentos/airflow/airflow_venv/lib/python3.10/site-packages/airflow/example_dags/tutorial_taskflow_api.py for tasks to queue
[2024-10-15T15:00:55.808-0300] {logging_mixin.py:137} INFO - [2024-10-15T15:00:55.808-0300] {dagbag.py:532} INFO - Filling up the DagBag from /home/beatriz/Documentos/airflow/airflow_venv/lib/python3.10/site-packages/airflow/example_dags/tutorial_taskflow_api.py
[2024-10-15T15:00:55.838-0300] {processor.py:753} INFO - DAG(s) dict_keys(['tutorial_taskflow_api']) retrieved from /home/beatriz/Documentos/airflow/airflow_venv/lib/python3.10/site-packages/airflow/example_dags/tutorial_taskflow_api.py
[2024-10-15T15:00:55.854-0300] {logging_mixin.py:137} INFO - [2024-10-15T15:00:55.854-0300] {dag.py:2705} INFO - Sync 1 DAGs
[2024-10-15T15:00:55.870-0300] {logging_mixin.py:137} INFO - [2024-10-15T15:00:55.870-0300] {dag.py:3452} INFO - Setting next_dagrun for tutorial_taskflow_api to None, run_after=None
[2024-10-15T15:00:55.891-0300] {processor.py:175} INFO - Processing /home/beatriz/Documentos/airflow/airflow_venv/lib/python3.10/site-packages/airflow/example_dags/tutorial_taskflow_api.py took 0.093 seconds
[2024-10-15T15:01:34.377-0300] {processor.py:153} INFO - Started process (PID=36891) to work on /home/beatriz/Documentos/airflow/airflow_venv/lib/python3.10/site-packages/airflow/example_dags/tutorial_taskflow_api.py
[2024-10-15T15:01:34.380-0300] {processor.py:743} INFO - Processing file /home/beatriz/Documentos/airflow/airflow_venv/lib/python3.10/site-packages/airflow/example_dags/tutorial_taskflow_api.py for tasks to queue
[2024-10-15T15:01:34.382-0300] {logging_mixin.py:137} INFO - [2024-10-15T15:01:34.381-0300] {dagbag.py:532} INFO - Filling up the DagBag from /home/beatriz/Documentos/airflow/airflow_venv/lib/python3.10/site-packages/airflow/example_dags/tutorial_taskflow_api.py
[2024-10-15T15:01:34.414-0300] {processor.py:753} INFO - DAG(s) dict_keys(['tutorial_taskflow_api']) retrieved from /home/beatriz/Documentos/airflow/airflow_venv/lib/python3.10/site-packages/airflow/example_dags/tutorial_taskflow_api.py
[2024-10-15T15:01:34.429-0300] {logging_mixin.py:137} INFO - [2024-10-15T15:01:34.429-0300] {dag.py:2705} INFO - Sync 1 DAGs
[2024-10-15T15:01:34.444-0300] {logging_mixin.py:137} INFO - [2024-10-15T15:01:34.444-0300] {dag.py:3452} INFO - Setting next_dagrun for tutorial_taskflow_api to None, run_after=None
[2024-10-15T15:01:34.462-0300] {processor.py:175} INFO - Processing /home/beatriz/Documentos/airflow/airflow_venv/lib/python3.10/site-packages/airflow/example_dags/tutorial_taskflow_api.py took 0.091 seconds
[2024-10-15T15:02:13.320-0300] {processor.py:153} INFO - Started process (PID=37012) to work on /home/beatriz/Documentos/airflow/airflow_venv/lib/python3.10/site-packages/airflow/example_dags/tutorial_taskflow_api.py
[2024-10-15T15:02:13.322-0300] {processor.py:743} INFO - Processing file /home/beatriz/Documentos/airflow/airflow_venv/lib/python3.10/site-packages/airflow/example_dags/tutorial_taskflow_api.py for tasks to queue
[2024-10-15T15:02:13.323-0300] {logging_mixin.py:137} INFO - [2024-10-15T15:02:13.323-0300] {dagbag.py:532} INFO - Filling up the DagBag from /home/beatriz/Documentos/airflow/airflow_venv/lib/python3.10/site-packages/airflow/example_dags/tutorial_taskflow_api.py
[2024-10-15T15:02:13.340-0300] {processor.py:753} INFO - DAG(s) dict_keys(['tutorial_taskflow_api']) retrieved from /home/beatriz/Documentos/airflow/airflow_venv/lib/python3.10/site-packages/airflow/example_dags/tutorial_taskflow_api.py
[2024-10-15T15:02:13.354-0300] {logging_mixin.py:137} INFO - [2024-10-15T15:02:13.354-0300] {dag.py:2705} INFO - Sync 1 DAGs
[2024-10-15T15:02:13.370-0300] {logging_mixin.py:137} INFO - [2024-10-15T15:02:13.370-0300] {dag.py:3452} INFO - Setting next_dagrun for tutorial_taskflow_api to None, run_after=None
[2024-10-15T15:02:13.386-0300] {processor.py:175} INFO - Processing /home/beatriz/Documentos/airflow/airflow_venv/lib/python3.10/site-packages/airflow/example_dags/tutorial_taskflow_api.py took 0.068 seconds
[2024-10-15T15:02:52.930-0300] {processor.py:153} INFO - Started process (PID=37199) to work on /home/beatriz/Documentos/airflow/airflow_venv/lib/python3.10/site-packages/airflow/example_dags/tutorial_taskflow_api.py
[2024-10-15T15:02:52.932-0300] {processor.py:743} INFO - Processing file /home/beatriz/Documentos/airflow/airflow_venv/lib/python3.10/site-packages/airflow/example_dags/tutorial_taskflow_api.py for tasks to queue
[2024-10-15T15:02:52.933-0300] {logging_mixin.py:137} INFO - [2024-10-15T15:02:52.933-0300] {dagbag.py:532} INFO - Filling up the DagBag from /home/beatriz/Documentos/airflow/airflow_venv/lib/python3.10/site-packages/airflow/example_dags/tutorial_taskflow_api.py
[2024-10-15T15:02:52.954-0300] {processor.py:753} INFO - DAG(s) dict_keys(['tutorial_taskflow_api']) retrieved from /home/beatriz/Documentos/airflow/airflow_venv/lib/python3.10/site-packages/airflow/example_dags/tutorial_taskflow_api.py
[2024-10-15T15:02:52.969-0300] {logging_mixin.py:137} INFO - [2024-10-15T15:02:52.968-0300] {dag.py:2705} INFO - Sync 1 DAGs
[2024-10-15T15:02:52.985-0300] {logging_mixin.py:137} INFO - [2024-10-15T15:02:52.985-0300] {dag.py:3452} INFO - Setting next_dagrun for tutorial_taskflow_api to None, run_after=None
[2024-10-15T15:02:53.003-0300] {processor.py:175} INFO - Processing /home/beatriz/Documentos/airflow/airflow_venv/lib/python3.10/site-packages/airflow/example_dags/tutorial_taskflow_api.py took 0.075 seconds
[2024-10-15T15:03:30.720-0300] {processor.py:153} INFO - Started process (PID=37273) to work on /home/beatriz/Documentos/airflow/airflow_venv/lib/python3.10/site-packages/airflow/example_dags/tutorial_taskflow_api.py
[2024-10-15T15:03:30.722-0300] {processor.py:743} INFO - Processing file /home/beatriz/Documentos/airflow/airflow_venv/lib/python3.10/site-packages/airflow/example_dags/tutorial_taskflow_api.py for tasks to queue
[2024-10-15T15:03:30.723-0300] {logging_mixin.py:137} INFO - [2024-10-15T15:03:30.723-0300] {dagbag.py:532} INFO - Filling up the DagBag from /home/beatriz/Documentos/airflow/airflow_venv/lib/python3.10/site-packages/airflow/example_dags/tutorial_taskflow_api.py
[2024-10-15T15:03:30.743-0300] {processor.py:753} INFO - DAG(s) dict_keys(['tutorial_taskflow_api']) retrieved from /home/beatriz/Documentos/airflow/airflow_venv/lib/python3.10/site-packages/airflow/example_dags/tutorial_taskflow_api.py
[2024-10-15T15:03:30.760-0300] {logging_mixin.py:137} INFO - [2024-10-15T15:03:30.759-0300] {dag.py:2705} INFO - Sync 1 DAGs
[2024-10-15T15:03:30.775-0300] {logging_mixin.py:137} INFO - [2024-10-15T15:03:30.775-0300] {dag.py:3452} INFO - Setting next_dagrun for tutorial_taskflow_api to None, run_after=None
[2024-10-15T15:03:30.792-0300] {processor.py:175} INFO - Processing /home/beatriz/Documentos/airflow/airflow_venv/lib/python3.10/site-packages/airflow/example_dags/tutorial_taskflow_api.py took 0.074 seconds
[2024-10-15T15:04:13.176-0300] {processor.py:153} INFO - Started process (PID=37424) to work on /home/beatriz/Documentos/airflow/airflow_venv/lib/python3.10/site-packages/airflow/example_dags/tutorial_taskflow_api.py
[2024-10-15T15:04:13.179-0300] {processor.py:743} INFO - Processing file /home/beatriz/Documentos/airflow/airflow_venv/lib/python3.10/site-packages/airflow/example_dags/tutorial_taskflow_api.py for tasks to queue
[2024-10-15T15:04:13.179-0300] {logging_mixin.py:137} INFO - [2024-10-15T15:04:13.179-0300] {dagbag.py:532} INFO - Filling up the DagBag from /home/beatriz/Documentos/airflow/airflow_venv/lib/python3.10/site-packages/airflow/example_dags/tutorial_taskflow_api.py
[2024-10-15T15:04:13.198-0300] {processor.py:753} INFO - DAG(s) dict_keys(['tutorial_taskflow_api']) retrieved from /home/beatriz/Documentos/airflow/airflow_venv/lib/python3.10/site-packages/airflow/example_dags/tutorial_taskflow_api.py
[2024-10-15T15:04:13.215-0300] {logging_mixin.py:137} INFO - [2024-10-15T15:04:13.215-0300] {dag.py:2705} INFO - Sync 1 DAGs
[2024-10-15T15:04:13.231-0300] {logging_mixin.py:137} INFO - [2024-10-15T15:04:13.231-0300] {dag.py:3452} INFO - Setting next_dagrun for tutorial_taskflow_api to None, run_after=None
[2024-10-15T15:04:13.250-0300] {processor.py:175} INFO - Processing /home/beatriz/Documentos/airflow/airflow_venv/lib/python3.10/site-packages/airflow/example_dags/tutorial_taskflow_api.py took 0.076 seconds
[2024-10-15T15:04:55.087-0300] {processor.py:153} INFO - Started process (PID=38049) to work on /home/beatriz/Documentos/airflow/airflow_venv/lib/python3.10/site-packages/airflow/example_dags/tutorial_taskflow_api.py
[2024-10-15T15:04:55.089-0300] {processor.py:743} INFO - Processing file /home/beatriz/Documentos/airflow/airflow_venv/lib/python3.10/site-packages/airflow/example_dags/tutorial_taskflow_api.py for tasks to queue
[2024-10-15T15:04:55.090-0300] {logging_mixin.py:137} INFO - [2024-10-15T15:04:55.090-0300] {dagbag.py:532} INFO - Filling up the DagBag from /home/beatriz/Documentos/airflow/airflow_venv/lib/python3.10/site-packages/airflow/example_dags/tutorial_taskflow_api.py
[2024-10-15T15:04:55.143-0300] {processor.py:753} INFO - DAG(s) dict_keys(['tutorial_taskflow_api']) retrieved from /home/beatriz/Documentos/airflow/airflow_venv/lib/python3.10/site-packages/airflow/example_dags/tutorial_taskflow_api.py
[2024-10-15T15:04:55.180-0300] {logging_mixin.py:137} INFO - [2024-10-15T15:04:55.179-0300] {dag.py:2705} INFO - Sync 1 DAGs
[2024-10-15T15:04:55.212-0300] {logging_mixin.py:137} INFO - [2024-10-15T15:04:55.212-0300] {dag.py:3452} INFO - Setting next_dagrun for tutorial_taskflow_api to None, run_after=None
[2024-10-15T15:04:55.255-0300] {processor.py:175} INFO - Processing /home/beatriz/Documentos/airflow/airflow_venv/lib/python3.10/site-packages/airflow/example_dags/tutorial_taskflow_api.py took 0.174 seconds
[2024-10-15T15:05:37.109-0300] {processor.py:153} INFO - Started process (PID=38228) to work on /home/beatriz/Documentos/airflow/airflow_venv/lib/python3.10/site-packages/airflow/example_dags/tutorial_taskflow_api.py
[2024-10-15T15:05:37.111-0300] {processor.py:743} INFO - Processing file /home/beatriz/Documentos/airflow/airflow_venv/lib/python3.10/site-packages/airflow/example_dags/tutorial_taskflow_api.py for tasks to queue
[2024-10-15T15:05:37.113-0300] {logging_mixin.py:137} INFO - [2024-10-15T15:05:37.113-0300] {dagbag.py:532} INFO - Filling up the DagBag from /home/beatriz/Documentos/airflow/airflow_venv/lib/python3.10/site-packages/airflow/example_dags/tutorial_taskflow_api.py
[2024-10-15T15:05:37.157-0300] {processor.py:753} INFO - DAG(s) dict_keys(['tutorial_taskflow_api']) retrieved from /home/beatriz/Documentos/airflow/airflow_venv/lib/python3.10/site-packages/airflow/example_dags/tutorial_taskflow_api.py
[2024-10-15T15:05:37.182-0300] {logging_mixin.py:137} INFO - [2024-10-15T15:05:37.182-0300] {dag.py:2705} INFO - Sync 1 DAGs
[2024-10-15T15:05:37.207-0300] {logging_mixin.py:137} INFO - [2024-10-15T15:05:37.207-0300] {dag.py:3452} INFO - Setting next_dagrun for tutorial_taskflow_api to None, run_after=None
[2024-10-15T15:05:37.244-0300] {processor.py:175} INFO - Processing /home/beatriz/Documentos/airflow/airflow_venv/lib/python3.10/site-packages/airflow/example_dags/tutorial_taskflow_api.py took 0.141 seconds
[2024-10-15T15:06:18.892-0300] {processor.py:153} INFO - Started process (PID=38614) to work on /home/beatriz/Documentos/airflow/airflow_venv/lib/python3.10/site-packages/airflow/example_dags/tutorial_taskflow_api.py
[2024-10-15T15:06:18.893-0300] {processor.py:743} INFO - Processing file /home/beatriz/Documentos/airflow/airflow_venv/lib/python3.10/site-packages/airflow/example_dags/tutorial_taskflow_api.py for tasks to queue
[2024-10-15T15:06:18.894-0300] {logging_mixin.py:137} INFO - [2024-10-15T15:06:18.894-0300] {dagbag.py:532} INFO - Filling up the DagBag from /home/beatriz/Documentos/airflow/airflow_venv/lib/python3.10/site-packages/airflow/example_dags/tutorial_taskflow_api.py
[2024-10-15T15:06:18.918-0300] {processor.py:753} INFO - DAG(s) dict_keys(['tutorial_taskflow_api']) retrieved from /home/beatriz/Documentos/airflow/airflow_venv/lib/python3.10/site-packages/airflow/example_dags/tutorial_taskflow_api.py
[2024-10-15T15:06:18.935-0300] {logging_mixin.py:137} INFO - [2024-10-15T15:06:18.935-0300] {dag.py:2705} INFO - Sync 1 DAGs
[2024-10-15T15:06:18.954-0300] {logging_mixin.py:137} INFO - [2024-10-15T15:06:18.954-0300] {dag.py:3452} INFO - Setting next_dagrun for tutorial_taskflow_api to None, run_after=None
[2024-10-15T15:06:18.975-0300] {processor.py:175} INFO - Processing /home/beatriz/Documentos/airflow/airflow_venv/lib/python3.10/site-packages/airflow/example_dags/tutorial_taskflow_api.py took 0.086 seconds
[2024-10-15T15:06:53.991-0300] {processor.py:153} INFO - Started process (PID=38948) to work on /home/beatriz/Documentos/airflow/airflow_venv/lib/python3.10/site-packages/airflow/example_dags/tutorial_taskflow_api.py
[2024-10-15T15:06:53.993-0300] {processor.py:743} INFO - Processing file /home/beatriz/Documentos/airflow/airflow_venv/lib/python3.10/site-packages/airflow/example_dags/tutorial_taskflow_api.py for tasks to queue
[2024-10-15T15:06:53.993-0300] {logging_mixin.py:137} INFO - [2024-10-15T15:06:53.993-0300] {dagbag.py:532} INFO - Filling up the DagBag from /home/beatriz/Documentos/airflow/airflow_venv/lib/python3.10/site-packages/airflow/example_dags/tutorial_taskflow_api.py
[2024-10-15T15:06:54.011-0300] {processor.py:753} INFO - DAG(s) dict_keys(['tutorial_taskflow_api']) retrieved from /home/beatriz/Documentos/airflow/airflow_venv/lib/python3.10/site-packages/airflow/example_dags/tutorial_taskflow_api.py
[2024-10-15T15:06:54.033-0300] {logging_mixin.py:137} INFO - [2024-10-15T15:06:54.032-0300] {dag.py:2705} INFO - Sync 1 DAGs
[2024-10-15T15:06:54.052-0300] {logging_mixin.py:137} INFO - [2024-10-15T15:06:54.052-0300] {dag.py:3452} INFO - Setting next_dagrun for tutorial_taskflow_api to None, run_after=None
[2024-10-15T15:06:54.074-0300] {processor.py:175} INFO - Processing /home/beatriz/Documentos/airflow/airflow_venv/lib/python3.10/site-packages/airflow/example_dags/tutorial_taskflow_api.py took 0.085 seconds
[2024-10-15T15:07:38.314-0300] {processor.py:153} INFO - Started process (PID=39314) to work on /home/beatriz/Documentos/airflow/airflow_venv/lib/python3.10/site-packages/airflow/example_dags/tutorial_taskflow_api.py
[2024-10-15T15:07:38.315-0300] {processor.py:743} INFO - Processing file /home/beatriz/Documentos/airflow/airflow_venv/lib/python3.10/site-packages/airflow/example_dags/tutorial_taskflow_api.py for tasks to queue
[2024-10-15T15:07:38.317-0300] {logging_mixin.py:137} INFO - [2024-10-15T15:07:38.316-0300] {dagbag.py:532} INFO - Filling up the DagBag from /home/beatriz/Documentos/airflow/airflow_venv/lib/python3.10/site-packages/airflow/example_dags/tutorial_taskflow_api.py
[2024-10-15T15:07:38.347-0300] {processor.py:753} INFO - DAG(s) dict_keys(['tutorial_taskflow_api']) retrieved from /home/beatriz/Documentos/airflow/airflow_venv/lib/python3.10/site-packages/airflow/example_dags/tutorial_taskflow_api.py
[2024-10-15T15:07:38.364-0300] {logging_mixin.py:137} INFO - [2024-10-15T15:07:38.364-0300] {dag.py:2705} INFO - Sync 1 DAGs
[2024-10-15T15:07:38.380-0300] {logging_mixin.py:137} INFO - [2024-10-15T15:07:38.380-0300] {dag.py:3452} INFO - Setting next_dagrun for tutorial_taskflow_api to None, run_after=None
[2024-10-15T15:07:38.399-0300] {processor.py:175} INFO - Processing /home/beatriz/Documentos/airflow/airflow_venv/lib/python3.10/site-packages/airflow/example_dags/tutorial_taskflow_api.py took 0.091 seconds
[2024-10-15T15:08:20.931-0300] {processor.py:153} INFO - Started process (PID=39407) to work on /home/beatriz/Documentos/airflow/airflow_venv/lib/python3.10/site-packages/airflow/example_dags/tutorial_taskflow_api.py
[2024-10-15T15:08:20.934-0300] {processor.py:743} INFO - Processing file /home/beatriz/Documentos/airflow/airflow_venv/lib/python3.10/site-packages/airflow/example_dags/tutorial_taskflow_api.py for tasks to queue
[2024-10-15T15:08:20.935-0300] {logging_mixin.py:137} INFO - [2024-10-15T15:08:20.935-0300] {dagbag.py:532} INFO - Filling up the DagBag from /home/beatriz/Documentos/airflow/airflow_venv/lib/python3.10/site-packages/airflow/example_dags/tutorial_taskflow_api.py
[2024-10-15T15:08:20.968-0300] {processor.py:753} INFO - DAG(s) dict_keys(['tutorial_taskflow_api']) retrieved from /home/beatriz/Documentos/airflow/airflow_venv/lib/python3.10/site-packages/airflow/example_dags/tutorial_taskflow_api.py
[2024-10-15T15:08:20.984-0300] {logging_mixin.py:137} INFO - [2024-10-15T15:08:20.984-0300] {dag.py:2705} INFO - Sync 1 DAGs
[2024-10-15T15:08:21.000-0300] {logging_mixin.py:137} INFO - [2024-10-15T15:08:20.999-0300] {dag.py:3452} INFO - Setting next_dagrun for tutorial_taskflow_api to None, run_after=None
[2024-10-15T15:08:21.018-0300] {processor.py:175} INFO - Processing /home/beatriz/Documentos/airflow/airflow_venv/lib/python3.10/site-packages/airflow/example_dags/tutorial_taskflow_api.py took 0.094 seconds
[2024-10-15T15:09:02.852-0300] {processor.py:153} INFO - Started process (PID=39520) to work on /home/beatriz/Documentos/airflow/airflow_venv/lib/python3.10/site-packages/airflow/example_dags/tutorial_taskflow_api.py
[2024-10-15T15:09:02.854-0300] {processor.py:743} INFO - Processing file /home/beatriz/Documentos/airflow/airflow_venv/lib/python3.10/site-packages/airflow/example_dags/tutorial_taskflow_api.py for tasks to queue
[2024-10-15T15:09:02.855-0300] {logging_mixin.py:137} INFO - [2024-10-15T15:09:02.855-0300] {dagbag.py:532} INFO - Filling up the DagBag from /home/beatriz/Documentos/airflow/airflow_venv/lib/python3.10/site-packages/airflow/example_dags/tutorial_taskflow_api.py
[2024-10-15T15:09:02.874-0300] {processor.py:753} INFO - DAG(s) dict_keys(['tutorial_taskflow_api']) retrieved from /home/beatriz/Documentos/airflow/airflow_venv/lib/python3.10/site-packages/airflow/example_dags/tutorial_taskflow_api.py
[2024-10-15T15:09:02.889-0300] {logging_mixin.py:137} INFO - [2024-10-15T15:09:02.889-0300] {dag.py:2705} INFO - Sync 1 DAGs
[2024-10-15T15:09:02.906-0300] {logging_mixin.py:137} INFO - [2024-10-15T15:09:02.906-0300] {dag.py:3452} INFO - Setting next_dagrun for tutorial_taskflow_api to None, run_after=None
[2024-10-15T15:09:02.924-0300] {processor.py:175} INFO - Processing /home/beatriz/Documentos/airflow/airflow_venv/lib/python3.10/site-packages/airflow/example_dags/tutorial_taskflow_api.py took 0.075 seconds
[2024-10-15T15:09:45.545-0300] {processor.py:153} INFO - Started process (PID=39608) to work on /home/beatriz/Documentos/airflow/airflow_venv/lib/python3.10/site-packages/airflow/example_dags/tutorial_taskflow_api.py
[2024-10-15T15:09:45.547-0300] {processor.py:743} INFO - Processing file /home/beatriz/Documentos/airflow/airflow_venv/lib/python3.10/site-packages/airflow/example_dags/tutorial_taskflow_api.py for tasks to queue
[2024-10-15T15:09:45.548-0300] {logging_mixin.py:137} INFO - [2024-10-15T15:09:45.548-0300] {dagbag.py:532} INFO - Filling up the DagBag from /home/beatriz/Documentos/airflow/airflow_venv/lib/python3.10/site-packages/airflow/example_dags/tutorial_taskflow_api.py
[2024-10-15T15:09:45.582-0300] {processor.py:753} INFO - DAG(s) dict_keys(['tutorial_taskflow_api']) retrieved from /home/beatriz/Documentos/airflow/airflow_venv/lib/python3.10/site-packages/airflow/example_dags/tutorial_taskflow_api.py
[2024-10-15T15:09:45.598-0300] {logging_mixin.py:137} INFO - [2024-10-15T15:09:45.597-0300] {dag.py:2705} INFO - Sync 1 DAGs
[2024-10-15T15:09:45.614-0300] {logging_mixin.py:137} INFO - [2024-10-15T15:09:45.614-0300] {dag.py:3452} INFO - Setting next_dagrun for tutorial_taskflow_api to None, run_after=None
[2024-10-15T15:09:45.631-0300] {processor.py:175} INFO - Processing /home/beatriz/Documentos/airflow/airflow_venv/lib/python3.10/site-packages/airflow/example_dags/tutorial_taskflow_api.py took 0.091 seconds
[2024-10-15T15:10:32.019-0300] {processor.py:153} INFO - Started process (PID=39735) to work on /home/beatriz/Documentos/airflow/airflow_venv/lib/python3.10/site-packages/airflow/example_dags/tutorial_taskflow_api.py
[2024-10-15T15:10:32.021-0300] {processor.py:743} INFO - Processing file /home/beatriz/Documentos/airflow/airflow_venv/lib/python3.10/site-packages/airflow/example_dags/tutorial_taskflow_api.py for tasks to queue
[2024-10-15T15:10:32.023-0300] {logging_mixin.py:137} INFO - [2024-10-15T15:10:32.023-0300] {dagbag.py:532} INFO - Filling up the DagBag from /home/beatriz/Documentos/airflow/airflow_venv/lib/python3.10/site-packages/airflow/example_dags/tutorial_taskflow_api.py
[2024-10-15T15:10:32.055-0300] {processor.py:753} INFO - DAG(s) dict_keys(['tutorial_taskflow_api']) retrieved from /home/beatriz/Documentos/airflow/airflow_venv/lib/python3.10/site-packages/airflow/example_dags/tutorial_taskflow_api.py
[2024-10-15T15:10:32.070-0300] {logging_mixin.py:137} INFO - [2024-10-15T15:10:32.070-0300] {dag.py:2705} INFO - Sync 1 DAGs
[2024-10-15T15:10:32.086-0300] {logging_mixin.py:137} INFO - [2024-10-15T15:10:32.086-0300] {dag.py:3452} INFO - Setting next_dagrun for tutorial_taskflow_api to None, run_after=None
[2024-10-15T15:10:32.104-0300] {processor.py:175} INFO - Processing /home/beatriz/Documentos/airflow/airflow_venv/lib/python3.10/site-packages/airflow/example_dags/tutorial_taskflow_api.py took 0.090 seconds
[2024-10-15T15:35:15.659-0300] {processor.py:161} INFO - Started process (PID=41745) to work on /home/beatriz/Documentos/airflow/airflow_venv/lib/python3.10/site-packages/airflow/example_dags/tutorial_taskflow_api.py
[2024-10-15T15:35:15.662-0300] {processor.py:830} INFO - Processing file /home/beatriz/Documentos/airflow/airflow_venv/lib/python3.10/site-packages/airflow/example_dags/tutorial_taskflow_api.py for tasks to queue
[2024-10-15T15:35:15.666-0300] {logging_mixin.py:188} INFO - [2024-10-15T15:35:15.665-0300] {dagbag.py:540} INFO - Filling up the DagBag from /home/beatriz/Documentos/airflow/airflow_venv/lib/python3.10/site-packages/airflow/example_dags/tutorial_taskflow_api.py
[2024-10-15T15:35:15.680-0300] {processor.py:840} INFO - DAG(s) 'tutorial_taskflow_api' retrieved from /home/beatriz/Documentos/airflow/airflow_venv/lib/python3.10/site-packages/airflow/example_dags/tutorial_taskflow_api.py
[2024-10-15T15:35:15.688-0300] {logging_mixin.py:188} INFO - [2024-10-15T15:35:15.688-0300] {dag.py:3096} INFO - Sync 1 DAGs
[2024-10-15T15:35:15.700-0300] {logging_mixin.py:188} INFO - [2024-10-15T15:35:15.699-0300] {dag.py:3954} INFO - Setting next_dagrun for tutorial_taskflow_api to None, run_after=None
[2024-10-15T15:35:15.717-0300] {processor.py:183} INFO - Processing /home/beatriz/Documentos/airflow/airflow_venv/lib/python3.10/site-packages/airflow/example_dags/tutorial_taskflow_api.py took 0.072 seconds
[2024-10-15T15:36:08.009-0300] {processor.py:161} INFO - Started process (PID=42263) to work on /home/beatriz/Documentos/airflow/airflow_venv/lib/python3.10/site-packages/airflow/example_dags/tutorial_taskflow_api.py
[2024-10-15T15:36:08.012-0300] {processor.py:830} INFO - Processing file /home/beatriz/Documentos/airflow/airflow_venv/lib/python3.10/site-packages/airflow/example_dags/tutorial_taskflow_api.py for tasks to queue
[2024-10-15T15:36:08.015-0300] {logging_mixin.py:188} INFO - [2024-10-15T15:36:08.014-0300] {dagbag.py:540} INFO - Filling up the DagBag from /home/beatriz/Documentos/airflow/airflow_venv/lib/python3.10/site-packages/airflow/example_dags/tutorial_taskflow_api.py
[2024-10-15T15:36:08.026-0300] {processor.py:840} INFO - DAG(s) 'tutorial_taskflow_api' retrieved from /home/beatriz/Documentos/airflow/airflow_venv/lib/python3.10/site-packages/airflow/example_dags/tutorial_taskflow_api.py
[2024-10-15T15:36:08.099-0300] {logging_mixin.py:188} INFO - [2024-10-15T15:36:08.099-0300] {dag.py:3096} INFO - Sync 1 DAGs
[2024-10-15T15:36:08.106-0300] {logging_mixin.py:188} INFO - [2024-10-15T15:36:08.106-0300] {dag.py:3954} INFO - Setting next_dagrun for tutorial_taskflow_api to None, run_after=None
[2024-10-15T15:36:08.126-0300] {processor.py:183} INFO - Processing /home/beatriz/Documentos/airflow/airflow_venv/lib/python3.10/site-packages/airflow/example_dags/tutorial_taskflow_api.py took 0.128 seconds
[2024-10-15T15:37:00.613-0300] {processor.py:161} INFO - Started process (PID=42717) to work on /home/beatriz/Documentos/airflow/airflow_venv/lib/python3.10/site-packages/airflow/example_dags/tutorial_taskflow_api.py
[2024-10-15T15:37:00.616-0300] {processor.py:830} INFO - Processing file /home/beatriz/Documentos/airflow/airflow_venv/lib/python3.10/site-packages/airflow/example_dags/tutorial_taskflow_api.py for tasks to queue
[2024-10-15T15:37:00.619-0300] {logging_mixin.py:188} INFO - [2024-10-15T15:37:00.618-0300] {dagbag.py:540} INFO - Filling up the DagBag from /home/beatriz/Documentos/airflow/airflow_venv/lib/python3.10/site-packages/airflow/example_dags/tutorial_taskflow_api.py
[2024-10-15T15:37:00.629-0300] {processor.py:840} INFO - DAG(s) 'tutorial_taskflow_api' retrieved from /home/beatriz/Documentos/airflow/airflow_venv/lib/python3.10/site-packages/airflow/example_dags/tutorial_taskflow_api.py
[2024-10-15T15:37:00.645-0300] {logging_mixin.py:188} INFO - [2024-10-15T15:37:00.645-0300] {dag.py:3096} INFO - Sync 1 DAGs
[2024-10-15T15:37:00.654-0300] {logging_mixin.py:188} INFO - [2024-10-15T15:37:00.654-0300] {dag.py:3954} INFO - Setting next_dagrun for tutorial_taskflow_api to None, run_after=None
[2024-10-15T15:37:00.675-0300] {processor.py:183} INFO - Processing /home/beatriz/Documentos/airflow/airflow_venv/lib/python3.10/site-packages/airflow/example_dags/tutorial_taskflow_api.py took 0.073 seconds
[2024-10-15T15:37:46.974-0300] {processor.py:161} INFO - Started process (PID=43142) to work on /home/beatriz/Documentos/airflow/airflow_venv/lib/python3.10/site-packages/airflow/example_dags/tutorial_taskflow_api.py
[2024-10-15T15:37:46.977-0300] {processor.py:830} INFO - Processing file /home/beatriz/Documentos/airflow/airflow_venv/lib/python3.10/site-packages/airflow/example_dags/tutorial_taskflow_api.py for tasks to queue
[2024-10-15T15:37:46.980-0300] {logging_mixin.py:188} INFO - [2024-10-15T15:37:46.979-0300] {dagbag.py:540} INFO - Filling up the DagBag from /home/beatriz/Documentos/airflow/airflow_venv/lib/python3.10/site-packages/airflow/example_dags/tutorial_taskflow_api.py
[2024-10-15T15:37:46.991-0300] {processor.py:840} INFO - DAG(s) 'tutorial_taskflow_api' retrieved from /home/beatriz/Documentos/airflow/airflow_venv/lib/python3.10/site-packages/airflow/example_dags/tutorial_taskflow_api.py
[2024-10-15T15:37:47.009-0300] {logging_mixin.py:188} INFO - [2024-10-15T15:37:47.009-0300] {dag.py:3096} INFO - Sync 1 DAGs
[2024-10-15T15:37:47.086-0300] {logging_mixin.py:188} INFO - [2024-10-15T15:37:47.086-0300] {dag.py:3954} INFO - Setting next_dagrun for tutorial_taskflow_api to None, run_after=None
[2024-10-15T15:37:47.108-0300] {processor.py:183} INFO - Processing /home/beatriz/Documentos/airflow/airflow_venv/lib/python3.10/site-packages/airflow/example_dags/tutorial_taskflow_api.py took 0.145 seconds
[2024-10-15T15:38:37.551-0300] {processor.py:161} INFO - Started process (PID=43430) to work on /home/beatriz/Documentos/airflow/airflow_venv/lib/python3.10/site-packages/airflow/example_dags/tutorial_taskflow_api.py
[2024-10-15T15:38:37.553-0300] {processor.py:830} INFO - Processing file /home/beatriz/Documentos/airflow/airflow_venv/lib/python3.10/site-packages/airflow/example_dags/tutorial_taskflow_api.py for tasks to queue
[2024-10-15T15:38:37.557-0300] {logging_mixin.py:188} INFO - [2024-10-15T15:38:37.556-0300] {dagbag.py:540} INFO - Filling up the DagBag from /home/beatriz/Documentos/airflow/airflow_venv/lib/python3.10/site-packages/airflow/example_dags/tutorial_taskflow_api.py
[2024-10-15T15:38:37.568-0300] {processor.py:840} INFO - DAG(s) 'tutorial_taskflow_api' retrieved from /home/beatriz/Documentos/airflow/airflow_venv/lib/python3.10/site-packages/airflow/example_dags/tutorial_taskflow_api.py
[2024-10-15T15:38:37.583-0300] {logging_mixin.py:188} INFO - [2024-10-15T15:38:37.582-0300] {dag.py:3096} INFO - Sync 1 DAGs
[2024-10-15T15:38:37.592-0300] {logging_mixin.py:188} INFO - [2024-10-15T15:38:37.592-0300] {dag.py:3954} INFO - Setting next_dagrun for tutorial_taskflow_api to None, run_after=None
[2024-10-15T15:38:37.612-0300] {processor.py:183} INFO - Processing /home/beatriz/Documentos/airflow/airflow_venv/lib/python3.10/site-packages/airflow/example_dags/tutorial_taskflow_api.py took 0.072 seconds
[2024-10-15T15:39:22.915-0300] {processor.py:161} INFO - Started process (PID=44034) to work on /home/beatriz/Documentos/airflow/airflow_venv/lib/python3.10/site-packages/airflow/example_dags/tutorial_taskflow_api.py
[2024-10-15T15:39:22.916-0300] {processor.py:830} INFO - Processing file /home/beatriz/Documentos/airflow/airflow_venv/lib/python3.10/site-packages/airflow/example_dags/tutorial_taskflow_api.py for tasks to queue
[2024-10-15T15:39:22.919-0300] {logging_mixin.py:188} INFO - [2024-10-15T15:39:22.919-0300] {dagbag.py:540} INFO - Filling up the DagBag from /home/beatriz/Documentos/airflow/airflow_venv/lib/python3.10/site-packages/airflow/example_dags/tutorial_taskflow_api.py
[2024-10-15T15:39:22.929-0300] {processor.py:840} INFO - DAG(s) 'tutorial_taskflow_api' retrieved from /home/beatriz/Documentos/airflow/airflow_venv/lib/python3.10/site-packages/airflow/example_dags/tutorial_taskflow_api.py
[2024-10-15T15:39:22.943-0300] {logging_mixin.py:188} INFO - [2024-10-15T15:39:22.943-0300] {dag.py:3096} INFO - Sync 1 DAGs
[2024-10-15T15:39:22.952-0300] {logging_mixin.py:188} INFO - [2024-10-15T15:39:22.952-0300] {dag.py:3954} INFO - Setting next_dagrun for tutorial_taskflow_api to None, run_after=None
[2024-10-15T15:39:22.970-0300] {processor.py:183} INFO - Processing /home/beatriz/Documentos/airflow/airflow_venv/lib/python3.10/site-packages/airflow/example_dags/tutorial_taskflow_api.py took 0.067 seconds
[2024-10-15T15:40:06.950-0300] {processor.py:161} INFO - Started process (PID=44122) to work on /home/beatriz/Documentos/airflow/airflow_venv/lib/python3.10/site-packages/airflow/example_dags/tutorial_taskflow_api.py
[2024-10-15T15:40:06.953-0300] {processor.py:830} INFO - Processing file /home/beatriz/Documentos/airflow/airflow_venv/lib/python3.10/site-packages/airflow/example_dags/tutorial_taskflow_api.py for tasks to queue
[2024-10-15T15:40:06.957-0300] {logging_mixin.py:188} INFO - [2024-10-15T15:40:06.956-0300] {dagbag.py:540} INFO - Filling up the DagBag from /home/beatriz/Documentos/airflow/airflow_venv/lib/python3.10/site-packages/airflow/example_dags/tutorial_taskflow_api.py
[2024-10-15T15:40:06.967-0300] {processor.py:840} INFO - DAG(s) 'tutorial_taskflow_api' retrieved from /home/beatriz/Documentos/airflow/airflow_venv/lib/python3.10/site-packages/airflow/example_dags/tutorial_taskflow_api.py
[2024-10-15T15:40:06.983-0300] {logging_mixin.py:188} INFO - [2024-10-15T15:40:06.982-0300] {dag.py:3096} INFO - Sync 1 DAGs
[2024-10-15T15:40:06.991-0300] {logging_mixin.py:188} INFO - [2024-10-15T15:40:06.991-0300] {dag.py:3954} INFO - Setting next_dagrun for tutorial_taskflow_api to None, run_after=None
[2024-10-15T15:40:07.010-0300] {processor.py:183} INFO - Processing /home/beatriz/Documentos/airflow/airflow_venv/lib/python3.10/site-packages/airflow/example_dags/tutorial_taskflow_api.py took 0.075 seconds
