[2024-12-12T14:38:29.228-0300] {local_task_job_runner.py:120} INFO - ::group::Pre task execution logs
[2024-12-12T14:38:29.236-0300] {taskinstance.py:2073} INFO - Dependencies all met for dep_context=non-requeueable deps ti=<TaskInstance: medallion_architecture.spark_submit manual__2024-12-12T17:38:20.098850+00:00 [queued]>
[2024-12-12T14:38:29.241-0300] {taskinstance.py:2073} INFO - Dependencies all met for dep_context=requeueable deps ti=<TaskInstance: medallion_architecture.spark_submit manual__2024-12-12T17:38:20.098850+00:00 [queued]>
[2024-12-12T14:38:29.241-0300] {taskinstance.py:2303} INFO - Starting attempt 1 of 1
[2024-12-12T14:38:29.255-0300] {taskinstance.py:2327} INFO - Executing <Task(BashOperator): spark_submit> on 2024-12-12 17:38:20.098850+00:00
[2024-12-12T14:38:29.260-0300] {standard_task_runner.py:63} INFO - Started process 167922 to run task
[2024-12-12T14:38:29.260-0300] {clientserver.py:543} INFO - Closing down clientserver connection
[2024-12-12T14:38:29.266-0300] {standard_task_runner.py:90} INFO - Running: ['airflow', 'tasks', 'run', 'medallion_architecture', 'spark_submit', 'manual__2024-12-12T17:38:20.098850+00:00', '--job-id', '148', '--raw', '--subdir', 'DAGS_FOLDER/dag2.py', '--cfg-path', '/tmp/tmp6y_0agv5']
[2024-12-12T14:38:29.267-0300] {standard_task_runner.py:91} INFO - Job 148: Subtask spark_submit
[2024-12-12T14:38:29.294-0300] {task_command.py:426} INFO - Running <TaskInstance: medallion_architecture.spark_submit manual__2024-12-12T17:38:20.098850+00:00 [running]> on host beatriz-linux
[2024-12-12T14:38:29.352-0300] {taskinstance.py:2644} INFO - Exporting env vars: AIRFLOW_CTX_DAG_OWNER='airflow' AIRFLOW_CTX_DAG_ID='medallion_architecture' AIRFLOW_CTX_TASK_ID='spark_submit' AIRFLOW_CTX_EXECUTION_DATE='2024-12-12T17:38:20.098850+00:00' AIRFLOW_CTX_TRY_NUMBER='1' AIRFLOW_CTX_DAG_RUN_ID='manual__2024-12-12T17:38:20.098850+00:00'
[2024-12-12T14:38:29.353-0300] {taskinstance.py:430} INFO - ::endgroup::
[2024-12-12T14:38:29.354-0300] {subprocess.py:63} INFO - Tmp dir root location: /tmp
[2024-12-12T14:38:29.354-0300] {subprocess.py:75} INFO - Running command: ['/usr/bin/bash', '-c', '\n    export AWS_ACCESS_KEY_ID=ASIAWAA66KBXXMU7KCLM;\n    export AWS_SECRET_ACCESS_KEY=***;\n    export AWS_SESSION_TOKEN=***;\n    /opt/spark/bin/spark-submit         --packages org.apache.hadoop:hadoop-aws:3.3.4,com.amazonaws:aws-java-sdk-bundle:1.12.508         --conf spark.hadoop.fs.s3a.aws.credentials.provider=com.amazonaws.auth.DefaultAWSCredentialsProviderChain         --conf spark.hadoop.fs.s3a.endpoint=s3.amazonaws.com         --conf spark.hadoop.fs.s3a.region=us-east-1         /home/beatriz/Documentos/airflow/dags/tarefas/tarefas.py']
[2024-12-12T14:38:29.372-0300] {subprocess.py:86} INFO - Output:
[2024-12-12T14:38:31.253-0300] {subprocess.py:93} INFO - 24/12/12 14:38:31 WARN Utils: Your hostname, beatriz-linux resolves to a loopback address: 127.0.1.1; using 192.168.7.5 instead (on interface wlp0s20f3)
[2024-12-12T14:38:31.255-0300] {subprocess.py:93} INFO - 24/12/12 14:38:31 WARN Utils: Set SPARK_LOCAL_IP if you need to bind to another address
[2024-12-12T14:38:31.519-0300] {subprocess.py:93} INFO - :: loading settings :: url = jar:file:/opt/spark/jars/ivy-2.5.1.jar!/org/apache/ivy/core/settings/ivysettings.xml
[2024-12-12T14:38:31.616-0300] {subprocess.py:93} INFO - Ivy Default Cache set to: /home/beatriz/.ivy2/cache
[2024-12-12T14:38:31.616-0300] {subprocess.py:93} INFO - The jars for the packages stored in: /home/beatriz/.ivy2/jars
[2024-12-12T14:38:31.620-0300] {subprocess.py:93} INFO - org.apache.hadoop#hadoop-aws added as a dependency
[2024-12-12T14:38:31.621-0300] {subprocess.py:93} INFO - com.amazonaws#aws-java-sdk-bundle added as a dependency
[2024-12-12T14:38:31.622-0300] {subprocess.py:93} INFO - :: resolving dependencies :: org.apache.spark#spark-submit-parent-90630cb0-49d0-4128-b774-e11cf90fd0c1;1.0
[2024-12-12T14:38:31.622-0300] {subprocess.py:93} INFO - 	confs: [default]
[2024-12-12T14:38:31.778-0300] {subprocess.py:93} INFO - 	found org.apache.hadoop#hadoop-aws;3.3.4 in central
[2024-12-12T14:38:31.812-0300] {subprocess.py:93} INFO - 	found org.wildfly.openssl#wildfly-openssl;1.0.7.Final in central
[2024-12-12T14:38:31.830-0300] {subprocess.py:93} INFO - 	found com.amazonaws#aws-java-sdk-bundle;1.12.508 in central
[2024-12-12T14:38:31.851-0300] {subprocess.py:93} INFO - :: resolution report :: resolve 221ms :: artifacts dl 9ms
[2024-12-12T14:38:31.851-0300] {subprocess.py:93} INFO - 	:: modules in use:
[2024-12-12T14:38:31.851-0300] {subprocess.py:93} INFO - 	com.amazonaws#aws-java-sdk-bundle;1.12.508 from central in [default]
[2024-12-12T14:38:31.851-0300] {subprocess.py:93} INFO - 	org.apache.hadoop#hadoop-aws;3.3.4 from central in [default]
[2024-12-12T14:38:31.852-0300] {subprocess.py:93} INFO - 	org.wildfly.openssl#wildfly-openssl;1.0.7.Final from central in [default]
[2024-12-12T14:38:31.852-0300] {subprocess.py:93} INFO - 	:: evicted modules:
[2024-12-12T14:38:31.852-0300] {subprocess.py:93} INFO - 	com.amazonaws#aws-java-sdk-bundle;1.12.262 by [com.amazonaws#aws-java-sdk-bundle;1.12.508] in [default]
[2024-12-12T14:38:31.852-0300] {subprocess.py:93} INFO - 	---------------------------------------------------------------------
[2024-12-12T14:38:31.853-0300] {subprocess.py:93} INFO - 	|                  |            modules            ||   artifacts   |
[2024-12-12T14:38:31.853-0300] {subprocess.py:93} INFO - 	|       conf       | number| search|dwnlded|evicted|| number|dwnlded|
[2024-12-12T14:38:31.853-0300] {subprocess.py:93} INFO - 	---------------------------------------------------------------------
[2024-12-12T14:38:31.853-0300] {subprocess.py:93} INFO - 	|      default     |   4   |   0   |   0   |   1   ||   3   |   0   |
[2024-12-12T14:38:31.853-0300] {subprocess.py:93} INFO - 	---------------------------------------------------------------------
[2024-12-12T14:38:31.855-0300] {subprocess.py:93} INFO - :: retrieving :: org.apache.spark#spark-submit-parent-90630cb0-49d0-4128-b774-e11cf90fd0c1
[2024-12-12T14:38:31.856-0300] {subprocess.py:93} INFO - 	confs: [default]
[2024-12-12T14:38:31.862-0300] {subprocess.py:93} INFO - 	0 artifacts copied, 3 already retrieved (0kB/7ms)
[2024-12-12T14:38:33.146-0300] {subprocess.py:93} INFO - 24/12/12 14:38:33 INFO SparkContext: Running Spark version 3.5.3
[2024-12-12T14:38:33.146-0300] {subprocess.py:93} INFO - 24/12/12 14:38:33 INFO SparkContext: OS info Linux, 6.8.0-49-generic, amd64
[2024-12-12T14:38:33.147-0300] {subprocess.py:93} INFO - 24/12/12 14:38:33 INFO SparkContext: Java version 11.0.25
[2024-12-12T14:38:33.172-0300] {subprocess.py:93} INFO - 24/12/12 14:38:33 INFO ResourceUtils: ==============================================================
[2024-12-12T14:38:33.172-0300] {subprocess.py:93} INFO - 24/12/12 14:38:33 INFO ResourceUtils: No custom resources configured for spark.driver.
[2024-12-12T14:38:33.173-0300] {subprocess.py:93} INFO - 24/12/12 14:38:33 INFO ResourceUtils: ==============================================================
[2024-12-12T14:38:33.173-0300] {subprocess.py:93} INFO - 24/12/12 14:38:33 INFO SparkContext: Submitted application: Medallion Architecture
[2024-12-12T14:38:33.204-0300] {subprocess.py:93} INFO - 24/12/12 14:38:33 INFO ResourceProfile: Default ResourceProfile created, executor resources: Map(cores -> name: cores, amount: 1, script: , vendor: , memory -> name: memory, amount: 1024, script: , vendor: , offHeap -> name: offHeap, amount: 0, script: , vendor: ), task resources: Map(cpus -> name: cpus, amount: 1.0)
[2024-12-12T14:38:33.217-0300] {subprocess.py:93} INFO - 24/12/12 14:38:33 INFO ResourceProfile: Limiting resource is cpu
[2024-12-12T14:38:33.218-0300] {subprocess.py:93} INFO - 24/12/12 14:38:33 INFO ResourceProfileManager: Added ResourceProfile id: 0
[2024-12-12T14:38:33.300-0300] {subprocess.py:93} INFO - 24/12/12 14:38:33 INFO SecurityManager: Changing view acls to: beatriz
[2024-12-12T14:38:33.301-0300] {subprocess.py:93} INFO - 24/12/12 14:38:33 INFO SecurityManager: Changing modify acls to: beatriz
[2024-12-12T14:38:33.302-0300] {subprocess.py:93} INFO - 24/12/12 14:38:33 INFO SecurityManager: Changing view acls groups to:
[2024-12-12T14:38:33.302-0300] {subprocess.py:93} INFO - 24/12/12 14:38:33 INFO SecurityManager: Changing modify acls groups to:
[2024-12-12T14:38:33.303-0300] {subprocess.py:93} INFO - 24/12/12 14:38:33 INFO SecurityManager: SecurityManager: authentication disabled; ui acls disabled; users with view permissions: beatriz; groups with view permissions: EMPTY; users with modify permissions: beatriz; groups with modify permissions: EMPTY
[2024-12-12T14:38:33.613-0300] {subprocess.py:93} INFO - 24/12/12 14:38:33 INFO Utils: Successfully started service 'sparkDriver' on port 32799.
[2024-12-12T14:38:33.649-0300] {subprocess.py:93} INFO - 24/12/12 14:38:33 INFO SparkEnv: Registering MapOutputTracker
[2024-12-12T14:38:33.690-0300] {subprocess.py:93} INFO - 24/12/12 14:38:33 INFO SparkEnv: Registering BlockManagerMaster
[2024-12-12T14:38:33.714-0300] {subprocess.py:93} INFO - 24/12/12 14:38:33 INFO BlockManagerMasterEndpoint: Using org.apache.spark.storage.DefaultTopologyMapper for getting topology information
[2024-12-12T14:38:33.715-0300] {subprocess.py:93} INFO - 24/12/12 14:38:33 INFO BlockManagerMasterEndpoint: BlockManagerMasterEndpoint up
[2024-12-12T14:38:33.719-0300] {subprocess.py:93} INFO - 24/12/12 14:38:33 INFO SparkEnv: Registering BlockManagerMasterHeartbeat
[2024-12-12T14:38:33.744-0300] {subprocess.py:93} INFO - 24/12/12 14:38:33 INFO DiskBlockManager: Created local directory at /tmp/blockmgr-9fd223c1-9177-44ab-98e9-cb512b8462c9
[2024-12-12T14:38:33.760-0300] {subprocess.py:93} INFO - 24/12/12 14:38:33 INFO MemoryStore: MemoryStore started with capacity 434.4 MiB
[2024-12-12T14:38:33.778-0300] {subprocess.py:93} INFO - 24/12/12 14:38:33 INFO SparkEnv: Registering OutputCommitCoordinator
[2024-12-12T14:38:33.937-0300] {subprocess.py:93} INFO - 24/12/12 14:38:33 INFO JettyUtils: Start Jetty 0.0.0.0:4040 for SparkUI
[2024-12-12T14:38:34.020-0300] {subprocess.py:93} INFO - 24/12/12 14:38:34 WARN Utils: Service 'SparkUI' could not bind on port 4040. Attempting port 4041.
[2024-12-12T14:38:34.021-0300] {subprocess.py:93} INFO - 24/12/12 14:38:34 WARN Utils: Service 'SparkUI' could not bind on port 4041. Attempting port 4042.
[2024-12-12T14:38:34.033-0300] {subprocess.py:93} INFO - 24/12/12 14:38:34 INFO Utils: Successfully started service 'SparkUI' on port 4042.
[2024-12-12T14:38:34.079-0300] {subprocess.py:93} INFO - 24/12/12 14:38:34 INFO SparkContext: Added JAR /opt/spark/jars/hadoop-aws-3.3.4.jar at spark://192.168.7.5:32799/jars/hadoop-aws-3.3.4.jar with timestamp 1734025113135
[2024-12-12T14:38:34.079-0300] {subprocess.py:93} INFO - 24/12/12 14:38:34 INFO SparkContext: Added JAR /opt/spark/jars/aws-java-sdk-bundle-1.12.508.jar at spark://192.168.7.5:32799/jars/aws-java-sdk-bundle-1.12.508.jar with timestamp 1734025113135
[2024-12-12T14:38:34.083-0300] {subprocess.py:93} INFO - 24/12/12 14:38:34 INFO SparkContext: Added file file:///home/beatriz/.ivy2/jars/org.apache.hadoop_hadoop-aws-3.3.4.jar at file:///home/beatriz/.ivy2/jars/org.apache.hadoop_hadoop-aws-3.3.4.jar with timestamp 1734025113135
[2024-12-12T14:38:34.084-0300] {subprocess.py:93} INFO - 24/12/12 14:38:34 INFO Utils: Copying /home/beatriz/.ivy2/jars/org.apache.hadoop_hadoop-aws-3.3.4.jar to /tmp/spark-67c940b6-1007-42fe-aa09-ed93d8e6e2ff/userFiles-cc606c5d-b87e-45ec-8965-db66981da526/org.apache.hadoop_hadoop-aws-3.3.4.jar
[2024-12-12T14:38:34.096-0300] {subprocess.py:93} INFO - 24/12/12 14:38:34 INFO SparkContext: Added file file:///home/beatriz/.ivy2/jars/com.amazonaws_aws-java-sdk-bundle-1.12.508.jar at file:///home/beatriz/.ivy2/jars/com.amazonaws_aws-java-sdk-bundle-1.12.508.jar with timestamp 1734025113135
[2024-12-12T14:38:34.097-0300] {subprocess.py:93} INFO - 24/12/12 14:38:34 INFO Utils: Copying /home/beatriz/.ivy2/jars/com.amazonaws_aws-java-sdk-bundle-1.12.508.jar to /tmp/spark-67c940b6-1007-42fe-aa09-ed93d8e6e2ff/userFiles-cc606c5d-b87e-45ec-8965-db66981da526/com.amazonaws_aws-java-sdk-bundle-1.12.508.jar
[2024-12-12T14:38:34.701-0300] {subprocess.py:93} INFO - 24/12/12 14:38:34 INFO SparkContext: Added file file:///home/beatriz/.ivy2/jars/org.wildfly.openssl_wildfly-openssl-1.0.7.Final.jar at file:///home/beatriz/.ivy2/jars/org.wildfly.openssl_wildfly-openssl-1.0.7.Final.jar with timestamp 1734025113135
[2024-12-12T14:38:34.702-0300] {subprocess.py:93} INFO - 24/12/12 14:38:34 INFO Utils: Copying /home/beatriz/.ivy2/jars/org.wildfly.openssl_wildfly-openssl-1.0.7.Final.jar to /tmp/spark-67c940b6-1007-42fe-aa09-ed93d8e6e2ff/userFiles-cc606c5d-b87e-45ec-8965-db66981da526/org.wildfly.openssl_wildfly-openssl-1.0.7.Final.jar
[2024-12-12T14:38:34.788-0300] {subprocess.py:93} INFO - 24/12/12 14:38:34 INFO Executor: Starting executor ID driver on host 192.168.7.5
[2024-12-12T14:38:34.788-0300] {subprocess.py:93} INFO - 24/12/12 14:38:34 INFO Executor: OS info Linux, 6.8.0-49-generic, amd64
[2024-12-12T14:38:34.789-0300] {subprocess.py:93} INFO - 24/12/12 14:38:34 INFO Executor: Java version 11.0.25
[2024-12-12T14:38:34.798-0300] {subprocess.py:93} INFO - 24/12/12 14:38:34 INFO Executor: Starting executor with user classpath (userClassPathFirst = false): ''
[2024-12-12T14:38:34.798-0300] {subprocess.py:93} INFO - 24/12/12 14:38:34 INFO Executor: Created or updated repl class loader org.apache.spark.util.MutableURLClassLoader@3f4a003c for default.
[2024-12-12T14:38:34.812-0300] {subprocess.py:93} INFO - 24/12/12 14:38:34 INFO Executor: Fetching file:///home/beatriz/.ivy2/jars/com.amazonaws_aws-java-sdk-bundle-1.12.508.jar with timestamp 1734025113135
[2024-12-12T14:38:35.562-0300] {subprocess.py:93} INFO - 24/12/12 14:38:35 INFO Utils: /home/beatriz/.ivy2/jars/com.amazonaws_aws-java-sdk-bundle-1.12.508.jar has been previously copied to /tmp/spark-67c940b6-1007-42fe-aa09-ed93d8e6e2ff/userFiles-cc606c5d-b87e-45ec-8965-db66981da526/com.amazonaws_aws-java-sdk-bundle-1.12.508.jar
[2024-12-12T14:38:35.579-0300] {subprocess.py:93} INFO - 24/12/12 14:38:35 INFO Executor: Fetching file:///home/beatriz/.ivy2/jars/org.apache.hadoop_hadoop-aws-3.3.4.jar with timestamp 1734025113135
[2024-12-12T14:38:35.582-0300] {subprocess.py:93} INFO - 24/12/12 14:38:35 INFO Utils: /home/beatriz/.ivy2/jars/org.apache.hadoop_hadoop-aws-3.3.4.jar has been previously copied to /tmp/spark-67c940b6-1007-42fe-aa09-ed93d8e6e2ff/userFiles-cc606c5d-b87e-45ec-8965-db66981da526/org.apache.hadoop_hadoop-aws-3.3.4.jar
[2024-12-12T14:38:35.584-0300] {subprocess.py:93} INFO - 24/12/12 14:38:35 INFO Executor: Fetching file:///home/beatriz/.ivy2/jars/org.wildfly.openssl_wildfly-openssl-1.0.7.Final.jar with timestamp 1734025113135
[2024-12-12T14:38:35.585-0300] {subprocess.py:93} INFO - 24/12/12 14:38:35 INFO Utils: /home/beatriz/.ivy2/jars/org.wildfly.openssl_wildfly-openssl-1.0.7.Final.jar has been previously copied to /tmp/spark-67c940b6-1007-42fe-aa09-ed93d8e6e2ff/userFiles-cc606c5d-b87e-45ec-8965-db66981da526/org.wildfly.openssl_wildfly-openssl-1.0.7.Final.jar
[2024-12-12T14:38:35.589-0300] {subprocess.py:93} INFO - 24/12/12 14:38:35 INFO Executor: Fetching spark://192.168.7.5:32799/jars/aws-java-sdk-bundle-1.12.508.jar with timestamp 1734025113135
[2024-12-12T14:38:35.636-0300] {subprocess.py:93} INFO - 24/12/12 14:38:35 INFO TransportClientFactory: Successfully created connection to /192.168.7.5:32799 after 33 ms (0 ms spent in bootstraps)
[2024-12-12T14:38:35.647-0300] {subprocess.py:93} INFO - 24/12/12 14:38:35 INFO Utils: Fetching spark://192.168.7.5:32799/jars/aws-java-sdk-bundle-1.12.508.jar to /tmp/spark-67c940b6-1007-42fe-aa09-ed93d8e6e2ff/userFiles-cc606c5d-b87e-45ec-8965-db66981da526/fetchFileTemp16643024858596899226.tmp
[2024-12-12T14:38:36.328-0300] {subprocess.py:93} INFO - 24/12/12 14:38:36 INFO Executor: Adding file:/tmp/spark-67c940b6-1007-42fe-aa09-ed93d8e6e2ff/userFiles-cc606c5d-b87e-45ec-8965-db66981da526/aws-java-sdk-bundle-1.12.508.jar to class loader default
[2024-12-12T14:38:36.330-0300] {subprocess.py:93} INFO - 24/12/12 14:38:36 INFO Executor: Fetching spark://192.168.7.5:32799/jars/hadoop-aws-3.3.4.jar with timestamp 1734025113135
[2024-12-12T14:38:36.330-0300] {subprocess.py:93} INFO - 24/12/12 14:38:36 INFO Utils: Fetching spark://192.168.7.5:32799/jars/hadoop-aws-3.3.4.jar to /tmp/spark-67c940b6-1007-42fe-aa09-ed93d8e6e2ff/userFiles-cc606c5d-b87e-45ec-8965-db66981da526/fetchFileTemp3778715636396835184.tmp
[2024-12-12T14:38:36.338-0300] {subprocess.py:93} INFO - 24/12/12 14:38:36 INFO Executor: Adding file:/tmp/spark-67c940b6-1007-42fe-aa09-ed93d8e6e2ff/userFiles-cc606c5d-b87e-45ec-8965-db66981da526/hadoop-aws-3.3.4.jar to class loader default
[2024-12-12T14:38:36.364-0300] {subprocess.py:93} INFO - 24/12/12 14:38:36 INFO Utils: Successfully started service 'org.apache.spark.network.netty.NettyBlockTransferService' on port 41235.
[2024-12-12T14:38:36.365-0300] {subprocess.py:93} INFO - 24/12/12 14:38:36 INFO NettyBlockTransferService: Server created on 192.168.7.5:41235
[2024-12-12T14:38:36.367-0300] {subprocess.py:93} INFO - 24/12/12 14:38:36 INFO BlockManager: Using org.apache.spark.storage.RandomBlockReplicationPolicy for block replication policy
[2024-12-12T14:38:36.384-0300] {subprocess.py:93} INFO - 24/12/12 14:38:36 INFO BlockManagerMaster: Registering BlockManager BlockManagerId(driver, 192.168.7.5, 41235, None)
[2024-12-12T14:38:36.396-0300] {subprocess.py:93} INFO - 24/12/12 14:38:36 INFO BlockManagerMasterEndpoint: Registering block manager 192.168.7.5:41235 with 434.4 MiB RAM, BlockManagerId(driver, 192.168.7.5, 41235, None)
[2024-12-12T14:38:36.401-0300] {subprocess.py:93} INFO - 24/12/12 14:38:36 INFO BlockManagerMaster: Registered BlockManager BlockManagerId(driver, 192.168.7.5, 41235, None)
[2024-12-12T14:38:36.404-0300] {subprocess.py:93} INFO - 24/12/12 14:38:36 INFO BlockManager: Initialized BlockManager: BlockManagerId(driver, 192.168.7.5, 41235, None)
[2024-12-12T14:38:37.338-0300] {subprocess.py:93} INFO - 24/12/12 14:38:37 INFO SparkContext: Invoking stop() from shutdown hook
[2024-12-12T14:38:37.338-0300] {subprocess.py:93} INFO - 24/12/12 14:38:37 INFO SparkContext: SparkContext is stopping with exitCode 0.
[2024-12-12T14:38:37.349-0300] {subprocess.py:93} INFO - 24/12/12 14:38:37 INFO SparkUI: Stopped Spark web UI at http://192.168.7.5:4042
[2024-12-12T14:38:37.363-0300] {subprocess.py:93} INFO - 24/12/12 14:38:37 INFO MapOutputTrackerMasterEndpoint: MapOutputTrackerMasterEndpoint stopped!
[2024-12-12T14:38:37.389-0300] {subprocess.py:93} INFO - 24/12/12 14:38:37 INFO MemoryStore: MemoryStore cleared
[2024-12-12T14:38:37.389-0300] {subprocess.py:93} INFO - 24/12/12 14:38:37 INFO BlockManager: BlockManager stopped
[2024-12-12T14:38:37.400-0300] {subprocess.py:93} INFO - 24/12/12 14:38:37 INFO BlockManagerMaster: BlockManagerMaster stopped
[2024-12-12T14:38:37.403-0300] {subprocess.py:93} INFO - 24/12/12 14:38:37 INFO OutputCommitCoordinator$OutputCommitCoordinatorEndpoint: OutputCommitCoordinator stopped!
[2024-12-12T14:38:37.425-0300] {subprocess.py:93} INFO - 24/12/12 14:38:37 INFO SparkContext: Successfully stopped SparkContext
[2024-12-12T14:38:37.425-0300] {subprocess.py:93} INFO - 24/12/12 14:38:37 INFO ShutdownHookManager: Shutdown hook called
[2024-12-12T14:38:37.427-0300] {subprocess.py:93} INFO - 24/12/12 14:38:37 INFO ShutdownHookManager: Deleting directory /tmp/spark-67c940b6-1007-42fe-aa09-ed93d8e6e2ff
[2024-12-12T14:38:37.430-0300] {subprocess.py:93} INFO - 24/12/12 14:38:37 INFO ShutdownHookManager: Deleting directory /tmp/spark-67c940b6-1007-42fe-aa09-ed93d8e6e2ff/pyspark-c3fac313-8182-46f4-8eb3-ee024a2f28de
[2024-12-12T14:38:37.432-0300] {subprocess.py:93} INFO - 24/12/12 14:38:37 INFO ShutdownHookManager: Deleting directory /tmp/spark-fe0ea545-e6c8-4eac-a549-36c61dcf5857
[2024-12-12T14:38:37.473-0300] {subprocess.py:97} INFO - Command exited with return code 0
[2024-12-12T14:38:37.474-0300] {taskinstance.py:441} INFO - ::group::Post task execution logs
[2024-12-12T14:38:37.490-0300] {taskinstance.py:1205} INFO - Marking task as SUCCESS. dag_id=medallion_architecture, task_id=spark_submit, execution_date=20241212T173820, start_date=20241212T173829, end_date=20241212T173837
[2024-12-12T14:38:37.538-0300] {local_task_job_runner.py:240} INFO - Task exited with return code 0
[2024-12-12T14:38:37.564-0300] {taskinstance.py:3482} INFO - 1 downstream tasks scheduled from follow-on schedule check
[2024-12-12T14:38:37.568-0300] {local_task_job_runner.py:222} INFO - ::endgroup::
