[2024-12-09T14:59:46.652-0300] {processor.py:161} INFO - Started process (PID=28445) to work on /home/beatriz/Documentos/airflow/airflow_venv/lib/python3.10/site-packages/airflow/example_dags/plugins/workday.py
[2024-12-09T14:59:46.653-0300] {processor.py:830} INFO - Processing file /home/beatriz/Documentos/airflow/airflow_venv/lib/python3.10/site-packages/airflow/example_dags/plugins/workday.py for tasks to queue
[2024-12-09T14:59:46.654-0300] {logging_mixin.py:188} INFO - [2024-12-09T14:59:46.654-0300] {dagbag.py:540} INFO - Filling up the DagBag from /home/beatriz/Documentos/airflow/airflow_venv/lib/python3.10/site-packages/airflow/example_dags/plugins/workday.py
[2024-12-09T14:59:48.168-0300] {processor.py:842} WARNING - No viable dags retrieved from /home/beatriz/Documentos/airflow/airflow_venv/lib/python3.10/site-packages/airflow/example_dags/plugins/workday.py
[2024-12-09T14:59:48.177-0300] {processor.py:183} INFO - Processing /home/beatriz/Documentos/airflow/airflow_venv/lib/python3.10/site-packages/airflow/example_dags/plugins/workday.py took 1.529 seconds
[2024-12-09T15:00:47.340-0300] {processor.py:161} INFO - Started process (PID=28914) to work on /home/beatriz/Documentos/airflow/airflow_venv/lib/python3.10/site-packages/airflow/example_dags/plugins/workday.py
[2024-12-09T15:00:47.341-0300] {processor.py:830} INFO - Processing file /home/beatriz/Documentos/airflow/airflow_venv/lib/python3.10/site-packages/airflow/example_dags/plugins/workday.py for tasks to queue
[2024-12-09T15:00:47.342-0300] {logging_mixin.py:188} INFO - [2024-12-09T15:00:47.342-0300] {dagbag.py:540} INFO - Filling up the DagBag from /home/beatriz/Documentos/airflow/airflow_venv/lib/python3.10/site-packages/airflow/example_dags/plugins/workday.py
[2024-12-09T15:00:48.624-0300] {processor.py:842} WARNING - No viable dags retrieved from /home/beatriz/Documentos/airflow/airflow_venv/lib/python3.10/site-packages/airflow/example_dags/plugins/workday.py
[2024-12-09T15:00:48.631-0300] {processor.py:183} INFO - Processing /home/beatriz/Documentos/airflow/airflow_venv/lib/python3.10/site-packages/airflow/example_dags/plugins/workday.py took 1.296 seconds
[2024-12-09T15:01:50.719-0300] {processor.py:161} INFO - Started process (PID=29531) to work on /home/beatriz/Documentos/airflow/airflow_venv/lib/python3.10/site-packages/airflow/example_dags/plugins/workday.py
[2024-12-09T15:01:50.720-0300] {processor.py:830} INFO - Processing file /home/beatriz/Documentos/airflow/airflow_venv/lib/python3.10/site-packages/airflow/example_dags/plugins/workday.py for tasks to queue
[2024-12-09T15:01:50.721-0300] {logging_mixin.py:188} INFO - [2024-12-09T15:01:50.721-0300] {dagbag.py:540} INFO - Filling up the DagBag from /home/beatriz/Documentos/airflow/airflow_venv/lib/python3.10/site-packages/airflow/example_dags/plugins/workday.py
[2024-12-09T15:01:52.633-0300] {processor.py:842} WARNING - No viable dags retrieved from /home/beatriz/Documentos/airflow/airflow_venv/lib/python3.10/site-packages/airflow/example_dags/plugins/workday.py
[2024-12-09T15:01:52.638-0300] {processor.py:183} INFO - Processing /home/beatriz/Documentos/airflow/airflow_venv/lib/python3.10/site-packages/airflow/example_dags/plugins/workday.py took 1.924 seconds
[2024-12-09T15:02:49.430-0300] {processor.py:161} INFO - Started process (PID=29947) to work on /home/beatriz/Documentos/airflow/airflow_venv/lib/python3.10/site-packages/airflow/example_dags/plugins/workday.py
[2024-12-09T15:02:49.431-0300] {processor.py:830} INFO - Processing file /home/beatriz/Documentos/airflow/airflow_venv/lib/python3.10/site-packages/airflow/example_dags/plugins/workday.py for tasks to queue
[2024-12-09T15:02:49.435-0300] {logging_mixin.py:188} INFO - [2024-12-09T15:02:49.434-0300] {dagbag.py:540} INFO - Filling up the DagBag from /home/beatriz/Documentos/airflow/airflow_venv/lib/python3.10/site-packages/airflow/example_dags/plugins/workday.py
[2024-12-09T15:02:51.504-0300] {processor.py:842} WARNING - No viable dags retrieved from /home/beatriz/Documentos/airflow/airflow_venv/lib/python3.10/site-packages/airflow/example_dags/plugins/workday.py
[2024-12-09T15:02:51.515-0300] {processor.py:183} INFO - Processing /home/beatriz/Documentos/airflow/airflow_venv/lib/python3.10/site-packages/airflow/example_dags/plugins/workday.py took 2.096 seconds
[2024-12-09T15:03:32.215-0300] {processor.py:161} INFO - Started process (PID=30782) to work on /home/beatriz/Documentos/airflow/airflow_venv/lib/python3.10/site-packages/airflow/example_dags/plugins/workday.py
[2024-12-09T15:03:32.216-0300] {processor.py:830} INFO - Processing file /home/beatriz/Documentos/airflow/airflow_venv/lib/python3.10/site-packages/airflow/example_dags/plugins/workday.py for tasks to queue
[2024-12-09T15:03:32.219-0300] {logging_mixin.py:188} INFO - [2024-12-09T15:03:32.218-0300] {dagbag.py:540} INFO - Filling up the DagBag from /home/beatriz/Documentos/airflow/airflow_venv/lib/python3.10/site-packages/airflow/example_dags/plugins/workday.py
[2024-12-09T15:03:33.266-0300] {processor.py:842} WARNING - No viable dags retrieved from /home/beatriz/Documentos/airflow/airflow_venv/lib/python3.10/site-packages/airflow/example_dags/plugins/workday.py
[2024-12-09T15:03:33.271-0300] {processor.py:183} INFO - Processing /home/beatriz/Documentos/airflow/airflow_venv/lib/python3.10/site-packages/airflow/example_dags/plugins/workday.py took 1.065 seconds
[2024-12-09T15:04:33.738-0300] {processor.py:161} INFO - Started process (PID=31530) to work on /home/beatriz/Documentos/airflow/airflow_venv/lib/python3.10/site-packages/airflow/example_dags/plugins/workday.py
[2024-12-09T15:04:33.739-0300] {processor.py:830} INFO - Processing file /home/beatriz/Documentos/airflow/airflow_venv/lib/python3.10/site-packages/airflow/example_dags/plugins/workday.py for tasks to queue
[2024-12-09T15:04:33.740-0300] {logging_mixin.py:188} INFO - [2024-12-09T15:04:33.739-0300] {dagbag.py:540} INFO - Filling up the DagBag from /home/beatriz/Documentos/airflow/airflow_venv/lib/python3.10/site-packages/airflow/example_dags/plugins/workday.py
[2024-12-09T15:04:34.486-0300] {processor.py:842} WARNING - No viable dags retrieved from /home/beatriz/Documentos/airflow/airflow_venv/lib/python3.10/site-packages/airflow/example_dags/plugins/workday.py
[2024-12-09T15:04:34.494-0300] {processor.py:183} INFO - Processing /home/beatriz/Documentos/airflow/airflow_venv/lib/python3.10/site-packages/airflow/example_dags/plugins/workday.py took 0.763 seconds
[2024-12-09T15:05:46.322-0300] {processor.py:161} INFO - Started process (PID=32242) to work on /home/beatriz/Documentos/airflow/airflow_venv/lib/python3.10/site-packages/airflow/example_dags/plugins/workday.py
[2024-12-09T15:05:46.323-0300] {processor.py:830} INFO - Processing file /home/beatriz/Documentos/airflow/airflow_venv/lib/python3.10/site-packages/airflow/example_dags/plugins/workday.py for tasks to queue
[2024-12-09T15:05:46.325-0300] {logging_mixin.py:188} INFO - [2024-12-09T15:05:46.324-0300] {dagbag.py:540} INFO - Filling up the DagBag from /home/beatriz/Documentos/airflow/airflow_venv/lib/python3.10/site-packages/airflow/example_dags/plugins/workday.py
[2024-12-09T15:05:46.927-0300] {processor.py:842} WARNING - No viable dags retrieved from /home/beatriz/Documentos/airflow/airflow_venv/lib/python3.10/site-packages/airflow/example_dags/plugins/workday.py
[2024-12-09T15:05:46.932-0300] {processor.py:183} INFO - Processing /home/beatriz/Documentos/airflow/airflow_venv/lib/python3.10/site-packages/airflow/example_dags/plugins/workday.py took 0.618 seconds
[2024-12-09T15:06:50.577-0300] {processor.py:161} INFO - Started process (PID=32888) to work on /home/beatriz/Documentos/airflow/airflow_venv/lib/python3.10/site-packages/airflow/example_dags/plugins/workday.py
[2024-12-09T15:06:50.578-0300] {processor.py:830} INFO - Processing file /home/beatriz/Documentos/airflow/airflow_venv/lib/python3.10/site-packages/airflow/example_dags/plugins/workday.py for tasks to queue
[2024-12-09T15:06:50.579-0300] {logging_mixin.py:188} INFO - [2024-12-09T15:06:50.579-0300] {dagbag.py:540} INFO - Filling up the DagBag from /home/beatriz/Documentos/airflow/airflow_venv/lib/python3.10/site-packages/airflow/example_dags/plugins/workday.py
[2024-12-09T15:06:52.126-0300] {processor.py:842} WARNING - No viable dags retrieved from /home/beatriz/Documentos/airflow/airflow_venv/lib/python3.10/site-packages/airflow/example_dags/plugins/workday.py
[2024-12-09T15:06:52.132-0300] {processor.py:183} INFO - Processing /home/beatriz/Documentos/airflow/airflow_venv/lib/python3.10/site-packages/airflow/example_dags/plugins/workday.py took 1.561 seconds
[2024-12-09T15:07:53.262-0300] {processor.py:161} INFO - Started process (PID=33261) to work on /home/beatriz/Documentos/airflow/airflow_venv/lib/python3.10/site-packages/airflow/example_dags/plugins/workday.py
[2024-12-09T15:07:53.262-0300] {processor.py:830} INFO - Processing file /home/beatriz/Documentos/airflow/airflow_venv/lib/python3.10/site-packages/airflow/example_dags/plugins/workday.py for tasks to queue
[2024-12-09T15:07:53.264-0300] {logging_mixin.py:188} INFO - [2024-12-09T15:07:53.263-0300] {dagbag.py:540} INFO - Filling up the DagBag from /home/beatriz/Documentos/airflow/airflow_venv/lib/python3.10/site-packages/airflow/example_dags/plugins/workday.py
[2024-12-09T15:07:54.746-0300] {processor.py:842} WARNING - No viable dags retrieved from /home/beatriz/Documentos/airflow/airflow_venv/lib/python3.10/site-packages/airflow/example_dags/plugins/workday.py
[2024-12-09T15:07:54.753-0300] {processor.py:183} INFO - Processing /home/beatriz/Documentos/airflow/airflow_venv/lib/python3.10/site-packages/airflow/example_dags/plugins/workday.py took 1.497 seconds
[2024-12-09T15:09:28.787-0300] {processor.py:161} INFO - Started process (PID=33588) to work on /home/beatriz/Documentos/airflow/airflow_venv/lib/python3.10/site-packages/airflow/example_dags/plugins/workday.py
[2024-12-09T15:09:28.838-0300] {processor.py:830} INFO - Processing file /home/beatriz/Documentos/airflow/airflow_venv/lib/python3.10/site-packages/airflow/example_dags/plugins/workday.py for tasks to queue
[2024-12-09T15:09:28.895-0300] {logging_mixin.py:188} INFO - [2024-12-09T15:09:28.839-0300] {dagbag.py:540} INFO - Filling up the DagBag from /home/beatriz/Documentos/airflow/airflow_venv/lib/python3.10/site-packages/airflow/example_dags/plugins/workday.py
[2024-12-09T15:09:43.342-0300] {processor.py:842} WARNING - No viable dags retrieved from /home/beatriz/Documentos/airflow/airflow_venv/lib/python3.10/site-packages/airflow/example_dags/plugins/workday.py
[2024-12-09T15:09:43.422-0300] {processor.py:183} INFO - Processing /home/beatriz/Documentos/airflow/airflow_venv/lib/python3.10/site-packages/airflow/example_dags/plugins/workday.py took 14.662 seconds
[2024-12-09T15:10:53.198-0300] {processor.py:161} INFO - Started process (PID=34244) to work on /home/beatriz/Documentos/airflow/airflow_venv/lib/python3.10/site-packages/airflow/example_dags/plugins/workday.py
[2024-12-09T15:10:53.199-0300] {processor.py:830} INFO - Processing file /home/beatriz/Documentos/airflow/airflow_venv/lib/python3.10/site-packages/airflow/example_dags/plugins/workday.py for tasks to queue
[2024-12-09T15:10:53.200-0300] {logging_mixin.py:188} INFO - [2024-12-09T15:10:53.200-0300] {dagbag.py:540} INFO - Filling up the DagBag from /home/beatriz/Documentos/airflow/airflow_venv/lib/python3.10/site-packages/airflow/example_dags/plugins/workday.py
[2024-12-09T15:10:55.247-0300] {processor.py:842} WARNING - No viable dags retrieved from /home/beatriz/Documentos/airflow/airflow_venv/lib/python3.10/site-packages/airflow/example_dags/plugins/workday.py
[2024-12-09T15:10:55.262-0300] {processor.py:183} INFO - Processing /home/beatriz/Documentos/airflow/airflow_venv/lib/python3.10/site-packages/airflow/example_dags/plugins/workday.py took 2.068 seconds
[2024-12-09T15:12:11.268-0300] {processor.py:161} INFO - Started process (PID=34800) to work on /home/beatriz/Documentos/airflow/airflow_venv/lib/python3.10/site-packages/airflow/example_dags/plugins/workday.py
[2024-12-09T15:12:11.270-0300] {processor.py:830} INFO - Processing file /home/beatriz/Documentos/airflow/airflow_venv/lib/python3.10/site-packages/airflow/example_dags/plugins/workday.py for tasks to queue
[2024-12-09T15:12:11.322-0300] {logging_mixin.py:188} INFO - [2024-12-09T15:12:11.270-0300] {dagbag.py:540} INFO - Filling up the DagBag from /home/beatriz/Documentos/airflow/airflow_venv/lib/python3.10/site-packages/airflow/example_dags/plugins/workday.py
[2024-12-09T15:12:27.856-0300] {processor.py:842} WARNING - No viable dags retrieved from /home/beatriz/Documentos/airflow/airflow_venv/lib/python3.10/site-packages/airflow/example_dags/plugins/workday.py
[2024-12-09T15:12:28.056-0300] {processor.py:183} INFO - Processing /home/beatriz/Documentos/airflow/airflow_venv/lib/python3.10/site-packages/airflow/example_dags/plugins/workday.py took 16.845 seconds
[2024-12-09T15:13:38.952-0300] {processor.py:161} INFO - Started process (PID=35754) to work on /home/beatriz/Documentos/airflow/airflow_venv/lib/python3.10/site-packages/airflow/example_dags/plugins/workday.py
[2024-12-09T15:13:38.953-0300] {processor.py:830} INFO - Processing file /home/beatriz/Documentos/airflow/airflow_venv/lib/python3.10/site-packages/airflow/example_dags/plugins/workday.py for tasks to queue
[2024-12-09T15:13:38.954-0300] {logging_mixin.py:188} INFO - [2024-12-09T15:13:38.954-0300] {dagbag.py:540} INFO - Filling up the DagBag from /home/beatriz/Documentos/airflow/airflow_venv/lib/python3.10/site-packages/airflow/example_dags/plugins/workday.py
[2024-12-09T15:13:39.319-0300] {processor.py:842} WARNING - No viable dags retrieved from /home/beatriz/Documentos/airflow/airflow_venv/lib/python3.10/site-packages/airflow/example_dags/plugins/workday.py
[2024-12-09T15:13:39.323-0300] {processor.py:183} INFO - Processing /home/beatriz/Documentos/airflow/airflow_venv/lib/python3.10/site-packages/airflow/example_dags/plugins/workday.py took 0.376 seconds
[2024-12-09T15:14:34.804-0300] {processor.py:161} INFO - Started process (PID=36664) to work on /home/beatriz/Documentos/airflow/airflow_venv/lib/python3.10/site-packages/airflow/example_dags/plugins/workday.py
[2024-12-09T15:14:34.806-0300] {processor.py:830} INFO - Processing file /home/beatriz/Documentos/airflow/airflow_venv/lib/python3.10/site-packages/airflow/example_dags/plugins/workday.py for tasks to queue
[2024-12-09T15:14:34.807-0300] {logging_mixin.py:188} INFO - [2024-12-09T15:14:34.807-0300] {dagbag.py:540} INFO - Filling up the DagBag from /home/beatriz/Documentos/airflow/airflow_venv/lib/python3.10/site-packages/airflow/example_dags/plugins/workday.py
[2024-12-09T15:14:35.180-0300] {processor.py:842} WARNING - No viable dags retrieved from /home/beatriz/Documentos/airflow/airflow_venv/lib/python3.10/site-packages/airflow/example_dags/plugins/workday.py
[2024-12-09T15:14:35.184-0300] {processor.py:183} INFO - Processing /home/beatriz/Documentos/airflow/airflow_venv/lib/python3.10/site-packages/airflow/example_dags/plugins/workday.py took 0.384 seconds
[2024-12-09T15:15:34.499-0300] {processor.py:161} INFO - Started process (PID=37262) to work on /home/beatriz/Documentos/airflow/airflow_venv/lib/python3.10/site-packages/airflow/example_dags/plugins/workday.py
[2024-12-09T15:15:34.501-0300] {processor.py:830} INFO - Processing file /home/beatriz/Documentos/airflow/airflow_venv/lib/python3.10/site-packages/airflow/example_dags/plugins/workday.py for tasks to queue
[2024-12-09T15:15:34.502-0300] {logging_mixin.py:188} INFO - [2024-12-09T15:15:34.502-0300] {dagbag.py:540} INFO - Filling up the DagBag from /home/beatriz/Documentos/airflow/airflow_venv/lib/python3.10/site-packages/airflow/example_dags/plugins/workday.py
[2024-12-09T15:15:34.840-0300] {processor.py:842} WARNING - No viable dags retrieved from /home/beatriz/Documentos/airflow/airflow_venv/lib/python3.10/site-packages/airflow/example_dags/plugins/workday.py
[2024-12-09T15:15:34.844-0300] {processor.py:183} INFO - Processing /home/beatriz/Documentos/airflow/airflow_venv/lib/python3.10/site-packages/airflow/example_dags/plugins/workday.py took 0.350 seconds
[2024-12-09T15:16:28.174-0300] {processor.py:161} INFO - Started process (PID=37740) to work on /home/beatriz/Documentos/airflow/airflow_venv/lib/python3.10/site-packages/airflow/example_dags/plugins/workday.py
[2024-12-09T15:16:28.177-0300] {processor.py:830} INFO - Processing file /home/beatriz/Documentos/airflow/airflow_venv/lib/python3.10/site-packages/airflow/example_dags/plugins/workday.py for tasks to queue
[2024-12-09T15:16:28.180-0300] {logging_mixin.py:188} INFO - [2024-12-09T15:16:28.180-0300] {dagbag.py:540} INFO - Filling up the DagBag from /home/beatriz/Documentos/airflow/airflow_venv/lib/python3.10/site-packages/airflow/example_dags/plugins/workday.py
[2024-12-09T15:16:28.778-0300] {processor.py:842} WARNING - No viable dags retrieved from /home/beatriz/Documentos/airflow/airflow_venv/lib/python3.10/site-packages/airflow/example_dags/plugins/workday.py
[2024-12-09T15:16:28.782-0300] {processor.py:183} INFO - Processing /home/beatriz/Documentos/airflow/airflow_venv/lib/python3.10/site-packages/airflow/example_dags/plugins/workday.py took 0.618 seconds
[2024-12-09T15:17:22.295-0300] {processor.py:161} INFO - Started process (PID=38172) to work on /home/beatriz/Documentos/airflow/airflow_venv/lib/python3.10/site-packages/airflow/example_dags/plugins/workday.py
[2024-12-09T15:17:22.297-0300] {processor.py:830} INFO - Processing file /home/beatriz/Documentos/airflow/airflow_venv/lib/python3.10/site-packages/airflow/example_dags/plugins/workday.py for tasks to queue
[2024-12-09T15:17:22.298-0300] {logging_mixin.py:188} INFO - [2024-12-09T15:17:22.297-0300] {dagbag.py:540} INFO - Filling up the DagBag from /home/beatriz/Documentos/airflow/airflow_venv/lib/python3.10/site-packages/airflow/example_dags/plugins/workday.py
[2024-12-09T15:17:22.612-0300] {processor.py:842} WARNING - No viable dags retrieved from /home/beatriz/Documentos/airflow/airflow_venv/lib/python3.10/site-packages/airflow/example_dags/plugins/workday.py
[2024-12-09T15:17:22.619-0300] {processor.py:183} INFO - Processing /home/beatriz/Documentos/airflow/airflow_venv/lib/python3.10/site-packages/airflow/example_dags/plugins/workday.py took 0.328 seconds
[2024-12-09T15:18:11.073-0300] {processor.py:161} INFO - Started process (PID=38717) to work on /home/beatriz/Documentos/airflow/airflow_venv/lib/python3.10/site-packages/airflow/example_dags/plugins/workday.py
[2024-12-09T15:18:11.075-0300] {processor.py:830} INFO - Processing file /home/beatriz/Documentos/airflow/airflow_venv/lib/python3.10/site-packages/airflow/example_dags/plugins/workday.py for tasks to queue
[2024-12-09T15:18:11.077-0300] {logging_mixin.py:188} INFO - [2024-12-09T15:18:11.076-0300] {dagbag.py:540} INFO - Filling up the DagBag from /home/beatriz/Documentos/airflow/airflow_venv/lib/python3.10/site-packages/airflow/example_dags/plugins/workday.py
[2024-12-09T15:18:11.352-0300] {processor.py:842} WARNING - No viable dags retrieved from /home/beatriz/Documentos/airflow/airflow_venv/lib/python3.10/site-packages/airflow/example_dags/plugins/workday.py
[2024-12-09T15:18:11.357-0300] {processor.py:183} INFO - Processing /home/beatriz/Documentos/airflow/airflow_venv/lib/python3.10/site-packages/airflow/example_dags/plugins/workday.py took 0.289 seconds
[2024-12-09T15:18:41.315-0300] {processor.py:161} INFO - Started process (PID=39373) to work on /home/beatriz/Documentos/airflow/airflow_venv/lib/python3.10/site-packages/airflow/example_dags/plugins/workday.py
[2024-12-09T15:18:41.317-0300] {processor.py:830} INFO - Processing file /home/beatriz/Documentos/airflow/airflow_venv/lib/python3.10/site-packages/airflow/example_dags/plugins/workday.py for tasks to queue
[2024-12-09T15:18:41.318-0300] {logging_mixin.py:188} INFO - [2024-12-09T15:18:41.318-0300] {dagbag.py:540} INFO - Filling up the DagBag from /home/beatriz/Documentos/airflow/airflow_venv/lib/python3.10/site-packages/airflow/example_dags/plugins/workday.py
[2024-12-09T15:18:41.672-0300] {processor.py:842} WARNING - No viable dags retrieved from /home/beatriz/Documentos/airflow/airflow_venv/lib/python3.10/site-packages/airflow/example_dags/plugins/workday.py
[2024-12-09T15:18:41.676-0300] {processor.py:183} INFO - Processing /home/beatriz/Documentos/airflow/airflow_venv/lib/python3.10/site-packages/airflow/example_dags/plugins/workday.py took 0.366 seconds
[2024-12-09T15:19:41.052-0300] {processor.py:161} INFO - Started process (PID=40025) to work on /home/beatriz/Documentos/airflow/airflow_venv/lib/python3.10/site-packages/airflow/example_dags/plugins/workday.py
[2024-12-09T15:19:41.054-0300] {processor.py:830} INFO - Processing file /home/beatriz/Documentos/airflow/airflow_venv/lib/python3.10/site-packages/airflow/example_dags/plugins/workday.py for tasks to queue
[2024-12-09T15:19:41.056-0300] {logging_mixin.py:188} INFO - [2024-12-09T15:19:41.055-0300] {dagbag.py:540} INFO - Filling up the DagBag from /home/beatriz/Documentos/airflow/airflow_venv/lib/python3.10/site-packages/airflow/example_dags/plugins/workday.py
[2024-12-09T15:19:41.411-0300] {processor.py:842} WARNING - No viable dags retrieved from /home/beatriz/Documentos/airflow/airflow_venv/lib/python3.10/site-packages/airflow/example_dags/plugins/workday.py
[2024-12-09T15:19:41.415-0300] {processor.py:183} INFO - Processing /home/beatriz/Documentos/airflow/airflow_venv/lib/python3.10/site-packages/airflow/example_dags/plugins/workday.py took 0.367 seconds
[2024-12-09T15:20:38.539-0300] {processor.py:161} INFO - Started process (PID=40619) to work on /home/beatriz/Documentos/airflow/airflow_venv/lib/python3.10/site-packages/airflow/example_dags/plugins/workday.py
[2024-12-09T15:20:38.540-0300] {processor.py:830} INFO - Processing file /home/beatriz/Documentos/airflow/airflow_venv/lib/python3.10/site-packages/airflow/example_dags/plugins/workday.py for tasks to queue
[2024-12-09T15:20:38.542-0300] {logging_mixin.py:188} INFO - [2024-12-09T15:20:38.542-0300] {dagbag.py:540} INFO - Filling up the DagBag from /home/beatriz/Documentos/airflow/airflow_venv/lib/python3.10/site-packages/airflow/example_dags/plugins/workday.py
[2024-12-09T15:20:39.030-0300] {processor.py:842} WARNING - No viable dags retrieved from /home/beatriz/Documentos/airflow/airflow_venv/lib/python3.10/site-packages/airflow/example_dags/plugins/workday.py
[2024-12-09T15:20:39.035-0300] {processor.py:183} INFO - Processing /home/beatriz/Documentos/airflow/airflow_venv/lib/python3.10/site-packages/airflow/example_dags/plugins/workday.py took 0.506 seconds
[2024-12-09T15:21:30.366-0300] {processor.py:161} INFO - Started process (PID=41070) to work on /home/beatriz/Documentos/airflow/airflow_venv/lib/python3.10/site-packages/airflow/example_dags/plugins/workday.py
[2024-12-09T15:21:30.369-0300] {processor.py:830} INFO - Processing file /home/beatriz/Documentos/airflow/airflow_venv/lib/python3.10/site-packages/airflow/example_dags/plugins/workday.py for tasks to queue
[2024-12-09T15:21:30.371-0300] {logging_mixin.py:188} INFO - [2024-12-09T15:21:30.370-0300] {dagbag.py:540} INFO - Filling up the DagBag from /home/beatriz/Documentos/airflow/airflow_venv/lib/python3.10/site-packages/airflow/example_dags/plugins/workday.py
[2024-12-09T15:21:30.868-0300] {processor.py:842} WARNING - No viable dags retrieved from /home/beatriz/Documentos/airflow/airflow_venv/lib/python3.10/site-packages/airflow/example_dags/plugins/workday.py
[2024-12-09T15:21:30.872-0300] {processor.py:183} INFO - Processing /home/beatriz/Documentos/airflow/airflow_venv/lib/python3.10/site-packages/airflow/example_dags/plugins/workday.py took 0.518 seconds
[2024-12-09T15:22:26.068-0300] {processor.py:161} INFO - Started process (PID=41788) to work on /home/beatriz/Documentos/airflow/airflow_venv/lib/python3.10/site-packages/airflow/example_dags/plugins/workday.py
[2024-12-09T15:22:26.071-0300] {processor.py:830} INFO - Processing file /home/beatriz/Documentos/airflow/airflow_venv/lib/python3.10/site-packages/airflow/example_dags/plugins/workday.py for tasks to queue
[2024-12-09T15:22:26.074-0300] {logging_mixin.py:188} INFO - [2024-12-09T15:22:26.074-0300] {dagbag.py:540} INFO - Filling up the DagBag from /home/beatriz/Documentos/airflow/airflow_venv/lib/python3.10/site-packages/airflow/example_dags/plugins/workday.py
[2024-12-09T15:22:26.637-0300] {processor.py:842} WARNING - No viable dags retrieved from /home/beatriz/Documentos/airflow/airflow_venv/lib/python3.10/site-packages/airflow/example_dags/plugins/workday.py
[2024-12-09T15:22:26.643-0300] {processor.py:183} INFO - Processing /home/beatriz/Documentos/airflow/airflow_venv/lib/python3.10/site-packages/airflow/example_dags/plugins/workday.py took 0.585 seconds
[2024-12-09T15:23:17.918-0300] {processor.py:161} INFO - Started process (PID=42278) to work on /home/beatriz/Documentos/airflow/airflow_venv/lib/python3.10/site-packages/airflow/example_dags/plugins/workday.py
[2024-12-09T15:23:17.920-0300] {processor.py:830} INFO - Processing file /home/beatriz/Documentos/airflow/airflow_venv/lib/python3.10/site-packages/airflow/example_dags/plugins/workday.py for tasks to queue
[2024-12-09T15:23:17.921-0300] {logging_mixin.py:188} INFO - [2024-12-09T15:23:17.920-0300] {dagbag.py:540} INFO - Filling up the DagBag from /home/beatriz/Documentos/airflow/airflow_venv/lib/python3.10/site-packages/airflow/example_dags/plugins/workday.py
[2024-12-09T15:23:18.197-0300] {processor.py:842} WARNING - No viable dags retrieved from /home/beatriz/Documentos/airflow/airflow_venv/lib/python3.10/site-packages/airflow/example_dags/plugins/workday.py
[2024-12-09T15:23:18.202-0300] {processor.py:183} INFO - Processing /home/beatriz/Documentos/airflow/airflow_venv/lib/python3.10/site-packages/airflow/example_dags/plugins/workday.py took 0.288 seconds
[2024-12-09T15:24:04.631-0300] {processor.py:161} INFO - Started process (PID=42825) to work on /home/beatriz/Documentos/airflow/airflow_venv/lib/python3.10/site-packages/airflow/example_dags/plugins/workday.py
[2024-12-09T15:24:04.633-0300] {processor.py:830} INFO - Processing file /home/beatriz/Documentos/airflow/airflow_venv/lib/python3.10/site-packages/airflow/example_dags/plugins/workday.py for tasks to queue
[2024-12-09T15:24:04.634-0300] {logging_mixin.py:188} INFO - [2024-12-09T15:24:04.634-0300] {dagbag.py:540} INFO - Filling up the DagBag from /home/beatriz/Documentos/airflow/airflow_venv/lib/python3.10/site-packages/airflow/example_dags/plugins/workday.py
[2024-12-09T15:24:04.911-0300] {processor.py:842} WARNING - No viable dags retrieved from /home/beatriz/Documentos/airflow/airflow_venv/lib/python3.10/site-packages/airflow/example_dags/plugins/workday.py
[2024-12-09T15:24:04.916-0300] {processor.py:183} INFO - Processing /home/beatriz/Documentos/airflow/airflow_venv/lib/python3.10/site-packages/airflow/example_dags/plugins/workday.py took 0.290 seconds
[2024-12-09T15:24:51.210-0300] {processor.py:161} INFO - Started process (PID=43370) to work on /home/beatriz/Documentos/airflow/airflow_venv/lib/python3.10/site-packages/airflow/example_dags/plugins/workday.py
[2024-12-09T15:24:51.212-0300] {processor.py:830} INFO - Processing file /home/beatriz/Documentos/airflow/airflow_venv/lib/python3.10/site-packages/airflow/example_dags/plugins/workday.py for tasks to queue
[2024-12-09T15:24:51.213-0300] {logging_mixin.py:188} INFO - [2024-12-09T15:24:51.213-0300] {dagbag.py:540} INFO - Filling up the DagBag from /home/beatriz/Documentos/airflow/airflow_venv/lib/python3.10/site-packages/airflow/example_dags/plugins/workday.py
[2024-12-09T15:24:51.495-0300] {processor.py:842} WARNING - No viable dags retrieved from /home/beatriz/Documentos/airflow/airflow_venv/lib/python3.10/site-packages/airflow/example_dags/plugins/workday.py
[2024-12-09T15:24:51.500-0300] {processor.py:183} INFO - Processing /home/beatriz/Documentos/airflow/airflow_venv/lib/python3.10/site-packages/airflow/example_dags/plugins/workday.py took 0.295 seconds
[2024-12-09T15:25:35.545-0300] {processor.py:161} INFO - Started process (PID=43727) to work on /home/beatriz/Documentos/airflow/airflow_venv/lib/python3.10/site-packages/airflow/example_dags/plugins/workday.py
[2024-12-09T15:25:35.548-0300] {processor.py:830} INFO - Processing file /home/beatriz/Documentos/airflow/airflow_venv/lib/python3.10/site-packages/airflow/example_dags/plugins/workday.py for tasks to queue
[2024-12-09T15:25:35.551-0300] {logging_mixin.py:188} INFO - [2024-12-09T15:25:35.550-0300] {dagbag.py:540} INFO - Filling up the DagBag from /home/beatriz/Documentos/airflow/airflow_venv/lib/python3.10/site-packages/airflow/example_dags/plugins/workday.py
[2024-12-09T15:25:35.848-0300] {processor.py:842} WARNING - No viable dags retrieved from /home/beatriz/Documentos/airflow/airflow_venv/lib/python3.10/site-packages/airflow/example_dags/plugins/workday.py
[2024-12-09T15:25:35.854-0300] {processor.py:183} INFO - Processing /home/beatriz/Documentos/airflow/airflow_venv/lib/python3.10/site-packages/airflow/example_dags/plugins/workday.py took 0.320 seconds
[2024-12-09T15:26:24.322-0300] {processor.py:161} INFO - Started process (PID=44165) to work on /home/beatriz/Documentos/airflow/airflow_venv/lib/python3.10/site-packages/airflow/example_dags/plugins/workday.py
[2024-12-09T15:26:24.324-0300] {processor.py:830} INFO - Processing file /home/beatriz/Documentos/airflow/airflow_venv/lib/python3.10/site-packages/airflow/example_dags/plugins/workday.py for tasks to queue
[2024-12-09T15:26:24.325-0300] {logging_mixin.py:188} INFO - [2024-12-09T15:26:24.325-0300] {dagbag.py:540} INFO - Filling up the DagBag from /home/beatriz/Documentos/airflow/airflow_venv/lib/python3.10/site-packages/airflow/example_dags/plugins/workday.py
[2024-12-09T15:26:24.626-0300] {processor.py:842} WARNING - No viable dags retrieved from /home/beatriz/Documentos/airflow/airflow_venv/lib/python3.10/site-packages/airflow/example_dags/plugins/workday.py
[2024-12-09T15:26:24.631-0300] {processor.py:183} INFO - Processing /home/beatriz/Documentos/airflow/airflow_venv/lib/python3.10/site-packages/airflow/example_dags/plugins/workday.py took 0.314 seconds
[2024-12-09T15:27:13.875-0300] {processor.py:161} INFO - Started process (PID=44983) to work on /home/beatriz/Documentos/airflow/airflow_venv/lib/python3.10/site-packages/airflow/example_dags/plugins/workday.py
[2024-12-09T15:27:13.876-0300] {processor.py:830} INFO - Processing file /home/beatriz/Documentos/airflow/airflow_venv/lib/python3.10/site-packages/airflow/example_dags/plugins/workday.py for tasks to queue
[2024-12-09T15:27:13.877-0300] {logging_mixin.py:188} INFO - [2024-12-09T15:27:13.877-0300] {dagbag.py:540} INFO - Filling up the DagBag from /home/beatriz/Documentos/airflow/airflow_venv/lib/python3.10/site-packages/airflow/example_dags/plugins/workday.py
[2024-12-09T15:27:15.498-0300] {processor.py:842} WARNING - No viable dags retrieved from /home/beatriz/Documentos/airflow/airflow_venv/lib/python3.10/site-packages/airflow/example_dags/plugins/workday.py
[2024-12-09T15:27:15.504-0300] {processor.py:183} INFO - Processing /home/beatriz/Documentos/airflow/airflow_venv/lib/python3.10/site-packages/airflow/example_dags/plugins/workday.py took 1.634 seconds
[2024-12-09T15:28:08.612-0300] {processor.py:161} INFO - Started process (PID=45827) to work on /home/beatriz/Documentos/airflow/airflow_venv/lib/python3.10/site-packages/airflow/example_dags/plugins/workday.py
[2024-12-09T15:28:08.614-0300] {processor.py:830} INFO - Processing file /home/beatriz/Documentos/airflow/airflow_venv/lib/python3.10/site-packages/airflow/example_dags/plugins/workday.py for tasks to queue
[2024-12-09T15:28:08.615-0300] {logging_mixin.py:188} INFO - [2024-12-09T15:28:08.615-0300] {dagbag.py:540} INFO - Filling up the DagBag from /home/beatriz/Documentos/airflow/airflow_venv/lib/python3.10/site-packages/airflow/example_dags/plugins/workday.py
[2024-12-09T15:28:08.982-0300] {processor.py:842} WARNING - No viable dags retrieved from /home/beatriz/Documentos/airflow/airflow_venv/lib/python3.10/site-packages/airflow/example_dags/plugins/workday.py
[2024-12-09T15:28:08.992-0300] {processor.py:183} INFO - Processing /home/beatriz/Documentos/airflow/airflow_venv/lib/python3.10/site-packages/airflow/example_dags/plugins/workday.py took 0.383 seconds
[2024-12-09T15:28:58.360-0300] {processor.py:161} INFO - Started process (PID=47117) to work on /home/beatriz/Documentos/airflow/airflow_venv/lib/python3.10/site-packages/airflow/example_dags/plugins/workday.py
[2024-12-09T15:28:58.362-0300] {processor.py:830} INFO - Processing file /home/beatriz/Documentos/airflow/airflow_venv/lib/python3.10/site-packages/airflow/example_dags/plugins/workday.py for tasks to queue
[2024-12-09T15:28:58.364-0300] {logging_mixin.py:188} INFO - [2024-12-09T15:28:58.364-0300] {dagbag.py:540} INFO - Filling up the DagBag from /home/beatriz/Documentos/airflow/airflow_venv/lib/python3.10/site-packages/airflow/example_dags/plugins/workday.py
[2024-12-09T15:28:59.644-0300] {processor.py:842} WARNING - No viable dags retrieved from /home/beatriz/Documentos/airflow/airflow_venv/lib/python3.10/site-packages/airflow/example_dags/plugins/workday.py
[2024-12-09T15:28:59.652-0300] {processor.py:183} INFO - Processing /home/beatriz/Documentos/airflow/airflow_venv/lib/python3.10/site-packages/airflow/example_dags/plugins/workday.py took 1.300 seconds
[2024-12-09T15:29:54.426-0300] {processor.py:161} INFO - Started process (PID=48403) to work on /home/beatriz/Documentos/airflow/airflow_venv/lib/python3.10/site-packages/airflow/example_dags/plugins/workday.py
[2024-12-09T15:29:54.429-0300] {processor.py:830} INFO - Processing file /home/beatriz/Documentos/airflow/airflow_venv/lib/python3.10/site-packages/airflow/example_dags/plugins/workday.py for tasks to queue
[2024-12-09T15:29:54.431-0300] {logging_mixin.py:188} INFO - [2024-12-09T15:29:54.431-0300] {dagbag.py:540} INFO - Filling up the DagBag from /home/beatriz/Documentos/airflow/airflow_venv/lib/python3.10/site-packages/airflow/example_dags/plugins/workday.py
[2024-12-09T15:29:55.374-0300] {processor.py:842} WARNING - No viable dags retrieved from /home/beatriz/Documentos/airflow/airflow_venv/lib/python3.10/site-packages/airflow/example_dags/plugins/workday.py
[2024-12-09T15:29:55.383-0300] {processor.py:183} INFO - Processing /home/beatriz/Documentos/airflow/airflow_venv/lib/python3.10/site-packages/airflow/example_dags/plugins/workday.py took 0.965 seconds
[2024-12-09T15:30:46.140-0300] {processor.py:161} INFO - Started process (PID=48875) to work on /home/beatriz/Documentos/airflow/airflow_venv/lib/python3.10/site-packages/airflow/example_dags/plugins/workday.py
[2024-12-09T15:30:46.142-0300] {processor.py:830} INFO - Processing file /home/beatriz/Documentos/airflow/airflow_venv/lib/python3.10/site-packages/airflow/example_dags/plugins/workday.py for tasks to queue
[2024-12-09T15:30:46.143-0300] {logging_mixin.py:188} INFO - [2024-12-09T15:30:46.143-0300] {dagbag.py:540} INFO - Filling up the DagBag from /home/beatriz/Documentos/airflow/airflow_venv/lib/python3.10/site-packages/airflow/example_dags/plugins/workday.py
[2024-12-09T15:30:47.424-0300] {processor.py:842} WARNING - No viable dags retrieved from /home/beatriz/Documentos/airflow/airflow_venv/lib/python3.10/site-packages/airflow/example_dags/plugins/workday.py
[2024-12-09T15:30:47.430-0300] {processor.py:183} INFO - Processing /home/beatriz/Documentos/airflow/airflow_venv/lib/python3.10/site-packages/airflow/example_dags/plugins/workday.py took 1.295 seconds
[2024-12-09T15:31:38.970-0300] {processor.py:161} INFO - Started process (PID=49139) to work on /home/beatriz/Documentos/airflow/airflow_venv/lib/python3.10/site-packages/airflow/example_dags/plugins/workday.py
[2024-12-09T15:31:38.972-0300] {processor.py:830} INFO - Processing file /home/beatriz/Documentos/airflow/airflow_venv/lib/python3.10/site-packages/airflow/example_dags/plugins/workday.py for tasks to queue
[2024-12-09T15:31:38.975-0300] {logging_mixin.py:188} INFO - [2024-12-09T15:31:38.974-0300] {dagbag.py:540} INFO - Filling up the DagBag from /home/beatriz/Documentos/airflow/airflow_venv/lib/python3.10/site-packages/airflow/example_dags/plugins/workday.py
[2024-12-09T15:31:39.586-0300] {processor.py:842} WARNING - No viable dags retrieved from /home/beatriz/Documentos/airflow/airflow_venv/lib/python3.10/site-packages/airflow/example_dags/plugins/workday.py
[2024-12-09T15:31:39.592-0300] {processor.py:183} INFO - Processing /home/beatriz/Documentos/airflow/airflow_venv/lib/python3.10/site-packages/airflow/example_dags/plugins/workday.py took 0.634 seconds
[2024-12-09T15:32:31.139-0300] {processor.py:161} INFO - Started process (PID=49436) to work on /home/beatriz/Documentos/airflow/airflow_venv/lib/python3.10/site-packages/airflow/example_dags/plugins/workday.py
[2024-12-09T15:32:31.141-0300] {processor.py:830} INFO - Processing file /home/beatriz/Documentos/airflow/airflow_venv/lib/python3.10/site-packages/airflow/example_dags/plugins/workday.py for tasks to queue
[2024-12-09T15:32:31.142-0300] {logging_mixin.py:188} INFO - [2024-12-09T15:32:31.142-0300] {dagbag.py:540} INFO - Filling up the DagBag from /home/beatriz/Documentos/airflow/airflow_venv/lib/python3.10/site-packages/airflow/example_dags/plugins/workday.py
[2024-12-09T15:32:31.423-0300] {processor.py:842} WARNING - No viable dags retrieved from /home/beatriz/Documentos/airflow/airflow_venv/lib/python3.10/site-packages/airflow/example_dags/plugins/workday.py
[2024-12-09T15:32:31.428-0300] {processor.py:183} INFO - Processing /home/beatriz/Documentos/airflow/airflow_venv/lib/python3.10/site-packages/airflow/example_dags/plugins/workday.py took 0.294 seconds
[2024-12-09T15:33:13.682-0300] {processor.py:161} INFO - Started process (PID=50029) to work on /home/beatriz/Documentos/airflow/airflow_venv/lib/python3.10/site-packages/airflow/example_dags/plugins/workday.py
[2024-12-09T15:33:13.683-0300] {processor.py:830} INFO - Processing file /home/beatriz/Documentos/airflow/airflow_venv/lib/python3.10/site-packages/airflow/example_dags/plugins/workday.py for tasks to queue
[2024-12-09T15:33:13.686-0300] {logging_mixin.py:188} INFO - [2024-12-09T15:33:13.685-0300] {dagbag.py:540} INFO - Filling up the DagBag from /home/beatriz/Documentos/airflow/airflow_venv/lib/python3.10/site-packages/airflow/example_dags/plugins/workday.py
[2024-12-09T15:33:14.994-0300] {processor.py:842} WARNING - No viable dags retrieved from /home/beatriz/Documentos/airflow/airflow_venv/lib/python3.10/site-packages/airflow/example_dags/plugins/workday.py
[2024-12-09T15:33:15.001-0300] {processor.py:183} INFO - Processing /home/beatriz/Documentos/airflow/airflow_venv/lib/python3.10/site-packages/airflow/example_dags/plugins/workday.py took 1.328 seconds
[2024-12-09T15:33:27.440-0300] {processor.py:161} INFO - Started process (PID=50230) to work on /home/beatriz/Documentos/airflow/airflow_venv/lib/python3.10/site-packages/airflow/example_dags/plugins/workday.py
[2024-12-09T15:33:27.441-0300] {processor.py:830} INFO - Processing file /home/beatriz/Documentos/airflow/airflow_venv/lib/python3.10/site-packages/airflow/example_dags/plugins/workday.py for tasks to queue
[2024-12-09T15:33:27.442-0300] {logging_mixin.py:188} INFO - [2024-12-09T15:33:27.442-0300] {dagbag.py:540} INFO - Filling up the DagBag from /home/beatriz/Documentos/airflow/airflow_venv/lib/python3.10/site-packages/airflow/example_dags/plugins/workday.py
[2024-12-09T15:33:27.925-0300] {processor.py:842} WARNING - No viable dags retrieved from /home/beatriz/Documentos/airflow/airflow_venv/lib/python3.10/site-packages/airflow/example_dags/plugins/workday.py
[2024-12-09T15:33:27.931-0300] {processor.py:183} INFO - Processing /home/beatriz/Documentos/airflow/airflow_venv/lib/python3.10/site-packages/airflow/example_dags/plugins/workday.py took 0.496 seconds
[2024-12-09T15:34:11.507-0300] {processor.py:161} INFO - Started process (PID=50545) to work on /home/beatriz/Documentos/airflow/airflow_venv/lib/python3.10/site-packages/airflow/example_dags/plugins/workday.py
[2024-12-09T15:34:11.508-0300] {processor.py:830} INFO - Processing file /home/beatriz/Documentos/airflow/airflow_venv/lib/python3.10/site-packages/airflow/example_dags/plugins/workday.py for tasks to queue
[2024-12-09T15:34:11.509-0300] {logging_mixin.py:188} INFO - [2024-12-09T15:34:11.509-0300] {dagbag.py:540} INFO - Filling up the DagBag from /home/beatriz/Documentos/airflow/airflow_venv/lib/python3.10/site-packages/airflow/example_dags/plugins/workday.py
[2024-12-09T15:34:12.138-0300] {processor.py:842} WARNING - No viable dags retrieved from /home/beatriz/Documentos/airflow/airflow_venv/lib/python3.10/site-packages/airflow/example_dags/plugins/workday.py
[2024-12-09T15:34:12.142-0300] {processor.py:183} INFO - Processing /home/beatriz/Documentos/airflow/airflow_venv/lib/python3.10/site-packages/airflow/example_dags/plugins/workday.py took 0.640 seconds
[2024-12-09T15:34:23.995-0300] {processor.py:161} INFO - Started process (PID=50769) to work on /home/beatriz/Documentos/airflow/airflow_venv/lib/python3.10/site-packages/airflow/example_dags/plugins/workday.py
[2024-12-09T15:34:23.996-0300] {processor.py:830} INFO - Processing file /home/beatriz/Documentos/airflow/airflow_venv/lib/python3.10/site-packages/airflow/example_dags/plugins/workday.py for tasks to queue
[2024-12-09T15:34:23.998-0300] {logging_mixin.py:188} INFO - [2024-12-09T15:34:23.998-0300] {dagbag.py:540} INFO - Filling up the DagBag from /home/beatriz/Documentos/airflow/airflow_venv/lib/python3.10/site-packages/airflow/example_dags/plugins/workday.py
[2024-12-09T15:34:24.367-0300] {processor.py:842} WARNING - No viable dags retrieved from /home/beatriz/Documentos/airflow/airflow_venv/lib/python3.10/site-packages/airflow/example_dags/plugins/workday.py
[2024-12-09T15:34:24.372-0300] {processor.py:183} INFO - Processing /home/beatriz/Documentos/airflow/airflow_venv/lib/python3.10/site-packages/airflow/example_dags/plugins/workday.py took 0.387 seconds
[2024-12-09T15:35:15.777-0300] {processor.py:161} INFO - Started process (PID=51158) to work on /home/beatriz/Documentos/airflow/airflow_venv/lib/python3.10/site-packages/airflow/example_dags/plugins/workday.py
[2024-12-09T15:35:15.779-0300] {processor.py:830} INFO - Processing file /home/beatriz/Documentos/airflow/airflow_venv/lib/python3.10/site-packages/airflow/example_dags/plugins/workday.py for tasks to queue
[2024-12-09T15:35:15.781-0300] {logging_mixin.py:188} INFO - [2024-12-09T15:35:15.780-0300] {dagbag.py:540} INFO - Filling up the DagBag from /home/beatriz/Documentos/airflow/airflow_venv/lib/python3.10/site-packages/airflow/example_dags/plugins/workday.py
[2024-12-09T15:35:16.142-0300] {processor.py:842} WARNING - No viable dags retrieved from /home/beatriz/Documentos/airflow/airflow_venv/lib/python3.10/site-packages/airflow/example_dags/plugins/workday.py
[2024-12-09T15:35:16.147-0300] {processor.py:183} INFO - Processing /home/beatriz/Documentos/airflow/airflow_venv/lib/python3.10/site-packages/airflow/example_dags/plugins/workday.py took 0.374 seconds
[2024-12-09T15:36:04.144-0300] {processor.py:161} INFO - Started process (PID=51386) to work on /home/beatriz/Documentos/airflow/airflow_venv/lib/python3.10/site-packages/airflow/example_dags/plugins/workday.py
[2024-12-09T15:36:04.147-0300] {processor.py:830} INFO - Processing file /home/beatriz/Documentos/airflow/airflow_venv/lib/python3.10/site-packages/airflow/example_dags/plugins/workday.py for tasks to queue
[2024-12-09T15:36:04.149-0300] {logging_mixin.py:188} INFO - [2024-12-09T15:36:04.148-0300] {dagbag.py:540} INFO - Filling up the DagBag from /home/beatriz/Documentos/airflow/airflow_venv/lib/python3.10/site-packages/airflow/example_dags/plugins/workday.py
[2024-12-09T15:36:04.537-0300] {processor.py:842} WARNING - No viable dags retrieved from /home/beatriz/Documentos/airflow/airflow_venv/lib/python3.10/site-packages/airflow/example_dags/plugins/workday.py
[2024-12-09T15:36:04.543-0300] {processor.py:183} INFO - Processing /home/beatriz/Documentos/airflow/airflow_venv/lib/python3.10/site-packages/airflow/example_dags/plugins/workday.py took 0.410 seconds
[2024-12-09T15:36:53.298-0300] {processor.py:161} INFO - Started process (PID=51622) to work on /home/beatriz/Documentos/airflow/airflow_venv/lib/python3.10/site-packages/airflow/example_dags/plugins/workday.py
[2024-12-09T15:36:53.299-0300] {processor.py:830} INFO - Processing file /home/beatriz/Documentos/airflow/airflow_venv/lib/python3.10/site-packages/airflow/example_dags/plugins/workday.py for tasks to queue
[2024-12-09T15:36:53.300-0300] {logging_mixin.py:188} INFO - [2024-12-09T15:36:53.300-0300] {dagbag.py:540} INFO - Filling up the DagBag from /home/beatriz/Documentos/airflow/airflow_venv/lib/python3.10/site-packages/airflow/example_dags/plugins/workday.py
[2024-12-09T15:36:53.703-0300] {processor.py:842} WARNING - No viable dags retrieved from /home/beatriz/Documentos/airflow/airflow_venv/lib/python3.10/site-packages/airflow/example_dags/plugins/workday.py
[2024-12-09T15:36:53.713-0300] {processor.py:183} INFO - Processing /home/beatriz/Documentos/airflow/airflow_venv/lib/python3.10/site-packages/airflow/example_dags/plugins/workday.py took 0.420 seconds
[2024-12-09T15:43:04.252-0300] {processor.py:161} INFO - Started process (PID=5898) to work on /home/beatriz/Documentos/airflow/airflow_venv/lib/python3.10/site-packages/airflow/example_dags/plugins/workday.py
[2024-12-09T15:43:04.253-0300] {processor.py:830} INFO - Processing file /home/beatriz/Documentos/airflow/airflow_venv/lib/python3.10/site-packages/airflow/example_dags/plugins/workday.py for tasks to queue
[2024-12-09T15:43:04.255-0300] {logging_mixin.py:188} INFO - [2024-12-09T15:43:04.255-0300] {dagbag.py:540} INFO - Filling up the DagBag from /home/beatriz/Documentos/airflow/airflow_venv/lib/python3.10/site-packages/airflow/example_dags/plugins/workday.py
[2024-12-09T15:43:04.733-0300] {processor.py:842} WARNING - No viable dags retrieved from /home/beatriz/Documentos/airflow/airflow_venv/lib/python3.10/site-packages/airflow/example_dags/plugins/workday.py
[2024-12-09T15:43:04.738-0300] {processor.py:183} INFO - Processing /home/beatriz/Documentos/airflow/airflow_venv/lib/python3.10/site-packages/airflow/example_dags/plugins/workday.py took 0.490 seconds
[2024-12-09T15:44:03.894-0300] {processor.py:161} INFO - Started process (PID=6327) to work on /home/beatriz/Documentos/airflow/airflow_venv/lib/python3.10/site-packages/airflow/example_dags/plugins/workday.py
[2024-12-09T15:44:03.896-0300] {processor.py:830} INFO - Processing file /home/beatriz/Documentos/airflow/airflow_venv/lib/python3.10/site-packages/airflow/example_dags/plugins/workday.py for tasks to queue
[2024-12-09T15:44:03.897-0300] {logging_mixin.py:188} INFO - [2024-12-09T15:44:03.897-0300] {dagbag.py:540} INFO - Filling up the DagBag from /home/beatriz/Documentos/airflow/airflow_venv/lib/python3.10/site-packages/airflow/example_dags/plugins/workday.py
[2024-12-09T15:44:04.415-0300] {processor.py:842} WARNING - No viable dags retrieved from /home/beatriz/Documentos/airflow/airflow_venv/lib/python3.10/site-packages/airflow/example_dags/plugins/workday.py
[2024-12-09T15:44:04.422-0300] {processor.py:183} INFO - Processing /home/beatriz/Documentos/airflow/airflow_venv/lib/python3.10/site-packages/airflow/example_dags/plugins/workday.py took 0.533 seconds
[2024-12-09T15:50:21.415-0300] {processor.py:161} INFO - Started process (PID=7576) to work on /home/beatriz/Documentos/airflow/airflow_venv/lib/python3.10/site-packages/airflow/example_dags/plugins/workday.py
[2024-12-09T15:50:21.417-0300] {processor.py:830} INFO - Processing file /home/beatriz/Documentos/airflow/airflow_venv/lib/python3.10/site-packages/airflow/example_dags/plugins/workday.py for tasks to queue
[2024-12-09T15:50:21.418-0300] {logging_mixin.py:188} INFO - [2024-12-09T15:50:21.418-0300] {dagbag.py:540} INFO - Filling up the DagBag from /home/beatriz/Documentos/airflow/airflow_venv/lib/python3.10/site-packages/airflow/example_dags/plugins/workday.py
[2024-12-09T15:50:21.788-0300] {processor.py:842} WARNING - No viable dags retrieved from /home/beatriz/Documentos/airflow/airflow_venv/lib/python3.10/site-packages/airflow/example_dags/plugins/workday.py
[2024-12-09T15:50:21.793-0300] {processor.py:183} INFO - Processing /home/beatriz/Documentos/airflow/airflow_venv/lib/python3.10/site-packages/airflow/example_dags/plugins/workday.py took 0.382 seconds
[2024-12-09T15:51:18.315-0300] {processor.py:161} INFO - Started process (PID=8439) to work on /home/beatriz/Documentos/airflow/airflow_venv/lib/python3.10/site-packages/airflow/example_dags/plugins/workday.py
[2024-12-09T15:51:18.318-0300] {processor.py:830} INFO - Processing file /home/beatriz/Documentos/airflow/airflow_venv/lib/python3.10/site-packages/airflow/example_dags/plugins/workday.py for tasks to queue
[2024-12-09T15:51:18.322-0300] {logging_mixin.py:188} INFO - [2024-12-09T15:51:18.321-0300] {dagbag.py:540} INFO - Filling up the DagBag from /home/beatriz/Documentos/airflow/airflow_venv/lib/python3.10/site-packages/airflow/example_dags/plugins/workday.py
[2024-12-09T15:51:18.720-0300] {processor.py:842} WARNING - No viable dags retrieved from /home/beatriz/Documentos/airflow/airflow_venv/lib/python3.10/site-packages/airflow/example_dags/plugins/workday.py
[2024-12-09T15:51:18.725-0300] {processor.py:183} INFO - Processing /home/beatriz/Documentos/airflow/airflow_venv/lib/python3.10/site-packages/airflow/example_dags/plugins/workday.py took 0.421 seconds
[2024-12-09T15:52:21.377-0300] {processor.py:161} INFO - Started process (PID=8801) to work on /home/beatriz/Documentos/airflow/airflow_venv/lib/python3.10/site-packages/airflow/example_dags/plugins/workday.py
[2024-12-09T15:52:21.379-0300] {processor.py:830} INFO - Processing file /home/beatriz/Documentos/airflow/airflow_venv/lib/python3.10/site-packages/airflow/example_dags/plugins/workday.py for tasks to queue
[2024-12-09T15:52:21.382-0300] {logging_mixin.py:188} INFO - [2024-12-09T15:52:21.382-0300] {dagbag.py:540} INFO - Filling up the DagBag from /home/beatriz/Documentos/airflow/airflow_venv/lib/python3.10/site-packages/airflow/example_dags/plugins/workday.py
[2024-12-09T15:52:21.994-0300] {processor.py:842} WARNING - No viable dags retrieved from /home/beatriz/Documentos/airflow/airflow_venv/lib/python3.10/site-packages/airflow/example_dags/plugins/workday.py
[2024-12-09T15:52:22.004-0300] {processor.py:183} INFO - Processing /home/beatriz/Documentos/airflow/airflow_venv/lib/python3.10/site-packages/airflow/example_dags/plugins/workday.py took 0.637 seconds
[2024-12-09T15:53:15.292-0300] {processor.py:161} INFO - Started process (PID=9256) to work on /home/beatriz/Documentos/airflow/airflow_venv/lib/python3.10/site-packages/airflow/example_dags/plugins/workday.py
[2024-12-09T15:53:15.295-0300] {processor.py:830} INFO - Processing file /home/beatriz/Documentos/airflow/airflow_venv/lib/python3.10/site-packages/airflow/example_dags/plugins/workday.py for tasks to queue
[2024-12-09T15:53:15.298-0300] {logging_mixin.py:188} INFO - [2024-12-09T15:53:15.297-0300] {dagbag.py:540} INFO - Filling up the DagBag from /home/beatriz/Documentos/airflow/airflow_venv/lib/python3.10/site-packages/airflow/example_dags/plugins/workday.py
[2024-12-09T15:53:15.690-0300] {processor.py:842} WARNING - No viable dags retrieved from /home/beatriz/Documentos/airflow/airflow_venv/lib/python3.10/site-packages/airflow/example_dags/plugins/workday.py
[2024-12-09T15:53:15.695-0300] {processor.py:183} INFO - Processing /home/beatriz/Documentos/airflow/airflow_venv/lib/python3.10/site-packages/airflow/example_dags/plugins/workday.py took 0.415 seconds
[2024-12-09T15:54:12.890-0300] {processor.py:161} INFO - Started process (PID=9691) to work on /home/beatriz/Documentos/airflow/airflow_venv/lib/python3.10/site-packages/airflow/example_dags/plugins/workday.py
[2024-12-09T15:54:12.892-0300] {processor.py:830} INFO - Processing file /home/beatriz/Documentos/airflow/airflow_venv/lib/python3.10/site-packages/airflow/example_dags/plugins/workday.py for tasks to queue
[2024-12-09T15:54:12.894-0300] {logging_mixin.py:188} INFO - [2024-12-09T15:54:12.894-0300] {dagbag.py:540} INFO - Filling up the DagBag from /home/beatriz/Documentos/airflow/airflow_venv/lib/python3.10/site-packages/airflow/example_dags/plugins/workday.py
[2024-12-09T15:54:13.174-0300] {processor.py:842} WARNING - No viable dags retrieved from /home/beatriz/Documentos/airflow/airflow_venv/lib/python3.10/site-packages/airflow/example_dags/plugins/workday.py
[2024-12-09T15:54:13.179-0300] {processor.py:183} INFO - Processing /home/beatriz/Documentos/airflow/airflow_venv/lib/python3.10/site-packages/airflow/example_dags/plugins/workday.py took 0.293 seconds
[2024-12-09T15:55:13.079-0300] {processor.py:161} INFO - Started process (PID=10666) to work on /home/beatriz/Documentos/airflow/airflow_venv/lib/python3.10/site-packages/airflow/example_dags/plugins/workday.py
[2024-12-09T15:55:13.081-0300] {processor.py:830} INFO - Processing file /home/beatriz/Documentos/airflow/airflow_venv/lib/python3.10/site-packages/airflow/example_dags/plugins/workday.py for tasks to queue
[2024-12-09T15:55:13.082-0300] {logging_mixin.py:188} INFO - [2024-12-09T15:55:13.082-0300] {dagbag.py:540} INFO - Filling up the DagBag from /home/beatriz/Documentos/airflow/airflow_venv/lib/python3.10/site-packages/airflow/example_dags/plugins/workday.py
[2024-12-09T15:55:13.433-0300] {processor.py:842} WARNING - No viable dags retrieved from /home/beatriz/Documentos/airflow/airflow_venv/lib/python3.10/site-packages/airflow/example_dags/plugins/workday.py
[2024-12-09T15:55:13.438-0300] {processor.py:183} INFO - Processing /home/beatriz/Documentos/airflow/airflow_venv/lib/python3.10/site-packages/airflow/example_dags/plugins/workday.py took 0.363 seconds
[2024-12-09T15:56:26.325-0300] {processor.py:161} INFO - Started process (PID=11420) to work on /home/beatriz/Documentos/airflow/airflow_venv/lib/python3.10/site-packages/airflow/example_dags/plugins/workday.py
[2024-12-09T15:56:26.327-0300] {processor.py:830} INFO - Processing file /home/beatriz/Documentos/airflow/airflow_venv/lib/python3.10/site-packages/airflow/example_dags/plugins/workday.py for tasks to queue
[2024-12-09T15:56:26.328-0300] {logging_mixin.py:188} INFO - [2024-12-09T15:56:26.328-0300] {dagbag.py:540} INFO - Filling up the DagBag from /home/beatriz/Documentos/airflow/airflow_venv/lib/python3.10/site-packages/airflow/example_dags/plugins/workday.py
[2024-12-09T15:56:26.697-0300] {processor.py:842} WARNING - No viable dags retrieved from /home/beatriz/Documentos/airflow/airflow_venv/lib/python3.10/site-packages/airflow/example_dags/plugins/workday.py
[2024-12-09T15:56:26.702-0300] {processor.py:183} INFO - Processing /home/beatriz/Documentos/airflow/airflow_venv/lib/python3.10/site-packages/airflow/example_dags/plugins/workday.py took 0.382 seconds
[2024-12-09T15:57:26.810-0300] {processor.py:161} INFO - Started process (PID=12332) to work on /home/beatriz/Documentos/airflow/airflow_venv/lib/python3.10/site-packages/airflow/example_dags/plugins/workday.py
[2024-12-09T15:57:26.811-0300] {processor.py:830} INFO - Processing file /home/beatriz/Documentos/airflow/airflow_venv/lib/python3.10/site-packages/airflow/example_dags/plugins/workday.py for tasks to queue
[2024-12-09T15:57:26.812-0300] {logging_mixin.py:188} INFO - [2024-12-09T15:57:26.812-0300] {dagbag.py:540} INFO - Filling up the DagBag from /home/beatriz/Documentos/airflow/airflow_venv/lib/python3.10/site-packages/airflow/example_dags/plugins/workday.py
[2024-12-09T15:57:27.262-0300] {processor.py:842} WARNING - No viable dags retrieved from /home/beatriz/Documentos/airflow/airflow_venv/lib/python3.10/site-packages/airflow/example_dags/plugins/workday.py
[2024-12-09T15:57:27.268-0300] {processor.py:183} INFO - Processing /home/beatriz/Documentos/airflow/airflow_venv/lib/python3.10/site-packages/airflow/example_dags/plugins/workday.py took 0.464 seconds
[2024-12-09T15:59:58.955-0300] {processor.py:161} INFO - Started process (PID=15983) to work on /home/beatriz/Documentos/airflow/airflow_venv/lib/python3.10/site-packages/airflow/example_dags/plugins/workday.py
[2024-12-09T15:59:58.958-0300] {processor.py:830} INFO - Processing file /home/beatriz/Documentos/airflow/airflow_venv/lib/python3.10/site-packages/airflow/example_dags/plugins/workday.py for tasks to queue
[2024-12-09T15:59:58.959-0300] {logging_mixin.py:188} INFO - [2024-12-09T15:59:58.959-0300] {dagbag.py:540} INFO - Filling up the DagBag from /home/beatriz/Documentos/airflow/airflow_venv/lib/python3.10/site-packages/airflow/example_dags/plugins/workday.py
[2024-12-09T15:59:59.363-0300] {processor.py:842} WARNING - No viable dags retrieved from /home/beatriz/Documentos/airflow/airflow_venv/lib/python3.10/site-packages/airflow/example_dags/plugins/workday.py
[2024-12-09T15:59:59.371-0300] {processor.py:183} INFO - Processing /home/beatriz/Documentos/airflow/airflow_venv/lib/python3.10/site-packages/airflow/example_dags/plugins/workday.py took 0.422 seconds
[2024-12-09T16:00:37.108-0300] {processor.py:161} INFO - Started process (PID=16517) to work on /home/beatriz/Documentos/airflow/airflow_venv/lib/python3.10/site-packages/airflow/example_dags/plugins/workday.py
[2024-12-09T16:00:37.111-0300] {processor.py:830} INFO - Processing file /home/beatriz/Documentos/airflow/airflow_venv/lib/python3.10/site-packages/airflow/example_dags/plugins/workday.py for tasks to queue
[2024-12-09T16:00:37.114-0300] {logging_mixin.py:188} INFO - [2024-12-09T16:00:37.113-0300] {dagbag.py:540} INFO - Filling up the DagBag from /home/beatriz/Documentos/airflow/airflow_venv/lib/python3.10/site-packages/airflow/example_dags/plugins/workday.py
[2024-12-09T16:00:37.449-0300] {processor.py:842} WARNING - No viable dags retrieved from /home/beatriz/Documentos/airflow/airflow_venv/lib/python3.10/site-packages/airflow/example_dags/plugins/workday.py
[2024-12-09T16:00:37.453-0300] {processor.py:183} INFO - Processing /home/beatriz/Documentos/airflow/airflow_venv/lib/python3.10/site-packages/airflow/example_dags/plugins/workday.py took 0.353 seconds
[2024-12-09T16:28:10.782-0300] {processor.py:161} INFO - Started process (PID=19869) to work on /home/beatriz/Documentos/airflow/airflow_venv/lib/python3.10/site-packages/airflow/example_dags/plugins/workday.py
[2024-12-09T16:28:10.783-0300] {processor.py:830} INFO - Processing file /home/beatriz/Documentos/airflow/airflow_venv/lib/python3.10/site-packages/airflow/example_dags/plugins/workday.py for tasks to queue
[2024-12-09T16:28:10.784-0300] {logging_mixin.py:188} INFO - [2024-12-09T16:28:10.784-0300] {dagbag.py:540} INFO - Filling up the DagBag from /home/beatriz/Documentos/airflow/airflow_venv/lib/python3.10/site-packages/airflow/example_dags/plugins/workday.py
[2024-12-09T16:28:11.211-0300] {processor.py:842} WARNING - No viable dags retrieved from /home/beatriz/Documentos/airflow/airflow_venv/lib/python3.10/site-packages/airflow/example_dags/plugins/workday.py
[2024-12-09T16:28:11.217-0300] {processor.py:183} INFO - Processing /home/beatriz/Documentos/airflow/airflow_venv/lib/python3.10/site-packages/airflow/example_dags/plugins/workday.py took 0.440 seconds
[2024-12-09T16:29:15.602-0300] {processor.py:161} INFO - Started process (PID=21147) to work on /home/beatriz/Documentos/airflow/airflow_venv/lib/python3.10/site-packages/airflow/example_dags/plugins/workday.py
[2024-12-09T16:29:15.605-0300] {processor.py:830} INFO - Processing file /home/beatriz/Documentos/airflow/airflow_venv/lib/python3.10/site-packages/airflow/example_dags/plugins/workday.py for tasks to queue
[2024-12-09T16:29:15.606-0300] {logging_mixin.py:188} INFO - [2024-12-09T16:29:15.606-0300] {dagbag.py:540} INFO - Filling up the DagBag from /home/beatriz/Documentos/airflow/airflow_venv/lib/python3.10/site-packages/airflow/example_dags/plugins/workday.py
[2024-12-09T16:29:15.951-0300] {processor.py:842} WARNING - No viable dags retrieved from /home/beatriz/Documentos/airflow/airflow_venv/lib/python3.10/site-packages/airflow/example_dags/plugins/workday.py
[2024-12-09T16:29:15.955-0300] {processor.py:183} INFO - Processing /home/beatriz/Documentos/airflow/airflow_venv/lib/python3.10/site-packages/airflow/example_dags/plugins/workday.py took 0.357 seconds
[2024-12-09T16:30:10.391-0300] {processor.py:161} INFO - Started process (PID=21754) to work on /home/beatriz/Documentos/airflow/airflow_venv/lib/python3.10/site-packages/airflow/example_dags/plugins/workday.py
[2024-12-09T16:30:10.394-0300] {processor.py:830} INFO - Processing file /home/beatriz/Documentos/airflow/airflow_venv/lib/python3.10/site-packages/airflow/example_dags/plugins/workday.py for tasks to queue
[2024-12-09T16:30:10.395-0300] {logging_mixin.py:188} INFO - [2024-12-09T16:30:10.395-0300] {dagbag.py:540} INFO - Filling up the DagBag from /home/beatriz/Documentos/airflow/airflow_venv/lib/python3.10/site-packages/airflow/example_dags/plugins/workday.py
[2024-12-09T16:30:10.731-0300] {processor.py:842} WARNING - No viable dags retrieved from /home/beatriz/Documentos/airflow/airflow_venv/lib/python3.10/site-packages/airflow/example_dags/plugins/workday.py
[2024-12-09T16:30:10.737-0300] {processor.py:183} INFO - Processing /home/beatriz/Documentos/airflow/airflow_venv/lib/python3.10/site-packages/airflow/example_dags/plugins/workday.py took 0.352 seconds
[2024-12-09T16:46:41.992-0300] {processor.py:161} INFO - Started process (PID=23824) to work on /home/beatriz/Documentos/airflow/airflow_venv/lib/python3.10/site-packages/airflow/example_dags/plugins/workday.py
[2024-12-09T16:46:41.995-0300] {processor.py:830} INFO - Processing file /home/beatriz/Documentos/airflow/airflow_venv/lib/python3.10/site-packages/airflow/example_dags/plugins/workday.py for tasks to queue
[2024-12-09T16:46:41.996-0300] {logging_mixin.py:188} INFO - [2024-12-09T16:46:41.996-0300] {dagbag.py:540} INFO - Filling up the DagBag from /home/beatriz/Documentos/airflow/airflow_venv/lib/python3.10/site-packages/airflow/example_dags/plugins/workday.py
[2024-12-09T16:46:42.375-0300] {processor.py:842} WARNING - No viable dags retrieved from /home/beatriz/Documentos/airflow/airflow_venv/lib/python3.10/site-packages/airflow/example_dags/plugins/workday.py
[2024-12-09T16:46:42.379-0300] {processor.py:183} INFO - Processing /home/beatriz/Documentos/airflow/airflow_venv/lib/python3.10/site-packages/airflow/example_dags/plugins/workday.py took 0.391 seconds
[2024-12-09T16:47:41.053-0300] {processor.py:161} INFO - Started process (PID=24576) to work on /home/beatriz/Documentos/airflow/airflow_venv/lib/python3.10/site-packages/airflow/example_dags/plugins/workday.py
[2024-12-09T16:47:41.055-0300] {processor.py:830} INFO - Processing file /home/beatriz/Documentos/airflow/airflow_venv/lib/python3.10/site-packages/airflow/example_dags/plugins/workday.py for tasks to queue
[2024-12-09T16:47:41.056-0300] {logging_mixin.py:188} INFO - [2024-12-09T16:47:41.055-0300] {dagbag.py:540} INFO - Filling up the DagBag from /home/beatriz/Documentos/airflow/airflow_venv/lib/python3.10/site-packages/airflow/example_dags/plugins/workday.py
[2024-12-09T16:47:41.963-0300] {processor.py:842} WARNING - No viable dags retrieved from /home/beatriz/Documentos/airflow/airflow_venv/lib/python3.10/site-packages/airflow/example_dags/plugins/workday.py
[2024-12-09T16:47:41.972-0300] {processor.py:183} INFO - Processing /home/beatriz/Documentos/airflow/airflow_venv/lib/python3.10/site-packages/airflow/example_dags/plugins/workday.py took 0.924 seconds
[2024-12-09T16:48:35.069-0300] {processor.py:161} INFO - Started process (PID=24964) to work on /home/beatriz/Documentos/airflow/airflow_venv/lib/python3.10/site-packages/airflow/example_dags/plugins/workday.py
[2024-12-09T16:48:35.072-0300] {processor.py:830} INFO - Processing file /home/beatriz/Documentos/airflow/airflow_venv/lib/python3.10/site-packages/airflow/example_dags/plugins/workday.py for tasks to queue
[2024-12-09T16:48:35.074-0300] {logging_mixin.py:188} INFO - [2024-12-09T16:48:35.073-0300] {dagbag.py:540} INFO - Filling up the DagBag from /home/beatriz/Documentos/airflow/airflow_venv/lib/python3.10/site-packages/airflow/example_dags/plugins/workday.py
[2024-12-09T16:48:35.775-0300] {processor.py:842} WARNING - No viable dags retrieved from /home/beatriz/Documentos/airflow/airflow_venv/lib/python3.10/site-packages/airflow/example_dags/plugins/workday.py
[2024-12-09T16:48:35.781-0300] {processor.py:183} INFO - Processing /home/beatriz/Documentos/airflow/airflow_venv/lib/python3.10/site-packages/airflow/example_dags/plugins/workday.py took 0.725 seconds
[2024-12-09T16:49:20.473-0300] {processor.py:161} INFO - Started process (PID=25179) to work on /home/beatriz/Documentos/airflow/airflow_venv/lib/python3.10/site-packages/airflow/example_dags/plugins/workday.py
[2024-12-09T16:49:20.476-0300] {processor.py:830} INFO - Processing file /home/beatriz/Documentos/airflow/airflow_venv/lib/python3.10/site-packages/airflow/example_dags/plugins/workday.py for tasks to queue
[2024-12-09T16:49:20.477-0300] {logging_mixin.py:188} INFO - [2024-12-09T16:49:20.477-0300] {dagbag.py:540} INFO - Filling up the DagBag from /home/beatriz/Documentos/airflow/airflow_venv/lib/python3.10/site-packages/airflow/example_dags/plugins/workday.py
[2024-12-09T16:49:20.792-0300] {processor.py:842} WARNING - No viable dags retrieved from /home/beatriz/Documentos/airflow/airflow_venv/lib/python3.10/site-packages/airflow/example_dags/plugins/workday.py
[2024-12-09T16:49:20.799-0300] {processor.py:183} INFO - Processing /home/beatriz/Documentos/airflow/airflow_venv/lib/python3.10/site-packages/airflow/example_dags/plugins/workday.py took 0.339 seconds
[2024-12-09T16:50:04.453-0300] {processor.py:161} INFO - Started process (PID=25533) to work on /home/beatriz/Documentos/airflow/airflow_venv/lib/python3.10/site-packages/airflow/example_dags/plugins/workday.py
[2024-12-09T16:50:04.456-0300] {processor.py:830} INFO - Processing file /home/beatriz/Documentos/airflow/airflow_venv/lib/python3.10/site-packages/airflow/example_dags/plugins/workday.py for tasks to queue
[2024-12-09T16:50:04.460-0300] {logging_mixin.py:188} INFO - [2024-12-09T16:50:04.458-0300] {dagbag.py:540} INFO - Filling up the DagBag from /home/beatriz/Documentos/airflow/airflow_venv/lib/python3.10/site-packages/airflow/example_dags/plugins/workday.py
[2024-12-09T16:50:05.279-0300] {processor.py:842} WARNING - No viable dags retrieved from /home/beatriz/Documentos/airflow/airflow_venv/lib/python3.10/site-packages/airflow/example_dags/plugins/workday.py
[2024-12-09T16:50:05.288-0300] {processor.py:183} INFO - Processing /home/beatriz/Documentos/airflow/airflow_venv/lib/python3.10/site-packages/airflow/example_dags/plugins/workday.py took 0.851 seconds
[2024-12-09T16:50:57.431-0300] {processor.py:161} INFO - Started process (PID=26102) to work on /home/beatriz/Documentos/airflow/airflow_venv/lib/python3.10/site-packages/airflow/example_dags/plugins/workday.py
[2024-12-09T16:50:57.432-0300] {processor.py:830} INFO - Processing file /home/beatriz/Documentos/airflow/airflow_venv/lib/python3.10/site-packages/airflow/example_dags/plugins/workday.py for tasks to queue
[2024-12-09T16:50:57.434-0300] {logging_mixin.py:188} INFO - [2024-12-09T16:50:57.433-0300] {dagbag.py:540} INFO - Filling up the DagBag from /home/beatriz/Documentos/airflow/airflow_venv/lib/python3.10/site-packages/airflow/example_dags/plugins/workday.py
[2024-12-09T16:50:58.440-0300] {processor.py:842} WARNING - No viable dags retrieved from /home/beatriz/Documentos/airflow/airflow_venv/lib/python3.10/site-packages/airflow/example_dags/plugins/workday.py
[2024-12-09T16:50:58.446-0300] {processor.py:183} INFO - Processing /home/beatriz/Documentos/airflow/airflow_venv/lib/python3.10/site-packages/airflow/example_dags/plugins/workday.py took 1.027 seconds
[2024-12-09T16:51:58.762-0300] {processor.py:161} INFO - Started process (PID=26953) to work on /home/beatriz/Documentos/airflow/airflow_venv/lib/python3.10/site-packages/airflow/example_dags/plugins/workday.py
[2024-12-09T16:51:58.764-0300] {processor.py:830} INFO - Processing file /home/beatriz/Documentos/airflow/airflow_venv/lib/python3.10/site-packages/airflow/example_dags/plugins/workday.py for tasks to queue
[2024-12-09T16:51:58.766-0300] {logging_mixin.py:188} INFO - [2024-12-09T16:51:58.765-0300] {dagbag.py:540} INFO - Filling up the DagBag from /home/beatriz/Documentos/airflow/airflow_venv/lib/python3.10/site-packages/airflow/example_dags/plugins/workday.py
[2024-12-09T16:51:59.797-0300] {processor.py:842} WARNING - No viable dags retrieved from /home/beatriz/Documentos/airflow/airflow_venv/lib/python3.10/site-packages/airflow/example_dags/plugins/workday.py
[2024-12-09T16:51:59.809-0300] {processor.py:183} INFO - Processing /home/beatriz/Documentos/airflow/airflow_venv/lib/python3.10/site-packages/airflow/example_dags/plugins/workday.py took 1.058 seconds
[2024-12-09T16:52:53.765-0300] {processor.py:161} INFO - Started process (PID=27369) to work on /home/beatriz/Documentos/airflow/airflow_venv/lib/python3.10/site-packages/airflow/example_dags/plugins/workday.py
[2024-12-09T16:52:53.770-0300] {processor.py:830} INFO - Processing file /home/beatriz/Documentos/airflow/airflow_venv/lib/python3.10/site-packages/airflow/example_dags/plugins/workday.py for tasks to queue
[2024-12-09T16:52:53.772-0300] {logging_mixin.py:188} INFO - [2024-12-09T16:52:53.771-0300] {dagbag.py:540} INFO - Filling up the DagBag from /home/beatriz/Documentos/airflow/airflow_venv/lib/python3.10/site-packages/airflow/example_dags/plugins/workday.py
[2024-12-09T16:52:54.889-0300] {processor.py:842} WARNING - No viable dags retrieved from /home/beatriz/Documentos/airflow/airflow_venv/lib/python3.10/site-packages/airflow/example_dags/plugins/workday.py
[2024-12-09T16:52:54.906-0300] {processor.py:183} INFO - Processing /home/beatriz/Documentos/airflow/airflow_venv/lib/python3.10/site-packages/airflow/example_dags/plugins/workday.py took 1.154 seconds
[2024-12-09T16:53:50.146-0300] {processor.py:161} INFO - Started process (PID=27785) to work on /home/beatriz/Documentos/airflow/airflow_venv/lib/python3.10/site-packages/airflow/example_dags/plugins/workday.py
[2024-12-09T16:53:50.147-0300] {processor.py:830} INFO - Processing file /home/beatriz/Documentos/airflow/airflow_venv/lib/python3.10/site-packages/airflow/example_dags/plugins/workday.py for tasks to queue
[2024-12-09T16:53:50.148-0300] {logging_mixin.py:188} INFO - [2024-12-09T16:53:50.147-0300] {dagbag.py:540} INFO - Filling up the DagBag from /home/beatriz/Documentos/airflow/airflow_venv/lib/python3.10/site-packages/airflow/example_dags/plugins/workday.py
[2024-12-09T16:53:51.011-0300] {processor.py:842} WARNING - No viable dags retrieved from /home/beatriz/Documentos/airflow/airflow_venv/lib/python3.10/site-packages/airflow/example_dags/plugins/workday.py
[2024-12-09T16:53:51.017-0300] {processor.py:183} INFO - Processing /home/beatriz/Documentos/airflow/airflow_venv/lib/python3.10/site-packages/airflow/example_dags/plugins/workday.py took 0.876 seconds
[2024-12-09T16:55:00.337-0300] {processor.py:161} INFO - Started process (PID=28429) to work on /home/beatriz/Documentos/airflow/airflow_venv/lib/python3.10/site-packages/airflow/example_dags/plugins/workday.py
[2024-12-09T16:55:00.347-0300] {processor.py:830} INFO - Processing file /home/beatriz/Documentos/airflow/airflow_venv/lib/python3.10/site-packages/airflow/example_dags/plugins/workday.py for tasks to queue
[2024-12-09T16:55:00.364-0300] {logging_mixin.py:188} INFO - [2024-12-09T16:55:00.349-0300] {dagbag.py:540} INFO - Filling up the DagBag from /home/beatriz/Documentos/airflow/airflow_venv/lib/python3.10/site-packages/airflow/example_dags/plugins/workday.py
[2024-12-09T16:55:02.833-0300] {processor.py:842} WARNING - No viable dags retrieved from /home/beatriz/Documentos/airflow/airflow_venv/lib/python3.10/site-packages/airflow/example_dags/plugins/workday.py
[2024-12-09T16:55:02.869-0300] {processor.py:183} INFO - Processing /home/beatriz/Documentos/airflow/airflow_venv/lib/python3.10/site-packages/airflow/example_dags/plugins/workday.py took 2.546 seconds
[2024-12-09T16:56:23.546-0300] {processor.py:161} INFO - Started process (PID=28830) to work on /home/beatriz/Documentos/airflow/airflow_venv/lib/python3.10/site-packages/airflow/example_dags/plugins/workday.py
[2024-12-09T16:56:23.596-0300] {processor.py:830} INFO - Processing file /home/beatriz/Documentos/airflow/airflow_venv/lib/python3.10/site-packages/airflow/example_dags/plugins/workday.py for tasks to queue
[2024-12-09T16:56:23.691-0300] {logging_mixin.py:188} INFO - [2024-12-09T16:56:23.598-0300] {dagbag.py:540} INFO - Filling up the DagBag from /home/beatriz/Documentos/airflow/airflow_venv/lib/python3.10/site-packages/airflow/example_dags/plugins/workday.py
[2024-12-09T16:56:31.999-0300] {processor.py:842} WARNING - No viable dags retrieved from /home/beatriz/Documentos/airflow/airflow_venv/lib/python3.10/site-packages/airflow/example_dags/plugins/workday.py
[2024-12-09T16:56:32.057-0300] {processor.py:183} INFO - Processing /home/beatriz/Documentos/airflow/airflow_venv/lib/python3.10/site-packages/airflow/example_dags/plugins/workday.py took 8.579 seconds
[2024-12-09T16:57:39.586-0300] {processor.py:161} INFO - Started process (PID=29129) to work on /home/beatriz/Documentos/airflow/airflow_venv/lib/python3.10/site-packages/airflow/example_dags/plugins/workday.py
[2024-12-09T16:57:39.608-0300] {processor.py:830} INFO - Processing file /home/beatriz/Documentos/airflow/airflow_venv/lib/python3.10/site-packages/airflow/example_dags/plugins/workday.py for tasks to queue
[2024-12-09T16:57:39.633-0300] {logging_mixin.py:188} INFO - [2024-12-09T16:57:39.610-0300] {dagbag.py:540} INFO - Filling up the DagBag from /home/beatriz/Documentos/airflow/airflow_venv/lib/python3.10/site-packages/airflow/example_dags/plugins/workday.py
[2024-12-09T16:57:49.976-0300] {processor.py:842} WARNING - No viable dags retrieved from /home/beatriz/Documentos/airflow/airflow_venv/lib/python3.10/site-packages/airflow/example_dags/plugins/workday.py
[2024-12-09T16:57:50.238-0300] {processor.py:183} INFO - Processing /home/beatriz/Documentos/airflow/airflow_venv/lib/python3.10/site-packages/airflow/example_dags/plugins/workday.py took 10.691 seconds
[2024-12-09T17:01:12.028-0300] {processor.py:161} INFO - Started process (PID=29541) to work on /home/beatriz/Documentos/airflow/airflow_venv/lib/python3.10/site-packages/airflow/example_dags/plugins/workday.py
[2024-12-09T17:01:12.043-0300] {processor.py:830} INFO - Processing file /home/beatriz/Documentos/airflow/airflow_venv/lib/python3.10/site-packages/airflow/example_dags/plugins/workday.py for tasks to queue
[2024-12-09T17:01:12.151-0300] {logging_mixin.py:188} INFO - [2024-12-09T17:01:12.044-0300] {dagbag.py:540} INFO - Filling up the DagBag from /home/beatriz/Documentos/airflow/airflow_venv/lib/python3.10/site-packages/airflow/example_dags/plugins/workday.py
[2024-12-09T17:01:42.700-0300] {logging_mixin.py:188} INFO - [2024-12-09T17:01:42.581-0300] {timeout.py:68} ERROR - Process timed out, PID: 29541
[2024-12-09T17:03:37.411-0300] {processor.py:161} INFO - Started process (PID=29828) to work on /home/beatriz/Documentos/airflow/airflow_venv/lib/python3.10/site-packages/airflow/example_dags/plugins/workday.py
[2024-12-09T17:03:37.429-0300] {processor.py:830} INFO - Processing file /home/beatriz/Documentos/airflow/airflow_venv/lib/python3.10/site-packages/airflow/example_dags/plugins/workday.py for tasks to queue
[2024-12-09T17:03:37.481-0300] {logging_mixin.py:188} INFO - [2024-12-09T17:03:37.431-0300] {dagbag.py:540} INFO - Filling up the DagBag from /home/beatriz/Documentos/airflow/airflow_venv/lib/python3.10/site-packages/airflow/example_dags/plugins/workday.py
[2024-12-09T17:03:44.652-0300] {processor.py:842} WARNING - No viable dags retrieved from /home/beatriz/Documentos/airflow/airflow_venv/lib/python3.10/site-packages/airflow/example_dags/plugins/workday.py
[2024-12-09T17:03:44.709-0300] {processor.py:183} INFO - Processing /home/beatriz/Documentos/airflow/airflow_venv/lib/python3.10/site-packages/airflow/example_dags/plugins/workday.py took 7.335 seconds
[2024-12-09T17:04:59.151-0300] {processor.py:161} INFO - Started process (PID=30205) to work on /home/beatriz/Documentos/airflow/airflow_venv/lib/python3.10/site-packages/airflow/example_dags/plugins/workday.py
[2024-12-09T17:04:59.207-0300] {processor.py:830} INFO - Processing file /home/beatriz/Documentos/airflow/airflow_venv/lib/python3.10/site-packages/airflow/example_dags/plugins/workday.py for tasks to queue
[2024-12-09T17:04:59.270-0300] {logging_mixin.py:188} INFO - [2024-12-09T17:04:59.210-0300] {dagbag.py:540} INFO - Filling up the DagBag from /home/beatriz/Documentos/airflow/airflow_venv/lib/python3.10/site-packages/airflow/example_dags/plugins/workday.py
[2024-12-09T17:05:03.165-0300] {processor.py:842} WARNING - No viable dags retrieved from /home/beatriz/Documentos/airflow/airflow_venv/lib/python3.10/site-packages/airflow/example_dags/plugins/workday.py
[2024-12-09T17:05:03.191-0300] {processor.py:183} INFO - Processing /home/beatriz/Documentos/airflow/airflow_venv/lib/python3.10/site-packages/airflow/example_dags/plugins/workday.py took 4.073 seconds
